[2025-05-20T02:38:36.439+0000] {local_task_job_runner.py:123} INFO - ::group::Pre task execution logs
[2025-05-20T02:38:36.523+0000] {taskinstance.py:2614} INFO - Dependencies all met for dep_context=non-requeueable deps ti=<TaskInstance: etl_csv_pipeline_v2.clean_data manual__2025-05-20T02:38:17.994929+00:00 [queued]>
[2025-05-20T02:38:36.568+0000] {taskinstance.py:2614} INFO - Dependencies all met for dep_context=requeueable deps ti=<TaskInstance: etl_csv_pipeline_v2.clean_data manual__2025-05-20T02:38:17.994929+00:00 [queued]>
[2025-05-20T02:38:36.570+0000] {taskinstance.py:2867} INFO - Starting attempt 1 of 1
[2025-05-20T02:38:36.624+0000] {taskinstance.py:2890} INFO - Executing <Task(PythonOperator): clean_data> on 2025-05-20 02:38:17.994929+00:00
[2025-05-20T02:38:36.640+0000] {warnings.py:112} WARNING - /home/***/.local/lib/python3.12/site-packages/***/task/task_runner/standard_task_runner.py:70: DeprecationWarning: This process (pid=400) is multi-threaded, use of fork() may lead to deadlocks in the child.
  pid = os.fork()

[2025-05-20T02:38:36.645+0000] {standard_task_runner.py:72} INFO - Started process 409 to run task
[2025-05-20T02:38:36.651+0000] {standard_task_runner.py:104} INFO - Running: ['***', 'tasks', 'run', 'etl_csv_pipeline_v2', 'clean_data', 'manual__2025-05-20T02:38:17.994929+00:00', '--job-id', '197', '--raw', '--subdir', 'DAGS_FOLDER/etl_pipeline.py', '--cfg-path', '/tmp/tmpxjuebnqu']
[2025-05-20T02:38:36.653+0000] {standard_task_runner.py:105} INFO - Job 197: Subtask clean_data
[2025-05-20T02:38:36.831+0000] {task_command.py:467} INFO - Running <TaskInstance: etl_csv_pipeline_v2.clean_data manual__2025-05-20T02:38:17.994929+00:00 [running]> on host 2b880fd13c2c
[2025-05-20T02:38:37.288+0000] {taskinstance.py:3134} INFO - Exporting env vars: AIRFLOW_CTX_DAG_OWNER='***' AIRFLOW_CTX_DAG_ID='etl_csv_pipeline_v2' AIRFLOW_CTX_TASK_ID='clean_data' AIRFLOW_CTX_EXECUTION_DATE='2025-05-20T02:38:17.994929+00:00' AIRFLOW_CTX_TRY_NUMBER='1' AIRFLOW_CTX_DAG_RUN_ID='manual__2025-05-20T02:38:17.994929+00:00'
[2025-05-20T02:38:37.294+0000] {logging_mixin.py:190} INFO - Task instance is in running state
[2025-05-20T02:38:37.295+0000] {logging_mixin.py:190} INFO -  Previous state of the Task instance: queued
[2025-05-20T02:38:37.296+0000] {logging_mixin.py:190} INFO - Current task name:clean_data state:running start_date:2025-05-20 02:38:36.529425+00:00
[2025-05-20T02:38:37.297+0000] {logging_mixin.py:190} INFO - Dag name:etl_csv_pipeline_v2 and current dag run status:running
[2025-05-20T02:38:37.298+0000] {taskinstance.py:732} INFO - ::endgroup::
[2025-05-20T02:38:37.331+0000] {clean_data.py:40} INFO - 📥 Leyendo archivo CSV: /tmp/superstore_raw.csv
[2025-05-20T02:38:37.471+0000] {clean_data.py:45} INFO - 🧼 Limpiando columna: Discount
[2025-05-20T02:38:37.482+0000] {parsers_without_negative.py:45} WARNING - ⚠️ Valor negativo detectado: -0.2 -> convertido a positivo
[2025-05-20T02:38:37.486+0000] {parsers_without_negative.py:45} WARNING - ⚠️ Valor negativo detectado: -0.2 -> convertido a positivo
[2025-05-20T02:38:37.496+0000] {parsers_without_negative.py:45} WARNING - ⚠️ Valor negativo detectado: -0.2 -> convertido a positivo
[2025-05-20T02:38:37.502+0000] {clean_data.py:59} INFO - 🧼 Limpiando columna: Sales
[2025-05-20T02:38:37.560+0000] {clean_data.py:59} INFO - 🧼 Limpiando columna: Profit
[2025-05-20T02:38:37.596+0000] {clean_data.py:69} INFO - 📅 Convirtiendo columnas de fecha: ['Order Date', 'Ship Date']
[2025-05-20T02:38:37.648+0000] {parse_date_columns.py:46} INFO - 📅 Columna 'Order Date' convertida exitosamente a datetime.
[2025-05-20T02:38:37.689+0000] {parse_date_columns.py:46} INFO - 📅 Columna 'Ship Date' convertida exitosamente a datetime.
[2025-05-20T02:38:37.693+0000] {cleaning_helpers.py:26} INFO - 🗑️ Eliminando columnas: ['Transaction']
[2025-05-20T02:38:37.700+0000] {clean_data.py:76} INFO - 📊 9994 filas procesadas en la limpieza
[2025-05-20T02:38:37.956+0000] {clean_data.py:78} INFO - ✅ Datos limpios guardados en /tmp/cleaned.csv
[2025-05-20T02:38:37.961+0000] {python.py:240} INFO - Done. Returned value was: /tmp/cleaned.csv
[2025-05-20T02:38:38.038+0000] {taskinstance.py:341} INFO - ::group::Post task execution logs
[2025-05-20T02:38:38.040+0000] {taskinstance.py:353} INFO - Marking task as SUCCESS. dag_id=etl_csv_pipeline_v2, task_id=clean_data, run_id=manual__2025-05-20T02:38:17.994929+00:00, execution_date=20250520T023817, start_date=20250520T023836, end_date=20250520T023838
[2025-05-20T02:38:38.119+0000] {logging_mixin.py:190} INFO - Task instance in success state
[2025-05-20T02:38:38.120+0000] {logging_mixin.py:190} INFO -  Previous state of the Task instance: running
[2025-05-20T02:38:38.121+0000] {logging_mixin.py:190} INFO - Dag name:etl_csv_pipeline_v2 queued_at:2025-05-20 02:38:18.083225+00:00
[2025-05-20T02:38:38.122+0000] {logging_mixin.py:190} INFO - Task hostname:2b880fd13c2c operator:PythonOperator
[2025-05-20T02:38:38.201+0000] {local_task_job_runner.py:266} INFO - Task exited with return code 0
[2025-05-20T02:38:38.288+0000] {taskinstance.py:3901} INFO - 1 downstream tasks scheduled from follow-on schedule check
[2025-05-20T02:38:38.299+0000] {local_task_job_runner.py:245} INFO - ::endgroup::
