[2025-04-24T21:20:42.721+0000] {processor.py:186} INFO - Started process (PID=86) to work on /home/airflow/.local/lib/python3.12/site-packages/airflow/example_dags/example_branch_datetime_operator.py
[2025-04-24T21:20:42.725+0000] {processor.py:914} INFO - Processing file /home/airflow/.local/lib/python3.12/site-packages/airflow/example_dags/example_branch_datetime_operator.py for tasks to queue
[2025-04-24T21:20:42.732+0000] {logging_mixin.py:190} INFO - [2025-04-24T21:20:42.731+0000] {dagbag.py:588} INFO - Filling up the DagBag from /home/airflow/.local/lib/python3.12/site-packages/airflow/example_dags/example_branch_datetime_operator.py
[2025-04-24T21:20:43.208+0000] {processor.py:925} INFO - DAG(s) 'example_branch_datetime_operator_2', 'example_branch_datetime_operator_3', 'example_branch_datetime_operator' retrieved from /home/airflow/.local/lib/python3.12/site-packages/airflow/example_dags/example_branch_datetime_operator.py
[2025-04-24T21:20:45.366+0000] {logging_mixin.py:190} INFO - [2025-04-24T21:20:45.365+0000] {dag.py:3239} INFO - Sync 3 DAGs
[2025-04-24T21:20:46.207+0000] {logging_mixin.py:190} INFO - [2025-04-24T21:20:46.207+0000] {dag.py:4180} INFO - Setting next_dagrun for example_branch_datetime_operator to 2025-04-23 00:00:00+00:00, run_after=2025-04-24 00:00:00+00:00
[2025-04-24T21:20:46.331+0000] {logging_mixin.py:190} INFO - [2025-04-24T21:20:46.330+0000] {dag.py:4180} INFO - Setting next_dagrun for example_branch_datetime_operator_2 to 2025-04-23 00:00:00+00:00, run_after=2025-04-24 00:00:00+00:00
[2025-04-24T21:20:46.370+0000] {logging_mixin.py:190} INFO - [2025-04-24T21:20:46.369+0000] {dag.py:4180} INFO - Setting next_dagrun for example_branch_datetime_operator_3 to 2025-04-23 00:00:00+00:00, run_after=2025-04-24 00:00:00+00:00
[2025-04-24T21:20:46.989+0000] {processor.py:208} INFO - Processing /home/airflow/.local/lib/python3.12/site-packages/airflow/example_dags/example_branch_datetime_operator.py took 4.308 seconds
[2025-04-24T21:23:05.387+0000] {processor.py:186} INFO - Started process (PID=172) to work on /home/airflow/.local/lib/python3.12/site-packages/airflow/example_dags/example_branch_datetime_operator.py
[2025-04-24T21:23:05.570+0000] {processor.py:914} INFO - Processing file /home/airflow/.local/lib/python3.12/site-packages/airflow/example_dags/example_branch_datetime_operator.py for tasks to queue
[2025-04-24T21:23:05.611+0000] {logging_mixin.py:190} INFO - [2025-04-24T21:23:05.611+0000] {dagbag.py:588} INFO - Filling up the DagBag from /home/airflow/.local/lib/python3.12/site-packages/airflow/example_dags/example_branch_datetime_operator.py
[2025-04-24T21:23:05.761+0000] {processor.py:925} INFO - DAG(s) 'example_branch_datetime_operator_3', 'example_branch_datetime_operator', 'example_branch_datetime_operator_2' retrieved from /home/airflow/.local/lib/python3.12/site-packages/airflow/example_dags/example_branch_datetime_operator.py
[2025-04-24T21:23:06.281+0000] {logging_mixin.py:190} INFO - [2025-04-24T21:23:06.280+0000] {dag.py:3239} INFO - Sync 3 DAGs
[2025-04-24T21:23:07.306+0000] {logging_mixin.py:190} INFO - [2025-04-24T21:23:07.305+0000] {dag.py:4180} INFO - Setting next_dagrun for example_branch_datetime_operator to 2025-04-23 00:00:00+00:00, run_after=2025-04-24 00:00:00+00:00
[2025-04-24T21:23:07.386+0000] {logging_mixin.py:190} INFO - [2025-04-24T21:23:07.385+0000] {dag.py:4180} INFO - Setting next_dagrun for example_branch_datetime_operator_2 to 2025-04-23 00:00:00+00:00, run_after=2025-04-24 00:00:00+00:00
[2025-04-24T21:23:07.418+0000] {logging_mixin.py:190} INFO - [2025-04-24T21:23:07.418+0000] {dag.py:4180} INFO - Setting next_dagrun for example_branch_datetime_operator_3 to 2025-04-23 00:00:00+00:00, run_after=2025-04-24 00:00:00+00:00
[2025-04-24T21:23:07.851+0000] {processor.py:208} INFO - Processing /home/airflow/.local/lib/python3.12/site-packages/airflow/example_dags/example_branch_datetime_operator.py took 2.650 seconds
[2025-04-24T21:24:44.712+0000] {processor.py:186} INFO - Started process (PID=229) to work on /home/airflow/.local/lib/python3.12/site-packages/airflow/example_dags/example_branch_datetime_operator.py
[2025-04-24T21:24:44.726+0000] {processor.py:914} INFO - Processing file /home/airflow/.local/lib/python3.12/site-packages/airflow/example_dags/example_branch_datetime_operator.py for tasks to queue
[2025-04-24T21:24:44.750+0000] {logging_mixin.py:190} INFO - [2025-04-24T21:24:44.745+0000] {dagbag.py:588} INFO - Filling up the DagBag from /home/airflow/.local/lib/python3.12/site-packages/airflow/example_dags/example_branch_datetime_operator.py
[2025-04-24T21:24:44.908+0000] {processor.py:925} INFO - DAG(s) 'example_branch_datetime_operator', 'example_branch_datetime_operator_3', 'example_branch_datetime_operator_2' retrieved from /home/airflow/.local/lib/python3.12/site-packages/airflow/example_dags/example_branch_datetime_operator.py
[2025-04-24T21:24:45.310+0000] {logging_mixin.py:190} INFO - [2025-04-24T21:24:45.309+0000] {dag.py:3239} INFO - Sync 3 DAGs
[2025-04-24T21:24:45.715+0000] {logging_mixin.py:190} INFO - [2025-04-24T21:24:45.715+0000] {dag.py:4180} INFO - Setting next_dagrun for example_branch_datetime_operator to 2025-04-23 00:00:00+00:00, run_after=2025-04-24 00:00:00+00:00
[2025-04-24T21:24:45.909+0000] {logging_mixin.py:190} INFO - [2025-04-24T21:24:45.908+0000] {dag.py:4180} INFO - Setting next_dagrun for example_branch_datetime_operator_2 to 2025-04-23 00:00:00+00:00, run_after=2025-04-24 00:00:00+00:00
[2025-04-24T21:24:45.927+0000] {logging_mixin.py:190} INFO - [2025-04-24T21:24:45.926+0000] {dag.py:4180} INFO - Setting next_dagrun for example_branch_datetime_operator_3 to 2025-04-23 00:00:00+00:00, run_after=2025-04-24 00:00:00+00:00
[2025-04-24T21:24:46.452+0000] {processor.py:208} INFO - Processing /home/airflow/.local/lib/python3.12/site-packages/airflow/example_dags/example_branch_datetime_operator.py took 1.763 seconds
[2025-04-24T21:26:34.317+0000] {processor.py:186} INFO - Started process (PID=293) to work on /home/airflow/.local/lib/python3.12/site-packages/airflow/example_dags/example_branch_datetime_operator.py
[2025-04-24T21:26:34.433+0000] {processor.py:914} INFO - Processing file /home/airflow/.local/lib/python3.12/site-packages/airflow/example_dags/example_branch_datetime_operator.py for tasks to queue
[2025-04-24T21:26:34.498+0000] {logging_mixin.py:190} INFO - [2025-04-24T21:26:34.497+0000] {dagbag.py:588} INFO - Filling up the DagBag from /home/airflow/.local/lib/python3.12/site-packages/airflow/example_dags/example_branch_datetime_operator.py
[2025-04-24T21:26:34.786+0000] {processor.py:925} INFO - DAG(s) 'example_branch_datetime_operator', 'example_branch_datetime_operator_3', 'example_branch_datetime_operator_2' retrieved from /home/airflow/.local/lib/python3.12/site-packages/airflow/example_dags/example_branch_datetime_operator.py
[2025-04-24T21:26:35.363+0000] {logging_mixin.py:190} INFO - [2025-04-24T21:26:35.362+0000] {dag.py:3239} INFO - Sync 3 DAGs
[2025-04-24T21:26:35.788+0000] {logging_mixin.py:190} INFO - [2025-04-24T21:26:35.787+0000] {dag.py:4180} INFO - Setting next_dagrun for example_branch_datetime_operator to 2025-04-23 00:00:00+00:00, run_after=2025-04-24 00:00:00+00:00
[2025-04-24T21:26:35.867+0000] {logging_mixin.py:190} INFO - [2025-04-24T21:26:35.866+0000] {dag.py:4180} INFO - Setting next_dagrun for example_branch_datetime_operator_2 to 2025-04-23 00:00:00+00:00, run_after=2025-04-24 00:00:00+00:00
[2025-04-24T21:26:35.942+0000] {logging_mixin.py:190} INFO - [2025-04-24T21:26:35.933+0000] {dag.py:4180} INFO - Setting next_dagrun for example_branch_datetime_operator_3 to 2025-04-23 00:00:00+00:00, run_after=2025-04-24 00:00:00+00:00
[2025-04-24T21:26:36.661+0000] {processor.py:208} INFO - Processing /home/airflow/.local/lib/python3.12/site-packages/airflow/example_dags/example_branch_datetime_operator.py took 2.495 seconds
[2025-04-24T21:28:01.807+0000] {processor.py:186} INFO - Started process (PID=353) to work on /home/airflow/.local/lib/python3.12/site-packages/airflow/example_dags/example_branch_datetime_operator.py
[2025-04-24T21:28:01.851+0000] {processor.py:914} INFO - Processing file /home/airflow/.local/lib/python3.12/site-packages/airflow/example_dags/example_branch_datetime_operator.py for tasks to queue
[2025-04-24T21:28:01.873+0000] {logging_mixin.py:190} INFO - [2025-04-24T21:28:01.872+0000] {dagbag.py:588} INFO - Filling up the DagBag from /home/airflow/.local/lib/python3.12/site-packages/airflow/example_dags/example_branch_datetime_operator.py
[2025-04-24T21:28:02.140+0000] {processor.py:925} INFO - DAG(s) 'example_branch_datetime_operator_3', 'example_branch_datetime_operator', 'example_branch_datetime_operator_2' retrieved from /home/airflow/.local/lib/python3.12/site-packages/airflow/example_dags/example_branch_datetime_operator.py
[2025-04-24T21:28:02.993+0000] {logging_mixin.py:190} INFO - [2025-04-24T21:28:02.993+0000] {dag.py:3239} INFO - Sync 3 DAGs
[2025-04-24T21:28:03.438+0000] {logging_mixin.py:190} INFO - [2025-04-24T21:28:03.437+0000] {dag.py:4180} INFO - Setting next_dagrun for example_branch_datetime_operator to 2025-04-23 00:00:00+00:00, run_after=2025-04-24 00:00:00+00:00
[2025-04-24T21:28:03.548+0000] {logging_mixin.py:190} INFO - [2025-04-24T21:28:03.547+0000] {dag.py:4180} INFO - Setting next_dagrun for example_branch_datetime_operator_2 to 2025-04-23 00:00:00+00:00, run_after=2025-04-24 00:00:00+00:00
[2025-04-24T21:28:03.622+0000] {logging_mixin.py:190} INFO - [2025-04-24T21:28:03.621+0000] {dag.py:4180} INFO - Setting next_dagrun for example_branch_datetime_operator_3 to 2025-04-23 00:00:00+00:00, run_after=2025-04-24 00:00:00+00:00
[2025-04-24T21:28:04.168+0000] {processor.py:208} INFO - Processing /home/airflow/.local/lib/python3.12/site-packages/airflow/example_dags/example_branch_datetime_operator.py took 2.573 seconds
[2025-04-24T21:29:53.734+0000] {processor.py:186} INFO - Started process (PID=407) to work on /home/airflow/.local/lib/python3.12/site-packages/airflow/example_dags/example_branch_datetime_operator.py
[2025-04-24T21:29:53.812+0000] {processor.py:914} INFO - Processing file /home/airflow/.local/lib/python3.12/site-packages/airflow/example_dags/example_branch_datetime_operator.py for tasks to queue
[2025-04-24T21:29:53.858+0000] {logging_mixin.py:190} INFO - [2025-04-24T21:29:53.858+0000] {dagbag.py:588} INFO - Filling up the DagBag from /home/airflow/.local/lib/python3.12/site-packages/airflow/example_dags/example_branch_datetime_operator.py
[2025-04-24T21:29:54.116+0000] {processor.py:925} INFO - DAG(s) 'example_branch_datetime_operator_2', 'example_branch_datetime_operator_3', 'example_branch_datetime_operator' retrieved from /home/airflow/.local/lib/python3.12/site-packages/airflow/example_dags/example_branch_datetime_operator.py
[2025-04-24T21:29:55.633+0000] {logging_mixin.py:190} INFO - [2025-04-24T21:29:55.632+0000] {dag.py:3239} INFO - Sync 3 DAGs
[2025-04-24T21:29:57.066+0000] {logging_mixin.py:190} INFO - [2025-04-24T21:29:57.066+0000] {dag.py:4180} INFO - Setting next_dagrun for example_branch_datetime_operator to 2025-04-23 00:00:00+00:00, run_after=2025-04-24 00:00:00+00:00
[2025-04-24T21:29:57.148+0000] {logging_mixin.py:190} INFO - [2025-04-24T21:29:57.148+0000] {dag.py:4180} INFO - Setting next_dagrun for example_branch_datetime_operator_2 to 2025-04-23 00:00:00+00:00, run_after=2025-04-24 00:00:00+00:00
[2025-04-24T21:29:57.297+0000] {logging_mixin.py:190} INFO - [2025-04-24T21:29:57.297+0000] {dag.py:4180} INFO - Setting next_dagrun for example_branch_datetime_operator_3 to 2025-04-23 00:00:00+00:00, run_after=2025-04-24 00:00:00+00:00
[2025-04-24T21:29:58.243+0000] {processor.py:208} INFO - Processing /home/airflow/.local/lib/python3.12/site-packages/airflow/example_dags/example_branch_datetime_operator.py took 4.655 seconds
[2025-04-24T21:31:45.885+0000] {processor.py:186} INFO - Started process (PID=478) to work on /home/airflow/.local/lib/python3.12/site-packages/airflow/example_dags/example_branch_datetime_operator.py
[2025-04-24T21:31:45.889+0000] {processor.py:914} INFO - Processing file /home/airflow/.local/lib/python3.12/site-packages/airflow/example_dags/example_branch_datetime_operator.py for tasks to queue
[2025-04-24T21:31:45.943+0000] {logging_mixin.py:190} INFO - [2025-04-24T21:31:45.921+0000] {dagbag.py:588} INFO - Filling up the DagBag from /home/airflow/.local/lib/python3.12/site-packages/airflow/example_dags/example_branch_datetime_operator.py
[2025-04-24T21:31:46.167+0000] {processor.py:925} INFO - DAG(s) 'example_branch_datetime_operator_3', 'example_branch_datetime_operator_2', 'example_branch_datetime_operator' retrieved from /home/airflow/.local/lib/python3.12/site-packages/airflow/example_dags/example_branch_datetime_operator.py
[2025-04-24T21:31:46.743+0000] {logging_mixin.py:190} INFO - [2025-04-24T21:31:46.742+0000] {dag.py:3239} INFO - Sync 3 DAGs
[2025-04-24T21:31:47.401+0000] {logging_mixin.py:190} INFO - [2025-04-24T21:31:47.397+0000] {dag.py:4180} INFO - Setting next_dagrun for example_branch_datetime_operator to 2025-04-23 00:00:00+00:00, run_after=2025-04-24 00:00:00+00:00
[2025-04-24T21:31:47.866+0000] {logging_mixin.py:190} INFO - [2025-04-24T21:31:47.866+0000] {dag.py:4180} INFO - Setting next_dagrun for example_branch_datetime_operator_2 to 2025-04-23 00:00:00+00:00, run_after=2025-04-24 00:00:00+00:00
[2025-04-24T21:31:47.928+0000] {logging_mixin.py:190} INFO - [2025-04-24T21:31:47.927+0000] {dag.py:4180} INFO - Setting next_dagrun for example_branch_datetime_operator_3 to 2025-04-23 00:00:00+00:00, run_after=2025-04-24 00:00:00+00:00
[2025-04-24T21:31:48.183+0000] {processor.py:208} INFO - Processing /home/airflow/.local/lib/python3.12/site-packages/airflow/example_dags/example_branch_datetime_operator.py took 2.402 seconds
[2025-04-24T21:33:28.587+0000] {processor.py:186} INFO - Started process (PID=535) to work on /home/airflow/.local/lib/python3.12/site-packages/airflow/example_dags/example_branch_datetime_operator.py
[2025-04-24T21:33:28.640+0000] {processor.py:914} INFO - Processing file /home/airflow/.local/lib/python3.12/site-packages/airflow/example_dags/example_branch_datetime_operator.py for tasks to queue
[2025-04-24T21:33:28.911+0000] {logging_mixin.py:190} INFO - [2025-04-24T21:33:28.911+0000] {dagbag.py:588} INFO - Filling up the DagBag from /home/airflow/.local/lib/python3.12/site-packages/airflow/example_dags/example_branch_datetime_operator.py
[2025-04-24T21:33:29.305+0000] {processor.py:925} INFO - DAG(s) 'example_branch_datetime_operator_2', 'example_branch_datetime_operator_3', 'example_branch_datetime_operator' retrieved from /home/airflow/.local/lib/python3.12/site-packages/airflow/example_dags/example_branch_datetime_operator.py
[2025-04-24T21:33:29.724+0000] {logging_mixin.py:190} INFO - [2025-04-24T21:33:29.723+0000] {dag.py:3239} INFO - Sync 3 DAGs
[2025-04-24T21:33:30.123+0000] {logging_mixin.py:190} INFO - [2025-04-24T21:33:30.102+0000] {dag.py:4180} INFO - Setting next_dagrun for example_branch_datetime_operator to 2025-04-23 00:00:00+00:00, run_after=2025-04-24 00:00:00+00:00
[2025-04-24T21:33:30.258+0000] {logging_mixin.py:190} INFO - [2025-04-24T21:33:30.255+0000] {dag.py:4180} INFO - Setting next_dagrun for example_branch_datetime_operator_2 to 2025-04-23 00:00:00+00:00, run_after=2025-04-24 00:00:00+00:00
[2025-04-24T21:33:30.302+0000] {logging_mixin.py:190} INFO - [2025-04-24T21:33:30.302+0000] {dag.py:4180} INFO - Setting next_dagrun for example_branch_datetime_operator_3 to 2025-04-23 00:00:00+00:00, run_after=2025-04-24 00:00:00+00:00
[2025-04-24T21:33:30.830+0000] {processor.py:208} INFO - Processing /home/airflow/.local/lib/python3.12/site-packages/airflow/example_dags/example_branch_datetime_operator.py took 2.336 seconds
[2025-04-24T21:35:08.966+0000] {processor.py:186} INFO - Started process (PID=597) to work on /home/airflow/.local/lib/python3.12/site-packages/airflow/example_dags/example_branch_datetime_operator.py
[2025-04-24T21:35:09.059+0000] {processor.py:914} INFO - Processing file /home/airflow/.local/lib/python3.12/site-packages/airflow/example_dags/example_branch_datetime_operator.py for tasks to queue
[2025-04-24T21:35:09.087+0000] {logging_mixin.py:190} INFO - [2025-04-24T21:35:09.087+0000] {dagbag.py:588} INFO - Filling up the DagBag from /home/airflow/.local/lib/python3.12/site-packages/airflow/example_dags/example_branch_datetime_operator.py
[2025-04-24T21:35:09.728+0000] {processor.py:925} INFO - DAG(s) 'example_branch_datetime_operator_3', 'example_branch_datetime_operator', 'example_branch_datetime_operator_2' retrieved from /home/airflow/.local/lib/python3.12/site-packages/airflow/example_dags/example_branch_datetime_operator.py
[2025-04-24T21:35:10.351+0000] {logging_mixin.py:190} INFO - [2025-04-24T21:35:10.350+0000] {dag.py:3239} INFO - Sync 3 DAGs
[2025-04-24T21:35:11.088+0000] {logging_mixin.py:190} INFO - [2025-04-24T21:35:11.087+0000] {dag.py:4180} INFO - Setting next_dagrun for example_branch_datetime_operator to 2025-04-23 00:00:00+00:00, run_after=2025-04-24 00:00:00+00:00
[2025-04-24T21:35:11.507+0000] {logging_mixin.py:190} INFO - [2025-04-24T21:35:11.506+0000] {dag.py:4180} INFO - Setting next_dagrun for example_branch_datetime_operator_2 to 2025-04-23 00:00:00+00:00, run_after=2025-04-24 00:00:00+00:00
[2025-04-24T21:35:11.539+0000] {logging_mixin.py:190} INFO - [2025-04-24T21:35:11.538+0000] {dag.py:4180} INFO - Setting next_dagrun for example_branch_datetime_operator_3 to 2025-04-23 00:00:00+00:00, run_after=2025-04-24 00:00:00+00:00
[2025-04-24T21:35:12.070+0000] {processor.py:208} INFO - Processing /home/airflow/.local/lib/python3.12/site-packages/airflow/example_dags/example_branch_datetime_operator.py took 3.119 seconds
[2025-04-24T21:37:02.033+0000] {processor.py:186} INFO - Started process (PID=658) to work on /home/airflow/.local/lib/python3.12/site-packages/airflow/example_dags/example_branch_datetime_operator.py
[2025-04-24T21:37:02.036+0000] {processor.py:914} INFO - Processing file /home/airflow/.local/lib/python3.12/site-packages/airflow/example_dags/example_branch_datetime_operator.py for tasks to queue
[2025-04-24T21:37:02.094+0000] {logging_mixin.py:190} INFO - [2025-04-24T21:37:02.047+0000] {dagbag.py:588} INFO - Filling up the DagBag from /home/airflow/.local/lib/python3.12/site-packages/airflow/example_dags/example_branch_datetime_operator.py
[2025-04-24T21:37:02.270+0000] {processor.py:925} INFO - DAG(s) 'example_branch_datetime_operator_2', 'example_branch_datetime_operator', 'example_branch_datetime_operator_3' retrieved from /home/airflow/.local/lib/python3.12/site-packages/airflow/example_dags/example_branch_datetime_operator.py
[2025-04-24T21:37:03.317+0000] {logging_mixin.py:190} INFO - [2025-04-24T21:37:03.317+0000] {dag.py:3239} INFO - Sync 3 DAGs
[2025-04-24T21:37:04.091+0000] {logging_mixin.py:190} INFO - [2025-04-24T21:37:04.091+0000] {dag.py:4180} INFO - Setting next_dagrun for example_branch_datetime_operator to 2025-04-23 00:00:00+00:00, run_after=2025-04-24 00:00:00+00:00
[2025-04-24T21:37:04.220+0000] {logging_mixin.py:190} INFO - [2025-04-24T21:37:04.220+0000] {dag.py:4180} INFO - Setting next_dagrun for example_branch_datetime_operator_2 to 2025-04-23 00:00:00+00:00, run_after=2025-04-24 00:00:00+00:00
[2025-04-24T21:37:04.477+0000] {logging_mixin.py:190} INFO - [2025-04-24T21:37:04.477+0000] {dag.py:4180} INFO - Setting next_dagrun for example_branch_datetime_operator_3 to 2025-04-23 00:00:00+00:00, run_after=2025-04-24 00:00:00+00:00
[2025-04-24T21:37:05.239+0000] {processor.py:208} INFO - Processing /home/airflow/.local/lib/python3.12/site-packages/airflow/example_dags/example_branch_datetime_operator.py took 3.311 seconds
[2025-04-24T21:39:08.652+0000] {processor.py:186} INFO - Started process (PID=728) to work on /home/airflow/.local/lib/python3.12/site-packages/airflow/example_dags/example_branch_datetime_operator.py
[2025-04-24T21:39:08.795+0000] {processor.py:914} INFO - Processing file /home/airflow/.local/lib/python3.12/site-packages/airflow/example_dags/example_branch_datetime_operator.py for tasks to queue
[2025-04-24T21:39:08.910+0000] {logging_mixin.py:190} INFO - [2025-04-24T21:39:08.910+0000] {dagbag.py:588} INFO - Filling up the DagBag from /home/airflow/.local/lib/python3.12/site-packages/airflow/example_dags/example_branch_datetime_operator.py
[2025-04-24T21:39:09.949+0000] {processor.py:925} INFO - DAG(s) 'example_branch_datetime_operator_3', 'example_branch_datetime_operator', 'example_branch_datetime_operator_2' retrieved from /home/airflow/.local/lib/python3.12/site-packages/airflow/example_dags/example_branch_datetime_operator.py
[2025-04-24T21:39:10.839+0000] {logging_mixin.py:190} INFO - [2025-04-24T21:39:10.838+0000] {dag.py:3239} INFO - Sync 3 DAGs
[2025-04-24T21:39:11.733+0000] {logging_mixin.py:190} INFO - [2025-04-24T21:39:11.732+0000] {dag.py:4180} INFO - Setting next_dagrun for example_branch_datetime_operator to 2025-04-23 00:00:00+00:00, run_after=2025-04-24 00:00:00+00:00
[2025-04-24T21:39:11.802+0000] {logging_mixin.py:190} INFO - [2025-04-24T21:39:11.801+0000] {dag.py:4180} INFO - Setting next_dagrun for example_branch_datetime_operator_2 to 2025-04-23 00:00:00+00:00, run_after=2025-04-24 00:00:00+00:00
[2025-04-24T21:39:11.842+0000] {logging_mixin.py:190} INFO - [2025-04-24T21:39:11.841+0000] {dag.py:4180} INFO - Setting next_dagrun for example_branch_datetime_operator_3 to 2025-04-23 00:00:00+00:00, run_after=2025-04-24 00:00:00+00:00
[2025-04-24T21:39:12.035+0000] {processor.py:208} INFO - Processing /home/airflow/.local/lib/python3.12/site-packages/airflow/example_dags/example_branch_datetime_operator.py took 3.496 seconds
[2025-04-24T21:41:12.278+0000] {processor.py:186} INFO - Started process (PID=788) to work on /home/airflow/.local/lib/python3.12/site-packages/airflow/example_dags/example_branch_datetime_operator.py
[2025-04-24T21:41:12.292+0000] {processor.py:914} INFO - Processing file /home/airflow/.local/lib/python3.12/site-packages/airflow/example_dags/example_branch_datetime_operator.py for tasks to queue
[2025-04-24T21:41:12.323+0000] {logging_mixin.py:190} INFO - [2025-04-24T21:41:12.322+0000] {dagbag.py:588} INFO - Filling up the DagBag from /home/airflow/.local/lib/python3.12/site-packages/airflow/example_dags/example_branch_datetime_operator.py
[2025-04-24T21:41:13.342+0000] {processor.py:925} INFO - DAG(s) 'example_branch_datetime_operator_2', 'example_branch_datetime_operator_3', 'example_branch_datetime_operator' retrieved from /home/airflow/.local/lib/python3.12/site-packages/airflow/example_dags/example_branch_datetime_operator.py
[2025-04-24T21:41:13.943+0000] {logging_mixin.py:190} INFO - [2025-04-24T21:41:13.943+0000] {dag.py:3239} INFO - Sync 3 DAGs
[2025-04-24T21:41:14.695+0000] {logging_mixin.py:190} INFO - [2025-04-24T21:41:14.694+0000] {dag.py:4180} INFO - Setting next_dagrun for example_branch_datetime_operator to 2025-04-23 00:00:00+00:00, run_after=2025-04-24 00:00:00+00:00
[2025-04-24T21:41:14.977+0000] {logging_mixin.py:190} INFO - [2025-04-24T21:41:14.976+0000] {dag.py:4180} INFO - Setting next_dagrun for example_branch_datetime_operator_2 to 2025-04-23 00:00:00+00:00, run_after=2025-04-24 00:00:00+00:00
[2025-04-24T21:41:14.996+0000] {logging_mixin.py:190} INFO - [2025-04-24T21:41:14.996+0000] {dag.py:4180} INFO - Setting next_dagrun for example_branch_datetime_operator_3 to 2025-04-23 00:00:00+00:00, run_after=2025-04-24 00:00:00+00:00
[2025-04-24T21:41:15.692+0000] {processor.py:208} INFO - Processing /home/airflow/.local/lib/python3.12/site-packages/airflow/example_dags/example_branch_datetime_operator.py took 3.467 seconds
[2025-04-24T21:43:09.940+0000] {processor.py:186} INFO - Started process (PID=857) to work on /home/airflow/.local/lib/python3.12/site-packages/airflow/example_dags/example_branch_datetime_operator.py
[2025-04-24T21:43:09.995+0000] {processor.py:914} INFO - Processing file /home/airflow/.local/lib/python3.12/site-packages/airflow/example_dags/example_branch_datetime_operator.py for tasks to queue
[2025-04-24T21:43:10.000+0000] {logging_mixin.py:190} INFO - [2025-04-24T21:43:09.999+0000] {dagbag.py:588} INFO - Filling up the DagBag from /home/airflow/.local/lib/python3.12/site-packages/airflow/example_dags/example_branch_datetime_operator.py
[2025-04-24T21:43:10.476+0000] {processor.py:925} INFO - DAG(s) 'example_branch_datetime_operator', 'example_branch_datetime_operator_3', 'example_branch_datetime_operator_2' retrieved from /home/airflow/.local/lib/python3.12/site-packages/airflow/example_dags/example_branch_datetime_operator.py
[2025-04-24T21:43:11.191+0000] {logging_mixin.py:190} INFO - [2025-04-24T21:43:11.190+0000] {dag.py:3239} INFO - Sync 3 DAGs
[2025-04-24T21:43:11.794+0000] {logging_mixin.py:190} INFO - [2025-04-24T21:43:11.794+0000] {dag.py:4180} INFO - Setting next_dagrun for example_branch_datetime_operator to 2025-04-23 00:00:00+00:00, run_after=2025-04-24 00:00:00+00:00
[2025-04-24T21:43:11.922+0000] {logging_mixin.py:190} INFO - [2025-04-24T21:43:11.921+0000] {dag.py:4180} INFO - Setting next_dagrun for example_branch_datetime_operator_2 to 2025-04-23 00:00:00+00:00, run_after=2025-04-24 00:00:00+00:00
[2025-04-24T21:43:11.939+0000] {logging_mixin.py:190} INFO - [2025-04-24T21:43:11.939+0000] {dag.py:4180} INFO - Setting next_dagrun for example_branch_datetime_operator_3 to 2025-04-23 00:00:00+00:00, run_after=2025-04-24 00:00:00+00:00
[2025-04-24T21:43:12.305+0000] {processor.py:208} INFO - Processing /home/airflow/.local/lib/python3.12/site-packages/airflow/example_dags/example_branch_datetime_operator.py took 2.376 seconds
[2025-04-24T21:44:44.074+0000] {processor.py:186} INFO - Started process (PID=913) to work on /home/airflow/.local/lib/python3.12/site-packages/airflow/example_dags/example_branch_datetime_operator.py
[2025-04-24T21:44:44.076+0000] {processor.py:914} INFO - Processing file /home/airflow/.local/lib/python3.12/site-packages/airflow/example_dags/example_branch_datetime_operator.py for tasks to queue
[2025-04-24T21:44:44.084+0000] {logging_mixin.py:190} INFO - [2025-04-24T21:44:44.083+0000] {dagbag.py:588} INFO - Filling up the DagBag from /home/airflow/.local/lib/python3.12/site-packages/airflow/example_dags/example_branch_datetime_operator.py
[2025-04-24T21:44:44.214+0000] {processor.py:925} INFO - DAG(s) 'example_branch_datetime_operator', 'example_branch_datetime_operator_3', 'example_branch_datetime_operator_2' retrieved from /home/airflow/.local/lib/python3.12/site-packages/airflow/example_dags/example_branch_datetime_operator.py
[2025-04-24T21:44:44.559+0000] {logging_mixin.py:190} INFO - [2025-04-24T21:44:44.559+0000] {dag.py:3239} INFO - Sync 3 DAGs
[2025-04-24T21:44:45.155+0000] {logging_mixin.py:190} INFO - [2025-04-24T21:44:45.155+0000] {dag.py:4180} INFO - Setting next_dagrun for example_branch_datetime_operator to 2025-04-23 00:00:00+00:00, run_after=2025-04-24 00:00:00+00:00
[2025-04-24T21:44:45.496+0000] {logging_mixin.py:190} INFO - [2025-04-24T21:44:45.495+0000] {dag.py:4180} INFO - Setting next_dagrun for example_branch_datetime_operator_2 to 2025-04-23 00:00:00+00:00, run_after=2025-04-24 00:00:00+00:00
[2025-04-24T21:44:45.537+0000] {logging_mixin.py:190} INFO - [2025-04-24T21:44:45.537+0000] {dag.py:4180} INFO - Setting next_dagrun for example_branch_datetime_operator_3 to 2025-04-23 00:00:00+00:00, run_after=2025-04-24 00:00:00+00:00
[2025-04-24T21:44:45.837+0000] {processor.py:208} INFO - Processing /home/airflow/.local/lib/python3.12/site-packages/airflow/example_dags/example_branch_datetime_operator.py took 1.857 seconds
[2025-04-24T21:46:07.991+0000] {processor.py:186} INFO - Started process (PID=976) to work on /home/airflow/.local/lib/python3.12/site-packages/airflow/example_dags/example_branch_datetime_operator.py
[2025-04-24T21:46:08.041+0000] {processor.py:914} INFO - Processing file /home/airflow/.local/lib/python3.12/site-packages/airflow/example_dags/example_branch_datetime_operator.py for tasks to queue
[2025-04-24T21:46:08.057+0000] {logging_mixin.py:190} INFO - [2025-04-24T21:46:08.057+0000] {dagbag.py:588} INFO - Filling up the DagBag from /home/airflow/.local/lib/python3.12/site-packages/airflow/example_dags/example_branch_datetime_operator.py
[2025-04-24T21:46:08.241+0000] {processor.py:925} INFO - DAG(s) 'example_branch_datetime_operator', 'example_branch_datetime_operator_3', 'example_branch_datetime_operator_2' retrieved from /home/airflow/.local/lib/python3.12/site-packages/airflow/example_dags/example_branch_datetime_operator.py
[2025-04-24T21:46:08.994+0000] {logging_mixin.py:190} INFO - [2025-04-24T21:46:08.993+0000] {dag.py:3239} INFO - Sync 3 DAGs
[2025-04-24T21:46:09.140+0000] {logging_mixin.py:190} INFO - [2025-04-24T21:46:09.139+0000] {dag.py:4180} INFO - Setting next_dagrun for example_branch_datetime_operator to 2025-04-23 00:00:00+00:00, run_after=2025-04-24 00:00:00+00:00
[2025-04-24T21:46:09.209+0000] {logging_mixin.py:190} INFO - [2025-04-24T21:46:09.209+0000] {dag.py:4180} INFO - Setting next_dagrun for example_branch_datetime_operator_2 to 2025-04-23 00:00:00+00:00, run_after=2025-04-24 00:00:00+00:00
[2025-04-24T21:46:09.228+0000] {logging_mixin.py:190} INFO - [2025-04-24T21:46:09.228+0000] {dag.py:4180} INFO - Setting next_dagrun for example_branch_datetime_operator_3 to 2025-04-23 00:00:00+00:00, run_after=2025-04-24 00:00:00+00:00
[2025-04-24T21:46:09.582+0000] {processor.py:208} INFO - Processing /home/airflow/.local/lib/python3.12/site-packages/airflow/example_dags/example_branch_datetime_operator.py took 1.771 seconds
