[2025-04-24T21:22:36.729+0000] {processor.py:186} INFO - Started process (PID=152) to work on /home/airflow/.local/lib/python3.12/site-packages/airflow/example_dags/example_skip_dag.py
[2025-04-24T21:22:36.777+0000] {processor.py:914} INFO - Processing file /home/airflow/.local/lib/python3.12/site-packages/airflow/example_dags/example_skip_dag.py for tasks to queue
[2025-04-24T21:22:36.865+0000] {logging_mixin.py:190} INFO - [2025-04-24T21:22:36.860+0000] {dagbag.py:588} INFO - Filling up the DagBag from /home/airflow/.local/lib/python3.12/site-packages/airflow/example_dags/example_skip_dag.py
[2025-04-24T21:22:37.081+0000] {processor.py:925} INFO - DAG(s) 'example_skip_dag' retrieved from /home/airflow/.local/lib/python3.12/site-packages/airflow/example_dags/example_skip_dag.py
[2025-04-24T21:22:37.700+0000] {logging_mixin.py:190} INFO - [2025-04-24T21:22:37.699+0000] {dag.py:3239} INFO - Sync 1 DAGs
[2025-04-24T21:22:38.196+0000] {logging_mixin.py:190} INFO - [2025-04-24T21:22:38.158+0000] {dag.py:4180} INFO - Setting next_dagrun for example_skip_dag to 2025-04-23 00:00:00+00:00, run_after=2025-04-24 00:00:00+00:00
[2025-04-24T21:22:38.514+0000] {processor.py:208} INFO - Processing /home/airflow/.local/lib/python3.12/site-packages/airflow/example_dags/example_skip_dag.py took 1.862 seconds
[2025-04-24T21:25:56.844+0000] {processor.py:186} INFO - Started process (PID=273) to work on /home/airflow/.local/lib/python3.12/site-packages/airflow/example_dags/example_skip_dag.py
[2025-04-24T21:25:56.915+0000] {processor.py:914} INFO - Processing file /home/airflow/.local/lib/python3.12/site-packages/airflow/example_dags/example_skip_dag.py for tasks to queue
[2025-04-24T21:25:56.923+0000] {logging_mixin.py:190} INFO - [2025-04-24T21:25:56.922+0000] {dagbag.py:588} INFO - Filling up the DagBag from /home/airflow/.local/lib/python3.12/site-packages/airflow/example_dags/example_skip_dag.py
[2025-04-24T21:25:57.290+0000] {processor.py:925} INFO - DAG(s) 'example_skip_dag' retrieved from /home/airflow/.local/lib/python3.12/site-packages/airflow/example_dags/example_skip_dag.py
[2025-04-24T21:25:57.614+0000] {logging_mixin.py:190} INFO - [2025-04-24T21:25:57.613+0000] {dag.py:3239} INFO - Sync 1 DAGs
[2025-04-24T21:25:58.666+0000] {logging_mixin.py:190} INFO - [2025-04-24T21:25:58.656+0000] {dag.py:4180} INFO - Setting next_dagrun for example_skip_dag to 2025-04-23 00:00:00+00:00, run_after=2025-04-24 00:00:00+00:00
[2025-04-24T21:25:59.136+0000] {processor.py:208} INFO - Processing /home/airflow/.local/lib/python3.12/site-packages/airflow/example_dags/example_skip_dag.py took 2.807 seconds
[2025-04-24T21:27:59.822+0000] {processor.py:186} INFO - Started process (PID=352) to work on /home/airflow/.local/lib/python3.12/site-packages/airflow/example_dags/example_skip_dag.py
[2025-04-24T21:27:59.839+0000] {processor.py:914} INFO - Processing file /home/airflow/.local/lib/python3.12/site-packages/airflow/example_dags/example_skip_dag.py for tasks to queue
[2025-04-24T21:27:59.857+0000] {logging_mixin.py:190} INFO - [2025-04-24T21:27:59.857+0000] {dagbag.py:588} INFO - Filling up the DagBag from /home/airflow/.local/lib/python3.12/site-packages/airflow/example_dags/example_skip_dag.py
[2025-04-24T21:27:59.932+0000] {processor.py:925} INFO - DAG(s) 'example_skip_dag' retrieved from /home/airflow/.local/lib/python3.12/site-packages/airflow/example_dags/example_skip_dag.py
[2025-04-24T21:28:00.793+0000] {logging_mixin.py:190} INFO - [2025-04-24T21:28:00.792+0000] {dag.py:3239} INFO - Sync 1 DAGs
[2025-04-24T21:28:01.274+0000] {logging_mixin.py:190} INFO - [2025-04-24T21:28:01.274+0000] {dag.py:4180} INFO - Setting next_dagrun for example_skip_dag to 2025-04-23 00:00:00+00:00, run_after=2025-04-24 00:00:00+00:00
[2025-04-24T21:28:01.804+0000] {processor.py:208} INFO - Processing /home/airflow/.local/lib/python3.12/site-packages/airflow/example_dags/example_skip_dag.py took 2.119 seconds
[2025-04-24T21:31:39.509+0000] {processor.py:186} INFO - Started process (PID=474) to work on /home/airflow/.local/lib/python3.12/site-packages/airflow/example_dags/example_skip_dag.py
[2025-04-24T21:31:39.523+0000] {processor.py:914} INFO - Processing file /home/airflow/.local/lib/python3.12/site-packages/airflow/example_dags/example_skip_dag.py for tasks to queue
[2025-04-24T21:31:39.531+0000] {logging_mixin.py:190} INFO - [2025-04-24T21:31:39.530+0000] {dagbag.py:588} INFO - Filling up the DagBag from /home/airflow/.local/lib/python3.12/site-packages/airflow/example_dags/example_skip_dag.py
[2025-04-24T21:31:39.569+0000] {processor.py:925} INFO - DAG(s) 'example_skip_dag' retrieved from /home/airflow/.local/lib/python3.12/site-packages/airflow/example_dags/example_skip_dag.py
[2025-04-24T21:31:39.934+0000] {logging_mixin.py:190} INFO - [2025-04-24T21:31:39.933+0000] {dag.py:3239} INFO - Sync 1 DAGs
[2025-04-24T21:31:40.601+0000] {logging_mixin.py:190} INFO - [2025-04-24T21:31:40.600+0000] {dag.py:4180} INFO - Setting next_dagrun for example_skip_dag to 2025-04-23 00:00:00+00:00, run_after=2025-04-24 00:00:00+00:00
[2025-04-24T21:31:41.229+0000] {processor.py:208} INFO - Processing /home/airflow/.local/lib/python3.12/site-packages/airflow/example_dags/example_skip_dag.py took 1.745 seconds
[2025-04-24T21:35:04.727+0000] {processor.py:186} INFO - Started process (PID=593) to work on /home/airflow/.local/lib/python3.12/site-packages/airflow/example_dags/example_skip_dag.py
[2025-04-24T21:35:04.770+0000] {processor.py:914} INFO - Processing file /home/airflow/.local/lib/python3.12/site-packages/airflow/example_dags/example_skip_dag.py for tasks to queue
[2025-04-24T21:35:04.806+0000] {logging_mixin.py:190} INFO - [2025-04-24T21:35:04.804+0000] {dagbag.py:588} INFO - Filling up the DagBag from /home/airflow/.local/lib/python3.12/site-packages/airflow/example_dags/example_skip_dag.py
[2025-04-24T21:35:05.019+0000] {processor.py:925} INFO - DAG(s) 'example_skip_dag' retrieved from /home/airflow/.local/lib/python3.12/site-packages/airflow/example_dags/example_skip_dag.py
[2025-04-24T21:35:05.308+0000] {logging_mixin.py:190} INFO - [2025-04-24T21:35:05.303+0000] {dag.py:3239} INFO - Sync 1 DAGs
[2025-04-24T21:35:05.556+0000] {logging_mixin.py:190} INFO - [2025-04-24T21:35:05.556+0000] {dag.py:4180} INFO - Setting next_dagrun for example_skip_dag to 2025-04-23 00:00:00+00:00, run_after=2025-04-24 00:00:00+00:00
[2025-04-24T21:35:06.560+0000] {processor.py:208} INFO - Processing /home/airflow/.local/lib/python3.12/site-packages/airflow/example_dags/example_skip_dag.py took 2.005 seconds
[2025-04-24T21:39:02.689+0000] {processor.py:186} INFO - Started process (PID=724) to work on /home/airflow/.local/lib/python3.12/site-packages/airflow/example_dags/example_skip_dag.py
[2025-04-24T21:39:02.695+0000] {processor.py:914} INFO - Processing file /home/airflow/.local/lib/python3.12/site-packages/airflow/example_dags/example_skip_dag.py for tasks to queue
[2025-04-24T21:39:02.790+0000] {logging_mixin.py:190} INFO - [2025-04-24T21:39:02.720+0000] {dagbag.py:588} INFO - Filling up the DagBag from /home/airflow/.local/lib/python3.12/site-packages/airflow/example_dags/example_skip_dag.py
[2025-04-24T21:39:02.993+0000] {processor.py:925} INFO - DAG(s) 'example_skip_dag' retrieved from /home/airflow/.local/lib/python3.12/site-packages/airflow/example_dags/example_skip_dag.py
[2025-04-24T21:39:04.139+0000] {logging_mixin.py:190} INFO - [2025-04-24T21:39:04.069+0000] {dag.py:3239} INFO - Sync 1 DAGs
[2025-04-24T21:39:04.658+0000] {logging_mixin.py:190} INFO - [2025-04-24T21:39:04.657+0000] {dag.py:4180} INFO - Setting next_dagrun for example_skip_dag to 2025-04-23 00:00:00+00:00, run_after=2025-04-24 00:00:00+00:00
[2025-04-24T21:39:05.198+0000] {processor.py:208} INFO - Processing /home/airflow/.local/lib/python3.12/site-packages/airflow/example_dags/example_skip_dag.py took 2.570 seconds
[2025-04-24T21:43:03.203+0000] {processor.py:186} INFO - Started process (PID=853) to work on /home/airflow/.local/lib/python3.12/site-packages/airflow/example_dags/example_skip_dag.py
[2025-04-24T21:43:03.239+0000] {processor.py:914} INFO - Processing file /home/airflow/.local/lib/python3.12/site-packages/airflow/example_dags/example_skip_dag.py for tasks to queue
[2025-04-24T21:43:03.332+0000] {logging_mixin.py:190} INFO - [2025-04-24T21:43:03.331+0000] {dagbag.py:588} INFO - Filling up the DagBag from /home/airflow/.local/lib/python3.12/site-packages/airflow/example_dags/example_skip_dag.py
[2025-04-24T21:43:03.409+0000] {processor.py:925} INFO - DAG(s) 'example_skip_dag' retrieved from /home/airflow/.local/lib/python3.12/site-packages/airflow/example_dags/example_skip_dag.py
[2025-04-24T21:43:03.887+0000] {logging_mixin.py:190} INFO - [2025-04-24T21:43:03.887+0000] {dag.py:3239} INFO - Sync 1 DAGs
[2025-04-24T21:43:04.463+0000] {logging_mixin.py:190} INFO - [2025-04-24T21:43:04.462+0000] {dag.py:4180} INFO - Setting next_dagrun for example_skip_dag to 2025-04-23 00:00:00+00:00, run_after=2025-04-24 00:00:00+00:00
[2025-04-24T21:43:04.925+0000] {processor.py:208} INFO - Processing /home/airflow/.local/lib/python3.12/site-packages/airflow/example_dags/example_skip_dag.py took 1.905 seconds
[2025-04-24T21:46:03.215+0000] {processor.py:186} INFO - Started process (PID=966) to work on /home/airflow/.local/lib/python3.12/site-packages/airflow/example_dags/example_skip_dag.py
[2025-04-24T21:46:03.258+0000] {processor.py:914} INFO - Processing file /home/airflow/.local/lib/python3.12/site-packages/airflow/example_dags/example_skip_dag.py for tasks to queue
[2025-04-24T21:46:03.281+0000] {logging_mixin.py:190} INFO - [2025-04-24T21:46:03.280+0000] {dagbag.py:588} INFO - Filling up the DagBag from /home/airflow/.local/lib/python3.12/site-packages/airflow/example_dags/example_skip_dag.py
[2025-04-24T21:46:03.419+0000] {processor.py:925} INFO - DAG(s) 'example_skip_dag' retrieved from /home/airflow/.local/lib/python3.12/site-packages/airflow/example_dags/example_skip_dag.py
[2025-04-24T21:46:03.858+0000] {logging_mixin.py:190} INFO - [2025-04-24T21:46:03.857+0000] {dag.py:3239} INFO - Sync 1 DAGs
[2025-04-24T21:46:04.352+0000] {logging_mixin.py:190} INFO - [2025-04-24T21:46:04.352+0000] {dag.py:4180} INFO - Setting next_dagrun for example_skip_dag to 2025-04-23 00:00:00+00:00, run_after=2025-04-24 00:00:00+00:00
[2025-04-24T21:46:04.796+0000] {processor.py:208} INFO - Processing /home/airflow/.local/lib/python3.12/site-packages/airflow/example_dags/example_skip_dag.py took 1.670 seconds
