[2025-04-24T21:20:53.795+0000] {processor.py:186} INFO - Started process (PID=98) to work on /home/airflow/.local/lib/python3.12/site-packages/airflow/example_dags/example_inlet_event_extra.py
[2025-04-24T21:20:53.833+0000] {processor.py:914} INFO - Processing file /home/airflow/.local/lib/python3.12/site-packages/airflow/example_dags/example_inlet_event_extra.py for tasks to queue
[2025-04-24T21:20:53.875+0000] {logging_mixin.py:190} INFO - [2025-04-24T21:20:53.875+0000] {dagbag.py:588} INFO - Filling up the DagBag from /home/airflow/.local/lib/python3.12/site-packages/airflow/example_dags/example_inlet_event_extra.py
[2025-04-24T21:21:12.249+0000] {processor.py:925} INFO - DAG(s) 'read_dataset_event', 'read_dataset_event_from_classic' retrieved from /home/airflow/.local/lib/python3.12/site-packages/airflow/example_dags/example_inlet_event_extra.py
[2025-04-24T21:21:13.371+0000] {logging_mixin.py:190} INFO - [2025-04-24T21:21:13.370+0000] {dag.py:3239} INFO - Sync 2 DAGs
[2025-04-24T21:21:15.256+0000] {logging_mixin.py:190} INFO - [2025-04-24T21:21:15.256+0000] {dag.py:4180} INFO - Setting next_dagrun for read_dataset_event to 2025-04-23 00:00:00+00:00, run_after=2025-04-24 00:00:00+00:00
[2025-04-24T21:21:15.579+0000] {logging_mixin.py:190} INFO - [2025-04-24T21:21:15.568+0000] {dag.py:4180} INFO - Setting next_dagrun for read_dataset_event_from_classic to 2025-04-23 00:00:00+00:00, run_after=2025-04-24 00:00:00+00:00
[2025-04-24T21:21:15.830+0000] {processor.py:208} INFO - Processing /home/airflow/.local/lib/python3.12/site-packages/airflow/example_dags/example_inlet_event_extra.py took 22.185 seconds
[2025-04-24T21:23:15.611+0000] {processor.py:186} INFO - Started process (PID=178) to work on /home/airflow/.local/lib/python3.12/site-packages/airflow/example_dags/example_inlet_event_extra.py
[2025-04-24T21:23:15.704+0000] {processor.py:914} INFO - Processing file /home/airflow/.local/lib/python3.12/site-packages/airflow/example_dags/example_inlet_event_extra.py for tasks to queue
[2025-04-24T21:23:15.720+0000] {logging_mixin.py:190} INFO - [2025-04-24T21:23:15.719+0000] {dagbag.py:588} INFO - Filling up the DagBag from /home/airflow/.local/lib/python3.12/site-packages/airflow/example_dags/example_inlet_event_extra.py
[2025-04-24T21:23:31.728+0000] {processor.py:925} INFO - DAG(s) 'read_dataset_event_from_classic', 'read_dataset_event' retrieved from /home/airflow/.local/lib/python3.12/site-packages/airflow/example_dags/example_inlet_event_extra.py
[2025-04-24T21:23:32.053+0000] {logging_mixin.py:190} INFO - [2025-04-24T21:23:32.051+0000] {dag.py:3239} INFO - Sync 2 DAGs
[2025-04-24T21:23:32.821+0000] {logging_mixin.py:190} INFO - [2025-04-24T21:23:32.821+0000] {dag.py:4180} INFO - Setting next_dagrun for read_dataset_event to 2025-04-23 00:00:00+00:00, run_after=2025-04-24 00:00:00+00:00
[2025-04-24T21:23:33.008+0000] {logging_mixin.py:190} INFO - [2025-04-24T21:23:33.006+0000] {dag.py:4180} INFO - Setting next_dagrun for read_dataset_event_from_classic to 2025-04-23 00:00:00+00:00, run_after=2025-04-24 00:00:00+00:00
[2025-04-24T21:23:33.521+0000] {processor.py:208} INFO - Processing /home/airflow/.local/lib/python3.12/site-packages/airflow/example_dags/example_inlet_event_extra.py took 17.996 seconds
[2025-04-24T21:24:55.632+0000] {processor.py:186} INFO - Started process (PID=241) to work on /home/airflow/.local/lib/python3.12/site-packages/airflow/example_dags/example_inlet_event_extra.py
[2025-04-24T21:24:55.658+0000] {processor.py:914} INFO - Processing file /home/airflow/.local/lib/python3.12/site-packages/airflow/example_dags/example_inlet_event_extra.py for tasks to queue
[2025-04-24T21:24:55.764+0000] {logging_mixin.py:190} INFO - [2025-04-24T21:24:55.758+0000] {dagbag.py:588} INFO - Filling up the DagBag from /home/airflow/.local/lib/python3.12/site-packages/airflow/example_dags/example_inlet_event_extra.py
[2025-04-24T21:25:13.181+0000] {processor.py:925} INFO - DAG(s) 'read_dataset_event', 'read_dataset_event_from_classic' retrieved from /home/airflow/.local/lib/python3.12/site-packages/airflow/example_dags/example_inlet_event_extra.py
[2025-04-24T21:25:13.569+0000] {logging_mixin.py:190} INFO - [2025-04-24T21:25:13.569+0000] {dag.py:3239} INFO - Sync 2 DAGs
[2025-04-24T21:25:14.527+0000] {logging_mixin.py:190} INFO - [2025-04-24T21:25:14.526+0000] {dag.py:4180} INFO - Setting next_dagrun for read_dataset_event to 2025-04-23 00:00:00+00:00, run_after=2025-04-24 00:00:00+00:00
[2025-04-24T21:25:14.750+0000] {logging_mixin.py:190} INFO - [2025-04-24T21:25:14.749+0000] {dag.py:4180} INFO - Setting next_dagrun for read_dataset_event_from_classic to 2025-04-23 00:00:00+00:00, run_after=2025-04-24 00:00:00+00:00
[2025-04-24T21:25:15.241+0000] {processor.py:208} INFO - Processing /home/airflow/.local/lib/python3.12/site-packages/airflow/example_dags/example_inlet_event_extra.py took 20.154 seconds
[2025-04-24T21:26:43.237+0000] {processor.py:186} INFO - Started process (PID=299) to work on /home/airflow/.local/lib/python3.12/site-packages/airflow/example_dags/example_inlet_event_extra.py
[2025-04-24T21:26:43.241+0000] {processor.py:914} INFO - Processing file /home/airflow/.local/lib/python3.12/site-packages/airflow/example_dags/example_inlet_event_extra.py for tasks to queue
[2025-04-24T21:26:43.256+0000] {logging_mixin.py:190} INFO - [2025-04-24T21:26:43.244+0000] {dagbag.py:588} INFO - Filling up the DagBag from /home/airflow/.local/lib/python3.12/site-packages/airflow/example_dags/example_inlet_event_extra.py
[2025-04-24T21:26:59.119+0000] {processor.py:925} INFO - DAG(s) 'read_dataset_event', 'read_dataset_event_from_classic' retrieved from /home/airflow/.local/lib/python3.12/site-packages/airflow/example_dags/example_inlet_event_extra.py
[2025-04-24T21:26:59.708+0000] {logging_mixin.py:190} INFO - [2025-04-24T21:26:59.707+0000] {dag.py:3239} INFO - Sync 2 DAGs
[2025-04-24T21:27:00.494+0000] {logging_mixin.py:190} INFO - [2025-04-24T21:27:00.494+0000] {dag.py:4180} INFO - Setting next_dagrun for read_dataset_event to 2025-04-23 00:00:00+00:00, run_after=2025-04-24 00:00:00+00:00
[2025-04-24T21:27:00.622+0000] {logging_mixin.py:190} INFO - [2025-04-24T21:27:00.621+0000] {dag.py:4180} INFO - Setting next_dagrun for read_dataset_event_from_classic to 2025-04-23 00:00:00+00:00, run_after=2025-04-24 00:00:00+00:00
[2025-04-24T21:27:00.807+0000] {processor.py:208} INFO - Processing /home/airflow/.local/lib/python3.12/site-packages/airflow/example_dags/example_inlet_event_extra.py took 17.876 seconds
[2025-04-24T21:28:09.619+0000] {processor.py:186} INFO - Started process (PID=359) to work on /home/airflow/.local/lib/python3.12/site-packages/airflow/example_dags/example_inlet_event_extra.py
[2025-04-24T21:28:09.670+0000] {processor.py:914} INFO - Processing file /home/airflow/.local/lib/python3.12/site-packages/airflow/example_dags/example_inlet_event_extra.py for tasks to queue
[2025-04-24T21:28:09.921+0000] {logging_mixin.py:190} INFO - [2025-04-24T21:28:09.920+0000] {dagbag.py:588} INFO - Filling up the DagBag from /home/airflow/.local/lib/python3.12/site-packages/airflow/example_dags/example_inlet_event_extra.py
[2025-04-24T21:28:28.850+0000] {processor.py:925} INFO - DAG(s) 'read_dataset_event', 'read_dataset_event_from_classic' retrieved from /home/airflow/.local/lib/python3.12/site-packages/airflow/example_dags/example_inlet_event_extra.py
[2025-04-24T21:28:29.877+0000] {logging_mixin.py:190} INFO - [2025-04-24T21:28:29.876+0000] {dag.py:3239} INFO - Sync 2 DAGs
[2025-04-24T21:28:31.246+0000] {logging_mixin.py:190} INFO - [2025-04-24T21:28:31.236+0000] {dag.py:4180} INFO - Setting next_dagrun for read_dataset_event to 2025-04-23 00:00:00+00:00, run_after=2025-04-24 00:00:00+00:00
[2025-04-24T21:28:31.390+0000] {logging_mixin.py:190} INFO - [2025-04-24T21:28:31.351+0000] {dag.py:4180} INFO - Setting next_dagrun for read_dataset_event_from_classic to 2025-04-23 00:00:00+00:00, run_after=2025-04-24 00:00:00+00:00
[2025-04-24T21:28:32.337+0000] {processor.py:208} INFO - Processing /home/airflow/.local/lib/python3.12/site-packages/airflow/example_dags/example_inlet_event_extra.py took 23.088 seconds
[2025-04-24T21:30:07.004+0000] {processor.py:186} INFO - Started process (PID=419) to work on /home/airflow/.local/lib/python3.12/site-packages/airflow/example_dags/example_inlet_event_extra.py
[2025-04-24T21:30:07.031+0000] {processor.py:914} INFO - Processing file /home/airflow/.local/lib/python3.12/site-packages/airflow/example_dags/example_inlet_event_extra.py for tasks to queue
[2025-04-24T21:30:07.122+0000] {logging_mixin.py:190} INFO - [2025-04-24T21:30:07.122+0000] {dagbag.py:588} INFO - Filling up the DagBag from /home/airflow/.local/lib/python3.12/site-packages/airflow/example_dags/example_inlet_event_extra.py
[2025-04-24T21:30:24.953+0000] {processor.py:925} INFO - DAG(s) 'read_dataset_event_from_classic', 'read_dataset_event' retrieved from /home/airflow/.local/lib/python3.12/site-packages/airflow/example_dags/example_inlet_event_extra.py
[2025-04-24T21:30:25.284+0000] {logging_mixin.py:190} INFO - [2025-04-24T21:30:25.283+0000] {dag.py:3239} INFO - Sync 2 DAGs
[2025-04-24T21:30:26.302+0000] {logging_mixin.py:190} INFO - [2025-04-24T21:30:26.302+0000] {dag.py:4180} INFO - Setting next_dagrun for read_dataset_event to 2025-04-23 00:00:00+00:00, run_after=2025-04-24 00:00:00+00:00
[2025-04-24T21:30:26.477+0000] {logging_mixin.py:190} INFO - [2025-04-24T21:30:26.476+0000] {dag.py:4180} INFO - Setting next_dagrun for read_dataset_event_from_classic to 2025-04-23 00:00:00+00:00, run_after=2025-04-24 00:00:00+00:00
[2025-04-24T21:30:26.806+0000] {processor.py:208} INFO - Processing /home/airflow/.local/lib/python3.12/site-packages/airflow/example_dags/example_inlet_event_extra.py took 20.169 seconds
[2025-04-24T21:31:51.850+0000] {processor.py:186} INFO - Started process (PID=484) to work on /home/airflow/.local/lib/python3.12/site-packages/airflow/example_dags/example_inlet_event_extra.py
[2025-04-24T21:31:51.863+0000] {processor.py:914} INFO - Processing file /home/airflow/.local/lib/python3.12/site-packages/airflow/example_dags/example_inlet_event_extra.py for tasks to queue
[2025-04-24T21:31:51.894+0000] {logging_mixin.py:190} INFO - [2025-04-24T21:31:51.893+0000] {dagbag.py:588} INFO - Filling up the DagBag from /home/airflow/.local/lib/python3.12/site-packages/airflow/example_dags/example_inlet_event_extra.py
[2025-04-24T21:32:10.336+0000] {processor.py:925} INFO - DAG(s) 'read_dataset_event', 'read_dataset_event_from_classic' retrieved from /home/airflow/.local/lib/python3.12/site-packages/airflow/example_dags/example_inlet_event_extra.py
[2025-04-24T21:32:11.704+0000] {logging_mixin.py:190} INFO - [2025-04-24T21:32:11.703+0000] {dag.py:3239} INFO - Sync 2 DAGs
[2025-04-24T21:32:13.107+0000] {logging_mixin.py:190} INFO - [2025-04-24T21:32:13.107+0000] {dag.py:4180} INFO - Setting next_dagrun for read_dataset_event to 2025-04-23 00:00:00+00:00, run_after=2025-04-24 00:00:00+00:00
[2025-04-24T21:32:13.525+0000] {logging_mixin.py:190} INFO - [2025-04-24T21:32:13.461+0000] {dag.py:4180} INFO - Setting next_dagrun for read_dataset_event_from_classic to 2025-04-23 00:00:00+00:00, run_after=2025-04-24 00:00:00+00:00
[2025-04-24T21:32:14.075+0000] {processor.py:208} INFO - Processing /home/airflow/.local/lib/python3.12/site-packages/airflow/example_dags/example_inlet_event_extra.py took 22.304 seconds
[2025-04-24T21:33:36.415+0000] {processor.py:186} INFO - Started process (PID=541) to work on /home/airflow/.local/lib/python3.12/site-packages/airflow/example_dags/example_inlet_event_extra.py
[2025-04-24T21:33:36.430+0000] {processor.py:914} INFO - Processing file /home/airflow/.local/lib/python3.12/site-packages/airflow/example_dags/example_inlet_event_extra.py for tasks to queue
[2025-04-24T21:33:36.515+0000] {logging_mixin.py:190} INFO - [2025-04-24T21:33:36.514+0000] {dagbag.py:588} INFO - Filling up the DagBag from /home/airflow/.local/lib/python3.12/site-packages/airflow/example_dags/example_inlet_event_extra.py
[2025-04-24T21:33:59.616+0000] {processor.py:925} INFO - DAG(s) 'read_dataset_event_from_classic', 'read_dataset_event' retrieved from /home/airflow/.local/lib/python3.12/site-packages/airflow/example_dags/example_inlet_event_extra.py
[2025-04-24T21:33:59.858+0000] {logging_mixin.py:190} INFO - [2025-04-24T21:33:59.857+0000] {dag.py:3239} INFO - Sync 2 DAGs
[2025-04-24T21:34:00.208+0000] {logging_mixin.py:190} INFO - [2025-04-24T21:34:00.207+0000] {dag.py:4180} INFO - Setting next_dagrun for read_dataset_event to 2025-04-23 00:00:00+00:00, run_after=2025-04-24 00:00:00+00:00
[2025-04-24T21:34:00.265+0000] {logging_mixin.py:190} INFO - [2025-04-24T21:34:00.265+0000] {dag.py:4180} INFO - Setting next_dagrun for read_dataset_event_from_classic to 2025-04-23 00:00:00+00:00, run_after=2025-04-24 00:00:00+00:00
[2025-04-24T21:34:00.581+0000] {processor.py:208} INFO - Processing /home/airflow/.local/lib/python3.12/site-packages/airflow/example_dags/example_inlet_event_extra.py took 24.230 seconds
[2025-04-24T21:35:18.973+0000] {processor.py:186} INFO - Started process (PID=609) to work on /home/airflow/.local/lib/python3.12/site-packages/airflow/example_dags/example_inlet_event_extra.py
[2025-04-24T21:35:18.979+0000] {processor.py:914} INFO - Processing file /home/airflow/.local/lib/python3.12/site-packages/airflow/example_dags/example_inlet_event_extra.py for tasks to queue
[2025-04-24T21:35:18.994+0000] {logging_mixin.py:190} INFO - [2025-04-24T21:35:18.993+0000] {dagbag.py:588} INFO - Filling up the DagBag from /home/airflow/.local/lib/python3.12/site-packages/airflow/example_dags/example_inlet_event_extra.py
[2025-04-24T21:35:36.055+0000] {processor.py:925} INFO - DAG(s) 'read_dataset_event', 'read_dataset_event_from_classic' retrieved from /home/airflow/.local/lib/python3.12/site-packages/airflow/example_dags/example_inlet_event_extra.py
[2025-04-24T21:35:36.859+0000] {logging_mixin.py:190} INFO - [2025-04-24T21:35:36.858+0000] {dag.py:3239} INFO - Sync 2 DAGs
[2025-04-24T21:35:37.564+0000] {logging_mixin.py:190} INFO - [2025-04-24T21:35:37.563+0000] {dag.py:4180} INFO - Setting next_dagrun for read_dataset_event to 2025-04-23 00:00:00+00:00, run_after=2025-04-24 00:00:00+00:00
[2025-04-24T21:35:37.694+0000] {logging_mixin.py:190} INFO - [2025-04-24T21:35:37.693+0000] {dag.py:4180} INFO - Setting next_dagrun for read_dataset_event_from_classic to 2025-04-23 00:00:00+00:00, run_after=2025-04-24 00:00:00+00:00
[2025-04-24T21:35:38.078+0000] {processor.py:208} INFO - Processing /home/airflow/.local/lib/python3.12/site-packages/airflow/example_dags/example_inlet_event_extra.py took 19.178 seconds
[2025-04-24T21:37:16.121+0000] {processor.py:186} INFO - Started process (PID=664) to work on /home/airflow/.local/lib/python3.12/site-packages/airflow/example_dags/example_inlet_event_extra.py
[2025-04-24T21:37:16.139+0000] {processor.py:914} INFO - Processing file /home/airflow/.local/lib/python3.12/site-packages/airflow/example_dags/example_inlet_event_extra.py for tasks to queue
[2025-04-24T21:37:16.542+0000] {logging_mixin.py:190} INFO - [2025-04-24T21:37:16.541+0000] {dagbag.py:588} INFO - Filling up the DagBag from /home/airflow/.local/lib/python3.12/site-packages/airflow/example_dags/example_inlet_event_extra.py
[2025-04-24T21:37:37.574+0000] {processor.py:925} INFO - DAG(s) 'read_dataset_event', 'read_dataset_event_from_classic' retrieved from /home/airflow/.local/lib/python3.12/site-packages/airflow/example_dags/example_inlet_event_extra.py
[2025-04-24T21:37:37.942+0000] {logging_mixin.py:190} INFO - [2025-04-24T21:37:37.941+0000] {dag.py:3239} INFO - Sync 2 DAGs
[2025-04-24T21:37:38.734+0000] {logging_mixin.py:190} INFO - [2025-04-24T21:37:38.733+0000] {dag.py:4180} INFO - Setting next_dagrun for read_dataset_event to 2025-04-23 00:00:00+00:00, run_after=2025-04-24 00:00:00+00:00
[2025-04-24T21:37:39.126+0000] {logging_mixin.py:190} INFO - [2025-04-24T21:37:39.125+0000] {dag.py:4180} INFO - Setting next_dagrun for read_dataset_event_from_classic to 2025-04-23 00:00:00+00:00, run_after=2025-04-24 00:00:00+00:00
[2025-04-24T21:37:39.840+0000] {processor.py:208} INFO - Processing /home/airflow/.local/lib/python3.12/site-packages/airflow/example_dags/example_inlet_event_extra.py took 24.093 seconds
[2025-04-24T21:39:20.547+0000] {processor.py:186} INFO - Started process (PID=734) to work on /home/airflow/.local/lib/python3.12/site-packages/airflow/example_dags/example_inlet_event_extra.py
[2025-04-24T21:39:20.914+0000] {processor.py:914} INFO - Processing file /home/airflow/.local/lib/python3.12/site-packages/airflow/example_dags/example_inlet_event_extra.py for tasks to queue
[2025-04-24T21:39:20.953+0000] {logging_mixin.py:190} INFO - [2025-04-24T21:39:20.952+0000] {dagbag.py:588} INFO - Filling up the DagBag from /home/airflow/.local/lib/python3.12/site-packages/airflow/example_dags/example_inlet_event_extra.py
[2025-04-24T21:39:39.679+0000] {processor.py:925} INFO - DAG(s) 'read_dataset_event', 'read_dataset_event_from_classic' retrieved from /home/airflow/.local/lib/python3.12/site-packages/airflow/example_dags/example_inlet_event_extra.py
[2025-04-24T21:39:40.482+0000] {logging_mixin.py:190} INFO - [2025-04-24T21:39:40.481+0000] {dag.py:3239} INFO - Sync 2 DAGs
[2025-04-24T21:39:41.026+0000] {logging_mixin.py:190} INFO - [2025-04-24T21:39:40.964+0000] {dag.py:4180} INFO - Setting next_dagrun for read_dataset_event to 2025-04-23 00:00:00+00:00, run_after=2025-04-24 00:00:00+00:00
[2025-04-24T21:39:41.169+0000] {logging_mixin.py:190} INFO - [2025-04-24T21:39:41.169+0000] {dag.py:4180} INFO - Setting next_dagrun for read_dataset_event_from_classic to 2025-04-23 00:00:00+00:00, run_after=2025-04-24 00:00:00+00:00
[2025-04-24T21:39:41.477+0000] {processor.py:208} INFO - Processing /home/airflow/.local/lib/python3.12/site-packages/airflow/example_dags/example_inlet_event_extra.py took 21.083 seconds
[2025-04-24T21:41:22.161+0000] {processor.py:186} INFO - Started process (PID=794) to work on /home/airflow/.local/lib/python3.12/site-packages/airflow/example_dags/example_inlet_event_extra.py
[2025-04-24T21:41:22.181+0000] {processor.py:914} INFO - Processing file /home/airflow/.local/lib/python3.12/site-packages/airflow/example_dags/example_inlet_event_extra.py for tasks to queue
[2025-04-24T21:41:22.300+0000] {logging_mixin.py:190} INFO - [2025-04-24T21:41:22.299+0000] {dagbag.py:588} INFO - Filling up the DagBag from /home/airflow/.local/lib/python3.12/site-packages/airflow/example_dags/example_inlet_event_extra.py
[2025-04-24T21:41:45.190+0000] {processor.py:925} INFO - DAG(s) 'read_dataset_event_from_classic', 'read_dataset_event' retrieved from /home/airflow/.local/lib/python3.12/site-packages/airflow/example_dags/example_inlet_event_extra.py
[2025-04-24T21:41:45.468+0000] {logging_mixin.py:190} INFO - [2025-04-24T21:41:45.468+0000] {dag.py:3239} INFO - Sync 2 DAGs
[2025-04-24T21:41:45.744+0000] {logging_mixin.py:190} INFO - [2025-04-24T21:41:45.743+0000] {dag.py:4180} INFO - Setting next_dagrun for read_dataset_event to 2025-04-23 00:00:00+00:00, run_after=2025-04-24 00:00:00+00:00
[2025-04-24T21:41:45.835+0000] {logging_mixin.py:190} INFO - [2025-04-24T21:41:45.835+0000] {dag.py:4180} INFO - Setting next_dagrun for read_dataset_event_from_classic to 2025-04-23 00:00:00+00:00, run_after=2025-04-24 00:00:00+00:00
[2025-04-24T21:41:46.242+0000] {processor.py:208} INFO - Processing /home/airflow/.local/lib/python3.12/site-packages/airflow/example_dags/example_inlet_event_extra.py took 24.339 seconds
[2025-04-24T21:43:17.269+0000] {processor.py:186} INFO - Started process (PID=863) to work on /home/airflow/.local/lib/python3.12/site-packages/airflow/example_dags/example_inlet_event_extra.py
[2025-04-24T21:43:17.276+0000] {processor.py:914} INFO - Processing file /home/airflow/.local/lib/python3.12/site-packages/airflow/example_dags/example_inlet_event_extra.py for tasks to queue
[2025-04-24T21:43:17.364+0000] {logging_mixin.py:190} INFO - [2025-04-24T21:43:17.363+0000] {dagbag.py:588} INFO - Filling up the DagBag from /home/airflow/.local/lib/python3.12/site-packages/airflow/example_dags/example_inlet_event_extra.py
[2025-04-24T21:43:35.664+0000] {processor.py:925} INFO - DAG(s) 'read_dataset_event', 'read_dataset_event_from_classic' retrieved from /home/airflow/.local/lib/python3.12/site-packages/airflow/example_dags/example_inlet_event_extra.py
[2025-04-24T21:43:36.530+0000] {logging_mixin.py:190} INFO - [2025-04-24T21:43:36.530+0000] {dag.py:3239} INFO - Sync 2 DAGs
[2025-04-24T21:43:37.765+0000] {logging_mixin.py:190} INFO - [2025-04-24T21:43:37.765+0000] {dag.py:4180} INFO - Setting next_dagrun for read_dataset_event to 2025-04-23 00:00:00+00:00, run_after=2025-04-24 00:00:00+00:00
[2025-04-24T21:43:38.194+0000] {logging_mixin.py:190} INFO - [2025-04-24T21:43:38.193+0000] {dag.py:4180} INFO - Setting next_dagrun for read_dataset_event_from_classic to 2025-04-23 00:00:00+00:00, run_after=2025-04-24 00:00:00+00:00
[2025-04-24T21:43:38.814+0000] {processor.py:208} INFO - Processing /home/airflow/.local/lib/python3.12/site-packages/airflow/example_dags/example_inlet_event_extra.py took 21.658 seconds
[2025-04-24T21:44:52.071+0000] {processor.py:186} INFO - Started process (PID=919) to work on /home/airflow/.local/lib/python3.12/site-packages/airflow/example_dags/example_inlet_event_extra.py
[2025-04-24T21:44:52.109+0000] {processor.py:914} INFO - Processing file /home/airflow/.local/lib/python3.12/site-packages/airflow/example_dags/example_inlet_event_extra.py for tasks to queue
[2025-04-24T21:44:52.172+0000] {logging_mixin.py:190} INFO - [2025-04-24T21:44:52.171+0000] {dagbag.py:588} INFO - Filling up the DagBag from /home/airflow/.local/lib/python3.12/site-packages/airflow/example_dags/example_inlet_event_extra.py
[2025-04-24T21:45:04.626+0000] {processor.py:925} INFO - DAG(s) 'read_dataset_event', 'read_dataset_event_from_classic' retrieved from /home/airflow/.local/lib/python3.12/site-packages/airflow/example_dags/example_inlet_event_extra.py
[2025-04-24T21:45:04.860+0000] {logging_mixin.py:190} INFO - [2025-04-24T21:45:04.860+0000] {dag.py:3239} INFO - Sync 2 DAGs
[2025-04-24T21:45:05.238+0000] {logging_mixin.py:190} INFO - [2025-04-24T21:45:05.237+0000] {dag.py:4180} INFO - Setting next_dagrun for read_dataset_event to 2025-04-23 00:00:00+00:00, run_after=2025-04-24 00:00:00+00:00
[2025-04-24T21:45:05.393+0000] {logging_mixin.py:190} INFO - [2025-04-24T21:45:05.392+0000] {dag.py:4180} INFO - Setting next_dagrun for read_dataset_event_from_classic to 2025-04-23 00:00:00+00:00, run_after=2025-04-24 00:00:00+00:00
[2025-04-24T21:45:05.752+0000] {processor.py:208} INFO - Processing /home/airflow/.local/lib/python3.12/site-packages/airflow/example_dags/example_inlet_event_extra.py took 13.760 seconds
[2025-04-24T21:46:15.481+0000] {processor.py:186} INFO - Started process (PID=982) to work on /home/airflow/.local/lib/python3.12/site-packages/airflow/example_dags/example_inlet_event_extra.py
[2025-04-24T21:46:15.485+0000] {processor.py:914} INFO - Processing file /home/airflow/.local/lib/python3.12/site-packages/airflow/example_dags/example_inlet_event_extra.py for tasks to queue
[2025-04-24T21:46:15.499+0000] {logging_mixin.py:190} INFO - [2025-04-24T21:46:15.499+0000] {dagbag.py:588} INFO - Filling up the DagBag from /home/airflow/.local/lib/python3.12/site-packages/airflow/example_dags/example_inlet_event_extra.py
[2025-04-24T21:46:27.445+0000] {processor.py:925} INFO - DAG(s) 'read_dataset_event', 'read_dataset_event_from_classic' retrieved from /home/airflow/.local/lib/python3.12/site-packages/airflow/example_dags/example_inlet_event_extra.py
[2025-04-24T21:46:27.728+0000] {logging_mixin.py:190} INFO - [2025-04-24T21:46:27.727+0000] {dag.py:3239} INFO - Sync 2 DAGs
[2025-04-24T21:46:28.014+0000] {logging_mixin.py:190} INFO - [2025-04-24T21:46:28.013+0000] {dag.py:4180} INFO - Setting next_dagrun for read_dataset_event to 2025-04-23 00:00:00+00:00, run_after=2025-04-24 00:00:00+00:00
[2025-04-24T21:46:28.101+0000] {logging_mixin.py:190} INFO - [2025-04-24T21:46:28.100+0000] {dag.py:4180} INFO - Setting next_dagrun for read_dataset_event_from_classic to 2025-04-23 00:00:00+00:00, run_after=2025-04-24 00:00:00+00:00
[2025-04-24T21:46:28.716+0000] {processor.py:208} INFO - Processing /home/airflow/.local/lib/python3.12/site-packages/airflow/example_dags/example_inlet_event_extra.py took 13.395 seconds
