[2025-04-24T21:21:59.783+0000] {processor.py:186} INFO - Started process (PID=131) to work on /home/airflow/.local/lib/python3.12/site-packages/airflow/example_dags/example_python_decorator.py
[2025-04-24T21:21:59.808+0000] {processor.py:914} INFO - Processing file /home/airflow/.local/lib/python3.12/site-packages/airflow/example_dags/example_python_decorator.py for tasks to queue
[2025-04-24T21:21:59.867+0000] {logging_mixin.py:190} INFO - [2025-04-24T21:21:59.863+0000] {dagbag.py:588} INFO - Filling up the DagBag from /home/airflow/.local/lib/python3.12/site-packages/airflow/example_dags/example_python_decorator.py
[2025-04-24T21:22:00.055+0000] {processor.py:925} INFO - DAG(s) 'example_python_decorator' retrieved from /home/airflow/.local/lib/python3.12/site-packages/airflow/example_dags/example_python_decorator.py
[2025-04-24T21:22:03.037+0000] {logging_mixin.py:190} INFO - [2025-04-24T21:22:03.036+0000] {dag.py:3239} INFO - Sync 1 DAGs
[2025-04-24T21:22:03.475+0000] {logging_mixin.py:190} INFO - [2025-04-24T21:22:03.474+0000] {dag.py:4180} INFO - Setting next_dagrun for example_python_decorator to None, run_after=None
[2025-04-24T21:22:03.770+0000] {processor.py:208} INFO - Processing /home/airflow/.local/lib/python3.12/site-packages/airflow/example_dags/example_python_decorator.py took 4.151 seconds
[2025-04-24T21:24:24.289+0000] {processor.py:186} INFO - Started process (PID=216) to work on /home/airflow/.local/lib/python3.12/site-packages/airflow/example_dags/example_python_decorator.py
[2025-04-24T21:24:24.313+0000] {processor.py:914} INFO - Processing file /home/airflow/.local/lib/python3.12/site-packages/airflow/example_dags/example_python_decorator.py for tasks to queue
[2025-04-24T21:24:24.336+0000] {logging_mixin.py:190} INFO - [2025-04-24T21:24:24.335+0000] {dagbag.py:588} INFO - Filling up the DagBag from /home/airflow/.local/lib/python3.12/site-packages/airflow/example_dags/example_python_decorator.py
[2025-04-24T21:24:24.608+0000] {processor.py:925} INFO - DAG(s) 'example_python_decorator' retrieved from /home/airflow/.local/lib/python3.12/site-packages/airflow/example_dags/example_python_decorator.py
[2025-04-24T21:24:24.797+0000] {logging_mixin.py:190} INFO - [2025-04-24T21:24:24.796+0000] {dag.py:3239} INFO - Sync 1 DAGs
[2025-04-24T21:24:24.963+0000] {logging_mixin.py:190} INFO - [2025-04-24T21:24:24.962+0000] {dag.py:4180} INFO - Setting next_dagrun for example_python_decorator to None, run_after=None
[2025-04-24T21:24:25.398+0000] {processor.py:208} INFO - Processing /home/airflow/.local/lib/python3.12/site-packages/airflow/example_dags/example_python_decorator.py took 1.203 seconds
[2025-04-24T21:27:37.605+0000] {processor.py:186} INFO - Started process (PID=332) to work on /home/airflow/.local/lib/python3.12/site-packages/airflow/example_dags/example_python_decorator.py
[2025-04-24T21:27:37.620+0000] {processor.py:914} INFO - Processing file /home/airflow/.local/lib/python3.12/site-packages/airflow/example_dags/example_python_decorator.py for tasks to queue
[2025-04-24T21:27:37.641+0000] {logging_mixin.py:190} INFO - [2025-04-24T21:27:37.640+0000] {dagbag.py:588} INFO - Filling up the DagBag from /home/airflow/.local/lib/python3.12/site-packages/airflow/example_dags/example_python_decorator.py
[2025-04-24T21:27:38.005+0000] {processor.py:925} INFO - DAG(s) 'example_python_decorator' retrieved from /home/airflow/.local/lib/python3.12/site-packages/airflow/example_dags/example_python_decorator.py
[2025-04-24T21:27:38.422+0000] {logging_mixin.py:190} INFO - [2025-04-24T21:27:38.421+0000] {dag.py:3239} INFO - Sync 1 DAGs
[2025-04-24T21:27:38.616+0000] {logging_mixin.py:190} INFO - [2025-04-24T21:27:38.616+0000] {dag.py:4180} INFO - Setting next_dagrun for example_python_decorator to None, run_after=None
[2025-04-24T21:27:38.902+0000] {processor.py:208} INFO - Processing /home/airflow/.local/lib/python3.12/site-packages/airflow/example_dags/example_python_decorator.py took 1.363 seconds
[2025-04-24T21:31:09.268+0000] {processor.py:186} INFO - Started process (PID=453) to work on /home/airflow/.local/lib/python3.12/site-packages/airflow/example_dags/example_python_decorator.py
[2025-04-24T21:31:09.301+0000] {processor.py:914} INFO - Processing file /home/airflow/.local/lib/python3.12/site-packages/airflow/example_dags/example_python_decorator.py for tasks to queue
[2025-04-24T21:31:09.306+0000] {logging_mixin.py:190} INFO - [2025-04-24T21:31:09.305+0000] {dagbag.py:588} INFO - Filling up the DagBag from /home/airflow/.local/lib/python3.12/site-packages/airflow/example_dags/example_python_decorator.py
[2025-04-24T21:31:09.716+0000] {processor.py:925} INFO - DAG(s) 'example_python_decorator' retrieved from /home/airflow/.local/lib/python3.12/site-packages/airflow/example_dags/example_python_decorator.py
[2025-04-24T21:31:10.505+0000] {logging_mixin.py:190} INFO - [2025-04-24T21:31:10.504+0000] {dag.py:3239} INFO - Sync 1 DAGs
[2025-04-24T21:31:11.762+0000] {logging_mixin.py:190} INFO - [2025-04-24T21:31:11.762+0000] {dag.py:4180} INFO - Setting next_dagrun for example_python_decorator to None, run_after=None
[2025-04-24T21:31:12.013+0000] {processor.py:208} INFO - Processing /home/airflow/.local/lib/python3.12/site-packages/airflow/example_dags/example_python_decorator.py took 2.924 seconds
[2025-04-24T21:32:58.806+0000] {processor.py:186} INFO - Started process (PID=516) to work on /home/airflow/.local/lib/python3.12/site-packages/airflow/example_dags/example_python_decorator.py
[2025-04-24T21:32:58.810+0000] {processor.py:914} INFO - Processing file /home/airflow/.local/lib/python3.12/site-packages/airflow/example_dags/example_python_decorator.py for tasks to queue
[2025-04-24T21:32:58.847+0000] {logging_mixin.py:190} INFO - [2025-04-24T21:32:58.846+0000] {dagbag.py:588} INFO - Filling up the DagBag from /home/airflow/.local/lib/python3.12/site-packages/airflow/example_dags/example_python_decorator.py
[2025-04-24T21:32:59.019+0000] {processor.py:925} INFO - DAG(s) 'example_python_decorator' retrieved from /home/airflow/.local/lib/python3.12/site-packages/airflow/example_dags/example_python_decorator.py
[2025-04-24T21:32:59.547+0000] {logging_mixin.py:190} INFO - [2025-04-24T21:32:59.546+0000] {dag.py:3239} INFO - Sync 1 DAGs
[2025-04-24T21:32:59.744+0000] {logging_mixin.py:190} INFO - [2025-04-24T21:32:59.744+0000] {dag.py:4180} INFO - Setting next_dagrun for example_python_decorator to None, run_after=None
[2025-04-24T21:33:00.226+0000] {processor.py:208} INFO - Processing /home/airflow/.local/lib/python3.12/site-packages/airflow/example_dags/example_python_decorator.py took 1.542 seconds
[2025-04-24T21:36:21.709+0000] {processor.py:186} INFO - Started process (PID=639) to work on /home/airflow/.local/lib/python3.12/site-packages/airflow/example_dags/example_python_decorator.py
[2025-04-24T21:36:21.747+0000] {processor.py:914} INFO - Processing file /home/airflow/.local/lib/python3.12/site-packages/airflow/example_dags/example_python_decorator.py for tasks to queue
[2025-04-24T21:36:21.823+0000] {logging_mixin.py:190} INFO - [2025-04-24T21:36:21.818+0000] {dagbag.py:588} INFO - Filling up the DagBag from /home/airflow/.local/lib/python3.12/site-packages/airflow/example_dags/example_python_decorator.py
[2025-04-24T21:36:22.212+0000] {processor.py:925} INFO - DAG(s) 'example_python_decorator' retrieved from /home/airflow/.local/lib/python3.12/site-packages/airflow/example_dags/example_python_decorator.py
[2025-04-24T21:36:22.925+0000] {logging_mixin.py:190} INFO - [2025-04-24T21:36:22.924+0000] {dag.py:3239} INFO - Sync 1 DAGs
[2025-04-24T21:36:23.090+0000] {logging_mixin.py:190} INFO - [2025-04-24T21:36:23.090+0000] {dag.py:4180} INFO - Setting next_dagrun for example_python_decorator to None, run_after=None
[2025-04-24T21:36:23.479+0000] {processor.py:208} INFO - Processing /home/airflow/.local/lib/python3.12/site-packages/airflow/example_dags/example_python_decorator.py took 1.823 seconds
[2025-04-24T21:38:38.806+0000] {processor.py:186} INFO - Started process (PID=703) to work on /home/airflow/.local/lib/python3.12/site-packages/airflow/example_dags/example_python_decorator.py
[2025-04-24T21:38:38.807+0000] {processor.py:914} INFO - Processing file /home/airflow/.local/lib/python3.12/site-packages/airflow/example_dags/example_python_decorator.py for tasks to queue
[2025-04-24T21:38:38.814+0000] {logging_mixin.py:190} INFO - [2025-04-24T21:38:38.813+0000] {dagbag.py:588} INFO - Filling up the DagBag from /home/airflow/.local/lib/python3.12/site-packages/airflow/example_dags/example_python_decorator.py
[2025-04-24T21:38:39.270+0000] {processor.py:925} INFO - DAG(s) 'example_python_decorator' retrieved from /home/airflow/.local/lib/python3.12/site-packages/airflow/example_dags/example_python_decorator.py
[2025-04-24T21:38:39.710+0000] {logging_mixin.py:190} INFO - [2025-04-24T21:38:39.710+0000] {dag.py:3239} INFO - Sync 1 DAGs
[2025-04-24T21:38:40.082+0000] {logging_mixin.py:190} INFO - [2025-04-24T21:38:40.080+0000] {dag.py:4180} INFO - Setting next_dagrun for example_python_decorator to None, run_after=None
[2025-04-24T21:38:40.776+0000] {processor.py:208} INFO - Processing /home/airflow/.local/lib/python3.12/site-packages/airflow/example_dags/example_python_decorator.py took 2.095 seconds
[2025-04-24T21:42:32.849+0000] {processor.py:186} INFO - Started process (PID=832) to work on /home/airflow/.local/lib/python3.12/site-packages/airflow/example_dags/example_python_decorator.py
[2025-04-24T21:42:32.965+0000] {processor.py:914} INFO - Processing file /home/airflow/.local/lib/python3.12/site-packages/airflow/example_dags/example_python_decorator.py for tasks to queue
[2025-04-24T21:42:32.997+0000] {logging_mixin.py:190} INFO - [2025-04-24T21:42:32.997+0000] {dagbag.py:588} INFO - Filling up the DagBag from /home/airflow/.local/lib/python3.12/site-packages/airflow/example_dags/example_python_decorator.py
[2025-04-24T21:42:33.483+0000] {processor.py:925} INFO - DAG(s) 'example_python_decorator' retrieved from /home/airflow/.local/lib/python3.12/site-packages/airflow/example_dags/example_python_decorator.py
[2025-04-24T21:42:33.773+0000] {logging_mixin.py:190} INFO - [2025-04-24T21:42:33.771+0000] {dag.py:3239} INFO - Sync 1 DAGs
[2025-04-24T21:42:34.598+0000] {logging_mixin.py:190} INFO - [2025-04-24T21:42:34.598+0000] {dag.py:4180} INFO - Setting next_dagrun for example_python_decorator to None, run_after=None
[2025-04-24T21:42:35.365+0000] {processor.py:208} INFO - Processing /home/airflow/.local/lib/python3.12/site-packages/airflow/example_dags/example_python_decorator.py took 2.552 seconds
[2025-04-24T21:44:12.253+0000] {processor.py:186} INFO - Started process (PID=895) to work on /home/airflow/.local/lib/python3.12/site-packages/airflow/example_dags/example_python_decorator.py
[2025-04-24T21:44:12.288+0000] {processor.py:914} INFO - Processing file /home/airflow/.local/lib/python3.12/site-packages/airflow/example_dags/example_python_decorator.py for tasks to queue
[2025-04-24T21:44:12.393+0000] {logging_mixin.py:190} INFO - [2025-04-24T21:44:12.392+0000] {dagbag.py:588} INFO - Filling up the DagBag from /home/airflow/.local/lib/python3.12/site-packages/airflow/example_dags/example_python_decorator.py
[2025-04-24T21:44:12.633+0000] {processor.py:925} INFO - DAG(s) 'example_python_decorator' retrieved from /home/airflow/.local/lib/python3.12/site-packages/airflow/example_dags/example_python_decorator.py
[2025-04-24T21:44:13.061+0000] {logging_mixin.py:190} INFO - [2025-04-24T21:44:13.060+0000] {dag.py:3239} INFO - Sync 1 DAGs
[2025-04-24T21:44:13.634+0000] {logging_mixin.py:190} INFO - [2025-04-24T21:44:13.634+0000] {dag.py:4180} INFO - Setting next_dagrun for example_python_decorator to None, run_after=None
[2025-04-24T21:44:14.416+0000] {processor.py:208} INFO - Processing /home/airflow/.local/lib/python3.12/site-packages/airflow/example_dags/example_python_decorator.py took 2.278 seconds
