[2025-04-24T21:22:43.281+0000] {processor.py:186} INFO - Started process (PID=155) to work on /home/airflow/.local/lib/python3.12/site-packages/airflow/example_dags/example_setup_teardown_taskflow.py
[2025-04-24T21:22:43.293+0000] {processor.py:914} INFO - Processing file /home/airflow/.local/lib/python3.12/site-packages/airflow/example_dags/example_setup_teardown_taskflow.py for tasks to queue
[2025-04-24T21:22:43.319+0000] {logging_mixin.py:190} INFO - [2025-04-24T21:22:43.318+0000] {dagbag.py:588} INFO - Filling up the DagBag from /home/airflow/.local/lib/python3.12/site-packages/airflow/example_dags/example_setup_teardown_taskflow.py
[2025-04-24T21:22:43.599+0000] {processor.py:925} INFO - DAG(s) 'example_setup_teardown_taskflow' retrieved from /home/airflow/.local/lib/python3.12/site-packages/airflow/example_dags/example_setup_teardown_taskflow.py
[2025-04-24T21:22:44.741+0000] {logging_mixin.py:190} INFO - [2025-04-24T21:22:44.740+0000] {dag.py:3239} INFO - Sync 1 DAGs
[2025-04-24T21:22:46.208+0000] {logging_mixin.py:190} INFO - [2025-04-24T21:22:46.207+0000] {dag.py:4180} INFO - Setting next_dagrun for example_setup_teardown_taskflow to None, run_after=None
[2025-04-24T21:22:47.304+0000] {processor.py:208} INFO - Processing /home/airflow/.local/lib/python3.12/site-packages/airflow/example_dags/example_setup_teardown_taskflow.py took 4.168 seconds
[2025-04-24T21:26:06.931+0000] {processor.py:186} INFO - Started process (PID=276) to work on /home/airflow/.local/lib/python3.12/site-packages/airflow/example_dags/example_setup_teardown_taskflow.py
[2025-04-24T21:26:06.936+0000] {processor.py:914} INFO - Processing file /home/airflow/.local/lib/python3.12/site-packages/airflow/example_dags/example_setup_teardown_taskflow.py for tasks to queue
[2025-04-24T21:26:06.954+0000] {logging_mixin.py:190} INFO - [2025-04-24T21:26:06.953+0000] {dagbag.py:588} INFO - Filling up the DagBag from /home/airflow/.local/lib/python3.12/site-packages/airflow/example_dags/example_setup_teardown_taskflow.py
[2025-04-24T21:26:07.117+0000] {processor.py:925} INFO - DAG(s) 'example_setup_teardown_taskflow' retrieved from /home/airflow/.local/lib/python3.12/site-packages/airflow/example_dags/example_setup_teardown_taskflow.py
[2025-04-24T21:26:07.821+0000] {logging_mixin.py:190} INFO - [2025-04-24T21:26:07.821+0000] {dag.py:3239} INFO - Sync 1 DAGs
[2025-04-24T21:26:08.153+0000] {logging_mixin.py:190} INFO - [2025-04-24T21:26:08.059+0000] {dag.py:4180} INFO - Setting next_dagrun for example_setup_teardown_taskflow to None, run_after=None
[2025-04-24T21:26:09.516+0000] {processor.py:208} INFO - Processing /home/airflow/.local/lib/python3.12/site-packages/airflow/example_dags/example_setup_teardown_taskflow.py took 2.780 seconds
[2025-04-24T21:29:14.046+0000] {processor.py:186} INFO - Started process (PID=390) to work on /home/airflow/.local/lib/python3.12/site-packages/airflow/example_dags/example_setup_teardown_taskflow.py
[2025-04-24T21:29:14.226+0000] {processor.py:914} INFO - Processing file /home/airflow/.local/lib/python3.12/site-packages/airflow/example_dags/example_setup_teardown_taskflow.py for tasks to queue
[2025-04-24T21:29:14.318+0000] {logging_mixin.py:190} INFO - [2025-04-24T21:29:14.317+0000] {dagbag.py:588} INFO - Filling up the DagBag from /home/airflow/.local/lib/python3.12/site-packages/airflow/example_dags/example_setup_teardown_taskflow.py
[2025-04-24T21:29:15.269+0000] {processor.py:925} INFO - DAG(s) 'example_setup_teardown_taskflow' retrieved from /home/airflow/.local/lib/python3.12/site-packages/airflow/example_dags/example_setup_teardown_taskflow.py
[2025-04-24T21:29:16.036+0000] {logging_mixin.py:190} INFO - [2025-04-24T21:29:15.946+0000] {dag.py:3239} INFO - Sync 1 DAGs
[2025-04-24T21:29:16.947+0000] {logging_mixin.py:190} INFO - [2025-04-24T21:29:16.947+0000] {dag.py:4180} INFO - Setting next_dagrun for example_setup_teardown_taskflow to None, run_after=None
[2025-04-24T21:29:17.562+0000] {processor.py:208} INFO - Processing /home/airflow/.local/lib/python3.12/site-packages/airflow/example_dags/example_setup_teardown_taskflow.py took 3.607 seconds
[2025-04-24T21:31:44.418+0000] {processor.py:186} INFO - Started process (PID=477) to work on /home/airflow/.local/lib/python3.12/site-packages/airflow/example_dags/example_setup_teardown_taskflow.py
[2025-04-24T21:31:44.473+0000] {processor.py:914} INFO - Processing file /home/airflow/.local/lib/python3.12/site-packages/airflow/example_dags/example_setup_teardown_taskflow.py for tasks to queue
[2025-04-24T21:31:44.541+0000] {logging_mixin.py:190} INFO - [2025-04-24T21:31:44.540+0000] {dagbag.py:588} INFO - Filling up the DagBag from /home/airflow/.local/lib/python3.12/site-packages/airflow/example_dags/example_setup_teardown_taskflow.py
[2025-04-24T21:31:44.852+0000] {processor.py:925} INFO - DAG(s) 'example_setup_teardown_taskflow' retrieved from /home/airflow/.local/lib/python3.12/site-packages/airflow/example_dags/example_setup_teardown_taskflow.py
[2025-04-24T21:31:45.063+0000] {logging_mixin.py:190} INFO - [2025-04-24T21:31:45.062+0000] {dag.py:3239} INFO - Sync 1 DAGs
[2025-04-24T21:31:45.351+0000] {logging_mixin.py:190} INFO - [2025-04-24T21:31:45.347+0000] {dag.py:4180} INFO - Setting next_dagrun for example_setup_teardown_taskflow to None, run_after=None
[2025-04-24T21:31:45.904+0000] {processor.py:208} INFO - Processing /home/airflow/.local/lib/python3.12/site-packages/airflow/example_dags/example_setup_teardown_taskflow.py took 1.591 seconds
[2025-04-24T21:35:08.356+0000] {processor.py:186} INFO - Started process (PID=596) to work on /home/airflow/.local/lib/python3.12/site-packages/airflow/example_dags/example_setup_teardown_taskflow.py
[2025-04-24T21:35:08.409+0000] {processor.py:914} INFO - Processing file /home/airflow/.local/lib/python3.12/site-packages/airflow/example_dags/example_setup_teardown_taskflow.py for tasks to queue
[2025-04-24T21:35:08.452+0000] {logging_mixin.py:190} INFO - [2025-04-24T21:35:08.452+0000] {dagbag.py:588} INFO - Filling up the DagBag from /home/airflow/.local/lib/python3.12/site-packages/airflow/example_dags/example_setup_teardown_taskflow.py
[2025-04-24T21:35:09.036+0000] {processor.py:925} INFO - DAG(s) 'example_setup_teardown_taskflow' retrieved from /home/airflow/.local/lib/python3.12/site-packages/airflow/example_dags/example_setup_teardown_taskflow.py
[2025-04-24T21:35:09.795+0000] {logging_mixin.py:190} INFO - [2025-04-24T21:35:09.791+0000] {dag.py:3239} INFO - Sync 1 DAGs
[2025-04-24T21:35:10.172+0000] {logging_mixin.py:190} INFO - [2025-04-24T21:35:10.148+0000] {dag.py:4180} INFO - Setting next_dagrun for example_setup_teardown_taskflow to None, run_after=None
[2025-04-24T21:35:10.381+0000] {processor.py:208} INFO - Processing /home/airflow/.local/lib/python3.12/site-packages/airflow/example_dags/example_setup_teardown_taskflow.py took 2.119 seconds
[2025-04-24T21:39:08.207+0000] {processor.py:186} INFO - Started process (PID=727) to work on /home/airflow/.local/lib/python3.12/site-packages/airflow/example_dags/example_setup_teardown_taskflow.py
[2025-04-24T21:39:08.214+0000] {processor.py:914} INFO - Processing file /home/airflow/.local/lib/python3.12/site-packages/airflow/example_dags/example_setup_teardown_taskflow.py for tasks to queue
[2025-04-24T21:39:08.222+0000] {logging_mixin.py:190} INFO - [2025-04-24T21:39:08.222+0000] {dagbag.py:588} INFO - Filling up the DagBag from /home/airflow/.local/lib/python3.12/site-packages/airflow/example_dags/example_setup_teardown_taskflow.py
[2025-04-24T21:39:08.304+0000] {processor.py:925} INFO - DAG(s) 'example_setup_teardown_taskflow' retrieved from /home/airflow/.local/lib/python3.12/site-packages/airflow/example_dags/example_setup_teardown_taskflow.py
[2025-04-24T21:39:08.395+0000] {logging_mixin.py:190} INFO - [2025-04-24T21:39:08.394+0000] {dag.py:3239} INFO - Sync 1 DAGs
[2025-04-24T21:39:08.876+0000] {logging_mixin.py:190} INFO - [2025-04-24T21:39:08.876+0000] {dag.py:4180} INFO - Setting next_dagrun for example_setup_teardown_taskflow to None, run_after=None
[2025-04-24T21:39:09.879+0000] {processor.py:208} INFO - Processing /home/airflow/.local/lib/python3.12/site-packages/airflow/example_dags/example_setup_teardown_taskflow.py took 1.781 seconds
[2025-04-24T21:43:07.220+0000] {processor.py:186} INFO - Started process (PID=856) to work on /home/airflow/.local/lib/python3.12/site-packages/airflow/example_dags/example_setup_teardown_taskflow.py
[2025-04-24T21:43:07.272+0000] {processor.py:914} INFO - Processing file /home/airflow/.local/lib/python3.12/site-packages/airflow/example_dags/example_setup_teardown_taskflow.py for tasks to queue
[2025-04-24T21:43:07.306+0000] {logging_mixin.py:190} INFO - [2025-04-24T21:43:07.299+0000] {dagbag.py:588} INFO - Filling up the DagBag from /home/airflow/.local/lib/python3.12/site-packages/airflow/example_dags/example_setup_teardown_taskflow.py
[2025-04-24T21:43:08.252+0000] {processor.py:925} INFO - DAG(s) 'example_setup_teardown_taskflow' retrieved from /home/airflow/.local/lib/python3.12/site-packages/airflow/example_dags/example_setup_teardown_taskflow.py
[2025-04-24T21:43:08.645+0000] {logging_mixin.py:190} INFO - [2025-04-24T21:43:08.644+0000] {dag.py:3239} INFO - Sync 1 DAGs
[2025-04-24T21:43:09.157+0000] {logging_mixin.py:190} INFO - [2025-04-24T21:43:09.156+0000] {dag.py:4180} INFO - Setting next_dagrun for example_setup_teardown_taskflow to None, run_after=None
[2025-04-24T21:43:09.654+0000] {processor.py:208} INFO - Processing /home/airflow/.local/lib/python3.12/site-packages/airflow/example_dags/example_setup_teardown_taskflow.py took 2.486 seconds
[2025-04-24T21:46:07.240+0000] {processor.py:186} INFO - Started process (PID=975) to work on /home/airflow/.local/lib/python3.12/site-packages/airflow/example_dags/example_setup_teardown_taskflow.py
[2025-04-24T21:46:07.260+0000] {processor.py:914} INFO - Processing file /home/airflow/.local/lib/python3.12/site-packages/airflow/example_dags/example_setup_teardown_taskflow.py for tasks to queue
[2025-04-24T21:46:07.282+0000] {logging_mixin.py:190} INFO - [2025-04-24T21:46:07.281+0000] {dagbag.py:588} INFO - Filling up the DagBag from /home/airflow/.local/lib/python3.12/site-packages/airflow/example_dags/example_setup_teardown_taskflow.py
[2025-04-24T21:46:07.729+0000] {processor.py:925} INFO - DAG(s) 'example_setup_teardown_taskflow' retrieved from /home/airflow/.local/lib/python3.12/site-packages/airflow/example_dags/example_setup_teardown_taskflow.py
[2025-04-24T21:46:08.177+0000] {logging_mixin.py:190} INFO - [2025-04-24T21:46:08.176+0000] {dag.py:3239} INFO - Sync 1 DAGs
[2025-04-24T21:46:08.846+0000] {logging_mixin.py:190} INFO - [2025-04-24T21:46:08.845+0000] {dag.py:4180} INFO - Setting next_dagrun for example_setup_teardown_taskflow to None, run_after=None
[2025-04-24T21:46:09.147+0000] {processor.py:208} INFO - Processing /home/airflow/.local/lib/python3.12/site-packages/airflow/example_dags/example_setup_teardown_taskflow.py took 2.029 seconds
