[2025-04-24T21:22:08.056+0000] {processor.py:186} INFO - Started process (PID=136) to work on /home/airflow/.local/lib/python3.12/site-packages/airflow/example_dags/example_trigger_target_dag.py
[2025-04-24T21:22:08.076+0000] {processor.py:914} INFO - Processing file /home/airflow/.local/lib/python3.12/site-packages/airflow/example_dags/example_trigger_target_dag.py for tasks to queue
[2025-04-24T21:22:08.088+0000] {logging_mixin.py:190} INFO - [2025-04-24T21:22:08.087+0000] {dagbag.py:588} INFO - Filling up the DagBag from /home/airflow/.local/lib/python3.12/site-packages/airflow/example_dags/example_trigger_target_dag.py
[2025-04-24T21:22:08.172+0000] {processor.py:925} INFO - DAG(s) 'example_trigger_target_dag' retrieved from /home/airflow/.local/lib/python3.12/site-packages/airflow/example_dags/example_trigger_target_dag.py
[2025-04-24T21:22:08.449+0000] {logging_mixin.py:190} INFO - [2025-04-24T21:22:08.449+0000] {dag.py:3239} INFO - Sync 1 DAGs
[2025-04-24T21:22:08.640+0000] {logging_mixin.py:190} INFO - [2025-04-24T21:22:08.624+0000] {dag.py:4180} INFO - Setting next_dagrun for example_trigger_target_dag to None, run_after=None
[2025-04-24T21:22:08.831+0000] {processor.py:208} INFO - Processing /home/airflow/.local/lib/python3.12/site-packages/airflow/example_dags/example_trigger_target_dag.py took 0.835 seconds
[2025-04-24T21:24:33.063+0000] {processor.py:186} INFO - Started process (PID=221) to work on /home/airflow/.local/lib/python3.12/site-packages/airflow/example_dags/example_trigger_target_dag.py
[2025-04-24T21:24:33.085+0000] {processor.py:914} INFO - Processing file /home/airflow/.local/lib/python3.12/site-packages/airflow/example_dags/example_trigger_target_dag.py for tasks to queue
[2025-04-24T21:24:33.097+0000] {logging_mixin.py:190} INFO - [2025-04-24T21:24:33.096+0000] {dagbag.py:588} INFO - Filling up the DagBag from /home/airflow/.local/lib/python3.12/site-packages/airflow/example_dags/example_trigger_target_dag.py
[2025-04-24T21:24:33.147+0000] {processor.py:925} INFO - DAG(s) 'example_trigger_target_dag' retrieved from /home/airflow/.local/lib/python3.12/site-packages/airflow/example_dags/example_trigger_target_dag.py
[2025-04-24T21:24:33.271+0000] {logging_mixin.py:190} INFO - [2025-04-24T21:24:33.270+0000] {dag.py:3239} INFO - Sync 1 DAGs
[2025-04-24T21:24:34.245+0000] {logging_mixin.py:190} INFO - [2025-04-24T21:24:34.244+0000] {dag.py:4180} INFO - Setting next_dagrun for example_trigger_target_dag to None, run_after=None
[2025-04-24T21:24:34.664+0000] {processor.py:208} INFO - Processing /home/airflow/.local/lib/python3.12/site-packages/airflow/example_dags/example_trigger_target_dag.py took 1.619 seconds
[2025-04-24T21:27:45.458+0000] {processor.py:186} INFO - Started process (PID=337) to work on /home/airflow/.local/lib/python3.12/site-packages/airflow/example_dags/example_trigger_target_dag.py
[2025-04-24T21:27:45.492+0000] {processor.py:914} INFO - Processing file /home/airflow/.local/lib/python3.12/site-packages/airflow/example_dags/example_trigger_target_dag.py for tasks to queue
[2025-04-24T21:27:45.526+0000] {logging_mixin.py:190} INFO - [2025-04-24T21:27:45.525+0000] {dagbag.py:588} INFO - Filling up the DagBag from /home/airflow/.local/lib/python3.12/site-packages/airflow/example_dags/example_trigger_target_dag.py
[2025-04-24T21:27:45.747+0000] {processor.py:925} INFO - DAG(s) 'example_trigger_target_dag' retrieved from /home/airflow/.local/lib/python3.12/site-packages/airflow/example_dags/example_trigger_target_dag.py
[2025-04-24T21:27:46.343+0000] {logging_mixin.py:190} INFO - [2025-04-24T21:27:46.343+0000] {dag.py:3239} INFO - Sync 1 DAGs
[2025-04-24T21:27:46.689+0000] {logging_mixin.py:190} INFO - [2025-04-24T21:27:46.684+0000] {dag.py:4180} INFO - Setting next_dagrun for example_trigger_target_dag to None, run_after=None
[2025-04-24T21:27:47.159+0000] {processor.py:208} INFO - Processing /home/airflow/.local/lib/python3.12/site-packages/airflow/example_dags/example_trigger_target_dag.py took 1.809 seconds
[2025-04-24T21:31:21.757+0000] {processor.py:186} INFO - Started process (PID=458) to work on /home/airflow/.local/lib/python3.12/site-packages/airflow/example_dags/example_trigger_target_dag.py
[2025-04-24T21:31:21.916+0000] {processor.py:914} INFO - Processing file /home/airflow/.local/lib/python3.12/site-packages/airflow/example_dags/example_trigger_target_dag.py for tasks to queue
[2025-04-24T21:31:22.026+0000] {logging_mixin.py:190} INFO - [2025-04-24T21:31:22.026+0000] {dagbag.py:588} INFO - Filling up the DagBag from /home/airflow/.local/lib/python3.12/site-packages/airflow/example_dags/example_trigger_target_dag.py
[2025-04-24T21:31:22.386+0000] {processor.py:925} INFO - DAG(s) 'example_trigger_target_dag' retrieved from /home/airflow/.local/lib/python3.12/site-packages/airflow/example_dags/example_trigger_target_dag.py
[2025-04-24T21:31:22.887+0000] {logging_mixin.py:190} INFO - [2025-04-24T21:31:22.886+0000] {dag.py:3239} INFO - Sync 1 DAGs
[2025-04-24T21:31:23.194+0000] {logging_mixin.py:190} INFO - [2025-04-24T21:31:23.194+0000] {dag.py:4180} INFO - Setting next_dagrun for example_trigger_target_dag to None, run_after=None
[2025-04-24T21:31:23.498+0000] {processor.py:208} INFO - Processing /home/airflow/.local/lib/python3.12/site-packages/airflow/example_dags/example_trigger_target_dag.py took 2.467 seconds
[2025-04-24T21:34:46.325+0000] {processor.py:186} INFO - Started process (PID=583) to work on /home/airflow/.local/lib/python3.12/site-packages/airflow/example_dags/example_trigger_target_dag.py
[2025-04-24T21:34:46.347+0000] {processor.py:914} INFO - Processing file /home/airflow/.local/lib/python3.12/site-packages/airflow/example_dags/example_trigger_target_dag.py for tasks to queue
[2025-04-24T21:34:46.400+0000] {logging_mixin.py:190} INFO - [2025-04-24T21:34:46.399+0000] {dagbag.py:588} INFO - Filling up the DagBag from /home/airflow/.local/lib/python3.12/site-packages/airflow/example_dags/example_trigger_target_dag.py
[2025-04-24T21:34:46.597+0000] {processor.py:925} INFO - DAG(s) 'example_trigger_target_dag' retrieved from /home/airflow/.local/lib/python3.12/site-packages/airflow/example_dags/example_trigger_target_dag.py
[2025-04-24T21:34:46.949+0000] {logging_mixin.py:190} INFO - [2025-04-24T21:34:46.947+0000] {dag.py:3239} INFO - Sync 1 DAGs
[2025-04-24T21:34:47.351+0000] {logging_mixin.py:190} INFO - [2025-04-24T21:34:47.350+0000] {dag.py:4180} INFO - Setting next_dagrun for example_trigger_target_dag to None, run_after=None
[2025-04-24T21:34:48.000+0000] {processor.py:208} INFO - Processing /home/airflow/.local/lib/python3.12/site-packages/airflow/example_dags/example_trigger_target_dag.py took 1.845 seconds
[2025-04-24T21:38:48.998+0000] {processor.py:186} INFO - Started process (PID=708) to work on /home/airflow/.local/lib/python3.12/site-packages/airflow/example_dags/example_trigger_target_dag.py
[2025-04-24T21:38:49.071+0000] {processor.py:914} INFO - Processing file /home/airflow/.local/lib/python3.12/site-packages/airflow/example_dags/example_trigger_target_dag.py for tasks to queue
[2025-04-24T21:38:49.256+0000] {logging_mixin.py:190} INFO - [2025-04-24T21:38:49.256+0000] {dagbag.py:588} INFO - Filling up the DagBag from /home/airflow/.local/lib/python3.12/site-packages/airflow/example_dags/example_trigger_target_dag.py
[2025-04-24T21:38:49.389+0000] {processor.py:925} INFO - DAG(s) 'example_trigger_target_dag' retrieved from /home/airflow/.local/lib/python3.12/site-packages/airflow/example_dags/example_trigger_target_dag.py
[2025-04-24T21:38:49.781+0000] {logging_mixin.py:190} INFO - [2025-04-24T21:38:49.780+0000] {dag.py:3239} INFO - Sync 1 DAGs
[2025-04-24T21:38:50.187+0000] {logging_mixin.py:190} INFO - [2025-04-24T21:38:50.186+0000] {dag.py:4180} INFO - Setting next_dagrun for example_trigger_target_dag to None, run_after=None
[2025-04-24T21:38:50.720+0000] {processor.py:208} INFO - Processing /home/airflow/.local/lib/python3.12/site-packages/airflow/example_dags/example_trigger_target_dag.py took 2.153 seconds
[2025-04-24T21:42:47.477+0000] {processor.py:186} INFO - Started process (PID=837) to work on /home/airflow/.local/lib/python3.12/site-packages/airflow/example_dags/example_trigger_target_dag.py
[2025-04-24T21:42:47.515+0000] {processor.py:914} INFO - Processing file /home/airflow/.local/lib/python3.12/site-packages/airflow/example_dags/example_trigger_target_dag.py for tasks to queue
[2025-04-24T21:42:47.543+0000] {logging_mixin.py:190} INFO - [2025-04-24T21:42:47.542+0000] {dagbag.py:588} INFO - Filling up the DagBag from /home/airflow/.local/lib/python3.12/site-packages/airflow/example_dags/example_trigger_target_dag.py
[2025-04-24T21:42:47.661+0000] {processor.py:925} INFO - DAG(s) 'example_trigger_target_dag' retrieved from /home/airflow/.local/lib/python3.12/site-packages/airflow/example_dags/example_trigger_target_dag.py
[2025-04-24T21:42:47.852+0000] {logging_mixin.py:190} INFO - [2025-04-24T21:42:47.852+0000] {dag.py:3239} INFO - Sync 1 DAGs
[2025-04-24T21:42:48.167+0000] {logging_mixin.py:190} INFO - [2025-04-24T21:42:48.167+0000] {dag.py:4180} INFO - Setting next_dagrun for example_trigger_target_dag to None, run_after=None
[2025-04-24T21:42:48.983+0000] {processor.py:208} INFO - Processing /home/airflow/.local/lib/python3.12/site-packages/airflow/example_dags/example_trigger_target_dag.py took 1.562 seconds
[2025-04-24T21:45:45.900+0000] {processor.py:186} INFO - Started process (PID=956) to work on /home/airflow/.local/lib/python3.12/site-packages/airflow/example_dags/example_trigger_target_dag.py
[2025-04-24T21:45:45.906+0000] {processor.py:914} INFO - Processing file /home/airflow/.local/lib/python3.12/site-packages/airflow/example_dags/example_trigger_target_dag.py for tasks to queue
[2025-04-24T21:45:45.977+0000] {logging_mixin.py:190} INFO - [2025-04-24T21:45:45.974+0000] {dagbag.py:588} INFO - Filling up the DagBag from /home/airflow/.local/lib/python3.12/site-packages/airflow/example_dags/example_trigger_target_dag.py
[2025-04-24T21:45:46.057+0000] {processor.py:925} INFO - DAG(s) 'example_trigger_target_dag' retrieved from /home/airflow/.local/lib/python3.12/site-packages/airflow/example_dags/example_trigger_target_dag.py
[2025-04-24T21:45:46.626+0000] {logging_mixin.py:190} INFO - [2025-04-24T21:45:46.626+0000] {dag.py:3239} INFO - Sync 1 DAGs
[2025-04-24T21:45:47.435+0000] {logging_mixin.py:190} INFO - [2025-04-24T21:45:47.434+0000] {dag.py:4180} INFO - Setting next_dagrun for example_trigger_target_dag to None, run_after=None
[2025-04-24T21:45:47.891+0000] {processor.py:208} INFO - Processing /home/airflow/.local/lib/python3.12/site-packages/airflow/example_dags/example_trigger_target_dag.py took 2.056 seconds
