[2025-04-24T21:21:26.314+0000] {processor.py:186} INFO - Started process (PID=111) to work on /home/airflow/.local/lib/python3.12/site-packages/airflow/example_dags/example_sensors.py
[2025-04-24T21:21:26.363+0000] {processor.py:914} INFO - Processing file /home/airflow/.local/lib/python3.12/site-packages/airflow/example_dags/example_sensors.py for tasks to queue
[2025-04-24T21:21:26.391+0000] {logging_mixin.py:190} INFO - [2025-04-24T21:21:26.390+0000] {dagbag.py:588} INFO - Filling up the DagBag from /home/airflow/.local/lib/python3.12/site-packages/airflow/example_dags/example_sensors.py
[2025-04-24T21:21:26.589+0000] {processor.py:925} INFO - DAG(s) 'example_sensors' retrieved from /home/airflow/.local/lib/python3.12/site-packages/airflow/example_dags/example_sensors.py
[2025-04-24T21:21:27.420+0000] {logging_mixin.py:190} INFO - [2025-04-24T21:21:27.420+0000] {dag.py:3239} INFO - Sync 1 DAGs
[2025-04-24T21:21:27.656+0000] {logging_mixin.py:190} INFO - [2025-04-24T21:21:27.656+0000] {dag.py:4180} INFO - Setting next_dagrun for example_sensors to None, run_after=None
[2025-04-24T21:21:28.029+0000] {processor.py:208} INFO - Processing /home/airflow/.local/lib/python3.12/site-packages/airflow/example_dags/example_sensors.py took 1.744 seconds
[2025-04-24T21:23:42.773+0000] {processor.py:186} INFO - Started process (PID=190) to work on /home/airflow/.local/lib/python3.12/site-packages/airflow/example_dags/example_sensors.py
[2025-04-24T21:23:42.777+0000] {processor.py:914} INFO - Processing file /home/airflow/.local/lib/python3.12/site-packages/airflow/example_dags/example_sensors.py for tasks to queue
[2025-04-24T21:23:42.838+0000] {logging_mixin.py:190} INFO - [2025-04-24T21:23:42.837+0000] {dagbag.py:588} INFO - Filling up the DagBag from /home/airflow/.local/lib/python3.12/site-packages/airflow/example_dags/example_sensors.py
[2025-04-24T21:23:43.027+0000] {processor.py:925} INFO - DAG(s) 'example_sensors' retrieved from /home/airflow/.local/lib/python3.12/site-packages/airflow/example_dags/example_sensors.py
[2025-04-24T21:23:43.503+0000] {logging_mixin.py:190} INFO - [2025-04-24T21:23:43.502+0000] {dag.py:3239} INFO - Sync 1 DAGs
[2025-04-24T21:23:44.109+0000] {logging_mixin.py:190} INFO - [2025-04-24T21:23:44.109+0000] {dag.py:4180} INFO - Setting next_dagrun for example_sensors to None, run_after=None
[2025-04-24T21:23:44.662+0000] {processor.py:208} INFO - Processing /home/airflow/.local/lib/python3.12/site-packages/airflow/example_dags/example_sensors.py took 2.000 seconds
[2025-04-24T21:25:29.153+0000] {processor.py:186} INFO - Started process (PID=255) to work on /home/airflow/.local/lib/python3.12/site-packages/airflow/example_dags/example_sensors.py
[2025-04-24T21:25:29.286+0000] {processor.py:914} INFO - Processing file /home/airflow/.local/lib/python3.12/site-packages/airflow/example_dags/example_sensors.py for tasks to queue
[2025-04-24T21:25:29.453+0000] {logging_mixin.py:190} INFO - [2025-04-24T21:25:29.381+0000] {dagbag.py:588} INFO - Filling up the DagBag from /home/airflow/.local/lib/python3.12/site-packages/airflow/example_dags/example_sensors.py
[2025-04-24T21:25:30.537+0000] {processor.py:925} INFO - DAG(s) 'example_sensors' retrieved from /home/airflow/.local/lib/python3.12/site-packages/airflow/example_dags/example_sensors.py
[2025-04-24T21:25:31.578+0000] {logging_mixin.py:190} INFO - [2025-04-24T21:25:31.577+0000] {dag.py:3239} INFO - Sync 1 DAGs
[2025-04-24T21:25:32.556+0000] {logging_mixin.py:190} INFO - [2025-04-24T21:25:32.555+0000] {dag.py:4180} INFO - Setting next_dagrun for example_sensors to None, run_after=None
[2025-04-24T21:25:33.466+0000] {processor.py:208} INFO - Processing /home/airflow/.local/lib/python3.12/site-packages/airflow/example_dags/example_sensors.py took 4.376 seconds
[2025-04-24T21:27:08.025+0000] {processor.py:186} INFO - Started process (PID=312) to work on /home/airflow/.local/lib/python3.12/site-packages/airflow/example_dags/example_sensors.py
[2025-04-24T21:27:08.041+0000] {processor.py:914} INFO - Processing file /home/airflow/.local/lib/python3.12/site-packages/airflow/example_dags/example_sensors.py for tasks to queue
[2025-04-24T21:27:08.082+0000] {logging_mixin.py:190} INFO - [2025-04-24T21:27:08.081+0000] {dagbag.py:588} INFO - Filling up the DagBag from /home/airflow/.local/lib/python3.12/site-packages/airflow/example_dags/example_sensors.py
[2025-04-24T21:27:08.273+0000] {processor.py:925} INFO - DAG(s) 'example_sensors' retrieved from /home/airflow/.local/lib/python3.12/site-packages/airflow/example_dags/example_sensors.py
[2025-04-24T21:27:09.234+0000] {logging_mixin.py:190} INFO - [2025-04-24T21:27:09.210+0000] {dag.py:3239} INFO - Sync 1 DAGs
[2025-04-24T21:27:09.561+0000] {logging_mixin.py:190} INFO - [2025-04-24T21:27:09.560+0000] {dag.py:4180} INFO - Setting next_dagrun for example_sensors to None, run_after=None
[2025-04-24T21:27:10.891+0000] {processor.py:208} INFO - Processing /home/airflow/.local/lib/python3.12/site-packages/airflow/example_dags/example_sensors.py took 2.952 seconds
[2025-04-24T21:28:44.652+0000] {processor.py:186} INFO - Started process (PID=371) to work on /home/airflow/.local/lib/python3.12/site-packages/airflow/example_dags/example_sensors.py
[2025-04-24T21:28:44.700+0000] {processor.py:914} INFO - Processing file /home/airflow/.local/lib/python3.12/site-packages/airflow/example_dags/example_sensors.py for tasks to queue
[2025-04-24T21:28:44.718+0000] {logging_mixin.py:190} INFO - [2025-04-24T21:28:44.716+0000] {dagbag.py:588} INFO - Filling up the DagBag from /home/airflow/.local/lib/python3.12/site-packages/airflow/example_dags/example_sensors.py
[2025-04-24T21:28:45.706+0000] {processor.py:925} INFO - DAG(s) 'example_sensors' retrieved from /home/airflow/.local/lib/python3.12/site-packages/airflow/example_dags/example_sensors.py
[2025-04-24T21:28:46.065+0000] {logging_mixin.py:190} INFO - [2025-04-24T21:28:46.064+0000] {dag.py:3239} INFO - Sync 1 DAGs
[2025-04-24T21:28:46.309+0000] {logging_mixin.py:190} INFO - [2025-04-24T21:28:46.308+0000] {dag.py:4180} INFO - Setting next_dagrun for example_sensors to None, run_after=None
[2025-04-24T21:28:46.776+0000] {processor.py:208} INFO - Processing /home/airflow/.local/lib/python3.12/site-packages/airflow/example_dags/example_sensors.py took 2.477 seconds
[2025-04-24T21:30:38.086+0000] {processor.py:186} INFO - Started process (PID=432) to work on /home/airflow/.local/lib/python3.12/site-packages/airflow/example_dags/example_sensors.py
[2025-04-24T21:30:38.091+0000] {processor.py:914} INFO - Processing file /home/airflow/.local/lib/python3.12/site-packages/airflow/example_dags/example_sensors.py for tasks to queue
[2025-04-24T21:30:38.112+0000] {logging_mixin.py:190} INFO - [2025-04-24T21:30:38.111+0000] {dagbag.py:588} INFO - Filling up the DagBag from /home/airflow/.local/lib/python3.12/site-packages/airflow/example_dags/example_sensors.py
[2025-04-24T21:30:38.268+0000] {processor.py:925} INFO - DAG(s) 'example_sensors' retrieved from /home/airflow/.local/lib/python3.12/site-packages/airflow/example_dags/example_sensors.py
[2025-04-24T21:30:38.573+0000] {logging_mixin.py:190} INFO - [2025-04-24T21:30:38.572+0000] {dag.py:3239} INFO - Sync 1 DAGs
[2025-04-24T21:30:39.024+0000] {logging_mixin.py:190} INFO - [2025-04-24T21:30:39.023+0000] {dag.py:4180} INFO - Setting next_dagrun for example_sensors to None, run_after=None
[2025-04-24T21:30:39.442+0000] {processor.py:208} INFO - Processing /home/airflow/.local/lib/python3.12/site-packages/airflow/example_dags/example_sensors.py took 1.435 seconds
[2025-04-24T21:32:23.746+0000] {processor.py:186} INFO - Started process (PID=496) to work on /home/airflow/.local/lib/python3.12/site-packages/airflow/example_dags/example_sensors.py
[2025-04-24T21:32:23.766+0000] {processor.py:914} INFO - Processing file /home/airflow/.local/lib/python3.12/site-packages/airflow/example_dags/example_sensors.py for tasks to queue
[2025-04-24T21:32:23.819+0000] {logging_mixin.py:190} INFO - [2025-04-24T21:32:23.818+0000] {dagbag.py:588} INFO - Filling up the DagBag from /home/airflow/.local/lib/python3.12/site-packages/airflow/example_dags/example_sensors.py
[2025-04-24T21:32:24.141+0000] {processor.py:925} INFO - DAG(s) 'example_sensors' retrieved from /home/airflow/.local/lib/python3.12/site-packages/airflow/example_dags/example_sensors.py
[2025-04-24T21:32:25.059+0000] {logging_mixin.py:190} INFO - [2025-04-24T21:32:25.058+0000] {dag.py:3239} INFO - Sync 1 DAGs
[2025-04-24T21:32:25.576+0000] {logging_mixin.py:190} INFO - [2025-04-24T21:32:25.575+0000] {dag.py:4180} INFO - Setting next_dagrun for example_sensors to None, run_after=None
[2025-04-24T21:32:25.922+0000] {processor.py:208} INFO - Processing /home/airflow/.local/lib/python3.12/site-packages/airflow/example_dags/example_sensors.py took 2.287 seconds
[2025-04-24T21:34:09.012+0000] {processor.py:186} INFO - Started process (PID=554) to work on /home/airflow/.local/lib/python3.12/site-packages/airflow/example_dags/example_sensors.py
[2025-04-24T21:34:09.073+0000] {processor.py:914} INFO - Processing file /home/airflow/.local/lib/python3.12/site-packages/airflow/example_dags/example_sensors.py for tasks to queue
[2025-04-24T21:34:09.079+0000] {logging_mixin.py:190} INFO - [2025-04-24T21:34:09.078+0000] {dagbag.py:588} INFO - Filling up the DagBag from /home/airflow/.local/lib/python3.12/site-packages/airflow/example_dags/example_sensors.py
[2025-04-24T21:34:09.339+0000] {processor.py:925} INFO - DAG(s) 'example_sensors' retrieved from /home/airflow/.local/lib/python3.12/site-packages/airflow/example_dags/example_sensors.py
[2025-04-24T21:34:10.210+0000] {logging_mixin.py:190} INFO - [2025-04-24T21:34:10.209+0000] {dag.py:3239} INFO - Sync 1 DAGs
[2025-04-24T21:34:10.988+0000] {logging_mixin.py:190} INFO - [2025-04-24T21:34:10.977+0000] {dag.py:4180} INFO - Setting next_dagrun for example_sensors to None, run_after=None
[2025-04-24T21:34:11.410+0000] {processor.py:208} INFO - Processing /home/airflow/.local/lib/python3.12/site-packages/airflow/example_dags/example_sensors.py took 2.491 seconds
[2025-04-24T21:35:53.031+0000] {processor.py:186} INFO - Started process (PID=621) to work on /home/airflow/.local/lib/python3.12/site-packages/airflow/example_dags/example_sensors.py
[2025-04-24T21:35:53.094+0000] {processor.py:914} INFO - Processing file /home/airflow/.local/lib/python3.12/site-packages/airflow/example_dags/example_sensors.py for tasks to queue
[2025-04-24T21:35:53.138+0000] {logging_mixin.py:190} INFO - [2025-04-24T21:35:53.137+0000] {dagbag.py:588} INFO - Filling up the DagBag from /home/airflow/.local/lib/python3.12/site-packages/airflow/example_dags/example_sensors.py
[2025-04-24T21:35:53.636+0000] {processor.py:925} INFO - DAG(s) 'example_sensors' retrieved from /home/airflow/.local/lib/python3.12/site-packages/airflow/example_dags/example_sensors.py
[2025-04-24T21:35:54.240+0000] {logging_mixin.py:190} INFO - [2025-04-24T21:35:54.239+0000] {dag.py:3239} INFO - Sync 1 DAGs
[2025-04-24T21:35:54.568+0000] {logging_mixin.py:190} INFO - [2025-04-24T21:35:54.527+0000] {dag.py:4180} INFO - Setting next_dagrun for example_sensors to None, run_after=None
[2025-04-24T21:35:54.985+0000] {processor.py:208} INFO - Processing /home/airflow/.local/lib/python3.12/site-packages/airflow/example_dags/example_sensors.py took 2.184 seconds
[2025-04-24T21:37:50.319+0000] {processor.py:186} INFO - Started process (PID=677) to work on /home/airflow/.local/lib/python3.12/site-packages/airflow/example_dags/example_sensors.py
[2025-04-24T21:37:50.321+0000] {processor.py:914} INFO - Processing file /home/airflow/.local/lib/python3.12/site-packages/airflow/example_dags/example_sensors.py for tasks to queue
[2025-04-24T21:37:50.348+0000] {logging_mixin.py:190} INFO - [2025-04-24T21:37:50.347+0000] {dagbag.py:588} INFO - Filling up the DagBag from /home/airflow/.local/lib/python3.12/site-packages/airflow/example_dags/example_sensors.py
[2025-04-24T21:37:50.591+0000] {processor.py:925} INFO - DAG(s) 'example_sensors' retrieved from /home/airflow/.local/lib/python3.12/site-packages/airflow/example_dags/example_sensors.py
[2025-04-24T21:37:51.318+0000] {logging_mixin.py:190} INFO - [2025-04-24T21:37:51.318+0000] {dag.py:3239} INFO - Sync 1 DAGs
[2025-04-24T21:37:51.585+0000] {logging_mixin.py:190} INFO - [2025-04-24T21:37:51.584+0000] {dag.py:4180} INFO - Setting next_dagrun for example_sensors to None, run_after=None
[2025-04-24T21:37:52.286+0000] {processor.py:208} INFO - Processing /home/airflow/.local/lib/python3.12/site-packages/airflow/example_dags/example_sensors.py took 2.043 seconds
[2025-04-24T21:39:57.491+0000] {processor.py:186} INFO - Started process (PID=753) to work on /home/airflow/.local/lib/python3.12/site-packages/airflow/example_dags/example_sensors.py
[2025-04-24T21:39:57.494+0000] {processor.py:914} INFO - Processing file /home/airflow/.local/lib/python3.12/site-packages/airflow/example_dags/example_sensors.py for tasks to queue
[2025-04-24T21:39:57.538+0000] {logging_mixin.py:190} INFO - [2025-04-24T21:39:57.538+0000] {dagbag.py:588} INFO - Filling up the DagBag from /home/airflow/.local/lib/python3.12/site-packages/airflow/example_dags/example_sensors.py
[2025-04-24T21:39:57.907+0000] {processor.py:925} INFO - DAG(s) 'example_sensors' retrieved from /home/airflow/.local/lib/python3.12/site-packages/airflow/example_dags/example_sensors.py
[2025-04-24T21:39:58.842+0000] {logging_mixin.py:190} INFO - [2025-04-24T21:39:58.841+0000] {dag.py:3239} INFO - Sync 1 DAGs
[2025-04-24T21:39:58.964+0000] {logging_mixin.py:190} INFO - [2025-04-24T21:39:58.963+0000] {dag.py:4180} INFO - Setting next_dagrun for example_sensors to None, run_after=None
[2025-04-24T21:39:59.159+0000] {processor.py:208} INFO - Processing /home/airflow/.local/lib/python3.12/site-packages/airflow/example_dags/example_sensors.py took 1.832 seconds
[2025-04-24T21:42:01.245+0000] {processor.py:186} INFO - Started process (PID=813) to work on /home/airflow/.local/lib/python3.12/site-packages/airflow/example_dags/example_sensors.py
[2025-04-24T21:42:01.286+0000] {processor.py:914} INFO - Processing file /home/airflow/.local/lib/python3.12/site-packages/airflow/example_dags/example_sensors.py for tasks to queue
[2025-04-24T21:42:01.302+0000] {logging_mixin.py:190} INFO - [2025-04-24T21:42:01.301+0000] {dagbag.py:588} INFO - Filling up the DagBag from /home/airflow/.local/lib/python3.12/site-packages/airflow/example_dags/example_sensors.py
[2025-04-24T21:42:01.798+0000] {processor.py:925} INFO - DAG(s) 'example_sensors' retrieved from /home/airflow/.local/lib/python3.12/site-packages/airflow/example_dags/example_sensors.py
[2025-04-24T21:42:02.360+0000] {logging_mixin.py:190} INFO - [2025-04-24T21:42:02.357+0000] {dag.py:3239} INFO - Sync 1 DAGs
[2025-04-24T21:42:02.801+0000] {logging_mixin.py:190} INFO - [2025-04-24T21:42:02.801+0000] {dag.py:4180} INFO - Setting next_dagrun for example_sensors to None, run_after=None
[2025-04-24T21:42:03.450+0000] {processor.py:208} INFO - Processing /home/airflow/.local/lib/python3.12/site-packages/airflow/example_dags/example_sensors.py took 2.328 seconds
[2025-04-24T21:43:50.048+0000] {processor.py:186} INFO - Started process (PID=876) to work on /home/airflow/.local/lib/python3.12/site-packages/airflow/example_dags/example_sensors.py
[2025-04-24T21:43:50.054+0000] {processor.py:914} INFO - Processing file /home/airflow/.local/lib/python3.12/site-packages/airflow/example_dags/example_sensors.py for tasks to queue
[2025-04-24T21:43:50.116+0000] {logging_mixin.py:190} INFO - [2025-04-24T21:43:50.114+0000] {dagbag.py:588} INFO - Filling up the DagBag from /home/airflow/.local/lib/python3.12/site-packages/airflow/example_dags/example_sensors.py
[2025-04-24T21:43:50.208+0000] {processor.py:925} INFO - DAG(s) 'example_sensors' retrieved from /home/airflow/.local/lib/python3.12/site-packages/airflow/example_dags/example_sensors.py
[2025-04-24T21:43:51.051+0000] {logging_mixin.py:190} INFO - [2025-04-24T21:43:51.050+0000] {dag.py:3239} INFO - Sync 1 DAGs
[2025-04-24T21:43:51.544+0000] {logging_mixin.py:190} INFO - [2025-04-24T21:43:51.543+0000] {dag.py:4180} INFO - Setting next_dagrun for example_sensors to None, run_after=None
[2025-04-24T21:43:52.110+0000] {processor.py:208} INFO - Processing /home/airflow/.local/lib/python3.12/site-packages/airflow/example_dags/example_sensors.py took 2.189 seconds
[2025-04-24T21:45:14.572+0000] {processor.py:186} INFO - Started process (PID=932) to work on /home/airflow/.local/lib/python3.12/site-packages/airflow/example_dags/example_sensors.py
[2025-04-24T21:45:14.593+0000] {processor.py:914} INFO - Processing file /home/airflow/.local/lib/python3.12/site-packages/airflow/example_dags/example_sensors.py for tasks to queue
[2025-04-24T21:45:14.682+0000] {logging_mixin.py:190} INFO - [2025-04-24T21:45:14.665+0000] {dagbag.py:588} INFO - Filling up the DagBag from /home/airflow/.local/lib/python3.12/site-packages/airflow/example_dags/example_sensors.py
[2025-04-24T21:45:15.380+0000] {processor.py:925} INFO - DAG(s) 'example_sensors' retrieved from /home/airflow/.local/lib/python3.12/site-packages/airflow/example_dags/example_sensors.py
[2025-04-24T21:45:15.806+0000] {logging_mixin.py:190} INFO - [2025-04-24T21:45:15.806+0000] {dag.py:3239} INFO - Sync 1 DAGs
[2025-04-24T21:45:16.160+0000] {logging_mixin.py:190} INFO - [2025-04-24T21:45:16.159+0000] {dag.py:4180} INFO - Setting next_dagrun for example_sensors to None, run_after=None
[2025-04-24T21:45:16.904+0000] {processor.py:208} INFO - Processing /home/airflow/.local/lib/python3.12/site-packages/airflow/example_dags/example_sensors.py took 2.684 seconds
[2025-04-24T21:46:38.264+0000] {processor.py:186} INFO - Started process (PID=995) to work on /home/airflow/.local/lib/python3.12/site-packages/airflow/example_dags/example_sensors.py
[2025-04-24T21:46:38.304+0000] {processor.py:914} INFO - Processing file /home/airflow/.local/lib/python3.12/site-packages/airflow/example_dags/example_sensors.py for tasks to queue
[2025-04-24T21:46:38.402+0000] {logging_mixin.py:190} INFO - [2025-04-24T21:46:38.401+0000] {dagbag.py:588} INFO - Filling up the DagBag from /home/airflow/.local/lib/python3.12/site-packages/airflow/example_dags/example_sensors.py
[2025-04-24T21:46:38.691+0000] {processor.py:925} INFO - DAG(s) 'example_sensors' retrieved from /home/airflow/.local/lib/python3.12/site-packages/airflow/example_dags/example_sensors.py
[2025-04-24T21:46:39.285+0000] {logging_mixin.py:190} INFO - [2025-04-24T21:46:39.285+0000] {dag.py:3239} INFO - Sync 1 DAGs
[2025-04-24T21:46:39.635+0000] {logging_mixin.py:190} INFO - [2025-04-24T21:46:39.635+0000] {dag.py:4180} INFO - Setting next_dagrun for example_sensors to None, run_after=None
[2025-04-24T21:46:40.321+0000] {processor.py:208} INFO - Processing /home/airflow/.local/lib/python3.12/site-packages/airflow/example_dags/example_sensors.py took 2.093 seconds
