[2025-04-24T21:21:47.818+0000] {processor.py:186} INFO - Started process (PID=127) to work on /home/airflow/.local/lib/python3.12/site-packages/airflow/example_dags/example_branch_labels.py
[2025-04-24T21:21:47.832+0000] {processor.py:914} INFO - Processing file /home/airflow/.local/lib/python3.12/site-packages/airflow/example_dags/example_branch_labels.py for tasks to queue
[2025-04-24T21:21:47.878+0000] {logging_mixin.py:190} INFO - [2025-04-24T21:21:47.877+0000] {dagbag.py:588} INFO - Filling up the DagBag from /home/airflow/.local/lib/python3.12/site-packages/airflow/example_dags/example_branch_labels.py
[2025-04-24T21:21:47.974+0000] {processor.py:925} INFO - DAG(s) 'example_branch_labels' retrieved from /home/airflow/.local/lib/python3.12/site-packages/airflow/example_dags/example_branch_labels.py
[2025-04-24T21:21:48.319+0000] {logging_mixin.py:190} INFO - [2025-04-24T21:21:48.318+0000] {dag.py:3239} INFO - Sync 1 DAGs
[2025-04-24T21:21:48.772+0000] {logging_mixin.py:190} INFO - [2025-04-24T21:21:48.771+0000] {dag.py:4180} INFO - Setting next_dagrun for example_branch_labels to 2025-04-23 00:00:00+00:00, run_after=2025-04-24 00:00:00+00:00
[2025-04-24T21:21:49.540+0000] {processor.py:208} INFO - Processing /home/airflow/.local/lib/python3.12/site-packages/airflow/example_dags/example_branch_labels.py took 1.840 seconds
[2025-04-24T21:24:10.798+0000] {processor.py:186} INFO - Started process (PID=206) to work on /home/airflow/.local/lib/python3.12/site-packages/airflow/example_dags/example_branch_labels.py
[2025-04-24T21:24:10.917+0000] {processor.py:914} INFO - Processing file /home/airflow/.local/lib/python3.12/site-packages/airflow/example_dags/example_branch_labels.py for tasks to queue
[2025-04-24T21:24:11.054+0000] {logging_mixin.py:190} INFO - [2025-04-24T21:24:11.053+0000] {dagbag.py:588} INFO - Filling up the DagBag from /home/airflow/.local/lib/python3.12/site-packages/airflow/example_dags/example_branch_labels.py
[2025-04-24T21:24:11.446+0000] {processor.py:925} INFO - DAG(s) 'example_branch_labels' retrieved from /home/airflow/.local/lib/python3.12/site-packages/airflow/example_dags/example_branch_labels.py
[2025-04-24T21:24:11.908+0000] {logging_mixin.py:190} INFO - [2025-04-24T21:24:11.908+0000] {dag.py:3239} INFO - Sync 1 DAGs
[2025-04-24T21:24:12.987+0000] {logging_mixin.py:190} INFO - [2025-04-24T21:24:12.986+0000] {dag.py:4180} INFO - Setting next_dagrun for example_branch_labels to 2025-04-23 00:00:00+00:00, run_after=2025-04-24 00:00:00+00:00
[2025-04-24T21:24:13.508+0000] {processor.py:208} INFO - Processing /home/airflow/.local/lib/python3.12/site-packages/airflow/example_dags/example_branch_labels.py took 3.283 seconds
[2025-04-24T21:27:29.765+0000] {processor.py:186} INFO - Started process (PID=328) to work on /home/airflow/.local/lib/python3.12/site-packages/airflow/example_dags/example_branch_labels.py
[2025-04-24T21:27:29.767+0000] {processor.py:914} INFO - Processing file /home/airflow/.local/lib/python3.12/site-packages/airflow/example_dags/example_branch_labels.py for tasks to queue
[2025-04-24T21:27:29.777+0000] {logging_mixin.py:190} INFO - [2025-04-24T21:27:29.776+0000] {dagbag.py:588} INFO - Filling up the DagBag from /home/airflow/.local/lib/python3.12/site-packages/airflow/example_dags/example_branch_labels.py
[2025-04-24T21:27:30.002+0000] {processor.py:925} INFO - DAG(s) 'example_branch_labels' retrieved from /home/airflow/.local/lib/python3.12/site-packages/airflow/example_dags/example_branch_labels.py
[2025-04-24T21:27:30.786+0000] {logging_mixin.py:190} INFO - [2025-04-24T21:27:30.785+0000] {dag.py:3239} INFO - Sync 1 DAGs
[2025-04-24T21:27:31.238+0000] {logging_mixin.py:190} INFO - [2025-04-24T21:27:31.238+0000] {dag.py:4180} INFO - Setting next_dagrun for example_branch_labels to 2025-04-23 00:00:00+00:00, run_after=2025-04-24 00:00:00+00:00
[2025-04-24T21:27:31.437+0000] {processor.py:208} INFO - Processing /home/airflow/.local/lib/python3.12/site-packages/airflow/example_dags/example_branch_labels.py took 1.723 seconds
[2025-04-24T21:30:57.761+0000] {processor.py:186} INFO - Started process (PID=442) to work on /home/airflow/.local/lib/python3.12/site-packages/airflow/example_dags/example_branch_labels.py
[2025-04-24T21:30:57.784+0000] {processor.py:914} INFO - Processing file /home/airflow/.local/lib/python3.12/site-packages/airflow/example_dags/example_branch_labels.py for tasks to queue
[2025-04-24T21:30:57.852+0000] {logging_mixin.py:190} INFO - [2025-04-24T21:30:57.851+0000] {dagbag.py:588} INFO - Filling up the DagBag from /home/airflow/.local/lib/python3.12/site-packages/airflow/example_dags/example_branch_labels.py
[2025-04-24T21:30:58.181+0000] {processor.py:925} INFO - DAG(s) 'example_branch_labels' retrieved from /home/airflow/.local/lib/python3.12/site-packages/airflow/example_dags/example_branch_labels.py
[2025-04-24T21:30:58.451+0000] {logging_mixin.py:190} INFO - [2025-04-24T21:30:58.450+0000] {dag.py:3239} INFO - Sync 1 DAGs
[2025-04-24T21:30:59.270+0000] {logging_mixin.py:190} INFO - [2025-04-24T21:30:59.269+0000] {dag.py:4180} INFO - Setting next_dagrun for example_branch_labels to 2025-04-23 00:00:00+00:00, run_after=2025-04-24 00:00:00+00:00
[2025-04-24T21:30:59.612+0000] {processor.py:208} INFO - Processing /home/airflow/.local/lib/python3.12/site-packages/airflow/example_dags/example_branch_labels.py took 2.112 seconds
[2025-04-24T21:32:48.577+0000] {processor.py:186} INFO - Started process (PID=512) to work on /home/airflow/.local/lib/python3.12/site-packages/airflow/example_dags/example_branch_labels.py
[2025-04-24T21:32:48.582+0000] {processor.py:914} INFO - Processing file /home/airflow/.local/lib/python3.12/site-packages/airflow/example_dags/example_branch_labels.py for tasks to queue
[2025-04-24T21:32:48.732+0000] {logging_mixin.py:190} INFO - [2025-04-24T21:32:48.726+0000] {dagbag.py:588} INFO - Filling up the DagBag from /home/airflow/.local/lib/python3.12/site-packages/airflow/example_dags/example_branch_labels.py
[2025-04-24T21:32:49.748+0000] {processor.py:925} INFO - DAG(s) 'example_branch_labels' retrieved from /home/airflow/.local/lib/python3.12/site-packages/airflow/example_dags/example_branch_labels.py
[2025-04-24T21:32:52.026+0000] {logging_mixin.py:190} INFO - [2025-04-24T21:32:52.001+0000] {dag.py:3239} INFO - Sync 1 DAGs
[2025-04-24T21:32:52.912+0000] {logging_mixin.py:190} INFO - [2025-04-24T21:32:52.911+0000] {dag.py:4180} INFO - Setting next_dagrun for example_branch_labels to 2025-04-23 00:00:00+00:00, run_after=2025-04-24 00:00:00+00:00
[2025-04-24T21:32:53.247+0000] {processor.py:208} INFO - Processing /home/airflow/.local/lib/python3.12/site-packages/airflow/example_dags/example_branch_labels.py took 4.906 seconds
[2025-04-24T21:34:33.543+0000] {processor.py:186} INFO - Started process (PID=570) to work on /home/airflow/.local/lib/python3.12/site-packages/airflow/example_dags/example_branch_labels.py
[2025-04-24T21:34:33.547+0000] {processor.py:914} INFO - Processing file /home/airflow/.local/lib/python3.12/site-packages/airflow/example_dags/example_branch_labels.py for tasks to queue
[2025-04-24T21:34:33.590+0000] {logging_mixin.py:190} INFO - [2025-04-24T21:34:33.589+0000] {dagbag.py:588} INFO - Filling up the DagBag from /home/airflow/.local/lib/python3.12/site-packages/airflow/example_dags/example_branch_labels.py
[2025-04-24T21:34:33.659+0000] {processor.py:925} INFO - DAG(s) 'example_branch_labels' retrieved from /home/airflow/.local/lib/python3.12/site-packages/airflow/example_dags/example_branch_labels.py
[2025-04-24T21:34:34.261+0000] {logging_mixin.py:190} INFO - [2025-04-24T21:34:34.260+0000] {dag.py:3239} INFO - Sync 1 DAGs
[2025-04-24T21:34:34.753+0000] {logging_mixin.py:190} INFO - [2025-04-24T21:34:34.753+0000] {dag.py:4180} INFO - Setting next_dagrun for example_branch_labels to 2025-04-23 00:00:00+00:00, run_after=2025-04-24 00:00:00+00:00
[2025-04-24T21:34:35.035+0000] {processor.py:208} INFO - Processing /home/airflow/.local/lib/python3.12/site-packages/airflow/example_dags/example_branch_labels.py took 1.560 seconds
[2025-04-24T21:36:14.969+0000] {processor.py:186} INFO - Started process (PID=630) to work on /home/airflow/.local/lib/python3.12/site-packages/airflow/example_dags/example_branch_labels.py
[2025-04-24T21:36:14.993+0000] {processor.py:914} INFO - Processing file /home/airflow/.local/lib/python3.12/site-packages/airflow/example_dags/example_branch_labels.py for tasks to queue
[2025-04-24T21:36:15.092+0000] {logging_mixin.py:190} INFO - [2025-04-24T21:36:15.081+0000] {dagbag.py:588} INFO - Filling up the DagBag from /home/airflow/.local/lib/python3.12/site-packages/airflow/example_dags/example_branch_labels.py
[2025-04-24T21:36:15.278+0000] {processor.py:925} INFO - DAG(s) 'example_branch_labels' retrieved from /home/airflow/.local/lib/python3.12/site-packages/airflow/example_dags/example_branch_labels.py
[2025-04-24T21:36:16.312+0000] {logging_mixin.py:190} INFO - [2025-04-24T21:36:16.311+0000] {dag.py:3239} INFO - Sync 1 DAGs
[2025-04-24T21:36:17.942+0000] {logging_mixin.py:190} INFO - [2025-04-24T21:36:17.941+0000] {dag.py:4180} INFO - Setting next_dagrun for example_branch_labels to 2025-04-23 00:00:00+00:00, run_after=2025-04-24 00:00:00+00:00
[2025-04-24T21:36:18.545+0000] {processor.py:208} INFO - Processing /home/airflow/.local/lib/python3.12/site-packages/airflow/example_dags/example_branch_labels.py took 3.740 seconds
[2025-04-24T21:38:23.415+0000] {processor.py:186} INFO - Started process (PID=699) to work on /home/airflow/.local/lib/python3.12/site-packages/airflow/example_dags/example_branch_labels.py
[2025-04-24T21:38:23.634+0000] {processor.py:914} INFO - Processing file /home/airflow/.local/lib/python3.12/site-packages/airflow/example_dags/example_branch_labels.py for tasks to queue
[2025-04-24T21:38:24.025+0000] {logging_mixin.py:190} INFO - [2025-04-24T21:38:24.010+0000] {dagbag.py:588} INFO - Filling up the DagBag from /home/airflow/.local/lib/python3.12/site-packages/airflow/example_dags/example_branch_labels.py
[2025-04-24T21:38:24.674+0000] {processor.py:925} INFO - DAG(s) 'example_branch_labels' retrieved from /home/airflow/.local/lib/python3.12/site-packages/airflow/example_dags/example_branch_labels.py
[2025-04-24T21:38:25.602+0000] {logging_mixin.py:190} INFO - [2025-04-24T21:38:25.601+0000] {dag.py:3239} INFO - Sync 1 DAGs
[2025-04-24T21:38:27.035+0000] {logging_mixin.py:190} INFO - [2025-04-24T21:38:27.034+0000] {dag.py:4180} INFO - Setting next_dagrun for example_branch_labels to 2025-04-23 00:00:00+00:00, run_after=2025-04-24 00:00:00+00:00
[2025-04-24T21:38:27.840+0000] {processor.py:208} INFO - Processing /home/airflow/.local/lib/python3.12/site-packages/airflow/example_dags/example_branch_labels.py took 4.597 seconds
[2025-04-24T21:40:19.131+0000] {processor.py:186} INFO - Started process (PID=763) to work on /home/airflow/.local/lib/python3.12/site-packages/airflow/example_dags/example_branch_labels.py
[2025-04-24T21:40:19.151+0000] {processor.py:914} INFO - Processing file /home/airflow/.local/lib/python3.12/site-packages/airflow/example_dags/example_branch_labels.py for tasks to queue
[2025-04-24T21:40:19.320+0000] {logging_mixin.py:190} INFO - [2025-04-24T21:40:19.319+0000] {dagbag.py:588} INFO - Filling up the DagBag from /home/airflow/.local/lib/python3.12/site-packages/airflow/example_dags/example_branch_labels.py
[2025-04-24T21:40:19.949+0000] {processor.py:925} INFO - DAG(s) 'example_branch_labels' retrieved from /home/airflow/.local/lib/python3.12/site-packages/airflow/example_dags/example_branch_labels.py
[2025-04-24T21:40:20.475+0000] {logging_mixin.py:190} INFO - [2025-04-24T21:40:20.475+0000] {dag.py:3239} INFO - Sync 1 DAGs
[2025-04-24T21:40:21.099+0000] {logging_mixin.py:190} INFO - [2025-04-24T21:40:21.099+0000] {dag.py:4180} INFO - Setting next_dagrun for example_branch_labels to 2025-04-23 00:00:00+00:00, run_after=2025-04-24 00:00:00+00:00
[2025-04-24T21:40:21.490+0000] {processor.py:208} INFO - Processing /home/airflow/.local/lib/python3.12/site-packages/airflow/example_dags/example_branch_labels.py took 2.635 seconds
[2025-04-24T21:42:24.052+0000] {processor.py:186} INFO - Started process (PID=823) to work on /home/airflow/.local/lib/python3.12/site-packages/airflow/example_dags/example_branch_labels.py
[2025-04-24T21:42:24.257+0000] {processor.py:914} INFO - Processing file /home/airflow/.local/lib/python3.12/site-packages/airflow/example_dags/example_branch_labels.py for tasks to queue
[2025-04-24T21:42:24.382+0000] {logging_mixin.py:190} INFO - [2025-04-24T21:42:24.380+0000] {dagbag.py:588} INFO - Filling up the DagBag from /home/airflow/.local/lib/python3.12/site-packages/airflow/example_dags/example_branch_labels.py
[2025-04-24T21:42:24.473+0000] {processor.py:925} INFO - DAG(s) 'example_branch_labels' retrieved from /home/airflow/.local/lib/python3.12/site-packages/airflow/example_dags/example_branch_labels.py
[2025-04-24T21:42:24.832+0000] {logging_mixin.py:190} INFO - [2025-04-24T21:42:24.832+0000] {dag.py:3239} INFO - Sync 1 DAGs
[2025-04-24T21:42:25.174+0000] {logging_mixin.py:190} INFO - [2025-04-24T21:42:25.174+0000] {dag.py:4180} INFO - Setting next_dagrun for example_branch_labels to 2025-04-23 00:00:00+00:00, run_after=2025-04-24 00:00:00+00:00
[2025-04-24T21:42:25.355+0000] {processor.py:208} INFO - Processing /home/airflow/.local/lib/python3.12/site-packages/airflow/example_dags/example_branch_labels.py took 1.399 seconds
[2025-04-24T21:44:06.905+0000] {processor.py:186} INFO - Started process (PID=891) to work on /home/airflow/.local/lib/python3.12/site-packages/airflow/example_dags/example_branch_labels.py
[2025-04-24T21:44:06.938+0000] {processor.py:914} INFO - Processing file /home/airflow/.local/lib/python3.12/site-packages/airflow/example_dags/example_branch_labels.py for tasks to queue
[2025-04-24T21:44:06.964+0000] {logging_mixin.py:190} INFO - [2025-04-24T21:44:06.962+0000] {dagbag.py:588} INFO - Filling up the DagBag from /home/airflow/.local/lib/python3.12/site-packages/airflow/example_dags/example_branch_labels.py
[2025-04-24T21:44:07.100+0000] {processor.py:925} INFO - DAG(s) 'example_branch_labels' retrieved from /home/airflow/.local/lib/python3.12/site-packages/airflow/example_dags/example_branch_labels.py
[2025-04-24T21:44:07.345+0000] {logging_mixin.py:190} INFO - [2025-04-24T21:44:07.332+0000] {dag.py:3239} INFO - Sync 1 DAGs
[2025-04-24T21:44:08.064+0000] {logging_mixin.py:190} INFO - [2025-04-24T21:44:08.063+0000] {dag.py:4180} INFO - Setting next_dagrun for example_branch_labels to 2025-04-23 00:00:00+00:00, run_after=2025-04-24 00:00:00+00:00
[2025-04-24T21:44:08.518+0000] {processor.py:208} INFO - Processing /home/airflow/.local/lib/python3.12/site-packages/airflow/example_dags/example_branch_labels.py took 2.153 seconds
[2025-04-24T21:45:34.028+0000] {processor.py:186} INFO - Started process (PID=948) to work on /home/airflow/.local/lib/python3.12/site-packages/airflow/example_dags/example_branch_labels.py
[2025-04-24T21:45:34.037+0000] {processor.py:914} INFO - Processing file /home/airflow/.local/lib/python3.12/site-packages/airflow/example_dags/example_branch_labels.py for tasks to queue
[2025-04-24T21:45:34.043+0000] {logging_mixin.py:190} INFO - [2025-04-24T21:45:34.043+0000] {dagbag.py:588} INFO - Filling up the DagBag from /home/airflow/.local/lib/python3.12/site-packages/airflow/example_dags/example_branch_labels.py
[2025-04-24T21:45:34.125+0000] {processor.py:925} INFO - DAG(s) 'example_branch_labels' retrieved from /home/airflow/.local/lib/python3.12/site-packages/airflow/example_dags/example_branch_labels.py
[2025-04-24T21:45:34.370+0000] {logging_mixin.py:190} INFO - [2025-04-24T21:45:34.369+0000] {dag.py:3239} INFO - Sync 1 DAGs
[2025-04-24T21:45:34.673+0000] {logging_mixin.py:190} INFO - [2025-04-24T21:45:34.672+0000] {dag.py:4180} INFO - Setting next_dagrun for example_branch_labels to 2025-04-23 00:00:00+00:00, run_after=2025-04-24 00:00:00+00:00
[2025-04-24T21:45:35.155+0000] {processor.py:208} INFO - Processing /home/airflow/.local/lib/python3.12/site-packages/airflow/example_dags/example_branch_labels.py took 1.213 seconds
[2025-04-24T21:46:51.069+0000] {processor.py:186} INFO - Started process (PID=1004) to work on /home/airflow/.local/lib/python3.12/site-packages/airflow/example_dags/example_branch_labels.py
[2025-04-24T21:46:51.096+0000] {processor.py:914} INFO - Processing file /home/airflow/.local/lib/python3.12/site-packages/airflow/example_dags/example_branch_labels.py for tasks to queue
[2025-04-24T21:46:51.114+0000] {logging_mixin.py:190} INFO - [2025-04-24T21:46:51.113+0000] {dagbag.py:588} INFO - Filling up the DagBag from /home/airflow/.local/lib/python3.12/site-packages/airflow/example_dags/example_branch_labels.py
[2025-04-24T21:46:51.290+0000] {processor.py:925} INFO - DAG(s) 'example_branch_labels' retrieved from /home/airflow/.local/lib/python3.12/site-packages/airflow/example_dags/example_branch_labels.py
[2025-04-24T21:46:51.635+0000] {logging_mixin.py:190} INFO - [2025-04-24T21:46:51.635+0000] {dag.py:3239} INFO - Sync 1 DAGs
