[2025-04-24T21:22:21.104+0000] {processor.py:186} INFO - Started process (PID=148) to work on /home/airflow/.local/lib/python3.12/site-packages/airflow/example_dags/example_branch_operator.py
[2025-04-24T21:22:21.155+0000] {processor.py:914} INFO - Processing file /home/airflow/.local/lib/python3.12/site-packages/airflow/example_dags/example_branch_operator.py for tasks to queue
[2025-04-24T21:22:21.170+0000] {logging_mixin.py:190} INFO - [2025-04-24T21:22:21.169+0000] {dagbag.py:588} INFO - Filling up the DagBag from /home/airflow/.local/lib/python3.12/site-packages/airflow/example_dags/example_branch_operator.py
[2025-04-24T21:22:22.619+0000] {processor.py:925} INFO - DAG(s) 'example_branch_operator' retrieved from /home/airflow/.local/lib/python3.12/site-packages/airflow/example_dags/example_branch_operator.py
[2025-04-24T21:22:27.466+0000] {logging_mixin.py:190} INFO - [2025-04-24T21:22:27.465+0000] {dag.py:3239} INFO - Sync 1 DAGs
[2025-04-24T21:22:28.357+0000] {logging_mixin.py:190} INFO - [2025-04-24T21:22:28.357+0000] {dag.py:4180} INFO - Setting next_dagrun for example_branch_operator to 2025-04-23 00:00:00+00:00, run_after=2025-04-24 00:00:00+00:00
[2025-04-24T21:22:28.849+0000] {processor.py:208} INFO - Processing /home/airflow/.local/lib/python3.12/site-packages/airflow/example_dags/example_branch_operator.py took 7.757 seconds
[2025-04-24T21:24:42.302+0000] {processor.py:186} INFO - Started process (PID=227) to work on /home/airflow/.local/lib/python3.12/site-packages/airflow/example_dags/example_branch_operator.py
[2025-04-24T21:24:42.357+0000] {processor.py:914} INFO - Processing file /home/airflow/.local/lib/python3.12/site-packages/airflow/example_dags/example_branch_operator.py for tasks to queue
[2025-04-24T21:24:42.500+0000] {logging_mixin.py:190} INFO - [2025-04-24T21:24:42.499+0000] {dagbag.py:588} INFO - Filling up the DagBag from /home/airflow/.local/lib/python3.12/site-packages/airflow/example_dags/example_branch_operator.py
[2025-04-24T21:24:42.759+0000] {processor.py:925} INFO - DAG(s) 'example_branch_operator' retrieved from /home/airflow/.local/lib/python3.12/site-packages/airflow/example_dags/example_branch_operator.py
[2025-04-24T21:24:43.194+0000] {logging_mixin.py:190} INFO - [2025-04-24T21:24:43.171+0000] {dag.py:3239} INFO - Sync 1 DAGs
[2025-04-24T21:24:43.793+0000] {logging_mixin.py:190} INFO - [2025-04-24T21:24:43.792+0000] {dag.py:4180} INFO - Setting next_dagrun for example_branch_operator to 2025-04-23 00:00:00+00:00, run_after=2025-04-24 00:00:00+00:00
[2025-04-24T21:24:44.171+0000] {processor.py:208} INFO - Processing /home/airflow/.local/lib/python3.12/site-packages/airflow/example_dags/example_branch_operator.py took 1.984 seconds
[2025-04-24T21:27:51.976+0000] {processor.py:186} INFO - Started process (PID=343) to work on /home/airflow/.local/lib/python3.12/site-packages/airflow/example_dags/example_branch_operator.py
[2025-04-24T21:27:51.987+0000] {processor.py:914} INFO - Processing file /home/airflow/.local/lib/python3.12/site-packages/airflow/example_dags/example_branch_operator.py for tasks to queue
[2025-04-24T21:27:52.020+0000] {logging_mixin.py:190} INFO - [2025-04-24T21:27:52.019+0000] {dagbag.py:588} INFO - Filling up the DagBag from /home/airflow/.local/lib/python3.12/site-packages/airflow/example_dags/example_branch_operator.py
[2025-04-24T21:27:52.955+0000] {processor.py:925} INFO - DAG(s) 'example_branch_operator' retrieved from /home/airflow/.local/lib/python3.12/site-packages/airflow/example_dags/example_branch_operator.py
[2025-04-24T21:27:54.128+0000] {logging_mixin.py:190} INFO - [2025-04-24T21:27:54.127+0000] {dag.py:3239} INFO - Sync 1 DAGs
[2025-04-24T21:27:54.806+0000] {logging_mixin.py:190} INFO - [2025-04-24T21:27:54.727+0000] {dag.py:4180} INFO - Setting next_dagrun for example_branch_operator to 2025-04-23 00:00:00+00:00, run_after=2025-04-24 00:00:00+00:00
[2025-04-24T21:27:55.283+0000] {processor.py:208} INFO - Processing /home/airflow/.local/lib/python3.12/site-packages/airflow/example_dags/example_branch_operator.py took 3.396 seconds
[2025-04-24T21:31:31.652+0000] {processor.py:186} INFO - Started process (PID=464) to work on /home/airflow/.local/lib/python3.12/site-packages/airflow/example_dags/example_branch_operator.py
[2025-04-24T21:31:31.698+0000] {processor.py:914} INFO - Processing file /home/airflow/.local/lib/python3.12/site-packages/airflow/example_dags/example_branch_operator.py for tasks to queue
[2025-04-24T21:31:31.752+0000] {logging_mixin.py:190} INFO - [2025-04-24T21:31:31.751+0000] {dagbag.py:588} INFO - Filling up the DagBag from /home/airflow/.local/lib/python3.12/site-packages/airflow/example_dags/example_branch_operator.py
[2025-04-24T21:31:32.698+0000] {processor.py:925} INFO - DAG(s) 'example_branch_operator' retrieved from /home/airflow/.local/lib/python3.12/site-packages/airflow/example_dags/example_branch_operator.py
[2025-04-24T21:31:33.581+0000] {logging_mixin.py:190} INFO - [2025-04-24T21:31:33.580+0000] {dag.py:3239} INFO - Sync 1 DAGs
[2025-04-24T21:31:34.608+0000] {logging_mixin.py:190} INFO - [2025-04-24T21:31:34.607+0000] {dag.py:4180} INFO - Setting next_dagrun for example_branch_operator to 2025-04-23 00:00:00+00:00, run_after=2025-04-24 00:00:00+00:00
[2025-04-24T21:31:35.150+0000] {processor.py:208} INFO - Processing /home/airflow/.local/lib/python3.12/site-packages/airflow/example_dags/example_branch_operator.py took 3.557 seconds
[2025-04-24T21:34:58.799+0000] {processor.py:186} INFO - Started process (PID=589) to work on /home/airflow/.local/lib/python3.12/site-packages/airflow/example_dags/example_branch_operator.py
[2025-04-24T21:34:58.861+0000] {processor.py:914} INFO - Processing file /home/airflow/.local/lib/python3.12/site-packages/airflow/example_dags/example_branch_operator.py for tasks to queue
[2025-04-24T21:34:58.942+0000] {logging_mixin.py:190} INFO - [2025-04-24T21:34:58.942+0000] {dagbag.py:588} INFO - Filling up the DagBag from /home/airflow/.local/lib/python3.12/site-packages/airflow/example_dags/example_branch_operator.py
[2025-04-24T21:34:59.580+0000] {processor.py:925} INFO - DAG(s) 'example_branch_operator' retrieved from /home/airflow/.local/lib/python3.12/site-packages/airflow/example_dags/example_branch_operator.py
[2025-04-24T21:35:00.924+0000] {logging_mixin.py:190} INFO - [2025-04-24T21:35:00.924+0000] {dag.py:3239} INFO - Sync 1 DAGs
[2025-04-24T21:35:01.414+0000] {logging_mixin.py:190} INFO - [2025-04-24T21:35:01.414+0000] {dag.py:4180} INFO - Setting next_dagrun for example_branch_operator to 2025-04-23 00:00:00+00:00, run_after=2025-04-24 00:00:00+00:00
[2025-04-24T21:35:01.783+0000] {processor.py:208} INFO - Processing /home/airflow/.local/lib/python3.12/site-packages/airflow/example_dags/example_branch_operator.py took 3.268 seconds
[2025-04-24T21:38:55.992+0000] {processor.py:186} INFO - Started process (PID=720) to work on /home/airflow/.local/lib/python3.12/site-packages/airflow/example_dags/example_branch_operator.py
[2025-04-24T21:38:56.039+0000] {processor.py:914} INFO - Processing file /home/airflow/.local/lib/python3.12/site-packages/airflow/example_dags/example_branch_operator.py for tasks to queue
[2025-04-24T21:38:56.072+0000] {logging_mixin.py:190} INFO - [2025-04-24T21:38:56.072+0000] {dagbag.py:588} INFO - Filling up the DagBag from /home/airflow/.local/lib/python3.12/site-packages/airflow/example_dags/example_branch_operator.py
[2025-04-24T21:38:57.352+0000] {processor.py:925} INFO - DAG(s) 'example_branch_operator' retrieved from /home/airflow/.local/lib/python3.12/site-packages/airflow/example_dags/example_branch_operator.py
[2025-04-24T21:38:58.444+0000] {logging_mixin.py:190} INFO - [2025-04-24T21:38:58.443+0000] {dag.py:3239} INFO - Sync 1 DAGs
[2025-04-24T21:38:58.945+0000] {logging_mixin.py:190} INFO - [2025-04-24T21:38:58.945+0000] {dag.py:4180} INFO - Setting next_dagrun for example_branch_operator to 2025-04-23 00:00:00+00:00, run_after=2025-04-24 00:00:00+00:00
[2025-04-24T21:38:59.662+0000] {processor.py:208} INFO - Processing /home/airflow/.local/lib/python3.12/site-packages/airflow/example_dags/example_branch_operator.py took 3.830 seconds
[2025-04-24T21:42:55.228+0000] {processor.py:186} INFO - Started process (PID=843) to work on /home/airflow/.local/lib/python3.12/site-packages/airflow/example_dags/example_branch_operator.py
[2025-04-24T21:42:55.238+0000] {processor.py:914} INFO - Processing file /home/airflow/.local/lib/python3.12/site-packages/airflow/example_dags/example_branch_operator.py for tasks to queue
[2025-04-24T21:42:55.335+0000] {logging_mixin.py:190} INFO - [2025-04-24T21:42:55.334+0000] {dagbag.py:588} INFO - Filling up the DagBag from /home/airflow/.local/lib/python3.12/site-packages/airflow/example_dags/example_branch_operator.py
[2025-04-24T21:42:55.877+0000] {processor.py:925} INFO - DAG(s) 'example_branch_operator' retrieved from /home/airflow/.local/lib/python3.12/site-packages/airflow/example_dags/example_branch_operator.py
[2025-04-24T21:42:57.581+0000] {logging_mixin.py:190} INFO - [2025-04-24T21:42:57.580+0000] {dag.py:3239} INFO - Sync 1 DAGs
[2025-04-24T21:42:58.158+0000] {logging_mixin.py:190} INFO - [2025-04-24T21:42:58.158+0000] {dag.py:4180} INFO - Setting next_dagrun for example_branch_operator to 2025-04-23 00:00:00+00:00, run_after=2025-04-24 00:00:00+00:00
[2025-04-24T21:42:58.590+0000] {processor.py:208} INFO - Processing /home/airflow/.local/lib/python3.12/site-packages/airflow/example_dags/example_branch_operator.py took 3.432 seconds
[2025-04-24T21:45:57.091+0000] {processor.py:186} INFO - Started process (PID=962) to work on /home/airflow/.local/lib/python3.12/site-packages/airflow/example_dags/example_branch_operator.py
[2025-04-24T21:45:57.156+0000] {processor.py:914} INFO - Processing file /home/airflow/.local/lib/python3.12/site-packages/airflow/example_dags/example_branch_operator.py for tasks to queue
[2025-04-24T21:45:57.183+0000] {logging_mixin.py:190} INFO - [2025-04-24T21:45:57.183+0000] {dagbag.py:588} INFO - Filling up the DagBag from /home/airflow/.local/lib/python3.12/site-packages/airflow/example_dags/example_branch_operator.py
[2025-04-24T21:45:57.974+0000] {processor.py:925} INFO - DAG(s) 'example_branch_operator' retrieved from /home/airflow/.local/lib/python3.12/site-packages/airflow/example_dags/example_branch_operator.py
[2025-04-24T21:45:58.720+0000] {logging_mixin.py:190} INFO - [2025-04-24T21:45:58.719+0000] {dag.py:3239} INFO - Sync 1 DAGs
[2025-04-24T21:45:59.326+0000] {logging_mixin.py:190} INFO - [2025-04-24T21:45:59.326+0000] {dag.py:4180} INFO - Setting next_dagrun for example_branch_operator to 2025-04-23 00:00:00+00:00, run_after=2025-04-24 00:00:00+00:00
[2025-04-24T21:45:59.791+0000] {processor.py:208} INFO - Processing /home/airflow/.local/lib/python3.12/site-packages/airflow/example_dags/example_branch_operator.py took 3.142 seconds
