[2025-04-24T21:22:07.368+0000] {processor.py:186} INFO - Started process (PID=135) to work on /home/airflow/.local/lib/python3.12/site-packages/airflow/example_dags/example_branch_python_dop_operator_3.py
[2025-04-24T21:22:07.377+0000] {processor.py:914} INFO - Processing file /home/airflow/.local/lib/python3.12/site-packages/airflow/example_dags/example_branch_python_dop_operator_3.py for tasks to queue
[2025-04-24T21:22:07.408+0000] {logging_mixin.py:190} INFO - [2025-04-24T21:22:07.407+0000] {dagbag.py:588} INFO - Filling up the DagBag from /home/airflow/.local/lib/python3.12/site-packages/airflow/example_dags/example_branch_python_dop_operator_3.py
[2025-04-24T21:22:07.557+0000] {processor.py:925} INFO - DAG(s) 'example_branch_dop_operator_v3' retrieved from /home/airflow/.local/lib/python3.12/site-packages/airflow/example_dags/example_branch_python_dop_operator_3.py
[2025-04-24T21:22:07.758+0000] {logging_mixin.py:190} INFO - [2025-04-24T21:22:07.757+0000] {dag.py:3239} INFO - Sync 1 DAGs
[2025-04-24T21:22:08.388+0000] {logging_mixin.py:190} INFO - [2025-04-24T21:22:08.388+0000] {dag.py:4180} INFO - Setting next_dagrun for example_branch_dop_operator_v3 to 2025-04-24 21:21:00+00:00, run_after=2025-04-24 21:22:00+00:00
[2025-04-24T21:22:08.605+0000] {processor.py:208} INFO - Processing /home/airflow/.local/lib/python3.12/site-packages/airflow/example_dags/example_branch_python_dop_operator_3.py took 1.340 seconds
[2025-04-24T21:24:31.071+0000] {processor.py:186} INFO - Started process (PID=220) to work on /home/airflow/.local/lib/python3.12/site-packages/airflow/example_dags/example_branch_python_dop_operator_3.py
[2025-04-24T21:24:31.125+0000] {processor.py:914} INFO - Processing file /home/airflow/.local/lib/python3.12/site-packages/airflow/example_dags/example_branch_python_dop_operator_3.py for tasks to queue
[2025-04-24T21:24:31.149+0000] {logging_mixin.py:190} INFO - [2025-04-24T21:24:31.129+0000] {dagbag.py:588} INFO - Filling up the DagBag from /home/airflow/.local/lib/python3.12/site-packages/airflow/example_dags/example_branch_python_dop_operator_3.py
[2025-04-24T21:24:31.315+0000] {processor.py:925} INFO - DAG(s) 'example_branch_dop_operator_v3' retrieved from /home/airflow/.local/lib/python3.12/site-packages/airflow/example_dags/example_branch_python_dop_operator_3.py
[2025-04-24T21:24:31.952+0000] {logging_mixin.py:190} INFO - [2025-04-24T21:24:31.952+0000] {dag.py:3239} INFO - Sync 1 DAGs
[2025-04-24T21:24:32.531+0000] {logging_mixin.py:190} INFO - [2025-04-24T21:24:32.530+0000] {dag.py:4180} INFO - Setting next_dagrun for example_branch_dop_operator_v3 to 2025-04-24 21:23:00+00:00, run_after=2025-04-24 21:24:00+00:00
[2025-04-24T21:24:32.915+0000] {processor.py:208} INFO - Processing /home/airflow/.local/lib/python3.12/site-packages/airflow/example_dags/example_branch_python_dop_operator_3.py took 2.034 seconds
[2025-04-24T21:27:43.210+0000] {processor.py:186} INFO - Started process (PID=336) to work on /home/airflow/.local/lib/python3.12/site-packages/airflow/example_dags/example_branch_python_dop_operator_3.py
[2025-04-24T21:27:43.232+0000] {processor.py:914} INFO - Processing file /home/airflow/.local/lib/python3.12/site-packages/airflow/example_dags/example_branch_python_dop_operator_3.py for tasks to queue
[2025-04-24T21:27:43.289+0000] {logging_mixin.py:190} INFO - [2025-04-24T21:27:43.288+0000] {dagbag.py:588} INFO - Filling up the DagBag from /home/airflow/.local/lib/python3.12/site-packages/airflow/example_dags/example_branch_python_dop_operator_3.py
[2025-04-24T21:27:43.429+0000] {processor.py:925} INFO - DAG(s) 'example_branch_dop_operator_v3' retrieved from /home/airflow/.local/lib/python3.12/site-packages/airflow/example_dags/example_branch_python_dop_operator_3.py
[2025-04-24T21:27:44.102+0000] {logging_mixin.py:190} INFO - [2025-04-24T21:27:44.101+0000] {dag.py:3239} INFO - Sync 1 DAGs
[2025-04-24T21:27:44.649+0000] {logging_mixin.py:190} INFO - [2025-04-24T21:27:44.649+0000] {dag.py:4180} INFO - Setting next_dagrun for example_branch_dop_operator_v3 to 2025-04-24 21:26:00+00:00, run_after=2025-04-24 21:27:00+00:00
[2025-04-24T21:27:44.902+0000] {processor.py:208} INFO - Processing /home/airflow/.local/lib/python3.12/site-packages/airflow/example_dags/example_branch_python_dop_operator_3.py took 1.753 seconds
[2025-04-24T21:31:19.892+0000] {processor.py:186} INFO - Started process (PID=457) to work on /home/airflow/.local/lib/python3.12/site-packages/airflow/example_dags/example_branch_python_dop_operator_3.py
[2025-04-24T21:31:19.895+0000] {processor.py:914} INFO - Processing file /home/airflow/.local/lib/python3.12/site-packages/airflow/example_dags/example_branch_python_dop_operator_3.py for tasks to queue
[2025-04-24T21:31:19.910+0000] {logging_mixin.py:190} INFO - [2025-04-24T21:31:19.909+0000] {dagbag.py:588} INFO - Filling up the DagBag from /home/airflow/.local/lib/python3.12/site-packages/airflow/example_dags/example_branch_python_dop_operator_3.py
[2025-04-24T21:31:20.505+0000] {processor.py:925} INFO - DAG(s) 'example_branch_dop_operator_v3' retrieved from /home/airflow/.local/lib/python3.12/site-packages/airflow/example_dags/example_branch_python_dop_operator_3.py
[2025-04-24T21:31:21.408+0000] {logging_mixin.py:190} INFO - [2025-04-24T21:31:21.407+0000] {dag.py:3239} INFO - Sync 1 DAGs
[2025-04-24T21:31:22.712+0000] {logging_mixin.py:190} INFO - [2025-04-24T21:31:22.711+0000] {dag.py:4180} INFO - Setting next_dagrun for example_branch_dop_operator_v3 to 2025-04-24 21:30:00+00:00, run_after=2025-04-24 21:31:00+00:00
[2025-04-24T21:31:22.993+0000] {processor.py:208} INFO - Processing /home/airflow/.local/lib/python3.12/site-packages/airflow/example_dags/example_branch_python_dop_operator_3.py took 3.243 seconds
[2025-04-24T21:34:46.149+0000] {processor.py:186} INFO - Started process (PID=582) to work on /home/airflow/.local/lib/python3.12/site-packages/airflow/example_dags/example_branch_python_dop_operator_3.py
[2025-04-24T21:34:46.176+0000] {processor.py:914} INFO - Processing file /home/airflow/.local/lib/python3.12/site-packages/airflow/example_dags/example_branch_python_dop_operator_3.py for tasks to queue
[2025-04-24T21:34:46.259+0000] {logging_mixin.py:190} INFO - [2025-04-24T21:34:46.258+0000] {dagbag.py:588} INFO - Filling up the DagBag from /home/airflow/.local/lib/python3.12/site-packages/airflow/example_dags/example_branch_python_dop_operator_3.py
[2025-04-24T21:34:46.337+0000] {processor.py:925} INFO - DAG(s) 'example_branch_dop_operator_v3' retrieved from /home/airflow/.local/lib/python3.12/site-packages/airflow/example_dags/example_branch_python_dop_operator_3.py
[2025-04-24T21:34:46.680+0000] {logging_mixin.py:190} INFO - [2025-04-24T21:34:46.679+0000] {dag.py:3239} INFO - Sync 1 DAGs
[2025-04-24T21:34:47.649+0000] {logging_mixin.py:190} INFO - [2025-04-24T21:34:47.648+0000] {dag.py:4180} INFO - Setting next_dagrun for example_branch_dop_operator_v3 to 2025-04-24 21:33:00+00:00, run_after=2025-04-24 21:34:00+00:00
[2025-04-24T21:34:48.235+0000] {processor.py:208} INFO - Processing /home/airflow/.local/lib/python3.12/site-packages/airflow/example_dags/example_branch_python_dop_operator_3.py took 2.270 seconds
[2025-04-24T21:38:45.147+0000] {processor.py:186} INFO - Started process (PID=707) to work on /home/airflow/.local/lib/python3.12/site-packages/airflow/example_dags/example_branch_python_dop_operator_3.py
[2025-04-24T21:38:45.165+0000] {processor.py:914} INFO - Processing file /home/airflow/.local/lib/python3.12/site-packages/airflow/example_dags/example_branch_python_dop_operator_3.py for tasks to queue
[2025-04-24T21:38:45.336+0000] {logging_mixin.py:190} INFO - [2025-04-24T21:38:45.287+0000] {dagbag.py:588} INFO - Filling up the DagBag from /home/airflow/.local/lib/python3.12/site-packages/airflow/example_dags/example_branch_python_dop_operator_3.py
[2025-04-24T21:38:45.618+0000] {processor.py:925} INFO - DAG(s) 'example_branch_dop_operator_v3' retrieved from /home/airflow/.local/lib/python3.12/site-packages/airflow/example_dags/example_branch_python_dop_operator_3.py
[2025-04-24T21:38:46.229+0000] {logging_mixin.py:190} INFO - [2025-04-24T21:38:46.228+0000] {dag.py:3239} INFO - Sync 1 DAGs
[2025-04-24T21:38:48.053+0000] {logging_mixin.py:190} INFO - [2025-04-24T21:38:48.019+0000] {dag.py:4180} INFO - Setting next_dagrun for example_branch_dop_operator_v3 to 2025-04-24 21:37:00+00:00, run_after=2025-04-24 21:38:00+00:00
[2025-04-24T21:38:48.622+0000] {processor.py:208} INFO - Processing /home/airflow/.local/lib/python3.12/site-packages/airflow/example_dags/example_branch_python_dop_operator_3.py took 3.810 seconds
[2025-04-24T21:42:45.947+0000] {processor.py:186} INFO - Started process (PID=836) to work on /home/airflow/.local/lib/python3.12/site-packages/airflow/example_dags/example_branch_python_dop_operator_3.py
[2025-04-24T21:42:45.950+0000] {processor.py:914} INFO - Processing file /home/airflow/.local/lib/python3.12/site-packages/airflow/example_dags/example_branch_python_dop_operator_3.py for tasks to queue
[2025-04-24T21:42:45.967+0000] {logging_mixin.py:190} INFO - [2025-04-24T21:42:45.966+0000] {dagbag.py:588} INFO - Filling up the DagBag from /home/airflow/.local/lib/python3.12/site-packages/airflow/example_dags/example_branch_python_dop_operator_3.py
[2025-04-24T21:42:46.492+0000] {processor.py:925} INFO - DAG(s) 'example_branch_dop_operator_v3' retrieved from /home/airflow/.local/lib/python3.12/site-packages/airflow/example_dags/example_branch_python_dop_operator_3.py
[2025-04-24T21:42:47.071+0000] {logging_mixin.py:190} INFO - [2025-04-24T21:42:47.070+0000] {dag.py:3239} INFO - Sync 1 DAGs
[2025-04-24T21:42:47.812+0000] {logging_mixin.py:190} INFO - [2025-04-24T21:42:47.811+0000] {dag.py:4180} INFO - Setting next_dagrun for example_branch_dop_operator_v3 to 2025-04-24 21:41:00+00:00, run_after=2025-04-24 21:42:00+00:00
[2025-04-24T21:42:48.215+0000] {processor.py:208} INFO - Processing /home/airflow/.local/lib/python3.12/site-packages/airflow/example_dags/example_branch_python_dop_operator_3.py took 2.357 seconds
[2025-04-24T21:45:45.214+0000] {processor.py:186} INFO - Started process (PID=955) to work on /home/airflow/.local/lib/python3.12/site-packages/airflow/example_dags/example_branch_python_dop_operator_3.py
[2025-04-24T21:45:45.258+0000] {processor.py:914} INFO - Processing file /home/airflow/.local/lib/python3.12/site-packages/airflow/example_dags/example_branch_python_dop_operator_3.py for tasks to queue
[2025-04-24T21:45:45.299+0000] {logging_mixin.py:190} INFO - [2025-04-24T21:45:45.298+0000] {dagbag.py:588} INFO - Filling up the DagBag from /home/airflow/.local/lib/python3.12/site-packages/airflow/example_dags/example_branch_python_dop_operator_3.py
[2025-04-24T21:45:45.771+0000] {processor.py:925} INFO - DAG(s) 'example_branch_dop_operator_v3' retrieved from /home/airflow/.local/lib/python3.12/site-packages/airflow/example_dags/example_branch_python_dop_operator_3.py
[2025-04-24T21:45:46.090+0000] {logging_mixin.py:190} INFO - [2025-04-24T21:45:46.089+0000] {dag.py:3239} INFO - Sync 1 DAGs
[2025-04-24T21:45:47.370+0000] {logging_mixin.py:190} INFO - [2025-04-24T21:45:47.370+0000] {dag.py:4180} INFO - Setting next_dagrun for example_branch_dop_operator_v3 to 2025-04-24 21:44:00+00:00, run_after=2025-04-24 21:45:00+00:00
[2025-04-24T21:45:47.973+0000] {processor.py:208} INFO - Processing /home/airflow/.local/lib/python3.12/site-packages/airflow/example_dags/example_branch_python_dop_operator_3.py took 2.991 seconds
