[2025-04-24T21:21:57.570+0000] {processor.py:186} INFO - Started process (PID=130) to work on /home/airflow/.local/lib/python3.12/site-packages/airflow/example_dags/tutorial_objectstorage.py
[2025-04-24T21:21:57.606+0000] {processor.py:914} INFO - Processing file /home/airflow/.local/lib/python3.12/site-packages/airflow/example_dags/tutorial_objectstorage.py for tasks to queue
[2025-04-24T21:21:57.658+0000] {logging_mixin.py:190} INFO - [2025-04-24T21:21:57.657+0000] {dagbag.py:588} INFO - Filling up the DagBag from /home/airflow/.local/lib/python3.12/site-packages/airflow/example_dags/tutorial_objectstorage.py
[2025-04-24T21:21:57.857+0000] {processor.py:925} INFO - DAG(s) 'tutorial_objectstorage' retrieved from /home/airflow/.local/lib/python3.12/site-packages/airflow/example_dags/tutorial_objectstorage.py
[2025-04-24T21:21:58.112+0000] {logging_mixin.py:190} INFO - [2025-04-24T21:21:58.111+0000] {dag.py:3239} INFO - Sync 1 DAGs
[2025-04-24T21:21:58.321+0000] {logging_mixin.py:190} INFO - [2025-04-24T21:21:58.320+0000] {dag.py:4180} INFO - Setting next_dagrun for tutorial_objectstorage to None, run_after=None
[2025-04-24T21:21:58.732+0000] {processor.py:208} INFO - Processing /home/airflow/.local/lib/python3.12/site-packages/airflow/example_dags/tutorial_objectstorage.py took 1.354 seconds
[2025-04-24T21:24:21.233+0000] {processor.py:186} INFO - Started process (PID=209) to work on /home/airflow/.local/lib/python3.12/site-packages/airflow/example_dags/tutorial_objectstorage.py
[2025-04-24T21:24:21.296+0000] {processor.py:914} INFO - Processing file /home/airflow/.local/lib/python3.12/site-packages/airflow/example_dags/tutorial_objectstorage.py for tasks to queue
[2025-04-24T21:24:21.308+0000] {logging_mixin.py:190} INFO - [2025-04-24T21:24:21.307+0000] {dagbag.py:588} INFO - Filling up the DagBag from /home/airflow/.local/lib/python3.12/site-packages/airflow/example_dags/tutorial_objectstorage.py
[2025-04-24T21:24:21.497+0000] {processor.py:925} INFO - DAG(s) 'tutorial_objectstorage' retrieved from /home/airflow/.local/lib/python3.12/site-packages/airflow/example_dags/tutorial_objectstorage.py
[2025-04-24T21:24:22.596+0000] {logging_mixin.py:190} INFO - [2025-04-24T21:24:22.595+0000] {dag.py:3239} INFO - Sync 1 DAGs
[2025-04-24T21:24:23.680+0000] {logging_mixin.py:190} INFO - [2025-04-24T21:24:23.680+0000] {dag.py:4180} INFO - Setting next_dagrun for tutorial_objectstorage to None, run_after=None
[2025-04-24T21:24:24.345+0000] {processor.py:208} INFO - Processing /home/airflow/.local/lib/python3.12/site-packages/airflow/example_dags/tutorial_objectstorage.py took 3.251 seconds
[2025-04-24T21:27:36.334+0000] {processor.py:186} INFO - Started process (PID=331) to work on /home/airflow/.local/lib/python3.12/site-packages/airflow/example_dags/tutorial_objectstorage.py
[2025-04-24T21:27:36.381+0000] {processor.py:914} INFO - Processing file /home/airflow/.local/lib/python3.12/site-packages/airflow/example_dags/tutorial_objectstorage.py for tasks to queue
[2025-04-24T21:27:36.461+0000] {logging_mixin.py:190} INFO - [2025-04-24T21:27:36.455+0000] {dagbag.py:588} INFO - Filling up the DagBag from /home/airflow/.local/lib/python3.12/site-packages/airflow/example_dags/tutorial_objectstorage.py
[2025-04-24T21:27:36.700+0000] {processor.py:925} INFO - DAG(s) 'tutorial_objectstorage' retrieved from /home/airflow/.local/lib/python3.12/site-packages/airflow/example_dags/tutorial_objectstorage.py
[2025-04-24T21:27:37.162+0000] {logging_mixin.py:190} INFO - [2025-04-24T21:27:37.160+0000] {dag.py:3239} INFO - Sync 1 DAGs
[2025-04-24T21:27:37.392+0000] {logging_mixin.py:190} INFO - [2025-04-24T21:27:37.391+0000] {dag.py:4180} INFO - Setting next_dagrun for tutorial_objectstorage to None, run_after=None
[2025-04-24T21:27:37.805+0000] {processor.py:208} INFO - Processing /home/airflow/.local/lib/python3.12/site-packages/airflow/example_dags/tutorial_objectstorage.py took 1.631 seconds
[2025-04-24T21:31:07.958+0000] {processor.py:186} INFO - Started process (PID=452) to work on /home/airflow/.local/lib/python3.12/site-packages/airflow/example_dags/tutorial_objectstorage.py
[2025-04-24T21:31:07.961+0000] {processor.py:914} INFO - Processing file /home/airflow/.local/lib/python3.12/site-packages/airflow/example_dags/tutorial_objectstorage.py for tasks to queue
[2025-04-24T21:31:08.055+0000] {logging_mixin.py:190} INFO - [2025-04-24T21:31:08.054+0000] {dagbag.py:588} INFO - Filling up the DagBag from /home/airflow/.local/lib/python3.12/site-packages/airflow/example_dags/tutorial_objectstorage.py
[2025-04-24T21:31:08.415+0000] {processor.py:925} INFO - DAG(s) 'tutorial_objectstorage' retrieved from /home/airflow/.local/lib/python3.12/site-packages/airflow/example_dags/tutorial_objectstorage.py
[2025-04-24T21:31:08.807+0000] {logging_mixin.py:190} INFO - [2025-04-24T21:31:08.807+0000] {dag.py:3239} INFO - Sync 1 DAGs
[2025-04-24T21:31:09.219+0000] {logging_mixin.py:190} INFO - [2025-04-24T21:31:09.219+0000] {dag.py:4180} INFO - Setting next_dagrun for tutorial_objectstorage to None, run_after=None
[2025-04-24T21:31:09.658+0000] {processor.py:208} INFO - Processing /home/airflow/.local/lib/python3.12/site-packages/airflow/example_dags/tutorial_objectstorage.py took 1.880 seconds
[2025-04-24T21:32:58.205+0000] {processor.py:186} INFO - Started process (PID=515) to work on /home/airflow/.local/lib/python3.12/site-packages/airflow/example_dags/tutorial_objectstorage.py
[2025-04-24T21:32:58.216+0000] {processor.py:914} INFO - Processing file /home/airflow/.local/lib/python3.12/site-packages/airflow/example_dags/tutorial_objectstorage.py for tasks to queue
[2025-04-24T21:32:58.239+0000] {logging_mixin.py:190} INFO - [2025-04-24T21:32:58.238+0000] {dagbag.py:588} INFO - Filling up the DagBag from /home/airflow/.local/lib/python3.12/site-packages/airflow/example_dags/tutorial_objectstorage.py
[2025-04-24T21:32:58.293+0000] {processor.py:925} INFO - DAG(s) 'tutorial_objectstorage' retrieved from /home/airflow/.local/lib/python3.12/site-packages/airflow/example_dags/tutorial_objectstorage.py
[2025-04-24T21:32:58.421+0000] {logging_mixin.py:190} INFO - [2025-04-24T21:32:58.421+0000] {dag.py:3239} INFO - Sync 1 DAGs
[2025-04-24T21:32:58.543+0000] {logging_mixin.py:190} INFO - [2025-04-24T21:32:58.542+0000] {dag.py:4180} INFO - Setting next_dagrun for tutorial_objectstorage to None, run_after=None
[2025-04-24T21:32:58.707+0000] {processor.py:208} INFO - Processing /home/airflow/.local/lib/python3.12/site-packages/airflow/example_dags/tutorial_objectstorage.py took 0.538 seconds
[2025-04-24T21:36:19.753+0000] {processor.py:186} INFO - Started process (PID=638) to work on /home/airflow/.local/lib/python3.12/site-packages/airflow/example_dags/tutorial_objectstorage.py
[2025-04-24T21:36:19.824+0000] {processor.py:914} INFO - Processing file /home/airflow/.local/lib/python3.12/site-packages/airflow/example_dags/tutorial_objectstorage.py for tasks to queue
[2025-04-24T21:36:19.924+0000] {logging_mixin.py:190} INFO - [2025-04-24T21:36:19.923+0000] {dagbag.py:588} INFO - Filling up the DagBag from /home/airflow/.local/lib/python3.12/site-packages/airflow/example_dags/tutorial_objectstorage.py
[2025-04-24T21:36:20.712+0000] {processor.py:925} INFO - DAG(s) 'tutorial_objectstorage' retrieved from /home/airflow/.local/lib/python3.12/site-packages/airflow/example_dags/tutorial_objectstorage.py
[2025-04-24T21:36:21.518+0000] {logging_mixin.py:190} INFO - [2025-04-24T21:36:21.518+0000] {dag.py:3239} INFO - Sync 1 DAGs
[2025-04-24T21:36:22.000+0000] {logging_mixin.py:190} INFO - [2025-04-24T21:36:22.000+0000] {dag.py:4180} INFO - Setting next_dagrun for tutorial_objectstorage to None, run_after=None
[2025-04-24T21:36:22.517+0000] {processor.py:208} INFO - Processing /home/airflow/.local/lib/python3.12/site-packages/airflow/example_dags/tutorial_objectstorage.py took 3.010 seconds
[2025-04-24T21:38:35.682+0000] {processor.py:186} INFO - Started process (PID=702) to work on /home/airflow/.local/lib/python3.12/site-packages/airflow/example_dags/tutorial_objectstorage.py
[2025-04-24T21:38:35.731+0000] {processor.py:914} INFO - Processing file /home/airflow/.local/lib/python3.12/site-packages/airflow/example_dags/tutorial_objectstorage.py for tasks to queue
[2025-04-24T21:38:35.766+0000] {logging_mixin.py:190} INFO - [2025-04-24T21:38:35.766+0000] {dagbag.py:588} INFO - Filling up the DagBag from /home/airflow/.local/lib/python3.12/site-packages/airflow/example_dags/tutorial_objectstorage.py
[2025-04-24T21:38:36.621+0000] {processor.py:925} INFO - DAG(s) 'tutorial_objectstorage' retrieved from /home/airflow/.local/lib/python3.12/site-packages/airflow/example_dags/tutorial_objectstorage.py
[2025-04-24T21:38:37.266+0000] {logging_mixin.py:190} INFO - [2025-04-24T21:38:37.266+0000] {dag.py:3239} INFO - Sync 1 DAGs
[2025-04-24T21:38:37.654+0000] {logging_mixin.py:190} INFO - [2025-04-24T21:38:37.653+0000] {dag.py:4180} INFO - Setting next_dagrun for tutorial_objectstorage to None, run_after=None
[2025-04-24T21:38:38.189+0000] {processor.py:208} INFO - Processing /home/airflow/.local/lib/python3.12/site-packages/airflow/example_dags/tutorial_objectstorage.py took 2.573 seconds
[2025-04-24T21:42:30.639+0000] {processor.py:186} INFO - Started process (PID=831) to work on /home/airflow/.local/lib/python3.12/site-packages/airflow/example_dags/tutorial_objectstorage.py
[2025-04-24T21:42:30.707+0000] {processor.py:914} INFO - Processing file /home/airflow/.local/lib/python3.12/site-packages/airflow/example_dags/tutorial_objectstorage.py for tasks to queue
[2025-04-24T21:42:30.762+0000] {logging_mixin.py:190} INFO - [2025-04-24T21:42:30.761+0000] {dagbag.py:588} INFO - Filling up the DagBag from /home/airflow/.local/lib/python3.12/site-packages/airflow/example_dags/tutorial_objectstorage.py
[2025-04-24T21:42:30.888+0000] {processor.py:925} INFO - DAG(s) 'tutorial_objectstorage' retrieved from /home/airflow/.local/lib/python3.12/site-packages/airflow/example_dags/tutorial_objectstorage.py
[2025-04-24T21:42:31.321+0000] {logging_mixin.py:190} INFO - [2025-04-24T21:42:31.320+0000] {dag.py:3239} INFO - Sync 1 DAGs
[2025-04-24T21:42:31.681+0000] {logging_mixin.py:190} INFO - [2025-04-24T21:42:31.681+0000] {dag.py:4180} INFO - Setting next_dagrun for tutorial_objectstorage to None, run_after=None
[2025-04-24T21:42:31.999+0000] {processor.py:208} INFO - Processing /home/airflow/.local/lib/python3.12/site-packages/airflow/example_dags/tutorial_objectstorage.py took 1.426 seconds
[2025-04-24T21:44:11.190+0000] {processor.py:186} INFO - Started process (PID=894) to work on /home/airflow/.local/lib/python3.12/site-packages/airflow/example_dags/tutorial_objectstorage.py
[2025-04-24T21:44:11.192+0000] {processor.py:914} INFO - Processing file /home/airflow/.local/lib/python3.12/site-packages/airflow/example_dags/tutorial_objectstorage.py for tasks to queue
[2025-04-24T21:44:11.197+0000] {logging_mixin.py:190} INFO - [2025-04-24T21:44:11.196+0000] {dagbag.py:588} INFO - Filling up the DagBag from /home/airflow/.local/lib/python3.12/site-packages/airflow/example_dags/tutorial_objectstorage.py
[2025-04-24T21:44:11.227+0000] {processor.py:925} INFO - DAG(s) 'tutorial_objectstorage' retrieved from /home/airflow/.local/lib/python3.12/site-packages/airflow/example_dags/tutorial_objectstorage.py
[2025-04-24T21:44:11.508+0000] {logging_mixin.py:190} INFO - [2025-04-24T21:44:11.507+0000] {dag.py:3239} INFO - Sync 1 DAGs
[2025-04-24T21:44:11.862+0000] {logging_mixin.py:190} INFO - [2025-04-24T21:44:11.862+0000] {dag.py:4180} INFO - Setting next_dagrun for tutorial_objectstorage to None, run_after=None
[2025-04-24T21:44:12.371+0000] {processor.py:208} INFO - Processing /home/airflow/.local/lib/python3.12/site-packages/airflow/example_dags/tutorial_objectstorage.py took 1.196 seconds
[2025-04-24T21:45:40.476+0000] {processor.py:186} INFO - Started process (PID=951) to work on /home/airflow/.local/lib/python3.12/site-packages/airflow/example_dags/tutorial_objectstorage.py
[2025-04-24T21:45:40.501+0000] {processor.py:914} INFO - Processing file /home/airflow/.local/lib/python3.12/site-packages/airflow/example_dags/tutorial_objectstorage.py for tasks to queue
[2025-04-24T21:45:40.520+0000] {logging_mixin.py:190} INFO - [2025-04-24T21:45:40.519+0000] {dagbag.py:588} INFO - Filling up the DagBag from /home/airflow/.local/lib/python3.12/site-packages/airflow/example_dags/tutorial_objectstorage.py
[2025-04-24T21:45:40.604+0000] {processor.py:925} INFO - DAG(s) 'tutorial_objectstorage' retrieved from /home/airflow/.local/lib/python3.12/site-packages/airflow/example_dags/tutorial_objectstorage.py
[2025-04-24T21:45:41.196+0000] {logging_mixin.py:190} INFO - [2025-04-24T21:45:41.191+0000] {dag.py:3239} INFO - Sync 1 DAGs
[2025-04-24T21:45:41.567+0000] {logging_mixin.py:190} INFO - [2025-04-24T21:45:41.567+0000] {dag.py:4180} INFO - Setting next_dagrun for tutorial_objectstorage to None, run_after=None
[2025-04-24T21:45:41.933+0000] {processor.py:208} INFO - Processing /home/airflow/.local/lib/python3.12/site-packages/airflow/example_dags/tutorial_objectstorage.py took 1.500 seconds
