[2025-05-19T23:09:07.761+0000] {local_task_job_runner.py:123} INFO - ::group::Pre task execution logs
[2025-05-19T23:09:07.878+0000] {taskinstance.py:2614} INFO - Dependencies all met for dep_context=non-requeueable deps ti=<TaskInstance: etl_csv_pipeline_v2.clean_data manual__2025-05-19T23:08:47.561039+00:00 [queued]>
[2025-05-19T23:09:07.905+0000] {taskinstance.py:2614} INFO - Dependencies all met for dep_context=requeueable deps ti=<TaskInstance: etl_csv_pipeline_v2.clean_data manual__2025-05-19T23:08:47.561039+00:00 [queued]>
[2025-05-19T23:09:07.915+0000] {taskinstance.py:2867} INFO - Starting attempt 1 of 1
[2025-05-19T23:09:08.039+0000] {taskinstance.py:2890} INFO - Executing <Task(PythonOperator): clean_data> on 2025-05-19 23:08:47.561039+00:00
[2025-05-19T23:09:08.054+0000] {warnings.py:112} WARNING - /home/***/.local/lib/python3.12/site-packages/***/task/task_runner/standard_task_runner.py:70: DeprecationWarning: This process (pid=93) is multi-threaded, use of fork() may lead to deadlocks in the child.
  pid = os.fork()

[2025-05-19T23:09:08.057+0000] {standard_task_runner.py:72} INFO - Started process 95 to run task
[2025-05-19T23:09:08.077+0000] {standard_task_runner.py:104} INFO - Running: ['***', 'tasks', 'run', 'etl_csv_pipeline_v2', 'clean_data', 'manual__2025-05-19T23:08:47.561039+00:00', '--job-id', '192', '--raw', '--subdir', 'DAGS_FOLDER/etl_pipeline.py', '--cfg-path', '/tmp/tmpifhv9ndh']
[2025-05-19T23:09:08.079+0000] {standard_task_runner.py:105} INFO - Job 192: Subtask clean_data
[2025-05-19T23:09:08.189+0000] {task_command.py:467} INFO - Running <TaskInstance: etl_csv_pipeline_v2.clean_data manual__2025-05-19T23:08:47.561039+00:00 [running]> on host 703c67887b61
[2025-05-19T23:09:08.441+0000] {taskinstance.py:3134} INFO - Exporting env vars: AIRFLOW_CTX_DAG_OWNER='***' AIRFLOW_CTX_DAG_ID='etl_csv_pipeline_v2' AIRFLOW_CTX_TASK_ID='clean_data' AIRFLOW_CTX_EXECUTION_DATE='2025-05-19T23:08:47.561039+00:00' AIRFLOW_CTX_TRY_NUMBER='1' AIRFLOW_CTX_DAG_RUN_ID='manual__2025-05-19T23:08:47.561039+00:00'
[2025-05-19T23:09:08.443+0000] {logging_mixin.py:190} INFO - Task instance is in running state
[2025-05-19T23:09:08.445+0000] {logging_mixin.py:190} INFO -  Previous state of the Task instance: queued
[2025-05-19T23:09:08.447+0000] {logging_mixin.py:190} INFO - Current task name:clean_data state:running start_date:2025-05-19 23:09:07.879529+00:00
[2025-05-19T23:09:08.448+0000] {logging_mixin.py:190} INFO - Dag name:etl_csv_pipeline_v2 and current dag run status:running
[2025-05-19T23:09:08.449+0000] {taskinstance.py:732} INFO - ::endgroup::
[2025-05-19T23:09:08.491+0000] {clean_data.py:39} INFO - 📥 Leyendo archivo CSV: /tmp/superstore_raw.csv
[2025-05-19T23:09:08.727+0000] {clean_data.py:45} INFO - 🧼 Limpiando columna: Sales
[2025-05-19T23:09:08.799+0000] {clean_data.py:45} INFO - 🧼 Limpiando columna: Profit
[2025-05-19T23:09:08.850+0000] {clean_data.py:55} INFO - 📅 Convirtiendo columnas de fecha: ['Order Date', 'Ship Date']
[2025-05-19T23:09:08.935+0000] {parse_date_columns.py:45} INFO - 📅 Columna 'Order Date' convertida exitosamente a datetime.
[2025-05-19T23:09:08.997+0000] {parse_date_columns.py:45} INFO - 📅 Columna 'Ship Date' convertida exitosamente a datetime.
[2025-05-19T23:09:08.998+0000] {cleaning_helpers.py:26} INFO - 🗑️ Eliminando columnas: ['Transaction']
[2025-05-19T23:09:09.009+0000] {clean_data.py:62} INFO - 📊 9994 filas procesadas en la limpieza
[2025-05-19T23:09:09.940+0000] {clean_data.py:64} INFO - ✅ Datos limpios guardados en /tmp/cleaned.csv
[2025-05-19T23:09:09.958+0000] {python.py:240} INFO - Done. Returned value was: /tmp/cleaned.csv
[2025-05-19T23:09:10.105+0000] {taskinstance.py:341} INFO - ::group::Post task execution logs
[2025-05-19T23:09:10.107+0000] {taskinstance.py:353} INFO - Marking task as SUCCESS. dag_id=etl_csv_pipeline_v2, task_id=clean_data, run_id=manual__2025-05-19T23:08:47.561039+00:00, execution_date=20250519T230847, start_date=20250519T230907, end_date=20250519T230910
[2025-05-19T23:09:10.314+0000] {logging_mixin.py:190} INFO - Task instance in success state
[2025-05-19T23:09:10.324+0000] {logging_mixin.py:190} INFO -  Previous state of the Task instance: running
[2025-05-19T23:09:10.339+0000] {logging_mixin.py:190} INFO - Dag name:etl_csv_pipeline_v2 queued_at:2025-05-19 23:08:47.631233+00:00
[2025-05-19T23:09:10.340+0000] {logging_mixin.py:190} INFO - Task hostname:703c67887b61 operator:PythonOperator
[2025-05-19T23:09:10.438+0000] {local_task_job_runner.py:266} INFO - Task exited with return code 0
[2025-05-19T23:09:10.588+0000] {taskinstance.py:3901} INFO - 1 downstream tasks scheduled from follow-on schedule check
[2025-05-19T23:09:10.643+0000] {local_task_job_runner.py:245} INFO - ::endgroup::
