[2025-04-26T20:33:27.337+0000] {local_task_job_runner.py:123} INFO - ::group::Pre task execution logs
[2025-04-26T20:33:27.402+0000] {taskinstance.py:2614} INFO - Dependencies all met for dep_context=non-requeueable deps ti=<TaskInstance: etl_csv_pipeline.clean_data manual__2025-04-26T20:33:13.860993+00:00 [queued]>
[2025-04-26T20:33:27.431+0000] {taskinstance.py:2614} INFO - Dependencies all met for dep_context=requeueable deps ti=<TaskInstance: etl_csv_pipeline.clean_data manual__2025-04-26T20:33:13.860993+00:00 [queued]>
[2025-04-26T20:33:27.432+0000] {taskinstance.py:2867} INFO - Starting attempt 1 of 1
[2025-04-26T20:33:27.464+0000] {taskinstance.py:2890} INFO - Executing <Task(PythonOperator): clean_data> on 2025-04-26 20:33:13.860993+00:00
[2025-04-26T20:33:27.481+0000] {warnings.py:112} WARNING - /home/***/.local/lib/python3.12/site-packages/***/task/task_runner/standard_task_runner.py:70: DeprecationWarning: This process (pid=99) is multi-threaded, use of fork() may lead to deadlocks in the child.
  pid = os.fork()

[2025-04-26T20:33:27.484+0000] {standard_task_runner.py:72} INFO - Started process 101 to run task
[2025-04-26T20:33:27.485+0000] {standard_task_runner.py:104} INFO - Running: ['***', 'tasks', 'run', 'etl_csv_pipeline', 'clean_data', 'manual__2025-04-26T20:33:13.860993+00:00', '--job-id', '63', '--raw', '--subdir', 'DAGS_FOLDER/etl_pipeline.py', '--cfg-path', '/tmp/tmpx97uuq9g']
[2025-04-26T20:33:27.488+0000] {standard_task_runner.py:105} INFO - Job 63: Subtask clean_data
[2025-04-26T20:33:27.607+0000] {task_command.py:467} INFO - Running <TaskInstance: etl_csv_pipeline.clean_data manual__2025-04-26T20:33:13.860993+00:00 [running]> on host 162636c60dd2
[2025-04-26T20:33:27.778+0000] {taskinstance.py:3134} INFO - Exporting env vars: AIRFLOW_CTX_DAG_OWNER='***' AIRFLOW_CTX_DAG_ID='etl_csv_pipeline' AIRFLOW_CTX_TASK_ID='clean_data' AIRFLOW_CTX_EXECUTION_DATE='2025-04-26T20:33:13.860993+00:00' AIRFLOW_CTX_TRY_NUMBER='1' AIRFLOW_CTX_DAG_RUN_ID='manual__2025-04-26T20:33:13.860993+00:00'
[2025-04-26T20:33:27.781+0000] {logging_mixin.py:190} INFO - Task instance is in running state
[2025-04-26T20:33:27.782+0000] {logging_mixin.py:190} INFO -  Previous state of the Task instance: queued
[2025-04-26T20:33:27.783+0000] {logging_mixin.py:190} INFO - Current task name:clean_data state:running start_date:2025-04-26 20:33:27.404132+00:00
[2025-04-26T20:33:27.784+0000] {logging_mixin.py:190} INFO - Dag name:etl_csv_pipeline and current dag run status:running
[2025-04-26T20:33:27.785+0000] {taskinstance.py:732} INFO - ::endgroup::
[2025-04-26T20:33:27.940+0000] {clean_data.py:36} INFO - ✅ Datos limpios. Tipo de Sales: object
[2025-04-26T20:33:27.945+0000] {clean_data.py:37} INFO - Valores nulos en Sales: 9994
[2025-04-26T20:33:27.947+0000] {clean_data.py:43} INFO - ✅ No se encontraron valores negativos en 'Sales'
[2025-04-26T20:33:27.948+0000] {python.py:240} INFO - Done. Returned value was:       Row ID        Order ID  Order Date  ... Discount    Profit Rating
0          1  CA-2013-152156  09-11-2013  ...     0.00    $41.91    3.5
1          2  CA-2013-152156  09-11-2013  ...     0.00   $219.58    4.4
2          3  CA-2013-138688  13-06-2013  ...     0.00     $6.87    4.3
3          4  US-2012-108966  11-10-2012  ...     0.45  $-383.03    4.4
4          5  US-2012-108966  11-10-2012  ...     0.20     $2.52    4.2
...      ...             ...         ...  ...      ...       ...    ...
9989    9990  CA-2011-110422  22-01-2011  ...     0.20     $4.10    4.6
9990    9991  CA-2014-121258  27-02-2014  ...     0.00    $15.63    4.1
9991    9992  CA-2014-121258  27-02-2014  ...     0.20    $19.39    4.3
9992    9993  CA-2014-121258  27-02-2014  ...     0.00    $13.32    4.0
9993    9994  CA-2014-119914  05-05-2014  ...     0.00    $72.95    4.2

[9994 rows x 20 columns]
[2025-04-26T20:33:28.252+0000] {taskinstance.py:341} INFO - ::group::Post task execution logs
[2025-04-26T20:33:28.253+0000] {taskinstance.py:353} INFO - Marking task as SUCCESS. dag_id=etl_csv_pipeline, task_id=clean_data, run_id=manual__2025-04-26T20:33:13.860993+00:00, execution_date=20250426T203313, start_date=20250426T203327, end_date=20250426T203328
[2025-04-26T20:33:28.299+0000] {logging_mixin.py:190} INFO - Task instance in success state
[2025-04-26T20:33:28.300+0000] {logging_mixin.py:190} INFO -  Previous state of the Task instance: running
[2025-04-26T20:33:28.301+0000] {logging_mixin.py:190} INFO - Dag name:etl_csv_pipeline queued_at:2025-04-26 20:33:13.933344+00:00
[2025-04-26T20:33:28.302+0000] {logging_mixin.py:190} INFO - Task hostname:162636c60dd2 operator:PythonOperator
[2025-04-26T20:33:28.352+0000] {local_task_job_runner.py:266} INFO - Task exited with return code 0
[2025-04-26T20:33:28.394+0000] {taskinstance.py:3901} INFO - 1 downstream tasks scheduled from follow-on schedule check
[2025-04-26T20:33:28.398+0000] {local_task_job_runner.py:245} INFO - ::endgroup::
