[2025-05-20T00:00:30.231+0000] {processor.py:186} INFO - Started process (PID=6611) to work on /opt/airflow/dags/etl_pipeline.py
[2025-05-20T00:00:30.233+0000] {processor.py:914} INFO - Processing file /opt/airflow/dags/etl_pipeline.py for tasks to queue
[2025-05-20T00:00:30.246+0000] {logging_mixin.py:190} INFO - [2025-05-20T00:00:30.238+0000] {dagbag.py:588} INFO - Filling up the DagBag from /opt/airflow/dags/etl_pipeline.py
[2025-05-20T00:00:30.433+0000] {processor.py:925} INFO - DAG(s) 'etl_csv_pipeline_v2' retrieved from /opt/airflow/dags/etl_pipeline.py
[2025-05-20T00:00:30.479+0000] {logging_mixin.py:190} INFO - [2025-05-20T00:00:30.478+0000] {dag.py:3239} INFO - Sync 1 DAGs
[2025-05-20T00:00:30.514+0000] {logging_mixin.py:190} INFO - [2025-05-20T00:00:30.513+0000] {dag.py:4180} INFO - Setting next_dagrun for etl_csv_pipeline_v2 to None, run_after=None
[2025-05-20T00:00:30.554+0000] {processor.py:208} INFO - Processing /opt/airflow/dags/etl_pipeline.py took 0.341 seconds
[2025-05-20T00:01:01.256+0000] {processor.py:186} INFO - Started process (PID=6675) to work on /opt/airflow/dags/etl_pipeline.py
[2025-05-20T00:01:01.258+0000] {processor.py:914} INFO - Processing file /opt/airflow/dags/etl_pipeline.py for tasks to queue
[2025-05-20T00:01:01.264+0000] {logging_mixin.py:190} INFO - [2025-05-20T00:01:01.264+0000] {dagbag.py:588} INFO - Filling up the DagBag from /opt/airflow/dags/etl_pipeline.py
[2025-05-20T00:01:01.783+0000] {processor.py:925} INFO - DAG(s) 'etl_csv_pipeline_v2' retrieved from /opt/airflow/dags/etl_pipeline.py
[2025-05-20T00:01:01.853+0000] {logging_mixin.py:190} INFO - [2025-05-20T00:01:01.853+0000] {dag.py:3239} INFO - Sync 1 DAGs
[2025-05-20T00:01:01.912+0000] {logging_mixin.py:190} INFO - [2025-05-20T00:01:01.912+0000] {dag.py:4180} INFO - Setting next_dagrun for etl_csv_pipeline_v2 to None, run_after=None
[2025-05-20T00:01:01.981+0000] {processor.py:208} INFO - Processing /opt/airflow/dags/etl_pipeline.py took 0.749 seconds
[2025-05-20T00:01:32.308+0000] {processor.py:186} INFO - Started process (PID=6739) to work on /opt/airflow/dags/etl_pipeline.py
[2025-05-20T00:01:32.311+0000] {processor.py:914} INFO - Processing file /opt/airflow/dags/etl_pipeline.py for tasks to queue
[2025-05-20T00:01:32.319+0000] {logging_mixin.py:190} INFO - [2025-05-20T00:01:32.316+0000] {dagbag.py:588} INFO - Filling up the DagBag from /opt/airflow/dags/etl_pipeline.py
[2025-05-20T00:01:32.456+0000] {processor.py:925} INFO - DAG(s) 'etl_csv_pipeline_v2' retrieved from /opt/airflow/dags/etl_pipeline.py
[2025-05-20T00:01:32.492+0000] {logging_mixin.py:190} INFO - [2025-05-20T00:01:32.491+0000] {dag.py:3239} INFO - Sync 1 DAGs
[2025-05-20T00:01:32.521+0000] {logging_mixin.py:190} INFO - [2025-05-20T00:01:32.521+0000] {dag.py:4180} INFO - Setting next_dagrun for etl_csv_pipeline_v2 to None, run_after=None
[2025-05-20T00:01:32.569+0000] {processor.py:208} INFO - Processing /opt/airflow/dags/etl_pipeline.py took 0.275 seconds
[2025-05-20T00:02:03.430+0000] {processor.py:186} INFO - Started process (PID=6803) to work on /opt/airflow/dags/etl_pipeline.py
[2025-05-20T00:02:03.431+0000] {processor.py:914} INFO - Processing file /opt/airflow/dags/etl_pipeline.py for tasks to queue
[2025-05-20T00:02:03.435+0000] {logging_mixin.py:190} INFO - [2025-05-20T00:02:03.434+0000] {dagbag.py:588} INFO - Filling up the DagBag from /opt/airflow/dags/etl_pipeline.py
[2025-05-20T00:02:03.515+0000] {processor.py:925} INFO - DAG(s) 'etl_csv_pipeline_v2' retrieved from /opt/airflow/dags/etl_pipeline.py
[2025-05-20T00:02:03.540+0000] {logging_mixin.py:190} INFO - [2025-05-20T00:02:03.539+0000] {dag.py:3239} INFO - Sync 1 DAGs
[2025-05-20T00:02:03.561+0000] {logging_mixin.py:190} INFO - [2025-05-20T00:02:03.561+0000] {dag.py:4180} INFO - Setting next_dagrun for etl_csv_pipeline_v2 to None, run_after=None
[2025-05-20T00:02:03.598+0000] {processor.py:208} INFO - Processing /opt/airflow/dags/etl_pipeline.py took 0.178 seconds
[2025-05-20T00:02:33.814+0000] {processor.py:186} INFO - Started process (PID=6867) to work on /opt/airflow/dags/etl_pipeline.py
[2025-05-20T00:02:33.815+0000] {processor.py:914} INFO - Processing file /opt/airflow/dags/etl_pipeline.py for tasks to queue
[2025-05-20T00:02:33.819+0000] {logging_mixin.py:190} INFO - [2025-05-20T00:02:33.818+0000] {dagbag.py:588} INFO - Filling up the DagBag from /opt/airflow/dags/etl_pipeline.py
[2025-05-20T00:02:33.913+0000] {processor.py:925} INFO - DAG(s) 'etl_csv_pipeline_v2' retrieved from /opt/airflow/dags/etl_pipeline.py
[2025-05-20T00:02:33.944+0000] {logging_mixin.py:190} INFO - [2025-05-20T00:02:33.944+0000] {dag.py:3239} INFO - Sync 1 DAGs
[2025-05-20T00:02:33.971+0000] {logging_mixin.py:190} INFO - [2025-05-20T00:02:33.970+0000] {dag.py:4180} INFO - Setting next_dagrun for etl_csv_pipeline_v2 to None, run_after=None
[2025-05-20T00:02:34.075+0000] {processor.py:208} INFO - Processing /opt/airflow/dags/etl_pipeline.py took 0.270 seconds
[2025-05-20T00:03:05.103+0000] {processor.py:186} INFO - Started process (PID=6929) to work on /opt/airflow/dags/etl_pipeline.py
[2025-05-20T00:03:05.104+0000] {processor.py:914} INFO - Processing file /opt/airflow/dags/etl_pipeline.py for tasks to queue
[2025-05-20T00:03:05.108+0000] {logging_mixin.py:190} INFO - [2025-05-20T00:03:05.108+0000] {dagbag.py:588} INFO - Filling up the DagBag from /opt/airflow/dags/etl_pipeline.py
[2025-05-20T00:03:05.201+0000] {processor.py:925} INFO - DAG(s) 'etl_csv_pipeline_v2' retrieved from /opt/airflow/dags/etl_pipeline.py
[2025-05-20T00:03:05.233+0000] {logging_mixin.py:190} INFO - [2025-05-20T00:03:05.233+0000] {dag.py:3239} INFO - Sync 1 DAGs
[2025-05-20T00:03:05.260+0000] {logging_mixin.py:190} INFO - [2025-05-20T00:03:05.259+0000] {dag.py:4180} INFO - Setting next_dagrun for etl_csv_pipeline_v2 to None, run_after=None
[2025-05-20T00:03:05.300+0000] {processor.py:208} INFO - Processing /opt/airflow/dags/etl_pipeline.py took 0.206 seconds
[2025-05-20T00:03:35.778+0000] {processor.py:186} INFO - Started process (PID=6991) to work on /opt/airflow/dags/etl_pipeline.py
[2025-05-20T00:03:35.779+0000] {processor.py:914} INFO - Processing file /opt/airflow/dags/etl_pipeline.py for tasks to queue
[2025-05-20T00:03:35.783+0000] {logging_mixin.py:190} INFO - [2025-05-20T00:03:35.782+0000] {dagbag.py:588} INFO - Filling up the DagBag from /opt/airflow/dags/etl_pipeline.py
[2025-05-20T00:03:35.896+0000] {processor.py:925} INFO - DAG(s) 'etl_csv_pipeline_v2' retrieved from /opt/airflow/dags/etl_pipeline.py
[2025-05-20T00:03:35.996+0000] {logging_mixin.py:190} INFO - [2025-05-20T00:03:35.996+0000] {dag.py:3239} INFO - Sync 1 DAGs
[2025-05-20T00:03:36.047+0000] {logging_mixin.py:190} INFO - [2025-05-20T00:03:36.047+0000] {dag.py:4180} INFO - Setting next_dagrun for etl_csv_pipeline_v2 to None, run_after=None
[2025-05-20T00:03:36.134+0000] {processor.py:208} INFO - Processing /opt/airflow/dags/etl_pipeline.py took 0.368 seconds
[2025-05-20T00:04:06.501+0000] {processor.py:186} INFO - Started process (PID=7052) to work on /opt/airflow/dags/etl_pipeline.py
[2025-05-20T00:04:06.503+0000] {processor.py:914} INFO - Processing file /opt/airflow/dags/etl_pipeline.py for tasks to queue
[2025-05-20T00:04:06.507+0000] {logging_mixin.py:190} INFO - [2025-05-20T00:04:06.507+0000] {dagbag.py:588} INFO - Filling up the DagBag from /opt/airflow/dags/etl_pipeline.py
[2025-05-20T00:04:06.662+0000] {processor.py:925} INFO - DAG(s) 'etl_csv_pipeline_v2' retrieved from /opt/airflow/dags/etl_pipeline.py
[2025-05-20T00:04:06.711+0000] {logging_mixin.py:190} INFO - [2025-05-20T00:04:06.711+0000] {dag.py:3239} INFO - Sync 1 DAGs
[2025-05-20T00:04:06.774+0000] {logging_mixin.py:190} INFO - [2025-05-20T00:04:06.774+0000] {dag.py:4180} INFO - Setting next_dagrun for etl_csv_pipeline_v2 to None, run_after=None
[2025-05-20T00:04:06.846+0000] {processor.py:208} INFO - Processing /opt/airflow/dags/etl_pipeline.py took 0.356 seconds
[2025-05-20T00:04:37.520+0000] {processor.py:186} INFO - Started process (PID=7097) to work on /opt/airflow/dags/etl_pipeline.py
[2025-05-20T00:04:37.532+0000] {processor.py:914} INFO - Processing file /opt/airflow/dags/etl_pipeline.py for tasks to queue
[2025-05-20T00:04:37.540+0000] {logging_mixin.py:190} INFO - [2025-05-20T00:04:37.539+0000] {dagbag.py:588} INFO - Filling up the DagBag from /opt/airflow/dags/etl_pipeline.py
[2025-05-20T00:04:37.716+0000] {processor.py:925} INFO - DAG(s) 'etl_csv_pipeline_v2' retrieved from /opt/airflow/dags/etl_pipeline.py
[2025-05-20T00:04:37.754+0000] {logging_mixin.py:190} INFO - [2025-05-20T00:04:37.753+0000] {dag.py:3239} INFO - Sync 1 DAGs
[2025-05-20T00:04:37.782+0000] {logging_mixin.py:190} INFO - [2025-05-20T00:04:37.782+0000] {dag.py:4180} INFO - Setting next_dagrun for etl_csv_pipeline_v2 to None, run_after=None
[2025-05-20T00:04:37.822+0000] {processor.py:208} INFO - Processing /opt/airflow/dags/etl_pipeline.py took 0.316 seconds
[2025-05-20T00:05:08.726+0000] {processor.py:186} INFO - Started process (PID=7159) to work on /opt/airflow/dags/etl_pipeline.py
[2025-05-20T00:05:08.727+0000] {processor.py:914} INFO - Processing file /opt/airflow/dags/etl_pipeline.py for tasks to queue
[2025-05-20T00:05:08.731+0000] {logging_mixin.py:190} INFO - [2025-05-20T00:05:08.731+0000] {dagbag.py:588} INFO - Filling up the DagBag from /opt/airflow/dags/etl_pipeline.py
[2025-05-20T00:05:08.845+0000] {processor.py:925} INFO - DAG(s) 'etl_csv_pipeline_v2' retrieved from /opt/airflow/dags/etl_pipeline.py
[2025-05-20T00:05:08.876+0000] {logging_mixin.py:190} INFO - [2025-05-20T00:05:08.876+0000] {dag.py:3239} INFO - Sync 1 DAGs
[2025-05-20T00:05:08.902+0000] {logging_mixin.py:190} INFO - [2025-05-20T00:05:08.902+0000] {dag.py:4180} INFO - Setting next_dagrun for etl_csv_pipeline_v2 to None, run_after=None
[2025-05-20T00:05:08.937+0000] {processor.py:208} INFO - Processing /opt/airflow/dags/etl_pipeline.py took 0.220 seconds
[2025-05-20T00:05:40.575+0000] {processor.py:186} INFO - Started process (PID=7224) to work on /opt/airflow/dags/etl_pipeline.py
[2025-05-20T00:05:40.576+0000] {processor.py:914} INFO - Processing file /opt/airflow/dags/etl_pipeline.py for tasks to queue
[2025-05-20T00:05:40.582+0000] {logging_mixin.py:190} INFO - [2025-05-20T00:05:40.581+0000] {dagbag.py:588} INFO - Filling up the DagBag from /opt/airflow/dags/etl_pipeline.py
[2025-05-20T00:05:40.743+0000] {processor.py:925} INFO - DAG(s) 'etl_csv_pipeline_v2' retrieved from /opt/airflow/dags/etl_pipeline.py
[2025-05-20T00:05:40.781+0000] {logging_mixin.py:190} INFO - [2025-05-20T00:05:40.781+0000] {dag.py:3239} INFO - Sync 1 DAGs
[2025-05-20T00:05:40.818+0000] {logging_mixin.py:190} INFO - [2025-05-20T00:05:40.818+0000] {dag.py:4180} INFO - Setting next_dagrun for etl_csv_pipeline_v2 to None, run_after=None
[2025-05-20T00:05:40.867+0000] {processor.py:208} INFO - Processing /opt/airflow/dags/etl_pipeline.py took 0.304 seconds
[2025-05-20T00:06:11.737+0000] {processor.py:186} INFO - Started process (PID=7288) to work on /opt/airflow/dags/etl_pipeline.py
[2025-05-20T00:06:11.738+0000] {processor.py:914} INFO - Processing file /opt/airflow/dags/etl_pipeline.py for tasks to queue
[2025-05-20T00:06:11.742+0000] {logging_mixin.py:190} INFO - [2025-05-20T00:06:11.741+0000] {dagbag.py:588} INFO - Filling up the DagBag from /opt/airflow/dags/etl_pipeline.py
[2025-05-20T00:06:11.866+0000] {processor.py:925} INFO - DAG(s) 'etl_csv_pipeline_v2' retrieved from /opt/airflow/dags/etl_pipeline.py
[2025-05-20T00:06:11.895+0000] {logging_mixin.py:190} INFO - [2025-05-20T00:06:11.894+0000] {dag.py:3239} INFO - Sync 1 DAGs
[2025-05-20T00:06:11.921+0000] {logging_mixin.py:190} INFO - [2025-05-20T00:06:11.920+0000] {dag.py:4180} INFO - Setting next_dagrun for etl_csv_pipeline_v2 to None, run_after=None
[2025-05-20T00:06:11.954+0000] {processor.py:208} INFO - Processing /opt/airflow/dags/etl_pipeline.py took 0.224 seconds
[2025-05-20T00:06:42.871+0000] {processor.py:186} INFO - Started process (PID=7351) to work on /opt/airflow/dags/etl_pipeline.py
[2025-05-20T00:06:42.875+0000] {processor.py:914} INFO - Processing file /opt/airflow/dags/etl_pipeline.py for tasks to queue
[2025-05-20T00:06:42.888+0000] {logging_mixin.py:190} INFO - [2025-05-20T00:06:42.888+0000] {dagbag.py:588} INFO - Filling up the DagBag from /opt/airflow/dags/etl_pipeline.py
[2025-05-20T00:06:43.436+0000] {processor.py:925} INFO - DAG(s) 'etl_csv_pipeline_v2' retrieved from /opt/airflow/dags/etl_pipeline.py
[2025-05-20T00:06:43.537+0000] {logging_mixin.py:190} INFO - [2025-05-20T00:06:43.536+0000] {dag.py:3239} INFO - Sync 1 DAGs
[2025-05-20T00:06:43.587+0000] {logging_mixin.py:190} INFO - [2025-05-20T00:06:43.586+0000] {dag.py:4180} INFO - Setting next_dagrun for etl_csv_pipeline_v2 to None, run_after=None
[2025-05-20T00:06:43.647+0000] {processor.py:208} INFO - Processing /opt/airflow/dags/etl_pipeline.py took 0.806 seconds
[2025-05-20T00:07:13.894+0000] {processor.py:186} INFO - Started process (PID=7414) to work on /opt/airflow/dags/etl_pipeline.py
[2025-05-20T00:07:13.895+0000] {processor.py:914} INFO - Processing file /opt/airflow/dags/etl_pipeline.py for tasks to queue
[2025-05-20T00:07:13.898+0000] {logging_mixin.py:190} INFO - [2025-05-20T00:07:13.898+0000] {dagbag.py:588} INFO - Filling up the DagBag from /opt/airflow/dags/etl_pipeline.py
[2025-05-20T00:07:13.970+0000] {processor.py:925} INFO - DAG(s) 'etl_csv_pipeline_v2' retrieved from /opt/airflow/dags/etl_pipeline.py
[2025-05-20T00:07:14.020+0000] {logging_mixin.py:190} INFO - [2025-05-20T00:07:14.019+0000] {dag.py:3239} INFO - Sync 1 DAGs
[2025-05-20T00:07:14.074+0000] {logging_mixin.py:190} INFO - [2025-05-20T00:07:14.073+0000] {dag.py:4180} INFO - Setting next_dagrun for etl_csv_pipeline_v2 to None, run_after=None
[2025-05-20T00:07:14.103+0000] {processor.py:208} INFO - Processing /opt/airflow/dags/etl_pipeline.py took 0.218 seconds
[2025-05-20T00:07:44.277+0000] {processor.py:186} INFO - Started process (PID=7478) to work on /opt/airflow/dags/etl_pipeline.py
[2025-05-20T00:07:44.284+0000] {processor.py:914} INFO - Processing file /opt/airflow/dags/etl_pipeline.py for tasks to queue
[2025-05-20T00:07:44.289+0000] {logging_mixin.py:190} INFO - [2025-05-20T00:07:44.288+0000] {dagbag.py:588} INFO - Filling up the DagBag from /opt/airflow/dags/etl_pipeline.py
[2025-05-20T00:07:44.382+0000] {processor.py:925} INFO - DAG(s) 'etl_csv_pipeline_v2' retrieved from /opt/airflow/dags/etl_pipeline.py
[2025-05-20T00:07:44.408+0000] {logging_mixin.py:190} INFO - [2025-05-20T00:07:44.408+0000] {dag.py:3239} INFO - Sync 1 DAGs
[2025-05-20T00:07:44.427+0000] {logging_mixin.py:190} INFO - [2025-05-20T00:07:44.427+0000] {dag.py:4180} INFO - Setting next_dagrun for etl_csv_pipeline_v2 to None, run_after=None
[2025-05-20T00:07:44.454+0000] {processor.py:208} INFO - Processing /opt/airflow/dags/etl_pipeline.py took 0.187 seconds
[2025-05-20T00:08:14.699+0000] {processor.py:186} INFO - Started process (PID=7542) to work on /opt/airflow/dags/etl_pipeline.py
[2025-05-20T00:08:14.700+0000] {processor.py:914} INFO - Processing file /opt/airflow/dags/etl_pipeline.py for tasks to queue
[2025-05-20T00:08:14.704+0000] {logging_mixin.py:190} INFO - [2025-05-20T00:08:14.703+0000] {dagbag.py:588} INFO - Filling up the DagBag from /opt/airflow/dags/etl_pipeline.py
[2025-05-20T00:08:14.772+0000] {processor.py:925} INFO - DAG(s) 'etl_csv_pipeline_v2' retrieved from /opt/airflow/dags/etl_pipeline.py
[2025-05-20T00:08:14.794+0000] {logging_mixin.py:190} INFO - [2025-05-20T00:08:14.794+0000] {dag.py:3239} INFO - Sync 1 DAGs
[2025-05-20T00:08:14.814+0000] {logging_mixin.py:190} INFO - [2025-05-20T00:08:14.814+0000] {dag.py:4180} INFO - Setting next_dagrun for etl_csv_pipeline_v2 to None, run_after=None
[2025-05-20T00:08:14.852+0000] {processor.py:208} INFO - Processing /opt/airflow/dags/etl_pipeline.py took 0.161 seconds
[2025-05-20T00:08:45.080+0000] {processor.py:186} INFO - Started process (PID=7605) to work on /opt/airflow/dags/etl_pipeline.py
[2025-05-20T00:08:45.082+0000] {processor.py:914} INFO - Processing file /opt/airflow/dags/etl_pipeline.py for tasks to queue
[2025-05-20T00:08:45.086+0000] {logging_mixin.py:190} INFO - [2025-05-20T00:08:45.086+0000] {dagbag.py:588} INFO - Filling up the DagBag from /opt/airflow/dags/etl_pipeline.py
[2025-05-20T00:08:45.237+0000] {processor.py:925} INFO - DAG(s) 'etl_csv_pipeline_v2' retrieved from /opt/airflow/dags/etl_pipeline.py
[2025-05-20T00:08:45.284+0000] {logging_mixin.py:190} INFO - [2025-05-20T00:08:45.283+0000] {dag.py:3239} INFO - Sync 1 DAGs
[2025-05-20T00:08:45.330+0000] {logging_mixin.py:190} INFO - [2025-05-20T00:08:45.330+0000] {dag.py:4180} INFO - Setting next_dagrun for etl_csv_pipeline_v2 to None, run_after=None
[2025-05-20T00:08:45.379+0000] {processor.py:208} INFO - Processing /opt/airflow/dags/etl_pipeline.py took 0.313 seconds
[2025-05-20T00:09:17.711+0000] {processor.py:186} INFO - Started process (PID=7668) to work on /opt/airflow/dags/etl_pipeline.py
[2025-05-20T00:09:17.723+0000] {processor.py:914} INFO - Processing file /opt/airflow/dags/etl_pipeline.py for tasks to queue
[2025-05-20T00:09:17.727+0000] {logging_mixin.py:190} INFO - [2025-05-20T00:09:17.727+0000] {dagbag.py:588} INFO - Filling up the DagBag from /opt/airflow/dags/etl_pipeline.py
[2025-05-20T00:09:17.948+0000] {processor.py:925} INFO - DAG(s) 'etl_csv_pipeline_v2' retrieved from /opt/airflow/dags/etl_pipeline.py
[2025-05-20T00:09:18.089+0000] {logging_mixin.py:190} INFO - [2025-05-20T00:09:18.089+0000] {dag.py:3239} INFO - Sync 1 DAGs
[2025-05-20T00:09:18.249+0000] {logging_mixin.py:190} INFO - [2025-05-20T00:09:18.249+0000] {dag.py:4180} INFO - Setting next_dagrun for etl_csv_pipeline_v2 to None, run_after=None
[2025-05-20T00:09:18.422+0000] {processor.py:208} INFO - Processing /opt/airflow/dags/etl_pipeline.py took 0.743 seconds
[2025-05-20T00:09:48.886+0000] {processor.py:186} INFO - Started process (PID=7732) to work on /opt/airflow/dags/etl_pipeline.py
[2025-05-20T00:09:48.887+0000] {processor.py:914} INFO - Processing file /opt/airflow/dags/etl_pipeline.py for tasks to queue
[2025-05-20T00:09:48.890+0000] {logging_mixin.py:190} INFO - [2025-05-20T00:09:48.889+0000] {dagbag.py:588} INFO - Filling up the DagBag from /opt/airflow/dags/etl_pipeline.py
[2025-05-20T00:09:48.993+0000] {processor.py:925} INFO - DAG(s) 'etl_csv_pipeline_v2' retrieved from /opt/airflow/dags/etl_pipeline.py
[2025-05-20T00:09:49.036+0000] {logging_mixin.py:190} INFO - [2025-05-20T00:09:49.035+0000] {dag.py:3239} INFO - Sync 1 DAGs
[2025-05-20T00:09:49.061+0000] {logging_mixin.py:190} INFO - [2025-05-20T00:09:49.061+0000] {dag.py:4180} INFO - Setting next_dagrun for etl_csv_pipeline_v2 to None, run_after=None
[2025-05-20T00:09:49.102+0000] {processor.py:208} INFO - Processing /opt/airflow/dags/etl_pipeline.py took 0.224 seconds
[2025-05-20T00:10:19.177+0000] {processor.py:186} INFO - Started process (PID=7796) to work on /opt/airflow/dags/etl_pipeline.py
[2025-05-20T00:10:19.178+0000] {processor.py:914} INFO - Processing file /opt/airflow/dags/etl_pipeline.py for tasks to queue
[2025-05-20T00:10:19.181+0000] {logging_mixin.py:190} INFO - [2025-05-20T00:10:19.181+0000] {dagbag.py:588} INFO - Filling up the DagBag from /opt/airflow/dags/etl_pipeline.py
[2025-05-20T00:10:19.272+0000] {processor.py:925} INFO - DAG(s) 'etl_csv_pipeline_v2' retrieved from /opt/airflow/dags/etl_pipeline.py
[2025-05-20T00:10:19.310+0000] {logging_mixin.py:190} INFO - [2025-05-20T00:10:19.310+0000] {dag.py:3239} INFO - Sync 1 DAGs
[2025-05-20T00:10:19.342+0000] {logging_mixin.py:190} INFO - [2025-05-20T00:10:19.342+0000] {dag.py:4180} INFO - Setting next_dagrun for etl_csv_pipeline_v2 to None, run_after=None
[2025-05-20T00:10:19.399+0000] {processor.py:208} INFO - Processing /opt/airflow/dags/etl_pipeline.py took 0.228 seconds
[2025-05-20T00:10:49.873+0000] {processor.py:186} INFO - Started process (PID=7860) to work on /opt/airflow/dags/etl_pipeline.py
[2025-05-20T00:10:49.874+0000] {processor.py:914} INFO - Processing file /opt/airflow/dags/etl_pipeline.py for tasks to queue
[2025-05-20T00:10:49.877+0000] {logging_mixin.py:190} INFO - [2025-05-20T00:10:49.877+0000] {dagbag.py:588} INFO - Filling up the DagBag from /opt/airflow/dags/etl_pipeline.py
[2025-05-20T00:10:49.990+0000] {processor.py:925} INFO - DAG(s) 'etl_csv_pipeline_v2' retrieved from /opt/airflow/dags/etl_pipeline.py
[2025-05-20T00:10:50.026+0000] {logging_mixin.py:190} INFO - [2025-05-20T00:10:50.022+0000] {dag.py:3239} INFO - Sync 1 DAGs
[2025-05-20T00:10:50.119+0000] {logging_mixin.py:190} INFO - [2025-05-20T00:10:50.118+0000] {dag.py:4180} INFO - Setting next_dagrun for etl_csv_pipeline_v2 to None, run_after=None
[2025-05-20T00:10:50.173+0000] {processor.py:208} INFO - Processing /opt/airflow/dags/etl_pipeline.py took 0.309 seconds
[2025-05-20T00:11:20.587+0000] {processor.py:186} INFO - Started process (PID=7925) to work on /opt/airflow/dags/etl_pipeline.py
[2025-05-20T00:11:20.589+0000] {processor.py:914} INFO - Processing file /opt/airflow/dags/etl_pipeline.py for tasks to queue
[2025-05-20T00:11:20.598+0000] {logging_mixin.py:190} INFO - [2025-05-20T00:11:20.594+0000] {dagbag.py:588} INFO - Filling up the DagBag from /opt/airflow/dags/etl_pipeline.py
[2025-05-20T00:11:20.719+0000] {processor.py:925} INFO - DAG(s) 'etl_csv_pipeline_v2' retrieved from /opt/airflow/dags/etl_pipeline.py
[2025-05-20T00:11:20.753+0000] {logging_mixin.py:190} INFO - [2025-05-20T00:11:20.753+0000] {dag.py:3239} INFO - Sync 1 DAGs
[2025-05-20T00:11:20.785+0000] {logging_mixin.py:190} INFO - [2025-05-20T00:11:20.784+0000] {dag.py:4180} INFO - Setting next_dagrun for etl_csv_pipeline_v2 to None, run_after=None
[2025-05-20T00:11:20.822+0000] {processor.py:208} INFO - Processing /opt/airflow/dags/etl_pipeline.py took 0.247 seconds
[2025-05-20T00:11:51.774+0000] {processor.py:186} INFO - Started process (PID=7990) to work on /opt/airflow/dags/etl_pipeline.py
[2025-05-20T00:11:51.775+0000] {processor.py:914} INFO - Processing file /opt/airflow/dags/etl_pipeline.py for tasks to queue
[2025-05-20T00:11:51.781+0000] {logging_mixin.py:190} INFO - [2025-05-20T00:11:51.781+0000] {dagbag.py:588} INFO - Filling up the DagBag from /opt/airflow/dags/etl_pipeline.py
[2025-05-20T00:11:51.931+0000] {processor.py:925} INFO - DAG(s) 'etl_csv_pipeline_v2' retrieved from /opt/airflow/dags/etl_pipeline.py
[2025-05-20T00:11:51.967+0000] {logging_mixin.py:190} INFO - [2025-05-20T00:11:51.966+0000] {dag.py:3239} INFO - Sync 1 DAGs
[2025-05-20T00:11:52.010+0000] {logging_mixin.py:190} INFO - [2025-05-20T00:11:52.009+0000] {dag.py:4180} INFO - Setting next_dagrun for etl_csv_pipeline_v2 to None, run_after=None
[2025-05-20T00:11:52.096+0000] {processor.py:208} INFO - Processing /opt/airflow/dags/etl_pipeline.py took 0.337 seconds
[2025-05-20T00:12:22.507+0000] {processor.py:186} INFO - Started process (PID=8054) to work on /opt/airflow/dags/etl_pipeline.py
[2025-05-20T00:12:22.509+0000] {processor.py:914} INFO - Processing file /opt/airflow/dags/etl_pipeline.py for tasks to queue
[2025-05-20T00:12:22.513+0000] {logging_mixin.py:190} INFO - [2025-05-20T00:12:22.513+0000] {dagbag.py:588} INFO - Filling up the DagBag from /opt/airflow/dags/etl_pipeline.py
[2025-05-20T00:12:22.782+0000] {processor.py:925} INFO - DAG(s) 'etl_csv_pipeline_v2' retrieved from /opt/airflow/dags/etl_pipeline.py
[2025-05-20T00:12:22.834+0000] {logging_mixin.py:190} INFO - [2025-05-20T00:12:22.834+0000] {dag.py:3239} INFO - Sync 1 DAGs
[2025-05-20T00:12:22.861+0000] {logging_mixin.py:190} INFO - [2025-05-20T00:12:22.861+0000] {dag.py:4180} INFO - Setting next_dagrun for etl_csv_pipeline_v2 to None, run_after=None
[2025-05-20T00:12:22.896+0000] {processor.py:208} INFO - Processing /opt/airflow/dags/etl_pipeline.py took 0.396 seconds
[2025-05-20T00:12:55.435+0000] {processor.py:186} INFO - Started process (PID=8116) to work on /opt/airflow/dags/etl_pipeline.py
[2025-05-20T00:12:55.438+0000] {processor.py:914} INFO - Processing file /opt/airflow/dags/etl_pipeline.py for tasks to queue
[2025-05-20T00:12:55.443+0000] {logging_mixin.py:190} INFO - [2025-05-20T00:12:55.442+0000] {dagbag.py:588} INFO - Filling up the DagBag from /opt/airflow/dags/etl_pipeline.py
[2025-05-20T00:12:55.638+0000] {processor.py:925} INFO - DAG(s) 'etl_csv_pipeline_v2' retrieved from /opt/airflow/dags/etl_pipeline.py
[2025-05-20T00:12:55.664+0000] {logging_mixin.py:190} INFO - [2025-05-20T00:12:55.663+0000] {dag.py:3239} INFO - Sync 1 DAGs
[2025-05-20T00:12:55.686+0000] {logging_mixin.py:190} INFO - [2025-05-20T00:12:55.685+0000] {dag.py:4180} INFO - Setting next_dagrun for etl_csv_pipeline_v2 to None, run_after=None
[2025-05-20T00:12:55.714+0000] {processor.py:208} INFO - Processing /opt/airflow/dags/etl_pipeline.py took 0.298 seconds
[2025-05-20T00:13:27.618+0000] {processor.py:186} INFO - Started process (PID=8180) to work on /opt/airflow/dags/etl_pipeline.py
[2025-05-20T00:13:27.620+0000] {processor.py:914} INFO - Processing file /opt/airflow/dags/etl_pipeline.py for tasks to queue
[2025-05-20T00:13:27.624+0000] {logging_mixin.py:190} INFO - [2025-05-20T00:13:27.624+0000] {dagbag.py:588} INFO - Filling up the DagBag from /opt/airflow/dags/etl_pipeline.py
[2025-05-20T00:13:27.751+0000] {processor.py:925} INFO - DAG(s) 'etl_csv_pipeline_v2' retrieved from /opt/airflow/dags/etl_pipeline.py
[2025-05-20T00:13:27.814+0000] {logging_mixin.py:190} INFO - [2025-05-20T00:13:27.814+0000] {dag.py:3239} INFO - Sync 1 DAGs
[2025-05-20T00:13:27.837+0000] {logging_mixin.py:190} INFO - [2025-05-20T00:13:27.837+0000] {dag.py:4180} INFO - Setting next_dagrun for etl_csv_pipeline_v2 to None, run_after=None
[2025-05-20T00:13:27.877+0000] {processor.py:208} INFO - Processing /opt/airflow/dags/etl_pipeline.py took 0.271 seconds
[2025-05-20T00:14:00.214+0000] {processor.py:186} INFO - Started process (PID=8251) to work on /opt/airflow/dags/etl_pipeline.py
[2025-05-20T00:14:00.215+0000] {processor.py:914} INFO - Processing file /opt/airflow/dags/etl_pipeline.py for tasks to queue
[2025-05-20T00:14:00.220+0000] {logging_mixin.py:190} INFO - [2025-05-20T00:14:00.220+0000] {dagbag.py:588} INFO - Filling up the DagBag from /opt/airflow/dags/etl_pipeline.py
[2025-05-20T00:14:00.334+0000] {processor.py:925} INFO - DAG(s) 'etl_csv_pipeline_v2' retrieved from /opt/airflow/dags/etl_pipeline.py
[2025-05-20T00:14:00.365+0000] {logging_mixin.py:190} INFO - [2025-05-20T00:14:00.364+0000] {dag.py:3239} INFO - Sync 1 DAGs
[2025-05-20T00:14:00.395+0000] {logging_mixin.py:190} INFO - [2025-05-20T00:14:00.395+0000] {dag.py:4180} INFO - Setting next_dagrun for etl_csv_pipeline_v2 to None, run_after=None
[2025-05-20T00:14:00.443+0000] {processor.py:208} INFO - Processing /opt/airflow/dags/etl_pipeline.py took 0.241 seconds
[2025-05-20T00:14:31.103+0000] {processor.py:186} INFO - Started process (PID=8312) to work on /opt/airflow/dags/etl_pipeline.py
[2025-05-20T00:14:31.112+0000] {processor.py:914} INFO - Processing file /opt/airflow/dags/etl_pipeline.py for tasks to queue
[2025-05-20T00:14:31.134+0000] {logging_mixin.py:190} INFO - [2025-05-20T00:14:31.132+0000] {dagbag.py:588} INFO - Filling up the DagBag from /opt/airflow/dags/etl_pipeline.py
[2025-05-20T00:14:31.301+0000] {processor.py:925} INFO - DAG(s) 'etl_csv_pipeline_v2' retrieved from /opt/airflow/dags/etl_pipeline.py
[2025-05-20T00:14:31.343+0000] {logging_mixin.py:190} INFO - [2025-05-20T00:14:31.342+0000] {dag.py:3239} INFO - Sync 1 DAGs
[2025-05-20T00:14:31.420+0000] {logging_mixin.py:190} INFO - [2025-05-20T00:14:31.419+0000] {dag.py:4180} INFO - Setting next_dagrun for etl_csv_pipeline_v2 to None, run_after=None
[2025-05-20T00:14:31.467+0000] {processor.py:208} INFO - Processing /opt/airflow/dags/etl_pipeline.py took 0.375 seconds
[2025-05-20T00:15:01.702+0000] {processor.py:186} INFO - Started process (PID=8376) to work on /opt/airflow/dags/etl_pipeline.py
[2025-05-20T00:15:01.703+0000] {processor.py:914} INFO - Processing file /opt/airflow/dags/etl_pipeline.py for tasks to queue
[2025-05-20T00:15:01.709+0000] {logging_mixin.py:190} INFO - [2025-05-20T00:15:01.708+0000] {dagbag.py:588} INFO - Filling up the DagBag from /opt/airflow/dags/etl_pipeline.py
[2025-05-20T00:15:01.797+0000] {processor.py:925} INFO - DAG(s) 'etl_csv_pipeline_v2' retrieved from /opt/airflow/dags/etl_pipeline.py
[2025-05-20T00:15:01.853+0000] {logging_mixin.py:190} INFO - [2025-05-20T00:15:01.853+0000] {dag.py:3239} INFO - Sync 1 DAGs
[2025-05-20T00:15:01.887+0000] {logging_mixin.py:190} INFO - [2025-05-20T00:15:01.886+0000] {dag.py:4180} INFO - Setting next_dagrun for etl_csv_pipeline_v2 to None, run_after=None
[2025-05-20T00:15:01.933+0000] {processor.py:208} INFO - Processing /opt/airflow/dags/etl_pipeline.py took 0.242 seconds
[2025-05-20T00:15:32.927+0000] {processor.py:186} INFO - Started process (PID=8441) to work on /opt/airflow/dags/etl_pipeline.py
[2025-05-20T00:15:32.929+0000] {processor.py:914} INFO - Processing file /opt/airflow/dags/etl_pipeline.py for tasks to queue
[2025-05-20T00:15:32.934+0000] {logging_mixin.py:190} INFO - [2025-05-20T00:15:32.933+0000] {dagbag.py:588} INFO - Filling up the DagBag from /opt/airflow/dags/etl_pipeline.py
[2025-05-20T00:15:33.133+0000] {processor.py:925} INFO - DAG(s) 'etl_csv_pipeline_v2' retrieved from /opt/airflow/dags/etl_pipeline.py
[2025-05-20T00:15:33.217+0000] {logging_mixin.py:190} INFO - [2025-05-20T00:15:33.216+0000] {dag.py:3239} INFO - Sync 1 DAGs
[2025-05-20T00:15:33.260+0000] {logging_mixin.py:190} INFO - [2025-05-20T00:15:33.260+0000] {dag.py:4180} INFO - Setting next_dagrun for etl_csv_pipeline_v2 to None, run_after=None
[2025-05-20T00:15:33.311+0000] {processor.py:208} INFO - Processing /opt/airflow/dags/etl_pipeline.py took 0.407 seconds
[2025-05-20T00:16:04.180+0000] {processor.py:186} INFO - Started process (PID=8505) to work on /opt/airflow/dags/etl_pipeline.py
[2025-05-20T00:16:04.182+0000] {processor.py:914} INFO - Processing file /opt/airflow/dags/etl_pipeline.py for tasks to queue
[2025-05-20T00:16:04.186+0000] {logging_mixin.py:190} INFO - [2025-05-20T00:16:04.185+0000] {dagbag.py:588} INFO - Filling up the DagBag from /opt/airflow/dags/etl_pipeline.py
[2025-05-20T00:16:04.346+0000] {processor.py:925} INFO - DAG(s) 'etl_csv_pipeline_v2' retrieved from /opt/airflow/dags/etl_pipeline.py
[2025-05-20T00:16:04.423+0000] {logging_mixin.py:190} INFO - [2025-05-20T00:16:04.412+0000] {dag.py:3239} INFO - Sync 1 DAGs
[2025-05-20T00:16:04.501+0000] {logging_mixin.py:190} INFO - [2025-05-20T00:16:04.501+0000] {dag.py:4180} INFO - Setting next_dagrun for etl_csv_pipeline_v2 to None, run_after=None
[2025-05-20T00:16:04.559+0000] {processor.py:208} INFO - Processing /opt/airflow/dags/etl_pipeline.py took 0.390 seconds
[2025-05-20T00:16:35.154+0000] {processor.py:186} INFO - Started process (PID=8569) to work on /opt/airflow/dags/etl_pipeline.py
[2025-05-20T00:16:35.156+0000] {processor.py:914} INFO - Processing file /opt/airflow/dags/etl_pipeline.py for tasks to queue
[2025-05-20T00:16:35.160+0000] {logging_mixin.py:190} INFO - [2025-05-20T00:16:35.159+0000] {dagbag.py:588} INFO - Filling up the DagBag from /opt/airflow/dags/etl_pipeline.py
[2025-05-20T00:16:35.365+0000] {processor.py:925} INFO - DAG(s) 'etl_csv_pipeline_v2' retrieved from /opt/airflow/dags/etl_pipeline.py
[2025-05-20T00:16:35.433+0000] {logging_mixin.py:190} INFO - [2025-05-20T00:16:35.432+0000] {dag.py:3239} INFO - Sync 1 DAGs
[2025-05-20T00:16:35.483+0000] {logging_mixin.py:190} INFO - [2025-05-20T00:16:35.483+0000] {dag.py:4180} INFO - Setting next_dagrun for etl_csv_pipeline_v2 to None, run_after=None
[2025-05-20T00:16:35.621+0000] {processor.py:208} INFO - Processing /opt/airflow/dags/etl_pipeline.py took 0.481 seconds
[2025-05-20T00:17:05.861+0000] {processor.py:186} INFO - Started process (PID=8632) to work on /opt/airflow/dags/etl_pipeline.py
[2025-05-20T00:17:05.863+0000] {processor.py:914} INFO - Processing file /opt/airflow/dags/etl_pipeline.py for tasks to queue
[2025-05-20T00:17:05.867+0000] {logging_mixin.py:190} INFO - [2025-05-20T00:17:05.867+0000] {dagbag.py:588} INFO - Filling up the DagBag from /opt/airflow/dags/etl_pipeline.py
[2025-05-20T00:17:05.946+0000] {processor.py:925} INFO - DAG(s) 'etl_csv_pipeline_v2' retrieved from /opt/airflow/dags/etl_pipeline.py
[2025-05-20T00:17:05.971+0000] {logging_mixin.py:190} INFO - [2025-05-20T00:17:05.970+0000] {dag.py:3239} INFO - Sync 1 DAGs
[2025-05-20T00:17:05.992+0000] {logging_mixin.py:190} INFO - [2025-05-20T00:17:05.992+0000] {dag.py:4180} INFO - Setting next_dagrun for etl_csv_pipeline_v2 to None, run_after=None
[2025-05-20T00:17:06.027+0000] {processor.py:208} INFO - Processing /opt/airflow/dags/etl_pipeline.py took 0.172 seconds
[2025-05-20T00:17:36.375+0000] {processor.py:186} INFO - Started process (PID=8695) to work on /opt/airflow/dags/etl_pipeline.py
[2025-05-20T00:17:36.377+0000] {processor.py:914} INFO - Processing file /opt/airflow/dags/etl_pipeline.py for tasks to queue
[2025-05-20T00:17:36.380+0000] {logging_mixin.py:190} INFO - [2025-05-20T00:17:36.379+0000] {dagbag.py:588} INFO - Filling up the DagBag from /opt/airflow/dags/etl_pipeline.py
[2025-05-20T00:17:36.473+0000] {processor.py:925} INFO - DAG(s) 'etl_csv_pipeline_v2' retrieved from /opt/airflow/dags/etl_pipeline.py
[2025-05-20T00:17:36.503+0000] {logging_mixin.py:190} INFO - [2025-05-20T00:17:36.503+0000] {dag.py:3239} INFO - Sync 1 DAGs
[2025-05-20T00:17:36.531+0000] {logging_mixin.py:190} INFO - [2025-05-20T00:17:36.530+0000] {dag.py:4180} INFO - Setting next_dagrun for etl_csv_pipeline_v2 to None, run_after=None
[2025-05-20T00:17:36.565+0000] {processor.py:208} INFO - Processing /opt/airflow/dags/etl_pipeline.py took 0.201 seconds
[2025-05-20T00:18:06.935+0000] {processor.py:186} INFO - Started process (PID=8759) to work on /opt/airflow/dags/etl_pipeline.py
[2025-05-20T00:18:06.936+0000] {processor.py:914} INFO - Processing file /opt/airflow/dags/etl_pipeline.py for tasks to queue
[2025-05-20T00:18:06.941+0000] {logging_mixin.py:190} INFO - [2025-05-20T00:18:06.940+0000] {dagbag.py:588} INFO - Filling up the DagBag from /opt/airflow/dags/etl_pipeline.py
[2025-05-20T00:18:07.020+0000] {processor.py:925} INFO - DAG(s) 'etl_csv_pipeline_v2' retrieved from /opt/airflow/dags/etl_pipeline.py
[2025-05-20T00:18:07.044+0000] {logging_mixin.py:190} INFO - [2025-05-20T00:18:07.043+0000] {dag.py:3239} INFO - Sync 1 DAGs
[2025-05-20T00:18:07.066+0000] {logging_mixin.py:190} INFO - [2025-05-20T00:18:07.066+0000] {dag.py:4180} INFO - Setting next_dagrun for etl_csv_pipeline_v2 to None, run_after=None
[2025-05-20T00:18:07.121+0000] {processor.py:208} INFO - Processing /opt/airflow/dags/etl_pipeline.py took 0.192 seconds
[2025-05-20T00:18:37.650+0000] {processor.py:186} INFO - Started process (PID=8823) to work on /opt/airflow/dags/etl_pipeline.py
[2025-05-20T00:18:37.652+0000] {processor.py:914} INFO - Processing file /opt/airflow/dags/etl_pipeline.py for tasks to queue
[2025-05-20T00:18:37.658+0000] {logging_mixin.py:190} INFO - [2025-05-20T00:18:37.657+0000] {dagbag.py:588} INFO - Filling up the DagBag from /opt/airflow/dags/etl_pipeline.py
[2025-05-20T00:18:37.836+0000] {processor.py:925} INFO - DAG(s) 'etl_csv_pipeline_v2' retrieved from /opt/airflow/dags/etl_pipeline.py
[2025-05-20T00:18:37.873+0000] {logging_mixin.py:190} INFO - [2025-05-20T00:18:37.873+0000] {dag.py:3239} INFO - Sync 1 DAGs
[2025-05-20T00:18:37.905+0000] {logging_mixin.py:190} INFO - [2025-05-20T00:18:37.904+0000] {dag.py:4180} INFO - Setting next_dagrun for etl_csv_pipeline_v2 to None, run_after=None
[2025-05-20T00:18:37.973+0000] {processor.py:208} INFO - Processing /opt/airflow/dags/etl_pipeline.py took 0.332 seconds
[2025-05-20T00:19:08.111+0000] {processor.py:186} INFO - Started process (PID=8888) to work on /opt/airflow/dags/etl_pipeline.py
[2025-05-20T00:19:08.112+0000] {processor.py:914} INFO - Processing file /opt/airflow/dags/etl_pipeline.py for tasks to queue
[2025-05-20T00:19:08.115+0000] {logging_mixin.py:190} INFO - [2025-05-20T00:19:08.115+0000] {dagbag.py:588} INFO - Filling up the DagBag from /opt/airflow/dags/etl_pipeline.py
[2025-05-20T00:19:08.246+0000] {processor.py:925} INFO - DAG(s) 'etl_csv_pipeline_v2' retrieved from /opt/airflow/dags/etl_pipeline.py
[2025-05-20T00:19:08.270+0000] {logging_mixin.py:190} INFO - [2025-05-20T00:19:08.270+0000] {dag.py:3239} INFO - Sync 1 DAGs
[2025-05-20T00:19:08.291+0000] {logging_mixin.py:190} INFO - [2025-05-20T00:19:08.291+0000] {dag.py:4180} INFO - Setting next_dagrun for etl_csv_pipeline_v2 to None, run_after=None
[2025-05-20T00:19:08.324+0000] {processor.py:208} INFO - Processing /opt/airflow/dags/etl_pipeline.py took 0.221 seconds
[2025-05-20T00:19:38.536+0000] {processor.py:186} INFO - Started process (PID=8953) to work on /opt/airflow/dags/etl_pipeline.py
[2025-05-20T00:19:38.538+0000] {processor.py:914} INFO - Processing file /opt/airflow/dags/etl_pipeline.py for tasks to queue
[2025-05-20T00:19:38.543+0000] {logging_mixin.py:190} INFO - [2025-05-20T00:19:38.543+0000] {dagbag.py:588} INFO - Filling up the DagBag from /opt/airflow/dags/etl_pipeline.py
[2025-05-20T00:19:38.717+0000] {processor.py:925} INFO - DAG(s) 'etl_csv_pipeline_v2' retrieved from /opt/airflow/dags/etl_pipeline.py
[2025-05-20T00:19:38.756+0000] {logging_mixin.py:190} INFO - [2025-05-20T00:19:38.755+0000] {dag.py:3239} INFO - Sync 1 DAGs
[2025-05-20T00:19:38.852+0000] {logging_mixin.py:190} INFO - [2025-05-20T00:19:38.851+0000] {dag.py:4180} INFO - Setting next_dagrun for etl_csv_pipeline_v2 to None, run_after=None
[2025-05-20T00:19:39.051+0000] {processor.py:208} INFO - Processing /opt/airflow/dags/etl_pipeline.py took 0.523 seconds
[2025-05-20T00:20:09.587+0000] {processor.py:186} INFO - Started process (PID=9017) to work on /opt/airflow/dags/etl_pipeline.py
[2025-05-20T00:20:09.588+0000] {processor.py:914} INFO - Processing file /opt/airflow/dags/etl_pipeline.py for tasks to queue
[2025-05-20T00:20:09.591+0000] {logging_mixin.py:190} INFO - [2025-05-20T00:20:09.591+0000] {dagbag.py:588} INFO - Filling up the DagBag from /opt/airflow/dags/etl_pipeline.py
[2025-05-20T00:20:09.685+0000] {processor.py:925} INFO - DAG(s) 'etl_csv_pipeline_v2' retrieved from /opt/airflow/dags/etl_pipeline.py
[2025-05-20T00:20:09.722+0000] {logging_mixin.py:190} INFO - [2025-05-20T00:20:09.721+0000] {dag.py:3239} INFO - Sync 1 DAGs
[2025-05-20T00:20:09.752+0000] {logging_mixin.py:190} INFO - [2025-05-20T00:20:09.751+0000] {dag.py:4180} INFO - Setting next_dagrun for etl_csv_pipeline_v2 to None, run_after=None
[2025-05-20T00:20:09.835+0000] {processor.py:208} INFO - Processing /opt/airflow/dags/etl_pipeline.py took 0.257 seconds
[2025-05-20T00:20:41.088+0000] {processor.py:186} INFO - Started process (PID=9075) to work on /opt/airflow/dags/etl_pipeline.py
[2025-05-20T00:20:41.102+0000] {processor.py:914} INFO - Processing file /opt/airflow/dags/etl_pipeline.py for tasks to queue
[2025-05-20T00:20:41.106+0000] {logging_mixin.py:190} INFO - [2025-05-20T00:20:41.105+0000] {dagbag.py:588} INFO - Filling up the DagBag from /opt/airflow/dags/etl_pipeline.py
[2025-05-20T00:20:41.255+0000] {processor.py:925} INFO - DAG(s) 'etl_csv_pipeline_v2' retrieved from /opt/airflow/dags/etl_pipeline.py
[2025-05-20T00:20:41.326+0000] {logging_mixin.py:190} INFO - [2025-05-20T00:20:41.326+0000] {dag.py:3239} INFO - Sync 1 DAGs
[2025-05-20T00:20:41.428+0000] {logging_mixin.py:190} INFO - [2025-05-20T00:20:41.427+0000] {dag.py:4180} INFO - Setting next_dagrun for etl_csv_pipeline_v2 to None, run_after=None
[2025-05-20T00:20:41.510+0000] {processor.py:208} INFO - Processing /opt/airflow/dags/etl_pipeline.py took 0.442 seconds
[2025-05-20T00:21:12.624+0000] {processor.py:186} INFO - Started process (PID=9139) to work on /opt/airflow/dags/etl_pipeline.py
[2025-05-20T00:21:12.625+0000] {processor.py:914} INFO - Processing file /opt/airflow/dags/etl_pipeline.py for tasks to queue
[2025-05-20T00:21:12.633+0000] {logging_mixin.py:190} INFO - [2025-05-20T00:21:12.633+0000] {dagbag.py:588} INFO - Filling up the DagBag from /opt/airflow/dags/etl_pipeline.py
[2025-05-20T00:21:12.788+0000] {processor.py:925} INFO - DAG(s) 'etl_csv_pipeline_v2' retrieved from /opt/airflow/dags/etl_pipeline.py
[2025-05-20T00:21:12.839+0000] {logging_mixin.py:190} INFO - [2025-05-20T00:21:12.837+0000] {dag.py:3239} INFO - Sync 1 DAGs
[2025-05-20T00:21:12.875+0000] {logging_mixin.py:190} INFO - [2025-05-20T00:21:12.875+0000] {dag.py:4180} INFO - Setting next_dagrun for etl_csv_pipeline_v2 to None, run_after=None
[2025-05-20T00:21:12.962+0000] {processor.py:208} INFO - Processing /opt/airflow/dags/etl_pipeline.py took 0.352 seconds
