[2025-05-14T19:45:33.310+0000] {local_task_job_runner.py:123} INFO - ::group::Pre task execution logs
[2025-05-14T19:45:33.348+0000] {taskinstance.py:2614} INFO - Dependencies all met for dep_context=non-requeueable deps ti=<TaskInstance: etl_csv_pipeline_v2.clean_data manual__2025-05-14T19:45:17.354889+00:00 [queued]>
[2025-05-14T19:45:33.367+0000] {taskinstance.py:2614} INFO - Dependencies all met for dep_context=requeueable deps ti=<TaskInstance: etl_csv_pipeline_v2.clean_data manual__2025-05-14T19:45:17.354889+00:00 [queued]>
[2025-05-14T19:45:33.368+0000] {taskinstance.py:2867} INFO - Starting attempt 1 of 1
[2025-05-14T19:45:33.392+0000] {taskinstance.py:2890} INFO - Executing <Task(PythonOperator): clean_data> on 2025-05-14 19:45:17.354889+00:00
[2025-05-14T19:45:33.404+0000] {warnings.py:112} WARNING - /home/***/.local/lib/python3.12/site-packages/***/task/task_runner/standard_task_runner.py:70: DeprecationWarning: This process (pid=16561) is multi-threaded, use of fork() may lead to deadlocks in the child.
  pid = os.fork()

[2025-05-14T19:45:33.406+0000] {standard_task_runner.py:72} INFO - Started process 16563 to run task
[2025-05-14T19:45:33.408+0000] {standard_task_runner.py:104} INFO - Running: ['***', 'tasks', 'run', 'etl_csv_pipeline_v2', 'clean_data', 'manual__2025-05-14T19:45:17.354889+00:00', '--job-id', '134', '--raw', '--subdir', 'DAGS_FOLDER/etl_pipeline.py', '--cfg-path', '/tmp/tmp6_gviw2i']
[2025-05-14T19:45:33.410+0000] {standard_task_runner.py:105} INFO - Job 134: Subtask clean_data
[2025-05-14T19:45:33.492+0000] {task_command.py:467} INFO - Running <TaskInstance: etl_csv_pipeline_v2.clean_data manual__2025-05-14T19:45:17.354889+00:00 [running]> on host 88025fb06de6
[2025-05-14T19:45:33.636+0000] {taskinstance.py:3134} INFO - Exporting env vars: AIRFLOW_CTX_DAG_OWNER='***' AIRFLOW_CTX_DAG_ID='etl_csv_pipeline_v2' AIRFLOW_CTX_TASK_ID='clean_data' AIRFLOW_CTX_EXECUTION_DATE='2025-05-14T19:45:17.354889+00:00' AIRFLOW_CTX_TRY_NUMBER='1' AIRFLOW_CTX_DAG_RUN_ID='manual__2025-05-14T19:45:17.354889+00:00'
[2025-05-14T19:45:33.640+0000] {logging_mixin.py:190} INFO - Task instance is in running state
[2025-05-14T19:45:33.642+0000] {logging_mixin.py:190} INFO -  Previous state of the Task instance: queued
[2025-05-14T19:45:33.646+0000] {logging_mixin.py:190} INFO - Current task name:clean_data state:running start_date:2025-05-14 19:45:33.349060+00:00
[2025-05-14T19:45:33.652+0000] {logging_mixin.py:190} INFO - Dag name:etl_csv_pipeline_v2 and current dag run status:running
[2025-05-14T19:45:33.653+0000] {taskinstance.py:732} INFO - ::endgroup::
[2025-05-14T19:45:33.684+0000] {clean_data.py:36} INFO - 📥 Leyendo archivo CSV: /tmp/superstore_raw.csv
[2025-05-14T19:45:33.830+0000] {clean_data.py:42} INFO - 🧼 Limpiando columna: Sales
[2025-05-14T19:45:33.879+0000] {clean_data.py:42} INFO - 🧼 Limpiando columna: Profit
[2025-05-14T19:45:33.943+0000] {cleaning_helpers.py:26} INFO - 🗑️ Eliminando columnas: ['Transaction']
[2025-05-14T19:45:33.957+0000] {clean_data.py:50} INFO - 📊 9994 filas procesadas en la limpieza
[2025-05-14T19:45:34.339+0000] {clean_data.py:52} INFO - ✅ Datos limpios guardados en /tmp/cleaned.csv
[2025-05-14T19:45:34.342+0000] {python.py:240} INFO - Done. Returned value was: /tmp/cleaned.csv
[2025-05-14T19:45:34.506+0000] {taskinstance.py:341} INFO - ::group::Post task execution logs
[2025-05-14T19:45:34.508+0000] {taskinstance.py:353} INFO - Marking task as SUCCESS. dag_id=etl_csv_pipeline_v2, task_id=clean_data, run_id=manual__2025-05-14T19:45:17.354889+00:00, execution_date=20250514T194517, start_date=20250514T194533, end_date=20250514T194534
[2025-05-14T19:45:34.588+0000] {logging_mixin.py:190} INFO - Task instance in success state
[2025-05-14T19:45:34.590+0000] {logging_mixin.py:190} INFO -  Previous state of the Task instance: running
[2025-05-14T19:45:34.591+0000] {logging_mixin.py:190} INFO - Dag name:etl_csv_pipeline_v2 queued_at:2025-05-14 19:45:17.445988+00:00
[2025-05-14T19:45:34.592+0000] {logging_mixin.py:190} INFO - Task hostname:88025fb06de6 operator:PythonOperator
[2025-05-14T19:45:34.750+0000] {local_task_job_runner.py:266} INFO - Task exited with return code 0
[2025-05-14T19:45:34.844+0000] {taskinstance.py:3901} INFO - 1 downstream tasks scheduled from follow-on schedule check
[2025-05-14T19:45:34.851+0000] {local_task_job_runner.py:245} INFO - ::endgroup::
