[2025-05-12T22:05:05.068+0000] {local_task_job_runner.py:123} INFO - ::group::Pre task execution logs
[2025-05-12T22:05:05.109+0000] {taskinstance.py:2614} INFO - Dependencies all met for dep_context=non-requeueable deps ti=<TaskInstance: etl_csv_pipeline_v2.extract_csv manual__2025-05-12T22:05:00.190680+00:00 [queued]>
[2025-05-12T22:05:05.126+0000] {taskinstance.py:2614} INFO - Dependencies all met for dep_context=requeueable deps ti=<TaskInstance: etl_csv_pipeline_v2.extract_csv manual__2025-05-12T22:05:00.190680+00:00 [queued]>
[2025-05-12T22:05:05.127+0000] {taskinstance.py:2867} INFO - Starting attempt 1 of 1
[2025-05-12T22:05:05.157+0000] {taskinstance.py:2890} INFO - Executing <Task(PythonOperator): extract_csv> on 2025-05-12 22:05:00.190680+00:00
[2025-05-12T22:05:05.171+0000] {warnings.py:112} WARNING - /home/***/.local/lib/python3.12/site-packages/***/task/task_runner/standard_task_runner.py:70: DeprecationWarning: This process (pid=1036) is multi-threaded, use of fork() may lead to deadlocks in the child.
  pid = os.fork()

[2025-05-12T22:05:05.174+0000] {standard_task_runner.py:72} INFO - Started process 1038 to run task
[2025-05-12T22:05:05.176+0000] {standard_task_runner.py:104} INFO - Running: ['***', 'tasks', 'run', 'etl_csv_pipeline_v2', 'extract_csv', 'manual__2025-05-12T22:05:00.190680+00:00', '--job-id', '130', '--raw', '--subdir', 'DAGS_FOLDER/etl_pipeline.py', '--cfg-path', '/tmp/tmpisnqxa7p']
[2025-05-12T22:05:05.179+0000] {standard_task_runner.py:105} INFO - Job 130: Subtask extract_csv
[2025-05-12T22:05:05.258+0000] {task_command.py:467} INFO - Running <TaskInstance: etl_csv_pipeline_v2.extract_csv manual__2025-05-12T22:05:00.190680+00:00 [running]> on host 88025fb06de6
[2025-05-12T22:05:05.428+0000] {taskinstance.py:3134} INFO - Exporting env vars: AIRFLOW_CTX_DAG_OWNER='***' AIRFLOW_CTX_DAG_ID='etl_csv_pipeline_v2' AIRFLOW_CTX_TASK_ID='extract_csv' AIRFLOW_CTX_EXECUTION_DATE='2025-05-12T22:05:00.190680+00:00' AIRFLOW_CTX_TRY_NUMBER='1' AIRFLOW_CTX_DAG_RUN_ID='manual__2025-05-12T22:05:00.190680+00:00'
[2025-05-12T22:05:05.430+0000] {logging_mixin.py:190} INFO - Task instance is in running state
[2025-05-12T22:05:05.431+0000] {logging_mixin.py:190} INFO -  Previous state of the Task instance: queued
[2025-05-12T22:05:05.432+0000] {logging_mixin.py:190} INFO - Current task name:extract_csv state:running start_date:2025-05-12 22:05:05.110205+00:00
[2025-05-12T22:05:05.433+0000] {logging_mixin.py:190} INFO - Dag name:etl_csv_pipeline_v2 and current dag run status:running
[2025-05-12T22:05:05.434+0000] {taskinstance.py:732} INFO - ::endgroup::
[2025-05-12T22:05:05.683+0000] {extract.py:24} INFO - ✅ Datos extraídos y guardados temporalmente en /tmp/superstore_raw.csv.
[2025-05-12T22:05:05.689+0000] {python.py:240} INFO - Done. Returned value was: /tmp/superstore_raw.csv
[2025-05-12T22:05:05.724+0000] {taskinstance.py:341} INFO - ::group::Post task execution logs
[2025-05-12T22:05:05.725+0000] {taskinstance.py:353} INFO - Marking task as SUCCESS. dag_id=etl_csv_pipeline_v2, task_id=extract_csv, run_id=manual__2025-05-12T22:05:00.190680+00:00, execution_date=20250512T220500, start_date=20250512T220505, end_date=20250512T220505
[2025-05-12T22:05:05.759+0000] {logging_mixin.py:190} INFO - Task instance in success state
[2025-05-12T22:05:05.760+0000] {logging_mixin.py:190} INFO -  Previous state of the Task instance: running
[2025-05-12T22:05:05.761+0000] {logging_mixin.py:190} INFO - Dag name:etl_csv_pipeline_v2 queued_at:2025-05-12 22:05:00.230648+00:00
[2025-05-12T22:05:05.761+0000] {logging_mixin.py:190} INFO - Task hostname:88025fb06de6 operator:PythonOperator
[2025-05-12T22:05:05.793+0000] {local_task_job_runner.py:266} INFO - Task exited with return code 0
[2025-05-12T22:05:05.837+0000] {taskinstance.py:3901} INFO - 1 downstream tasks scheduled from follow-on schedule check
[2025-05-12T22:05:05.840+0000] {local_task_job_runner.py:245} INFO - ::endgroup::
