[2025-05-12T21:03:29.866+0000] {local_task_job_runner.py:123} INFO - ::group::Pre task execution logs
[2025-05-12T21:03:29.952+0000] {taskinstance.py:2614} INFO - Dependencies all met for dep_context=non-requeueable deps ti=<TaskInstance: etl_csv_pipeline_v2.load_data manual__2025-05-12T21:03:11.045005+00:00 [queued]>
[2025-05-12T21:03:29.986+0000] {taskinstance.py:2614} INFO - Dependencies all met for dep_context=requeueable deps ti=<TaskInstance: etl_csv_pipeline_v2.load_data manual__2025-05-12T21:03:11.045005+00:00 [queued]>
[2025-05-12T21:03:29.990+0000] {taskinstance.py:2867} INFO - Starting attempt 1 of 1
[2025-05-12T21:03:30.070+0000] {taskinstance.py:2890} INFO - Executing <Task(PythonOperator): load_data> on 2025-05-12 21:03:11.045005+00:00
[2025-05-12T21:03:30.090+0000] {warnings.py:112} WARNING - /home/***/.local/lib/python3.12/site-packages/***/task/task_runner/standard_task_runner.py:70: DeprecationWarning: This process (pid=311) is multi-threaded, use of fork() may lead to deadlocks in the child.
  pid = os.fork()

[2025-05-12T21:03:30.096+0000] {standard_task_runner.py:72} INFO - Started process 313 to run task
[2025-05-12T21:03:30.100+0000] {standard_task_runner.py:104} INFO - Running: ['***', 'tasks', 'run', 'etl_csv_pipeline_v2', 'load_data', 'manual__2025-05-12T21:03:11.045005+00:00', '--job-id', '126', '--raw', '--subdir', 'DAGS_FOLDER/etl_pipeline.py', '--cfg-path', '/tmp/tmpqyav9c_y']
[2025-05-12T21:03:30.106+0000] {standard_task_runner.py:105} INFO - Job 126: Subtask load_data
[2025-05-12T21:03:30.248+0000] {task_command.py:467} INFO - Running <TaskInstance: etl_csv_pipeline_v2.load_data manual__2025-05-12T21:03:11.045005+00:00 [running]> on host 88025fb06de6
[2025-05-12T21:03:30.527+0000] {taskinstance.py:3134} INFO - Exporting env vars: AIRFLOW_CTX_DAG_OWNER='***' AIRFLOW_CTX_DAG_ID='etl_csv_pipeline_v2' AIRFLOW_CTX_TASK_ID='load_data' AIRFLOW_CTX_EXECUTION_DATE='2025-05-12T21:03:11.045005+00:00' AIRFLOW_CTX_TRY_NUMBER='1' AIRFLOW_CTX_DAG_RUN_ID='manual__2025-05-12T21:03:11.045005+00:00'
[2025-05-12T21:03:30.530+0000] {logging_mixin.py:190} INFO - Task instance is in running state
[2025-05-12T21:03:30.531+0000] {logging_mixin.py:190} INFO -  Previous state of the Task instance: queued
[2025-05-12T21:03:30.532+0000] {logging_mixin.py:190} INFO - Current task name:load_data state:running start_date:2025-05-12 21:03:29.953267+00:00
[2025-05-12T21:03:30.533+0000] {logging_mixin.py:190} INFO - Dag name:etl_csv_pipeline_v2 and current dag run status:running
[2025-05-12T21:03:30.534+0000] {taskinstance.py:732} INFO - ::endgroup::
[2025-05-12T21:03:30.592+0000] {load.py:30} INFO - ✅ Archivo final guardado en data/output/superstore_clean.csv
[2025-05-12T21:03:30.593+0000] {python.py:240} INFO - Done. Returned value was: None
[2025-05-12T21:03:30.612+0000] {taskinstance.py:341} INFO - ::group::Post task execution logs
[2025-05-12T21:03:30.613+0000] {taskinstance.py:353} INFO - Marking task as SUCCESS. dag_id=etl_csv_pipeline_v2, task_id=load_data, run_id=manual__2025-05-12T21:03:11.045005+00:00, execution_date=20250512T210311, start_date=20250512T210329, end_date=20250512T210330
[2025-05-12T21:03:30.674+0000] {logging_mixin.py:190} INFO - Task instance in success state
[2025-05-12T21:03:30.676+0000] {logging_mixin.py:190} INFO -  Previous state of the Task instance: running
[2025-05-12T21:03:30.677+0000] {logging_mixin.py:190} INFO - Dag name:etl_csv_pipeline_v2 queued_at:2025-05-12 21:03:11.072607+00:00
[2025-05-12T21:03:30.678+0000] {logging_mixin.py:190} INFO - Task hostname:88025fb06de6 operator:PythonOperator
[2025-05-12T21:03:30.724+0000] {local_task_job_runner.py:266} INFO - Task exited with return code 0
[2025-05-12T21:03:30.761+0000] {taskinstance.py:3901} INFO - 0 downstream tasks scheduled from follow-on schedule check
[2025-05-12T21:03:30.764+0000] {local_task_job_runner.py:245} INFO - ::endgroup::
