[2025-04-30T02:52:43.955+0000] {processor.py:186} INFO - Started process (PID=78) to work on /opt/airflow/dags/etl_pipeline.py
[2025-04-30T02:52:43.958+0000] {processor.py:914} INFO - Processing file /opt/airflow/dags/etl_pipeline.py for tasks to queue
[2025-04-30T02:52:44.012+0000] {logging_mixin.py:190} INFO - [2025-04-30T02:52:44.011+0000] {dagbag.py:588} INFO - Filling up the DagBag from /opt/airflow/dags/etl_pipeline.py
[2025-04-30T02:52:44.556+0000] {processor.py:925} INFO - DAG(s) 'etl_csv_pipeline_v2' retrieved from /opt/airflow/dags/etl_pipeline.py
[2025-04-30T02:52:44.858+0000] {logging_mixin.py:190} INFO - [2025-04-30T02:52:44.856+0000] {dag.py:3239} INFO - Sync 1 DAGs
[2025-04-30T02:52:45.099+0000] {logging_mixin.py:190} INFO - [2025-04-30T02:52:45.098+0000] {dag.py:4180} INFO - Setting next_dagrun for etl_csv_pipeline_v2 to None, run_after=None
[2025-04-30T02:52:45.601+0000] {processor.py:208} INFO - Processing /opt/airflow/dags/etl_pipeline.py took 1.720 seconds
[2025-04-30T02:53:57.518+0000] {processor.py:186} INFO - Started process (PID=155) to work on /opt/airflow/dags/etl_pipeline.py
[2025-04-30T02:53:57.520+0000] {processor.py:914} INFO - Processing file /opt/airflow/dags/etl_pipeline.py for tasks to queue
[2025-04-30T02:53:57.556+0000] {logging_mixin.py:190} INFO - [2025-04-30T02:53:57.555+0000] {dagbag.py:588} INFO - Filling up the DagBag from /opt/airflow/dags/etl_pipeline.py
[2025-04-30T02:53:57.925+0000] {processor.py:925} INFO - DAG(s) 'etl_csv_pipeline_v2' retrieved from /opt/airflow/dags/etl_pipeline.py
[2025-04-30T02:53:58.136+0000] {logging_mixin.py:190} INFO - [2025-04-30T02:53:58.135+0000] {dag.py:3239} INFO - Sync 1 DAGs
[2025-04-30T02:53:58.318+0000] {logging_mixin.py:190} INFO - [2025-04-30T02:53:58.317+0000] {dag.py:4180} INFO - Setting next_dagrun for etl_csv_pipeline_v2 to None, run_after=None
[2025-04-30T02:53:58.695+0000] {processor.py:208} INFO - Processing /opt/airflow/dags/etl_pipeline.py took 1.238 seconds
[2025-04-30T02:54:39.787+0000] {processor.py:186} INFO - Started process (PID=210) to work on /opt/airflow/dags/etl_pipeline.py
[2025-04-30T02:54:39.899+0000] {processor.py:914} INFO - Processing file /opt/airflow/dags/etl_pipeline.py for tasks to queue
[2025-04-30T02:54:39.949+0000] {logging_mixin.py:190} INFO - [2025-04-30T02:54:39.948+0000] {dagbag.py:588} INFO - Filling up the DagBag from /opt/airflow/dags/etl_pipeline.py
[2025-04-30T02:54:40.381+0000] {processor.py:925} INFO - DAG(s) 'etl_csv_pipeline_v2' retrieved from /opt/airflow/dags/etl_pipeline.py
[2025-04-30T02:54:40.520+0000] {logging_mixin.py:190} INFO - [2025-04-30T02:54:40.519+0000] {dag.py:3239} INFO - Sync 1 DAGs
[2025-04-30T02:54:40.620+0000] {logging_mixin.py:190} INFO - [2025-04-30T02:54:40.620+0000] {dag.py:4180} INFO - Setting next_dagrun for etl_csv_pipeline_v2 to None, run_after=None
[2025-04-30T02:54:40.791+0000] {processor.py:208} INFO - Processing /opt/airflow/dags/etl_pipeline.py took 1.166 seconds
[2025-04-30T02:55:14.204+0000] {processor.py:186} INFO - Started process (PID=272) to work on /opt/airflow/dags/etl_pipeline.py
[2025-04-30T02:55:14.227+0000] {processor.py:914} INFO - Processing file /opt/airflow/dags/etl_pipeline.py for tasks to queue
[2025-04-30T02:55:14.276+0000] {logging_mixin.py:190} INFO - [2025-04-30T02:55:14.231+0000] {dagbag.py:588} INFO - Filling up the DagBag from /opt/airflow/dags/etl_pipeline.py
[2025-04-30T02:55:15.496+0000] {processor.py:925} INFO - DAG(s) 'etl_csv_pipeline_v2' retrieved from /opt/airflow/dags/etl_pipeline.py
[2025-04-30T02:55:15.657+0000] {logging_mixin.py:190} INFO - [2025-04-30T02:55:15.648+0000] {dag.py:3239} INFO - Sync 1 DAGs
[2025-04-30T02:55:15.730+0000] {logging_mixin.py:190} INFO - [2025-04-30T02:55:15.730+0000] {dag.py:4180} INFO - Setting next_dagrun for etl_csv_pipeline_v2 to None, run_after=None
[2025-04-30T02:55:15.803+0000] {processor.py:208} INFO - Processing /opt/airflow/dags/etl_pipeline.py took 1.694 seconds
[2025-04-30T02:55:47.058+0000] {processor.py:186} INFO - Started process (PID=330) to work on /opt/airflow/dags/etl_pipeline.py
[2025-04-30T02:55:47.060+0000] {processor.py:914} INFO - Processing file /opt/airflow/dags/etl_pipeline.py for tasks to queue
[2025-04-30T02:55:47.065+0000] {logging_mixin.py:190} INFO - [2025-04-30T02:55:47.064+0000] {dagbag.py:588} INFO - Filling up the DagBag from /opt/airflow/dags/etl_pipeline.py
[2025-04-30T02:55:47.176+0000] {processor.py:925} INFO - DAG(s) 'etl_csv_pipeline_v2' retrieved from /opt/airflow/dags/etl_pipeline.py
[2025-04-30T02:55:47.230+0000] {logging_mixin.py:190} INFO - [2025-04-30T02:55:47.230+0000] {dag.py:3239} INFO - Sync 1 DAGs
[2025-04-30T02:55:47.267+0000] {logging_mixin.py:190} INFO - [2025-04-30T02:55:47.267+0000] {dag.py:4180} INFO - Setting next_dagrun for etl_csv_pipeline_v2 to None, run_after=None
[2025-04-30T02:55:47.325+0000] {processor.py:208} INFO - Processing /opt/airflow/dags/etl_pipeline.py took 0.281 seconds
[2025-04-30T02:56:18.362+0000] {processor.py:186} INFO - Started process (PID=374) to work on /opt/airflow/dags/etl_pipeline.py
[2025-04-30T02:56:18.378+0000] {processor.py:914} INFO - Processing file /opt/airflow/dags/etl_pipeline.py for tasks to queue
[2025-04-30T02:56:18.389+0000] {logging_mixin.py:190} INFO - [2025-04-30T02:56:18.389+0000] {dagbag.py:588} INFO - Filling up the DagBag from /opt/airflow/dags/etl_pipeline.py
[2025-04-30T02:56:18.531+0000] {processor.py:925} INFO - DAG(s) 'etl_csv_pipeline_v2' retrieved from /opt/airflow/dags/etl_pipeline.py
[2025-04-30T02:56:18.894+0000] {logging_mixin.py:190} INFO - [2025-04-30T02:56:18.894+0000] {dag.py:3239} INFO - Sync 1 DAGs
[2025-04-30T02:56:19.043+0000] {logging_mixin.py:190} INFO - [2025-04-30T02:56:19.042+0000] {dag.py:4180} INFO - Setting next_dagrun for etl_csv_pipeline_v2 to None, run_after=None
[2025-04-30T02:56:19.193+0000] {processor.py:208} INFO - Processing /opt/airflow/dags/etl_pipeline.py took 0.866 seconds
[2025-04-30T02:56:53.516+0000] {processor.py:186} INFO - Started process (PID=433) to work on /opt/airflow/dags/etl_pipeline.py
[2025-04-30T02:56:53.524+0000] {processor.py:914} INFO - Processing file /opt/airflow/dags/etl_pipeline.py for tasks to queue
[2025-04-30T02:56:53.553+0000] {logging_mixin.py:190} INFO - [2025-04-30T02:56:53.552+0000] {dagbag.py:588} INFO - Filling up the DagBag from /opt/airflow/dags/etl_pipeline.py
[2025-04-30T02:56:53.837+0000] {processor.py:925} INFO - DAG(s) 'etl_csv_pipeline_v2' retrieved from /opt/airflow/dags/etl_pipeline.py
[2025-04-30T02:56:53.941+0000] {logging_mixin.py:190} INFO - [2025-04-30T02:56:53.940+0000] {dag.py:3239} INFO - Sync 1 DAGs
[2025-04-30T02:56:54.015+0000] {logging_mixin.py:190} INFO - [2025-04-30T02:56:54.014+0000] {dag.py:4180} INFO - Setting next_dagrun for etl_csv_pipeline_v2 to None, run_after=None
[2025-04-30T02:56:54.159+0000] {processor.py:208} INFO - Processing /opt/airflow/dags/etl_pipeline.py took 0.681 seconds
[2025-04-30T02:57:25.475+0000] {processor.py:186} INFO - Started process (PID=497) to work on /opt/airflow/dags/etl_pipeline.py
[2025-04-30T02:57:25.477+0000] {processor.py:914} INFO - Processing file /opt/airflow/dags/etl_pipeline.py for tasks to queue
[2025-04-30T02:57:25.484+0000] {logging_mixin.py:190} INFO - [2025-04-30T02:57:25.483+0000] {dagbag.py:588} INFO - Filling up the DagBag from /opt/airflow/dags/etl_pipeline.py
[2025-04-30T02:57:25.606+0000] {processor.py:925} INFO - DAG(s) 'etl_csv_pipeline_v2' retrieved from /opt/airflow/dags/etl_pipeline.py
[2025-04-30T02:57:25.652+0000] {logging_mixin.py:190} INFO - [2025-04-30T02:57:25.652+0000] {dag.py:3239} INFO - Sync 1 DAGs
[2025-04-30T02:57:25.689+0000] {logging_mixin.py:190} INFO - [2025-04-30T02:57:25.688+0000] {dag.py:4180} INFO - Setting next_dagrun for etl_csv_pipeline_v2 to None, run_after=None
[2025-04-30T02:57:25.736+0000] {processor.py:208} INFO - Processing /opt/airflow/dags/etl_pipeline.py took 0.275 seconds
[2025-04-30T02:57:56.510+0000] {processor.py:186} INFO - Started process (PID=560) to work on /opt/airflow/dags/etl_pipeline.py
[2025-04-30T02:57:56.515+0000] {processor.py:914} INFO - Processing file /opt/airflow/dags/etl_pipeline.py for tasks to queue
[2025-04-30T02:57:56.521+0000] {logging_mixin.py:190} INFO - [2025-04-30T02:57:56.520+0000] {dagbag.py:588} INFO - Filling up the DagBag from /opt/airflow/dags/etl_pipeline.py
[2025-04-30T02:57:56.640+0000] {processor.py:925} INFO - DAG(s) 'etl_csv_pipeline_v2' retrieved from /opt/airflow/dags/etl_pipeline.py
[2025-04-30T02:57:56.800+0000] {logging_mixin.py:190} INFO - [2025-04-30T02:57:56.793+0000] {dag.py:3239} INFO - Sync 1 DAGs
[2025-04-30T02:57:56.874+0000] {logging_mixin.py:190} INFO - [2025-04-30T02:57:56.874+0000] {dag.py:4180} INFO - Setting next_dagrun for etl_csv_pipeline_v2 to None, run_after=None
[2025-04-30T02:57:57.003+0000] {processor.py:208} INFO - Processing /opt/airflow/dags/etl_pipeline.py took 0.511 seconds
[2025-04-30T02:58:27.621+0000] {processor.py:186} INFO - Started process (PID=623) to work on /opt/airflow/dags/etl_pipeline.py
[2025-04-30T02:58:27.642+0000] {processor.py:914} INFO - Processing file /opt/airflow/dags/etl_pipeline.py for tasks to queue
[2025-04-30T02:58:27.655+0000] {logging_mixin.py:190} INFO - [2025-04-30T02:58:27.654+0000] {dagbag.py:588} INFO - Filling up the DagBag from /opt/airflow/dags/etl_pipeline.py
[2025-04-30T02:58:28.161+0000] {processor.py:925} INFO - DAG(s) 'etl_csv_pipeline_v2' retrieved from /opt/airflow/dags/etl_pipeline.py
[2025-04-30T02:58:28.251+0000] {logging_mixin.py:190} INFO - [2025-04-30T02:58:28.250+0000] {dag.py:3239} INFO - Sync 1 DAGs
[2025-04-30T02:58:28.292+0000] {logging_mixin.py:190} INFO - [2025-04-30T02:58:28.291+0000] {dag.py:4180} INFO - Setting next_dagrun for etl_csv_pipeline_v2 to None, run_after=None
[2025-04-30T02:58:28.379+0000] {processor.py:208} INFO - Processing /opt/airflow/dags/etl_pipeline.py took 0.779 seconds
[2025-04-30T02:58:58.589+0000] {processor.py:186} INFO - Started process (PID=693) to work on /opt/airflow/dags/etl_pipeline.py
[2025-04-30T02:58:58.591+0000] {processor.py:914} INFO - Processing file /opt/airflow/dags/etl_pipeline.py for tasks to queue
[2025-04-30T02:58:58.595+0000] {logging_mixin.py:190} INFO - [2025-04-30T02:58:58.594+0000] {dagbag.py:588} INFO - Filling up the DagBag from /opt/airflow/dags/etl_pipeline.py
[2025-04-30T02:58:58.736+0000] {processor.py:925} INFO - DAG(s) 'etl_csv_pipeline_v2' retrieved from /opt/airflow/dags/etl_pipeline.py
[2025-04-30T02:58:58.801+0000] {logging_mixin.py:190} INFO - [2025-04-30T02:58:58.800+0000] {dag.py:3239} INFO - Sync 1 DAGs
[2025-04-30T02:58:58.865+0000] {logging_mixin.py:190} INFO - [2025-04-30T02:58:58.864+0000] {dag.py:4180} INFO - Setting next_dagrun for etl_csv_pipeline_v2 to None, run_after=None
[2025-04-30T02:58:58.939+0000] {processor.py:208} INFO - Processing /opt/airflow/dags/etl_pipeline.py took 0.362 seconds
[2025-04-30T02:59:29.825+0000] {processor.py:186} INFO - Started process (PID=758) to work on /opt/airflow/dags/etl_pipeline.py
[2025-04-30T02:59:29.828+0000] {processor.py:914} INFO - Processing file /opt/airflow/dags/etl_pipeline.py for tasks to queue
[2025-04-30T02:59:29.834+0000] {logging_mixin.py:190} INFO - [2025-04-30T02:59:29.833+0000] {dagbag.py:588} INFO - Filling up the DagBag from /opt/airflow/dags/etl_pipeline.py
[2025-04-30T02:59:29.986+0000] {processor.py:925} INFO - DAG(s) 'etl_csv_pipeline_v2' retrieved from /opt/airflow/dags/etl_pipeline.py
[2025-04-30T02:59:30.035+0000] {logging_mixin.py:190} INFO - [2025-04-30T02:59:30.034+0000] {dag.py:3239} INFO - Sync 1 DAGs
[2025-04-30T02:59:30.072+0000] {logging_mixin.py:190} INFO - [2025-04-30T02:59:30.071+0000] {dag.py:4180} INFO - Setting next_dagrun for etl_csv_pipeline_v2 to None, run_after=None
[2025-04-30T02:59:30.126+0000] {processor.py:208} INFO - Processing /opt/airflow/dags/etl_pipeline.py took 0.316 seconds
[2025-04-30T03:00:00.649+0000] {processor.py:186} INFO - Started process (PID=821) to work on /opt/airflow/dags/etl_pipeline.py
[2025-04-30T03:00:00.651+0000] {processor.py:914} INFO - Processing file /opt/airflow/dags/etl_pipeline.py for tasks to queue
[2025-04-30T03:00:00.660+0000] {logging_mixin.py:190} INFO - [2025-04-30T03:00:00.659+0000] {dagbag.py:588} INFO - Filling up the DagBag from /opt/airflow/dags/etl_pipeline.py
[2025-04-30T03:00:00.774+0000] {processor.py:925} INFO - DAG(s) 'etl_csv_pipeline_v2' retrieved from /opt/airflow/dags/etl_pipeline.py
[2025-04-30T03:00:00.891+0000] {logging_mixin.py:190} INFO - [2025-04-30T03:00:00.891+0000] {dag.py:3239} INFO - Sync 1 DAGs
[2025-04-30T03:00:01.003+0000] {logging_mixin.py:190} INFO - [2025-04-30T03:00:01.002+0000] {dag.py:4180} INFO - Setting next_dagrun for etl_csv_pipeline_v2 to None, run_after=None
[2025-04-30T03:00:01.154+0000] {processor.py:208} INFO - Processing /opt/airflow/dags/etl_pipeline.py took 0.520 seconds
[2025-04-30T03:00:32.195+0000] {processor.py:186} INFO - Started process (PID=885) to work on /opt/airflow/dags/etl_pipeline.py
[2025-04-30T03:00:32.197+0000] {processor.py:914} INFO - Processing file /opt/airflow/dags/etl_pipeline.py for tasks to queue
[2025-04-30T03:00:32.205+0000] {logging_mixin.py:190} INFO - [2025-04-30T03:00:32.205+0000] {dagbag.py:588} INFO - Filling up the DagBag from /opt/airflow/dags/etl_pipeline.py
[2025-04-30T03:00:32.302+0000] {processor.py:925} INFO - DAG(s) 'etl_csv_pipeline_v2' retrieved from /opt/airflow/dags/etl_pipeline.py
[2025-04-30T03:00:32.369+0000] {logging_mixin.py:190} INFO - [2025-04-30T03:00:32.369+0000] {dag.py:3239} INFO - Sync 1 DAGs
[2025-04-30T03:00:32.420+0000] {logging_mixin.py:190} INFO - [2025-04-30T03:00:32.419+0000] {dag.py:4180} INFO - Setting next_dagrun for etl_csv_pipeline_v2 to None, run_after=None
[2025-04-30T03:00:32.474+0000] {processor.py:208} INFO - Processing /opt/airflow/dags/etl_pipeline.py took 0.300 seconds
[2025-04-30T03:01:02.595+0000] {processor.py:186} INFO - Started process (PID=950) to work on /opt/airflow/dags/etl_pipeline.py
[2025-04-30T03:01:02.597+0000] {processor.py:914} INFO - Processing file /opt/airflow/dags/etl_pipeline.py for tasks to queue
[2025-04-30T03:01:02.602+0000] {logging_mixin.py:190} INFO - [2025-04-30T03:01:02.601+0000] {dagbag.py:588} INFO - Filling up the DagBag from /opt/airflow/dags/etl_pipeline.py
[2025-04-30T03:01:02.676+0000] {processor.py:925} INFO - DAG(s) 'etl_csv_pipeline_v2' retrieved from /opt/airflow/dags/etl_pipeline.py
[2025-04-30T03:01:02.708+0000] {logging_mixin.py:190} INFO - [2025-04-30T03:01:02.708+0000] {dag.py:3239} INFO - Sync 1 DAGs
[2025-04-30T03:01:02.734+0000] {logging_mixin.py:190} INFO - [2025-04-30T03:01:02.733+0000] {dag.py:4180} INFO - Setting next_dagrun for etl_csv_pipeline_v2 to None, run_after=None
[2025-04-30T03:01:02.772+0000] {processor.py:208} INFO - Processing /opt/airflow/dags/etl_pipeline.py took 0.187 seconds
[2025-04-30T03:01:33.195+0000] {processor.py:186} INFO - Started process (PID=1014) to work on /opt/airflow/dags/etl_pipeline.py
[2025-04-30T03:01:33.197+0000] {processor.py:914} INFO - Processing file /opt/airflow/dags/etl_pipeline.py for tasks to queue
[2025-04-30T03:01:33.200+0000] {logging_mixin.py:190} INFO - [2025-04-30T03:01:33.200+0000] {dagbag.py:588} INFO - Filling up the DagBag from /opt/airflow/dags/etl_pipeline.py
[2025-04-30T03:01:33.358+0000] {processor.py:925} INFO - DAG(s) 'etl_csv_pipeline_v2' retrieved from /opt/airflow/dags/etl_pipeline.py
[2025-04-30T03:01:33.434+0000] {logging_mixin.py:190} INFO - [2025-04-30T03:01:33.434+0000] {dag.py:3239} INFO - Sync 1 DAGs
[2025-04-30T03:01:33.473+0000] {logging_mixin.py:190} INFO - [2025-04-30T03:01:33.472+0000] {dag.py:4180} INFO - Setting next_dagrun for etl_csv_pipeline_v2 to None, run_after=None
[2025-04-30T03:01:33.524+0000] {processor.py:208} INFO - Processing /opt/airflow/dags/etl_pipeline.py took 0.341 seconds
[2025-04-30T03:04:14.254+0000] {processor.py:186} INFO - Started process (PID=65) to work on /opt/airflow/dags/etl_pipeline.py
[2025-04-30T03:04:14.278+0000] {processor.py:914} INFO - Processing file /opt/airflow/dags/etl_pipeline.py for tasks to queue
[2025-04-30T03:04:14.290+0000] {logging_mixin.py:190} INFO - [2025-04-30T03:04:14.290+0000] {dagbag.py:588} INFO - Filling up the DagBag from /opt/airflow/dags/etl_pipeline.py
[2025-04-30T03:04:14.609+0000] {processor.py:925} INFO - DAG(s) 'etl_csv_pipeline_v2' retrieved from /opt/airflow/dags/etl_pipeline.py
[2025-04-30T03:04:14.775+0000] {logging_mixin.py:190} INFO - [2025-04-30T03:04:14.774+0000] {dag.py:3239} INFO - Sync 1 DAGs
[2025-04-30T03:04:14.866+0000] {logging_mixin.py:190} INFO - [2025-04-30T03:04:14.866+0000] {dag.py:4180} INFO - Setting next_dagrun for etl_csv_pipeline_v2 to None, run_after=None
[2025-04-30T03:04:14.969+0000] {processor.py:208} INFO - Processing /opt/airflow/dags/etl_pipeline.py took 0.747 seconds
[2025-04-30T03:04:45.670+0000] {processor.py:186} INFO - Started process (PID=129) to work on /opt/airflow/dags/etl_pipeline.py
[2025-04-30T03:04:45.673+0000] {processor.py:914} INFO - Processing file /opt/airflow/dags/etl_pipeline.py for tasks to queue
[2025-04-30T03:04:45.686+0000] {logging_mixin.py:190} INFO - [2025-04-30T03:04:45.678+0000] {dagbag.py:588} INFO - Filling up the DagBag from /opt/airflow/dags/etl_pipeline.py
[2025-04-30T03:04:45.882+0000] {processor.py:925} INFO - DAG(s) 'etl_csv_pipeline_v2' retrieved from /opt/airflow/dags/etl_pipeline.py
[2025-04-30T03:04:45.972+0000] {logging_mixin.py:190} INFO - [2025-04-30T03:04:45.972+0000] {dag.py:3239} INFO - Sync 1 DAGs
[2025-04-30T03:04:46.045+0000] {logging_mixin.py:190} INFO - [2025-04-30T03:04:46.044+0000] {dag.py:4180} INFO - Setting next_dagrun for etl_csv_pipeline_v2 to None, run_after=None
[2025-04-30T03:04:46.163+0000] {processor.py:208} INFO - Processing /opt/airflow/dags/etl_pipeline.py took 0.515 seconds
[2025-04-30T03:05:16.886+0000] {processor.py:186} INFO - Started process (PID=193) to work on /opt/airflow/dags/etl_pipeline.py
[2025-04-30T03:05:16.888+0000] {processor.py:914} INFO - Processing file /opt/airflow/dags/etl_pipeline.py for tasks to queue
[2025-04-30T03:05:16.892+0000] {logging_mixin.py:190} INFO - [2025-04-30T03:05:16.891+0000] {dagbag.py:588} INFO - Filling up the DagBag from /opt/airflow/dags/etl_pipeline.py
[2025-04-30T03:05:17.150+0000] {processor.py:925} INFO - DAG(s) 'etl_csv_pipeline_v2' retrieved from /opt/airflow/dags/etl_pipeline.py
[2025-04-30T03:05:17.198+0000] {logging_mixin.py:190} INFO - [2025-04-30T03:05:17.198+0000] {dag.py:3239} INFO - Sync 1 DAGs
[2025-04-30T03:05:17.225+0000] {logging_mixin.py:190} INFO - [2025-04-30T03:05:17.224+0000] {dag.py:4180} INFO - Setting next_dagrun for etl_csv_pipeline_v2 to None, run_after=None
[2025-04-30T03:05:17.260+0000] {processor.py:208} INFO - Processing /opt/airflow/dags/etl_pipeline.py took 0.386 seconds
[2025-04-30T03:05:47.512+0000] {processor.py:186} INFO - Started process (PID=257) to work on /opt/airflow/dags/etl_pipeline.py
[2025-04-30T03:05:47.514+0000] {processor.py:914} INFO - Processing file /opt/airflow/dags/etl_pipeline.py for tasks to queue
[2025-04-30T03:05:47.529+0000] {logging_mixin.py:190} INFO - [2025-04-30T03:05:47.528+0000] {dagbag.py:588} INFO - Filling up the DagBag from /opt/airflow/dags/etl_pipeline.py
[2025-04-30T03:05:47.599+0000] {processor.py:925} INFO - DAG(s) 'etl_csv_pipeline_v2' retrieved from /opt/airflow/dags/etl_pipeline.py
[2025-04-30T03:05:47.635+0000] {logging_mixin.py:190} INFO - [2025-04-30T03:05:47.635+0000] {dag.py:3239} INFO - Sync 1 DAGs
[2025-04-30T03:05:47.663+0000] {logging_mixin.py:190} INFO - [2025-04-30T03:05:47.662+0000] {dag.py:4180} INFO - Setting next_dagrun for etl_csv_pipeline_v2 to None, run_after=None
[2025-04-30T03:05:47.723+0000] {processor.py:208} INFO - Processing /opt/airflow/dags/etl_pipeline.py took 0.231 seconds
[2025-04-30T03:06:18.394+0000] {processor.py:186} INFO - Started process (PID=327) to work on /opt/airflow/dags/etl_pipeline.py
[2025-04-30T03:06:18.400+0000] {processor.py:914} INFO - Processing file /opt/airflow/dags/etl_pipeline.py for tasks to queue
[2025-04-30T03:06:18.411+0000] {logging_mixin.py:190} INFO - [2025-04-30T03:06:18.408+0000] {dagbag.py:588} INFO - Filling up the DagBag from /opt/airflow/dags/etl_pipeline.py
[2025-04-30T03:06:18.576+0000] {processor.py:925} INFO - DAG(s) 'etl_csv_pipeline_v2' retrieved from /opt/airflow/dags/etl_pipeline.py
[2025-04-30T03:06:18.646+0000] {logging_mixin.py:190} INFO - [2025-04-30T03:06:18.646+0000] {dag.py:3239} INFO - Sync 1 DAGs
[2025-04-30T03:06:18.677+0000] {logging_mixin.py:190} INFO - [2025-04-30T03:06:18.676+0000] {dag.py:4180} INFO - Setting next_dagrun for etl_csv_pipeline_v2 to None, run_after=None
[2025-04-30T03:06:18.729+0000] {processor.py:208} INFO - Processing /opt/airflow/dags/etl_pipeline.py took 0.354 seconds
[2025-04-30T03:06:48.813+0000] {processor.py:186} INFO - Started process (PID=391) to work on /opt/airflow/dags/etl_pipeline.py
[2025-04-30T03:06:48.815+0000] {processor.py:914} INFO - Processing file /opt/airflow/dags/etl_pipeline.py for tasks to queue
[2025-04-30T03:06:48.819+0000] {logging_mixin.py:190} INFO - [2025-04-30T03:06:48.818+0000] {dagbag.py:588} INFO - Filling up the DagBag from /opt/airflow/dags/etl_pipeline.py
[2025-04-30T03:06:48.877+0000] {processor.py:925} INFO - DAG(s) 'etl_csv_pipeline_v2' retrieved from /opt/airflow/dags/etl_pipeline.py
[2025-04-30T03:06:48.903+0000] {logging_mixin.py:190} INFO - [2025-04-30T03:06:48.903+0000] {dag.py:3239} INFO - Sync 1 DAGs
[2025-04-30T03:06:48.925+0000] {logging_mixin.py:190} INFO - [2025-04-30T03:06:48.925+0000] {dag.py:4180} INFO - Setting next_dagrun for etl_csv_pipeline_v2 to None, run_after=None
[2025-04-30T03:06:48.966+0000] {processor.py:208} INFO - Processing /opt/airflow/dags/etl_pipeline.py took 0.165 seconds
[2025-04-30T03:07:19.781+0000] {processor.py:186} INFO - Started process (PID=456) to work on /opt/airflow/dags/etl_pipeline.py
[2025-04-30T03:07:19.783+0000] {processor.py:914} INFO - Processing file /opt/airflow/dags/etl_pipeline.py for tasks to queue
[2025-04-30T03:07:19.791+0000] {logging_mixin.py:190} INFO - [2025-04-30T03:07:19.790+0000] {dagbag.py:588} INFO - Filling up the DagBag from /opt/airflow/dags/etl_pipeline.py
[2025-04-30T03:07:19.924+0000] {processor.py:925} INFO - DAG(s) 'etl_csv_pipeline_v2' retrieved from /opt/airflow/dags/etl_pipeline.py
[2025-04-30T03:07:19.986+0000] {logging_mixin.py:190} INFO - [2025-04-30T03:07:19.986+0000] {dag.py:3239} INFO - Sync 1 DAGs
[2025-04-30T03:07:20.040+0000] {logging_mixin.py:190} INFO - [2025-04-30T03:07:20.039+0000] {dag.py:4180} INFO - Setting next_dagrun for etl_csv_pipeline_v2 to None, run_after=None
[2025-04-30T03:07:20.079+0000] {processor.py:208} INFO - Processing /opt/airflow/dags/etl_pipeline.py took 0.314 seconds
[2025-04-30T03:07:50.960+0000] {processor.py:186} INFO - Started process (PID=519) to work on /opt/airflow/dags/etl_pipeline.py
[2025-04-30T03:07:50.964+0000] {processor.py:914} INFO - Processing file /opt/airflow/dags/etl_pipeline.py for tasks to queue
[2025-04-30T03:07:50.968+0000] {logging_mixin.py:190} INFO - [2025-04-30T03:07:50.967+0000] {dagbag.py:588} INFO - Filling up the DagBag from /opt/airflow/dags/etl_pipeline.py
[2025-04-30T03:07:51.041+0000] {processor.py:925} INFO - DAG(s) 'etl_csv_pipeline_v2' retrieved from /opt/airflow/dags/etl_pipeline.py
[2025-04-30T03:07:51.074+0000] {logging_mixin.py:190} INFO - [2025-04-30T03:07:51.074+0000] {dag.py:3239} INFO - Sync 1 DAGs
[2025-04-30T03:07:51.098+0000] {logging_mixin.py:190} INFO - [2025-04-30T03:07:51.098+0000] {dag.py:4180} INFO - Setting next_dagrun for etl_csv_pipeline_v2 to None, run_after=None
[2025-04-30T03:07:51.136+0000] {processor.py:208} INFO - Processing /opt/airflow/dags/etl_pipeline.py took 0.186 seconds
[2025-04-30T03:08:21.621+0000] {processor.py:186} INFO - Started process (PID=583) to work on /opt/airflow/dags/etl_pipeline.py
[2025-04-30T03:08:21.623+0000] {processor.py:914} INFO - Processing file /opt/airflow/dags/etl_pipeline.py for tasks to queue
[2025-04-30T03:08:21.629+0000] {logging_mixin.py:190} INFO - [2025-04-30T03:08:21.628+0000] {dagbag.py:588} INFO - Filling up the DagBag from /opt/airflow/dags/etl_pipeline.py
[2025-04-30T03:08:21.774+0000] {processor.py:925} INFO - DAG(s) 'etl_csv_pipeline_v2' retrieved from /opt/airflow/dags/etl_pipeline.py
[2025-04-30T03:08:21.827+0000] {logging_mixin.py:190} INFO - [2025-04-30T03:08:21.827+0000] {dag.py:3239} INFO - Sync 1 DAGs
[2025-04-30T03:08:21.859+0000] {logging_mixin.py:190} INFO - [2025-04-30T03:08:21.859+0000] {dag.py:4180} INFO - Setting next_dagrun for etl_csv_pipeline_v2 to None, run_after=None
[2025-04-30T03:08:21.928+0000] {processor.py:208} INFO - Processing /opt/airflow/dags/etl_pipeline.py took 0.319 seconds
[2025-04-30T03:08:52.482+0000] {processor.py:186} INFO - Started process (PID=647) to work on /opt/airflow/dags/etl_pipeline.py
[2025-04-30T03:08:52.484+0000] {processor.py:914} INFO - Processing file /opt/airflow/dags/etl_pipeline.py for tasks to queue
[2025-04-30T03:08:52.496+0000] {logging_mixin.py:190} INFO - [2025-04-30T03:08:52.492+0000] {dagbag.py:588} INFO - Filling up the DagBag from /opt/airflow/dags/etl_pipeline.py
[2025-04-30T03:08:52.612+0000] {processor.py:925} INFO - DAG(s) 'etl_csv_pipeline_v2' retrieved from /opt/airflow/dags/etl_pipeline.py
[2025-04-30T03:08:52.662+0000] {logging_mixin.py:190} INFO - [2025-04-30T03:08:52.661+0000] {dag.py:3239} INFO - Sync 1 DAGs
[2025-04-30T03:08:52.697+0000] {logging_mixin.py:190} INFO - [2025-04-30T03:08:52.696+0000] {dag.py:4180} INFO - Setting next_dagrun for etl_csv_pipeline_v2 to None, run_after=None
[2025-04-30T03:08:52.777+0000] {processor.py:208} INFO - Processing /opt/airflow/dags/etl_pipeline.py took 0.307 seconds
[2025-04-30T03:09:23.093+0000] {processor.py:186} INFO - Started process (PID=712) to work on /opt/airflow/dags/etl_pipeline.py
[2025-04-30T03:09:23.095+0000] {processor.py:914} INFO - Processing file /opt/airflow/dags/etl_pipeline.py for tasks to queue
[2025-04-30T03:09:23.100+0000] {logging_mixin.py:190} INFO - [2025-04-30T03:09:23.099+0000] {dagbag.py:588} INFO - Filling up the DagBag from /opt/airflow/dags/etl_pipeline.py
[2025-04-30T03:09:23.208+0000] {processor.py:925} INFO - DAG(s) 'etl_csv_pipeline_v2' retrieved from /opt/airflow/dags/etl_pipeline.py
[2025-04-30T03:09:23.254+0000] {logging_mixin.py:190} INFO - [2025-04-30T03:09:23.253+0000] {dag.py:3239} INFO - Sync 1 DAGs
[2025-04-30T03:09:23.286+0000] {logging_mixin.py:190} INFO - [2025-04-30T03:09:23.285+0000] {dag.py:4180} INFO - Setting next_dagrun for etl_csv_pipeline_v2 to None, run_after=None
[2025-04-30T03:09:23.335+0000] {processor.py:208} INFO - Processing /opt/airflow/dags/etl_pipeline.py took 0.251 seconds
[2025-04-30T03:09:54.097+0000] {processor.py:186} INFO - Started process (PID=775) to work on /opt/airflow/dags/etl_pipeline.py
[2025-04-30T03:09:54.101+0000] {processor.py:914} INFO - Processing file /opt/airflow/dags/etl_pipeline.py for tasks to queue
[2025-04-30T03:09:54.113+0000] {logging_mixin.py:190} INFO - [2025-04-30T03:09:54.113+0000] {dagbag.py:588} INFO - Filling up the DagBag from /opt/airflow/dags/etl_pipeline.py
[2025-04-30T03:09:54.706+0000] {processor.py:925} INFO - DAG(s) 'etl_csv_pipeline_v2' retrieved from /opt/airflow/dags/etl_pipeline.py
[2025-04-30T03:09:54.800+0000] {logging_mixin.py:190} INFO - [2025-04-30T03:09:54.799+0000] {dag.py:3239} INFO - Sync 1 DAGs
[2025-04-30T03:09:54.913+0000] {logging_mixin.py:190} INFO - [2025-04-30T03:09:54.913+0000] {dag.py:4180} INFO - Setting next_dagrun for etl_csv_pipeline_v2 to None, run_after=None
[2025-04-30T03:09:55.074+0000] {processor.py:208} INFO - Processing /opt/airflow/dags/etl_pipeline.py took 0.999 seconds
[2025-04-30T03:10:25.368+0000] {processor.py:186} INFO - Started process (PID=839) to work on /opt/airflow/dags/etl_pipeline.py
[2025-04-30T03:10:25.372+0000] {processor.py:914} INFO - Processing file /opt/airflow/dags/etl_pipeline.py for tasks to queue
[2025-04-30T03:10:25.400+0000] {logging_mixin.py:190} INFO - [2025-04-30T03:10:25.400+0000] {dagbag.py:588} INFO - Filling up the DagBag from /opt/airflow/dags/etl_pipeline.py
[2025-04-30T03:10:25.665+0000] {processor.py:925} INFO - DAG(s) 'etl_csv_pipeline_v2' retrieved from /opt/airflow/dags/etl_pipeline.py
[2025-04-30T03:10:25.711+0000] {logging_mixin.py:190} INFO - [2025-04-30T03:10:25.710+0000] {dag.py:3239} INFO - Sync 1 DAGs
[2025-04-30T03:10:25.740+0000] {logging_mixin.py:190} INFO - [2025-04-30T03:10:25.740+0000] {dag.py:4180} INFO - Setting next_dagrun for etl_csv_pipeline_v2 to None, run_after=None
[2025-04-30T03:10:25.780+0000] {processor.py:208} INFO - Processing /opt/airflow/dags/etl_pipeline.py took 0.433 seconds
[2025-04-30T03:10:58.286+0000] {processor.py:186} INFO - Started process (PID=890) to work on /opt/airflow/dags/etl_pipeline.py
[2025-04-30T03:10:58.288+0000] {processor.py:914} INFO - Processing file /opt/airflow/dags/etl_pipeline.py for tasks to queue
[2025-04-30T03:10:58.294+0000] {logging_mixin.py:190} INFO - [2025-04-30T03:10:58.294+0000] {dagbag.py:588} INFO - Filling up the DagBag from /opt/airflow/dags/etl_pipeline.py
[2025-04-30T03:10:58.406+0000] {processor.py:925} INFO - DAG(s) 'etl_csv_pipeline_v2' retrieved from /opt/airflow/dags/etl_pipeline.py
[2025-04-30T03:10:58.456+0000] {logging_mixin.py:190} INFO - [2025-04-30T03:10:58.455+0000] {dag.py:3239} INFO - Sync 1 DAGs
[2025-04-30T03:10:58.493+0000] {logging_mixin.py:190} INFO - [2025-04-30T03:10:58.492+0000] {dag.py:4180} INFO - Setting next_dagrun for etl_csv_pipeline_v2 to None, run_after=None
[2025-04-30T03:10:58.636+0000] {processor.py:208} INFO - Processing /opt/airflow/dags/etl_pipeline.py took 0.362 seconds
[2025-04-30T03:11:28.805+0000] {processor.py:186} INFO - Started process (PID=953) to work on /opt/airflow/dags/etl_pipeline.py
[2025-04-30T03:11:28.808+0000] {processor.py:914} INFO - Processing file /opt/airflow/dags/etl_pipeline.py for tasks to queue
[2025-04-30T03:11:28.814+0000] {logging_mixin.py:190} INFO - [2025-04-30T03:11:28.813+0000] {dagbag.py:588} INFO - Filling up the DagBag from /opt/airflow/dags/etl_pipeline.py
[2025-04-30T03:11:28.898+0000] {processor.py:925} INFO - DAG(s) 'etl_csv_pipeline_v2' retrieved from /opt/airflow/dags/etl_pipeline.py
[2025-04-30T03:11:28.943+0000] {logging_mixin.py:190} INFO - [2025-04-30T03:11:28.943+0000] {dag.py:3239} INFO - Sync 1 DAGs
[2025-04-30T03:11:28.973+0000] {logging_mixin.py:190} INFO - [2025-04-30T03:11:28.973+0000] {dag.py:4180} INFO - Setting next_dagrun for etl_csv_pipeline_v2 to None, run_after=None
[2025-04-30T03:11:29.025+0000] {processor.py:208} INFO - Processing /opt/airflow/dags/etl_pipeline.py took 0.233 seconds
[2025-04-30T03:11:59.122+0000] {processor.py:186} INFO - Started process (PID=1017) to work on /opt/airflow/dags/etl_pipeline.py
[2025-04-30T03:11:59.123+0000] {processor.py:914} INFO - Processing file /opt/airflow/dags/etl_pipeline.py for tasks to queue
[2025-04-30T03:11:59.127+0000] {logging_mixin.py:190} INFO - [2025-04-30T03:11:59.126+0000] {dagbag.py:588} INFO - Filling up the DagBag from /opt/airflow/dags/etl_pipeline.py
[2025-04-30T03:11:59.189+0000] {processor.py:925} INFO - DAG(s) 'etl_csv_pipeline_v2' retrieved from /opt/airflow/dags/etl_pipeline.py
[2025-04-30T03:11:59.216+0000] {logging_mixin.py:190} INFO - [2025-04-30T03:11:59.216+0000] {dag.py:3239} INFO - Sync 1 DAGs
[2025-04-30T03:11:59.241+0000] {logging_mixin.py:190} INFO - [2025-04-30T03:11:59.240+0000] {dag.py:4180} INFO - Setting next_dagrun for etl_csv_pipeline_v2 to None, run_after=None
[2025-04-30T03:11:59.276+0000] {processor.py:208} INFO - Processing /opt/airflow/dags/etl_pipeline.py took 0.162 seconds
[2025-04-30T03:12:30.467+0000] {processor.py:186} INFO - Started process (PID=1072) to work on /opt/airflow/dags/etl_pipeline.py
[2025-04-30T03:12:30.469+0000] {processor.py:914} INFO - Processing file /opt/airflow/dags/etl_pipeline.py for tasks to queue
[2025-04-30T03:12:30.483+0000] {logging_mixin.py:190} INFO - [2025-04-30T03:12:30.482+0000] {dagbag.py:588} INFO - Filling up the DagBag from /opt/airflow/dags/etl_pipeline.py
[2025-04-30T03:12:30.656+0000] {processor.py:925} INFO - DAG(s) 'etl_csv_pipeline_v2' retrieved from /opt/airflow/dags/etl_pipeline.py
[2025-04-30T03:12:30.713+0000] {logging_mixin.py:190} INFO - [2025-04-30T03:12:30.712+0000] {dag.py:3239} INFO - Sync 1 DAGs
[2025-04-30T03:12:30.776+0000] {logging_mixin.py:190} INFO - [2025-04-30T03:12:30.776+0000] {dag.py:4180} INFO - Setting next_dagrun for etl_csv_pipeline_v2 to None, run_after=None
[2025-04-30T03:12:30.857+0000] {processor.py:208} INFO - Processing /opt/airflow/dags/etl_pipeline.py took 0.408 seconds
[2025-04-30T03:13:01.490+0000] {processor.py:186} INFO - Started process (PID=1136) to work on /opt/airflow/dags/etl_pipeline.py
[2025-04-30T03:13:01.492+0000] {processor.py:914} INFO - Processing file /opt/airflow/dags/etl_pipeline.py for tasks to queue
[2025-04-30T03:13:01.496+0000] {logging_mixin.py:190} INFO - [2025-04-30T03:13:01.496+0000] {dagbag.py:588} INFO - Filling up the DagBag from /opt/airflow/dags/etl_pipeline.py
[2025-04-30T03:13:01.574+0000] {processor.py:925} INFO - DAG(s) 'etl_csv_pipeline_v2' retrieved from /opt/airflow/dags/etl_pipeline.py
[2025-04-30T03:13:01.620+0000] {logging_mixin.py:190} INFO - [2025-04-30T03:13:01.620+0000] {dag.py:3239} INFO - Sync 1 DAGs
[2025-04-30T03:13:01.655+0000] {logging_mixin.py:190} INFO - [2025-04-30T03:13:01.655+0000] {dag.py:4180} INFO - Setting next_dagrun for etl_csv_pipeline_v2 to None, run_after=None
[2025-04-30T03:13:01.702+0000] {processor.py:208} INFO - Processing /opt/airflow/dags/etl_pipeline.py took 0.223 seconds
[2025-04-30T03:13:32.323+0000] {processor.py:186} INFO - Started process (PID=1196) to work on /opt/airflow/dags/etl_pipeline.py
[2025-04-30T03:13:32.325+0000] {processor.py:914} INFO - Processing file /opt/airflow/dags/etl_pipeline.py for tasks to queue
[2025-04-30T03:13:32.329+0000] {logging_mixin.py:190} INFO - [2025-04-30T03:13:32.329+0000] {dagbag.py:588} INFO - Filling up the DagBag from /opt/airflow/dags/etl_pipeline.py
[2025-04-30T03:13:32.394+0000] {processor.py:925} INFO - DAG(s) 'etl_csv_pipeline_v2' retrieved from /opt/airflow/dags/etl_pipeline.py
[2025-04-30T03:13:32.426+0000] {logging_mixin.py:190} INFO - [2025-04-30T03:13:32.425+0000] {dag.py:3239} INFO - Sync 1 DAGs
[2025-04-30T03:13:32.453+0000] {logging_mixin.py:190} INFO - [2025-04-30T03:13:32.453+0000] {dag.py:4180} INFO - Setting next_dagrun for etl_csv_pipeline_v2 to None, run_after=None
[2025-04-30T03:13:32.486+0000] {processor.py:208} INFO - Processing /opt/airflow/dags/etl_pipeline.py took 0.172 seconds
[2025-04-30T03:14:04.930+0000] {processor.py:186} INFO - Started process (PID=1252) to work on /opt/airflow/dags/etl_pipeline.py
[2025-04-30T03:14:04.946+0000] {processor.py:914} INFO - Processing file /opt/airflow/dags/etl_pipeline.py for tasks to queue
[2025-04-30T03:14:04.956+0000] {logging_mixin.py:190} INFO - [2025-04-30T03:14:04.956+0000] {dagbag.py:588} INFO - Filling up the DagBag from /opt/airflow/dags/etl_pipeline.py
[2025-04-30T03:14:05.214+0000] {processor.py:925} INFO - DAG(s) 'etl_csv_pipeline_v2' retrieved from /opt/airflow/dags/etl_pipeline.py
[2025-04-30T03:14:05.333+0000] {logging_mixin.py:190} INFO - [2025-04-30T03:14:05.332+0000] {dag.py:3239} INFO - Sync 1 DAGs
[2025-04-30T03:14:05.454+0000] {logging_mixin.py:190} INFO - [2025-04-30T03:14:05.452+0000] {dag.py:4180} INFO - Setting next_dagrun for etl_csv_pipeline_v2 to None, run_after=None
[2025-04-30T03:14:05.585+0000] {processor.py:208} INFO - Processing /opt/airflow/dags/etl_pipeline.py took 0.711 seconds
