[2025-04-30T02:53:31.361+0000] {processor.py:186} INFO - Started process (PID=118) to work on /home/airflow/.local/lib/python3.12/site-packages/airflow/example_dags/example_python_decorator.py
[2025-04-30T02:53:31.374+0000] {processor.py:914} INFO - Processing file /home/airflow/.local/lib/python3.12/site-packages/airflow/example_dags/example_python_decorator.py for tasks to queue
[2025-04-30T02:53:31.386+0000] {logging_mixin.py:190} INFO - [2025-04-30T02:53:31.385+0000] {dagbag.py:588} INFO - Filling up the DagBag from /home/airflow/.local/lib/python3.12/site-packages/airflow/example_dags/example_python_decorator.py
[2025-04-30T02:53:31.831+0000] {processor.py:925} INFO - DAG(s) 'example_python_decorator' retrieved from /home/airflow/.local/lib/python3.12/site-packages/airflow/example_dags/example_python_decorator.py
[2025-04-30T02:53:33.200+0000] {logging_mixin.py:190} INFO - [2025-04-30T02:53:33.186+0000] {dag.py:3239} INFO - Sync 1 DAGs
[2025-04-30T02:53:33.721+0000] {logging_mixin.py:190} INFO - [2025-04-30T02:53:33.720+0000] {dag.py:4180} INFO - Setting next_dagrun for example_python_decorator to None, run_after=None
[2025-04-30T02:53:33.896+0000] {processor.py:208} INFO - Processing /home/airflow/.local/lib/python3.12/site-packages/airflow/example_dags/example_python_decorator.py took 2.566 seconds
[2025-04-30T02:54:26.522+0000] {processor.py:186} INFO - Started process (PID=189) to work on /home/airflow/.local/lib/python3.12/site-packages/airflow/example_dags/example_python_decorator.py
[2025-04-30T02:54:26.538+0000] {processor.py:914} INFO - Processing file /home/airflow/.local/lib/python3.12/site-packages/airflow/example_dags/example_python_decorator.py for tasks to queue
[2025-04-30T02:54:26.551+0000] {logging_mixin.py:190} INFO - [2025-04-30T02:54:26.550+0000] {dagbag.py:588} INFO - Filling up the DagBag from /home/airflow/.local/lib/python3.12/site-packages/airflow/example_dags/example_python_decorator.py
[2025-04-30T02:54:26.710+0000] {processor.py:925} INFO - DAG(s) 'example_python_decorator' retrieved from /home/airflow/.local/lib/python3.12/site-packages/airflow/example_dags/example_python_decorator.py
[2025-04-30T02:54:26.821+0000] {logging_mixin.py:190} INFO - [2025-04-30T02:54:26.820+0000] {dag.py:3239} INFO - Sync 1 DAGs
[2025-04-30T02:54:26.954+0000] {logging_mixin.py:190} INFO - [2025-04-30T02:54:26.952+0000] {dag.py:4180} INFO - Setting next_dagrun for example_python_decorator to None, run_after=None
[2025-04-30T02:54:27.162+0000] {processor.py:208} INFO - Processing /home/airflow/.local/lib/python3.12/site-packages/airflow/example_dags/example_python_decorator.py took 0.676 seconds
[2025-04-30T02:55:04.219+0000] {processor.py:186} INFO - Started process (PID=253) to work on /home/airflow/.local/lib/python3.12/site-packages/airflow/example_dags/example_python_decorator.py
[2025-04-30T02:55:04.235+0000] {processor.py:914} INFO - Processing file /home/airflow/.local/lib/python3.12/site-packages/airflow/example_dags/example_python_decorator.py for tasks to queue
[2025-04-30T02:55:04.241+0000] {logging_mixin.py:190} INFO - [2025-04-30T02:55:04.240+0000] {dagbag.py:588} INFO - Filling up the DagBag from /home/airflow/.local/lib/python3.12/site-packages/airflow/example_dags/example_python_decorator.py
[2025-04-30T02:55:04.291+0000] {processor.py:925} INFO - DAG(s) 'example_python_decorator' retrieved from /home/airflow/.local/lib/python3.12/site-packages/airflow/example_dags/example_python_decorator.py
[2025-04-30T02:55:04.408+0000] {logging_mixin.py:190} INFO - [2025-04-30T02:55:04.408+0000] {dag.py:3239} INFO - Sync 1 DAGs
[2025-04-30T02:55:04.448+0000] {logging_mixin.py:190} INFO - [2025-04-30T02:55:04.448+0000] {dag.py:4180} INFO - Setting next_dagrun for example_python_decorator to None, run_after=None
[2025-04-30T02:55:04.524+0000] {processor.py:208} INFO - Processing /home/airflow/.local/lib/python3.12/site-packages/airflow/example_dags/example_python_decorator.py took 0.339 seconds
[2025-04-30T02:55:42.196+0000] {processor.py:186} INFO - Started process (PID=317) to work on /home/airflow/.local/lib/python3.12/site-packages/airflow/example_dags/example_python_decorator.py
[2025-04-30T02:55:42.205+0000] {processor.py:914} INFO - Processing file /home/airflow/.local/lib/python3.12/site-packages/airflow/example_dags/example_python_decorator.py for tasks to queue
[2025-04-30T02:55:42.215+0000] {logging_mixin.py:190} INFO - [2025-04-30T02:55:42.215+0000] {dagbag.py:588} INFO - Filling up the DagBag from /home/airflow/.local/lib/python3.12/site-packages/airflow/example_dags/example_python_decorator.py
[2025-04-30T02:55:42.387+0000] {processor.py:925} INFO - DAG(s) 'example_python_decorator' retrieved from /home/airflow/.local/lib/python3.12/site-packages/airflow/example_dags/example_python_decorator.py
[2025-04-30T02:55:42.506+0000] {logging_mixin.py:190} INFO - [2025-04-30T02:55:42.505+0000] {dag.py:3239} INFO - Sync 1 DAGs
[2025-04-30T02:55:42.546+0000] {logging_mixin.py:190} INFO - [2025-04-30T02:55:42.545+0000] {dag.py:4180} INFO - Setting next_dagrun for example_python_decorator to None, run_after=None
[2025-04-30T02:55:42.651+0000] {processor.py:208} INFO - Processing /home/airflow/.local/lib/python3.12/site-packages/airflow/example_dags/example_python_decorator.py took 0.494 seconds
[2025-04-30T02:56:23.147+0000] {processor.py:186} INFO - Started process (PID=384) to work on /home/airflow/.local/lib/python3.12/site-packages/airflow/example_dags/example_python_decorator.py
[2025-04-30T02:56:23.150+0000] {processor.py:914} INFO - Processing file /home/airflow/.local/lib/python3.12/site-packages/airflow/example_dags/example_python_decorator.py for tasks to queue
[2025-04-30T02:56:23.155+0000] {logging_mixin.py:190} INFO - [2025-04-30T02:56:23.154+0000] {dagbag.py:588} INFO - Filling up the DagBag from /home/airflow/.local/lib/python3.12/site-packages/airflow/example_dags/example_python_decorator.py
[2025-04-30T02:56:23.194+0000] {processor.py:925} INFO - DAG(s) 'example_python_decorator' retrieved from /home/airflow/.local/lib/python3.12/site-packages/airflow/example_dags/example_python_decorator.py
[2025-04-30T02:56:23.254+0000] {logging_mixin.py:190} INFO - [2025-04-30T02:56:23.254+0000] {dag.py:3239} INFO - Sync 1 DAGs
[2025-04-30T02:56:23.297+0000] {logging_mixin.py:190} INFO - [2025-04-30T02:56:23.297+0000] {dag.py:4180} INFO - Setting next_dagrun for example_python_decorator to None, run_after=None
[2025-04-30T02:56:23.394+0000] {processor.py:208} INFO - Processing /home/airflow/.local/lib/python3.12/site-packages/airflow/example_dags/example_python_decorator.py took 0.262 seconds
[2025-04-30T02:56:58.825+0000] {processor.py:186} INFO - Started process (PID=455) to work on /home/airflow/.local/lib/python3.12/site-packages/airflow/example_dags/example_python_decorator.py
[2025-04-30T02:56:58.826+0000] {processor.py:914} INFO - Processing file /home/airflow/.local/lib/python3.12/site-packages/airflow/example_dags/example_python_decorator.py for tasks to queue
[2025-04-30T02:56:58.831+0000] {logging_mixin.py:190} INFO - [2025-04-30T02:56:58.830+0000] {dagbag.py:588} INFO - Filling up the DagBag from /home/airflow/.local/lib/python3.12/site-packages/airflow/example_dags/example_python_decorator.py
[2025-04-30T02:56:58.856+0000] {processor.py:925} INFO - DAG(s) 'example_python_decorator' retrieved from /home/airflow/.local/lib/python3.12/site-packages/airflow/example_dags/example_python_decorator.py
[2025-04-30T02:56:58.929+0000] {logging_mixin.py:190} INFO - [2025-04-30T02:56:58.929+0000] {dag.py:3239} INFO - Sync 1 DAGs
[2025-04-30T02:56:58.973+0000] {logging_mixin.py:190} INFO - [2025-04-30T02:56:58.972+0000] {dag.py:4180} INFO - Setting next_dagrun for example_python_decorator to None, run_after=None
[2025-04-30T02:56:59.029+0000] {processor.py:208} INFO - Processing /home/airflow/.local/lib/python3.12/site-packages/airflow/example_dags/example_python_decorator.py took 0.214 seconds
[2025-04-30T02:57:30.069+0000] {processor.py:186} INFO - Started process (PID=519) to work on /home/airflow/.local/lib/python3.12/site-packages/airflow/example_dags/example_python_decorator.py
[2025-04-30T02:57:30.071+0000] {processor.py:914} INFO - Processing file /home/airflow/.local/lib/python3.12/site-packages/airflow/example_dags/example_python_decorator.py for tasks to queue
[2025-04-30T02:57:30.079+0000] {logging_mixin.py:190} INFO - [2025-04-30T02:57:30.078+0000] {dagbag.py:588} INFO - Filling up the DagBag from /home/airflow/.local/lib/python3.12/site-packages/airflow/example_dags/example_python_decorator.py
[2025-04-30T02:57:30.111+0000] {processor.py:925} INFO - DAG(s) 'example_python_decorator' retrieved from /home/airflow/.local/lib/python3.12/site-packages/airflow/example_dags/example_python_decorator.py
[2025-04-30T02:57:30.178+0000] {logging_mixin.py:190} INFO - [2025-04-30T02:57:30.177+0000] {dag.py:3239} INFO - Sync 1 DAGs
[2025-04-30T02:57:30.232+0000] {logging_mixin.py:190} INFO - [2025-04-30T02:57:30.229+0000] {dag.py:4180} INFO - Setting next_dagrun for example_python_decorator to None, run_after=None
[2025-04-30T02:57:30.274+0000] {processor.py:208} INFO - Processing /home/airflow/.local/lib/python3.12/site-packages/airflow/example_dags/example_python_decorator.py took 0.219 seconds
[2025-04-30T02:58:03.111+0000] {processor.py:186} INFO - Started process (PID=583) to work on /home/airflow/.local/lib/python3.12/site-packages/airflow/example_dags/example_python_decorator.py
[2025-04-30T02:58:03.115+0000] {processor.py:914} INFO - Processing file /home/airflow/.local/lib/python3.12/site-packages/airflow/example_dags/example_python_decorator.py for tasks to queue
[2025-04-30T02:58:03.128+0000] {logging_mixin.py:190} INFO - [2025-04-30T02:58:03.127+0000] {dagbag.py:588} INFO - Filling up the DagBag from /home/airflow/.local/lib/python3.12/site-packages/airflow/example_dags/example_python_decorator.py
[2025-04-30T02:58:03.187+0000] {processor.py:925} INFO - DAG(s) 'example_python_decorator' retrieved from /home/airflow/.local/lib/python3.12/site-packages/airflow/example_dags/example_python_decorator.py
[2025-04-30T02:58:03.270+0000] {logging_mixin.py:190} INFO - [2025-04-30T02:58:03.269+0000] {dag.py:3239} INFO - Sync 1 DAGs
[2025-04-30T02:58:03.327+0000] {logging_mixin.py:190} INFO - [2025-04-30T02:58:03.325+0000] {dag.py:4180} INFO - Setting next_dagrun for example_python_decorator to None, run_after=None
[2025-04-30T02:58:03.434+0000] {processor.py:208} INFO - Processing /home/airflow/.local/lib/python3.12/site-packages/airflow/example_dags/example_python_decorator.py took 0.343 seconds
[2025-04-30T02:58:35.463+0000] {processor.py:186} INFO - Started process (PID=647) to work on /home/airflow/.local/lib/python3.12/site-packages/airflow/example_dags/example_python_decorator.py
[2025-04-30T02:58:35.465+0000] {processor.py:914} INFO - Processing file /home/airflow/.local/lib/python3.12/site-packages/airflow/example_dags/example_python_decorator.py for tasks to queue
[2025-04-30T02:58:35.470+0000] {logging_mixin.py:190} INFO - [2025-04-30T02:58:35.470+0000] {dagbag.py:588} INFO - Filling up the DagBag from /home/airflow/.local/lib/python3.12/site-packages/airflow/example_dags/example_python_decorator.py
[2025-04-30T02:58:35.518+0000] {processor.py:925} INFO - DAG(s) 'example_python_decorator' retrieved from /home/airflow/.local/lib/python3.12/site-packages/airflow/example_dags/example_python_decorator.py
[2025-04-30T02:58:35.573+0000] {logging_mixin.py:190} INFO - [2025-04-30T02:58:35.572+0000] {dag.py:3239} INFO - Sync 1 DAGs
[2025-04-30T02:58:35.645+0000] {logging_mixin.py:190} INFO - [2025-04-30T02:58:35.645+0000] {dag.py:4180} INFO - Setting next_dagrun for example_python_decorator to None, run_after=None
[2025-04-30T02:58:35.756+0000] {processor.py:208} INFO - Processing /home/airflow/.local/lib/python3.12/site-packages/airflow/example_dags/example_python_decorator.py took 0.309 seconds
[2025-04-30T02:59:06.051+0000] {processor.py:186} INFO - Started process (PID=710) to work on /home/airflow/.local/lib/python3.12/site-packages/airflow/example_dags/example_python_decorator.py
[2025-04-30T02:59:06.053+0000] {processor.py:914} INFO - Processing file /home/airflow/.local/lib/python3.12/site-packages/airflow/example_dags/example_python_decorator.py for tasks to queue
[2025-04-30T02:59:06.058+0000] {logging_mixin.py:190} INFO - [2025-04-30T02:59:06.057+0000] {dagbag.py:588} INFO - Filling up the DagBag from /home/airflow/.local/lib/python3.12/site-packages/airflow/example_dags/example_python_decorator.py
[2025-04-30T02:59:06.087+0000] {processor.py:925} INFO - DAG(s) 'example_python_decorator' retrieved from /home/airflow/.local/lib/python3.12/site-packages/airflow/example_dags/example_python_decorator.py
[2025-04-30T02:59:06.136+0000] {logging_mixin.py:190} INFO - [2025-04-30T02:59:06.136+0000] {dag.py:3239} INFO - Sync 1 DAGs
[2025-04-30T02:59:06.175+0000] {logging_mixin.py:190} INFO - [2025-04-30T02:59:06.174+0000] {dag.py:4180} INFO - Setting next_dagrun for example_python_decorator to None, run_after=None
[2025-04-30T02:59:06.274+0000] {processor.py:208} INFO - Processing /home/airflow/.local/lib/python3.12/site-packages/airflow/example_dags/example_python_decorator.py took 0.235 seconds
[2025-04-30T02:59:37.061+0000] {processor.py:186} INFO - Started process (PID=775) to work on /home/airflow/.local/lib/python3.12/site-packages/airflow/example_dags/example_python_decorator.py
[2025-04-30T02:59:37.063+0000] {processor.py:914} INFO - Processing file /home/airflow/.local/lib/python3.12/site-packages/airflow/example_dags/example_python_decorator.py for tasks to queue
[2025-04-30T02:59:37.067+0000] {logging_mixin.py:190} INFO - [2025-04-30T02:59:37.067+0000] {dagbag.py:588} INFO - Filling up the DagBag from /home/airflow/.local/lib/python3.12/site-packages/airflow/example_dags/example_python_decorator.py
[2025-04-30T02:59:37.093+0000] {processor.py:925} INFO - DAG(s) 'example_python_decorator' retrieved from /home/airflow/.local/lib/python3.12/site-packages/airflow/example_dags/example_python_decorator.py
[2025-04-30T02:59:37.141+0000] {logging_mixin.py:190} INFO - [2025-04-30T02:59:37.140+0000] {dag.py:3239} INFO - Sync 1 DAGs
[2025-04-30T02:59:37.171+0000] {logging_mixin.py:190} INFO - [2025-04-30T02:59:37.171+0000] {dag.py:4180} INFO - Setting next_dagrun for example_python_decorator to None, run_after=None
[2025-04-30T02:59:37.210+0000] {processor.py:208} INFO - Processing /home/airflow/.local/lib/python3.12/site-packages/airflow/example_dags/example_python_decorator.py took 0.161 seconds
[2025-04-30T03:00:12.410+0000] {processor.py:186} INFO - Started process (PID=839) to work on /home/airflow/.local/lib/python3.12/site-packages/airflow/example_dags/example_python_decorator.py
[2025-04-30T03:00:12.428+0000] {processor.py:914} INFO - Processing file /home/airflow/.local/lib/python3.12/site-packages/airflow/example_dags/example_python_decorator.py for tasks to queue
[2025-04-30T03:00:12.434+0000] {logging_mixin.py:190} INFO - [2025-04-30T03:00:12.433+0000] {dagbag.py:588} INFO - Filling up the DagBag from /home/airflow/.local/lib/python3.12/site-packages/airflow/example_dags/example_python_decorator.py
[2025-04-30T03:00:12.492+0000] {processor.py:925} INFO - DAG(s) 'example_python_decorator' retrieved from /home/airflow/.local/lib/python3.12/site-packages/airflow/example_dags/example_python_decorator.py
[2025-04-30T03:00:12.601+0000] {logging_mixin.py:190} INFO - [2025-04-30T03:00:12.601+0000] {dag.py:3239} INFO - Sync 1 DAGs
[2025-04-30T03:00:12.639+0000] {logging_mixin.py:190} INFO - [2025-04-30T03:00:12.639+0000] {dag.py:4180} INFO - Setting next_dagrun for example_python_decorator to None, run_after=None
[2025-04-30T03:00:12.697+0000] {processor.py:208} INFO - Processing /home/airflow/.local/lib/python3.12/site-packages/airflow/example_dags/example_python_decorator.py took 0.309 seconds
[2025-04-30T03:00:46.167+0000] {processor.py:186} INFO - Started process (PID=905) to work on /home/airflow/.local/lib/python3.12/site-packages/airflow/example_dags/example_python_decorator.py
[2025-04-30T03:00:46.170+0000] {processor.py:914} INFO - Processing file /home/airflow/.local/lib/python3.12/site-packages/airflow/example_dags/example_python_decorator.py for tasks to queue
[2025-04-30T03:00:46.175+0000] {logging_mixin.py:190} INFO - [2025-04-30T03:00:46.174+0000] {dagbag.py:588} INFO - Filling up the DagBag from /home/airflow/.local/lib/python3.12/site-packages/airflow/example_dags/example_python_decorator.py
[2025-04-30T03:00:46.219+0000] {processor.py:925} INFO - DAG(s) 'example_python_decorator' retrieved from /home/airflow/.local/lib/python3.12/site-packages/airflow/example_dags/example_python_decorator.py
[2025-04-30T03:00:46.281+0000] {logging_mixin.py:190} INFO - [2025-04-30T03:00:46.280+0000] {dag.py:3239} INFO - Sync 1 DAGs
[2025-04-30T03:00:46.325+0000] {logging_mixin.py:190} INFO - [2025-04-30T03:00:46.325+0000] {dag.py:4180} INFO - Setting next_dagrun for example_python_decorator to None, run_after=None
[2025-04-30T03:00:46.387+0000] {processor.py:208} INFO - Processing /home/airflow/.local/lib/python3.12/site-packages/airflow/example_dags/example_python_decorator.py took 0.232 seconds
[2025-04-30T03:01:17.309+0000] {processor.py:186} INFO - Started process (PID=970) to work on /home/airflow/.local/lib/python3.12/site-packages/airflow/example_dags/example_python_decorator.py
[2025-04-30T03:01:17.311+0000] {processor.py:914} INFO - Processing file /home/airflow/.local/lib/python3.12/site-packages/airflow/example_dags/example_python_decorator.py for tasks to queue
[2025-04-30T03:01:17.317+0000] {logging_mixin.py:190} INFO - [2025-04-30T03:01:17.316+0000] {dagbag.py:588} INFO - Filling up the DagBag from /home/airflow/.local/lib/python3.12/site-packages/airflow/example_dags/example_python_decorator.py
[2025-04-30T03:01:17.354+0000] {processor.py:925} INFO - DAG(s) 'example_python_decorator' retrieved from /home/airflow/.local/lib/python3.12/site-packages/airflow/example_dags/example_python_decorator.py
[2025-04-30T03:01:17.478+0000] {logging_mixin.py:190} INFO - [2025-04-30T03:01:17.477+0000] {dag.py:3239} INFO - Sync 1 DAGs
[2025-04-30T03:01:17.532+0000] {logging_mixin.py:190} INFO - [2025-04-30T03:01:17.532+0000] {dag.py:4180} INFO - Setting next_dagrun for example_python_decorator to None, run_after=None
[2025-04-30T03:01:17.582+0000] {processor.py:208} INFO - Processing /home/airflow/.local/lib/python3.12/site-packages/airflow/example_dags/example_python_decorator.py took 0.289 seconds
[2025-04-30T03:04:31.326+0000] {processor.py:186} INFO - Started process (PID=99) to work on /home/airflow/.local/lib/python3.12/site-packages/airflow/example_dags/example_python_decorator.py
[2025-04-30T03:04:31.329+0000] {processor.py:914} INFO - Processing file /home/airflow/.local/lib/python3.12/site-packages/airflow/example_dags/example_python_decorator.py for tasks to queue
[2025-04-30T03:04:31.336+0000] {logging_mixin.py:190} INFO - [2025-04-30T03:04:31.335+0000] {dagbag.py:588} INFO - Filling up the DagBag from /home/airflow/.local/lib/python3.12/site-packages/airflow/example_dags/example_python_decorator.py
[2025-04-30T03:04:31.391+0000] {processor.py:925} INFO - DAG(s) 'example_python_decorator' retrieved from /home/airflow/.local/lib/python3.12/site-packages/airflow/example_dags/example_python_decorator.py
[2025-04-30T03:04:31.803+0000] {logging_mixin.py:190} INFO - [2025-04-30T03:04:31.802+0000] {dag.py:3239} INFO - Sync 1 DAGs
[2025-04-30T03:04:31.837+0000] {logging_mixin.py:190} INFO - [2025-04-30T03:04:31.836+0000] {dag.py:4180} INFO - Setting next_dagrun for example_python_decorator to None, run_after=None
[2025-04-30T03:04:31.901+0000] {processor.py:208} INFO - Processing /home/airflow/.local/lib/python3.12/site-packages/airflow/example_dags/example_python_decorator.py took 0.591 seconds
[2025-04-30T03:05:03.523+0000] {processor.py:186} INFO - Started process (PID=163) to work on /home/airflow/.local/lib/python3.12/site-packages/airflow/example_dags/example_python_decorator.py
[2025-04-30T03:05:03.525+0000] {processor.py:914} INFO - Processing file /home/airflow/.local/lib/python3.12/site-packages/airflow/example_dags/example_python_decorator.py for tasks to queue
[2025-04-30T03:05:03.531+0000] {logging_mixin.py:190} INFO - [2025-04-30T03:05:03.529+0000] {dagbag.py:588} INFO - Filling up the DagBag from /home/airflow/.local/lib/python3.12/site-packages/airflow/example_dags/example_python_decorator.py
[2025-04-30T03:05:03.568+0000] {processor.py:925} INFO - DAG(s) 'example_python_decorator' retrieved from /home/airflow/.local/lib/python3.12/site-packages/airflow/example_dags/example_python_decorator.py
[2025-04-30T03:05:03.625+0000] {logging_mixin.py:190} INFO - [2025-04-30T03:05:03.624+0000] {dag.py:3239} INFO - Sync 1 DAGs
[2025-04-30T03:05:03.658+0000] {logging_mixin.py:190} INFO - [2025-04-30T03:05:03.657+0000] {dag.py:4180} INFO - Setting next_dagrun for example_python_decorator to None, run_after=None
[2025-04-30T03:05:03.735+0000] {processor.py:208} INFO - Processing /home/airflow/.local/lib/python3.12/site-packages/airflow/example_dags/example_python_decorator.py took 0.228 seconds
[2025-04-30T03:05:33.827+0000] {processor.py:186} INFO - Started process (PID=226) to work on /home/airflow/.local/lib/python3.12/site-packages/airflow/example_dags/example_python_decorator.py
[2025-04-30T03:05:33.829+0000] {processor.py:914} INFO - Processing file /home/airflow/.local/lib/python3.12/site-packages/airflow/example_dags/example_python_decorator.py for tasks to queue
[2025-04-30T03:05:33.832+0000] {logging_mixin.py:190} INFO - [2025-04-30T03:05:33.832+0000] {dagbag.py:588} INFO - Filling up the DagBag from /home/airflow/.local/lib/python3.12/site-packages/airflow/example_dags/example_python_decorator.py
[2025-04-30T03:05:33.854+0000] {processor.py:925} INFO - DAG(s) 'example_python_decorator' retrieved from /home/airflow/.local/lib/python3.12/site-packages/airflow/example_dags/example_python_decorator.py
[2025-04-30T03:05:33.887+0000] {logging_mixin.py:190} INFO - [2025-04-30T03:05:33.887+0000] {dag.py:3239} INFO - Sync 1 DAGs
[2025-04-30T03:05:33.910+0000] {logging_mixin.py:190} INFO - [2025-04-30T03:05:33.910+0000] {dag.py:4180} INFO - Setting next_dagrun for example_python_decorator to None, run_after=None
[2025-04-30T03:05:33.938+0000] {processor.py:208} INFO - Processing /home/airflow/.local/lib/python3.12/site-packages/airflow/example_dags/example_python_decorator.py took 0.118 seconds
[2025-04-30T03:06:04.886+0000] {processor.py:186} INFO - Started process (PID=290) to work on /home/airflow/.local/lib/python3.12/site-packages/airflow/example_dags/example_python_decorator.py
[2025-04-30T03:06:04.888+0000] {processor.py:914} INFO - Processing file /home/airflow/.local/lib/python3.12/site-packages/airflow/example_dags/example_python_decorator.py for tasks to queue
[2025-04-30T03:06:04.891+0000] {logging_mixin.py:190} INFO - [2025-04-30T03:06:04.891+0000] {dagbag.py:588} INFO - Filling up the DagBag from /home/airflow/.local/lib/python3.12/site-packages/airflow/example_dags/example_python_decorator.py
[2025-04-30T03:06:04.912+0000] {processor.py:925} INFO - DAG(s) 'example_python_decorator' retrieved from /home/airflow/.local/lib/python3.12/site-packages/airflow/example_dags/example_python_decorator.py
[2025-04-30T03:06:04.945+0000] {logging_mixin.py:190} INFO - [2025-04-30T03:06:04.944+0000] {dag.py:3239} INFO - Sync 1 DAGs
[2025-04-30T03:06:04.967+0000] {logging_mixin.py:190} INFO - [2025-04-30T03:06:04.966+0000] {dag.py:4180} INFO - Setting next_dagrun for example_python_decorator to None, run_after=None
[2025-04-30T03:06:04.995+0000] {processor.py:208} INFO - Processing /home/airflow/.local/lib/python3.12/site-packages/airflow/example_dags/example_python_decorator.py took 0.122 seconds
[2025-04-30T03:06:35.179+0000] {processor.py:186} INFO - Started process (PID=354) to work on /home/airflow/.local/lib/python3.12/site-packages/airflow/example_dags/example_python_decorator.py
[2025-04-30T03:06:35.180+0000] {processor.py:914} INFO - Processing file /home/airflow/.local/lib/python3.12/site-packages/airflow/example_dags/example_python_decorator.py for tasks to queue
[2025-04-30T03:06:35.184+0000] {logging_mixin.py:190} INFO - [2025-04-30T03:06:35.183+0000] {dagbag.py:588} INFO - Filling up the DagBag from /home/airflow/.local/lib/python3.12/site-packages/airflow/example_dags/example_python_decorator.py
[2025-04-30T03:06:35.211+0000] {processor.py:925} INFO - DAG(s) 'example_python_decorator' retrieved from /home/airflow/.local/lib/python3.12/site-packages/airflow/example_dags/example_python_decorator.py
[2025-04-30T03:06:35.252+0000] {logging_mixin.py:190} INFO - [2025-04-30T03:06:35.251+0000] {dag.py:3239} INFO - Sync 1 DAGs
[2025-04-30T03:06:35.276+0000] {logging_mixin.py:190} INFO - [2025-04-30T03:06:35.275+0000] {dag.py:4180} INFO - Setting next_dagrun for example_python_decorator to None, run_after=None
[2025-04-30T03:06:35.307+0000] {processor.py:208} INFO - Processing /home/airflow/.local/lib/python3.12/site-packages/airflow/example_dags/example_python_decorator.py took 0.139 seconds
[2025-04-30T03:07:06.594+0000] {processor.py:186} INFO - Started process (PID=418) to work on /home/airflow/.local/lib/python3.12/site-packages/airflow/example_dags/example_python_decorator.py
[2025-04-30T03:07:06.595+0000] {processor.py:914} INFO - Processing file /home/airflow/.local/lib/python3.12/site-packages/airflow/example_dags/example_python_decorator.py for tasks to queue
[2025-04-30T03:07:06.599+0000] {logging_mixin.py:190} INFO - [2025-04-30T03:07:06.598+0000] {dagbag.py:588} INFO - Filling up the DagBag from /home/airflow/.local/lib/python3.12/site-packages/airflow/example_dags/example_python_decorator.py
[2025-04-30T03:07:06.628+0000] {processor.py:925} INFO - DAG(s) 'example_python_decorator' retrieved from /home/airflow/.local/lib/python3.12/site-packages/airflow/example_dags/example_python_decorator.py
[2025-04-30T03:07:06.676+0000] {logging_mixin.py:190} INFO - [2025-04-30T03:07:06.675+0000] {dag.py:3239} INFO - Sync 1 DAGs
[2025-04-30T03:07:06.705+0000] {logging_mixin.py:190} INFO - [2025-04-30T03:07:06.704+0000] {dag.py:4180} INFO - Setting next_dagrun for example_python_decorator to None, run_after=None
[2025-04-30T03:07:06.747+0000] {processor.py:208} INFO - Processing /home/airflow/.local/lib/python3.12/site-packages/airflow/example_dags/example_python_decorator.py took 0.165 seconds
[2025-04-30T03:07:39.686+0000] {processor.py:186} INFO - Started process (PID=483) to work on /home/airflow/.local/lib/python3.12/site-packages/airflow/example_dags/example_python_decorator.py
[2025-04-30T03:07:39.688+0000] {processor.py:914} INFO - Processing file /home/airflow/.local/lib/python3.12/site-packages/airflow/example_dags/example_python_decorator.py for tasks to queue
[2025-04-30T03:07:39.692+0000] {logging_mixin.py:190} INFO - [2025-04-30T03:07:39.692+0000] {dagbag.py:588} INFO - Filling up the DagBag from /home/airflow/.local/lib/python3.12/site-packages/airflow/example_dags/example_python_decorator.py
[2025-04-30T03:07:39.721+0000] {processor.py:925} INFO - DAG(s) 'example_python_decorator' retrieved from /home/airflow/.local/lib/python3.12/site-packages/airflow/example_dags/example_python_decorator.py
[2025-04-30T03:07:39.775+0000] {logging_mixin.py:190} INFO - [2025-04-30T03:07:39.767+0000] {dag.py:3239} INFO - Sync 1 DAGs
[2025-04-30T03:07:39.842+0000] {logging_mixin.py:190} INFO - [2025-04-30T03:07:39.842+0000] {dag.py:4180} INFO - Setting next_dagrun for example_python_decorator to None, run_after=None
[2025-04-30T03:07:39.933+0000] {processor.py:208} INFO - Processing /home/airflow/.local/lib/python3.12/site-packages/airflow/example_dags/example_python_decorator.py took 0.257 seconds
[2025-04-30T03:08:11.153+0000] {processor.py:186} INFO - Started process (PID=547) to work on /home/airflow/.local/lib/python3.12/site-packages/airflow/example_dags/example_python_decorator.py
[2025-04-30T03:08:11.154+0000] {processor.py:914} INFO - Processing file /home/airflow/.local/lib/python3.12/site-packages/airflow/example_dags/example_python_decorator.py for tasks to queue
[2025-04-30T03:08:11.158+0000] {logging_mixin.py:190} INFO - [2025-04-30T03:08:11.158+0000] {dagbag.py:588} INFO - Filling up the DagBag from /home/airflow/.local/lib/python3.12/site-packages/airflow/example_dags/example_python_decorator.py
[2025-04-30T03:08:11.183+0000] {processor.py:925} INFO - DAG(s) 'example_python_decorator' retrieved from /home/airflow/.local/lib/python3.12/site-packages/airflow/example_dags/example_python_decorator.py
[2025-04-30T03:08:11.232+0000] {logging_mixin.py:190} INFO - [2025-04-30T03:08:11.231+0000] {dag.py:3239} INFO - Sync 1 DAGs
[2025-04-30T03:08:11.291+0000] {logging_mixin.py:190} INFO - [2025-04-30T03:08:11.290+0000] {dag.py:4180} INFO - Setting next_dagrun for example_python_decorator to None, run_after=None
[2025-04-30T03:08:11.363+0000] {processor.py:208} INFO - Processing /home/airflow/.local/lib/python3.12/site-packages/airflow/example_dags/example_python_decorator.py took 0.220 seconds
[2025-04-30T03:08:42.664+0000] {processor.py:186} INFO - Started process (PID=611) to work on /home/airflow/.local/lib/python3.12/site-packages/airflow/example_dags/example_python_decorator.py
[2025-04-30T03:08:42.665+0000] {processor.py:914} INFO - Processing file /home/airflow/.local/lib/python3.12/site-packages/airflow/example_dags/example_python_decorator.py for tasks to queue
[2025-04-30T03:08:42.669+0000] {logging_mixin.py:190} INFO - [2025-04-30T03:08:42.669+0000] {dagbag.py:588} INFO - Filling up the DagBag from /home/airflow/.local/lib/python3.12/site-packages/airflow/example_dags/example_python_decorator.py
[2025-04-30T03:08:42.696+0000] {processor.py:925} INFO - DAG(s) 'example_python_decorator' retrieved from /home/airflow/.local/lib/python3.12/site-packages/airflow/example_dags/example_python_decorator.py
[2025-04-30T03:08:42.738+0000] {logging_mixin.py:190} INFO - [2025-04-30T03:08:42.738+0000] {dag.py:3239} INFO - Sync 1 DAGs
[2025-04-30T03:08:42.769+0000] {logging_mixin.py:190} INFO - [2025-04-30T03:08:42.768+0000] {dag.py:4180} INFO - Setting next_dagrun for example_python_decorator to None, run_after=None
[2025-04-30T03:08:42.813+0000] {processor.py:208} INFO - Processing /home/airflow/.local/lib/python3.12/site-packages/airflow/example_dags/example_python_decorator.py took 0.157 seconds
[2025-04-30T03:09:14.191+0000] {processor.py:186} INFO - Started process (PID=675) to work on /home/airflow/.local/lib/python3.12/site-packages/airflow/example_dags/example_python_decorator.py
[2025-04-30T03:09:14.193+0000] {processor.py:914} INFO - Processing file /home/airflow/.local/lib/python3.12/site-packages/airflow/example_dags/example_python_decorator.py for tasks to queue
[2025-04-30T03:09:14.196+0000] {logging_mixin.py:190} INFO - [2025-04-30T03:09:14.196+0000] {dagbag.py:588} INFO - Filling up the DagBag from /home/airflow/.local/lib/python3.12/site-packages/airflow/example_dags/example_python_decorator.py
[2025-04-30T03:09:14.225+0000] {processor.py:925} INFO - DAG(s) 'example_python_decorator' retrieved from /home/airflow/.local/lib/python3.12/site-packages/airflow/example_dags/example_python_decorator.py
[2025-04-30T03:09:14.263+0000] {logging_mixin.py:190} INFO - [2025-04-30T03:09:14.262+0000] {dag.py:3239} INFO - Sync 1 DAGs
[2025-04-30T03:09:14.294+0000] {logging_mixin.py:190} INFO - [2025-04-30T03:09:14.293+0000] {dag.py:4180} INFO - Setting next_dagrun for example_python_decorator to None, run_after=None
[2025-04-30T03:09:14.335+0000] {processor.py:208} INFO - Processing /home/airflow/.local/lib/python3.12/site-packages/airflow/example_dags/example_python_decorator.py took 0.153 seconds
[2025-04-30T03:09:45.996+0000] {processor.py:186} INFO - Started process (PID=740) to work on /home/airflow/.local/lib/python3.12/site-packages/airflow/example_dags/example_python_decorator.py
[2025-04-30T03:09:45.998+0000] {processor.py:914} INFO - Processing file /home/airflow/.local/lib/python3.12/site-packages/airflow/example_dags/example_python_decorator.py for tasks to queue
[2025-04-30T03:09:46.002+0000] {logging_mixin.py:190} INFO - [2025-04-30T03:09:46.001+0000] {dagbag.py:588} INFO - Filling up the DagBag from /home/airflow/.local/lib/python3.12/site-packages/airflow/example_dags/example_python_decorator.py
[2025-04-30T03:09:46.037+0000] {processor.py:925} INFO - DAG(s) 'example_python_decorator' retrieved from /home/airflow/.local/lib/python3.12/site-packages/airflow/example_dags/example_python_decorator.py
[2025-04-30T03:09:46.081+0000] {logging_mixin.py:190} INFO - [2025-04-30T03:09:46.080+0000] {dag.py:3239} INFO - Sync 1 DAGs
[2025-04-30T03:09:46.110+0000] {logging_mixin.py:190} INFO - [2025-04-30T03:09:46.110+0000] {dag.py:4180} INFO - Setting next_dagrun for example_python_decorator to None, run_after=None
[2025-04-30T03:09:46.154+0000] {processor.py:208} INFO - Processing /home/airflow/.local/lib/python3.12/site-packages/airflow/example_dags/example_python_decorator.py took 0.170 seconds
[2025-04-30T03:10:18.411+0000] {processor.py:186} INFO - Started process (PID=804) to work on /home/airflow/.local/lib/python3.12/site-packages/airflow/example_dags/example_python_decorator.py
[2025-04-30T03:10:18.413+0000] {processor.py:914} INFO - Processing file /home/airflow/.local/lib/python3.12/site-packages/airflow/example_dags/example_python_decorator.py for tasks to queue
[2025-04-30T03:10:18.419+0000] {logging_mixin.py:190} INFO - [2025-04-30T03:10:18.419+0000] {dagbag.py:588} INFO - Filling up the DagBag from /home/airflow/.local/lib/python3.12/site-packages/airflow/example_dags/example_python_decorator.py
[2025-04-30T03:10:18.476+0000] {processor.py:925} INFO - DAG(s) 'example_python_decorator' retrieved from /home/airflow/.local/lib/python3.12/site-packages/airflow/example_dags/example_python_decorator.py
[2025-04-30T03:10:18.536+0000] {logging_mixin.py:190} INFO - [2025-04-30T03:10:18.535+0000] {dag.py:3239} INFO - Sync 1 DAGs
[2025-04-30T03:10:18.579+0000] {logging_mixin.py:190} INFO - [2025-04-30T03:10:18.574+0000] {dag.py:4180} INFO - Setting next_dagrun for example_python_decorator to None, run_after=None
[2025-04-30T03:10:18.657+0000] {processor.py:208} INFO - Processing /home/airflow/.local/lib/python3.12/site-packages/airflow/example_dags/example_python_decorator.py took 0.261 seconds
[2025-04-30T03:10:53.891+0000] {processor.py:186} INFO - Started process (PID=874) to work on /home/airflow/.local/lib/python3.12/site-packages/airflow/example_dags/example_python_decorator.py
[2025-04-30T03:10:53.894+0000] {processor.py:914} INFO - Processing file /home/airflow/.local/lib/python3.12/site-packages/airflow/example_dags/example_python_decorator.py for tasks to queue
[2025-04-30T03:10:53.899+0000] {logging_mixin.py:190} INFO - [2025-04-30T03:10:53.899+0000] {dagbag.py:588} INFO - Filling up the DagBag from /home/airflow/.local/lib/python3.12/site-packages/airflow/example_dags/example_python_decorator.py
[2025-04-30T03:10:53.946+0000] {processor.py:925} INFO - DAG(s) 'example_python_decorator' retrieved from /home/airflow/.local/lib/python3.12/site-packages/airflow/example_dags/example_python_decorator.py
[2025-04-30T03:10:54.010+0000] {logging_mixin.py:190} INFO - [2025-04-30T03:10:54.010+0000] {dag.py:3239} INFO - Sync 1 DAGs
[2025-04-30T03:10:54.051+0000] {logging_mixin.py:190} INFO - [2025-04-30T03:10:54.050+0000] {dag.py:4180} INFO - Setting next_dagrun for example_python_decorator to None, run_after=None
[2025-04-30T03:10:54.113+0000] {processor.py:208} INFO - Processing /home/airflow/.local/lib/python3.12/site-packages/airflow/example_dags/example_python_decorator.py took 0.242 seconds
[2025-04-30T03:11:24.303+0000] {processor.py:186} INFO - Started process (PID=939) to work on /home/airflow/.local/lib/python3.12/site-packages/airflow/example_dags/example_python_decorator.py
[2025-04-30T03:11:24.304+0000] {processor.py:914} INFO - Processing file /home/airflow/.local/lib/python3.12/site-packages/airflow/example_dags/example_python_decorator.py for tasks to queue
[2025-04-30T03:11:24.308+0000] {logging_mixin.py:190} INFO - [2025-04-30T03:11:24.307+0000] {dagbag.py:588} INFO - Filling up the DagBag from /home/airflow/.local/lib/python3.12/site-packages/airflow/example_dags/example_python_decorator.py
[2025-04-30T03:11:24.336+0000] {processor.py:925} INFO - DAG(s) 'example_python_decorator' retrieved from /home/airflow/.local/lib/python3.12/site-packages/airflow/example_dags/example_python_decorator.py
[2025-04-30T03:11:24.373+0000] {logging_mixin.py:190} INFO - [2025-04-30T03:11:24.373+0000] {dag.py:3239} INFO - Sync 1 DAGs
[2025-04-30T03:11:24.398+0000] {logging_mixin.py:190} INFO - [2025-04-30T03:11:24.397+0000] {dag.py:4180} INFO - Setting next_dagrun for example_python_decorator to None, run_after=None
[2025-04-30T03:11:24.426+0000] {processor.py:208} INFO - Processing /home/airflow/.local/lib/python3.12/site-packages/airflow/example_dags/example_python_decorator.py took 0.134 seconds
[2025-04-30T03:11:56.080+0000] {processor.py:186} INFO - Started process (PID=1003) to work on /home/airflow/.local/lib/python3.12/site-packages/airflow/example_dags/example_python_decorator.py
[2025-04-30T03:11:56.082+0000] {processor.py:914} INFO - Processing file /home/airflow/.local/lib/python3.12/site-packages/airflow/example_dags/example_python_decorator.py for tasks to queue
[2025-04-30T03:11:56.086+0000] {logging_mixin.py:190} INFO - [2025-04-30T03:11:56.085+0000] {dagbag.py:588} INFO - Filling up the DagBag from /home/airflow/.local/lib/python3.12/site-packages/airflow/example_dags/example_python_decorator.py
[2025-04-30T03:11:56.140+0000] {processor.py:925} INFO - DAG(s) 'example_python_decorator' retrieved from /home/airflow/.local/lib/python3.12/site-packages/airflow/example_dags/example_python_decorator.py
[2025-04-30T03:11:56.200+0000] {logging_mixin.py:190} INFO - [2025-04-30T03:11:56.199+0000] {dag.py:3239} INFO - Sync 1 DAGs
[2025-04-30T03:11:56.236+0000] {logging_mixin.py:190} INFO - [2025-04-30T03:11:56.236+0000] {dag.py:4180} INFO - Setting next_dagrun for example_python_decorator to None, run_after=None
[2025-04-30T03:11:56.290+0000] {processor.py:208} INFO - Processing /home/airflow/.local/lib/python3.12/site-packages/airflow/example_dags/example_python_decorator.py took 0.224 seconds
[2025-04-30T03:12:29.331+0000] {processor.py:186} INFO - Started process (PID=1067) to work on /home/airflow/.local/lib/python3.12/site-packages/airflow/example_dags/example_python_decorator.py
[2025-04-30T03:12:29.334+0000] {processor.py:914} INFO - Processing file /home/airflow/.local/lib/python3.12/site-packages/airflow/example_dags/example_python_decorator.py for tasks to queue
[2025-04-30T03:12:29.338+0000] {logging_mixin.py:190} INFO - [2025-04-30T03:12:29.338+0000] {dagbag.py:588} INFO - Filling up the DagBag from /home/airflow/.local/lib/python3.12/site-packages/airflow/example_dags/example_python_decorator.py
[2025-04-30T03:12:29.376+0000] {processor.py:925} INFO - DAG(s) 'example_python_decorator' retrieved from /home/airflow/.local/lib/python3.12/site-packages/airflow/example_dags/example_python_decorator.py
[2025-04-30T03:12:29.440+0000] {logging_mixin.py:190} INFO - [2025-04-30T03:12:29.440+0000] {dag.py:3239} INFO - Sync 1 DAGs
[2025-04-30T03:12:29.474+0000] {logging_mixin.py:190} INFO - [2025-04-30T03:12:29.474+0000] {dag.py:4180} INFO - Setting next_dagrun for example_python_decorator to None, run_after=None
[2025-04-30T03:12:29.551+0000] {processor.py:208} INFO - Processing /home/airflow/.local/lib/python3.12/site-packages/airflow/example_dags/example_python_decorator.py took 0.236 seconds
[2025-04-30T03:13:00.841+0000] {processor.py:186} INFO - Started process (PID=1131) to work on /home/airflow/.local/lib/python3.12/site-packages/airflow/example_dags/example_python_decorator.py
[2025-04-30T03:13:00.842+0000] {processor.py:914} INFO - Processing file /home/airflow/.local/lib/python3.12/site-packages/airflow/example_dags/example_python_decorator.py for tasks to queue
[2025-04-30T03:13:00.845+0000] {logging_mixin.py:190} INFO - [2025-04-30T03:13:00.845+0000] {dagbag.py:588} INFO - Filling up the DagBag from /home/airflow/.local/lib/python3.12/site-packages/airflow/example_dags/example_python_decorator.py
[2025-04-30T03:13:00.864+0000] {processor.py:925} INFO - DAG(s) 'example_python_decorator' retrieved from /home/airflow/.local/lib/python3.12/site-packages/airflow/example_dags/example_python_decorator.py
[2025-04-30T03:13:00.897+0000] {logging_mixin.py:190} INFO - [2025-04-30T03:13:00.896+0000] {dag.py:3239} INFO - Sync 1 DAGs
[2025-04-30T03:13:00.917+0000] {logging_mixin.py:190} INFO - [2025-04-30T03:13:00.917+0000] {dag.py:4180} INFO - Setting next_dagrun for example_python_decorator to None, run_after=None
[2025-04-30T03:13:00.944+0000] {processor.py:208} INFO - Processing /home/airflow/.local/lib/python3.12/site-packages/airflow/example_dags/example_python_decorator.py took 0.112 seconds
[2025-04-30T03:13:32.255+0000] {processor.py:186} INFO - Started process (PID=1195) to work on /home/airflow/.local/lib/python3.12/site-packages/airflow/example_dags/example_python_decorator.py
[2025-04-30T03:13:32.256+0000] {processor.py:914} INFO - Processing file /home/airflow/.local/lib/python3.12/site-packages/airflow/example_dags/example_python_decorator.py for tasks to queue
[2025-04-30T03:13:32.262+0000] {logging_mixin.py:190} INFO - [2025-04-30T03:13:32.261+0000] {dagbag.py:588} INFO - Filling up the DagBag from /home/airflow/.local/lib/python3.12/site-packages/airflow/example_dags/example_python_decorator.py
[2025-04-30T03:13:32.294+0000] {processor.py:925} INFO - DAG(s) 'example_python_decorator' retrieved from /home/airflow/.local/lib/python3.12/site-packages/airflow/example_dags/example_python_decorator.py
[2025-04-30T03:13:32.339+0000] {logging_mixin.py:190} INFO - [2025-04-30T03:13:32.338+0000] {dag.py:3239} INFO - Sync 1 DAGs
[2025-04-30T03:13:32.367+0000] {logging_mixin.py:190} INFO - [2025-04-30T03:13:32.367+0000] {dag.py:4180} INFO - Setting next_dagrun for example_python_decorator to None, run_after=None
[2025-04-30T03:13:32.402+0000] {processor.py:208} INFO - Processing /home/airflow/.local/lib/python3.12/site-packages/airflow/example_dags/example_python_decorator.py took 0.157 seconds
[2025-04-30T03:14:11.816+0000] {processor.py:186} INFO - Started process (PID=1263) to work on /home/airflow/.local/lib/python3.12/site-packages/airflow/example_dags/example_python_decorator.py
[2025-04-30T03:14:11.818+0000] {processor.py:914} INFO - Processing file /home/airflow/.local/lib/python3.12/site-packages/airflow/example_dags/example_python_decorator.py for tasks to queue
[2025-04-30T03:14:11.822+0000] {logging_mixin.py:190} INFO - [2025-04-30T03:14:11.821+0000] {dagbag.py:588} INFO - Filling up the DagBag from /home/airflow/.local/lib/python3.12/site-packages/airflow/example_dags/example_python_decorator.py
[2025-04-30T03:14:11.864+0000] {processor.py:925} INFO - DAG(s) 'example_python_decorator' retrieved from /home/airflow/.local/lib/python3.12/site-packages/airflow/example_dags/example_python_decorator.py
[2025-04-30T03:14:11.934+0000] {logging_mixin.py:190} INFO - [2025-04-30T03:14:11.934+0000] {dag.py:3239} INFO - Sync 1 DAGs
[2025-04-30T03:14:11.978+0000] {logging_mixin.py:190} INFO - [2025-04-30T03:14:11.977+0000] {dag.py:4180} INFO - Setting next_dagrun for example_python_decorator to None, run_after=None
[2025-04-30T03:14:12.026+0000] {processor.py:208} INFO - Processing /home/airflow/.local/lib/python3.12/site-packages/airflow/example_dags/example_python_decorator.py took 0.222 seconds
