[2025-04-30T02:52:48.697+0000] {processor.py:186} INFO - Started process (PID=82) to work on /home/airflow/.local/lib/python3.12/site-packages/airflow/example_dags/example_nested_branch_dag.py
[2025-04-30T02:52:48.760+0000] {processor.py:914} INFO - Processing file /home/airflow/.local/lib/python3.12/site-packages/airflow/example_dags/example_nested_branch_dag.py for tasks to queue
[2025-04-30T02:52:48.779+0000] {logging_mixin.py:190} INFO - [2025-04-30T02:52:48.778+0000] {dagbag.py:588} INFO - Filling up the DagBag from /home/airflow/.local/lib/python3.12/site-packages/airflow/example_dags/example_nested_branch_dag.py
[2025-04-30T02:52:48.938+0000] {processor.py:925} INFO - DAG(s) 'example_nested_branch_dag' retrieved from /home/airflow/.local/lib/python3.12/site-packages/airflow/example_dags/example_nested_branch_dag.py
[2025-04-30T02:52:49.171+0000] {logging_mixin.py:190} INFO - [2025-04-30T02:52:49.170+0000] {dag.py:3239} INFO - Sync 1 DAGs
[2025-04-30T02:52:49.426+0000] {logging_mixin.py:190} INFO - [2025-04-30T02:52:49.425+0000] {dag.py:4180} INFO - Setting next_dagrun for example_nested_branch_dag to 2025-04-29 00:00:00+00:00, run_after=2025-04-30 00:00:00+00:00
[2025-04-30T02:52:49.761+0000] {processor.py:208} INFO - Processing /home/airflow/.local/lib/python3.12/site-packages/airflow/example_dags/example_nested_branch_dag.py took 1.113 seconds
[2025-04-30T02:54:00.843+0000] {processor.py:186} INFO - Started process (PID=159) to work on /home/airflow/.local/lib/python3.12/site-packages/airflow/example_dags/example_nested_branch_dag.py
[2025-04-30T02:54:00.862+0000] {processor.py:914} INFO - Processing file /home/airflow/.local/lib/python3.12/site-packages/airflow/example_dags/example_nested_branch_dag.py for tasks to queue
[2025-04-30T02:54:00.876+0000] {logging_mixin.py:190} INFO - [2025-04-30T02:54:00.875+0000] {dagbag.py:588} INFO - Filling up the DagBag from /home/airflow/.local/lib/python3.12/site-packages/airflow/example_dags/example_nested_branch_dag.py
[2025-04-30T02:54:00.964+0000] {processor.py:925} INFO - DAG(s) 'example_nested_branch_dag' retrieved from /home/airflow/.local/lib/python3.12/site-packages/airflow/example_dags/example_nested_branch_dag.py
[2025-04-30T02:54:01.223+0000] {logging_mixin.py:190} INFO - [2025-04-30T02:54:01.218+0000] {dag.py:3239} INFO - Sync 1 DAGs
[2025-04-30T02:54:01.507+0000] {logging_mixin.py:190} INFO - [2025-04-30T02:54:01.507+0000] {dag.py:4180} INFO - Setting next_dagrun for example_nested_branch_dag to 2025-04-29 00:00:00+00:00, run_after=2025-04-30 00:00:00+00:00
[2025-04-30T02:54:01.802+0000] {processor.py:208} INFO - Processing /home/airflow/.local/lib/python3.12/site-packages/airflow/example_dags/example_nested_branch_dag.py took 0.998 seconds
[2025-04-30T02:54:42.002+0000] {processor.py:186} INFO - Started process (PID=214) to work on /home/airflow/.local/lib/python3.12/site-packages/airflow/example_dags/example_nested_branch_dag.py
[2025-04-30T02:54:42.045+0000] {processor.py:914} INFO - Processing file /home/airflow/.local/lib/python3.12/site-packages/airflow/example_dags/example_nested_branch_dag.py for tasks to queue
[2025-04-30T02:54:42.064+0000] {logging_mixin.py:190} INFO - [2025-04-30T02:54:42.063+0000] {dagbag.py:588} INFO - Filling up the DagBag from /home/airflow/.local/lib/python3.12/site-packages/airflow/example_dags/example_nested_branch_dag.py
[2025-04-30T02:54:42.170+0000] {processor.py:925} INFO - DAG(s) 'example_nested_branch_dag' retrieved from /home/airflow/.local/lib/python3.12/site-packages/airflow/example_dags/example_nested_branch_dag.py
[2025-04-30T02:54:42.315+0000] {logging_mixin.py:190} INFO - [2025-04-30T02:54:42.314+0000] {dag.py:3239} INFO - Sync 1 DAGs
[2025-04-30T02:54:42.543+0000] {logging_mixin.py:190} INFO - [2025-04-30T02:54:42.543+0000] {dag.py:4180} INFO - Setting next_dagrun for example_nested_branch_dag to 2025-04-29 00:00:00+00:00, run_after=2025-04-30 00:00:00+00:00
[2025-04-30T02:54:42.659+0000] {processor.py:208} INFO - Processing /home/airflow/.local/lib/python3.12/site-packages/airflow/example_dags/example_nested_branch_dag.py took 0.670 seconds
[2025-04-30T02:55:18.597+0000] {processor.py:186} INFO - Started process (PID=278) to work on /home/airflow/.local/lib/python3.12/site-packages/airflow/example_dags/example_nested_branch_dag.py
[2025-04-30T02:55:18.622+0000] {processor.py:914} INFO - Processing file /home/airflow/.local/lib/python3.12/site-packages/airflow/example_dags/example_nested_branch_dag.py for tasks to queue
[2025-04-30T02:55:18.647+0000] {logging_mixin.py:190} INFO - [2025-04-30T02:55:18.646+0000] {dagbag.py:588} INFO - Filling up the DagBag from /home/airflow/.local/lib/python3.12/site-packages/airflow/example_dags/example_nested_branch_dag.py
[2025-04-30T02:55:18.772+0000] {processor.py:925} INFO - DAG(s) 'example_nested_branch_dag' retrieved from /home/airflow/.local/lib/python3.12/site-packages/airflow/example_dags/example_nested_branch_dag.py
[2025-04-30T02:55:18.959+0000] {logging_mixin.py:190} INFO - [2025-04-30T02:55:18.959+0000] {dag.py:3239} INFO - Sync 1 DAGs
[2025-04-30T02:55:19.260+0000] {logging_mixin.py:190} INFO - [2025-04-30T02:55:19.260+0000] {dag.py:4180} INFO - Setting next_dagrun for example_nested_branch_dag to 2025-04-29 00:00:00+00:00, run_after=2025-04-30 00:00:00+00:00
[2025-04-30T02:55:19.401+0000] {processor.py:208} INFO - Processing /home/airflow/.local/lib/python3.12/site-packages/airflow/example_dags/example_nested_branch_dag.py took 0.870 seconds
[2025-04-30T02:55:50.817+0000] {processor.py:186} INFO - Started process (PID=340) to work on /home/airflow/.local/lib/python3.12/site-packages/airflow/example_dags/example_nested_branch_dag.py
[2025-04-30T02:55:50.821+0000] {processor.py:914} INFO - Processing file /home/airflow/.local/lib/python3.12/site-packages/airflow/example_dags/example_nested_branch_dag.py for tasks to queue
[2025-04-30T02:55:50.827+0000] {logging_mixin.py:190} INFO - [2025-04-30T02:55:50.826+0000] {dagbag.py:588} INFO - Filling up the DagBag from /home/airflow/.local/lib/python3.12/site-packages/airflow/example_dags/example_nested_branch_dag.py
[2025-04-30T02:55:50.883+0000] {processor.py:925} INFO - DAG(s) 'example_nested_branch_dag' retrieved from /home/airflow/.local/lib/python3.12/site-packages/airflow/example_dags/example_nested_branch_dag.py
[2025-04-30T02:55:51.044+0000] {logging_mixin.py:190} INFO - [2025-04-30T02:55:51.043+0000] {dag.py:3239} INFO - Sync 1 DAGs
[2025-04-30T02:55:51.205+0000] {logging_mixin.py:190} INFO - [2025-04-30T02:55:51.204+0000] {dag.py:4180} INFO - Setting next_dagrun for example_nested_branch_dag to 2025-04-29 00:00:00+00:00, run_after=2025-04-30 00:00:00+00:00
[2025-04-30T02:55:51.330+0000] {processor.py:208} INFO - Processing /home/airflow/.local/lib/python3.12/site-packages/airflow/example_dags/example_nested_branch_dag.py took 0.525 seconds
[2025-04-30T02:56:28.510+0000] {processor.py:186} INFO - Started process (PID=404) to work on /home/airflow/.local/lib/python3.12/site-packages/airflow/example_dags/example_nested_branch_dag.py
[2025-04-30T02:56:28.512+0000] {processor.py:914} INFO - Processing file /home/airflow/.local/lib/python3.12/site-packages/airflow/example_dags/example_nested_branch_dag.py for tasks to queue
[2025-04-30T02:56:28.519+0000] {logging_mixin.py:190} INFO - [2025-04-30T02:56:28.518+0000] {dagbag.py:588} INFO - Filling up the DagBag from /home/airflow/.local/lib/python3.12/site-packages/airflow/example_dags/example_nested_branch_dag.py
[2025-04-30T02:56:28.557+0000] {processor.py:925} INFO - DAG(s) 'example_nested_branch_dag' retrieved from /home/airflow/.local/lib/python3.12/site-packages/airflow/example_dags/example_nested_branch_dag.py
[2025-04-30T02:56:28.632+0000] {logging_mixin.py:190} INFO - [2025-04-30T02:56:28.632+0000] {dag.py:3239} INFO - Sync 1 DAGs
[2025-04-30T02:56:28.813+0000] {logging_mixin.py:190} INFO - [2025-04-30T02:56:28.812+0000] {dag.py:4180} INFO - Setting next_dagrun for example_nested_branch_dag to 2025-04-29 00:00:00+00:00, run_after=2025-04-30 00:00:00+00:00
[2025-04-30T02:56:29.229+0000] {processor.py:208} INFO - Processing /home/airflow/.local/lib/python3.12/site-packages/airflow/example_dags/example_nested_branch_dag.py took 0.739 seconds
[2025-04-30T02:57:00.935+0000] {processor.py:186} INFO - Started process (PID=468) to work on /home/airflow/.local/lib/python3.12/site-packages/airflow/example_dags/example_nested_branch_dag.py
[2025-04-30T02:57:00.936+0000] {processor.py:914} INFO - Processing file /home/airflow/.local/lib/python3.12/site-packages/airflow/example_dags/example_nested_branch_dag.py for tasks to queue
[2025-04-30T02:57:00.940+0000] {logging_mixin.py:190} INFO - [2025-04-30T02:57:00.939+0000] {dagbag.py:588} INFO - Filling up the DagBag from /home/airflow/.local/lib/python3.12/site-packages/airflow/example_dags/example_nested_branch_dag.py
[2025-04-30T02:57:00.966+0000] {processor.py:925} INFO - DAG(s) 'example_nested_branch_dag' retrieved from /home/airflow/.local/lib/python3.12/site-packages/airflow/example_dags/example_nested_branch_dag.py
[2025-04-30T02:57:01.015+0000] {logging_mixin.py:190} INFO - [2025-04-30T02:57:01.015+0000] {dag.py:3239} INFO - Sync 1 DAGs
[2025-04-30T02:57:01.091+0000] {logging_mixin.py:190} INFO - [2025-04-30T02:57:01.090+0000] {dag.py:4180} INFO - Setting next_dagrun for example_nested_branch_dag to 2025-04-29 00:00:00+00:00, run_after=2025-04-30 00:00:00+00:00
[2025-04-30T02:57:01.149+0000] {processor.py:208} INFO - Processing /home/airflow/.local/lib/python3.12/site-packages/airflow/example_dags/example_nested_branch_dag.py took 0.224 seconds
[2025-04-30T02:57:31.480+0000] {processor.py:186} INFO - Started process (PID=528) to work on /home/airflow/.local/lib/python3.12/site-packages/airflow/example_dags/example_nested_branch_dag.py
[2025-04-30T02:57:31.482+0000] {processor.py:914} INFO - Processing file /home/airflow/.local/lib/python3.12/site-packages/airflow/example_dags/example_nested_branch_dag.py for tasks to queue
[2025-04-30T02:57:31.487+0000] {logging_mixin.py:190} INFO - [2025-04-30T02:57:31.486+0000] {dagbag.py:588} INFO - Filling up the DagBag from /home/airflow/.local/lib/python3.12/site-packages/airflow/example_dags/example_nested_branch_dag.py
[2025-04-30T02:57:31.510+0000] {processor.py:925} INFO - DAG(s) 'example_nested_branch_dag' retrieved from /home/airflow/.local/lib/python3.12/site-packages/airflow/example_dags/example_nested_branch_dag.py
[2025-04-30T02:57:31.548+0000] {logging_mixin.py:190} INFO - [2025-04-30T02:57:31.548+0000] {dag.py:3239} INFO - Sync 1 DAGs
[2025-04-30T02:57:31.603+0000] {logging_mixin.py:190} INFO - [2025-04-30T02:57:31.603+0000] {dag.py:4180} INFO - Setting next_dagrun for example_nested_branch_dag to 2025-04-29 00:00:00+00:00, run_after=2025-04-30 00:00:00+00:00
[2025-04-30T02:57:31.645+0000] {processor.py:208} INFO - Processing /home/airflow/.local/lib/python3.12/site-packages/airflow/example_dags/example_nested_branch_dag.py took 0.175 seconds
[2025-04-30T02:58:07.547+0000] {processor.py:186} INFO - Started process (PID=590) to work on /home/airflow/.local/lib/python3.12/site-packages/airflow/example_dags/example_nested_branch_dag.py
[2025-04-30T02:58:07.549+0000] {processor.py:914} INFO - Processing file /home/airflow/.local/lib/python3.12/site-packages/airflow/example_dags/example_nested_branch_dag.py for tasks to queue
[2025-04-30T02:58:07.557+0000] {logging_mixin.py:190} INFO - [2025-04-30T02:58:07.555+0000] {dagbag.py:588} INFO - Filling up the DagBag from /home/airflow/.local/lib/python3.12/site-packages/airflow/example_dags/example_nested_branch_dag.py
[2025-04-30T02:58:07.605+0000] {processor.py:925} INFO - DAG(s) 'example_nested_branch_dag' retrieved from /home/airflow/.local/lib/python3.12/site-packages/airflow/example_dags/example_nested_branch_dag.py
[2025-04-30T02:58:07.705+0000] {logging_mixin.py:190} INFO - [2025-04-30T02:58:07.705+0000] {dag.py:3239} INFO - Sync 1 DAGs
[2025-04-30T02:58:07.919+0000] {logging_mixin.py:190} INFO - [2025-04-30T02:58:07.918+0000] {dag.py:4180} INFO - Setting next_dagrun for example_nested_branch_dag to 2025-04-29 00:00:00+00:00, run_after=2025-04-30 00:00:00+00:00
[2025-04-30T02:58:08.226+0000] {processor.py:208} INFO - Processing /home/airflow/.local/lib/python3.12/site-packages/airflow/example_dags/example_nested_branch_dag.py took 0.700 seconds
[2025-04-30T02:58:38.999+0000] {processor.py:186} INFO - Started process (PID=654) to work on /home/airflow/.local/lib/python3.12/site-packages/airflow/example_dags/example_nested_branch_dag.py
[2025-04-30T02:58:39.015+0000] {processor.py:914} INFO - Processing file /home/airflow/.local/lib/python3.12/site-packages/airflow/example_dags/example_nested_branch_dag.py for tasks to queue
[2025-04-30T02:58:39.025+0000] {logging_mixin.py:190} INFO - [2025-04-30T02:58:39.022+0000] {dagbag.py:588} INFO - Filling up the DagBag from /home/airflow/.local/lib/python3.12/site-packages/airflow/example_dags/example_nested_branch_dag.py
[2025-04-30T02:58:39.229+0000] {processor.py:925} INFO - DAG(s) 'example_nested_branch_dag' retrieved from /home/airflow/.local/lib/python3.12/site-packages/airflow/example_dags/example_nested_branch_dag.py
[2025-04-30T02:58:39.422+0000] {logging_mixin.py:190} INFO - [2025-04-30T02:58:39.421+0000] {dag.py:3239} INFO - Sync 1 DAGs
[2025-04-30T02:58:39.597+0000] {logging_mixin.py:190} INFO - [2025-04-30T02:58:39.576+0000] {dag.py:4180} INFO - Setting next_dagrun for example_nested_branch_dag to 2025-04-29 00:00:00+00:00, run_after=2025-04-30 00:00:00+00:00
[2025-04-30T02:58:39.747+0000] {processor.py:208} INFO - Processing /home/airflow/.local/lib/python3.12/site-packages/airflow/example_dags/example_nested_branch_dag.py took 0.797 seconds
[2025-04-30T02:59:09.960+0000] {processor.py:186} INFO - Started process (PID=718) to work on /home/airflow/.local/lib/python3.12/site-packages/airflow/example_dags/example_nested_branch_dag.py
[2025-04-30T02:59:09.962+0000] {processor.py:914} INFO - Processing file /home/airflow/.local/lib/python3.12/site-packages/airflow/example_dags/example_nested_branch_dag.py for tasks to queue
[2025-04-30T02:59:09.966+0000] {logging_mixin.py:190} INFO - [2025-04-30T02:59:09.966+0000] {dagbag.py:588} INFO - Filling up the DagBag from /home/airflow/.local/lib/python3.12/site-packages/airflow/example_dags/example_nested_branch_dag.py
[2025-04-30T02:59:09.991+0000] {processor.py:925} INFO - DAG(s) 'example_nested_branch_dag' retrieved from /home/airflow/.local/lib/python3.12/site-packages/airflow/example_dags/example_nested_branch_dag.py
[2025-04-30T02:59:10.036+0000] {logging_mixin.py:190} INFO - [2025-04-30T02:59:10.035+0000] {dag.py:3239} INFO - Sync 1 DAGs
[2025-04-30T02:59:10.088+0000] {logging_mixin.py:190} INFO - [2025-04-30T02:59:10.087+0000] {dag.py:4180} INFO - Setting next_dagrun for example_nested_branch_dag to 2025-04-29 00:00:00+00:00, run_after=2025-04-30 00:00:00+00:00
[2025-04-30T02:59:10.138+0000] {processor.py:208} INFO - Processing /home/airflow/.local/lib/python3.12/site-packages/airflow/example_dags/example_nested_branch_dag.py took 0.190 seconds
[2025-04-30T02:59:40.357+0000] {processor.py:186} INFO - Started process (PID=782) to work on /home/airflow/.local/lib/python3.12/site-packages/airflow/example_dags/example_nested_branch_dag.py
[2025-04-30T02:59:40.364+0000] {processor.py:914} INFO - Processing file /home/airflow/.local/lib/python3.12/site-packages/airflow/example_dags/example_nested_branch_dag.py for tasks to queue
[2025-04-30T02:59:40.381+0000] {logging_mixin.py:190} INFO - [2025-04-30T02:59:40.372+0000] {dagbag.py:588} INFO - Filling up the DagBag from /home/airflow/.local/lib/python3.12/site-packages/airflow/example_dags/example_nested_branch_dag.py
[2025-04-30T02:59:40.407+0000] {processor.py:925} INFO - DAG(s) 'example_nested_branch_dag' retrieved from /home/airflow/.local/lib/python3.12/site-packages/airflow/example_dags/example_nested_branch_dag.py
[2025-04-30T02:59:40.444+0000] {logging_mixin.py:190} INFO - [2025-04-30T02:59:40.444+0000] {dag.py:3239} INFO - Sync 1 DAGs
[2025-04-30T02:59:40.491+0000] {logging_mixin.py:190} INFO - [2025-04-30T02:59:40.491+0000] {dag.py:4180} INFO - Setting next_dagrun for example_nested_branch_dag to 2025-04-29 00:00:00+00:00, run_after=2025-04-30 00:00:00+00:00
[2025-04-30T02:59:40.528+0000] {processor.py:208} INFO - Processing /home/airflow/.local/lib/python3.12/site-packages/airflow/example_dags/example_nested_branch_dag.py took 0.186 seconds
[2025-04-30T03:00:13.086+0000] {processor.py:186} INFO - Started process (PID=842) to work on /home/airflow/.local/lib/python3.12/site-packages/airflow/example_dags/example_nested_branch_dag.py
[2025-04-30T03:00:13.095+0000] {processor.py:914} INFO - Processing file /home/airflow/.local/lib/python3.12/site-packages/airflow/example_dags/example_nested_branch_dag.py for tasks to queue
[2025-04-30T03:00:13.107+0000] {logging_mixin.py:190} INFO - [2025-04-30T03:00:13.106+0000] {dagbag.py:588} INFO - Filling up the DagBag from /home/airflow/.local/lib/python3.12/site-packages/airflow/example_dags/example_nested_branch_dag.py
[2025-04-30T03:00:13.148+0000] {processor.py:925} INFO - DAG(s) 'example_nested_branch_dag' retrieved from /home/airflow/.local/lib/python3.12/site-packages/airflow/example_dags/example_nested_branch_dag.py
[2025-04-30T03:00:13.208+0000] {logging_mixin.py:190} INFO - [2025-04-30T03:00:13.207+0000] {dag.py:3239} INFO - Sync 1 DAGs
[2025-04-30T03:00:13.290+0000] {logging_mixin.py:190} INFO - [2025-04-30T03:00:13.289+0000] {dag.py:4180} INFO - Setting next_dagrun for example_nested_branch_dag to 2025-04-29 00:00:00+00:00, run_after=2025-04-30 00:00:00+00:00
[2025-04-30T03:00:13.358+0000] {processor.py:208} INFO - Processing /home/airflow/.local/lib/python3.12/site-packages/airflow/example_dags/example_nested_branch_dag.py took 0.298 seconds
[2025-04-30T03:00:45.558+0000] {processor.py:186} INFO - Started process (PID=903) to work on /home/airflow/.local/lib/python3.12/site-packages/airflow/example_dags/example_nested_branch_dag.py
[2025-04-30T03:00:45.560+0000] {processor.py:914} INFO - Processing file /home/airflow/.local/lib/python3.12/site-packages/airflow/example_dags/example_nested_branch_dag.py for tasks to queue
[2025-04-30T03:00:45.570+0000] {logging_mixin.py:190} INFO - [2025-04-30T03:00:45.566+0000] {dagbag.py:588} INFO - Filling up the DagBag from /home/airflow/.local/lib/python3.12/site-packages/airflow/example_dags/example_nested_branch_dag.py
[2025-04-30T03:00:45.604+0000] {processor.py:925} INFO - DAG(s) 'example_nested_branch_dag' retrieved from /home/airflow/.local/lib/python3.12/site-packages/airflow/example_dags/example_nested_branch_dag.py
[2025-04-30T03:00:45.662+0000] {logging_mixin.py:190} INFO - [2025-04-30T03:00:45.662+0000] {dag.py:3239} INFO - Sync 1 DAGs
[2025-04-30T03:00:45.746+0000] {logging_mixin.py:190} INFO - [2025-04-30T03:00:45.745+0000] {dag.py:4180} INFO - Setting next_dagrun for example_nested_branch_dag to 2025-04-29 00:00:00+00:00, run_after=2025-04-30 00:00:00+00:00
[2025-04-30T03:00:45.806+0000] {processor.py:208} INFO - Processing /home/airflow/.local/lib/python3.12/site-packages/airflow/example_dags/example_nested_branch_dag.py took 0.260 seconds
[2025-04-30T03:01:16.697+0000] {processor.py:186} INFO - Started process (PID=967) to work on /home/airflow/.local/lib/python3.12/site-packages/airflow/example_dags/example_nested_branch_dag.py
[2025-04-30T03:01:16.700+0000] {processor.py:914} INFO - Processing file /home/airflow/.local/lib/python3.12/site-packages/airflow/example_dags/example_nested_branch_dag.py for tasks to queue
[2025-04-30T03:01:16.705+0000] {logging_mixin.py:190} INFO - [2025-04-30T03:01:16.704+0000] {dagbag.py:588} INFO - Filling up the DagBag from /home/airflow/.local/lib/python3.12/site-packages/airflow/example_dags/example_nested_branch_dag.py
[2025-04-30T03:01:16.805+0000] {processor.py:925} INFO - DAG(s) 'example_nested_branch_dag' retrieved from /home/airflow/.local/lib/python3.12/site-packages/airflow/example_dags/example_nested_branch_dag.py
[2025-04-30T03:01:16.921+0000] {logging_mixin.py:190} INFO - [2025-04-30T03:01:16.921+0000] {dag.py:3239} INFO - Sync 1 DAGs
[2025-04-30T03:01:17.008+0000] {logging_mixin.py:190} INFO - [2025-04-30T03:01:17.007+0000] {dag.py:4180} INFO - Setting next_dagrun for example_nested_branch_dag to 2025-04-29 00:00:00+00:00, run_after=2025-04-30 00:00:00+00:00
[2025-04-30T03:01:17.075+0000] {processor.py:208} INFO - Processing /home/airflow/.local/lib/python3.12/site-packages/airflow/example_dags/example_nested_branch_dag.py took 0.390 seconds
[2025-04-30T03:04:15.928+0000] {processor.py:186} INFO - Started process (PID=69) to work on /home/airflow/.local/lib/python3.12/site-packages/airflow/example_dags/example_nested_branch_dag.py
[2025-04-30T03:04:15.934+0000] {processor.py:914} INFO - Processing file /home/airflow/.local/lib/python3.12/site-packages/airflow/example_dags/example_nested_branch_dag.py for tasks to queue
[2025-04-30T03:04:15.945+0000] {logging_mixin.py:190} INFO - [2025-04-30T03:04:15.944+0000] {dagbag.py:588} INFO - Filling up the DagBag from /home/airflow/.local/lib/python3.12/site-packages/airflow/example_dags/example_nested_branch_dag.py
[2025-04-30T03:04:16.061+0000] {processor.py:925} INFO - DAG(s) 'example_nested_branch_dag' retrieved from /home/airflow/.local/lib/python3.12/site-packages/airflow/example_dags/example_nested_branch_dag.py
[2025-04-30T03:04:16.220+0000] {logging_mixin.py:190} INFO - [2025-04-30T03:04:16.219+0000] {dag.py:3239} INFO - Sync 1 DAGs
[2025-04-30T03:04:16.395+0000] {logging_mixin.py:190} INFO - [2025-04-30T03:04:16.394+0000] {dag.py:4180} INFO - Setting next_dagrun for example_nested_branch_dag to 2025-04-29 00:00:00+00:00, run_after=2025-04-30 00:00:00+00:00
[2025-04-30T03:04:16.519+0000] {processor.py:208} INFO - Processing /home/airflow/.local/lib/python3.12/site-packages/airflow/example_dags/example_nested_branch_dag.py took 0.631 seconds
[2025-04-30T03:04:47.120+0000] {processor.py:186} INFO - Started process (PID=133) to work on /home/airflow/.local/lib/python3.12/site-packages/airflow/example_dags/example_nested_branch_dag.py
[2025-04-30T03:04:47.139+0000] {processor.py:914} INFO - Processing file /home/airflow/.local/lib/python3.12/site-packages/airflow/example_dags/example_nested_branch_dag.py for tasks to queue
[2025-04-30T03:04:47.171+0000] {logging_mixin.py:190} INFO - [2025-04-30T03:04:47.171+0000] {dagbag.py:588} INFO - Filling up the DagBag from /home/airflow/.local/lib/python3.12/site-packages/airflow/example_dags/example_nested_branch_dag.py
[2025-04-30T03:04:47.267+0000] {processor.py:925} INFO - DAG(s) 'example_nested_branch_dag' retrieved from /home/airflow/.local/lib/python3.12/site-packages/airflow/example_dags/example_nested_branch_dag.py
[2025-04-30T03:04:47.458+0000] {logging_mixin.py:190} INFO - [2025-04-30T03:04:47.458+0000] {dag.py:3239} INFO - Sync 1 DAGs
[2025-04-30T03:04:47.842+0000] {logging_mixin.py:190} INFO - [2025-04-30T03:04:47.841+0000] {dag.py:4180} INFO - Setting next_dagrun for example_nested_branch_dag to 2025-04-29 00:00:00+00:00, run_after=2025-04-30 00:00:00+00:00
[2025-04-30T03:04:48.007+0000] {processor.py:208} INFO - Processing /home/airflow/.local/lib/python3.12/site-packages/airflow/example_dags/example_nested_branch_dag.py took 0.919 seconds
[2025-04-30T03:05:18.381+0000] {processor.py:186} INFO - Started process (PID=203) to work on /home/airflow/.local/lib/python3.12/site-packages/airflow/example_dags/example_nested_branch_dag.py
[2025-04-30T03:05:18.383+0000] {processor.py:914} INFO - Processing file /home/airflow/.local/lib/python3.12/site-packages/airflow/example_dags/example_nested_branch_dag.py for tasks to queue
[2025-04-30T03:05:18.388+0000] {logging_mixin.py:190} INFO - [2025-04-30T03:05:18.387+0000] {dagbag.py:588} INFO - Filling up the DagBag from /home/airflow/.local/lib/python3.12/site-packages/airflow/example_dags/example_nested_branch_dag.py
[2025-04-30T03:05:18.409+0000] {processor.py:925} INFO - DAG(s) 'example_nested_branch_dag' retrieved from /home/airflow/.local/lib/python3.12/site-packages/airflow/example_dags/example_nested_branch_dag.py
[2025-04-30T03:05:18.450+0000] {logging_mixin.py:190} INFO - [2025-04-30T03:05:18.449+0000] {dag.py:3239} INFO - Sync 1 DAGs
[2025-04-30T03:05:18.495+0000] {logging_mixin.py:190} INFO - [2025-04-30T03:05:18.495+0000] {dag.py:4180} INFO - Setting next_dagrun for example_nested_branch_dag to 2025-04-29 00:00:00+00:00, run_after=2025-04-30 00:00:00+00:00
[2025-04-30T03:05:18.532+0000] {processor.py:208} INFO - Processing /home/airflow/.local/lib/python3.12/site-packages/airflow/example_dags/example_nested_branch_dag.py took 0.160 seconds
[2025-04-30T03:05:48.868+0000] {processor.py:186} INFO - Started process (PID=267) to work on /home/airflow/.local/lib/python3.12/site-packages/airflow/example_dags/example_nested_branch_dag.py
[2025-04-30T03:05:48.870+0000] {processor.py:914} INFO - Processing file /home/airflow/.local/lib/python3.12/site-packages/airflow/example_dags/example_nested_branch_dag.py for tasks to queue
[2025-04-30T03:05:48.875+0000] {logging_mixin.py:190} INFO - [2025-04-30T03:05:48.875+0000] {dagbag.py:588} INFO - Filling up the DagBag from /home/airflow/.local/lib/python3.12/site-packages/airflow/example_dags/example_nested_branch_dag.py
[2025-04-30T03:05:48.906+0000] {processor.py:925} INFO - DAG(s) 'example_nested_branch_dag' retrieved from /home/airflow/.local/lib/python3.12/site-packages/airflow/example_dags/example_nested_branch_dag.py
[2025-04-30T03:05:48.955+0000] {logging_mixin.py:190} INFO - [2025-04-30T03:05:48.954+0000] {dag.py:3239} INFO - Sync 1 DAGs
[2025-04-30T03:05:49.012+0000] {logging_mixin.py:190} INFO - [2025-04-30T03:05:49.011+0000] {dag.py:4180} INFO - Setting next_dagrun for example_nested_branch_dag to 2025-04-29 00:00:00+00:00, run_after=2025-04-30 00:00:00+00:00
[2025-04-30T03:05:49.054+0000] {processor.py:208} INFO - Processing /home/airflow/.local/lib/python3.12/site-packages/airflow/example_dags/example_nested_branch_dag.py took 0.197 seconds
[2025-04-30T03:06:19.927+0000] {processor.py:186} INFO - Started process (PID=331) to work on /home/airflow/.local/lib/python3.12/site-packages/airflow/example_dags/example_nested_branch_dag.py
[2025-04-30T03:06:19.929+0000] {processor.py:914} INFO - Processing file /home/airflow/.local/lib/python3.12/site-packages/airflow/example_dags/example_nested_branch_dag.py for tasks to queue
[2025-04-30T03:06:19.939+0000] {logging_mixin.py:190} INFO - [2025-04-30T03:06:19.939+0000] {dagbag.py:588} INFO - Filling up the DagBag from /home/airflow/.local/lib/python3.12/site-packages/airflow/example_dags/example_nested_branch_dag.py
[2025-04-30T03:06:19.980+0000] {processor.py:925} INFO - DAG(s) 'example_nested_branch_dag' retrieved from /home/airflow/.local/lib/python3.12/site-packages/airflow/example_dags/example_nested_branch_dag.py
[2025-04-30T03:06:20.127+0000] {logging_mixin.py:190} INFO - [2025-04-30T03:06:20.127+0000] {dag.py:3239} INFO - Sync 1 DAGs
[2025-04-30T03:06:20.212+0000] {logging_mixin.py:190} INFO - [2025-04-30T03:06:20.212+0000] {dag.py:4180} INFO - Setting next_dagrun for example_nested_branch_dag to 2025-04-29 00:00:00+00:00, run_after=2025-04-30 00:00:00+00:00
[2025-04-30T03:06:20.309+0000] {processor.py:208} INFO - Processing /home/airflow/.local/lib/python3.12/site-packages/airflow/example_dags/example_nested_branch_dag.py took 0.400 seconds
[2025-04-30T03:06:51.364+0000] {processor.py:186} INFO - Started process (PID=395) to work on /home/airflow/.local/lib/python3.12/site-packages/airflow/example_dags/example_nested_branch_dag.py
[2025-04-30T03:06:51.366+0000] {processor.py:914} INFO - Processing file /home/airflow/.local/lib/python3.12/site-packages/airflow/example_dags/example_nested_branch_dag.py for tasks to queue
[2025-04-30T03:06:51.370+0000] {logging_mixin.py:190} INFO - [2025-04-30T03:06:51.369+0000] {dagbag.py:588} INFO - Filling up the DagBag from /home/airflow/.local/lib/python3.12/site-packages/airflow/example_dags/example_nested_branch_dag.py
[2025-04-30T03:06:51.396+0000] {processor.py:925} INFO - DAG(s) 'example_nested_branch_dag' retrieved from /home/airflow/.local/lib/python3.12/site-packages/airflow/example_dags/example_nested_branch_dag.py
[2025-04-30T03:06:51.445+0000] {logging_mixin.py:190} INFO - [2025-04-30T03:06:51.445+0000] {dag.py:3239} INFO - Sync 1 DAGs
[2025-04-30T03:06:51.513+0000] {logging_mixin.py:190} INFO - [2025-04-30T03:06:51.512+0000] {dag.py:4180} INFO - Setting next_dagrun for example_nested_branch_dag to 2025-04-29 00:00:00+00:00, run_after=2025-04-30 00:00:00+00:00
[2025-04-30T03:06:51.572+0000] {processor.py:208} INFO - Processing /home/airflow/.local/lib/python3.12/site-packages/airflow/example_dags/example_nested_branch_dag.py took 0.222 seconds
[2025-04-30T03:07:22.515+0000] {processor.py:186} INFO - Started process (PID=460) to work on /home/airflow/.local/lib/python3.12/site-packages/airflow/example_dags/example_nested_branch_dag.py
[2025-04-30T03:07:22.516+0000] {processor.py:914} INFO - Processing file /home/airflow/.local/lib/python3.12/site-packages/airflow/example_dags/example_nested_branch_dag.py for tasks to queue
[2025-04-30T03:07:22.520+0000] {logging_mixin.py:190} INFO - [2025-04-30T03:07:22.520+0000] {dagbag.py:588} INFO - Filling up the DagBag from /home/airflow/.local/lib/python3.12/site-packages/airflow/example_dags/example_nested_branch_dag.py
[2025-04-30T03:07:22.547+0000] {processor.py:925} INFO - DAG(s) 'example_nested_branch_dag' retrieved from /home/airflow/.local/lib/python3.12/site-packages/airflow/example_dags/example_nested_branch_dag.py
[2025-04-30T03:07:22.587+0000] {logging_mixin.py:190} INFO - [2025-04-30T03:07:22.587+0000] {dag.py:3239} INFO - Sync 1 DAGs
[2025-04-30T03:07:22.630+0000] {logging_mixin.py:190} INFO - [2025-04-30T03:07:22.630+0000] {dag.py:4180} INFO - Setting next_dagrun for example_nested_branch_dag to 2025-04-29 00:00:00+00:00, run_after=2025-04-30 00:00:00+00:00
[2025-04-30T03:07:22.663+0000] {processor.py:208} INFO - Processing /home/airflow/.local/lib/python3.12/site-packages/airflow/example_dags/example_nested_branch_dag.py took 0.159 seconds
[2025-04-30T03:07:53.444+0000] {processor.py:186} INFO - Started process (PID=524) to work on /home/airflow/.local/lib/python3.12/site-packages/airflow/example_dags/example_nested_branch_dag.py
[2025-04-30T03:07:53.447+0000] {processor.py:914} INFO - Processing file /home/airflow/.local/lib/python3.12/site-packages/airflow/example_dags/example_nested_branch_dag.py for tasks to queue
[2025-04-30T03:07:53.451+0000] {logging_mixin.py:190} INFO - [2025-04-30T03:07:53.450+0000] {dagbag.py:588} INFO - Filling up the DagBag from /home/airflow/.local/lib/python3.12/site-packages/airflow/example_dags/example_nested_branch_dag.py
[2025-04-30T03:07:53.477+0000] {processor.py:925} INFO - DAG(s) 'example_nested_branch_dag' retrieved from /home/airflow/.local/lib/python3.12/site-packages/airflow/example_dags/example_nested_branch_dag.py
[2025-04-30T03:07:53.524+0000] {logging_mixin.py:190} INFO - [2025-04-30T03:07:53.524+0000] {dag.py:3239} INFO - Sync 1 DAGs
[2025-04-30T03:07:53.590+0000] {logging_mixin.py:190} INFO - [2025-04-30T03:07:53.589+0000] {dag.py:4180} INFO - Setting next_dagrun for example_nested_branch_dag to 2025-04-29 00:00:00+00:00, run_after=2025-04-30 00:00:00+00:00
[2025-04-30T03:07:53.664+0000] {processor.py:208} INFO - Processing /home/airflow/.local/lib/python3.12/site-packages/airflow/example_dags/example_nested_branch_dag.py took 0.233 seconds
[2025-04-30T03:08:24.395+0000] {processor.py:186} INFO - Started process (PID=588) to work on /home/airflow/.local/lib/python3.12/site-packages/airflow/example_dags/example_nested_branch_dag.py
[2025-04-30T03:08:24.397+0000] {processor.py:914} INFO - Processing file /home/airflow/.local/lib/python3.12/site-packages/airflow/example_dags/example_nested_branch_dag.py for tasks to queue
[2025-04-30T03:08:24.400+0000] {logging_mixin.py:190} INFO - [2025-04-30T03:08:24.400+0000] {dagbag.py:588} INFO - Filling up the DagBag from /home/airflow/.local/lib/python3.12/site-packages/airflow/example_dags/example_nested_branch_dag.py
[2025-04-30T03:08:24.421+0000] {processor.py:925} INFO - DAG(s) 'example_nested_branch_dag' retrieved from /home/airflow/.local/lib/python3.12/site-packages/airflow/example_dags/example_nested_branch_dag.py
[2025-04-30T03:08:24.466+0000] {logging_mixin.py:190} INFO - [2025-04-30T03:08:24.465+0000] {dag.py:3239} INFO - Sync 1 DAGs
[2025-04-30T03:08:24.518+0000] {logging_mixin.py:190} INFO - [2025-04-30T03:08:24.518+0000] {dag.py:4180} INFO - Setting next_dagrun for example_nested_branch_dag to 2025-04-29 00:00:00+00:00, run_after=2025-04-30 00:00:00+00:00
[2025-04-30T03:08:24.551+0000] {processor.py:208} INFO - Processing /home/airflow/.local/lib/python3.12/site-packages/airflow/example_dags/example_nested_branch_dag.py took 0.166 seconds
[2025-04-30T03:08:54.960+0000] {processor.py:186} INFO - Started process (PID=651) to work on /home/airflow/.local/lib/python3.12/site-packages/airflow/example_dags/example_nested_branch_dag.py
[2025-04-30T03:08:54.963+0000] {processor.py:914} INFO - Processing file /home/airflow/.local/lib/python3.12/site-packages/airflow/example_dags/example_nested_branch_dag.py for tasks to queue
[2025-04-30T03:08:54.971+0000] {logging_mixin.py:190} INFO - [2025-04-30T03:08:54.970+0000] {dagbag.py:588} INFO - Filling up the DagBag from /home/airflow/.local/lib/python3.12/site-packages/airflow/example_dags/example_nested_branch_dag.py
[2025-04-30T03:08:55.033+0000] {processor.py:925} INFO - DAG(s) 'example_nested_branch_dag' retrieved from /home/airflow/.local/lib/python3.12/site-packages/airflow/example_dags/example_nested_branch_dag.py
[2025-04-30T03:08:55.170+0000] {logging_mixin.py:190} INFO - [2025-04-30T03:08:55.170+0000] {dag.py:3239} INFO - Sync 1 DAGs
[2025-04-30T03:08:55.235+0000] {logging_mixin.py:190} INFO - [2025-04-30T03:08:55.235+0000] {dag.py:4180} INFO - Setting next_dagrun for example_nested_branch_dag to 2025-04-29 00:00:00+00:00, run_after=2025-04-30 00:00:00+00:00
[2025-04-30T03:08:55.290+0000] {processor.py:208} INFO - Processing /home/airflow/.local/lib/python3.12/site-packages/airflow/example_dags/example_nested_branch_dag.py took 0.345 seconds
[2025-04-30T03:09:25.771+0000] {processor.py:186} INFO - Started process (PID=716) to work on /home/airflow/.local/lib/python3.12/site-packages/airflow/example_dags/example_nested_branch_dag.py
[2025-04-30T03:09:25.772+0000] {processor.py:914} INFO - Processing file /home/airflow/.local/lib/python3.12/site-packages/airflow/example_dags/example_nested_branch_dag.py for tasks to queue
[2025-04-30T03:09:25.776+0000] {logging_mixin.py:190} INFO - [2025-04-30T03:09:25.775+0000] {dagbag.py:588} INFO - Filling up the DagBag from /home/airflow/.local/lib/python3.12/site-packages/airflow/example_dags/example_nested_branch_dag.py
[2025-04-30T03:09:25.802+0000] {processor.py:925} INFO - DAG(s) 'example_nested_branch_dag' retrieved from /home/airflow/.local/lib/python3.12/site-packages/airflow/example_dags/example_nested_branch_dag.py
[2025-04-30T03:09:25.847+0000] {logging_mixin.py:190} INFO - [2025-04-30T03:09:25.847+0000] {dag.py:3239} INFO - Sync 1 DAGs
[2025-04-30T03:09:25.909+0000] {logging_mixin.py:190} INFO - [2025-04-30T03:09:25.908+0000] {dag.py:4180} INFO - Setting next_dagrun for example_nested_branch_dag to 2025-04-29 00:00:00+00:00, run_after=2025-04-30 00:00:00+00:00
[2025-04-30T03:09:25.959+0000] {processor.py:208} INFO - Processing /home/airflow/.local/lib/python3.12/site-packages/airflow/example_dags/example_nested_branch_dag.py took 0.201 seconds
[2025-04-30T03:09:56.584+0000] {processor.py:186} INFO - Started process (PID=780) to work on /home/airflow/.local/lib/python3.12/site-packages/airflow/example_dags/example_nested_branch_dag.py
[2025-04-30T03:09:56.586+0000] {processor.py:914} INFO - Processing file /home/airflow/.local/lib/python3.12/site-packages/airflow/example_dags/example_nested_branch_dag.py for tasks to queue
[2025-04-30T03:09:56.589+0000] {logging_mixin.py:190} INFO - [2025-04-30T03:09:56.589+0000] {dagbag.py:588} INFO - Filling up the DagBag from /home/airflow/.local/lib/python3.12/site-packages/airflow/example_dags/example_nested_branch_dag.py
[2025-04-30T03:09:56.609+0000] {processor.py:925} INFO - DAG(s) 'example_nested_branch_dag' retrieved from /home/airflow/.local/lib/python3.12/site-packages/airflow/example_dags/example_nested_branch_dag.py
[2025-04-30T03:09:56.660+0000] {logging_mixin.py:190} INFO - [2025-04-30T03:09:56.660+0000] {dag.py:3239} INFO - Sync 1 DAGs
[2025-04-30T03:09:56.747+0000] {logging_mixin.py:190} INFO - [2025-04-30T03:09:56.744+0000] {dag.py:4180} INFO - Setting next_dagrun for example_nested_branch_dag to 2025-04-29 00:00:00+00:00, run_after=2025-04-30 00:00:00+00:00
[2025-04-30T03:09:56.831+0000] {processor.py:208} INFO - Processing /home/airflow/.local/lib/python3.12/site-packages/airflow/example_dags/example_nested_branch_dag.py took 0.259 seconds
[2025-04-30T03:10:27.136+0000] {processor.py:186} INFO - Started process (PID=843) to work on /home/airflow/.local/lib/python3.12/site-packages/airflow/example_dags/example_nested_branch_dag.py
[2025-04-30T03:10:27.137+0000] {processor.py:914} INFO - Processing file /home/airflow/.local/lib/python3.12/site-packages/airflow/example_dags/example_nested_branch_dag.py for tasks to queue
[2025-04-30T03:10:27.149+0000] {logging_mixin.py:190} INFO - [2025-04-30T03:10:27.141+0000] {dagbag.py:588} INFO - Filling up the DagBag from /home/airflow/.local/lib/python3.12/site-packages/airflow/example_dags/example_nested_branch_dag.py
[2025-04-30T03:10:27.187+0000] {processor.py:925} INFO - DAG(s) 'example_nested_branch_dag' retrieved from /home/airflow/.local/lib/python3.12/site-packages/airflow/example_dags/example_nested_branch_dag.py
[2025-04-30T03:10:27.263+0000] {logging_mixin.py:190} INFO - [2025-04-30T03:10:27.262+0000] {dag.py:3239} INFO - Sync 1 DAGs
[2025-04-30T03:10:27.357+0000] {logging_mixin.py:190} INFO - [2025-04-30T03:10:27.356+0000] {dag.py:4180} INFO - Setting next_dagrun for example_nested_branch_dag to 2025-04-29 00:00:00+00:00, run_after=2025-04-30 00:00:00+00:00
[2025-04-30T03:10:27.446+0000] {processor.py:208} INFO - Processing /home/airflow/.local/lib/python3.12/site-packages/airflow/example_dags/example_nested_branch_dag.py took 0.319 seconds
[2025-04-30T03:10:59.931+0000] {processor.py:186} INFO - Started process (PID=894) to work on /home/airflow/.local/lib/python3.12/site-packages/airflow/example_dags/example_nested_branch_dag.py
[2025-04-30T03:10:59.933+0000] {processor.py:914} INFO - Processing file /home/airflow/.local/lib/python3.12/site-packages/airflow/example_dags/example_nested_branch_dag.py for tasks to queue
[2025-04-30T03:10:59.937+0000] {logging_mixin.py:190} INFO - [2025-04-30T03:10:59.937+0000] {dagbag.py:588} INFO - Filling up the DagBag from /home/airflow/.local/lib/python3.12/site-packages/airflow/example_dags/example_nested_branch_dag.py
[2025-04-30T03:10:59.975+0000] {processor.py:925} INFO - DAG(s) 'example_nested_branch_dag' retrieved from /home/airflow/.local/lib/python3.12/site-packages/airflow/example_dags/example_nested_branch_dag.py
[2025-04-30T03:11:00.070+0000] {logging_mixin.py:190} INFO - [2025-04-30T03:11:00.069+0000] {dag.py:3239} INFO - Sync 1 DAGs
[2025-04-30T03:11:00.197+0000] {logging_mixin.py:190} INFO - [2025-04-30T03:11:00.190+0000] {dag.py:4180} INFO - Setting next_dagrun for example_nested_branch_dag to 2025-04-29 00:00:00+00:00, run_after=2025-04-30 00:00:00+00:00
[2025-04-30T03:11:00.270+0000] {processor.py:208} INFO - Processing /home/airflow/.local/lib/python3.12/site-packages/airflow/example_dags/example_nested_branch_dag.py took 0.353 seconds
[2025-04-30T03:11:31.327+0000] {processor.py:186} INFO - Started process (PID=959) to work on /home/airflow/.local/lib/python3.12/site-packages/airflow/example_dags/example_nested_branch_dag.py
[2025-04-30T03:11:31.338+0000] {processor.py:914} INFO - Processing file /home/airflow/.local/lib/python3.12/site-packages/airflow/example_dags/example_nested_branch_dag.py for tasks to queue
[2025-04-30T03:11:31.343+0000] {logging_mixin.py:190} INFO - [2025-04-30T03:11:31.342+0000] {dagbag.py:588} INFO - Filling up the DagBag from /home/airflow/.local/lib/python3.12/site-packages/airflow/example_dags/example_nested_branch_dag.py
[2025-04-30T03:11:31.374+0000] {processor.py:925} INFO - DAG(s) 'example_nested_branch_dag' retrieved from /home/airflow/.local/lib/python3.12/site-packages/airflow/example_dags/example_nested_branch_dag.py
[2025-04-30T03:11:31.420+0000] {logging_mixin.py:190} INFO - [2025-04-30T03:11:31.419+0000] {dag.py:3239} INFO - Sync 1 DAGs
[2025-04-30T03:11:31.499+0000] {logging_mixin.py:190} INFO - [2025-04-30T03:11:31.498+0000] {dag.py:4180} INFO - Setting next_dagrun for example_nested_branch_dag to 2025-04-29 00:00:00+00:00, run_after=2025-04-30 00:00:00+00:00
[2025-04-30T03:11:31.575+0000] {processor.py:208} INFO - Processing /home/airflow/.local/lib/python3.12/site-packages/airflow/example_dags/example_nested_branch_dag.py took 0.262 seconds
[2025-04-30T03:12:01.919+0000] {processor.py:186} INFO - Started process (PID=1023) to work on /home/airflow/.local/lib/python3.12/site-packages/airflow/example_dags/example_nested_branch_dag.py
[2025-04-30T03:12:01.920+0000] {processor.py:914} INFO - Processing file /home/airflow/.local/lib/python3.12/site-packages/airflow/example_dags/example_nested_branch_dag.py for tasks to queue
[2025-04-30T03:12:01.924+0000] {logging_mixin.py:190} INFO - [2025-04-30T03:12:01.924+0000] {dagbag.py:588} INFO - Filling up the DagBag from /home/airflow/.local/lib/python3.12/site-packages/airflow/example_dags/example_nested_branch_dag.py
[2025-04-30T03:12:01.945+0000] {processor.py:925} INFO - DAG(s) 'example_nested_branch_dag' retrieved from /home/airflow/.local/lib/python3.12/site-packages/airflow/example_dags/example_nested_branch_dag.py
[2025-04-30T03:12:01.980+0000] {logging_mixin.py:190} INFO - [2025-04-30T03:12:01.979+0000] {dag.py:3239} INFO - Sync 1 DAGs
[2025-04-30T03:12:02.027+0000] {logging_mixin.py:190} INFO - [2025-04-30T03:12:02.026+0000] {dag.py:4180} INFO - Setting next_dagrun for example_nested_branch_dag to 2025-04-29 00:00:00+00:00, run_after=2025-04-30 00:00:00+00:00
[2025-04-30T03:12:02.075+0000] {processor.py:208} INFO - Processing /home/airflow/.local/lib/python3.12/site-packages/airflow/example_dags/example_nested_branch_dag.py took 0.163 seconds
[2025-04-30T03:12:33.415+0000] {processor.py:186} INFO - Started process (PID=1087) to work on /home/airflow/.local/lib/python3.12/site-packages/airflow/example_dags/example_nested_branch_dag.py
[2025-04-30T03:12:33.417+0000] {processor.py:914} INFO - Processing file /home/airflow/.local/lib/python3.12/site-packages/airflow/example_dags/example_nested_branch_dag.py for tasks to queue
[2025-04-30T03:12:33.423+0000] {logging_mixin.py:190} INFO - [2025-04-30T03:12:33.422+0000] {dagbag.py:588} INFO - Filling up the DagBag from /home/airflow/.local/lib/python3.12/site-packages/airflow/example_dags/example_nested_branch_dag.py
[2025-04-30T03:12:33.446+0000] {processor.py:925} INFO - DAG(s) 'example_nested_branch_dag' retrieved from /home/airflow/.local/lib/python3.12/site-packages/airflow/example_dags/example_nested_branch_dag.py
[2025-04-30T03:12:33.500+0000] {logging_mixin.py:190} INFO - [2025-04-30T03:12:33.500+0000] {dag.py:3239} INFO - Sync 1 DAGs
[2025-04-30T03:12:33.560+0000] {logging_mixin.py:190} INFO - [2025-04-30T03:12:33.559+0000] {dag.py:4180} INFO - Setting next_dagrun for example_nested_branch_dag to 2025-04-29 00:00:00+00:00, run_after=2025-04-30 00:00:00+00:00
[2025-04-30T03:12:33.632+0000] {processor.py:208} INFO - Processing /home/airflow/.local/lib/python3.12/site-packages/airflow/example_dags/example_nested_branch_dag.py took 0.228 seconds
[2025-04-30T03:13:04.421+0000] {processor.py:186} INFO - Started process (PID=1151) to work on /home/airflow/.local/lib/python3.12/site-packages/airflow/example_dags/example_nested_branch_dag.py
[2025-04-30T03:13:04.422+0000] {processor.py:914} INFO - Processing file /home/airflow/.local/lib/python3.12/site-packages/airflow/example_dags/example_nested_branch_dag.py for tasks to queue
[2025-04-30T03:13:04.426+0000] {logging_mixin.py:190} INFO - [2025-04-30T03:13:04.425+0000] {dagbag.py:588} INFO - Filling up the DagBag from /home/airflow/.local/lib/python3.12/site-packages/airflow/example_dags/example_nested_branch_dag.py
[2025-04-30T03:13:04.445+0000] {processor.py:925} INFO - DAG(s) 'example_nested_branch_dag' retrieved from /home/airflow/.local/lib/python3.12/site-packages/airflow/example_dags/example_nested_branch_dag.py
[2025-04-30T03:13:04.483+0000] {logging_mixin.py:190} INFO - [2025-04-30T03:13:04.482+0000] {dag.py:3239} INFO - Sync 1 DAGs
[2025-04-30T03:13:04.528+0000] {logging_mixin.py:190} INFO - [2025-04-30T03:13:04.527+0000] {dag.py:4180} INFO - Setting next_dagrun for example_nested_branch_dag to 2025-04-29 00:00:00+00:00, run_after=2025-04-30 00:00:00+00:00
[2025-04-30T03:13:04.570+0000] {processor.py:208} INFO - Processing /home/airflow/.local/lib/python3.12/site-packages/airflow/example_dags/example_nested_branch_dag.py took 0.157 seconds
[2025-04-30T03:13:34.952+0000] {processor.py:186} INFO - Started process (PID=1214) to work on /home/airflow/.local/lib/python3.12/site-packages/airflow/example_dags/example_nested_branch_dag.py
[2025-04-30T03:13:34.963+0000] {processor.py:914} INFO - Processing file /home/airflow/.local/lib/python3.12/site-packages/airflow/example_dags/example_nested_branch_dag.py for tasks to queue
[2025-04-30T03:13:34.971+0000] {logging_mixin.py:190} INFO - [2025-04-30T03:13:34.970+0000] {dagbag.py:588} INFO - Filling up the DagBag from /home/airflow/.local/lib/python3.12/site-packages/airflow/example_dags/example_nested_branch_dag.py
[2025-04-30T03:13:35.033+0000] {processor.py:925} INFO - DAG(s) 'example_nested_branch_dag' retrieved from /home/airflow/.local/lib/python3.12/site-packages/airflow/example_dags/example_nested_branch_dag.py
[2025-04-30T03:13:35.150+0000] {logging_mixin.py:190} INFO - [2025-04-30T03:13:35.149+0000] {dag.py:3239} INFO - Sync 1 DAGs
[2025-04-30T03:13:35.217+0000] {logging_mixin.py:190} INFO - [2025-04-30T03:13:35.216+0000] {dag.py:4180} INFO - Setting next_dagrun for example_nested_branch_dag to 2025-04-29 00:00:00+00:00, run_after=2025-04-30 00:00:00+00:00
[2025-04-30T03:13:35.270+0000] {processor.py:208} INFO - Processing /home/airflow/.local/lib/python3.12/site-packages/airflow/example_dags/example_nested_branch_dag.py took 0.339 seconds
