[2025-04-30T02:53:18.586+0000] {processor.py:186} INFO - Started process (PID=101) to work on /home/airflow/.local/lib/python3.12/site-packages/airflow/example_dags/example_xcomargs.py
[2025-04-30T02:53:18.627+0000] {processor.py:914} INFO - Processing file /home/airflow/.local/lib/python3.12/site-packages/airflow/example_dags/example_xcomargs.py for tasks to queue
[2025-04-30T02:53:18.638+0000] {logging_mixin.py:190} INFO - [2025-04-30T02:53:18.637+0000] {dagbag.py:588} INFO - Filling up the DagBag from /home/airflow/.local/lib/python3.12/site-packages/airflow/example_dags/example_xcomargs.py
[2025-04-30T02:53:18.740+0000] {processor.py:925} INFO - DAG(s) 'example_xcom_args_with_operators', 'example_xcom_args' retrieved from /home/airflow/.local/lib/python3.12/site-packages/airflow/example_dags/example_xcomargs.py
[2025-04-30T02:53:18.997+0000] {logging_mixin.py:190} INFO - [2025-04-30T02:53:18.997+0000] {dag.py:3239} INFO - Sync 2 DAGs
[2025-04-30T02:53:19.099+0000] {logging_mixin.py:190} INFO - [2025-04-30T02:53:19.098+0000] {dag.py:4180} INFO - Setting next_dagrun for example_xcom_args to None, run_after=None
[2025-04-30T02:53:19.148+0000] {logging_mixin.py:190} INFO - [2025-04-30T02:53:19.148+0000] {dag.py:4180} INFO - Setting next_dagrun for example_xcom_args_with_operators to None, run_after=None
[2025-04-30T02:53:19.347+0000] {processor.py:208} INFO - Processing /home/airflow/.local/lib/python3.12/site-packages/airflow/example_dags/example_xcomargs.py took 0.774 seconds
[2025-04-30T02:54:17.107+0000] {processor.py:186} INFO - Started process (PID=172) to work on /home/airflow/.local/lib/python3.12/site-packages/airflow/example_dags/example_xcomargs.py
[2025-04-30T02:54:17.141+0000] {processor.py:914} INFO - Processing file /home/airflow/.local/lib/python3.12/site-packages/airflow/example_dags/example_xcomargs.py for tasks to queue
[2025-04-30T02:54:17.163+0000] {logging_mixin.py:190} INFO - [2025-04-30T02:54:17.162+0000] {dagbag.py:588} INFO - Filling up the DagBag from /home/airflow/.local/lib/python3.12/site-packages/airflow/example_dags/example_xcomargs.py
[2025-04-30T02:54:17.289+0000] {processor.py:925} INFO - DAG(s) 'example_xcom_args', 'example_xcom_args_with_operators' retrieved from /home/airflow/.local/lib/python3.12/site-packages/airflow/example_dags/example_xcomargs.py
[2025-04-30T02:54:17.529+0000] {logging_mixin.py:190} INFO - [2025-04-30T02:54:17.528+0000] {dag.py:3239} INFO - Sync 2 DAGs
[2025-04-30T02:54:17.950+0000] {logging_mixin.py:190} INFO - [2025-04-30T02:54:17.949+0000] {dag.py:4180} INFO - Setting next_dagrun for example_xcom_args to None, run_after=None
[2025-04-30T02:54:17.993+0000] {logging_mixin.py:190} INFO - [2025-04-30T02:54:17.993+0000] {dag.py:4180} INFO - Setting next_dagrun for example_xcom_args_with_operators to None, run_after=None
[2025-04-30T02:54:18.412+0000] {processor.py:208} INFO - Processing /home/airflow/.local/lib/python3.12/site-packages/airflow/example_dags/example_xcomargs.py took 1.359 seconds
[2025-04-30T02:54:59.442+0000] {processor.py:186} INFO - Started process (PID=241) to work on /home/airflow/.local/lib/python3.12/site-packages/airflow/example_dags/example_xcomargs.py
[2025-04-30T02:54:59.444+0000] {processor.py:914} INFO - Processing file /home/airflow/.local/lib/python3.12/site-packages/airflow/example_dags/example_xcomargs.py for tasks to queue
[2025-04-30T02:54:59.461+0000] {logging_mixin.py:190} INFO - [2025-04-30T02:54:59.460+0000] {dagbag.py:588} INFO - Filling up the DagBag from /home/airflow/.local/lib/python3.12/site-packages/airflow/example_dags/example_xcomargs.py
[2025-04-30T02:54:59.493+0000] {processor.py:925} INFO - DAG(s) 'example_xcom_args_with_operators', 'example_xcom_args' retrieved from /home/airflow/.local/lib/python3.12/site-packages/airflow/example_dags/example_xcomargs.py
[2025-04-30T02:54:59.559+0000] {logging_mixin.py:190} INFO - [2025-04-30T02:54:59.558+0000] {dag.py:3239} INFO - Sync 2 DAGs
[2025-04-30T02:54:59.600+0000] {logging_mixin.py:190} INFO - [2025-04-30T02:54:59.600+0000] {dag.py:4180} INFO - Setting next_dagrun for example_xcom_args to None, run_after=None
[2025-04-30T02:54:59.610+0000] {logging_mixin.py:190} INFO - [2025-04-30T02:54:59.609+0000] {dag.py:4180} INFO - Setting next_dagrun for example_xcom_args_with_operators to None, run_after=None
[2025-04-30T02:54:59.655+0000] {processor.py:208} INFO - Processing /home/airflow/.local/lib/python3.12/site-packages/airflow/example_dags/example_xcomargs.py took 0.242 seconds
[2025-04-30T02:55:36.915+0000] {processor.py:186} INFO - Started process (PID=306) to work on /home/airflow/.local/lib/python3.12/site-packages/airflow/example_dags/example_xcomargs.py
[2025-04-30T02:55:36.923+0000] {processor.py:914} INFO - Processing file /home/airflow/.local/lib/python3.12/site-packages/airflow/example_dags/example_xcomargs.py for tasks to queue
[2025-04-30T02:55:36.928+0000] {logging_mixin.py:190} INFO - [2025-04-30T02:55:36.928+0000] {dagbag.py:588} INFO - Filling up the DagBag from /home/airflow/.local/lib/python3.12/site-packages/airflow/example_dags/example_xcomargs.py
[2025-04-30T02:55:36.977+0000] {processor.py:925} INFO - DAG(s) 'example_xcom_args', 'example_xcom_args_with_operators' retrieved from /home/airflow/.local/lib/python3.12/site-packages/airflow/example_dags/example_xcomargs.py
[2025-04-30T02:55:37.097+0000] {logging_mixin.py:190} INFO - [2025-04-30T02:55:37.096+0000] {dag.py:3239} INFO - Sync 2 DAGs
[2025-04-30T02:55:37.193+0000] {logging_mixin.py:190} INFO - [2025-04-30T02:55:37.192+0000] {dag.py:4180} INFO - Setting next_dagrun for example_xcom_args to None, run_after=None
[2025-04-30T02:55:37.248+0000] {logging_mixin.py:190} INFO - [2025-04-30T02:55:37.248+0000] {dag.py:4180} INFO - Setting next_dagrun for example_xcom_args_with_operators to None, run_after=None
[2025-04-30T02:55:37.415+0000] {processor.py:208} INFO - Processing /home/airflow/.local/lib/python3.12/site-packages/airflow/example_dags/example_xcomargs.py took 0.534 seconds
[2025-04-30T02:56:14.049+0000] {processor.py:186} INFO - Started process (PID=370) to work on /home/airflow/.local/lib/python3.12/site-packages/airflow/example_dags/example_xcomargs.py
[2025-04-30T02:56:14.053+0000] {processor.py:914} INFO - Processing file /home/airflow/.local/lib/python3.12/site-packages/airflow/example_dags/example_xcomargs.py for tasks to queue
[2025-04-30T02:56:14.063+0000] {logging_mixin.py:190} INFO - [2025-04-30T02:56:14.061+0000] {dagbag.py:588} INFO - Filling up the DagBag from /home/airflow/.local/lib/python3.12/site-packages/airflow/example_dags/example_xcomargs.py
[2025-04-30T02:56:14.282+0000] {processor.py:925} INFO - DAG(s) 'example_xcom_args_with_operators', 'example_xcom_args' retrieved from /home/airflow/.local/lib/python3.12/site-packages/airflow/example_dags/example_xcomargs.py
[2025-04-30T02:56:14.491+0000] {logging_mixin.py:190} INFO - [2025-04-30T02:56:14.491+0000] {dag.py:3239} INFO - Sync 2 DAGs
[2025-04-30T02:56:14.664+0000] {logging_mixin.py:190} INFO - [2025-04-30T02:56:14.664+0000] {dag.py:4180} INFO - Setting next_dagrun for example_xcom_args to None, run_after=None
[2025-04-30T02:56:14.744+0000] {logging_mixin.py:190} INFO - [2025-04-30T02:56:14.743+0000] {dag.py:4180} INFO - Setting next_dagrun for example_xcom_args_with_operators to None, run_after=None
[2025-04-30T02:56:14.861+0000] {processor.py:208} INFO - Processing /home/airflow/.local/lib/python3.12/site-packages/airflow/example_dags/example_xcomargs.py took 0.834 seconds
[2025-04-30T02:56:55.265+0000] {processor.py:186} INFO - Started process (PID=437) to work on /home/airflow/.local/lib/python3.12/site-packages/airflow/example_dags/example_xcomargs.py
[2025-04-30T02:56:55.267+0000] {processor.py:914} INFO - Processing file /home/airflow/.local/lib/python3.12/site-packages/airflow/example_dags/example_xcomargs.py for tasks to queue
[2025-04-30T02:56:55.274+0000] {logging_mixin.py:190} INFO - [2025-04-30T02:56:55.273+0000] {dagbag.py:588} INFO - Filling up the DagBag from /home/airflow/.local/lib/python3.12/site-packages/airflow/example_dags/example_xcomargs.py
[2025-04-30T02:56:55.341+0000] {processor.py:925} INFO - DAG(s) 'example_xcom_args', 'example_xcom_args_with_operators' retrieved from /home/airflow/.local/lib/python3.12/site-packages/airflow/example_dags/example_xcomargs.py
[2025-04-30T02:56:55.492+0000] {logging_mixin.py:190} INFO - [2025-04-30T02:56:55.491+0000] {dag.py:3239} INFO - Sync 2 DAGs
[2025-04-30T02:56:55.586+0000] {logging_mixin.py:190} INFO - [2025-04-30T02:56:55.586+0000] {dag.py:4180} INFO - Setting next_dagrun for example_xcom_args to None, run_after=None
[2025-04-30T02:56:55.619+0000] {logging_mixin.py:190} INFO - [2025-04-30T02:56:55.619+0000] {dag.py:4180} INFO - Setting next_dagrun for example_xcom_args_with_operators to None, run_after=None
[2025-04-30T02:56:55.766+0000] {processor.py:208} INFO - Processing /home/airflow/.local/lib/python3.12/site-packages/airflow/example_dags/example_xcomargs.py took 0.523 seconds
[2025-04-30T02:57:27.113+0000] {processor.py:186} INFO - Started process (PID=501) to work on /home/airflow/.local/lib/python3.12/site-packages/airflow/example_dags/example_xcomargs.py
[2025-04-30T02:57:27.115+0000] {processor.py:914} INFO - Processing file /home/airflow/.local/lib/python3.12/site-packages/airflow/example_dags/example_xcomargs.py for tasks to queue
[2025-04-30T02:57:27.119+0000] {logging_mixin.py:190} INFO - [2025-04-30T02:57:27.118+0000] {dagbag.py:588} INFO - Filling up the DagBag from /home/airflow/.local/lib/python3.12/site-packages/airflow/example_dags/example_xcomargs.py
[2025-04-30T02:57:27.139+0000] {processor.py:925} INFO - DAG(s) 'example_xcom_args', 'example_xcom_args_with_operators' retrieved from /home/airflow/.local/lib/python3.12/site-packages/airflow/example_dags/example_xcomargs.py
[2025-04-30T02:57:27.187+0000] {logging_mixin.py:190} INFO - [2025-04-30T02:57:27.186+0000] {dag.py:3239} INFO - Sync 2 DAGs
[2025-04-30T02:57:27.215+0000] {logging_mixin.py:190} INFO - [2025-04-30T02:57:27.215+0000] {dag.py:4180} INFO - Setting next_dagrun for example_xcom_args to None, run_after=None
[2025-04-30T02:57:27.223+0000] {logging_mixin.py:190} INFO - [2025-04-30T02:57:27.223+0000] {dag.py:4180} INFO - Setting next_dagrun for example_xcom_args_with_operators to None, run_after=None
[2025-04-30T02:57:27.254+0000] {processor.py:208} INFO - Processing /home/airflow/.local/lib/python3.12/site-packages/airflow/example_dags/example_xcomargs.py took 0.151 seconds
[2025-04-30T02:57:59.301+0000] {processor.py:186} INFO - Started process (PID=571) to work on /home/airflow/.local/lib/python3.12/site-packages/airflow/example_dags/example_xcomargs.py
[2025-04-30T02:57:59.306+0000] {processor.py:914} INFO - Processing file /home/airflow/.local/lib/python3.12/site-packages/airflow/example_dags/example_xcomargs.py for tasks to queue
[2025-04-30T02:57:59.317+0000] {logging_mixin.py:190} INFO - [2025-04-30T02:57:59.317+0000] {dagbag.py:588} INFO - Filling up the DagBag from /home/airflow/.local/lib/python3.12/site-packages/airflow/example_dags/example_xcomargs.py
[2025-04-30T02:57:59.345+0000] {processor.py:925} INFO - DAG(s) 'example_xcom_args', 'example_xcom_args_with_operators' retrieved from /home/airflow/.local/lib/python3.12/site-packages/airflow/example_dags/example_xcomargs.py
[2025-04-30T02:57:59.400+0000] {logging_mixin.py:190} INFO - [2025-04-30T02:57:59.399+0000] {dag.py:3239} INFO - Sync 2 DAGs
[2025-04-30T02:57:59.441+0000] {logging_mixin.py:190} INFO - [2025-04-30T02:57:59.440+0000] {dag.py:4180} INFO - Setting next_dagrun for example_xcom_args to None, run_after=None
[2025-04-30T02:57:59.450+0000] {logging_mixin.py:190} INFO - [2025-04-30T02:57:59.449+0000] {dag.py:4180} INFO - Setting next_dagrun for example_xcom_args_with_operators to None, run_after=None
[2025-04-30T02:57:59.522+0000] {processor.py:208} INFO - Processing /home/airflow/.local/lib/python3.12/site-packages/airflow/example_dags/example_xcomargs.py took 0.243 seconds
[2025-04-30T02:58:30.810+0000] {processor.py:186} INFO - Started process (PID=634) to work on /home/airflow/.local/lib/python3.12/site-packages/airflow/example_dags/example_xcomargs.py
[2025-04-30T02:58:30.813+0000] {processor.py:914} INFO - Processing file /home/airflow/.local/lib/python3.12/site-packages/airflow/example_dags/example_xcomargs.py for tasks to queue
[2025-04-30T02:58:30.819+0000] {logging_mixin.py:190} INFO - [2025-04-30T02:58:30.818+0000] {dagbag.py:588} INFO - Filling up the DagBag from /home/airflow/.local/lib/python3.12/site-packages/airflow/example_dags/example_xcomargs.py
[2025-04-30T02:58:30.849+0000] {processor.py:925} INFO - DAG(s) 'example_xcom_args_with_operators', 'example_xcom_args' retrieved from /home/airflow/.local/lib/python3.12/site-packages/airflow/example_dags/example_xcomargs.py
[2025-04-30T02:58:30.900+0000] {logging_mixin.py:190} INFO - [2025-04-30T02:58:30.899+0000] {dag.py:3239} INFO - Sync 2 DAGs
[2025-04-30T02:58:30.944+0000] {logging_mixin.py:190} INFO - [2025-04-30T02:58:30.944+0000] {dag.py:4180} INFO - Setting next_dagrun for example_xcom_args to None, run_after=None
[2025-04-30T02:58:30.952+0000] {logging_mixin.py:190} INFO - [2025-04-30T02:58:30.952+0000] {dag.py:4180} INFO - Setting next_dagrun for example_xcom_args_with_operators to None, run_after=None
[2025-04-30T02:58:31.003+0000] {processor.py:208} INFO - Processing /home/airflow/.local/lib/python3.12/site-packages/airflow/example_dags/example_xcomargs.py took 0.212 seconds
[2025-04-30T02:59:01.398+0000] {processor.py:186} INFO - Started process (PID=697) to work on /home/airflow/.local/lib/python3.12/site-packages/airflow/example_dags/example_xcomargs.py
[2025-04-30T02:59:01.404+0000] {processor.py:914} INFO - Processing file /home/airflow/.local/lib/python3.12/site-packages/airflow/example_dags/example_xcomargs.py for tasks to queue
[2025-04-30T02:59:01.426+0000] {logging_mixin.py:190} INFO - [2025-04-30T02:59:01.425+0000] {dagbag.py:588} INFO - Filling up the DagBag from /home/airflow/.local/lib/python3.12/site-packages/airflow/example_dags/example_xcomargs.py
[2025-04-30T02:59:01.473+0000] {processor.py:925} INFO - DAG(s) 'example_xcom_args_with_operators', 'example_xcom_args' retrieved from /home/airflow/.local/lib/python3.12/site-packages/airflow/example_dags/example_xcomargs.py
[2025-04-30T02:59:01.572+0000] {logging_mixin.py:190} INFO - [2025-04-30T02:59:01.571+0000] {dag.py:3239} INFO - Sync 2 DAGs
[2025-04-30T02:59:01.615+0000] {logging_mixin.py:190} INFO - [2025-04-30T02:59:01.615+0000] {dag.py:4180} INFO - Setting next_dagrun for example_xcom_args to None, run_after=None
[2025-04-30T02:59:01.623+0000] {logging_mixin.py:190} INFO - [2025-04-30T02:59:01.622+0000] {dag.py:4180} INFO - Setting next_dagrun for example_xcom_args_with_operators to None, run_after=None
[2025-04-30T02:59:01.658+0000] {processor.py:208} INFO - Processing /home/airflow/.local/lib/python3.12/site-packages/airflow/example_dags/example_xcomargs.py took 0.285 seconds
[2025-04-30T02:59:32.046+0000] {processor.py:186} INFO - Started process (PID=761) to work on /home/airflow/.local/lib/python3.12/site-packages/airflow/example_dags/example_xcomargs.py
[2025-04-30T02:59:32.047+0000] {processor.py:914} INFO - Processing file /home/airflow/.local/lib/python3.12/site-packages/airflow/example_dags/example_xcomargs.py for tasks to queue
[2025-04-30T02:59:32.051+0000] {logging_mixin.py:190} INFO - [2025-04-30T02:59:32.051+0000] {dagbag.py:588} INFO - Filling up the DagBag from /home/airflow/.local/lib/python3.12/site-packages/airflow/example_dags/example_xcomargs.py
[2025-04-30T02:59:32.069+0000] {processor.py:925} INFO - DAG(s) 'example_xcom_args_with_operators', 'example_xcom_args' retrieved from /home/airflow/.local/lib/python3.12/site-packages/airflow/example_dags/example_xcomargs.py
[2025-04-30T02:59:32.109+0000] {logging_mixin.py:190} INFO - [2025-04-30T02:59:32.109+0000] {dag.py:3239} INFO - Sync 2 DAGs
[2025-04-30T02:59:32.138+0000] {logging_mixin.py:190} INFO - [2025-04-30T02:59:32.138+0000] {dag.py:4180} INFO - Setting next_dagrun for example_xcom_args to None, run_after=None
[2025-04-30T02:59:32.146+0000] {logging_mixin.py:190} INFO - [2025-04-30T02:59:32.146+0000] {dag.py:4180} INFO - Setting next_dagrun for example_xcom_args_with_operators to None, run_after=None
[2025-04-30T02:59:32.184+0000] {processor.py:208} INFO - Processing /home/airflow/.local/lib/python3.12/site-packages/airflow/example_dags/example_xcomargs.py took 0.150 seconds
[2025-04-30T03:00:02.731+0000] {processor.py:186} INFO - Started process (PID=825) to work on /home/airflow/.local/lib/python3.12/site-packages/airflow/example_dags/example_xcomargs.py
[2025-04-30T03:00:02.743+0000] {processor.py:914} INFO - Processing file /home/airflow/.local/lib/python3.12/site-packages/airflow/example_dags/example_xcomargs.py for tasks to queue
[2025-04-30T03:00:02.788+0000] {logging_mixin.py:190} INFO - [2025-04-30T03:00:02.762+0000] {dagbag.py:588} INFO - Filling up the DagBag from /home/airflow/.local/lib/python3.12/site-packages/airflow/example_dags/example_xcomargs.py
[2025-04-30T03:00:02.840+0000] {processor.py:925} INFO - DAG(s) 'example_xcom_args_with_operators', 'example_xcom_args' retrieved from /home/airflow/.local/lib/python3.12/site-packages/airflow/example_dags/example_xcomargs.py
[2025-04-30T03:00:02.944+0000] {logging_mixin.py:190} INFO - [2025-04-30T03:00:02.943+0000] {dag.py:3239} INFO - Sync 2 DAGs
[2025-04-30T03:00:03.032+0000] {logging_mixin.py:190} INFO - [2025-04-30T03:00:03.031+0000] {dag.py:4180} INFO - Setting next_dagrun for example_xcom_args to None, run_after=None
[2025-04-30T03:00:03.103+0000] {logging_mixin.py:190} INFO - [2025-04-30T03:00:03.103+0000] {dag.py:4180} INFO - Setting next_dagrun for example_xcom_args_with_operators to None, run_after=None
[2025-04-30T03:00:03.250+0000] {processor.py:208} INFO - Processing /home/airflow/.local/lib/python3.12/site-packages/airflow/example_dags/example_xcomargs.py took 0.555 seconds
[2025-04-30T03:00:33.605+0000] {processor.py:186} INFO - Started process (PID=888) to work on /home/airflow/.local/lib/python3.12/site-packages/airflow/example_dags/example_xcomargs.py
[2025-04-30T03:00:33.607+0000] {processor.py:914} INFO - Processing file /home/airflow/.local/lib/python3.12/site-packages/airflow/example_dags/example_xcomargs.py for tasks to queue
[2025-04-30T03:00:33.612+0000] {logging_mixin.py:190} INFO - [2025-04-30T03:00:33.611+0000] {dagbag.py:588} INFO - Filling up the DagBag from /home/airflow/.local/lib/python3.12/site-packages/airflow/example_dags/example_xcomargs.py
[2025-04-30T03:00:33.629+0000] {processor.py:925} INFO - DAG(s) 'example_xcom_args_with_operators', 'example_xcom_args' retrieved from /home/airflow/.local/lib/python3.12/site-packages/airflow/example_dags/example_xcomargs.py
[2025-04-30T03:00:33.668+0000] {logging_mixin.py:190} INFO - [2025-04-30T03:00:33.667+0000] {dag.py:3239} INFO - Sync 2 DAGs
[2025-04-30T03:00:33.693+0000] {logging_mixin.py:190} INFO - [2025-04-30T03:00:33.693+0000] {dag.py:4180} INFO - Setting next_dagrun for example_xcom_args to None, run_after=None
[2025-04-30T03:00:33.700+0000] {logging_mixin.py:190} INFO - [2025-04-30T03:00:33.700+0000] {dag.py:4180} INFO - Setting next_dagrun for example_xcom_args_with_operators to None, run_after=None
[2025-04-30T03:00:33.740+0000] {processor.py:208} INFO - Processing /home/airflow/.local/lib/python3.12/site-packages/airflow/example_dags/example_xcomargs.py took 0.145 seconds
[2025-04-30T03:01:03.884+0000] {processor.py:186} INFO - Started process (PID=953) to work on /home/airflow/.local/lib/python3.12/site-packages/airflow/example_dags/example_xcomargs.py
[2025-04-30T03:01:03.888+0000] {processor.py:914} INFO - Processing file /home/airflow/.local/lib/python3.12/site-packages/airflow/example_dags/example_xcomargs.py for tasks to queue
[2025-04-30T03:01:03.891+0000] {logging_mixin.py:190} INFO - [2025-04-30T03:01:03.891+0000] {dagbag.py:588} INFO - Filling up the DagBag from /home/airflow/.local/lib/python3.12/site-packages/airflow/example_dags/example_xcomargs.py
[2025-04-30T03:01:03.906+0000] {processor.py:925} INFO - DAG(s) 'example_xcom_args', 'example_xcom_args_with_operators' retrieved from /home/airflow/.local/lib/python3.12/site-packages/airflow/example_dags/example_xcomargs.py
[2025-04-30T03:01:03.940+0000] {logging_mixin.py:190} INFO - [2025-04-30T03:01:03.939+0000] {dag.py:3239} INFO - Sync 2 DAGs
[2025-04-30T03:01:03.960+0000] {logging_mixin.py:190} INFO - [2025-04-30T03:01:03.959+0000] {dag.py:4180} INFO - Setting next_dagrun for example_xcom_args to None, run_after=None
[2025-04-30T03:01:03.966+0000] {logging_mixin.py:190} INFO - [2025-04-30T03:01:03.965+0000] {dag.py:4180} INFO - Setting next_dagrun for example_xcom_args_with_operators to None, run_after=None
[2025-04-30T03:01:04.003+0000] {processor.py:208} INFO - Processing /home/airflow/.local/lib/python3.12/site-packages/airflow/example_dags/example_xcomargs.py took 0.127 seconds
[2025-04-30T03:01:34.636+0000] {processor.py:186} INFO - Started process (PID=1017) to work on /home/airflow/.local/lib/python3.12/site-packages/airflow/example_dags/example_xcomargs.py
[2025-04-30T03:01:34.638+0000] {processor.py:914} INFO - Processing file /home/airflow/.local/lib/python3.12/site-packages/airflow/example_dags/example_xcomargs.py for tasks to queue
[2025-04-30T03:01:34.644+0000] {logging_mixin.py:190} INFO - [2025-04-30T03:01:34.643+0000] {dagbag.py:588} INFO - Filling up the DagBag from /home/airflow/.local/lib/python3.12/site-packages/airflow/example_dags/example_xcomargs.py
[2025-04-30T03:01:34.671+0000] {processor.py:925} INFO - DAG(s) 'example_xcom_args', 'example_xcom_args_with_operators' retrieved from /home/airflow/.local/lib/python3.12/site-packages/airflow/example_dags/example_xcomargs.py
[2025-04-30T03:01:34.729+0000] {logging_mixin.py:190} INFO - [2025-04-30T03:01:34.728+0000] {dag.py:3239} INFO - Sync 2 DAGs
[2025-04-30T03:01:34.764+0000] {logging_mixin.py:190} INFO - [2025-04-30T03:01:34.763+0000] {dag.py:4180} INFO - Setting next_dagrun for example_xcom_args to None, run_after=None
[2025-04-30T03:01:34.772+0000] {logging_mixin.py:190} INFO - [2025-04-30T03:01:34.771+0000] {dag.py:4180} INFO - Setting next_dagrun for example_xcom_args_with_operators to None, run_after=None
[2025-04-30T03:01:34.809+0000] {processor.py:208} INFO - Processing /home/airflow/.local/lib/python3.12/site-packages/airflow/example_dags/example_xcomargs.py took 0.189 seconds
[2025-04-30T03:04:26.126+0000] {processor.py:186} INFO - Started process (PID=88) to work on /home/airflow/.local/lib/python3.12/site-packages/airflow/example_dags/example_xcomargs.py
[2025-04-30T03:04:26.148+0000] {processor.py:914} INFO - Processing file /home/airflow/.local/lib/python3.12/site-packages/airflow/example_dags/example_xcomargs.py for tasks to queue
[2025-04-30T03:04:26.154+0000] {logging_mixin.py:190} INFO - [2025-04-30T03:04:26.153+0000] {dagbag.py:588} INFO - Filling up the DagBag from /home/airflow/.local/lib/python3.12/site-packages/airflow/example_dags/example_xcomargs.py
[2025-04-30T03:04:26.203+0000] {processor.py:925} INFO - DAG(s) 'example_xcom_args', 'example_xcom_args_with_operators' retrieved from /home/airflow/.local/lib/python3.12/site-packages/airflow/example_dags/example_xcomargs.py
[2025-04-30T03:04:26.398+0000] {logging_mixin.py:190} INFO - [2025-04-30T03:04:26.398+0000] {dag.py:3239} INFO - Sync 2 DAGs
[2025-04-30T03:04:26.466+0000] {logging_mixin.py:190} INFO - [2025-04-30T03:04:26.465+0000] {dag.py:4180} INFO - Setting next_dagrun for example_xcom_args to None, run_after=None
[2025-04-30T03:04:26.482+0000] {logging_mixin.py:190} INFO - [2025-04-30T03:04:26.482+0000] {dag.py:4180} INFO - Setting next_dagrun for example_xcom_args_with_operators to None, run_after=None
[2025-04-30T03:04:26.571+0000] {processor.py:208} INFO - Processing /home/airflow/.local/lib/python3.12/site-packages/airflow/example_dags/example_xcomargs.py took 0.456 seconds
[2025-04-30T03:04:56.770+0000] {processor.py:186} INFO - Started process (PID=151) to work on /home/airflow/.local/lib/python3.12/site-packages/airflow/example_dags/example_xcomargs.py
[2025-04-30T03:04:56.772+0000] {processor.py:914} INFO - Processing file /home/airflow/.local/lib/python3.12/site-packages/airflow/example_dags/example_xcomargs.py for tasks to queue
[2025-04-30T03:04:56.777+0000] {logging_mixin.py:190} INFO - [2025-04-30T03:04:56.776+0000] {dagbag.py:588} INFO - Filling up the DagBag from /home/airflow/.local/lib/python3.12/site-packages/airflow/example_dags/example_xcomargs.py
[2025-04-30T03:04:56.802+0000] {processor.py:925} INFO - DAG(s) 'example_xcom_args_with_operators', 'example_xcom_args' retrieved from /home/airflow/.local/lib/python3.12/site-packages/airflow/example_dags/example_xcomargs.py
[2025-04-30T03:04:56.863+0000] {logging_mixin.py:190} INFO - [2025-04-30T03:04:56.863+0000] {dag.py:3239} INFO - Sync 2 DAGs
[2025-04-30T03:04:56.912+0000] {logging_mixin.py:190} INFO - [2025-04-30T03:04:56.911+0000] {dag.py:4180} INFO - Setting next_dagrun for example_xcom_args to None, run_after=None
[2025-04-30T03:04:56.929+0000] {logging_mixin.py:190} INFO - [2025-04-30T03:04:56.928+0000] {dag.py:4180} INFO - Setting next_dagrun for example_xcom_args_with_operators to None, run_after=None
[2025-04-30T03:04:57.050+0000] {processor.py:208} INFO - Processing /home/airflow/.local/lib/python3.12/site-packages/airflow/example_dags/example_xcomargs.py took 0.294 seconds
[2025-04-30T03:05:28.183+0000] {processor.py:186} INFO - Started process (PID=215) to work on /home/airflow/.local/lib/python3.12/site-packages/airflow/example_dags/example_xcomargs.py
[2025-04-30T03:05:28.186+0000] {processor.py:914} INFO - Processing file /home/airflow/.local/lib/python3.12/site-packages/airflow/example_dags/example_xcomargs.py for tasks to queue
[2025-04-30T03:05:28.195+0000] {logging_mixin.py:190} INFO - [2025-04-30T03:05:28.195+0000] {dagbag.py:588} INFO - Filling up the DagBag from /home/airflow/.local/lib/python3.12/site-packages/airflow/example_dags/example_xcomargs.py
[2025-04-30T03:05:28.233+0000] {processor.py:925} INFO - DAG(s) 'example_xcom_args', 'example_xcom_args_with_operators' retrieved from /home/airflow/.local/lib/python3.12/site-packages/airflow/example_dags/example_xcomargs.py
[2025-04-30T03:05:28.293+0000] {logging_mixin.py:190} INFO - [2025-04-30T03:05:28.292+0000] {dag.py:3239} INFO - Sync 2 DAGs
[2025-04-30T03:05:28.353+0000] {logging_mixin.py:190} INFO - [2025-04-30T03:05:28.353+0000] {dag.py:4180} INFO - Setting next_dagrun for example_xcom_args to None, run_after=None
[2025-04-30T03:05:28.361+0000] {logging_mixin.py:190} INFO - [2025-04-30T03:05:28.361+0000] {dag.py:4180} INFO - Setting next_dagrun for example_xcom_args_with_operators to None, run_after=None
[2025-04-30T03:05:28.400+0000] {processor.py:208} INFO - Processing /home/airflow/.local/lib/python3.12/site-packages/airflow/example_dags/example_xcomargs.py took 0.237 seconds
[2025-04-30T03:06:00.353+0000] {processor.py:186} INFO - Started process (PID=280) to work on /home/airflow/.local/lib/python3.12/site-packages/airflow/example_dags/example_xcomargs.py
[2025-04-30T03:06:00.355+0000] {processor.py:914} INFO - Processing file /home/airflow/.local/lib/python3.12/site-packages/airflow/example_dags/example_xcomargs.py for tasks to queue
[2025-04-30T03:06:00.364+0000] {logging_mixin.py:190} INFO - [2025-04-30T03:06:00.363+0000] {dagbag.py:588} INFO - Filling up the DagBag from /home/airflow/.local/lib/python3.12/site-packages/airflow/example_dags/example_xcomargs.py
[2025-04-30T03:06:00.403+0000] {processor.py:925} INFO - DAG(s) 'example_xcom_args', 'example_xcom_args_with_operators' retrieved from /home/airflow/.local/lib/python3.12/site-packages/airflow/example_dags/example_xcomargs.py
[2025-04-30T03:06:00.474+0000] {logging_mixin.py:190} INFO - [2025-04-30T03:06:00.473+0000] {dag.py:3239} INFO - Sync 2 DAGs
[2025-04-30T03:06:00.510+0000] {logging_mixin.py:190} INFO - [2025-04-30T03:06:00.509+0000] {dag.py:4180} INFO - Setting next_dagrun for example_xcom_args to None, run_after=None
[2025-04-30T03:06:00.520+0000] {logging_mixin.py:190} INFO - [2025-04-30T03:06:00.520+0000] {dag.py:4180} INFO - Setting next_dagrun for example_xcom_args_with_operators to None, run_after=None
[2025-04-30T03:06:00.569+0000] {processor.py:208} INFO - Processing /home/airflow/.local/lib/python3.12/site-packages/airflow/example_dags/example_xcomargs.py took 0.230 seconds
[2025-04-30T03:06:31.843+0000] {processor.py:186} INFO - Started process (PID=343) to work on /home/airflow/.local/lib/python3.12/site-packages/airflow/example_dags/example_xcomargs.py
[2025-04-30T03:06:31.844+0000] {processor.py:914} INFO - Processing file /home/airflow/.local/lib/python3.12/site-packages/airflow/example_dags/example_xcomargs.py for tasks to queue
[2025-04-30T03:06:31.848+0000] {logging_mixin.py:190} INFO - [2025-04-30T03:06:31.847+0000] {dagbag.py:588} INFO - Filling up the DagBag from /home/airflow/.local/lib/python3.12/site-packages/airflow/example_dags/example_xcomargs.py
[2025-04-30T03:06:31.865+0000] {processor.py:925} INFO - DAG(s) 'example_xcom_args', 'example_xcom_args_with_operators' retrieved from /home/airflow/.local/lib/python3.12/site-packages/airflow/example_dags/example_xcomargs.py
[2025-04-30T03:06:31.903+0000] {logging_mixin.py:190} INFO - [2025-04-30T03:06:31.903+0000] {dag.py:3239} INFO - Sync 2 DAGs
[2025-04-30T03:06:31.932+0000] {logging_mixin.py:190} INFO - [2025-04-30T03:06:31.931+0000] {dag.py:4180} INFO - Setting next_dagrun for example_xcom_args to None, run_after=None
[2025-04-30T03:06:31.940+0000] {logging_mixin.py:190} INFO - [2025-04-30T03:06:31.939+0000] {dag.py:4180} INFO - Setting next_dagrun for example_xcom_args_with_operators to None, run_after=None
[2025-04-30T03:06:31.972+0000] {processor.py:208} INFO - Processing /home/airflow/.local/lib/python3.12/site-packages/airflow/example_dags/example_xcomargs.py took 0.140 seconds
[2025-04-30T03:07:04.503+0000] {processor.py:186} INFO - Started process (PID=408) to work on /home/airflow/.local/lib/python3.12/site-packages/airflow/example_dags/example_xcomargs.py
[2025-04-30T03:07:04.505+0000] {processor.py:914} INFO - Processing file /home/airflow/.local/lib/python3.12/site-packages/airflow/example_dags/example_xcomargs.py for tasks to queue
[2025-04-30T03:07:04.512+0000] {logging_mixin.py:190} INFO - [2025-04-30T03:07:04.512+0000] {dagbag.py:588} INFO - Filling up the DagBag from /home/airflow/.local/lib/python3.12/site-packages/airflow/example_dags/example_xcomargs.py
[2025-04-30T03:07:04.539+0000] {processor.py:925} INFO - DAG(s) 'example_xcom_args_with_operators', 'example_xcom_args' retrieved from /home/airflow/.local/lib/python3.12/site-packages/airflow/example_dags/example_xcomargs.py
[2025-04-30T03:07:04.634+0000] {logging_mixin.py:190} INFO - [2025-04-30T03:07:04.633+0000] {dag.py:3239} INFO - Sync 2 DAGs
[2025-04-30T03:07:04.711+0000] {logging_mixin.py:190} INFO - [2025-04-30T03:07:04.711+0000] {dag.py:4180} INFO - Setting next_dagrun for example_xcom_args to None, run_after=None
[2025-04-30T03:07:04.732+0000] {logging_mixin.py:190} INFO - [2025-04-30T03:07:04.731+0000] {dag.py:4180} INFO - Setting next_dagrun for example_xcom_args_with_operators to None, run_after=None
[2025-04-30T03:07:04.827+0000] {processor.py:208} INFO - Processing /home/airflow/.local/lib/python3.12/site-packages/airflow/example_dags/example_xcomargs.py took 0.334 seconds
[2025-04-30T03:07:36.555+0000] {processor.py:186} INFO - Started process (PID=472) to work on /home/airflow/.local/lib/python3.12/site-packages/airflow/example_dags/example_xcomargs.py
[2025-04-30T03:07:36.557+0000] {processor.py:914} INFO - Processing file /home/airflow/.local/lib/python3.12/site-packages/airflow/example_dags/example_xcomargs.py for tasks to queue
[2025-04-30T03:07:36.563+0000] {logging_mixin.py:190} INFO - [2025-04-30T03:07:36.562+0000] {dagbag.py:588} INFO - Filling up the DagBag from /home/airflow/.local/lib/python3.12/site-packages/airflow/example_dags/example_xcomargs.py
[2025-04-30T03:07:36.591+0000] {processor.py:925} INFO - DAG(s) 'example_xcom_args', 'example_xcom_args_with_operators' retrieved from /home/airflow/.local/lib/python3.12/site-packages/airflow/example_dags/example_xcomargs.py
[2025-04-30T03:07:36.761+0000] {logging_mixin.py:190} INFO - [2025-04-30T03:07:36.760+0000] {dag.py:3239} INFO - Sync 2 DAGs
[2025-04-30T03:07:36.856+0000] {logging_mixin.py:190} INFO - [2025-04-30T03:07:36.856+0000] {dag.py:4180} INFO - Setting next_dagrun for example_xcom_args to None, run_after=None
[2025-04-30T03:07:36.872+0000] {logging_mixin.py:190} INFO - [2025-04-30T03:07:36.871+0000] {dag.py:4180} INFO - Setting next_dagrun for example_xcom_args_with_operators to None, run_after=None
[2025-04-30T03:07:36.980+0000] {processor.py:208} INFO - Processing /home/airflow/.local/lib/python3.12/site-packages/airflow/example_dags/example_xcomargs.py took 0.439 seconds
[2025-04-30T03:08:09.123+0000] {processor.py:186} INFO - Started process (PID=536) to work on /home/airflow/.local/lib/python3.12/site-packages/airflow/example_dags/example_xcomargs.py
[2025-04-30T03:08:09.125+0000] {processor.py:914} INFO - Processing file /home/airflow/.local/lib/python3.12/site-packages/airflow/example_dags/example_xcomargs.py for tasks to queue
[2025-04-30T03:08:09.136+0000] {logging_mixin.py:190} INFO - [2025-04-30T03:08:09.135+0000] {dagbag.py:588} INFO - Filling up the DagBag from /home/airflow/.local/lib/python3.12/site-packages/airflow/example_dags/example_xcomargs.py
[2025-04-30T03:08:09.166+0000] {processor.py:925} INFO - DAG(s) 'example_xcom_args', 'example_xcom_args_with_operators' retrieved from /home/airflow/.local/lib/python3.12/site-packages/airflow/example_dags/example_xcomargs.py
[2025-04-30T03:08:09.219+0000] {logging_mixin.py:190} INFO - [2025-04-30T03:08:09.219+0000] {dag.py:3239} INFO - Sync 2 DAGs
[2025-04-30T03:08:09.260+0000] {logging_mixin.py:190} INFO - [2025-04-30T03:08:09.260+0000] {dag.py:4180} INFO - Setting next_dagrun for example_xcom_args to None, run_after=None
[2025-04-30T03:08:09.269+0000] {logging_mixin.py:190} INFO - [2025-04-30T03:08:09.269+0000] {dag.py:4180} INFO - Setting next_dagrun for example_xcom_args_with_operators to None, run_after=None
[2025-04-30T03:08:09.314+0000] {processor.py:208} INFO - Processing /home/airflow/.local/lib/python3.12/site-packages/airflow/example_dags/example_xcomargs.py took 0.201 seconds
[2025-04-30T03:08:41.154+0000] {processor.py:186} INFO - Started process (PID=600) to work on /home/airflow/.local/lib/python3.12/site-packages/airflow/example_dags/example_xcomargs.py
[2025-04-30T03:08:41.156+0000] {processor.py:914} INFO - Processing file /home/airflow/.local/lib/python3.12/site-packages/airflow/example_dags/example_xcomargs.py for tasks to queue
[2025-04-30T03:08:41.159+0000] {logging_mixin.py:190} INFO - [2025-04-30T03:08:41.159+0000] {dagbag.py:588} INFO - Filling up the DagBag from /home/airflow/.local/lib/python3.12/site-packages/airflow/example_dags/example_xcomargs.py
[2025-04-30T03:08:41.178+0000] {processor.py:925} INFO - DAG(s) 'example_xcom_args_with_operators', 'example_xcom_args' retrieved from /home/airflow/.local/lib/python3.12/site-packages/airflow/example_dags/example_xcomargs.py
[2025-04-30T03:08:41.222+0000] {logging_mixin.py:190} INFO - [2025-04-30T03:08:41.221+0000] {dag.py:3239} INFO - Sync 2 DAGs
[2025-04-30T03:08:41.245+0000] {logging_mixin.py:190} INFO - [2025-04-30T03:08:41.244+0000] {dag.py:4180} INFO - Setting next_dagrun for example_xcom_args to None, run_after=None
[2025-04-30T03:08:41.252+0000] {logging_mixin.py:190} INFO - [2025-04-30T03:08:41.252+0000] {dag.py:4180} INFO - Setting next_dagrun for example_xcom_args_with_operators to None, run_after=None
[2025-04-30T03:08:41.299+0000] {processor.py:208} INFO - Processing /home/airflow/.local/lib/python3.12/site-packages/airflow/example_dags/example_xcomargs.py took 0.155 seconds
[2025-04-30T03:09:12.821+0000] {processor.py:186} INFO - Started process (PID=664) to work on /home/airflow/.local/lib/python3.12/site-packages/airflow/example_dags/example_xcomargs.py
[2025-04-30T03:09:12.823+0000] {processor.py:914} INFO - Processing file /home/airflow/.local/lib/python3.12/site-packages/airflow/example_dags/example_xcomargs.py for tasks to queue
[2025-04-30T03:09:12.826+0000] {logging_mixin.py:190} INFO - [2025-04-30T03:09:12.826+0000] {dagbag.py:588} INFO - Filling up the DagBag from /home/airflow/.local/lib/python3.12/site-packages/airflow/example_dags/example_xcomargs.py
[2025-04-30T03:09:12.842+0000] {processor.py:925} INFO - DAG(s) 'example_xcom_args', 'example_xcom_args_with_operators' retrieved from /home/airflow/.local/lib/python3.12/site-packages/airflow/example_dags/example_xcomargs.py
[2025-04-30T03:09:12.884+0000] {logging_mixin.py:190} INFO - [2025-04-30T03:09:12.883+0000] {dag.py:3239} INFO - Sync 2 DAGs
[2025-04-30T03:09:12.909+0000] {logging_mixin.py:190} INFO - [2025-04-30T03:09:12.908+0000] {dag.py:4180} INFO - Setting next_dagrun for example_xcom_args to None, run_after=None
[2025-04-30T03:09:12.915+0000] {logging_mixin.py:190} INFO - [2025-04-30T03:09:12.915+0000] {dag.py:4180} INFO - Setting next_dagrun for example_xcom_args_with_operators to None, run_after=None
[2025-04-30T03:09:12.946+0000] {processor.py:208} INFO - Processing /home/airflow/.local/lib/python3.12/site-packages/airflow/example_dags/example_xcomargs.py took 0.135 seconds
[2025-04-30T03:09:44.538+0000] {processor.py:186} INFO - Started process (PID=729) to work on /home/airflow/.local/lib/python3.12/site-packages/airflow/example_dags/example_xcomargs.py
[2025-04-30T03:09:44.540+0000] {processor.py:914} INFO - Processing file /home/airflow/.local/lib/python3.12/site-packages/airflow/example_dags/example_xcomargs.py for tasks to queue
[2025-04-30T03:09:44.544+0000] {logging_mixin.py:190} INFO - [2025-04-30T03:09:44.543+0000] {dagbag.py:588} INFO - Filling up the DagBag from /home/airflow/.local/lib/python3.12/site-packages/airflow/example_dags/example_xcomargs.py
[2025-04-30T03:09:44.568+0000] {processor.py:925} INFO - DAG(s) 'example_xcom_args_with_operators', 'example_xcom_args' retrieved from /home/airflow/.local/lib/python3.12/site-packages/airflow/example_dags/example_xcomargs.py
[2025-04-30T03:09:44.612+0000] {logging_mixin.py:190} INFO - [2025-04-30T03:09:44.612+0000] {dag.py:3239} INFO - Sync 2 DAGs
[2025-04-30T03:09:44.642+0000] {logging_mixin.py:190} INFO - [2025-04-30T03:09:44.642+0000] {dag.py:4180} INFO - Setting next_dagrun for example_xcom_args to None, run_after=None
[2025-04-30T03:09:44.649+0000] {logging_mixin.py:190} INFO - [2025-04-30T03:09:44.649+0000] {dag.py:4180} INFO - Setting next_dagrun for example_xcom_args_with_operators to None, run_after=None
[2025-04-30T03:09:44.681+0000] {processor.py:208} INFO - Processing /home/airflow/.local/lib/python3.12/site-packages/airflow/example_dags/example_xcomargs.py took 0.151 seconds
[2025-04-30T03:10:16.525+0000] {processor.py:186} INFO - Started process (PID=793) to work on /home/airflow/.local/lib/python3.12/site-packages/airflow/example_dags/example_xcomargs.py
[2025-04-30T03:10:16.527+0000] {processor.py:914} INFO - Processing file /home/airflow/.local/lib/python3.12/site-packages/airflow/example_dags/example_xcomargs.py for tasks to queue
[2025-04-30T03:10:16.532+0000] {logging_mixin.py:190} INFO - [2025-04-30T03:10:16.531+0000] {dagbag.py:588} INFO - Filling up the DagBag from /home/airflow/.local/lib/python3.12/site-packages/airflow/example_dags/example_xcomargs.py
[2025-04-30T03:10:16.552+0000] {processor.py:925} INFO - DAG(s) 'example_xcom_args_with_operators', 'example_xcom_args' retrieved from /home/airflow/.local/lib/python3.12/site-packages/airflow/example_dags/example_xcomargs.py
[2025-04-30T03:10:16.608+0000] {logging_mixin.py:190} INFO - [2025-04-30T03:10:16.608+0000] {dag.py:3239} INFO - Sync 2 DAGs
[2025-04-30T03:10:16.650+0000] {logging_mixin.py:190} INFO - [2025-04-30T03:10:16.649+0000] {dag.py:4180} INFO - Setting next_dagrun for example_xcom_args to None, run_after=None
[2025-04-30T03:10:16.661+0000] {logging_mixin.py:190} INFO - [2025-04-30T03:10:16.660+0000] {dag.py:4180} INFO - Setting next_dagrun for example_xcom_args_with_operators to None, run_after=None
[2025-04-30T03:10:16.694+0000] {processor.py:208} INFO - Processing /home/airflow/.local/lib/python3.12/site-packages/airflow/example_dags/example_xcomargs.py took 0.180 seconds
[2025-04-30T03:10:50.384+0000] {processor.py:186} INFO - Started process (PID=863) to work on /home/airflow/.local/lib/python3.12/site-packages/airflow/example_dags/example_xcomargs.py
[2025-04-30T03:10:50.403+0000] {processor.py:914} INFO - Processing file /home/airflow/.local/lib/python3.12/site-packages/airflow/example_dags/example_xcomargs.py for tasks to queue
[2025-04-30T03:10:50.408+0000] {logging_mixin.py:190} INFO - [2025-04-30T03:10:50.408+0000] {dagbag.py:588} INFO - Filling up the DagBag from /home/airflow/.local/lib/python3.12/site-packages/airflow/example_dags/example_xcomargs.py
[2025-04-30T03:10:50.464+0000] {processor.py:925} INFO - DAG(s) 'example_xcom_args_with_operators', 'example_xcom_args' retrieved from /home/airflow/.local/lib/python3.12/site-packages/airflow/example_dags/example_xcomargs.py
[2025-04-30T03:10:50.593+0000] {logging_mixin.py:190} INFO - [2025-04-30T03:10:50.585+0000] {dag.py:3239} INFO - Sync 2 DAGs
[2025-04-30T03:10:50.674+0000] {logging_mixin.py:190} INFO - [2025-04-30T03:10:50.672+0000] {dag.py:4180} INFO - Setting next_dagrun for example_xcom_args to None, run_after=None
[2025-04-30T03:10:50.722+0000] {logging_mixin.py:190} INFO - [2025-04-30T03:10:50.722+0000] {dag.py:4180} INFO - Setting next_dagrun for example_xcom_args_with_operators to None, run_after=None
[2025-04-30T03:10:50.776+0000] {processor.py:208} INFO - Processing /home/airflow/.local/lib/python3.12/site-packages/airflow/example_dags/example_xcomargs.py took 0.414 seconds
[2025-04-30T03:11:22.348+0000] {processor.py:186} INFO - Started process (PID=928) to work on /home/airflow/.local/lib/python3.12/site-packages/airflow/example_dags/example_xcomargs.py
[2025-04-30T03:11:22.350+0000] {processor.py:914} INFO - Processing file /home/airflow/.local/lib/python3.12/site-packages/airflow/example_dags/example_xcomargs.py for tasks to queue
[2025-04-30T03:11:22.353+0000] {logging_mixin.py:190} INFO - [2025-04-30T03:11:22.353+0000] {dagbag.py:588} INFO - Filling up the DagBag from /home/airflow/.local/lib/python3.12/site-packages/airflow/example_dags/example_xcomargs.py
[2025-04-30T03:11:22.373+0000] {processor.py:925} INFO - DAG(s) 'example_xcom_args', 'example_xcom_args_with_operators' retrieved from /home/airflow/.local/lib/python3.12/site-packages/airflow/example_dags/example_xcomargs.py
[2025-04-30T03:11:22.416+0000] {logging_mixin.py:190} INFO - [2025-04-30T03:11:22.415+0000] {dag.py:3239} INFO - Sync 2 DAGs
[2025-04-30T03:11:22.448+0000] {logging_mixin.py:190} INFO - [2025-04-30T03:11:22.447+0000] {dag.py:4180} INFO - Setting next_dagrun for example_xcom_args to None, run_after=None
[2025-04-30T03:11:22.456+0000] {logging_mixin.py:190} INFO - [2025-04-30T03:11:22.456+0000] {dag.py:4180} INFO - Setting next_dagrun for example_xcom_args_with_operators to None, run_after=None
[2025-04-30T03:11:22.486+0000] {processor.py:208} INFO - Processing /home/airflow/.local/lib/python3.12/site-packages/airflow/example_dags/example_xcomargs.py took 0.148 seconds
[2025-04-30T03:11:54.155+0000] {processor.py:186} INFO - Started process (PID=992) to work on /home/airflow/.local/lib/python3.12/site-packages/airflow/example_dags/example_xcomargs.py
[2025-04-30T03:11:54.157+0000] {processor.py:914} INFO - Processing file /home/airflow/.local/lib/python3.12/site-packages/airflow/example_dags/example_xcomargs.py for tasks to queue
[2025-04-30T03:11:54.161+0000] {logging_mixin.py:190} INFO - [2025-04-30T03:11:54.161+0000] {dagbag.py:588} INFO - Filling up the DagBag from /home/airflow/.local/lib/python3.12/site-packages/airflow/example_dags/example_xcomargs.py
[2025-04-30T03:11:54.180+0000] {processor.py:925} INFO - DAG(s) 'example_xcom_args_with_operators', 'example_xcom_args' retrieved from /home/airflow/.local/lib/python3.12/site-packages/airflow/example_dags/example_xcomargs.py
[2025-04-30T03:11:54.229+0000] {logging_mixin.py:190} INFO - [2025-04-30T03:11:54.229+0000] {dag.py:3239} INFO - Sync 2 DAGs
[2025-04-30T03:11:54.272+0000] {logging_mixin.py:190} INFO - [2025-04-30T03:11:54.272+0000] {dag.py:4180} INFO - Setting next_dagrun for example_xcom_args to None, run_after=None
[2025-04-30T03:11:54.281+0000] {logging_mixin.py:190} INFO - [2025-04-30T03:11:54.280+0000] {dag.py:4180} INFO - Setting next_dagrun for example_xcom_args_with_operators to None, run_after=None
[2025-04-30T03:11:54.320+0000] {processor.py:208} INFO - Processing /home/airflow/.local/lib/python3.12/site-packages/airflow/example_dags/example_xcomargs.py took 0.175 seconds
[2025-04-30T03:12:26.960+0000] {processor.py:186} INFO - Started process (PID=1056) to work on /home/airflow/.local/lib/python3.12/site-packages/airflow/example_dags/example_xcomargs.py
[2025-04-30T03:12:26.961+0000] {processor.py:914} INFO - Processing file /home/airflow/.local/lib/python3.12/site-packages/airflow/example_dags/example_xcomargs.py for tasks to queue
[2025-04-30T03:12:26.968+0000] {logging_mixin.py:190} INFO - [2025-04-30T03:12:26.967+0000] {dagbag.py:588} INFO - Filling up the DagBag from /home/airflow/.local/lib/python3.12/site-packages/airflow/example_dags/example_xcomargs.py
[2025-04-30T03:12:26.997+0000] {processor.py:925} INFO - DAG(s) 'example_xcom_args_with_operators', 'example_xcom_args' retrieved from /home/airflow/.local/lib/python3.12/site-packages/airflow/example_dags/example_xcomargs.py
[2025-04-30T03:12:27.075+0000] {logging_mixin.py:190} INFO - [2025-04-30T03:12:27.074+0000] {dag.py:3239} INFO - Sync 2 DAGs
[2025-04-30T03:12:27.109+0000] {logging_mixin.py:190} INFO - [2025-04-30T03:12:27.109+0000] {dag.py:4180} INFO - Setting next_dagrun for example_xcom_args to None, run_after=None
[2025-04-30T03:12:27.118+0000] {logging_mixin.py:190} INFO - [2025-04-30T03:12:27.117+0000] {dag.py:4180} INFO - Setting next_dagrun for example_xcom_args_with_operators to None, run_after=None
[2025-04-30T03:12:27.159+0000] {processor.py:208} INFO - Processing /home/airflow/.local/lib/python3.12/site-packages/airflow/example_dags/example_xcomargs.py took 0.213 seconds
[2025-04-30T03:12:59.050+0000] {processor.py:186} INFO - Started process (PID=1120) to work on /home/airflow/.local/lib/python3.12/site-packages/airflow/example_dags/example_xcomargs.py
[2025-04-30T03:12:59.052+0000] {processor.py:914} INFO - Processing file /home/airflow/.local/lib/python3.12/site-packages/airflow/example_dags/example_xcomargs.py for tasks to queue
[2025-04-30T03:12:59.056+0000] {logging_mixin.py:190} INFO - [2025-04-30T03:12:59.055+0000] {dagbag.py:588} INFO - Filling up the DagBag from /home/airflow/.local/lib/python3.12/site-packages/airflow/example_dags/example_xcomargs.py
[2025-04-30T03:12:59.075+0000] {processor.py:925} INFO - DAG(s) 'example_xcom_args_with_operators', 'example_xcom_args' retrieved from /home/airflow/.local/lib/python3.12/site-packages/airflow/example_dags/example_xcomargs.py
[2025-04-30T03:12:59.121+0000] {logging_mixin.py:190} INFO - [2025-04-30T03:12:59.120+0000] {dag.py:3239} INFO - Sync 2 DAGs
[2025-04-30T03:12:59.148+0000] {logging_mixin.py:190} INFO - [2025-04-30T03:12:59.148+0000] {dag.py:4180} INFO - Setting next_dagrun for example_xcom_args to None, run_after=None
[2025-04-30T03:12:59.155+0000] {logging_mixin.py:190} INFO - [2025-04-30T03:12:59.155+0000] {dag.py:4180} INFO - Setting next_dagrun for example_xcom_args_with_operators to None, run_after=None
[2025-04-30T03:12:59.197+0000] {processor.py:208} INFO - Processing /home/airflow/.local/lib/python3.12/site-packages/airflow/example_dags/example_xcomargs.py took 0.157 seconds
[2025-04-30T03:13:30.837+0000] {processor.py:186} INFO - Started process (PID=1184) to work on /home/airflow/.local/lib/python3.12/site-packages/airflow/example_dags/example_xcomargs.py
[2025-04-30T03:13:30.838+0000] {processor.py:914} INFO - Processing file /home/airflow/.local/lib/python3.12/site-packages/airflow/example_dags/example_xcomargs.py for tasks to queue
[2025-04-30T03:13:30.843+0000] {logging_mixin.py:190} INFO - [2025-04-30T03:13:30.842+0000] {dagbag.py:588} INFO - Filling up the DagBag from /home/airflow/.local/lib/python3.12/site-packages/airflow/example_dags/example_xcomargs.py
[2025-04-30T03:13:30.866+0000] {processor.py:925} INFO - DAG(s) 'example_xcom_args_with_operators', 'example_xcom_args' retrieved from /home/airflow/.local/lib/python3.12/site-packages/airflow/example_dags/example_xcomargs.py
[2025-04-30T03:13:30.910+0000] {logging_mixin.py:190} INFO - [2025-04-30T03:13:30.909+0000] {dag.py:3239} INFO - Sync 2 DAGs
[2025-04-30T03:13:30.944+0000] {logging_mixin.py:190} INFO - [2025-04-30T03:13:30.943+0000] {dag.py:4180} INFO - Setting next_dagrun for example_xcom_args to None, run_after=None
[2025-04-30T03:13:30.953+0000] {logging_mixin.py:190} INFO - [2025-04-30T03:13:30.952+0000] {dag.py:4180} INFO - Setting next_dagrun for example_xcom_args_with_operators to None, run_after=None
[2025-04-30T03:13:30.982+0000] {processor.py:208} INFO - Processing /home/airflow/.local/lib/python3.12/site-packages/airflow/example_dags/example_xcomargs.py took 0.156 seconds
[2025-04-30T03:14:02.316+0000] {processor.py:186} INFO - Started process (PID=1249) to work on /home/airflow/.local/lib/python3.12/site-packages/airflow/example_dags/example_xcomargs.py
[2025-04-30T03:14:02.318+0000] {processor.py:914} INFO - Processing file /home/airflow/.local/lib/python3.12/site-packages/airflow/example_dags/example_xcomargs.py for tasks to queue
[2025-04-30T03:14:02.322+0000] {logging_mixin.py:190} INFO - [2025-04-30T03:14:02.321+0000] {dagbag.py:588} INFO - Filling up the DagBag from /home/airflow/.local/lib/python3.12/site-packages/airflow/example_dags/example_xcomargs.py
[2025-04-30T03:14:02.358+0000] {processor.py:925} INFO - DAG(s) 'example_xcom_args', 'example_xcom_args_with_operators' retrieved from /home/airflow/.local/lib/python3.12/site-packages/airflow/example_dags/example_xcomargs.py
[2025-04-30T03:14:02.526+0000] {logging_mixin.py:190} INFO - [2025-04-30T03:14:02.525+0000] {dag.py:3239} INFO - Sync 2 DAGs
[2025-04-30T03:14:02.571+0000] {logging_mixin.py:190} INFO - [2025-04-30T03:14:02.570+0000] {dag.py:4180} INFO - Setting next_dagrun for example_xcom_args to None, run_after=None
[2025-04-30T03:14:02.609+0000] {logging_mixin.py:190} INFO - [2025-04-30T03:14:02.608+0000] {dag.py:4180} INFO - Setting next_dagrun for example_xcom_args_with_operators to None, run_after=None
[2025-04-30T03:14:02.680+0000] {processor.py:208} INFO - Processing /home/airflow/.local/lib/python3.12/site-packages/airflow/example_dags/example_xcomargs.py took 0.377 seconds
