[2025-04-30T02:53:53.442+0000] {processor.py:186} INFO - Started process (PID=142) to work on /home/airflow/.local/lib/python3.12/site-packages/airflow/example_dags/example_display_name.py
[2025-04-30T02:53:53.458+0000] {processor.py:914} INFO - Processing file /home/airflow/.local/lib/python3.12/site-packages/airflow/example_dags/example_display_name.py for tasks to queue
[2025-04-30T02:53:53.502+0000] {logging_mixin.py:190} INFO - [2025-04-30T02:53:53.502+0000] {dagbag.py:588} INFO - Filling up the DagBag from /home/airflow/.local/lib/python3.12/site-packages/airflow/example_dags/example_display_name.py
[2025-04-30T02:53:53.677+0000] {processor.py:925} INFO - DAG(s) 'example_display_name' retrieved from /home/airflow/.local/lib/python3.12/site-packages/airflow/example_dags/example_display_name.py
[2025-04-30T02:53:54.099+0000] {logging_mixin.py:190} INFO - [2025-04-30T02:53:54.099+0000] {dag.py:3239} INFO - Sync 1 DAGs
[2025-04-30T02:53:54.448+0000] {logging_mixin.py:190} INFO - [2025-04-30T02:53:54.447+0000] {dag.py:4180} INFO - Setting next_dagrun for example_display_name to None, run_after=None
[2025-04-30T02:53:54.724+0000] {processor.py:208} INFO - Processing /home/airflow/.local/lib/python3.12/site-packages/airflow/example_dags/example_display_name.py took 1.317 seconds
[2025-04-30T02:54:46.395+0000] {processor.py:186} INFO - Started process (PID=219) to work on /home/airflow/.local/lib/python3.12/site-packages/airflow/example_dags/example_display_name.py
[2025-04-30T02:54:46.419+0000] {processor.py:914} INFO - Processing file /home/airflow/.local/lib/python3.12/site-packages/airflow/example_dags/example_display_name.py for tasks to queue
[2025-04-30T02:54:46.432+0000] {logging_mixin.py:190} INFO - [2025-04-30T02:54:46.430+0000] {dagbag.py:588} INFO - Filling up the DagBag from /home/airflow/.local/lib/python3.12/site-packages/airflow/example_dags/example_display_name.py
[2025-04-30T02:54:46.544+0000] {processor.py:925} INFO - DAG(s) 'example_display_name' retrieved from /home/airflow/.local/lib/python3.12/site-packages/airflow/example_dags/example_display_name.py
[2025-04-30T02:54:46.642+0000] {logging_mixin.py:190} INFO - [2025-04-30T02:54:46.642+0000] {dag.py:3239} INFO - Sync 1 DAGs
[2025-04-30T02:54:46.772+0000] {logging_mixin.py:190} INFO - [2025-04-30T02:54:46.738+0000] {dag.py:4180} INFO - Setting next_dagrun for example_display_name to None, run_after=None
[2025-04-30T02:54:46.891+0000] {processor.py:208} INFO - Processing /home/airflow/.local/lib/python3.12/site-packages/airflow/example_dags/example_display_name.py took 0.523 seconds
[2025-04-30T02:55:20.462+0000] {processor.py:186} INFO - Started process (PID=282) to work on /home/airflow/.local/lib/python3.12/site-packages/airflow/example_dags/example_display_name.py
[2025-04-30T02:55:20.477+0000] {processor.py:914} INFO - Processing file /home/airflow/.local/lib/python3.12/site-packages/airflow/example_dags/example_display_name.py for tasks to queue
[2025-04-30T02:55:20.481+0000] {logging_mixin.py:190} INFO - [2025-04-30T02:55:20.480+0000] {dagbag.py:588} INFO - Filling up the DagBag from /home/airflow/.local/lib/python3.12/site-packages/airflow/example_dags/example_display_name.py
[2025-04-30T02:55:20.544+0000] {processor.py:925} INFO - DAG(s) 'example_display_name' retrieved from /home/airflow/.local/lib/python3.12/site-packages/airflow/example_dags/example_display_name.py
[2025-04-30T02:55:20.737+0000] {logging_mixin.py:190} INFO - [2025-04-30T02:55:20.736+0000] {dag.py:3239} INFO - Sync 1 DAGs
[2025-04-30T02:55:20.839+0000] {logging_mixin.py:190} INFO - [2025-04-30T02:55:20.839+0000] {dag.py:4180} INFO - Setting next_dagrun for example_display_name to None, run_after=None
[2025-04-30T02:55:21.090+0000] {processor.py:208} INFO - Processing /home/airflow/.local/lib/python3.12/site-packages/airflow/example_dags/example_display_name.py took 0.666 seconds
[2025-04-30T02:55:53.710+0000] {processor.py:186} INFO - Started process (PID=346) to work on /home/airflow/.local/lib/python3.12/site-packages/airflow/example_dags/example_display_name.py
[2025-04-30T02:55:53.724+0000] {processor.py:914} INFO - Processing file /home/airflow/.local/lib/python3.12/site-packages/airflow/example_dags/example_display_name.py for tasks to queue
[2025-04-30T02:55:53.733+0000] {logging_mixin.py:190} INFO - [2025-04-30T02:55:53.732+0000] {dagbag.py:588} INFO - Filling up the DagBag from /home/airflow/.local/lib/python3.12/site-packages/airflow/example_dags/example_display_name.py
[2025-04-30T02:55:53.771+0000] {processor.py:925} INFO - DAG(s) 'example_display_name' retrieved from /home/airflow/.local/lib/python3.12/site-packages/airflow/example_dags/example_display_name.py
[2025-04-30T02:55:53.886+0000] {logging_mixin.py:190} INFO - [2025-04-30T02:55:53.885+0000] {dag.py:3239} INFO - Sync 1 DAGs
[2025-04-30T02:55:54.038+0000] {logging_mixin.py:190} INFO - [2025-04-30T02:55:54.038+0000] {dag.py:4180} INFO - Setting next_dagrun for example_display_name to None, run_after=None
[2025-04-30T02:55:54.287+0000] {processor.py:208} INFO - Processing /home/airflow/.local/lib/python3.12/site-packages/airflow/example_dags/example_display_name.py took 0.611 seconds
[2025-04-30T02:56:37.837+0000] {processor.py:186} INFO - Started process (PID=416) to work on /home/airflow/.local/lib/python3.12/site-packages/airflow/example_dags/example_display_name.py
[2025-04-30T02:56:37.842+0000] {processor.py:914} INFO - Processing file /home/airflow/.local/lib/python3.12/site-packages/airflow/example_dags/example_display_name.py for tasks to queue
[2025-04-30T02:56:37.850+0000] {logging_mixin.py:190} INFO - [2025-04-30T02:56:37.849+0000] {dagbag.py:588} INFO - Filling up the DagBag from /home/airflow/.local/lib/python3.12/site-packages/airflow/example_dags/example_display_name.py
[2025-04-30T02:56:37.893+0000] {processor.py:925} INFO - DAG(s) 'example_display_name' retrieved from /home/airflow/.local/lib/python3.12/site-packages/airflow/example_dags/example_display_name.py
[2025-04-30T02:56:38.169+0000] {logging_mixin.py:190} INFO - [2025-04-30T02:56:38.168+0000] {dag.py:3239} INFO - Sync 1 DAGs
[2025-04-30T02:56:38.343+0000] {logging_mixin.py:190} INFO - [2025-04-30T02:56:38.342+0000] {dag.py:4180} INFO - Setting next_dagrun for example_display_name to None, run_after=None
[2025-04-30T02:56:38.481+0000] {processor.py:208} INFO - Processing /home/airflow/.local/lib/python3.12/site-packages/airflow/example_dags/example_display_name.py took 0.697 seconds
[2025-04-30T02:57:09.144+0000] {processor.py:186} INFO - Started process (PID=480) to work on /home/airflow/.local/lib/python3.12/site-packages/airflow/example_dags/example_display_name.py
[2025-04-30T02:57:09.145+0000] {processor.py:914} INFO - Processing file /home/airflow/.local/lib/python3.12/site-packages/airflow/example_dags/example_display_name.py for tasks to queue
[2025-04-30T02:57:09.150+0000] {logging_mixin.py:190} INFO - [2025-04-30T02:57:09.149+0000] {dagbag.py:588} INFO - Filling up the DagBag from /home/airflow/.local/lib/python3.12/site-packages/airflow/example_dags/example_display_name.py
[2025-04-30T02:57:09.165+0000] {processor.py:925} INFO - DAG(s) 'example_display_name' retrieved from /home/airflow/.local/lib/python3.12/site-packages/airflow/example_dags/example_display_name.py
[2025-04-30T02:57:09.200+0000] {logging_mixin.py:190} INFO - [2025-04-30T02:57:09.199+0000] {dag.py:3239} INFO - Sync 1 DAGs
[2025-04-30T02:57:09.230+0000] {logging_mixin.py:190} INFO - [2025-04-30T02:57:09.230+0000] {dag.py:4180} INFO - Setting next_dagrun for example_display_name to None, run_after=None
[2025-04-30T02:57:09.268+0000] {processor.py:208} INFO - Processing /home/airflow/.local/lib/python3.12/site-packages/airflow/example_dags/example_display_name.py took 0.132 seconds
[2025-04-30T02:57:39.595+0000] {processor.py:186} INFO - Started process (PID=544) to work on /home/airflow/.local/lib/python3.12/site-packages/airflow/example_dags/example_display_name.py
[2025-04-30T02:57:39.598+0000] {processor.py:914} INFO - Processing file /home/airflow/.local/lib/python3.12/site-packages/airflow/example_dags/example_display_name.py for tasks to queue
[2025-04-30T02:57:39.605+0000] {logging_mixin.py:190} INFO - [2025-04-30T02:57:39.603+0000] {dagbag.py:588} INFO - Filling up the DagBag from /home/airflow/.local/lib/python3.12/site-packages/airflow/example_dags/example_display_name.py
[2025-04-30T02:57:39.621+0000] {processor.py:925} INFO - DAG(s) 'example_display_name' retrieved from /home/airflow/.local/lib/python3.12/site-packages/airflow/example_dags/example_display_name.py
[2025-04-30T02:57:39.663+0000] {logging_mixin.py:190} INFO - [2025-04-30T02:57:39.663+0000] {dag.py:3239} INFO - Sync 1 DAGs
[2025-04-30T02:57:39.715+0000] {logging_mixin.py:190} INFO - [2025-04-30T02:57:39.713+0000] {dag.py:4180} INFO - Setting next_dagrun for example_display_name to None, run_after=None
[2025-04-30T02:57:39.773+0000] {processor.py:208} INFO - Processing /home/airflow/.local/lib/python3.12/site-packages/airflow/example_dags/example_display_name.py took 0.195 seconds
[2025-04-30T02:58:14.387+0000] {processor.py:186} INFO - Started process (PID=608) to work on /home/airflow/.local/lib/python3.12/site-packages/airflow/example_dags/example_display_name.py
[2025-04-30T02:58:14.391+0000] {processor.py:914} INFO - Processing file /home/airflow/.local/lib/python3.12/site-packages/airflow/example_dags/example_display_name.py for tasks to queue
[2025-04-30T02:58:14.397+0000] {logging_mixin.py:190} INFO - [2025-04-30T02:58:14.396+0000] {dagbag.py:588} INFO - Filling up the DagBag from /home/airflow/.local/lib/python3.12/site-packages/airflow/example_dags/example_display_name.py
[2025-04-30T02:58:14.425+0000] {processor.py:925} INFO - DAG(s) 'example_display_name' retrieved from /home/airflow/.local/lib/python3.12/site-packages/airflow/example_dags/example_display_name.py
[2025-04-30T02:58:14.476+0000] {logging_mixin.py:190} INFO - [2025-04-30T02:58:14.475+0000] {dag.py:3239} INFO - Sync 1 DAGs
[2025-04-30T02:58:14.514+0000] {logging_mixin.py:190} INFO - [2025-04-30T02:58:14.514+0000] {dag.py:4180} INFO - Setting next_dagrun for example_display_name to None, run_after=None
[2025-04-30T02:58:14.560+0000] {processor.py:208} INFO - Processing /home/airflow/.local/lib/python3.12/site-packages/airflow/example_dags/example_display_name.py took 0.188 seconds
[2025-04-30T02:58:46.522+0000] {processor.py:186} INFO - Started process (PID=671) to work on /home/airflow/.local/lib/python3.12/site-packages/airflow/example_dags/example_display_name.py
[2025-04-30T02:58:46.546+0000] {processor.py:914} INFO - Processing file /home/airflow/.local/lib/python3.12/site-packages/airflow/example_dags/example_display_name.py for tasks to queue
[2025-04-30T02:58:46.552+0000] {logging_mixin.py:190} INFO - [2025-04-30T02:58:46.552+0000] {dagbag.py:588} INFO - Filling up the DagBag from /home/airflow/.local/lib/python3.12/site-packages/airflow/example_dags/example_display_name.py
[2025-04-30T02:58:46.601+0000] {processor.py:925} INFO - DAG(s) 'example_display_name' retrieved from /home/airflow/.local/lib/python3.12/site-packages/airflow/example_dags/example_display_name.py
[2025-04-30T02:58:46.660+0000] {logging_mixin.py:190} INFO - [2025-04-30T02:58:46.660+0000] {dag.py:3239} INFO - Sync 1 DAGs
[2025-04-30T02:58:46.746+0000] {logging_mixin.py:190} INFO - [2025-04-30T02:58:46.745+0000] {dag.py:4180} INFO - Setting next_dagrun for example_display_name to None, run_after=None
[2025-04-30T02:58:46.932+0000] {processor.py:208} INFO - Processing /home/airflow/.local/lib/python3.12/site-packages/airflow/example_dags/example_display_name.py took 0.457 seconds
[2025-04-30T02:59:17.146+0000] {processor.py:186} INFO - Started process (PID=735) to work on /home/airflow/.local/lib/python3.12/site-packages/airflow/example_dags/example_display_name.py
[2025-04-30T02:59:17.148+0000] {processor.py:914} INFO - Processing file /home/airflow/.local/lib/python3.12/site-packages/airflow/example_dags/example_display_name.py for tasks to queue
[2025-04-30T02:59:17.152+0000] {logging_mixin.py:190} INFO - [2025-04-30T02:59:17.151+0000] {dagbag.py:588} INFO - Filling up the DagBag from /home/airflow/.local/lib/python3.12/site-packages/airflow/example_dags/example_display_name.py
[2025-04-30T02:59:17.167+0000] {processor.py:925} INFO - DAG(s) 'example_display_name' retrieved from /home/airflow/.local/lib/python3.12/site-packages/airflow/example_dags/example_display_name.py
[2025-04-30T02:59:17.206+0000] {logging_mixin.py:190} INFO - [2025-04-30T02:59:17.205+0000] {dag.py:3239} INFO - Sync 1 DAGs
[2025-04-30T02:59:17.239+0000] {logging_mixin.py:190} INFO - [2025-04-30T02:59:17.238+0000] {dag.py:4180} INFO - Setting next_dagrun for example_display_name to None, run_after=None
[2025-04-30T02:59:17.292+0000] {processor.py:208} INFO - Processing /home/airflow/.local/lib/python3.12/site-packages/airflow/example_dags/example_display_name.py took 0.156 seconds
[2025-04-30T02:59:47.907+0000] {processor.py:186} INFO - Started process (PID=800) to work on /home/airflow/.local/lib/python3.12/site-packages/airflow/example_dags/example_display_name.py
[2025-04-30T02:59:47.909+0000] {processor.py:914} INFO - Processing file /home/airflow/.local/lib/python3.12/site-packages/airflow/example_dags/example_display_name.py for tasks to queue
[2025-04-30T02:59:47.913+0000] {logging_mixin.py:190} INFO - [2025-04-30T02:59:47.912+0000] {dagbag.py:588} INFO - Filling up the DagBag from /home/airflow/.local/lib/python3.12/site-packages/airflow/example_dags/example_display_name.py
[2025-04-30T02:59:47.926+0000] {processor.py:925} INFO - DAG(s) 'example_display_name' retrieved from /home/airflow/.local/lib/python3.12/site-packages/airflow/example_dags/example_display_name.py
[2025-04-30T02:59:47.965+0000] {logging_mixin.py:190} INFO - [2025-04-30T02:59:47.965+0000] {dag.py:3239} INFO - Sync 1 DAGs
[2025-04-30T02:59:47.996+0000] {logging_mixin.py:190} INFO - [2025-04-30T02:59:47.995+0000] {dag.py:4180} INFO - Setting next_dagrun for example_display_name to None, run_after=None
[2025-04-30T02:59:48.057+0000] {processor.py:208} INFO - Processing /home/airflow/.local/lib/python3.12/site-packages/airflow/example_dags/example_display_name.py took 0.160 seconds
[2025-04-30T03:00:18.990+0000] {processor.py:186} INFO - Started process (PID=865) to work on /home/airflow/.local/lib/python3.12/site-packages/airflow/example_dags/example_display_name.py
[2025-04-30T03:00:18.992+0000] {processor.py:914} INFO - Processing file /home/airflow/.local/lib/python3.12/site-packages/airflow/example_dags/example_display_name.py for tasks to queue
[2025-04-30T03:00:18.998+0000] {logging_mixin.py:190} INFO - [2025-04-30T03:00:18.997+0000] {dagbag.py:588} INFO - Filling up the DagBag from /home/airflow/.local/lib/python3.12/site-packages/airflow/example_dags/example_display_name.py
[2025-04-30T03:00:19.021+0000] {processor.py:925} INFO - DAG(s) 'example_display_name' retrieved from /home/airflow/.local/lib/python3.12/site-packages/airflow/example_dags/example_display_name.py
[2025-04-30T03:00:19.064+0000] {logging_mixin.py:190} INFO - [2025-04-30T03:00:19.064+0000] {dag.py:3239} INFO - Sync 1 DAGs
[2025-04-30T03:00:19.095+0000] {logging_mixin.py:190} INFO - [2025-04-30T03:00:19.094+0000] {dag.py:4180} INFO - Setting next_dagrun for example_display_name to None, run_after=None
[2025-04-30T03:00:19.153+0000] {processor.py:208} INFO - Processing /home/airflow/.local/lib/python3.12/site-packages/airflow/example_dags/example_display_name.py took 0.181 seconds
[2025-04-30T03:00:52.103+0000] {processor.py:186} INFO - Started process (PID=929) to work on /home/airflow/.local/lib/python3.12/site-packages/airflow/example_dags/example_display_name.py
[2025-04-30T03:00:52.105+0000] {processor.py:914} INFO - Processing file /home/airflow/.local/lib/python3.12/site-packages/airflow/example_dags/example_display_name.py for tasks to queue
[2025-04-30T03:00:52.109+0000] {logging_mixin.py:190} INFO - [2025-04-30T03:00:52.109+0000] {dagbag.py:588} INFO - Filling up the DagBag from /home/airflow/.local/lib/python3.12/site-packages/airflow/example_dags/example_display_name.py
[2025-04-30T03:00:52.127+0000] {processor.py:925} INFO - DAG(s) 'example_display_name' retrieved from /home/airflow/.local/lib/python3.12/site-packages/airflow/example_dags/example_display_name.py
[2025-04-30T03:00:52.170+0000] {logging_mixin.py:190} INFO - [2025-04-30T03:00:52.169+0000] {dag.py:3239} INFO - Sync 1 DAGs
[2025-04-30T03:00:52.203+0000] {logging_mixin.py:190} INFO - [2025-04-30T03:00:52.203+0000] {dag.py:4180} INFO - Setting next_dagrun for example_display_name to None, run_after=None
[2025-04-30T03:00:52.246+0000] {processor.py:208} INFO - Processing /home/airflow/.local/lib/python3.12/site-packages/airflow/example_dags/example_display_name.py took 0.155 seconds
[2025-04-30T03:01:26.841+0000] {processor.py:186} INFO - Started process (PID=995) to work on /home/airflow/.local/lib/python3.12/site-packages/airflow/example_dags/example_display_name.py
[2025-04-30T03:01:26.843+0000] {processor.py:914} INFO - Processing file /home/airflow/.local/lib/python3.12/site-packages/airflow/example_dags/example_display_name.py for tasks to queue
[2025-04-30T03:01:26.859+0000] {logging_mixin.py:190} INFO - [2025-04-30T03:01:26.859+0000] {dagbag.py:588} INFO - Filling up the DagBag from /home/airflow/.local/lib/python3.12/site-packages/airflow/example_dags/example_display_name.py
[2025-04-30T03:01:26.924+0000] {processor.py:925} INFO - DAG(s) 'example_display_name' retrieved from /home/airflow/.local/lib/python3.12/site-packages/airflow/example_dags/example_display_name.py
[2025-04-30T03:01:27.068+0000] {logging_mixin.py:190} INFO - [2025-04-30T03:01:27.067+0000] {dag.py:3239} INFO - Sync 1 DAGs
[2025-04-30T03:01:27.118+0000] {logging_mixin.py:190} INFO - [2025-04-30T03:01:27.116+0000] {dag.py:4180} INFO - Setting next_dagrun for example_display_name to None, run_after=None
[2025-04-30T03:01:27.187+0000] {processor.py:208} INFO - Processing /home/airflow/.local/lib/python3.12/site-packages/airflow/example_dags/example_display_name.py took 0.393 seconds
[2025-04-30T03:04:39.423+0000] {processor.py:186} INFO - Started process (PID=123) to work on /home/airflow/.local/lib/python3.12/site-packages/airflow/example_dags/example_display_name.py
[2025-04-30T03:04:39.425+0000] {processor.py:914} INFO - Processing file /home/airflow/.local/lib/python3.12/site-packages/airflow/example_dags/example_display_name.py for tasks to queue
[2025-04-30T03:04:39.429+0000] {logging_mixin.py:190} INFO - [2025-04-30T03:04:39.428+0000] {dagbag.py:588} INFO - Filling up the DagBag from /home/airflow/.local/lib/python3.12/site-packages/airflow/example_dags/example_display_name.py
[2025-04-30T03:04:39.446+0000] {processor.py:925} INFO - DAG(s) 'example_display_name' retrieved from /home/airflow/.local/lib/python3.12/site-packages/airflow/example_dags/example_display_name.py
[2025-04-30T03:04:39.494+0000] {logging_mixin.py:190} INFO - [2025-04-30T03:04:39.493+0000] {dag.py:3239} INFO - Sync 1 DAGs
[2025-04-30T03:04:39.529+0000] {logging_mixin.py:190} INFO - [2025-04-30T03:04:39.528+0000] {dag.py:4180} INFO - Setting next_dagrun for example_display_name to None, run_after=None
[2025-04-30T03:04:39.594+0000] {processor.py:208} INFO - Processing /home/airflow/.local/lib/python3.12/site-packages/airflow/example_dags/example_display_name.py took 0.182 seconds
[2025-04-30T03:05:10.145+0000] {processor.py:186} INFO - Started process (PID=186) to work on /home/airflow/.local/lib/python3.12/site-packages/airflow/example_dags/example_display_name.py
[2025-04-30T03:05:10.146+0000] {processor.py:914} INFO - Processing file /home/airflow/.local/lib/python3.12/site-packages/airflow/example_dags/example_display_name.py for tasks to queue
[2025-04-30T03:05:10.151+0000] {logging_mixin.py:190} INFO - [2025-04-30T03:05:10.150+0000] {dagbag.py:588} INFO - Filling up the DagBag from /home/airflow/.local/lib/python3.12/site-packages/airflow/example_dags/example_display_name.py
[2025-04-30T03:05:10.164+0000] {processor.py:925} INFO - DAG(s) 'example_display_name' retrieved from /home/airflow/.local/lib/python3.12/site-packages/airflow/example_dags/example_display_name.py
[2025-04-30T03:05:10.195+0000] {logging_mixin.py:190} INFO - [2025-04-30T03:05:10.195+0000] {dag.py:3239} INFO - Sync 1 DAGs
[2025-04-30T03:05:10.242+0000] {logging_mixin.py:190} INFO - [2025-04-30T03:05:10.241+0000] {dag.py:4180} INFO - Setting next_dagrun for example_display_name to None, run_after=None
[2025-04-30T03:05:10.286+0000] {processor.py:208} INFO - Processing /home/airflow/.local/lib/python3.12/site-packages/airflow/example_dags/example_display_name.py took 0.149 seconds
[2025-04-30T03:05:40.800+0000] {processor.py:186} INFO - Started process (PID=250) to work on /home/airflow/.local/lib/python3.12/site-packages/airflow/example_dags/example_display_name.py
[2025-04-30T03:05:40.816+0000] {processor.py:914} INFO - Processing file /home/airflow/.local/lib/python3.12/site-packages/airflow/example_dags/example_display_name.py for tasks to queue
[2025-04-30T03:05:40.830+0000] {logging_mixin.py:190} INFO - [2025-04-30T03:05:40.829+0000] {dagbag.py:588} INFO - Filling up the DagBag from /home/airflow/.local/lib/python3.12/site-packages/airflow/example_dags/example_display_name.py
[2025-04-30T03:05:40.879+0000] {processor.py:925} INFO - DAG(s) 'example_display_name' retrieved from /home/airflow/.local/lib/python3.12/site-packages/airflow/example_dags/example_display_name.py
[2025-04-30T03:05:40.974+0000] {logging_mixin.py:190} INFO - [2025-04-30T03:05:40.973+0000] {dag.py:3239} INFO - Sync 1 DAGs
[2025-04-30T03:05:41.037+0000] {logging_mixin.py:190} INFO - [2025-04-30T03:05:41.036+0000] {dag.py:4180} INFO - Setting next_dagrun for example_display_name to None, run_after=None
[2025-04-30T03:05:41.112+0000] {processor.py:208} INFO - Processing /home/airflow/.local/lib/python3.12/site-packages/airflow/example_dags/example_display_name.py took 0.336 seconds
[2025-04-30T03:06:11.763+0000] {processor.py:186} INFO - Started process (PID=314) to work on /home/airflow/.local/lib/python3.12/site-packages/airflow/example_dags/example_display_name.py
[2025-04-30T03:06:11.764+0000] {processor.py:914} INFO - Processing file /home/airflow/.local/lib/python3.12/site-packages/airflow/example_dags/example_display_name.py for tasks to queue
[2025-04-30T03:06:11.769+0000] {logging_mixin.py:190} INFO - [2025-04-30T03:06:11.769+0000] {dagbag.py:588} INFO - Filling up the DagBag from /home/airflow/.local/lib/python3.12/site-packages/airflow/example_dags/example_display_name.py
[2025-04-30T03:06:11.786+0000] {processor.py:925} INFO - DAG(s) 'example_display_name' retrieved from /home/airflow/.local/lib/python3.12/site-packages/airflow/example_dags/example_display_name.py
[2025-04-30T03:06:11.823+0000] {logging_mixin.py:190} INFO - [2025-04-30T03:06:11.822+0000] {dag.py:3239} INFO - Sync 1 DAGs
[2025-04-30T03:06:11.853+0000] {logging_mixin.py:190} INFO - [2025-04-30T03:06:11.853+0000] {dag.py:4180} INFO - Setting next_dagrun for example_display_name to None, run_after=None
[2025-04-30T03:06:11.903+0000] {processor.py:208} INFO - Processing /home/airflow/.local/lib/python3.12/site-packages/airflow/example_dags/example_display_name.py took 0.151 seconds
[2025-04-30T03:06:42.140+0000] {processor.py:186} INFO - Started process (PID=377) to work on /home/airflow/.local/lib/python3.12/site-packages/airflow/example_dags/example_display_name.py
[2025-04-30T03:06:42.143+0000] {processor.py:914} INFO - Processing file /home/airflow/.local/lib/python3.12/site-packages/airflow/example_dags/example_display_name.py for tasks to queue
[2025-04-30T03:06:42.147+0000] {logging_mixin.py:190} INFO - [2025-04-30T03:06:42.147+0000] {dagbag.py:588} INFO - Filling up the DagBag from /home/airflow/.local/lib/python3.12/site-packages/airflow/example_dags/example_display_name.py
[2025-04-30T03:06:42.162+0000] {processor.py:925} INFO - DAG(s) 'example_display_name' retrieved from /home/airflow/.local/lib/python3.12/site-packages/airflow/example_dags/example_display_name.py
[2025-04-30T03:06:42.201+0000] {logging_mixin.py:190} INFO - [2025-04-30T03:06:42.201+0000] {dag.py:3239} INFO - Sync 1 DAGs
[2025-04-30T03:06:42.233+0000] {logging_mixin.py:190} INFO - [2025-04-30T03:06:42.233+0000] {dag.py:4180} INFO - Setting next_dagrun for example_display_name to None, run_after=None
[2025-04-30T03:06:42.279+0000] {processor.py:208} INFO - Processing /home/airflow/.local/lib/python3.12/site-packages/airflow/example_dags/example_display_name.py took 0.148 seconds
[2025-04-30T03:07:13.112+0000] {processor.py:186} INFO - Started process (PID=441) to work on /home/airflow/.local/lib/python3.12/site-packages/airflow/example_dags/example_display_name.py
[2025-04-30T03:07:13.114+0000] {processor.py:914} INFO - Processing file /home/airflow/.local/lib/python3.12/site-packages/airflow/example_dags/example_display_name.py for tasks to queue
[2025-04-30T03:07:13.118+0000] {logging_mixin.py:190} INFO - [2025-04-30T03:07:13.117+0000] {dagbag.py:588} INFO - Filling up the DagBag from /home/airflow/.local/lib/python3.12/site-packages/airflow/example_dags/example_display_name.py
[2025-04-30T03:07:13.131+0000] {processor.py:925} INFO - DAG(s) 'example_display_name' retrieved from /home/airflow/.local/lib/python3.12/site-packages/airflow/example_dags/example_display_name.py
[2025-04-30T03:07:13.163+0000] {logging_mixin.py:190} INFO - [2025-04-30T03:07:13.162+0000] {dag.py:3239} INFO - Sync 1 DAGs
[2025-04-30T03:07:13.189+0000] {logging_mixin.py:190} INFO - [2025-04-30T03:07:13.189+0000] {dag.py:4180} INFO - Setting next_dagrun for example_display_name to None, run_after=None
[2025-04-30T03:07:13.221+0000] {processor.py:208} INFO - Processing /home/airflow/.local/lib/python3.12/site-packages/airflow/example_dags/example_display_name.py took 0.116 seconds
[2025-04-30T03:07:44.318+0000] {processor.py:186} INFO - Started process (PID=506) to work on /home/airflow/.local/lib/python3.12/site-packages/airflow/example_dags/example_display_name.py
[2025-04-30T03:07:44.322+0000] {processor.py:914} INFO - Processing file /home/airflow/.local/lib/python3.12/site-packages/airflow/example_dags/example_display_name.py for tasks to queue
[2025-04-30T03:07:44.328+0000] {logging_mixin.py:190} INFO - [2025-04-30T03:07:44.327+0000] {dagbag.py:588} INFO - Filling up the DagBag from /home/airflow/.local/lib/python3.12/site-packages/airflow/example_dags/example_display_name.py
[2025-04-30T03:07:44.347+0000] {processor.py:925} INFO - DAG(s) 'example_display_name' retrieved from /home/airflow/.local/lib/python3.12/site-packages/airflow/example_dags/example_display_name.py
[2025-04-30T03:07:44.410+0000] {logging_mixin.py:190} INFO - [2025-04-30T03:07:44.410+0000] {dag.py:3239} INFO - Sync 1 DAGs
[2025-04-30T03:07:44.445+0000] {logging_mixin.py:190} INFO - [2025-04-30T03:07:44.444+0000] {dag.py:4180} INFO - Setting next_dagrun for example_display_name to None, run_after=None
[2025-04-30T03:07:44.484+0000] {processor.py:208} INFO - Processing /home/airflow/.local/lib/python3.12/site-packages/airflow/example_dags/example_display_name.py took 0.181 seconds
[2025-04-30T03:08:15.424+0000] {processor.py:186} INFO - Started process (PID=570) to work on /home/airflow/.local/lib/python3.12/site-packages/airflow/example_dags/example_display_name.py
[2025-04-30T03:08:15.425+0000] {processor.py:914} INFO - Processing file /home/airflow/.local/lib/python3.12/site-packages/airflow/example_dags/example_display_name.py for tasks to queue
[2025-04-30T03:08:15.432+0000] {logging_mixin.py:190} INFO - [2025-04-30T03:08:15.431+0000] {dagbag.py:588} INFO - Filling up the DagBag from /home/airflow/.local/lib/python3.12/site-packages/airflow/example_dags/example_display_name.py
[2025-04-30T03:08:15.452+0000] {processor.py:925} INFO - DAG(s) 'example_display_name' retrieved from /home/airflow/.local/lib/python3.12/site-packages/airflow/example_dags/example_display_name.py
[2025-04-30T03:08:15.493+0000] {logging_mixin.py:190} INFO - [2025-04-30T03:08:15.493+0000] {dag.py:3239} INFO - Sync 1 DAGs
[2025-04-30T03:08:15.542+0000] {logging_mixin.py:190} INFO - [2025-04-30T03:08:15.541+0000] {dag.py:4180} INFO - Setting next_dagrun for example_display_name to None, run_after=None
[2025-04-30T03:08:15.636+0000] {processor.py:208} INFO - Processing /home/airflow/.local/lib/python3.12/site-packages/airflow/example_dags/example_display_name.py took 0.224 seconds
[2025-04-30T03:08:46.274+0000] {processor.py:186} INFO - Started process (PID=633) to work on /home/airflow/.local/lib/python3.12/site-packages/airflow/example_dags/example_display_name.py
[2025-04-30T03:08:46.275+0000] {processor.py:914} INFO - Processing file /home/airflow/.local/lib/python3.12/site-packages/airflow/example_dags/example_display_name.py for tasks to queue
[2025-04-30T03:08:46.281+0000] {logging_mixin.py:190} INFO - [2025-04-30T03:08:46.280+0000] {dagbag.py:588} INFO - Filling up the DagBag from /home/airflow/.local/lib/python3.12/site-packages/airflow/example_dags/example_display_name.py
[2025-04-30T03:08:46.296+0000] {processor.py:925} INFO - DAG(s) 'example_display_name' retrieved from /home/airflow/.local/lib/python3.12/site-packages/airflow/example_dags/example_display_name.py
[2025-04-30T03:08:46.334+0000] {logging_mixin.py:190} INFO - [2025-04-30T03:08:46.333+0000] {dag.py:3239} INFO - Sync 1 DAGs
[2025-04-30T03:08:46.366+0000] {logging_mixin.py:190} INFO - [2025-04-30T03:08:46.366+0000] {dag.py:4180} INFO - Setting next_dagrun for example_display_name to None, run_after=None
[2025-04-30T03:08:46.416+0000] {processor.py:208} INFO - Processing /home/airflow/.local/lib/python3.12/site-packages/airflow/example_dags/example_display_name.py took 0.151 seconds
[2025-04-30T03:09:16.605+0000] {processor.py:186} INFO - Started process (PID=697) to work on /home/airflow/.local/lib/python3.12/site-packages/airflow/example_dags/example_display_name.py
[2025-04-30T03:09:16.607+0000] {processor.py:914} INFO - Processing file /home/airflow/.local/lib/python3.12/site-packages/airflow/example_dags/example_display_name.py for tasks to queue
[2025-04-30T03:09:16.612+0000] {logging_mixin.py:190} INFO - [2025-04-30T03:09:16.611+0000] {dagbag.py:588} INFO - Filling up the DagBag from /home/airflow/.local/lib/python3.12/site-packages/airflow/example_dags/example_display_name.py
[2025-04-30T03:09:16.625+0000] {processor.py:925} INFO - DAG(s) 'example_display_name' retrieved from /home/airflow/.local/lib/python3.12/site-packages/airflow/example_dags/example_display_name.py
[2025-04-30T03:09:16.657+0000] {logging_mixin.py:190} INFO - [2025-04-30T03:09:16.657+0000] {dag.py:3239} INFO - Sync 1 DAGs
[2025-04-30T03:09:16.682+0000] {logging_mixin.py:190} INFO - [2025-04-30T03:09:16.682+0000] {dag.py:4180} INFO - Setting next_dagrun for example_display_name to None, run_after=None
[2025-04-30T03:09:16.719+0000] {processor.py:208} INFO - Processing /home/airflow/.local/lib/python3.12/site-packages/airflow/example_dags/example_display_name.py took 0.122 seconds
[2025-04-30T03:09:49.675+0000] {processor.py:186} INFO - Started process (PID=768) to work on /home/airflow/.local/lib/python3.12/site-packages/airflow/example_dags/example_display_name.py
[2025-04-30T03:09:49.679+0000] {processor.py:914} INFO - Processing file /home/airflow/.local/lib/python3.12/site-packages/airflow/example_dags/example_display_name.py for tasks to queue
[2025-04-30T03:09:49.684+0000] {logging_mixin.py:190} INFO - [2025-04-30T03:09:49.684+0000] {dagbag.py:588} INFO - Filling up the DagBag from /home/airflow/.local/lib/python3.12/site-packages/airflow/example_dags/example_display_name.py
[2025-04-30T03:09:49.704+0000] {processor.py:925} INFO - DAG(s) 'example_display_name' retrieved from /home/airflow/.local/lib/python3.12/site-packages/airflow/example_dags/example_display_name.py
[2025-04-30T03:09:49.757+0000] {logging_mixin.py:190} INFO - [2025-04-30T03:09:49.756+0000] {dag.py:3239} INFO - Sync 1 DAGs
[2025-04-30T03:09:49.812+0000] {logging_mixin.py:190} INFO - [2025-04-30T03:09:49.812+0000] {dag.py:4180} INFO - Setting next_dagrun for example_display_name to None, run_after=None
[2025-04-30T03:09:49.886+0000] {processor.py:208} INFO - Processing /home/airflow/.local/lib/python3.12/site-packages/airflow/example_dags/example_display_name.py took 0.227 seconds
[2025-04-30T03:10:21.407+0000] {processor.py:186} INFO - Started process (PID=832) to work on /home/airflow/.local/lib/python3.12/site-packages/airflow/example_dags/example_display_name.py
[2025-04-30T03:10:21.408+0000] {processor.py:914} INFO - Processing file /home/airflow/.local/lib/python3.12/site-packages/airflow/example_dags/example_display_name.py for tasks to queue
[2025-04-30T03:10:21.412+0000] {logging_mixin.py:190} INFO - [2025-04-30T03:10:21.412+0000] {dagbag.py:588} INFO - Filling up the DagBag from /home/airflow/.local/lib/python3.12/site-packages/airflow/example_dags/example_display_name.py
[2025-04-30T03:10:21.428+0000] {processor.py:925} INFO - DAG(s) 'example_display_name' retrieved from /home/airflow/.local/lib/python3.12/site-packages/airflow/example_dags/example_display_name.py
[2025-04-30T03:10:21.469+0000] {logging_mixin.py:190} INFO - [2025-04-30T03:10:21.468+0000] {dag.py:3239} INFO - Sync 1 DAGs
[2025-04-30T03:10:21.495+0000] {logging_mixin.py:190} INFO - [2025-04-30T03:10:21.494+0000] {dag.py:4180} INFO - Setting next_dagrun for example_display_name to None, run_after=None
[2025-04-30T03:10:21.530+0000] {processor.py:208} INFO - Processing /home/airflow/.local/lib/python3.12/site-packages/airflow/example_dags/example_display_name.py took 0.132 seconds
[2025-04-30T03:11:02.706+0000] {processor.py:186} INFO - Started process (PID=902) to work on /home/airflow/.local/lib/python3.12/site-packages/airflow/example_dags/example_display_name.py
[2025-04-30T03:11:02.708+0000] {processor.py:914} INFO - Processing file /home/airflow/.local/lib/python3.12/site-packages/airflow/example_dags/example_display_name.py for tasks to queue
[2025-04-30T03:11:02.712+0000] {logging_mixin.py:190} INFO - [2025-04-30T03:11:02.712+0000] {dagbag.py:588} INFO - Filling up the DagBag from /home/airflow/.local/lib/python3.12/site-packages/airflow/example_dags/example_display_name.py
[2025-04-30T03:11:02.734+0000] {processor.py:925} INFO - DAG(s) 'example_display_name' retrieved from /home/airflow/.local/lib/python3.12/site-packages/airflow/example_dags/example_display_name.py
[2025-04-30T03:11:02.796+0000] {logging_mixin.py:190} INFO - [2025-04-30T03:11:02.796+0000] {dag.py:3239} INFO - Sync 1 DAGs
[2025-04-30T03:11:02.837+0000] {logging_mixin.py:190} INFO - [2025-04-30T03:11:02.836+0000] {dag.py:4180} INFO - Setting next_dagrun for example_display_name to None, run_after=None
[2025-04-30T03:11:02.887+0000] {processor.py:208} INFO - Processing /home/airflow/.local/lib/python3.12/site-packages/airflow/example_dags/example_display_name.py took 0.191 seconds
[2025-04-30T03:11:33.546+0000] {processor.py:186} INFO - Started process (PID=967) to work on /home/airflow/.local/lib/python3.12/site-packages/airflow/example_dags/example_display_name.py
[2025-04-30T03:11:33.547+0000] {processor.py:914} INFO - Processing file /home/airflow/.local/lib/python3.12/site-packages/airflow/example_dags/example_display_name.py for tasks to queue
[2025-04-30T03:11:33.552+0000] {logging_mixin.py:190} INFO - [2025-04-30T03:11:33.550+0000] {dagbag.py:588} INFO - Filling up the DagBag from /home/airflow/.local/lib/python3.12/site-packages/airflow/example_dags/example_display_name.py
[2025-04-30T03:11:33.567+0000] {processor.py:925} INFO - DAG(s) 'example_display_name' retrieved from /home/airflow/.local/lib/python3.12/site-packages/airflow/example_dags/example_display_name.py
[2025-04-30T03:11:33.606+0000] {logging_mixin.py:190} INFO - [2025-04-30T03:11:33.605+0000] {dag.py:3239} INFO - Sync 1 DAGs
[2025-04-30T03:11:33.650+0000] {logging_mixin.py:190} INFO - [2025-04-30T03:11:33.649+0000] {dag.py:4180} INFO - Setting next_dagrun for example_display_name to None, run_after=None
[2025-04-30T03:11:33.700+0000] {processor.py:208} INFO - Processing /home/airflow/.local/lib/python3.12/site-packages/airflow/example_dags/example_display_name.py took 0.163 seconds
[2025-04-30T03:12:03.974+0000] {processor.py:186} INFO - Started process (PID=1030) to work on /home/airflow/.local/lib/python3.12/site-packages/airflow/example_dags/example_display_name.py
[2025-04-30T03:12:03.975+0000] {processor.py:914} INFO - Processing file /home/airflow/.local/lib/python3.12/site-packages/airflow/example_dags/example_display_name.py for tasks to queue
[2025-04-30T03:12:03.980+0000] {logging_mixin.py:190} INFO - [2025-04-30T03:12:03.980+0000] {dagbag.py:588} INFO - Filling up the DagBag from /home/airflow/.local/lib/python3.12/site-packages/airflow/example_dags/example_display_name.py
[2025-04-30T03:12:03.995+0000] {processor.py:925} INFO - DAG(s) 'example_display_name' retrieved from /home/airflow/.local/lib/python3.12/site-packages/airflow/example_dags/example_display_name.py
[2025-04-30T03:12:04.032+0000] {logging_mixin.py:190} INFO - [2025-04-30T03:12:04.031+0000] {dag.py:3239} INFO - Sync 1 DAGs
[2025-04-30T03:12:04.061+0000] {logging_mixin.py:190} INFO - [2025-04-30T03:12:04.061+0000] {dag.py:4180} INFO - Setting next_dagrun for example_display_name to None, run_after=None
[2025-04-30T03:12:04.124+0000] {processor.py:208} INFO - Processing /home/airflow/.local/lib/python3.12/site-packages/airflow/example_dags/example_display_name.py took 0.162 seconds
[2025-04-30T03:12:35.028+0000] {processor.py:186} INFO - Started process (PID=1095) to work on /home/airflow/.local/lib/python3.12/site-packages/airflow/example_dags/example_display_name.py
[2025-04-30T03:12:35.030+0000] {processor.py:914} INFO - Processing file /home/airflow/.local/lib/python3.12/site-packages/airflow/example_dags/example_display_name.py for tasks to queue
[2025-04-30T03:12:35.036+0000] {logging_mixin.py:190} INFO - [2025-04-30T03:12:35.036+0000] {dagbag.py:588} INFO - Filling up the DagBag from /home/airflow/.local/lib/python3.12/site-packages/airflow/example_dags/example_display_name.py
[2025-04-30T03:12:35.053+0000] {processor.py:925} INFO - DAG(s) 'example_display_name' retrieved from /home/airflow/.local/lib/python3.12/site-packages/airflow/example_dags/example_display_name.py
[2025-04-30T03:12:35.118+0000] {logging_mixin.py:190} INFO - [2025-04-30T03:12:35.117+0000] {dag.py:3239} INFO - Sync 1 DAGs
[2025-04-30T03:12:35.157+0000] {logging_mixin.py:190} INFO - [2025-04-30T03:12:35.156+0000] {dag.py:4180} INFO - Setting next_dagrun for example_display_name to None, run_after=None
[2025-04-30T03:12:35.206+0000] {processor.py:208} INFO - Processing /home/airflow/.local/lib/python3.12/site-packages/airflow/example_dags/example_display_name.py took 0.190 seconds
[2025-04-30T03:13:06.379+0000] {processor.py:186} INFO - Started process (PID=1160) to work on /home/airflow/.local/lib/python3.12/site-packages/airflow/example_dags/example_display_name.py
[2025-04-30T03:13:06.381+0000] {processor.py:914} INFO - Processing file /home/airflow/.local/lib/python3.12/site-packages/airflow/example_dags/example_display_name.py for tasks to queue
[2025-04-30T03:13:06.384+0000] {logging_mixin.py:190} INFO - [2025-04-30T03:13:06.384+0000] {dagbag.py:588} INFO - Filling up the DagBag from /home/airflow/.local/lib/python3.12/site-packages/airflow/example_dags/example_display_name.py
[2025-04-30T03:13:06.395+0000] {processor.py:925} INFO - DAG(s) 'example_display_name' retrieved from /home/airflow/.local/lib/python3.12/site-packages/airflow/example_dags/example_display_name.py
[2025-04-30T03:13:06.423+0000] {logging_mixin.py:190} INFO - [2025-04-30T03:13:06.422+0000] {dag.py:3239} INFO - Sync 1 DAGs
[2025-04-30T03:13:06.446+0000] {logging_mixin.py:190} INFO - [2025-04-30T03:13:06.445+0000] {dag.py:4180} INFO - Setting next_dagrun for example_display_name to None, run_after=None
[2025-04-30T03:13:06.473+0000] {processor.py:208} INFO - Processing /home/airflow/.local/lib/python3.12/site-packages/airflow/example_dags/example_display_name.py took 0.101 seconds
[2025-04-30T03:13:37.796+0000] {processor.py:186} INFO - Started process (PID=1224) to work on /home/airflow/.local/lib/python3.12/site-packages/airflow/example_dags/example_display_name.py
[2025-04-30T03:13:37.807+0000] {processor.py:914} INFO - Processing file /home/airflow/.local/lib/python3.12/site-packages/airflow/example_dags/example_display_name.py for tasks to queue
[2025-04-30T03:13:37.827+0000] {logging_mixin.py:190} INFO - [2025-04-30T03:13:37.826+0000] {dagbag.py:588} INFO - Filling up the DagBag from /home/airflow/.local/lib/python3.12/site-packages/airflow/example_dags/example_display_name.py
[2025-04-30T03:13:37.881+0000] {processor.py:925} INFO - DAG(s) 'example_display_name' retrieved from /home/airflow/.local/lib/python3.12/site-packages/airflow/example_dags/example_display_name.py
[2025-04-30T03:13:37.963+0000] {logging_mixin.py:190} INFO - [2025-04-30T03:13:37.962+0000] {dag.py:3239} INFO - Sync 1 DAGs
[2025-04-30T03:13:37.986+0000] {logging_mixin.py:190} INFO - [2025-04-30T03:13:37.986+0000] {dag.py:4180} INFO - Setting next_dagrun for example_display_name to None, run_after=None
[2025-04-30T03:13:38.025+0000] {processor.py:208} INFO - Processing /home/airflow/.local/lib/python3.12/site-packages/airflow/example_dags/example_display_name.py took 0.260 seconds
