[2025-04-30T02:52:46.774+0000] {processor.py:186} INFO - Started process (PID=80) to work on /home/airflow/.local/lib/python3.12/site-packages/airflow/example_dags/example_bash_decorator.py
[2025-04-30T02:52:46.790+0000] {processor.py:914} INFO - Processing file /home/airflow/.local/lib/python3.12/site-packages/airflow/example_dags/example_bash_decorator.py for tasks to queue
[2025-04-30T02:52:46.812+0000] {logging_mixin.py:190} INFO - [2025-04-30T02:52:46.811+0000] {dagbag.py:588} INFO - Filling up the DagBag from /home/airflow/.local/lib/python3.12/site-packages/airflow/example_dags/example_bash_decorator.py
[2025-04-30T02:52:47.262+0000] {processor.py:925} INFO - DAG(s) 'example_bash_decorator' retrieved from /home/airflow/.local/lib/python3.12/site-packages/airflow/example_dags/example_bash_decorator.py
[2025-04-30T02:52:50.785+0000] {logging_mixin.py:190} INFO - [2025-04-30T02:52:50.784+0000] {dag.py:3239} INFO - Sync 1 DAGs
[2025-04-30T02:52:50.910+0000] {logging_mixin.py:190} INFO - [2025-04-30T02:52:50.889+0000] {dag.py:4180} INFO - Setting next_dagrun for example_bash_decorator to None, run_after=None
[2025-04-30T02:52:51.137+0000] {processor.py:208} INFO - Processing /home/airflow/.local/lib/python3.12/site-packages/airflow/example_dags/example_bash_decorator.py took 4.458 seconds
[2025-04-30T02:53:59.499+0000] {processor.py:186} INFO - Started process (PID=157) to work on /home/airflow/.local/lib/python3.12/site-packages/airflow/example_dags/example_bash_decorator.py
[2025-04-30T02:53:59.535+0000] {processor.py:914} INFO - Processing file /home/airflow/.local/lib/python3.12/site-packages/airflow/example_dags/example_bash_decorator.py for tasks to queue
[2025-04-30T02:53:59.577+0000] {logging_mixin.py:190} INFO - [2025-04-30T02:53:59.576+0000] {dagbag.py:588} INFO - Filling up the DagBag from /home/airflow/.local/lib/python3.12/site-packages/airflow/example_dags/example_bash_decorator.py
[2025-04-30T02:53:59.770+0000] {processor.py:925} INFO - DAG(s) 'example_bash_decorator' retrieved from /home/airflow/.local/lib/python3.12/site-packages/airflow/example_dags/example_bash_decorator.py
[2025-04-30T02:54:00.109+0000] {logging_mixin.py:190} INFO - [2025-04-30T02:54:00.099+0000] {dag.py:3239} INFO - Sync 1 DAGs
[2025-04-30T02:54:00.272+0000] {logging_mixin.py:190} INFO - [2025-04-30T02:54:00.272+0000] {dag.py:4180} INFO - Setting next_dagrun for example_bash_decorator to None, run_after=None
[2025-04-30T02:54:00.468+0000] {processor.py:208} INFO - Processing /home/airflow/.local/lib/python3.12/site-packages/airflow/example_dags/example_bash_decorator.py took 1.029 seconds
[2025-04-30T02:54:41.056+0000] {processor.py:186} INFO - Started process (PID=212) to work on /home/airflow/.local/lib/python3.12/site-packages/airflow/example_dags/example_bash_decorator.py
[2025-04-30T02:54:41.068+0000] {processor.py:914} INFO - Processing file /home/airflow/.local/lib/python3.12/site-packages/airflow/example_dags/example_bash_decorator.py for tasks to queue
[2025-04-30T02:54:41.091+0000] {logging_mixin.py:190} INFO - [2025-04-30T02:54:41.091+0000] {dagbag.py:588} INFO - Filling up the DagBag from /home/airflow/.local/lib/python3.12/site-packages/airflow/example_dags/example_bash_decorator.py
[2025-04-30T02:54:41.212+0000] {processor.py:925} INFO - DAG(s) 'example_bash_decorator' retrieved from /home/airflow/.local/lib/python3.12/site-packages/airflow/example_dags/example_bash_decorator.py
[2025-04-30T02:54:41.398+0000] {logging_mixin.py:190} INFO - [2025-04-30T02:54:41.394+0000] {dag.py:3239} INFO - Sync 1 DAGs
[2025-04-30T02:54:41.574+0000] {logging_mixin.py:190} INFO - [2025-04-30T02:54:41.573+0000] {dag.py:4180} INFO - Setting next_dagrun for example_bash_decorator to None, run_after=None
[2025-04-30T02:54:41.717+0000] {processor.py:208} INFO - Processing /home/airflow/.local/lib/python3.12/site-packages/airflow/example_dags/example_bash_decorator.py took 0.688 seconds
[2025-04-30T02:55:16.081+0000] {processor.py:186} INFO - Started process (PID=274) to work on /home/airflow/.local/lib/python3.12/site-packages/airflow/example_dags/example_bash_decorator.py
[2025-04-30T02:55:16.095+0000] {processor.py:914} INFO - Processing file /home/airflow/.local/lib/python3.12/site-packages/airflow/example_dags/example_bash_decorator.py for tasks to queue
[2025-04-30T02:55:16.130+0000] {logging_mixin.py:190} INFO - [2025-04-30T02:55:16.130+0000] {dagbag.py:588} INFO - Filling up the DagBag from /home/airflow/.local/lib/python3.12/site-packages/airflow/example_dags/example_bash_decorator.py
[2025-04-30T02:55:16.238+0000] {processor.py:925} INFO - DAG(s) 'example_bash_decorator' retrieved from /home/airflow/.local/lib/python3.12/site-packages/airflow/example_dags/example_bash_decorator.py
[2025-04-30T02:55:16.466+0000] {logging_mixin.py:190} INFO - [2025-04-30T02:55:16.466+0000] {dag.py:3239} INFO - Sync 1 DAGs
[2025-04-30T02:55:16.576+0000] {logging_mixin.py:190} INFO - [2025-04-30T02:55:16.575+0000] {dag.py:4180} INFO - Setting next_dagrun for example_bash_decorator to None, run_after=None
[2025-04-30T02:55:16.744+0000] {processor.py:208} INFO - Processing /home/airflow/.local/lib/python3.12/site-packages/airflow/example_dags/example_bash_decorator.py took 0.686 seconds
[2025-04-30T02:55:47.473+0000] {processor.py:186} INFO - Started process (PID=332) to work on /home/airflow/.local/lib/python3.12/site-packages/airflow/example_dags/example_bash_decorator.py
[2025-04-30T02:55:47.475+0000] {processor.py:914} INFO - Processing file /home/airflow/.local/lib/python3.12/site-packages/airflow/example_dags/example_bash_decorator.py for tasks to queue
[2025-04-30T02:55:47.480+0000] {logging_mixin.py:190} INFO - [2025-04-30T02:55:47.479+0000] {dagbag.py:588} INFO - Filling up the DagBag from /home/airflow/.local/lib/python3.12/site-packages/airflow/example_dags/example_bash_decorator.py
[2025-04-30T02:55:47.520+0000] {processor.py:925} INFO - DAG(s) 'example_bash_decorator' retrieved from /home/airflow/.local/lib/python3.12/site-packages/airflow/example_dags/example_bash_decorator.py
[2025-04-30T02:55:47.597+0000] {logging_mixin.py:190} INFO - [2025-04-30T02:55:47.596+0000] {dag.py:3239} INFO - Sync 1 DAGs
[2025-04-30T02:55:47.639+0000] {logging_mixin.py:190} INFO - [2025-04-30T02:55:47.639+0000] {dag.py:4180} INFO - Setting next_dagrun for example_bash_decorator to None, run_after=None
[2025-04-30T02:55:47.715+0000] {processor.py:208} INFO - Processing /home/airflow/.local/lib/python3.12/site-packages/airflow/example_dags/example_bash_decorator.py took 0.257 seconds
[2025-04-30T02:56:19.927+0000] {processor.py:186} INFO - Started process (PID=376) to work on /home/airflow/.local/lib/python3.12/site-packages/airflow/example_dags/example_bash_decorator.py
[2025-04-30T02:56:19.935+0000] {processor.py:914} INFO - Processing file /home/airflow/.local/lib/python3.12/site-packages/airflow/example_dags/example_bash_decorator.py for tasks to queue
[2025-04-30T02:56:19.945+0000] {logging_mixin.py:190} INFO - [2025-04-30T02:56:19.944+0000] {dagbag.py:588} INFO - Filling up the DagBag from /home/airflow/.local/lib/python3.12/site-packages/airflow/example_dags/example_bash_decorator.py
[2025-04-30T02:56:20.072+0000] {processor.py:925} INFO - DAG(s) 'example_bash_decorator' retrieved from /home/airflow/.local/lib/python3.12/site-packages/airflow/example_dags/example_bash_decorator.py
[2025-04-30T02:56:20.264+0000] {logging_mixin.py:190} INFO - [2025-04-30T02:56:20.263+0000] {dag.py:3239} INFO - Sync 1 DAGs
[2025-04-30T02:56:20.386+0000] {logging_mixin.py:190} INFO - [2025-04-30T02:56:20.385+0000] {dag.py:4180} INFO - Setting next_dagrun for example_bash_decorator to None, run_after=None
[2025-04-30T02:56:20.505+0000] {processor.py:208} INFO - Processing /home/airflow/.local/lib/python3.12/site-packages/airflow/example_dags/example_bash_decorator.py took 0.600 seconds
[2025-04-30T02:56:54.405+0000] {processor.py:186} INFO - Started process (PID=435) to work on /home/airflow/.local/lib/python3.12/site-packages/airflow/example_dags/example_bash_decorator.py
[2025-04-30T02:56:54.417+0000] {processor.py:914} INFO - Processing file /home/airflow/.local/lib/python3.12/site-packages/airflow/example_dags/example_bash_decorator.py for tasks to queue
[2025-04-30T02:56:54.424+0000] {logging_mixin.py:190} INFO - [2025-04-30T02:56:54.424+0000] {dagbag.py:588} INFO - Filling up the DagBag from /home/airflow/.local/lib/python3.12/site-packages/airflow/example_dags/example_bash_decorator.py
[2025-04-30T02:56:54.542+0000] {processor.py:925} INFO - DAG(s) 'example_bash_decorator' retrieved from /home/airflow/.local/lib/python3.12/site-packages/airflow/example_dags/example_bash_decorator.py
[2025-04-30T02:56:54.769+0000] {logging_mixin.py:190} INFO - [2025-04-30T02:56:54.769+0000] {dag.py:3239} INFO - Sync 1 DAGs
[2025-04-30T02:56:54.908+0000] {logging_mixin.py:190} INFO - [2025-04-30T02:56:54.908+0000] {dag.py:4180} INFO - Setting next_dagrun for example_bash_decorator to None, run_after=None
[2025-04-30T02:56:55.026+0000] {processor.py:208} INFO - Processing /home/airflow/.local/lib/python3.12/site-packages/airflow/example_dags/example_bash_decorator.py took 0.642 seconds
[2025-04-30T02:57:26.369+0000] {processor.py:186} INFO - Started process (PID=499) to work on /home/airflow/.local/lib/python3.12/site-packages/airflow/example_dags/example_bash_decorator.py
[2025-04-30T02:57:26.372+0000] {processor.py:914} INFO - Processing file /home/airflow/.local/lib/python3.12/site-packages/airflow/example_dags/example_bash_decorator.py for tasks to queue
[2025-04-30T02:57:26.383+0000] {logging_mixin.py:190} INFO - [2025-04-30T02:57:26.382+0000] {dagbag.py:588} INFO - Filling up the DagBag from /home/airflow/.local/lib/python3.12/site-packages/airflow/example_dags/example_bash_decorator.py
[2025-04-30T02:57:26.437+0000] {processor.py:925} INFO - DAG(s) 'example_bash_decorator' retrieved from /home/airflow/.local/lib/python3.12/site-packages/airflow/example_dags/example_bash_decorator.py
[2025-04-30T02:57:26.481+0000] {logging_mixin.py:190} INFO - [2025-04-30T02:57:26.481+0000] {dag.py:3239} INFO - Sync 1 DAGs
[2025-04-30T02:57:26.512+0000] {logging_mixin.py:190} INFO - [2025-04-30T02:57:26.511+0000] {dag.py:4180} INFO - Setting next_dagrun for example_bash_decorator to None, run_after=None
[2025-04-30T02:57:26.548+0000] {processor.py:208} INFO - Processing /home/airflow/.local/lib/python3.12/site-packages/airflow/example_dags/example_bash_decorator.py took 0.190 seconds
[2025-04-30T02:57:57.192+0000] {processor.py:186} INFO - Started process (PID=562) to work on /home/airflow/.local/lib/python3.12/site-packages/airflow/example_dags/example_bash_decorator.py
[2025-04-30T02:57:57.194+0000] {processor.py:914} INFO - Processing file /home/airflow/.local/lib/python3.12/site-packages/airflow/example_dags/example_bash_decorator.py for tasks to queue
[2025-04-30T02:57:57.200+0000] {logging_mixin.py:190} INFO - [2025-04-30T02:57:57.199+0000] {dagbag.py:588} INFO - Filling up the DagBag from /home/airflow/.local/lib/python3.12/site-packages/airflow/example_dags/example_bash_decorator.py
[2025-04-30T02:57:57.237+0000] {processor.py:925} INFO - DAG(s) 'example_bash_decorator' retrieved from /home/airflow/.local/lib/python3.12/site-packages/airflow/example_dags/example_bash_decorator.py
[2025-04-30T02:57:57.310+0000] {logging_mixin.py:190} INFO - [2025-04-30T02:57:57.310+0000] {dag.py:3239} INFO - Sync 1 DAGs
[2025-04-30T02:57:57.359+0000] {logging_mixin.py:190} INFO - [2025-04-30T02:57:57.358+0000] {dag.py:4180} INFO - Setting next_dagrun for example_bash_decorator to None, run_after=None
[2025-04-30T02:57:57.409+0000] {processor.py:208} INFO - Processing /home/airflow/.local/lib/python3.12/site-packages/airflow/example_dags/example_bash_decorator.py took 0.233 seconds
[2025-04-30T02:58:28.517+0000] {processor.py:186} INFO - Started process (PID=631) to work on /home/airflow/.local/lib/python3.12/site-packages/airflow/example_dags/example_bash_decorator.py
[2025-04-30T02:58:28.518+0000] {processor.py:914} INFO - Processing file /home/airflow/.local/lib/python3.12/site-packages/airflow/example_dags/example_bash_decorator.py for tasks to queue
[2025-04-30T02:58:28.524+0000] {logging_mixin.py:190} INFO - [2025-04-30T02:58:28.523+0000] {dagbag.py:588} INFO - Filling up the DagBag from /home/airflow/.local/lib/python3.12/site-packages/airflow/example_dags/example_bash_decorator.py
[2025-04-30T02:58:28.572+0000] {processor.py:925} INFO - DAG(s) 'example_bash_decorator' retrieved from /home/airflow/.local/lib/python3.12/site-packages/airflow/example_dags/example_bash_decorator.py
[2025-04-30T02:58:28.699+0000] {logging_mixin.py:190} INFO - [2025-04-30T02:58:28.698+0000] {dag.py:3239} INFO - Sync 1 DAGs
[2025-04-30T02:58:28.784+0000] {logging_mixin.py:190} INFO - [2025-04-30T02:58:28.784+0000] {dag.py:4180} INFO - Setting next_dagrun for example_bash_decorator to None, run_after=None
[2025-04-30T02:58:28.843+0000] {processor.py:208} INFO - Processing /home/airflow/.local/lib/python3.12/site-packages/airflow/example_dags/example_bash_decorator.py took 0.340 seconds
[2025-04-30T02:58:59.128+0000] {processor.py:186} INFO - Started process (PID=695) to work on /home/airflow/.local/lib/python3.12/site-packages/airflow/example_dags/example_bash_decorator.py
[2025-04-30T02:58:59.134+0000] {processor.py:914} INFO - Processing file /home/airflow/.local/lib/python3.12/site-packages/airflow/example_dags/example_bash_decorator.py for tasks to queue
[2025-04-30T02:58:59.140+0000] {logging_mixin.py:190} INFO - [2025-04-30T02:58:59.139+0000] {dagbag.py:588} INFO - Filling up the DagBag from /home/airflow/.local/lib/python3.12/site-packages/airflow/example_dags/example_bash_decorator.py
[2025-04-30T02:58:59.178+0000] {processor.py:925} INFO - DAG(s) 'example_bash_decorator' retrieved from /home/airflow/.local/lib/python3.12/site-packages/airflow/example_dags/example_bash_decorator.py
[2025-04-30T02:58:59.232+0000] {logging_mixin.py:190} INFO - [2025-04-30T02:58:59.232+0000] {dag.py:3239} INFO - Sync 1 DAGs
[2025-04-30T02:58:59.259+0000] {logging_mixin.py:190} INFO - [2025-04-30T02:58:59.258+0000] {dag.py:4180} INFO - Setting next_dagrun for example_bash_decorator to None, run_after=None
[2025-04-30T02:58:59.305+0000] {processor.py:208} INFO - Processing /home/airflow/.local/lib/python3.12/site-packages/airflow/example_dags/example_bash_decorator.py took 0.199 seconds
[2025-04-30T02:59:30.765+0000] {processor.py:186} INFO - Started process (PID=760) to work on /home/airflow/.local/lib/python3.12/site-packages/airflow/example_dags/example_bash_decorator.py
[2025-04-30T02:59:30.767+0000] {processor.py:914} INFO - Processing file /home/airflow/.local/lib/python3.12/site-packages/airflow/example_dags/example_bash_decorator.py for tasks to queue
[2025-04-30T02:59:30.771+0000] {logging_mixin.py:190} INFO - [2025-04-30T02:59:30.771+0000] {dagbag.py:588} INFO - Filling up the DagBag from /home/airflow/.local/lib/python3.12/site-packages/airflow/example_dags/example_bash_decorator.py
[2025-04-30T02:59:30.804+0000] {processor.py:925} INFO - DAG(s) 'example_bash_decorator' retrieved from /home/airflow/.local/lib/python3.12/site-packages/airflow/example_dags/example_bash_decorator.py
[2025-04-30T02:59:30.863+0000] {logging_mixin.py:190} INFO - [2025-04-30T02:59:30.863+0000] {dag.py:3239} INFO - Sync 1 DAGs
[2025-04-30T02:59:30.901+0000] {logging_mixin.py:190} INFO - [2025-04-30T02:59:30.901+0000] {dag.py:4180} INFO - Setting next_dagrun for example_bash_decorator to None, run_after=None
[2025-04-30T02:59:30.949+0000] {processor.py:208} INFO - Processing /home/airflow/.local/lib/python3.12/site-packages/airflow/example_dags/example_bash_decorator.py took 0.196 seconds
[2025-04-30T03:00:01.555+0000] {processor.py:186} INFO - Started process (PID=823) to work on /home/airflow/.local/lib/python3.12/site-packages/airflow/example_dags/example_bash_decorator.py
[2025-04-30T03:00:01.574+0000] {processor.py:914} INFO - Processing file /home/airflow/.local/lib/python3.12/site-packages/airflow/example_dags/example_bash_decorator.py for tasks to queue
[2025-04-30T03:00:01.583+0000] {logging_mixin.py:190} INFO - [2025-04-30T03:00:01.581+0000] {dagbag.py:588} INFO - Filling up the DagBag from /home/airflow/.local/lib/python3.12/site-packages/airflow/example_dags/example_bash_decorator.py
[2025-04-30T03:00:01.687+0000] {processor.py:925} INFO - DAG(s) 'example_bash_decorator' retrieved from /home/airflow/.local/lib/python3.12/site-packages/airflow/example_dags/example_bash_decorator.py
[2025-04-30T03:00:01.761+0000] {logging_mixin.py:190} INFO - [2025-04-30T03:00:01.760+0000] {dag.py:3239} INFO - Sync 1 DAGs
[2025-04-30T03:00:01.801+0000] {logging_mixin.py:190} INFO - [2025-04-30T03:00:01.800+0000] {dag.py:4180} INFO - Setting next_dagrun for example_bash_decorator to None, run_after=None
[2025-04-30T03:00:01.847+0000] {processor.py:208} INFO - Processing /home/airflow/.local/lib/python3.12/site-packages/airflow/example_dags/example_bash_decorator.py took 0.365 seconds
[2025-04-30T03:00:32.572+0000] {processor.py:186} INFO - Started process (PID=887) to work on /home/airflow/.local/lib/python3.12/site-packages/airflow/example_dags/example_bash_decorator.py
[2025-04-30T03:00:32.574+0000] {processor.py:914} INFO - Processing file /home/airflow/.local/lib/python3.12/site-packages/airflow/example_dags/example_bash_decorator.py for tasks to queue
[2025-04-30T03:00:32.578+0000] {logging_mixin.py:190} INFO - [2025-04-30T03:00:32.578+0000] {dagbag.py:588} INFO - Filling up the DagBag from /home/airflow/.local/lib/python3.12/site-packages/airflow/example_dags/example_bash_decorator.py
[2025-04-30T03:00:32.608+0000] {processor.py:925} INFO - DAG(s) 'example_bash_decorator' retrieved from /home/airflow/.local/lib/python3.12/site-packages/airflow/example_dags/example_bash_decorator.py
[2025-04-30T03:00:32.653+0000] {logging_mixin.py:190} INFO - [2025-04-30T03:00:32.653+0000] {dag.py:3239} INFO - Sync 1 DAGs
[2025-04-30T03:00:32.686+0000] {logging_mixin.py:190} INFO - [2025-04-30T03:00:32.686+0000] {dag.py:4180} INFO - Setting next_dagrun for example_bash_decorator to None, run_after=None
[2025-04-30T03:00:32.722+0000] {processor.py:208} INFO - Processing /home/airflow/.local/lib/python3.12/site-packages/airflow/example_dags/example_bash_decorator.py took 0.160 seconds
[2025-04-30T03:01:02.850+0000] {processor.py:186} INFO - Started process (PID=952) to work on /home/airflow/.local/lib/python3.12/site-packages/airflow/example_dags/example_bash_decorator.py
[2025-04-30T03:01:02.852+0000] {processor.py:914} INFO - Processing file /home/airflow/.local/lib/python3.12/site-packages/airflow/example_dags/example_bash_decorator.py for tasks to queue
[2025-04-30T03:01:02.856+0000] {logging_mixin.py:190} INFO - [2025-04-30T03:01:02.855+0000] {dagbag.py:588} INFO - Filling up the DagBag from /home/airflow/.local/lib/python3.12/site-packages/airflow/example_dags/example_bash_decorator.py
[2025-04-30T03:01:02.877+0000] {processor.py:925} INFO - DAG(s) 'example_bash_decorator' retrieved from /home/airflow/.local/lib/python3.12/site-packages/airflow/example_dags/example_bash_decorator.py
[2025-04-30T03:01:02.914+0000] {logging_mixin.py:190} INFO - [2025-04-30T03:01:02.914+0000] {dag.py:3239} INFO - Sync 1 DAGs
[2025-04-30T03:01:02.949+0000] {logging_mixin.py:190} INFO - [2025-04-30T03:01:02.948+0000] {dag.py:4180} INFO - Setting next_dagrun for example_bash_decorator to None, run_after=None
[2025-04-30T03:01:02.985+0000] {processor.py:208} INFO - Processing /home/airflow/.local/lib/python3.12/site-packages/airflow/example_dags/example_bash_decorator.py took 0.142 seconds
[2025-04-30T03:01:33.599+0000] {processor.py:186} INFO - Started process (PID=1016) to work on /home/airflow/.local/lib/python3.12/site-packages/airflow/example_dags/example_bash_decorator.py
[2025-04-30T03:01:33.601+0000] {processor.py:914} INFO - Processing file /home/airflow/.local/lib/python3.12/site-packages/airflow/example_dags/example_bash_decorator.py for tasks to queue
[2025-04-30T03:01:33.605+0000] {logging_mixin.py:190} INFO - [2025-04-30T03:01:33.604+0000] {dagbag.py:588} INFO - Filling up the DagBag from /home/airflow/.local/lib/python3.12/site-packages/airflow/example_dags/example_bash_decorator.py
[2025-04-30T03:01:33.631+0000] {processor.py:925} INFO - DAG(s) 'example_bash_decorator' retrieved from /home/airflow/.local/lib/python3.12/site-packages/airflow/example_dags/example_bash_decorator.py
[2025-04-30T03:01:33.681+0000] {logging_mixin.py:190} INFO - [2025-04-30T03:01:33.680+0000] {dag.py:3239} INFO - Sync 1 DAGs
[2025-04-30T03:01:33.704+0000] {logging_mixin.py:190} INFO - [2025-04-30T03:01:33.704+0000] {dag.py:4180} INFO - Setting next_dagrun for example_bash_decorator to None, run_after=None
[2025-04-30T03:01:33.748+0000] {processor.py:208} INFO - Processing /home/airflow/.local/lib/python3.12/site-packages/airflow/example_dags/example_bash_decorator.py took 0.156 seconds
[2025-04-30T03:04:15.120+0000] {processor.py:186} INFO - Started process (PID=67) to work on /home/airflow/.local/lib/python3.12/site-packages/airflow/example_dags/example_bash_decorator.py
[2025-04-30T03:04:15.128+0000] {processor.py:914} INFO - Processing file /home/airflow/.local/lib/python3.12/site-packages/airflow/example_dags/example_bash_decorator.py for tasks to queue
[2025-04-30T03:04:15.137+0000] {logging_mixin.py:190} INFO - [2025-04-30T03:04:15.136+0000] {dagbag.py:588} INFO - Filling up the DagBag from /home/airflow/.local/lib/python3.12/site-packages/airflow/example_dags/example_bash_decorator.py
[2025-04-30T03:04:15.304+0000] {processor.py:925} INFO - DAG(s) 'example_bash_decorator' retrieved from /home/airflow/.local/lib/python3.12/site-packages/airflow/example_dags/example_bash_decorator.py
[2025-04-30T03:04:16.060+0000] {logging_mixin.py:190} INFO - [2025-04-30T03:04:16.060+0000] {dag.py:3239} INFO - Sync 1 DAGs
[2025-04-30T03:04:16.168+0000] {logging_mixin.py:190} INFO - [2025-04-30T03:04:16.168+0000] {dag.py:4180} INFO - Setting next_dagrun for example_bash_decorator to None, run_after=None
[2025-04-30T03:04:16.289+0000] {processor.py:208} INFO - Processing /home/airflow/.local/lib/python3.12/site-packages/airflow/example_dags/example_bash_decorator.py took 1.200 seconds
[2025-04-30T03:04:47.099+0000] {processor.py:186} INFO - Started process (PID=132) to work on /home/airflow/.local/lib/python3.12/site-packages/airflow/example_dags/example_bash_decorator.py
[2025-04-30T03:04:47.139+0000] {processor.py:914} INFO - Processing file /home/airflow/.local/lib/python3.12/site-packages/airflow/example_dags/example_bash_decorator.py for tasks to queue
[2025-04-30T03:04:47.173+0000] {logging_mixin.py:190} INFO - [2025-04-30T03:04:47.172+0000] {dagbag.py:588} INFO - Filling up the DagBag from /home/airflow/.local/lib/python3.12/site-packages/airflow/example_dags/example_bash_decorator.py
[2025-04-30T03:04:47.320+0000] {processor.py:925} INFO - DAG(s) 'example_bash_decorator' retrieved from /home/airflow/.local/lib/python3.12/site-packages/airflow/example_dags/example_bash_decorator.py
[2025-04-30T03:04:47.579+0000] {logging_mixin.py:190} INFO - [2025-04-30T03:04:47.578+0000] {dag.py:3239} INFO - Sync 1 DAGs
[2025-04-30T03:04:47.818+0000] {logging_mixin.py:190} INFO - [2025-04-30T03:04:47.818+0000] {dag.py:4180} INFO - Setting next_dagrun for example_bash_decorator to None, run_after=None
[2025-04-30T03:04:47.971+0000] {processor.py:208} INFO - Processing /home/airflow/.local/lib/python3.12/site-packages/airflow/example_dags/example_bash_decorator.py took 0.909 seconds
[2025-04-30T03:05:18.376+0000] {processor.py:186} INFO - Started process (PID=202) to work on /home/airflow/.local/lib/python3.12/site-packages/airflow/example_dags/example_bash_decorator.py
[2025-04-30T03:05:18.377+0000] {processor.py:914} INFO - Processing file /home/airflow/.local/lib/python3.12/site-packages/airflow/example_dags/example_bash_decorator.py for tasks to queue
[2025-04-30T03:05:18.382+0000] {logging_mixin.py:190} INFO - [2025-04-30T03:05:18.381+0000] {dagbag.py:588} INFO - Filling up the DagBag from /home/airflow/.local/lib/python3.12/site-packages/airflow/example_dags/example_bash_decorator.py
[2025-04-30T03:05:18.408+0000] {processor.py:925} INFO - DAG(s) 'example_bash_decorator' retrieved from /home/airflow/.local/lib/python3.12/site-packages/airflow/example_dags/example_bash_decorator.py
[2025-04-30T03:05:18.450+0000] {logging_mixin.py:190} INFO - [2025-04-30T03:05:18.449+0000] {dag.py:3239} INFO - Sync 1 DAGs
[2025-04-30T03:05:18.476+0000] {logging_mixin.py:190} INFO - [2025-04-30T03:05:18.475+0000] {dag.py:4180} INFO - Setting next_dagrun for example_bash_decorator to None, run_after=None
[2025-04-30T03:05:18.521+0000] {processor.py:208} INFO - Processing /home/airflow/.local/lib/python3.12/site-packages/airflow/example_dags/example_bash_decorator.py took 0.156 seconds
[2025-04-30T03:05:48.866+0000] {processor.py:186} INFO - Started process (PID=266) to work on /home/airflow/.local/lib/python3.12/site-packages/airflow/example_dags/example_bash_decorator.py
[2025-04-30T03:05:48.868+0000] {processor.py:914} INFO - Processing file /home/airflow/.local/lib/python3.12/site-packages/airflow/example_dags/example_bash_decorator.py for tasks to queue
[2025-04-30T03:05:48.873+0000] {logging_mixin.py:190} INFO - [2025-04-30T03:05:48.872+0000] {dagbag.py:588} INFO - Filling up the DagBag from /home/airflow/.local/lib/python3.12/site-packages/airflow/example_dags/example_bash_decorator.py
[2025-04-30T03:05:48.906+0000] {processor.py:925} INFO - DAG(s) 'example_bash_decorator' retrieved from /home/airflow/.local/lib/python3.12/site-packages/airflow/example_dags/example_bash_decorator.py
[2025-04-30T03:05:48.958+0000] {logging_mixin.py:190} INFO - [2025-04-30T03:05:48.957+0000] {dag.py:3239} INFO - Sync 1 DAGs
[2025-04-30T03:05:48.997+0000] {logging_mixin.py:190} INFO - [2025-04-30T03:05:48.997+0000] {dag.py:4180} INFO - Setting next_dagrun for example_bash_decorator to None, run_after=None
[2025-04-30T03:05:49.053+0000] {processor.py:208} INFO - Processing /home/airflow/.local/lib/python3.12/site-packages/airflow/example_dags/example_bash_decorator.py took 0.201 seconds
[2025-04-30T03:06:19.923+0000] {processor.py:186} INFO - Started process (PID=330) to work on /home/airflow/.local/lib/python3.12/site-packages/airflow/example_dags/example_bash_decorator.py
[2025-04-30T03:06:19.927+0000] {processor.py:914} INFO - Processing file /home/airflow/.local/lib/python3.12/site-packages/airflow/example_dags/example_bash_decorator.py for tasks to queue
[2025-04-30T03:06:19.931+0000] {logging_mixin.py:190} INFO - [2025-04-30T03:06:19.930+0000] {dagbag.py:588} INFO - Filling up the DagBag from /home/airflow/.local/lib/python3.12/site-packages/airflow/example_dags/example_bash_decorator.py
[2025-04-30T03:06:19.990+0000] {processor.py:925} INFO - DAG(s) 'example_bash_decorator' retrieved from /home/airflow/.local/lib/python3.12/site-packages/airflow/example_dags/example_bash_decorator.py
[2025-04-30T03:06:20.189+0000] {logging_mixin.py:190} INFO - [2025-04-30T03:06:20.188+0000] {dag.py:3239} INFO - Sync 1 DAGs
[2025-04-30T03:06:20.221+0000] {logging_mixin.py:190} INFO - [2025-04-30T03:06:20.220+0000] {dag.py:4180} INFO - Setting next_dagrun for example_bash_decorator to None, run_after=None
[2025-04-30T03:06:20.317+0000] {processor.py:208} INFO - Processing /home/airflow/.local/lib/python3.12/site-packages/airflow/example_dags/example_bash_decorator.py took 0.403 seconds
[2025-04-30T03:06:51.350+0000] {processor.py:186} INFO - Started process (PID=394) to work on /home/airflow/.local/lib/python3.12/site-packages/airflow/example_dags/example_bash_decorator.py
[2025-04-30T03:06:51.352+0000] {processor.py:914} INFO - Processing file /home/airflow/.local/lib/python3.12/site-packages/airflow/example_dags/example_bash_decorator.py for tasks to queue
[2025-04-30T03:06:51.357+0000] {logging_mixin.py:190} INFO - [2025-04-30T03:06:51.356+0000] {dagbag.py:588} INFO - Filling up the DagBag from /home/airflow/.local/lib/python3.12/site-packages/airflow/example_dags/example_bash_decorator.py
[2025-04-30T03:06:51.396+0000] {processor.py:925} INFO - DAG(s) 'example_bash_decorator' retrieved from /home/airflow/.local/lib/python3.12/site-packages/airflow/example_dags/example_bash_decorator.py
[2025-04-30T03:06:51.451+0000] {logging_mixin.py:190} INFO - [2025-04-30T03:06:51.450+0000] {dag.py:3239} INFO - Sync 1 DAGs
[2025-04-30T03:06:51.492+0000] {logging_mixin.py:190} INFO - [2025-04-30T03:06:51.492+0000] {dag.py:4180} INFO - Setting next_dagrun for example_bash_decorator to None, run_after=None
[2025-04-30T03:06:51.550+0000] {processor.py:208} INFO - Processing /home/airflow/.local/lib/python3.12/site-packages/airflow/example_dags/example_bash_decorator.py took 0.212 seconds
[2025-04-30T03:07:22.508+0000] {processor.py:186} INFO - Started process (PID=459) to work on /home/airflow/.local/lib/python3.12/site-packages/airflow/example_dags/example_bash_decorator.py
[2025-04-30T03:07:22.510+0000] {processor.py:914} INFO - Processing file /home/airflow/.local/lib/python3.12/site-packages/airflow/example_dags/example_bash_decorator.py for tasks to queue
[2025-04-30T03:07:22.513+0000] {logging_mixin.py:190} INFO - [2025-04-30T03:07:22.512+0000] {dagbag.py:588} INFO - Filling up the DagBag from /home/airflow/.local/lib/python3.12/site-packages/airflow/example_dags/example_bash_decorator.py
[2025-04-30T03:07:22.537+0000] {processor.py:925} INFO - DAG(s) 'example_bash_decorator' retrieved from /home/airflow/.local/lib/python3.12/site-packages/airflow/example_dags/example_bash_decorator.py
[2025-04-30T03:07:22.585+0000] {logging_mixin.py:190} INFO - [2025-04-30T03:07:22.584+0000] {dag.py:3239} INFO - Sync 1 DAGs
[2025-04-30T03:07:22.610+0000] {logging_mixin.py:190} INFO - [2025-04-30T03:07:22.610+0000] {dag.py:4180} INFO - Setting next_dagrun for example_bash_decorator to None, run_after=None
[2025-04-30T03:07:22.650+0000] {processor.py:208} INFO - Processing /home/airflow/.local/lib/python3.12/site-packages/airflow/example_dags/example_bash_decorator.py took 0.151 seconds
[2025-04-30T03:07:53.434+0000] {processor.py:186} INFO - Started process (PID=523) to work on /home/airflow/.local/lib/python3.12/site-packages/airflow/example_dags/example_bash_decorator.py
[2025-04-30T03:07:53.436+0000] {processor.py:914} INFO - Processing file /home/airflow/.local/lib/python3.12/site-packages/airflow/example_dags/example_bash_decorator.py for tasks to queue
[2025-04-30T03:07:53.441+0000] {logging_mixin.py:190} INFO - [2025-04-30T03:07:53.441+0000] {dagbag.py:588} INFO - Filling up the DagBag from /home/airflow/.local/lib/python3.12/site-packages/airflow/example_dags/example_bash_decorator.py
[2025-04-30T03:07:53.477+0000] {processor.py:925} INFO - DAG(s) 'example_bash_decorator' retrieved from /home/airflow/.local/lib/python3.12/site-packages/airflow/example_dags/example_bash_decorator.py
[2025-04-30T03:07:53.525+0000] {logging_mixin.py:190} INFO - [2025-04-30T03:07:53.524+0000] {dag.py:3239} INFO - Sync 1 DAGs
[2025-04-30T03:07:53.554+0000] {logging_mixin.py:190} INFO - [2025-04-30T03:07:53.554+0000] {dag.py:4180} INFO - Setting next_dagrun for example_bash_decorator to None, run_after=None
[2025-04-30T03:07:53.625+0000] {processor.py:208} INFO - Processing /home/airflow/.local/lib/python3.12/site-packages/airflow/example_dags/example_bash_decorator.py took 0.199 seconds
[2025-04-30T03:08:24.173+0000] {processor.py:186} INFO - Started process (PID=587) to work on /home/airflow/.local/lib/python3.12/site-packages/airflow/example_dags/example_bash_decorator.py
[2025-04-30T03:08:24.175+0000] {processor.py:914} INFO - Processing file /home/airflow/.local/lib/python3.12/site-packages/airflow/example_dags/example_bash_decorator.py for tasks to queue
[2025-04-30T03:08:24.179+0000] {logging_mixin.py:190} INFO - [2025-04-30T03:08:24.179+0000] {dagbag.py:588} INFO - Filling up the DagBag from /home/airflow/.local/lib/python3.12/site-packages/airflow/example_dags/example_bash_decorator.py
[2025-04-30T03:08:24.214+0000] {processor.py:925} INFO - DAG(s) 'example_bash_decorator' retrieved from /home/airflow/.local/lib/python3.12/site-packages/airflow/example_dags/example_bash_decorator.py
[2025-04-30T03:08:24.264+0000] {logging_mixin.py:190} INFO - [2025-04-30T03:08:24.263+0000] {dag.py:3239} INFO - Sync 1 DAGs
[2025-04-30T03:08:24.290+0000] {logging_mixin.py:190} INFO - [2025-04-30T03:08:24.289+0000] {dag.py:4180} INFO - Setting next_dagrun for example_bash_decorator to None, run_after=None
[2025-04-30T03:08:24.335+0000] {processor.py:208} INFO - Processing /home/airflow/.local/lib/python3.12/site-packages/airflow/example_dags/example_bash_decorator.py took 0.178 seconds
[2025-04-30T03:08:54.955+0000] {processor.py:186} INFO - Started process (PID=650) to work on /home/airflow/.local/lib/python3.12/site-packages/airflow/example_dags/example_bash_decorator.py
[2025-04-30T03:08:54.958+0000] {processor.py:914} INFO - Processing file /home/airflow/.local/lib/python3.12/site-packages/airflow/example_dags/example_bash_decorator.py for tasks to queue
[2025-04-30T03:08:54.964+0000] {logging_mixin.py:190} INFO - [2025-04-30T03:08:54.963+0000] {dagbag.py:588} INFO - Filling up the DagBag from /home/airflow/.local/lib/python3.12/site-packages/airflow/example_dags/example_bash_decorator.py
[2025-04-30T03:08:55.038+0000] {processor.py:925} INFO - DAG(s) 'example_bash_decorator' retrieved from /home/airflow/.local/lib/python3.12/site-packages/airflow/example_dags/example_bash_decorator.py
[2025-04-30T03:08:55.160+0000] {logging_mixin.py:190} INFO - [2025-04-30T03:08:55.159+0000] {dag.py:3239} INFO - Sync 1 DAGs
[2025-04-30T03:08:55.212+0000] {logging_mixin.py:190} INFO - [2025-04-30T03:08:55.212+0000] {dag.py:4180} INFO - Setting next_dagrun for example_bash_decorator to None, run_after=None
[2025-04-30T03:08:55.267+0000] {processor.py:208} INFO - Processing /home/airflow/.local/lib/python3.12/site-packages/airflow/example_dags/example_bash_decorator.py took 0.336 seconds
[2025-04-30T03:09:25.751+0000] {processor.py:186} INFO - Started process (PID=715) to work on /home/airflow/.local/lib/python3.12/site-packages/airflow/example_dags/example_bash_decorator.py
[2025-04-30T03:09:25.755+0000] {processor.py:914} INFO - Processing file /home/airflow/.local/lib/python3.12/site-packages/airflow/example_dags/example_bash_decorator.py for tasks to queue
[2025-04-30T03:09:25.765+0000] {logging_mixin.py:190} INFO - [2025-04-30T03:09:25.761+0000] {dagbag.py:588} INFO - Filling up the DagBag from /home/airflow/.local/lib/python3.12/site-packages/airflow/example_dags/example_bash_decorator.py
[2025-04-30T03:09:25.804+0000] {processor.py:925} INFO - DAG(s) 'example_bash_decorator' retrieved from /home/airflow/.local/lib/python3.12/site-packages/airflow/example_dags/example_bash_decorator.py
[2025-04-30T03:09:25.852+0000] {logging_mixin.py:190} INFO - [2025-04-30T03:09:25.852+0000] {dag.py:3239} INFO - Sync 1 DAGs
[2025-04-30T03:09:25.890+0000] {logging_mixin.py:190} INFO - [2025-04-30T03:09:25.890+0000] {dag.py:4180} INFO - Setting next_dagrun for example_bash_decorator to None, run_after=None
[2025-04-30T03:09:25.948+0000] {processor.py:208} INFO - Processing /home/airflow/.local/lib/python3.12/site-packages/airflow/example_dags/example_bash_decorator.py took 0.219 seconds
[2025-04-30T03:09:56.566+0000] {processor.py:186} INFO - Started process (PID=779) to work on /home/airflow/.local/lib/python3.12/site-packages/airflow/example_dags/example_bash_decorator.py
[2025-04-30T03:09:56.571+0000] {processor.py:914} INFO - Processing file /home/airflow/.local/lib/python3.12/site-packages/airflow/example_dags/example_bash_decorator.py for tasks to queue
[2025-04-30T03:09:56.576+0000] {logging_mixin.py:190} INFO - [2025-04-30T03:09:56.575+0000] {dagbag.py:588} INFO - Filling up the DagBag from /home/airflow/.local/lib/python3.12/site-packages/airflow/example_dags/example_bash_decorator.py
[2025-04-30T03:09:56.617+0000] {processor.py:925} INFO - DAG(s) 'example_bash_decorator' retrieved from /home/airflow/.local/lib/python3.12/site-packages/airflow/example_dags/example_bash_decorator.py
[2025-04-30T03:09:56.665+0000] {logging_mixin.py:190} INFO - [2025-04-30T03:09:56.665+0000] {dag.py:3239} INFO - Sync 1 DAGs
[2025-04-30T03:09:56.720+0000] {logging_mixin.py:190} INFO - [2025-04-30T03:09:56.720+0000] {dag.py:4180} INFO - Setting next_dagrun for example_bash_decorator to None, run_after=None
[2025-04-30T03:09:56.777+0000] {processor.py:208} INFO - Processing /home/airflow/.local/lib/python3.12/site-packages/airflow/example_dags/example_bash_decorator.py took 0.219 seconds
[2025-04-30T03:10:27.135+0000] {processor.py:186} INFO - Started process (PID=842) to work on /home/airflow/.local/lib/python3.12/site-packages/airflow/example_dags/example_bash_decorator.py
[2025-04-30T03:10:27.137+0000] {processor.py:914} INFO - Processing file /home/airflow/.local/lib/python3.12/site-packages/airflow/example_dags/example_bash_decorator.py for tasks to queue
[2025-04-30T03:10:27.144+0000] {logging_mixin.py:190} INFO - [2025-04-30T03:10:27.143+0000] {dagbag.py:588} INFO - Filling up the DagBag from /home/airflow/.local/lib/python3.12/site-packages/airflow/example_dags/example_bash_decorator.py
[2025-04-30T03:10:27.205+0000] {processor.py:925} INFO - DAG(s) 'example_bash_decorator' retrieved from /home/airflow/.local/lib/python3.12/site-packages/airflow/example_dags/example_bash_decorator.py
[2025-04-30T03:10:27.300+0000] {logging_mixin.py:190} INFO - [2025-04-30T03:10:27.296+0000] {dag.py:3239} INFO - Sync 1 DAGs
[2025-04-30T03:10:27.364+0000] {logging_mixin.py:190} INFO - [2025-04-30T03:10:27.363+0000] {dag.py:4180} INFO - Setting next_dagrun for example_bash_decorator to None, run_after=None
[2025-04-30T03:10:27.453+0000] {processor.py:208} INFO - Processing /home/airflow/.local/lib/python3.12/site-packages/airflow/example_dags/example_bash_decorator.py took 0.327 seconds
[2025-04-30T03:10:58.929+0000] {processor.py:186} INFO - Started process (PID=892) to work on /home/airflow/.local/lib/python3.12/site-packages/airflow/example_dags/example_bash_decorator.py
[2025-04-30T03:10:58.932+0000] {processor.py:914} INFO - Processing file /home/airflow/.local/lib/python3.12/site-packages/airflow/example_dags/example_bash_decorator.py for tasks to queue
[2025-04-30T03:10:58.944+0000] {logging_mixin.py:190} INFO - [2025-04-30T03:10:58.943+0000] {dagbag.py:588} INFO - Filling up the DagBag from /home/airflow/.local/lib/python3.12/site-packages/airflow/example_dags/example_bash_decorator.py
[2025-04-30T03:10:59.078+0000] {processor.py:925} INFO - DAG(s) 'example_bash_decorator' retrieved from /home/airflow/.local/lib/python3.12/site-packages/airflow/example_dags/example_bash_decorator.py
[2025-04-30T03:10:59.218+0000] {logging_mixin.py:190} INFO - [2025-04-30T03:10:59.218+0000] {dag.py:3239} INFO - Sync 1 DAGs
[2025-04-30T03:10:59.267+0000] {logging_mixin.py:190} INFO - [2025-04-30T03:10:59.267+0000] {dag.py:4180} INFO - Setting next_dagrun for example_bash_decorator to None, run_after=None
[2025-04-30T03:10:59.504+0000] {processor.py:208} INFO - Processing /home/airflow/.local/lib/python3.12/site-packages/airflow/example_dags/example_bash_decorator.py took 0.588 seconds
[2025-04-30T03:11:30.215+0000] {processor.py:186} INFO - Started process (PID=957) to work on /home/airflow/.local/lib/python3.12/site-packages/airflow/example_dags/example_bash_decorator.py
[2025-04-30T03:11:30.217+0000] {processor.py:914} INFO - Processing file /home/airflow/.local/lib/python3.12/site-packages/airflow/example_dags/example_bash_decorator.py for tasks to queue
[2025-04-30T03:11:30.232+0000] {logging_mixin.py:190} INFO - [2025-04-30T03:11:30.232+0000] {dagbag.py:588} INFO - Filling up the DagBag from /home/airflow/.local/lib/python3.12/site-packages/airflow/example_dags/example_bash_decorator.py
[2025-04-30T03:11:30.286+0000] {processor.py:925} INFO - DAG(s) 'example_bash_decorator' retrieved from /home/airflow/.local/lib/python3.12/site-packages/airflow/example_dags/example_bash_decorator.py
[2025-04-30T03:11:30.345+0000] {logging_mixin.py:190} INFO - [2025-04-30T03:11:30.345+0000] {dag.py:3239} INFO - Sync 1 DAGs
[2025-04-30T03:11:30.375+0000] {logging_mixin.py:190} INFO - [2025-04-30T03:11:30.375+0000] {dag.py:4180} INFO - Setting next_dagrun for example_bash_decorator to None, run_after=None
[2025-04-30T03:11:30.420+0000] {processor.py:208} INFO - Processing /home/airflow/.local/lib/python3.12/site-packages/airflow/example_dags/example_bash_decorator.py took 0.227 seconds
[2025-04-30T03:12:00.750+0000] {processor.py:186} INFO - Started process (PID=1021) to work on /home/airflow/.local/lib/python3.12/site-packages/airflow/example_dags/example_bash_decorator.py
[2025-04-30T03:12:00.753+0000] {processor.py:914} INFO - Processing file /home/airflow/.local/lib/python3.12/site-packages/airflow/example_dags/example_bash_decorator.py for tasks to queue
[2025-04-30T03:12:00.757+0000] {logging_mixin.py:190} INFO - [2025-04-30T03:12:00.756+0000] {dagbag.py:588} INFO - Filling up the DagBag from /home/airflow/.local/lib/python3.12/site-packages/airflow/example_dags/example_bash_decorator.py
[2025-04-30T03:12:00.784+0000] {processor.py:925} INFO - DAG(s) 'example_bash_decorator' retrieved from /home/airflow/.local/lib/python3.12/site-packages/airflow/example_dags/example_bash_decorator.py
[2025-04-30T03:12:00.826+0000] {logging_mixin.py:190} INFO - [2025-04-30T03:12:00.826+0000] {dag.py:3239} INFO - Sync 1 DAGs
[2025-04-30T03:12:00.852+0000] {logging_mixin.py:190} INFO - [2025-04-30T03:12:00.851+0000] {dag.py:4180} INFO - Setting next_dagrun for example_bash_decorator to None, run_after=None
[2025-04-30T03:12:00.899+0000] {processor.py:208} INFO - Processing /home/airflow/.local/lib/python3.12/site-packages/airflow/example_dags/example_bash_decorator.py took 0.160 seconds
[2025-04-30T03:12:33.091+0000] {processor.py:186} INFO - Started process (PID=1085) to work on /home/airflow/.local/lib/python3.12/site-packages/airflow/example_dags/example_bash_decorator.py
[2025-04-30T03:12:33.093+0000] {processor.py:914} INFO - Processing file /home/airflow/.local/lib/python3.12/site-packages/airflow/example_dags/example_bash_decorator.py for tasks to queue
[2025-04-30T03:12:33.099+0000] {logging_mixin.py:190} INFO - [2025-04-30T03:12:33.096+0000] {dagbag.py:588} INFO - Filling up the DagBag from /home/airflow/.local/lib/python3.12/site-packages/airflow/example_dags/example_bash_decorator.py
[2025-04-30T03:12:33.137+0000] {processor.py:925} INFO - DAG(s) 'example_bash_decorator' retrieved from /home/airflow/.local/lib/python3.12/site-packages/airflow/example_dags/example_bash_decorator.py
[2025-04-30T03:12:33.205+0000] {logging_mixin.py:190} INFO - [2025-04-30T03:12:33.204+0000] {dag.py:3239} INFO - Sync 1 DAGs
[2025-04-30T03:12:33.240+0000] {logging_mixin.py:190} INFO - [2025-04-30T03:12:33.240+0000] {dag.py:4180} INFO - Setting next_dagrun for example_bash_decorator to None, run_after=None
[2025-04-30T03:12:33.308+0000] {processor.py:208} INFO - Processing /home/airflow/.local/lib/python3.12/site-packages/airflow/example_dags/example_bash_decorator.py took 0.229 seconds
[2025-04-30T03:13:03.708+0000] {processor.py:186} INFO - Started process (PID=1147) to work on /home/airflow/.local/lib/python3.12/site-packages/airflow/example_dags/example_bash_decorator.py
[2025-04-30T03:13:03.710+0000] {processor.py:914} INFO - Processing file /home/airflow/.local/lib/python3.12/site-packages/airflow/example_dags/example_bash_decorator.py for tasks to queue
[2025-04-30T03:13:03.715+0000] {logging_mixin.py:190} INFO - [2025-04-30T03:13:03.714+0000] {dagbag.py:588} INFO - Filling up the DagBag from /home/airflow/.local/lib/python3.12/site-packages/airflow/example_dags/example_bash_decorator.py
[2025-04-30T03:13:03.757+0000] {processor.py:925} INFO - DAG(s) 'example_bash_decorator' retrieved from /home/airflow/.local/lib/python3.12/site-packages/airflow/example_dags/example_bash_decorator.py
[2025-04-30T03:13:03.806+0000] {logging_mixin.py:190} INFO - [2025-04-30T03:13:03.805+0000] {dag.py:3239} INFO - Sync 1 DAGs
[2025-04-30T03:13:03.840+0000] {logging_mixin.py:190} INFO - [2025-04-30T03:13:03.840+0000] {dag.py:4180} INFO - Setting next_dagrun for example_bash_decorator to None, run_after=None
[2025-04-30T03:13:03.871+0000] {processor.py:208} INFO - Processing /home/airflow/.local/lib/python3.12/site-packages/airflow/example_dags/example_bash_decorator.py took 0.174 seconds
[2025-04-30T03:13:34.071+0000] {processor.py:186} INFO - Started process (PID=1211) to work on /home/airflow/.local/lib/python3.12/site-packages/airflow/example_dags/example_bash_decorator.py
[2025-04-30T03:13:34.073+0000] {processor.py:914} INFO - Processing file /home/airflow/.local/lib/python3.12/site-packages/airflow/example_dags/example_bash_decorator.py for tasks to queue
[2025-04-30T03:13:34.077+0000] {logging_mixin.py:190} INFO - [2025-04-30T03:13:34.076+0000] {dagbag.py:588} INFO - Filling up the DagBag from /home/airflow/.local/lib/python3.12/site-packages/airflow/example_dags/example_bash_decorator.py
[2025-04-30T03:13:34.101+0000] {processor.py:925} INFO - DAG(s) 'example_bash_decorator' retrieved from /home/airflow/.local/lib/python3.12/site-packages/airflow/example_dags/example_bash_decorator.py
[2025-04-30T03:13:34.142+0000] {logging_mixin.py:190} INFO - [2025-04-30T03:13:34.141+0000] {dag.py:3239} INFO - Sync 1 DAGs
[2025-04-30T03:13:34.174+0000] {logging_mixin.py:190} INFO - [2025-04-30T03:13:34.174+0000] {dag.py:4180} INFO - Setting next_dagrun for example_bash_decorator to None, run_after=None
[2025-04-30T03:13:34.209+0000] {processor.py:208} INFO - Processing /home/airflow/.local/lib/python3.12/site-packages/airflow/example_dags/example_bash_decorator.py took 0.148 seconds
[2025-04-30T03:14:05.777+0000] {processor.py:186} INFO - Started process (PID=1254) to work on /home/airflow/.local/lib/python3.12/site-packages/airflow/example_dags/example_bash_decorator.py
[2025-04-30T03:14:05.780+0000] {processor.py:914} INFO - Processing file /home/airflow/.local/lib/python3.12/site-packages/airflow/example_dags/example_bash_decorator.py for tasks to queue
[2025-04-30T03:14:05.785+0000] {logging_mixin.py:190} INFO - [2025-04-30T03:14:05.784+0000] {dagbag.py:588} INFO - Filling up the DagBag from /home/airflow/.local/lib/python3.12/site-packages/airflow/example_dags/example_bash_decorator.py
[2025-04-30T03:14:05.833+0000] {processor.py:925} INFO - DAG(s) 'example_bash_decorator' retrieved from /home/airflow/.local/lib/python3.12/site-packages/airflow/example_dags/example_bash_decorator.py
[2025-04-30T03:14:05.988+0000] {logging_mixin.py:190} INFO - [2025-04-30T03:14:05.987+0000] {dag.py:3239} INFO - Sync 1 DAGs
[2025-04-30T03:14:06.119+0000] {logging_mixin.py:190} INFO - [2025-04-30T03:14:06.105+0000] {dag.py:4180} INFO - Setting next_dagrun for example_bash_decorator to None, run_after=None
[2025-04-30T03:14:06.252+0000] {processor.py:208} INFO - Processing /home/airflow/.local/lib/python3.12/site-packages/airflow/example_dags/example_bash_decorator.py took 0.491 seconds
