[2025-04-30T02:53:17.173+0000] {processor.py:186} INFO - Started process (PID=98) to work on /home/airflow/.local/lib/python3.12/site-packages/airflow/example_dags/example_sensors.py
[2025-04-30T02:53:17.178+0000] {processor.py:914} INFO - Processing file /home/airflow/.local/lib/python3.12/site-packages/airflow/example_dags/example_sensors.py for tasks to queue
[2025-04-30T02:53:17.207+0000] {logging_mixin.py:190} INFO - [2025-04-30T02:53:17.206+0000] {dagbag.py:588} INFO - Filling up the DagBag from /home/airflow/.local/lib/python3.12/site-packages/airflow/example_dags/example_sensors.py
[2025-04-30T02:53:17.311+0000] {processor.py:925} INFO - DAG(s) 'example_sensors' retrieved from /home/airflow/.local/lib/python3.12/site-packages/airflow/example_dags/example_sensors.py
[2025-04-30T02:53:17.598+0000] {logging_mixin.py:190} INFO - [2025-04-30T02:53:17.598+0000] {dag.py:3239} INFO - Sync 1 DAGs
[2025-04-30T02:53:17.716+0000] {logging_mixin.py:190} INFO - [2025-04-30T02:53:17.693+0000] {dag.py:4180} INFO - Setting next_dagrun for example_sensors to None, run_after=None
[2025-04-30T02:53:17.927+0000] {processor.py:208} INFO - Processing /home/airflow/.local/lib/python3.12/site-packages/airflow/example_dags/example_sensors.py took 0.785 seconds
[2025-04-30T02:54:15.837+0000] {processor.py:186} INFO - Started process (PID=169) to work on /home/airflow/.local/lib/python3.12/site-packages/airflow/example_dags/example_sensors.py
[2025-04-30T02:54:15.872+0000] {processor.py:914} INFO - Processing file /home/airflow/.local/lib/python3.12/site-packages/airflow/example_dags/example_sensors.py for tasks to queue
[2025-04-30T02:54:15.896+0000] {logging_mixin.py:190} INFO - [2025-04-30T02:54:15.895+0000] {dagbag.py:588} INFO - Filling up the DagBag from /home/airflow/.local/lib/python3.12/site-packages/airflow/example_dags/example_sensors.py
[2025-04-30T02:54:15.968+0000] {processor.py:925} INFO - DAG(s) 'example_sensors' retrieved from /home/airflow/.local/lib/python3.12/site-packages/airflow/example_dags/example_sensors.py
[2025-04-30T02:54:16.232+0000] {logging_mixin.py:190} INFO - [2025-04-30T02:54:16.232+0000] {dag.py:3239} INFO - Sync 1 DAGs
[2025-04-30T02:54:16.330+0000] {logging_mixin.py:190} INFO - [2025-04-30T02:54:16.330+0000] {dag.py:4180} INFO - Setting next_dagrun for example_sensors to None, run_after=None
[2025-04-30T02:54:16.532+0000] {processor.py:208} INFO - Processing /home/airflow/.local/lib/python3.12/site-packages/airflow/example_dags/example_sensors.py took 0.819 seconds
[2025-04-30T02:54:59.022+0000] {processor.py:186} INFO - Started process (PID=239) to work on /home/airflow/.local/lib/python3.12/site-packages/airflow/example_dags/example_sensors.py
[2025-04-30T02:54:59.025+0000] {processor.py:914} INFO - Processing file /home/airflow/.local/lib/python3.12/site-packages/airflow/example_dags/example_sensors.py for tasks to queue
[2025-04-30T02:54:59.059+0000] {logging_mixin.py:190} INFO - [2025-04-30T02:54:59.058+0000] {dagbag.py:588} INFO - Filling up the DagBag from /home/airflow/.local/lib/python3.12/site-packages/airflow/example_dags/example_sensors.py
[2025-04-30T02:54:59.151+0000] {processor.py:925} INFO - DAG(s) 'example_sensors' retrieved from /home/airflow/.local/lib/python3.12/site-packages/airflow/example_dags/example_sensors.py
[2025-04-30T02:54:59.251+0000] {logging_mixin.py:190} INFO - [2025-04-30T02:54:59.251+0000] {dag.py:3239} INFO - Sync 1 DAGs
[2025-04-30T02:54:59.297+0000] {logging_mixin.py:190} INFO - [2025-04-30T02:54:59.297+0000] {dag.py:4180} INFO - Setting next_dagrun for example_sensors to None, run_after=None
[2025-04-30T02:54:59.399+0000] {processor.py:208} INFO - Processing /home/airflow/.local/lib/python3.12/site-packages/airflow/example_dags/example_sensors.py took 0.392 seconds
[2025-04-30T02:55:36.107+0000] {processor.py:186} INFO - Started process (PID=303) to work on /home/airflow/.local/lib/python3.12/site-packages/airflow/example_dags/example_sensors.py
[2025-04-30T02:55:36.123+0000] {processor.py:914} INFO - Processing file /home/airflow/.local/lib/python3.12/site-packages/airflow/example_dags/example_sensors.py for tasks to queue
[2025-04-30T02:55:36.145+0000] {logging_mixin.py:190} INFO - [2025-04-30T02:55:36.144+0000] {dagbag.py:588} INFO - Filling up the DagBag from /home/airflow/.local/lib/python3.12/site-packages/airflow/example_dags/example_sensors.py
[2025-04-30T02:55:36.230+0000] {processor.py:925} INFO - DAG(s) 'example_sensors' retrieved from /home/airflow/.local/lib/python3.12/site-packages/airflow/example_dags/example_sensors.py
[2025-04-30T02:55:36.426+0000] {logging_mixin.py:190} INFO - [2025-04-30T02:55:36.425+0000] {dag.py:3239} INFO - Sync 1 DAGs
[2025-04-30T02:55:36.511+0000] {logging_mixin.py:190} INFO - [2025-04-30T02:55:36.511+0000] {dag.py:4180} INFO - Setting next_dagrun for example_sensors to None, run_after=None
[2025-04-30T02:55:36.641+0000] {processor.py:208} INFO - Processing /home/airflow/.local/lib/python3.12/site-packages/airflow/example_dags/example_sensors.py took 0.580 seconds
[2025-04-30T02:56:12.674+0000] {processor.py:186} INFO - Started process (PID=367) to work on /home/airflow/.local/lib/python3.12/site-packages/airflow/example_dags/example_sensors.py
[2025-04-30T02:56:12.676+0000] {processor.py:914} INFO - Processing file /home/airflow/.local/lib/python3.12/site-packages/airflow/example_dags/example_sensors.py for tasks to queue
[2025-04-30T02:56:12.691+0000] {logging_mixin.py:190} INFO - [2025-04-30T02:56:12.690+0000] {dagbag.py:588} INFO - Filling up the DagBag from /home/airflow/.local/lib/python3.12/site-packages/airflow/example_dags/example_sensors.py
[2025-04-30T02:56:12.859+0000] {processor.py:925} INFO - DAG(s) 'example_sensors' retrieved from /home/airflow/.local/lib/python3.12/site-packages/airflow/example_dags/example_sensors.py
[2025-04-30T02:56:13.182+0000] {logging_mixin.py:190} INFO - [2025-04-30T02:56:13.182+0000] {dag.py:3239} INFO - Sync 1 DAGs
[2025-04-30T02:56:13.370+0000] {logging_mixin.py:190} INFO - [2025-04-30T02:56:13.369+0000] {dag.py:4180} INFO - Setting next_dagrun for example_sensors to None, run_after=None
[2025-04-30T02:56:13.652+0000] {processor.py:208} INFO - Processing /home/airflow/.local/lib/python3.12/site-packages/airflow/example_dags/example_sensors.py took 1.031 seconds
[2025-04-30T02:56:53.077+0000] {processor.py:186} INFO - Started process (PID=431) to work on /home/airflow/.local/lib/python3.12/site-packages/airflow/example_dags/example_sensors.py
[2025-04-30T02:56:53.080+0000] {processor.py:914} INFO - Processing file /home/airflow/.local/lib/python3.12/site-packages/airflow/example_dags/example_sensors.py for tasks to queue
[2025-04-30T02:56:53.088+0000] {logging_mixin.py:190} INFO - [2025-04-30T02:56:53.087+0000] {dagbag.py:588} INFO - Filling up the DagBag from /home/airflow/.local/lib/python3.12/site-packages/airflow/example_dags/example_sensors.py
[2025-04-30T02:56:53.131+0000] {processor.py:925} INFO - DAG(s) 'example_sensors' retrieved from /home/airflow/.local/lib/python3.12/site-packages/airflow/example_dags/example_sensors.py
[2025-04-30T02:56:53.214+0000] {logging_mixin.py:190} INFO - [2025-04-30T02:56:53.213+0000] {dag.py:3239} INFO - Sync 1 DAGs
[2025-04-30T02:56:53.260+0000] {logging_mixin.py:190} INFO - [2025-04-30T02:56:53.259+0000] {dag.py:4180} INFO - Setting next_dagrun for example_sensors to None, run_after=None
[2025-04-30T02:56:53.338+0000] {processor.py:208} INFO - Processing /home/airflow/.local/lib/python3.12/site-packages/airflow/example_dags/example_sensors.py took 0.277 seconds
[2025-04-30T02:57:24.402+0000] {processor.py:186} INFO - Started process (PID=495) to work on /home/airflow/.local/lib/python3.12/site-packages/airflow/example_dags/example_sensors.py
[2025-04-30T02:57:24.404+0000] {processor.py:914} INFO - Processing file /home/airflow/.local/lib/python3.12/site-packages/airflow/example_dags/example_sensors.py for tasks to queue
[2025-04-30T02:57:24.413+0000] {logging_mixin.py:190} INFO - [2025-04-30T02:57:24.409+0000] {dagbag.py:588} INFO - Filling up the DagBag from /home/airflow/.local/lib/python3.12/site-packages/airflow/example_dags/example_sensors.py
[2025-04-30T02:57:24.458+0000] {processor.py:925} INFO - DAG(s) 'example_sensors' retrieved from /home/airflow/.local/lib/python3.12/site-packages/airflow/example_dags/example_sensors.py
[2025-04-30T02:57:24.562+0000] {logging_mixin.py:190} INFO - [2025-04-30T02:57:24.562+0000] {dag.py:3239} INFO - Sync 1 DAGs
[2025-04-30T02:57:24.631+0000] {logging_mixin.py:190} INFO - [2025-04-30T02:57:24.630+0000] {dag.py:4180} INFO - Setting next_dagrun for example_sensors to None, run_after=None
[2025-04-30T02:57:24.754+0000] {processor.py:208} INFO - Processing /home/airflow/.local/lib/python3.12/site-packages/airflow/example_dags/example_sensors.py took 0.364 seconds
[2025-04-30T02:57:55.819+0000] {processor.py:186} INFO - Started process (PID=558) to work on /home/airflow/.local/lib/python3.12/site-packages/airflow/example_dags/example_sensors.py
[2025-04-30T02:57:55.820+0000] {processor.py:914} INFO - Processing file /home/airflow/.local/lib/python3.12/site-packages/airflow/example_dags/example_sensors.py for tasks to queue
[2025-04-30T02:57:55.825+0000] {logging_mixin.py:190} INFO - [2025-04-30T02:57:55.824+0000] {dagbag.py:588} INFO - Filling up the DagBag from /home/airflow/.local/lib/python3.12/site-packages/airflow/example_dags/example_sensors.py
[2025-04-30T02:57:55.853+0000] {processor.py:925} INFO - DAG(s) 'example_sensors' retrieved from /home/airflow/.local/lib/python3.12/site-packages/airflow/example_dags/example_sensors.py
[2025-04-30T02:57:55.923+0000] {logging_mixin.py:190} INFO - [2025-04-30T02:57:55.922+0000] {dag.py:3239} INFO - Sync 1 DAGs
[2025-04-30T02:57:55.956+0000] {logging_mixin.py:190} INFO - [2025-04-30T02:57:55.955+0000] {dag.py:4180} INFO - Setting next_dagrun for example_sensors to None, run_after=None
[2025-04-30T02:57:56.015+0000] {processor.py:208} INFO - Processing /home/airflow/.local/lib/python3.12/site-packages/airflow/example_dags/example_sensors.py took 0.211 seconds
[2025-04-30T02:58:26.311+0000] {processor.py:186} INFO - Started process (PID=621) to work on /home/airflow/.local/lib/python3.12/site-packages/airflow/example_dags/example_sensors.py
[2025-04-30T02:58:26.323+0000] {processor.py:914} INFO - Processing file /home/airflow/.local/lib/python3.12/site-packages/airflow/example_dags/example_sensors.py for tasks to queue
[2025-04-30T02:58:26.329+0000] {logging_mixin.py:190} INFO - [2025-04-30T02:58:26.328+0000] {dagbag.py:588} INFO - Filling up the DagBag from /home/airflow/.local/lib/python3.12/site-packages/airflow/example_dags/example_sensors.py
[2025-04-30T02:58:26.360+0000] {processor.py:925} INFO - DAG(s) 'example_sensors' retrieved from /home/airflow/.local/lib/python3.12/site-packages/airflow/example_dags/example_sensors.py
[2025-04-30T02:58:26.457+0000] {logging_mixin.py:190} INFO - [2025-04-30T02:58:26.457+0000] {dag.py:3239} INFO - Sync 1 DAGs
[2025-04-30T02:58:26.505+0000] {logging_mixin.py:190} INFO - [2025-04-30T02:58:26.505+0000] {dag.py:4180} INFO - Setting next_dagrun for example_sensors to None, run_after=None
[2025-04-30T02:58:26.630+0000] {processor.py:208} INFO - Processing /home/airflow/.local/lib/python3.12/site-packages/airflow/example_dags/example_sensors.py took 0.346 seconds
[2025-04-30T02:58:57.227+0000] {processor.py:186} INFO - Started process (PID=685) to work on /home/airflow/.local/lib/python3.12/site-packages/airflow/example_dags/example_sensors.py
[2025-04-30T02:58:57.229+0000] {processor.py:914} INFO - Processing file /home/airflow/.local/lib/python3.12/site-packages/airflow/example_dags/example_sensors.py for tasks to queue
[2025-04-30T02:58:57.233+0000] {logging_mixin.py:190} INFO - [2025-04-30T02:58:57.232+0000] {dagbag.py:588} INFO - Filling up the DagBag from /home/airflow/.local/lib/python3.12/site-packages/airflow/example_dags/example_sensors.py
[2025-04-30T02:58:57.258+0000] {processor.py:925} INFO - DAG(s) 'example_sensors' retrieved from /home/airflow/.local/lib/python3.12/site-packages/airflow/example_dags/example_sensors.py
[2025-04-30T02:58:57.320+0000] {logging_mixin.py:190} INFO - [2025-04-30T02:58:57.319+0000] {dag.py:3239} INFO - Sync 1 DAGs
[2025-04-30T02:58:57.354+0000] {logging_mixin.py:190} INFO - [2025-04-30T02:58:57.354+0000] {dag.py:4180} INFO - Setting next_dagrun for example_sensors to None, run_after=None
[2025-04-30T02:58:57.398+0000] {processor.py:208} INFO - Processing /home/airflow/.local/lib/python3.12/site-packages/airflow/example_dags/example_sensors.py took 0.182 seconds
[2025-04-30T02:59:27.614+0000] {processor.py:186} INFO - Started process (PID=748) to work on /home/airflow/.local/lib/python3.12/site-packages/airflow/example_dags/example_sensors.py
[2025-04-30T02:59:27.617+0000] {processor.py:914} INFO - Processing file /home/airflow/.local/lib/python3.12/site-packages/airflow/example_dags/example_sensors.py for tasks to queue
[2025-04-30T02:59:27.624+0000] {logging_mixin.py:190} INFO - [2025-04-30T02:59:27.623+0000] {dagbag.py:588} INFO - Filling up the DagBag from /home/airflow/.local/lib/python3.12/site-packages/airflow/example_dags/example_sensors.py
[2025-04-30T02:59:27.650+0000] {processor.py:925} INFO - DAG(s) 'example_sensors' retrieved from /home/airflow/.local/lib/python3.12/site-packages/airflow/example_dags/example_sensors.py
[2025-04-30T02:59:27.709+0000] {logging_mixin.py:190} INFO - [2025-04-30T02:59:27.708+0000] {dag.py:3239} INFO - Sync 1 DAGs
[2025-04-30T02:59:27.739+0000] {logging_mixin.py:190} INFO - [2025-04-30T02:59:27.739+0000] {dag.py:4180} INFO - Setting next_dagrun for example_sensors to None, run_after=None
[2025-04-30T02:59:27.790+0000] {processor.py:208} INFO - Processing /home/airflow/.local/lib/python3.12/site-packages/airflow/example_dags/example_sensors.py took 0.193 seconds
[2025-04-30T02:59:58.141+0000] {processor.py:186} INFO - Started process (PID=813) to work on /home/airflow/.local/lib/python3.12/site-packages/airflow/example_dags/example_sensors.py
[2025-04-30T02:59:58.143+0000] {processor.py:914} INFO - Processing file /home/airflow/.local/lib/python3.12/site-packages/airflow/example_dags/example_sensors.py for tasks to queue
[2025-04-30T02:59:58.147+0000] {logging_mixin.py:190} INFO - [2025-04-30T02:59:58.147+0000] {dagbag.py:588} INFO - Filling up the DagBag from /home/airflow/.local/lib/python3.12/site-packages/airflow/example_dags/example_sensors.py
[2025-04-30T02:59:58.176+0000] {processor.py:925} INFO - DAG(s) 'example_sensors' retrieved from /home/airflow/.local/lib/python3.12/site-packages/airflow/example_dags/example_sensors.py
[2025-04-30T02:59:58.246+0000] {logging_mixin.py:190} INFO - [2025-04-30T02:59:58.245+0000] {dag.py:3239} INFO - Sync 1 DAGs
[2025-04-30T02:59:58.283+0000] {logging_mixin.py:190} INFO - [2025-04-30T02:59:58.283+0000] {dag.py:4180} INFO - Setting next_dagrun for example_sensors to None, run_after=None
[2025-04-30T02:59:58.328+0000] {processor.py:208} INFO - Processing /home/airflow/.local/lib/python3.12/site-packages/airflow/example_dags/example_sensors.py took 0.199 seconds
[2025-04-30T03:00:28.928+0000] {processor.py:186} INFO - Started process (PID=883) to work on /home/airflow/.local/lib/python3.12/site-packages/airflow/example_dags/example_sensors.py
[2025-04-30T03:00:28.929+0000] {processor.py:914} INFO - Processing file /home/airflow/.local/lib/python3.12/site-packages/airflow/example_dags/example_sensors.py for tasks to queue
[2025-04-30T03:00:28.933+0000] {logging_mixin.py:190} INFO - [2025-04-30T03:00:28.933+0000] {dagbag.py:588} INFO - Filling up the DagBag from /home/airflow/.local/lib/python3.12/site-packages/airflow/example_dags/example_sensors.py
[2025-04-30T03:00:28.958+0000] {processor.py:925} INFO - DAG(s) 'example_sensors' retrieved from /home/airflow/.local/lib/python3.12/site-packages/airflow/example_dags/example_sensors.py
[2025-04-30T03:00:29.012+0000] {logging_mixin.py:190} INFO - [2025-04-30T03:00:29.011+0000] {dag.py:3239} INFO - Sync 1 DAGs
[2025-04-30T03:00:29.041+0000] {logging_mixin.py:190} INFO - [2025-04-30T03:00:29.040+0000] {dag.py:4180} INFO - Setting next_dagrun for example_sensors to None, run_after=None
[2025-04-30T03:00:29.071+0000] {processor.py:208} INFO - Processing /home/airflow/.local/lib/python3.12/site-packages/airflow/example_dags/example_sensors.py took 0.155 seconds
[2025-04-30T03:00:59.593+0000] {processor.py:186} INFO - Started process (PID=948) to work on /home/airflow/.local/lib/python3.12/site-packages/airflow/example_dags/example_sensors.py
[2025-04-30T03:00:59.595+0000] {processor.py:914} INFO - Processing file /home/airflow/.local/lib/python3.12/site-packages/airflow/example_dags/example_sensors.py for tasks to queue
[2025-04-30T03:00:59.599+0000] {logging_mixin.py:190} INFO - [2025-04-30T03:00:59.598+0000] {dagbag.py:588} INFO - Filling up the DagBag from /home/airflow/.local/lib/python3.12/site-packages/airflow/example_dags/example_sensors.py
[2025-04-30T03:00:59.618+0000] {processor.py:925} INFO - DAG(s) 'example_sensors' retrieved from /home/airflow/.local/lib/python3.12/site-packages/airflow/example_dags/example_sensors.py
[2025-04-30T03:00:59.672+0000] {logging_mixin.py:190} INFO - [2025-04-30T03:00:59.671+0000] {dag.py:3239} INFO - Sync 1 DAGs
[2025-04-30T03:00:59.721+0000] {logging_mixin.py:190} INFO - [2025-04-30T03:00:59.720+0000] {dag.py:4180} INFO - Setting next_dagrun for example_sensors to None, run_after=None
[2025-04-30T03:00:59.774+0000] {processor.py:208} INFO - Processing /home/airflow/.local/lib/python3.12/site-packages/airflow/example_dags/example_sensors.py took 0.197 seconds
[2025-04-30T03:01:29.914+0000] {processor.py:186} INFO - Started process (PID=1011) to work on /home/airflow/.local/lib/python3.12/site-packages/airflow/example_dags/example_sensors.py
[2025-04-30T03:01:29.915+0000] {processor.py:914} INFO - Processing file /home/airflow/.local/lib/python3.12/site-packages/airflow/example_dags/example_sensors.py for tasks to queue
[2025-04-30T03:01:29.919+0000] {logging_mixin.py:190} INFO - [2025-04-30T03:01:29.918+0000] {dagbag.py:588} INFO - Filling up the DagBag from /home/airflow/.local/lib/python3.12/site-packages/airflow/example_dags/example_sensors.py
[2025-04-30T03:01:29.938+0000] {processor.py:925} INFO - DAG(s) 'example_sensors' retrieved from /home/airflow/.local/lib/python3.12/site-packages/airflow/example_dags/example_sensors.py
[2025-04-30T03:01:29.981+0000] {logging_mixin.py:190} INFO - [2025-04-30T03:01:29.980+0000] {dag.py:3239} INFO - Sync 1 DAGs
[2025-04-30T03:01:30.006+0000] {logging_mixin.py:190} INFO - [2025-04-30T03:01:30.006+0000] {dag.py:4180} INFO - Setting next_dagrun for example_sensors to None, run_after=None
[2025-04-30T03:01:30.041+0000] {processor.py:208} INFO - Processing /home/airflow/.local/lib/python3.12/site-packages/airflow/example_dags/example_sensors.py took 0.137 seconds
[2025-04-30T03:04:25.226+0000] {processor.py:186} INFO - Started process (PID=85) to work on /home/airflow/.local/lib/python3.12/site-packages/airflow/example_dags/example_sensors.py
[2025-04-30T03:04:25.248+0000] {processor.py:914} INFO - Processing file /home/airflow/.local/lib/python3.12/site-packages/airflow/example_dags/example_sensors.py for tasks to queue
[2025-04-30T03:04:25.269+0000] {logging_mixin.py:190} INFO - [2025-04-30T03:04:25.268+0000] {dagbag.py:588} INFO - Filling up the DagBag from /home/airflow/.local/lib/python3.12/site-packages/airflow/example_dags/example_sensors.py
[2025-04-30T03:04:25.328+0000] {processor.py:925} INFO - DAG(s) 'example_sensors' retrieved from /home/airflow/.local/lib/python3.12/site-packages/airflow/example_dags/example_sensors.py
[2025-04-30T03:04:25.521+0000] {logging_mixin.py:190} INFO - [2025-04-30T03:04:25.520+0000] {dag.py:3239} INFO - Sync 1 DAGs
[2025-04-30T03:04:25.630+0000] {logging_mixin.py:190} INFO - [2025-04-30T03:04:25.627+0000] {dag.py:4180} INFO - Setting next_dagrun for example_sensors to None, run_after=None
[2025-04-30T03:04:25.717+0000] {processor.py:208} INFO - Processing /home/airflow/.local/lib/python3.12/site-packages/airflow/example_dags/example_sensors.py took 0.505 seconds
[2025-04-30T03:04:56.260+0000] {processor.py:186} INFO - Started process (PID=149) to work on /home/airflow/.local/lib/python3.12/site-packages/airflow/example_dags/example_sensors.py
[2025-04-30T03:04:56.264+0000] {processor.py:914} INFO - Processing file /home/airflow/.local/lib/python3.12/site-packages/airflow/example_dags/example_sensors.py for tasks to queue
[2025-04-30T03:04:56.286+0000] {logging_mixin.py:190} INFO - [2025-04-30T03:04:56.286+0000] {dagbag.py:588} INFO - Filling up the DagBag from /home/airflow/.local/lib/python3.12/site-packages/airflow/example_dags/example_sensors.py
[2025-04-30T03:04:56.312+0000] {processor.py:925} INFO - DAG(s) 'example_sensors' retrieved from /home/airflow/.local/lib/python3.12/site-packages/airflow/example_dags/example_sensors.py
[2025-04-30T03:04:56.375+0000] {logging_mixin.py:190} INFO - [2025-04-30T03:04:56.374+0000] {dag.py:3239} INFO - Sync 1 DAGs
[2025-04-30T03:04:56.416+0000] {logging_mixin.py:190} INFO - [2025-04-30T03:04:56.415+0000] {dag.py:4180} INFO - Setting next_dagrun for example_sensors to None, run_after=None
[2025-04-30T03:04:56.464+0000] {processor.py:208} INFO - Processing /home/airflow/.local/lib/python3.12/site-packages/airflow/example_dags/example_sensors.py took 0.214 seconds
[2025-04-30T03:05:27.935+0000] {processor.py:186} INFO - Started process (PID=213) to work on /home/airflow/.local/lib/python3.12/site-packages/airflow/example_dags/example_sensors.py
[2025-04-30T03:05:27.937+0000] {processor.py:914} INFO - Processing file /home/airflow/.local/lib/python3.12/site-packages/airflow/example_dags/example_sensors.py for tasks to queue
[2025-04-30T03:05:27.941+0000] {logging_mixin.py:190} INFO - [2025-04-30T03:05:27.940+0000] {dagbag.py:588} INFO - Filling up the DagBag from /home/airflow/.local/lib/python3.12/site-packages/airflow/example_dags/example_sensors.py
[2025-04-30T03:05:27.962+0000] {processor.py:925} INFO - DAG(s) 'example_sensors' retrieved from /home/airflow/.local/lib/python3.12/site-packages/airflow/example_dags/example_sensors.py
[2025-04-30T03:05:28.016+0000] {logging_mixin.py:190} INFO - [2025-04-30T03:05:28.016+0000] {dag.py:3239} INFO - Sync 1 DAGs
[2025-04-30T03:05:28.044+0000] {logging_mixin.py:190} INFO - [2025-04-30T03:05:28.044+0000] {dag.py:4180} INFO - Setting next_dagrun for example_sensors to None, run_after=None
[2025-04-30T03:05:28.091+0000] {processor.py:208} INFO - Processing /home/airflow/.local/lib/python3.12/site-packages/airflow/example_dags/example_sensors.py took 0.165 seconds
[2025-04-30T03:05:59.800+0000] {processor.py:186} INFO - Started process (PID=277) to work on /home/airflow/.local/lib/python3.12/site-packages/airflow/example_dags/example_sensors.py
[2025-04-30T03:05:59.805+0000] {processor.py:914} INFO - Processing file /home/airflow/.local/lib/python3.12/site-packages/airflow/example_dags/example_sensors.py for tasks to queue
[2025-04-30T03:05:59.811+0000] {logging_mixin.py:190} INFO - [2025-04-30T03:05:59.810+0000] {dagbag.py:588} INFO - Filling up the DagBag from /home/airflow/.local/lib/python3.12/site-packages/airflow/example_dags/example_sensors.py
[2025-04-30T03:05:59.853+0000] {processor.py:925} INFO - DAG(s) 'example_sensors' retrieved from /home/airflow/.local/lib/python3.12/site-packages/airflow/example_dags/example_sensors.py
[2025-04-30T03:05:59.974+0000] {logging_mixin.py:190} INFO - [2025-04-30T03:05:59.974+0000] {dag.py:3239} INFO - Sync 1 DAGs
[2025-04-30T03:06:00.055+0000] {logging_mixin.py:190} INFO - [2025-04-30T03:06:00.055+0000] {dag.py:4180} INFO - Setting next_dagrun for example_sensors to None, run_after=None
[2025-04-30T03:06:00.134+0000] {processor.py:208} INFO - Processing /home/airflow/.local/lib/python3.12/site-packages/airflow/example_dags/example_sensors.py took 0.348 seconds
[2025-04-30T03:06:31.397+0000] {processor.py:186} INFO - Started process (PID=341) to work on /home/airflow/.local/lib/python3.12/site-packages/airflow/example_dags/example_sensors.py
[2025-04-30T03:06:31.399+0000] {processor.py:914} INFO - Processing file /home/airflow/.local/lib/python3.12/site-packages/airflow/example_dags/example_sensors.py for tasks to queue
[2025-04-30T03:06:31.405+0000] {logging_mixin.py:190} INFO - [2025-04-30T03:06:31.404+0000] {dagbag.py:588} INFO - Filling up the DagBag from /home/airflow/.local/lib/python3.12/site-packages/airflow/example_dags/example_sensors.py
[2025-04-30T03:06:31.433+0000] {processor.py:925} INFO - DAG(s) 'example_sensors' retrieved from /home/airflow/.local/lib/python3.12/site-packages/airflow/example_dags/example_sensors.py
[2025-04-30T03:06:31.493+0000] {logging_mixin.py:190} INFO - [2025-04-30T03:06:31.492+0000] {dag.py:3239} INFO - Sync 1 DAGs
[2025-04-30T03:06:31.522+0000] {logging_mixin.py:190} INFO - [2025-04-30T03:06:31.521+0000] {dag.py:4180} INFO - Setting next_dagrun for example_sensors to None, run_after=None
[2025-04-30T03:06:31.571+0000] {processor.py:208} INFO - Processing /home/airflow/.local/lib/python3.12/site-packages/airflow/example_dags/example_sensors.py took 0.190 seconds
[2025-04-30T03:07:02.166+0000] {processor.py:186} INFO - Started process (PID=404) to work on /home/airflow/.local/lib/python3.12/site-packages/airflow/example_dags/example_sensors.py
[2025-04-30T03:07:02.174+0000] {processor.py:914} INFO - Processing file /home/airflow/.local/lib/python3.12/site-packages/airflow/example_dags/example_sensors.py for tasks to queue
[2025-04-30T03:07:02.197+0000] {logging_mixin.py:190} INFO - [2025-04-30T03:07:02.196+0000] {dagbag.py:588} INFO - Filling up the DagBag from /home/airflow/.local/lib/python3.12/site-packages/airflow/example_dags/example_sensors.py
[2025-04-30T03:07:02.306+0000] {processor.py:925} INFO - DAG(s) 'example_sensors' retrieved from /home/airflow/.local/lib/python3.12/site-packages/airflow/example_dags/example_sensors.py
[2025-04-30T03:07:02.404+0000] {logging_mixin.py:190} INFO - [2025-04-30T03:07:02.404+0000] {dag.py:3239} INFO - Sync 1 DAGs
[2025-04-30T03:07:02.481+0000] {logging_mixin.py:190} INFO - [2025-04-30T03:07:02.480+0000] {dag.py:4180} INFO - Setting next_dagrun for example_sensors to None, run_after=None
[2025-04-30T03:07:02.569+0000] {processor.py:208} INFO - Processing /home/airflow/.local/lib/python3.12/site-packages/airflow/example_dags/example_sensors.py took 0.432 seconds
[2025-04-30T03:07:33.575+0000] {processor.py:186} INFO - Started process (PID=468) to work on /home/airflow/.local/lib/python3.12/site-packages/airflow/example_dags/example_sensors.py
[2025-04-30T03:07:33.610+0000] {processor.py:914} INFO - Processing file /home/airflow/.local/lib/python3.12/site-packages/airflow/example_dags/example_sensors.py for tasks to queue
[2025-04-30T03:07:33.615+0000] {logging_mixin.py:190} INFO - [2025-04-30T03:07:33.614+0000] {dagbag.py:588} INFO - Filling up the DagBag from /home/airflow/.local/lib/python3.12/site-packages/airflow/example_dags/example_sensors.py
[2025-04-30T03:07:33.665+0000] {processor.py:925} INFO - DAG(s) 'example_sensors' retrieved from /home/airflow/.local/lib/python3.12/site-packages/airflow/example_dags/example_sensors.py
[2025-04-30T03:07:33.738+0000] {logging_mixin.py:190} INFO - [2025-04-30T03:07:33.735+0000] {dag.py:3239} INFO - Sync 1 DAGs
[2025-04-30T03:07:33.794+0000] {logging_mixin.py:190} INFO - [2025-04-30T03:07:33.793+0000] {dag.py:4180} INFO - Setting next_dagrun for example_sensors to None, run_after=None
[2025-04-30T03:07:33.864+0000] {processor.py:208} INFO - Processing /home/airflow/.local/lib/python3.12/site-packages/airflow/example_dags/example_sensors.py took 0.302 seconds
[2025-04-30T03:08:04.133+0000] {processor.py:186} INFO - Started process (PID=532) to work on /home/airflow/.local/lib/python3.12/site-packages/airflow/example_dags/example_sensors.py
[2025-04-30T03:08:04.135+0000] {processor.py:914} INFO - Processing file /home/airflow/.local/lib/python3.12/site-packages/airflow/example_dags/example_sensors.py for tasks to queue
[2025-04-30T03:08:04.139+0000] {logging_mixin.py:190} INFO - [2025-04-30T03:08:04.139+0000] {dagbag.py:588} INFO - Filling up the DagBag from /home/airflow/.local/lib/python3.12/site-packages/airflow/example_dags/example_sensors.py
[2025-04-30T03:08:04.164+0000] {processor.py:925} INFO - DAG(s) 'example_sensors' retrieved from /home/airflow/.local/lib/python3.12/site-packages/airflow/example_dags/example_sensors.py
[2025-04-30T03:08:04.214+0000] {logging_mixin.py:190} INFO - [2025-04-30T03:08:04.213+0000] {dag.py:3239} INFO - Sync 1 DAGs
[2025-04-30T03:08:04.244+0000] {logging_mixin.py:190} INFO - [2025-04-30T03:08:04.243+0000] {dag.py:4180} INFO - Setting next_dagrun for example_sensors to None, run_after=None
[2025-04-30T03:08:04.279+0000] {processor.py:208} INFO - Processing /home/airflow/.local/lib/python3.12/site-packages/airflow/example_dags/example_sensors.py took 0.156 seconds
[2025-04-30T03:08:34.392+0000] {processor.py:186} INFO - Started process (PID=596) to work on /home/airflow/.local/lib/python3.12/site-packages/airflow/example_dags/example_sensors.py
[2025-04-30T03:08:34.394+0000] {processor.py:914} INFO - Processing file /home/airflow/.local/lib/python3.12/site-packages/airflow/example_dags/example_sensors.py for tasks to queue
[2025-04-30T03:08:34.397+0000] {logging_mixin.py:190} INFO - [2025-04-30T03:08:34.396+0000] {dagbag.py:588} INFO - Filling up the DagBag from /home/airflow/.local/lib/python3.12/site-packages/airflow/example_dags/example_sensors.py
[2025-04-30T03:08:34.413+0000] {processor.py:925} INFO - DAG(s) 'example_sensors' retrieved from /home/airflow/.local/lib/python3.12/site-packages/airflow/example_dags/example_sensors.py
[2025-04-30T03:08:34.456+0000] {logging_mixin.py:190} INFO - [2025-04-30T03:08:34.455+0000] {dag.py:3239} INFO - Sync 1 DAGs
[2025-04-30T03:08:34.478+0000] {logging_mixin.py:190} INFO - [2025-04-30T03:08:34.477+0000] {dag.py:4180} INFO - Setting next_dagrun for example_sensors to None, run_after=None
[2025-04-30T03:08:34.515+0000] {processor.py:208} INFO - Processing /home/airflow/.local/lib/python3.12/site-packages/airflow/example_dags/example_sensors.py took 0.136 seconds
[2025-04-30T03:09:05.320+0000] {processor.py:186} INFO - Started process (PID=660) to work on /home/airflow/.local/lib/python3.12/site-packages/airflow/example_dags/example_sensors.py
[2025-04-30T03:09:05.322+0000] {processor.py:914} INFO - Processing file /home/airflow/.local/lib/python3.12/site-packages/airflow/example_dags/example_sensors.py for tasks to queue
[2025-04-30T03:09:05.327+0000] {logging_mixin.py:190} INFO - [2025-04-30T03:09:05.327+0000] {dagbag.py:588} INFO - Filling up the DagBag from /home/airflow/.local/lib/python3.12/site-packages/airflow/example_dags/example_sensors.py
[2025-04-30T03:09:05.345+0000] {processor.py:925} INFO - DAG(s) 'example_sensors' retrieved from /home/airflow/.local/lib/python3.12/site-packages/airflow/example_dags/example_sensors.py
[2025-04-30T03:09:05.391+0000] {logging_mixin.py:190} INFO - [2025-04-30T03:09:05.391+0000] {dag.py:3239} INFO - Sync 1 DAGs
[2025-04-30T03:09:05.411+0000] {logging_mixin.py:190} INFO - [2025-04-30T03:09:05.411+0000] {dag.py:4180} INFO - Setting next_dagrun for example_sensors to None, run_after=None
[2025-04-30T03:09:05.440+0000] {processor.py:208} INFO - Processing /home/airflow/.local/lib/python3.12/site-packages/airflow/example_dags/example_sensors.py took 0.129 seconds
[2025-04-30T03:09:35.825+0000] {processor.py:186} INFO - Started process (PID=725) to work on /home/airflow/.local/lib/python3.12/site-packages/airflow/example_dags/example_sensors.py
[2025-04-30T03:09:35.832+0000] {processor.py:914} INFO - Processing file /home/airflow/.local/lib/python3.12/site-packages/airflow/example_dags/example_sensors.py for tasks to queue
[2025-04-30T03:09:35.843+0000] {logging_mixin.py:190} INFO - [2025-04-30T03:09:35.842+0000] {dagbag.py:588} INFO - Filling up the DagBag from /home/airflow/.local/lib/python3.12/site-packages/airflow/example_dags/example_sensors.py
[2025-04-30T03:09:35.901+0000] {processor.py:925} INFO - DAG(s) 'example_sensors' retrieved from /home/airflow/.local/lib/python3.12/site-packages/airflow/example_dags/example_sensors.py
[2025-04-30T03:09:36.005+0000] {logging_mixin.py:190} INFO - [2025-04-30T03:09:36.004+0000] {dag.py:3239} INFO - Sync 1 DAGs
[2025-04-30T03:09:36.070+0000] {logging_mixin.py:190} INFO - [2025-04-30T03:09:36.069+0000] {dag.py:4180} INFO - Setting next_dagrun for example_sensors to None, run_after=None
[2025-04-30T03:09:36.168+0000] {processor.py:208} INFO - Processing /home/airflow/.local/lib/python3.12/site-packages/airflow/example_dags/example_sensors.py took 0.369 seconds
[2025-04-30T03:10:06.664+0000] {processor.py:186} INFO - Started process (PID=789) to work on /home/airflow/.local/lib/python3.12/site-packages/airflow/example_dags/example_sensors.py
[2025-04-30T03:10:06.666+0000] {processor.py:914} INFO - Processing file /home/airflow/.local/lib/python3.12/site-packages/airflow/example_dags/example_sensors.py for tasks to queue
[2025-04-30T03:10:06.671+0000] {logging_mixin.py:190} INFO - [2025-04-30T03:10:06.670+0000] {dagbag.py:588} INFO - Filling up the DagBag from /home/airflow/.local/lib/python3.12/site-packages/airflow/example_dags/example_sensors.py
[2025-04-30T03:10:06.691+0000] {processor.py:925} INFO - DAG(s) 'example_sensors' retrieved from /home/airflow/.local/lib/python3.12/site-packages/airflow/example_dags/example_sensors.py
[2025-04-30T03:10:06.730+0000] {logging_mixin.py:190} INFO - [2025-04-30T03:10:06.730+0000] {dag.py:3239} INFO - Sync 1 DAGs
[2025-04-30T03:10:06.755+0000] {logging_mixin.py:190} INFO - [2025-04-30T03:10:06.755+0000] {dag.py:4180} INFO - Setting next_dagrun for example_sensors to None, run_after=None
[2025-04-30T03:10:06.809+0000] {processor.py:208} INFO - Processing /home/airflow/.local/lib/python3.12/site-packages/airflow/example_dags/example_sensors.py took 0.155 seconds
[2025-04-30T03:10:37.122+0000] {processor.py:186} INFO - Started process (PID=853) to work on /home/airflow/.local/lib/python3.12/site-packages/airflow/example_dags/example_sensors.py
[2025-04-30T03:10:37.124+0000] {processor.py:914} INFO - Processing file /home/airflow/.local/lib/python3.12/site-packages/airflow/example_dags/example_sensors.py for tasks to queue
[2025-04-30T03:10:37.131+0000] {logging_mixin.py:190} INFO - [2025-04-30T03:10:37.130+0000] {dagbag.py:588} INFO - Filling up the DagBag from /home/airflow/.local/lib/python3.12/site-packages/airflow/example_dags/example_sensors.py
[2025-04-30T03:10:37.175+0000] {processor.py:925} INFO - DAG(s) 'example_sensors' retrieved from /home/airflow/.local/lib/python3.12/site-packages/airflow/example_dags/example_sensors.py
[2025-04-30T03:10:37.322+0000] {logging_mixin.py:190} INFO - [2025-04-30T03:10:37.321+0000] {dag.py:3239} INFO - Sync 1 DAGs
[2025-04-30T03:10:37.412+0000] {logging_mixin.py:190} INFO - [2025-04-30T03:10:37.412+0000] {dag.py:4180} INFO - Setting next_dagrun for example_sensors to None, run_after=None
[2025-04-30T03:10:37.520+0000] {processor.py:208} INFO - Processing /home/airflow/.local/lib/python3.12/site-packages/airflow/example_dags/example_sensors.py took 0.412 seconds
[2025-04-30T03:11:07.684+0000] {processor.py:186} INFO - Started process (PID=917) to work on /home/airflow/.local/lib/python3.12/site-packages/airflow/example_dags/example_sensors.py
[2025-04-30T03:11:07.686+0000] {processor.py:914} INFO - Processing file /home/airflow/.local/lib/python3.12/site-packages/airflow/example_dags/example_sensors.py for tasks to queue
[2025-04-30T03:11:07.689+0000] {logging_mixin.py:190} INFO - [2025-04-30T03:11:07.689+0000] {dagbag.py:588} INFO - Filling up the DagBag from /home/airflow/.local/lib/python3.12/site-packages/airflow/example_dags/example_sensors.py
[2025-04-30T03:11:07.707+0000] {processor.py:925} INFO - DAG(s) 'example_sensors' retrieved from /home/airflow/.local/lib/python3.12/site-packages/airflow/example_dags/example_sensors.py
[2025-04-30T03:11:07.756+0000] {logging_mixin.py:190} INFO - [2025-04-30T03:11:07.755+0000] {dag.py:3239} INFO - Sync 1 DAGs
[2025-04-30T03:11:07.788+0000] {logging_mixin.py:190} INFO - [2025-04-30T03:11:07.787+0000] {dag.py:4180} INFO - Setting next_dagrun for example_sensors to None, run_after=None
[2025-04-30T03:11:07.824+0000] {processor.py:208} INFO - Processing /home/airflow/.local/lib/python3.12/site-packages/airflow/example_dags/example_sensors.py took 0.147 seconds
[2025-04-30T03:11:38.017+0000] {processor.py:186} INFO - Started process (PID=982) to work on /home/airflow/.local/lib/python3.12/site-packages/airflow/example_dags/example_sensors.py
[2025-04-30T03:11:38.018+0000] {processor.py:914} INFO - Processing file /home/airflow/.local/lib/python3.12/site-packages/airflow/example_dags/example_sensors.py for tasks to queue
[2025-04-30T03:11:38.023+0000] {logging_mixin.py:190} INFO - [2025-04-30T03:11:38.022+0000] {dagbag.py:588} INFO - Filling up the DagBag from /home/airflow/.local/lib/python3.12/site-packages/airflow/example_dags/example_sensors.py
[2025-04-30T03:11:38.040+0000] {processor.py:925} INFO - DAG(s) 'example_sensors' retrieved from /home/airflow/.local/lib/python3.12/site-packages/airflow/example_dags/example_sensors.py
[2025-04-30T03:11:38.117+0000] {logging_mixin.py:190} INFO - [2025-04-30T03:11:38.117+0000] {dag.py:3239} INFO - Sync 1 DAGs
[2025-04-30T03:11:38.151+0000] {logging_mixin.py:190} INFO - [2025-04-30T03:11:38.151+0000] {dag.py:4180} INFO - Setting next_dagrun for example_sensors to None, run_after=None
[2025-04-30T03:11:38.198+0000] {processor.py:208} INFO - Processing /home/airflow/.local/lib/python3.12/site-packages/airflow/example_dags/example_sensors.py took 0.190 seconds
[2025-04-30T03:12:10.057+0000] {processor.py:186} INFO - Started process (PID=1046) to work on /home/airflow/.local/lib/python3.12/site-packages/airflow/example_dags/example_sensors.py
[2025-04-30T03:12:10.059+0000] {processor.py:914} INFO - Processing file /home/airflow/.local/lib/python3.12/site-packages/airflow/example_dags/example_sensors.py for tasks to queue
[2025-04-30T03:12:10.064+0000] {logging_mixin.py:190} INFO - [2025-04-30T03:12:10.063+0000] {dagbag.py:588} INFO - Filling up the DagBag from /home/airflow/.local/lib/python3.12/site-packages/airflow/example_dags/example_sensors.py
[2025-04-30T03:12:10.085+0000] {processor.py:925} INFO - DAG(s) 'example_sensors' retrieved from /home/airflow/.local/lib/python3.12/site-packages/airflow/example_dags/example_sensors.py
[2025-04-30T03:12:10.150+0000] {logging_mixin.py:190} INFO - [2025-04-30T03:12:10.149+0000] {dag.py:3239} INFO - Sync 1 DAGs
[2025-04-30T03:12:10.204+0000] {logging_mixin.py:190} INFO - [2025-04-30T03:12:10.204+0000] {dag.py:4180} INFO - Setting next_dagrun for example_sensors to None, run_after=None
[2025-04-30T03:12:10.291+0000] {processor.py:208} INFO - Processing /home/airflow/.local/lib/python3.12/site-packages/airflow/example_dags/example_sensors.py took 0.245 seconds
[2025-04-30T03:12:42.268+0000] {processor.py:186} INFO - Started process (PID=1110) to work on /home/airflow/.local/lib/python3.12/site-packages/airflow/example_dags/example_sensors.py
[2025-04-30T03:12:42.270+0000] {processor.py:914} INFO - Processing file /home/airflow/.local/lib/python3.12/site-packages/airflow/example_dags/example_sensors.py for tasks to queue
[2025-04-30T03:12:42.274+0000] {logging_mixin.py:190} INFO - [2025-04-30T03:12:42.273+0000] {dagbag.py:588} INFO - Filling up the DagBag from /home/airflow/.local/lib/python3.12/site-packages/airflow/example_dags/example_sensors.py
[2025-04-30T03:12:42.297+0000] {processor.py:925} INFO - DAG(s) 'example_sensors' retrieved from /home/airflow/.local/lib/python3.12/site-packages/airflow/example_dags/example_sensors.py
[2025-04-30T03:12:42.351+0000] {logging_mixin.py:190} INFO - [2025-04-30T03:12:42.350+0000] {dag.py:3239} INFO - Sync 1 DAGs
[2025-04-30T03:12:42.381+0000] {logging_mixin.py:190} INFO - [2025-04-30T03:12:42.381+0000] {dag.py:4180} INFO - Setting next_dagrun for example_sensors to None, run_after=None
[2025-04-30T03:12:42.431+0000] {processor.py:208} INFO - Processing /home/airflow/.local/lib/python3.12/site-packages/airflow/example_dags/example_sensors.py took 0.174 seconds
[2025-04-30T03:13:13.952+0000] {processor.py:186} INFO - Started process (PID=1172) to work on /home/airflow/.local/lib/python3.12/site-packages/airflow/example_dags/example_sensors.py
[2025-04-30T03:13:13.954+0000] {processor.py:914} INFO - Processing file /home/airflow/.local/lib/python3.12/site-packages/airflow/example_dags/example_sensors.py for tasks to queue
[2025-04-30T03:13:13.958+0000] {logging_mixin.py:190} INFO - [2025-04-30T03:13:13.958+0000] {dagbag.py:588} INFO - Filling up the DagBag from /home/airflow/.local/lib/python3.12/site-packages/airflow/example_dags/example_sensors.py
[2025-04-30T03:13:13.980+0000] {processor.py:925} INFO - DAG(s) 'example_sensors' retrieved from /home/airflow/.local/lib/python3.12/site-packages/airflow/example_dags/example_sensors.py
[2025-04-30T03:13:14.060+0000] {logging_mixin.py:190} INFO - [2025-04-30T03:13:14.060+0000] {dag.py:3239} INFO - Sync 1 DAGs
[2025-04-30T03:13:14.091+0000] {logging_mixin.py:190} INFO - [2025-04-30T03:13:14.091+0000] {dag.py:4180} INFO - Setting next_dagrun for example_sensors to None, run_after=None
[2025-04-30T03:13:14.137+0000] {processor.py:208} INFO - Processing /home/airflow/.local/lib/python3.12/site-packages/airflow/example_dags/example_sensors.py took 0.199 seconds
[2025-04-30T03:13:44.958+0000] {processor.py:186} INFO - Started process (PID=1236) to work on /home/airflow/.local/lib/python3.12/site-packages/airflow/example_dags/example_sensors.py
[2025-04-30T03:13:44.960+0000] {processor.py:914} INFO - Processing file /home/airflow/.local/lib/python3.12/site-packages/airflow/example_dags/example_sensors.py for tasks to queue
[2025-04-30T03:13:44.963+0000] {logging_mixin.py:190} INFO - [2025-04-30T03:13:44.963+0000] {dagbag.py:588} INFO - Filling up the DagBag from /home/airflow/.local/lib/python3.12/site-packages/airflow/example_dags/example_sensors.py
[2025-04-30T03:13:44.980+0000] {processor.py:925} INFO - DAG(s) 'example_sensors' retrieved from /home/airflow/.local/lib/python3.12/site-packages/airflow/example_dags/example_sensors.py
[2025-04-30T03:13:45.023+0000] {logging_mixin.py:190} INFO - [2025-04-30T03:13:45.022+0000] {dag.py:3239} INFO - Sync 1 DAGs
[2025-04-30T03:13:45.046+0000] {logging_mixin.py:190} INFO - [2025-04-30T03:13:45.046+0000] {dag.py:4180} INFO - Setting next_dagrun for example_sensors to None, run_after=None
[2025-04-30T03:13:45.079+0000] {processor.py:208} INFO - Processing /home/airflow/.local/lib/python3.12/site-packages/airflow/example_dags/example_sensors.py took 0.131 seconds
