[2025-04-30T02:52:51.696+0000] {processor.py:186} INFO - Started process (PID=85) to work on /home/airflow/.local/lib/python3.12/site-packages/airflow/example_dags/example_inlet_event_extra.py
[2025-04-30T02:52:51.738+0000] {processor.py:914} INFO - Processing file /home/airflow/.local/lib/python3.12/site-packages/airflow/example_dags/example_inlet_event_extra.py for tasks to queue
[2025-04-30T02:52:51.756+0000] {logging_mixin.py:190} INFO - [2025-04-30T02:52:51.755+0000] {dagbag.py:588} INFO - Filling up the DagBag from /home/airflow/.local/lib/python3.12/site-packages/airflow/example_dags/example_inlet_event_extra.py
[2025-04-30T02:53:11.937+0000] {processor.py:925} INFO - DAG(s) 'read_dataset_event_from_classic', 'read_dataset_event' retrieved from /home/airflow/.local/lib/python3.12/site-packages/airflow/example_dags/example_inlet_event_extra.py
[2025-04-30T02:53:12.046+0000] {logging_mixin.py:190} INFO - [2025-04-30T02:53:12.044+0000] {dag.py:3239} INFO - Sync 2 DAGs
[2025-04-30T02:53:12.229+0000] {logging_mixin.py:190} INFO - [2025-04-30T02:53:12.228+0000] {dag.py:4180} INFO - Setting next_dagrun for read_dataset_event to 2025-04-29 00:00:00+00:00, run_after=2025-04-30 00:00:00+00:00
[2025-04-30T02:53:12.353+0000] {logging_mixin.py:190} INFO - [2025-04-30T02:53:12.352+0000] {dag.py:4180} INFO - Setting next_dagrun for read_dataset_event_from_classic to 2025-04-29 00:00:00+00:00, run_after=2025-04-30 00:00:00+00:00
[2025-04-30T02:53:12.505+0000] {processor.py:208} INFO - Processing /home/airflow/.local/lib/python3.12/site-packages/airflow/example_dags/example_inlet_event_extra.py took 20.930 seconds
[2025-04-30T02:54:02.373+0000] {processor.py:186} INFO - Started process (PID=162) to work on /home/airflow/.local/lib/python3.12/site-packages/airflow/example_dags/example_inlet_event_extra.py
[2025-04-30T02:54:02.376+0000] {processor.py:914} INFO - Processing file /home/airflow/.local/lib/python3.12/site-packages/airflow/example_dags/example_inlet_event_extra.py for tasks to queue
[2025-04-30T02:54:02.393+0000] {logging_mixin.py:190} INFO - [2025-04-30T02:54:02.393+0000] {dagbag.py:588} INFO - Filling up the DagBag from /home/airflow/.local/lib/python3.12/site-packages/airflow/example_dags/example_inlet_event_extra.py
[2025-04-30T02:54:10.510+0000] {processor.py:925} INFO - DAG(s) 'read_dataset_event_from_classic', 'read_dataset_event' retrieved from /home/airflow/.local/lib/python3.12/site-packages/airflow/example_dags/example_inlet_event_extra.py
[2025-04-30T02:54:10.720+0000] {logging_mixin.py:190} INFO - [2025-04-30T02:54:10.720+0000] {dag.py:3239} INFO - Sync 2 DAGs
[2025-04-30T02:54:10.899+0000] {logging_mixin.py:190} INFO - [2025-04-30T02:54:10.898+0000] {dag.py:4180} INFO - Setting next_dagrun for read_dataset_event to 2025-04-29 00:00:00+00:00, run_after=2025-04-30 00:00:00+00:00
[2025-04-30T02:54:10.926+0000] {logging_mixin.py:190} INFO - [2025-04-30T02:54:10.925+0000] {dag.py:4180} INFO - Setting next_dagrun for read_dataset_event_from_classic to 2025-04-29 00:00:00+00:00, run_after=2025-04-30 00:00:00+00:00
[2025-04-30T02:54:11.026+0000] {processor.py:208} INFO - Processing /home/airflow/.local/lib/python3.12/site-packages/airflow/example_dags/example_inlet_event_extra.py took 8.689 seconds
[2025-04-30T02:54:51.002+0000] {processor.py:186} INFO - Started process (PID=226) to work on /home/airflow/.local/lib/python3.12/site-packages/airflow/example_dags/example_inlet_event_extra.py
[2025-04-30T02:54:51.025+0000] {processor.py:914} INFO - Processing file /home/airflow/.local/lib/python3.12/site-packages/airflow/example_dags/example_inlet_event_extra.py for tasks to queue
[2025-04-30T02:54:51.040+0000] {logging_mixin.py:190} INFO - [2025-04-30T02:54:51.040+0000] {dagbag.py:588} INFO - Filling up the DagBag from /home/airflow/.local/lib/python3.12/site-packages/airflow/example_dags/example_inlet_event_extra.py
[2025-04-30T02:54:55.437+0000] {processor.py:925} INFO - DAG(s) 'read_dataset_event_from_classic', 'read_dataset_event' retrieved from /home/airflow/.local/lib/python3.12/site-packages/airflow/example_dags/example_inlet_event_extra.py
[2025-04-30T02:54:55.516+0000] {logging_mixin.py:190} INFO - [2025-04-30T02:54:55.515+0000] {dag.py:3239} INFO - Sync 2 DAGs
[2025-04-30T02:54:55.614+0000] {logging_mixin.py:190} INFO - [2025-04-30T02:54:55.613+0000] {dag.py:4180} INFO - Setting next_dagrun for read_dataset_event to 2025-04-29 00:00:00+00:00, run_after=2025-04-30 00:00:00+00:00
[2025-04-30T02:54:55.653+0000] {logging_mixin.py:190} INFO - [2025-04-30T02:54:55.652+0000] {dag.py:4180} INFO - Setting next_dagrun for read_dataset_event_from_classic to 2025-04-29 00:00:00+00:00, run_after=2025-04-30 00:00:00+00:00
[2025-04-30T02:54:55.711+0000] {processor.py:208} INFO - Processing /home/airflow/.local/lib/python3.12/site-packages/airflow/example_dags/example_inlet_event_extra.py took 4.746 seconds
[2025-04-30T02:55:26.041+0000] {processor.py:186} INFO - Started process (PID=289) to work on /home/airflow/.local/lib/python3.12/site-packages/airflow/example_dags/example_inlet_event_extra.py
[2025-04-30T02:55:26.053+0000] {processor.py:914} INFO - Processing file /home/airflow/.local/lib/python3.12/site-packages/airflow/example_dags/example_inlet_event_extra.py for tasks to queue
[2025-04-30T02:55:26.078+0000] {logging_mixin.py:190} INFO - [2025-04-30T02:55:26.077+0000] {dagbag.py:588} INFO - Filling up the DagBag from /home/airflow/.local/lib/python3.12/site-packages/airflow/example_dags/example_inlet_event_extra.py
[2025-04-30T02:55:31.189+0000] {processor.py:925} INFO - DAG(s) 'read_dataset_event_from_classic', 'read_dataset_event' retrieved from /home/airflow/.local/lib/python3.12/site-packages/airflow/example_dags/example_inlet_event_extra.py
[2025-04-30T02:55:31.423+0000] {logging_mixin.py:190} INFO - [2025-04-30T02:55:31.423+0000] {dag.py:3239} INFO - Sync 2 DAGs
[2025-04-30T02:55:31.875+0000] {logging_mixin.py:190} INFO - [2025-04-30T02:55:31.874+0000] {dag.py:4180} INFO - Setting next_dagrun for read_dataset_event to 2025-04-29 00:00:00+00:00, run_after=2025-04-30 00:00:00+00:00
[2025-04-30T02:55:31.928+0000] {logging_mixin.py:190} INFO - [2025-04-30T02:55:31.927+0000] {dag.py:4180} INFO - Setting next_dagrun for read_dataset_event_from_classic to 2025-04-29 00:00:00+00:00, run_after=2025-04-30 00:00:00+00:00
[2025-04-30T02:55:32.204+0000] {processor.py:208} INFO - Processing /home/airflow/.local/lib/python3.12/site-packages/airflow/example_dags/example_inlet_event_extra.py took 6.178 seconds
[2025-04-30T02:56:02.546+0000] {processor.py:186} INFO - Started process (PID=359) to work on /home/airflow/.local/lib/python3.12/site-packages/airflow/example_dags/example_inlet_event_extra.py
[2025-04-30T02:56:02.559+0000] {processor.py:914} INFO - Processing file /home/airflow/.local/lib/python3.12/site-packages/airflow/example_dags/example_inlet_event_extra.py for tasks to queue
[2025-04-30T02:56:02.574+0000] {logging_mixin.py:190} INFO - [2025-04-30T02:56:02.574+0000] {dagbag.py:588} INFO - Filling up the DagBag from /home/airflow/.local/lib/python3.12/site-packages/airflow/example_dags/example_inlet_event_extra.py
[2025-04-30T02:56:07.594+0000] {processor.py:925} INFO - DAG(s) 'read_dataset_event', 'read_dataset_event_from_classic' retrieved from /home/airflow/.local/lib/python3.12/site-packages/airflow/example_dags/example_inlet_event_extra.py
[2025-04-30T02:56:07.741+0000] {logging_mixin.py:190} INFO - [2025-04-30T02:56:07.740+0000] {dag.py:3239} INFO - Sync 2 DAGs
[2025-04-30T02:56:08.026+0000] {logging_mixin.py:190} INFO - [2025-04-30T02:56:07.963+0000] {dag.py:4180} INFO - Setting next_dagrun for read_dataset_event to 2025-04-29 00:00:00+00:00, run_after=2025-04-30 00:00:00+00:00
[2025-04-30T02:56:08.125+0000] {logging_mixin.py:190} INFO - [2025-04-30T02:56:08.124+0000] {dag.py:4180} INFO - Setting next_dagrun for read_dataset_event_from_classic to 2025-04-29 00:00:00+00:00, run_after=2025-04-30 00:00:00+00:00
[2025-04-30T02:56:08.352+0000] {processor.py:208} INFO - Processing /home/airflow/.local/lib/python3.12/site-packages/airflow/example_dags/example_inlet_event_extra.py took 5.817 seconds
[2025-04-30T02:56:40.049+0000] {processor.py:186} INFO - Started process (PID=422) to work on /home/airflow/.local/lib/python3.12/site-packages/airflow/example_dags/example_inlet_event_extra.py
[2025-04-30T02:56:40.095+0000] {processor.py:914} INFO - Processing file /home/airflow/.local/lib/python3.12/site-packages/airflow/example_dags/example_inlet_event_extra.py for tasks to queue
[2025-04-30T02:56:40.130+0000] {logging_mixin.py:190} INFO - [2025-04-30T02:56:40.109+0000] {dagbag.py:588} INFO - Filling up the DagBag from /home/airflow/.local/lib/python3.12/site-packages/airflow/example_dags/example_inlet_event_extra.py
[2025-04-30T02:56:47.030+0000] {processor.py:925} INFO - DAG(s) 'read_dataset_event_from_classic', 'read_dataset_event' retrieved from /home/airflow/.local/lib/python3.12/site-packages/airflow/example_dags/example_inlet_event_extra.py
[2025-04-30T02:56:47.363+0000] {logging_mixin.py:190} INFO - [2025-04-30T02:56:47.362+0000] {dag.py:3239} INFO - Sync 2 DAGs
[2025-04-30T02:56:48.209+0000] {logging_mixin.py:190} INFO - [2025-04-30T02:56:48.136+0000] {dag.py:4180} INFO - Setting next_dagrun for read_dataset_event to 2025-04-29 00:00:00+00:00, run_after=2025-04-30 00:00:00+00:00
[2025-04-30T02:56:48.284+0000] {logging_mixin.py:190} INFO - [2025-04-30T02:56:48.283+0000] {dag.py:4180} INFO - Setting next_dagrun for read_dataset_event_from_classic to 2025-04-29 00:00:00+00:00, run_after=2025-04-30 00:00:00+00:00
[2025-04-30T02:56:48.386+0000] {processor.py:208} INFO - Processing /home/airflow/.local/lib/python3.12/site-packages/airflow/example_dags/example_inlet_event_extra.py took 8.380 seconds
[2025-04-30T02:57:18.734+0000] {processor.py:186} INFO - Started process (PID=488) to work on /home/airflow/.local/lib/python3.12/site-packages/airflow/example_dags/example_inlet_event_extra.py
[2025-04-30T02:57:18.738+0000] {processor.py:914} INFO - Processing file /home/airflow/.local/lib/python3.12/site-packages/airflow/example_dags/example_inlet_event_extra.py for tasks to queue
[2025-04-30T02:57:18.743+0000] {logging_mixin.py:190} INFO - [2025-04-30T02:57:18.742+0000] {dagbag.py:588} INFO - Filling up the DagBag from /home/airflow/.local/lib/python3.12/site-packages/airflow/example_dags/example_inlet_event_extra.py
[2025-04-30T02:57:21.078+0000] {processor.py:925} INFO - DAG(s) 'read_dataset_event_from_classic', 'read_dataset_event' retrieved from /home/airflow/.local/lib/python3.12/site-packages/airflow/example_dags/example_inlet_event_extra.py
[2025-04-30T02:57:21.161+0000] {logging_mixin.py:190} INFO - [2025-04-30T02:57:21.160+0000] {dag.py:3239} INFO - Sync 2 DAGs
[2025-04-30T02:57:21.258+0000] {logging_mixin.py:190} INFO - [2025-04-30T02:57:21.257+0000] {dag.py:4180} INFO - Setting next_dagrun for read_dataset_event to 2025-04-29 00:00:00+00:00, run_after=2025-04-30 00:00:00+00:00
[2025-04-30T02:57:21.274+0000] {logging_mixin.py:190} INFO - [2025-04-30T02:57:21.273+0000] {dag.py:4180} INFO - Setting next_dagrun for read_dataset_event_from_classic to 2025-04-29 00:00:00+00:00, run_after=2025-04-30 00:00:00+00:00
[2025-04-30T02:57:21.354+0000] {processor.py:208} INFO - Processing /home/airflow/.local/lib/python3.12/site-packages/airflow/example_dags/example_inlet_event_extra.py took 2.640 seconds
[2025-04-30T02:57:51.480+0000] {processor.py:186} INFO - Started process (PID=552) to work on /home/airflow/.local/lib/python3.12/site-packages/airflow/example_dags/example_inlet_event_extra.py
[2025-04-30T02:57:51.483+0000] {processor.py:914} INFO - Processing file /home/airflow/.local/lib/python3.12/site-packages/airflow/example_dags/example_inlet_event_extra.py for tasks to queue
[2025-04-30T02:57:51.489+0000] {logging_mixin.py:190} INFO - [2025-04-30T02:57:51.488+0000] {dagbag.py:588} INFO - Filling up the DagBag from /home/airflow/.local/lib/python3.12/site-packages/airflow/example_dags/example_inlet_event_extra.py
[2025-04-30T02:57:53.314+0000] {processor.py:925} INFO - DAG(s) 'read_dataset_event', 'read_dataset_event_from_classic' retrieved from /home/airflow/.local/lib/python3.12/site-packages/airflow/example_dags/example_inlet_event_extra.py
[2025-04-30T02:57:53.389+0000] {logging_mixin.py:190} INFO - [2025-04-30T02:57:53.388+0000] {dag.py:3239} INFO - Sync 2 DAGs
[2025-04-30T02:57:53.475+0000] {logging_mixin.py:190} INFO - [2025-04-30T02:57:53.475+0000] {dag.py:4180} INFO - Setting next_dagrun for read_dataset_event to 2025-04-29 00:00:00+00:00, run_after=2025-04-30 00:00:00+00:00
[2025-04-30T02:57:53.490+0000] {logging_mixin.py:190} INFO - [2025-04-30T02:57:53.487+0000] {dag.py:4180} INFO - Setting next_dagrun for read_dataset_event_from_classic to 2025-04-29 00:00:00+00:00, run_after=2025-04-30 00:00:00+00:00
[2025-04-30T02:57:53.542+0000] {processor.py:208} INFO - Processing /home/airflow/.local/lib/python3.12/site-packages/airflow/example_dags/example_inlet_event_extra.py took 2.075 seconds
[2025-04-30T02:58:24.091+0000] {processor.py:186} INFO - Started process (PID=616) to work on /home/airflow/.local/lib/python3.12/site-packages/airflow/example_dags/example_inlet_event_extra.py
[2025-04-30T02:58:24.110+0000] {processor.py:914} INFO - Processing file /home/airflow/.local/lib/python3.12/site-packages/airflow/example_dags/example_inlet_event_extra.py for tasks to queue
[2025-04-30T02:58:24.140+0000] {logging_mixin.py:190} INFO - [2025-04-30T02:58:24.139+0000] {dagbag.py:588} INFO - Filling up the DagBag from /home/airflow/.local/lib/python3.12/site-packages/airflow/example_dags/example_inlet_event_extra.py
[2025-04-30T02:58:26.653+0000] {processor.py:925} INFO - DAG(s) 'read_dataset_event_from_classic', 'read_dataset_event' retrieved from /home/airflow/.local/lib/python3.12/site-packages/airflow/example_dags/example_inlet_event_extra.py
[2025-04-30T02:58:26.777+0000] {logging_mixin.py:190} INFO - [2025-04-30T02:58:26.775+0000] {dag.py:3239} INFO - Sync 2 DAGs
[2025-04-30T02:58:26.858+0000] {logging_mixin.py:190} INFO - [2025-04-30T02:58:26.857+0000] {dag.py:4180} INFO - Setting next_dagrun for read_dataset_event to 2025-04-29 00:00:00+00:00, run_after=2025-04-30 00:00:00+00:00
[2025-04-30T02:58:26.875+0000] {logging_mixin.py:190} INFO - [2025-04-30T02:58:26.875+0000] {dag.py:4180} INFO - Setting next_dagrun for read_dataset_event_from_classic to 2025-04-29 00:00:00+00:00, run_after=2025-04-30 00:00:00+00:00
[2025-04-30T02:58:26.937+0000] {processor.py:208} INFO - Processing /home/airflow/.local/lib/python3.12/site-packages/airflow/example_dags/example_inlet_event_extra.py took 2.867 seconds
[2025-04-30T02:58:57.213+0000] {processor.py:186} INFO - Started process (PID=684) to work on /home/airflow/.local/lib/python3.12/site-packages/airflow/example_dags/example_inlet_event_extra.py
[2025-04-30T02:58:57.215+0000] {processor.py:914} INFO - Processing file /home/airflow/.local/lib/python3.12/site-packages/airflow/example_dags/example_inlet_event_extra.py for tasks to queue
[2025-04-30T02:58:57.220+0000] {logging_mixin.py:190} INFO - [2025-04-30T02:58:57.220+0000] {dagbag.py:588} INFO - Filling up the DagBag from /home/airflow/.local/lib/python3.12/site-packages/airflow/example_dags/example_inlet_event_extra.py
[2025-04-30T02:58:58.497+0000] {processor.py:925} INFO - DAG(s) 'read_dataset_event', 'read_dataset_event_from_classic' retrieved from /home/airflow/.local/lib/python3.12/site-packages/airflow/example_dags/example_inlet_event_extra.py
[2025-04-30T02:58:58.554+0000] {logging_mixin.py:190} INFO - [2025-04-30T02:58:58.553+0000] {dag.py:3239} INFO - Sync 2 DAGs
[2025-04-30T02:58:58.614+0000] {logging_mixin.py:190} INFO - [2025-04-30T02:58:58.614+0000] {dag.py:4180} INFO - Setting next_dagrun for read_dataset_event to 2025-04-29 00:00:00+00:00, run_after=2025-04-30 00:00:00+00:00
[2025-04-30T02:58:58.627+0000] {logging_mixin.py:190} INFO - [2025-04-30T02:58:58.627+0000] {dag.py:4180} INFO - Setting next_dagrun for read_dataset_event_from_classic to 2025-04-29 00:00:00+00:00, run_after=2025-04-30 00:00:00+00:00
[2025-04-30T02:58:58.713+0000] {processor.py:208} INFO - Processing /home/airflow/.local/lib/python3.12/site-packages/airflow/example_dags/example_inlet_event_extra.py took 1.512 seconds
[2025-04-30T02:59:28.880+0000] {processor.py:186} INFO - Started process (PID=757) to work on /home/airflow/.local/lib/python3.12/site-packages/airflow/example_dags/example_inlet_event_extra.py
[2025-04-30T02:59:28.882+0000] {processor.py:914} INFO - Processing file /home/airflow/.local/lib/python3.12/site-packages/airflow/example_dags/example_inlet_event_extra.py for tasks to queue
[2025-04-30T02:59:28.887+0000] {logging_mixin.py:190} INFO - [2025-04-30T02:59:28.886+0000] {dagbag.py:588} INFO - Filling up the DagBag from /home/airflow/.local/lib/python3.12/site-packages/airflow/example_dags/example_inlet_event_extra.py
[2025-04-30T02:59:30.840+0000] {processor.py:925} INFO - DAG(s) 'read_dataset_event_from_classic', 'read_dataset_event' retrieved from /home/airflow/.local/lib/python3.12/site-packages/airflow/example_dags/example_inlet_event_extra.py
[2025-04-30T02:59:30.883+0000] {logging_mixin.py:190} INFO - [2025-04-30T02:59:30.882+0000] {dag.py:3239} INFO - Sync 2 DAGs
[2025-04-30T02:59:30.940+0000] {logging_mixin.py:190} INFO - [2025-04-30T02:59:30.939+0000] {dag.py:4180} INFO - Setting next_dagrun for read_dataset_event to 2025-04-29 00:00:00+00:00, run_after=2025-04-30 00:00:00+00:00
[2025-04-30T02:59:30.952+0000] {logging_mixin.py:190} INFO - [2025-04-30T02:59:30.951+0000] {dag.py:4180} INFO - Setting next_dagrun for read_dataset_event_from_classic to 2025-04-29 00:00:00+00:00, run_after=2025-04-30 00:00:00+00:00
[2025-04-30T02:59:31.004+0000] {processor.py:208} INFO - Processing /home/airflow/.local/lib/python3.12/site-packages/airflow/example_dags/example_inlet_event_extra.py took 2.158 seconds
[2025-04-30T03:00:01.635+0000] {processor.py:186} INFO - Started process (PID=824) to work on /home/airflow/.local/lib/python3.12/site-packages/airflow/example_dags/example_inlet_event_extra.py
[2025-04-30T03:00:01.642+0000] {processor.py:914} INFO - Processing file /home/airflow/.local/lib/python3.12/site-packages/airflow/example_dags/example_inlet_event_extra.py for tasks to queue
[2025-04-30T03:00:01.649+0000] {logging_mixin.py:190} INFO - [2025-04-30T03:00:01.648+0000] {dagbag.py:588} INFO - Filling up the DagBag from /home/airflow/.local/lib/python3.12/site-packages/airflow/example_dags/example_inlet_event_extra.py
[2025-04-30T03:00:05.066+0000] {processor.py:925} INFO - DAG(s) 'read_dataset_event', 'read_dataset_event_from_classic' retrieved from /home/airflow/.local/lib/python3.12/site-packages/airflow/example_dags/example_inlet_event_extra.py
[2025-04-30T03:00:05.231+0000] {logging_mixin.py:190} INFO - [2025-04-30T03:00:05.231+0000] {dag.py:3239} INFO - Sync 2 DAGs
[2025-04-30T03:00:05.393+0000] {logging_mixin.py:190} INFO - [2025-04-30T03:00:05.392+0000] {dag.py:4180} INFO - Setting next_dagrun for read_dataset_event to 2025-04-29 00:00:00+00:00, run_after=2025-04-30 00:00:00+00:00
[2025-04-30T03:00:05.429+0000] {logging_mixin.py:190} INFO - [2025-04-30T03:00:05.428+0000] {dag.py:4180} INFO - Setting next_dagrun for read_dataset_event_from_classic to 2025-04-29 00:00:00+00:00, run_after=2025-04-30 00:00:00+00:00
[2025-04-30T03:00:05.683+0000] {processor.py:208} INFO - Processing /home/airflow/.local/lib/python3.12/site-packages/airflow/example_dags/example_inlet_event_extra.py took 4.081 seconds
[2025-04-30T03:00:35.864+0000] {processor.py:186} INFO - Started process (PID=890) to work on /home/airflow/.local/lib/python3.12/site-packages/airflow/example_dags/example_inlet_event_extra.py
[2025-04-30T03:00:35.867+0000] {processor.py:914} INFO - Processing file /home/airflow/.local/lib/python3.12/site-packages/airflow/example_dags/example_inlet_event_extra.py for tasks to queue
[2025-04-30T03:00:35.871+0000] {logging_mixin.py:190} INFO - [2025-04-30T03:00:35.870+0000] {dagbag.py:588} INFO - Filling up the DagBag from /home/airflow/.local/lib/python3.12/site-packages/airflow/example_dags/example_inlet_event_extra.py
[2025-04-30T03:00:38.334+0000] {processor.py:925} INFO - DAG(s) 'read_dataset_event_from_classic', 'read_dataset_event' retrieved from /home/airflow/.local/lib/python3.12/site-packages/airflow/example_dags/example_inlet_event_extra.py
[2025-04-30T03:00:38.402+0000] {logging_mixin.py:190} INFO - [2025-04-30T03:00:38.401+0000] {dag.py:3239} INFO - Sync 2 DAGs
[2025-04-30T03:00:38.587+0000] {logging_mixin.py:190} INFO - [2025-04-30T03:00:38.587+0000] {dag.py:4180} INFO - Setting next_dagrun for read_dataset_event to 2025-04-29 00:00:00+00:00, run_after=2025-04-30 00:00:00+00:00
[2025-04-30T03:00:38.733+0000] {logging_mixin.py:190} INFO - [2025-04-30T03:00:38.732+0000] {dag.py:4180} INFO - Setting next_dagrun for read_dataset_event_from_classic to 2025-04-29 00:00:00+00:00, run_after=2025-04-30 00:00:00+00:00
[2025-04-30T03:00:39.035+0000] {processor.py:208} INFO - Processing /home/airflow/.local/lib/python3.12/site-packages/airflow/example_dags/example_inlet_event_extra.py took 3.183 seconds
[2025-04-30T03:01:09.713+0000] {processor.py:186} INFO - Started process (PID=958) to work on /home/airflow/.local/lib/python3.12/site-packages/airflow/example_dags/example_inlet_event_extra.py
[2025-04-30T03:01:09.715+0000] {processor.py:914} INFO - Processing file /home/airflow/.local/lib/python3.12/site-packages/airflow/example_dags/example_inlet_event_extra.py for tasks to queue
[2025-04-30T03:01:09.718+0000] {logging_mixin.py:190} INFO - [2025-04-30T03:01:09.717+0000] {dagbag.py:588} INFO - Filling up the DagBag from /home/airflow/.local/lib/python3.12/site-packages/airflow/example_dags/example_inlet_event_extra.py
[2025-04-30T03:01:11.178+0000] {processor.py:925} INFO - DAG(s) 'read_dataset_event_from_classic', 'read_dataset_event' retrieved from /home/airflow/.local/lib/python3.12/site-packages/airflow/example_dags/example_inlet_event_extra.py
[2025-04-30T03:01:11.216+0000] {logging_mixin.py:190} INFO - [2025-04-30T03:01:11.215+0000] {dag.py:3239} INFO - Sync 2 DAGs
[2025-04-30T03:01:11.256+0000] {logging_mixin.py:190} INFO - [2025-04-30T03:01:11.256+0000] {dag.py:4180} INFO - Setting next_dagrun for read_dataset_event to 2025-04-29 00:00:00+00:00, run_after=2025-04-30 00:00:00+00:00
[2025-04-30T03:01:11.267+0000] {logging_mixin.py:190} INFO - [2025-04-30T03:01:11.266+0000] {dag.py:4180} INFO - Setting next_dagrun for read_dataset_event_from_classic to 2025-04-29 00:00:00+00:00, run_after=2025-04-30 00:00:00+00:00
[2025-04-30T03:01:11.293+0000] {processor.py:208} INFO - Processing /home/airflow/.local/lib/python3.12/site-packages/airflow/example_dags/example_inlet_event_extra.py took 1.589 seconds
[2025-04-30T03:01:41.414+0000] {processor.py:186} INFO - Started process (PID=1025) to work on /home/airflow/.local/lib/python3.12/site-packages/airflow/example_dags/example_inlet_event_extra.py
[2025-04-30T03:01:41.416+0000] {processor.py:914} INFO - Processing file /home/airflow/.local/lib/python3.12/site-packages/airflow/example_dags/example_inlet_event_extra.py for tasks to queue
[2025-04-30T03:01:41.425+0000] {logging_mixin.py:190} INFO - [2025-04-30T03:01:41.425+0000] {dagbag.py:588} INFO - Filling up the DagBag from /home/airflow/.local/lib/python3.12/site-packages/airflow/example_dags/example_inlet_event_extra.py
[2025-04-30T03:01:42.955+0000] {processor.py:925} INFO - DAG(s) 'read_dataset_event', 'read_dataset_event_from_classic' retrieved from /home/airflow/.local/lib/python3.12/site-packages/airflow/example_dags/example_inlet_event_extra.py
[2025-04-30T03:01:43.005+0000] {logging_mixin.py:190} INFO - [2025-04-30T03:01:43.005+0000] {dag.py:3239} INFO - Sync 2 DAGs
[2025-04-30T03:01:43.053+0000] {logging_mixin.py:190} INFO - [2025-04-30T03:01:43.052+0000] {dag.py:4180} INFO - Setting next_dagrun for read_dataset_event to 2025-04-29 00:00:00+00:00, run_after=2025-04-30 00:00:00+00:00
[2025-04-30T03:01:43.063+0000] {logging_mixin.py:190} INFO - [2025-04-30T03:01:43.062+0000] {dag.py:4180} INFO - Setting next_dagrun for read_dataset_event_from_classic to 2025-04-29 00:00:00+00:00, run_after=2025-04-30 00:00:00+00:00
[2025-04-30T03:01:43.091+0000] {processor.py:208} INFO - Processing /home/airflow/.local/lib/python3.12/site-packages/airflow/example_dags/example_inlet_event_extra.py took 1.687 seconds
[2025-04-30T03:04:17.313+0000] {processor.py:186} INFO - Started process (PID=72) to work on /home/airflow/.local/lib/python3.12/site-packages/airflow/example_dags/example_inlet_event_extra.py
[2025-04-30T03:04:17.328+0000] {processor.py:914} INFO - Processing file /home/airflow/.local/lib/python3.12/site-packages/airflow/example_dags/example_inlet_event_extra.py for tasks to queue
[2025-04-30T03:04:17.359+0000] {logging_mixin.py:190} INFO - [2025-04-30T03:04:17.358+0000] {dagbag.py:588} INFO - Filling up the DagBag from /home/airflow/.local/lib/python3.12/site-packages/airflow/example_dags/example_inlet_event_extra.py
[2025-04-30T03:04:22.538+0000] {processor.py:925} INFO - DAG(s) 'read_dataset_event', 'read_dataset_event_from_classic' retrieved from /home/airflow/.local/lib/python3.12/site-packages/airflow/example_dags/example_inlet_event_extra.py
[2025-04-30T03:04:22.618+0000] {logging_mixin.py:190} INFO - [2025-04-30T03:04:22.617+0000] {dag.py:3239} INFO - Sync 2 DAGs
[2025-04-30T03:04:22.710+0000] {logging_mixin.py:190} INFO - [2025-04-30T03:04:22.709+0000] {dag.py:4180} INFO - Setting next_dagrun for read_dataset_event to 2025-04-29 00:00:00+00:00, run_after=2025-04-30 00:00:00+00:00
[2025-04-30T03:04:22.748+0000] {logging_mixin.py:190} INFO - [2025-04-30T03:04:22.747+0000] {dag.py:4180} INFO - Setting next_dagrun for read_dataset_event_from_classic to 2025-04-29 00:00:00+00:00, run_after=2025-04-30 00:00:00+00:00
[2025-04-30T03:04:22.857+0000] {processor.py:208} INFO - Processing /home/airflow/.local/lib/python3.12/site-packages/airflow/example_dags/example_inlet_event_extra.py took 5.593 seconds
[2025-04-30T03:04:53.954+0000] {processor.py:186} INFO - Started process (PID=142) to work on /home/airflow/.local/lib/python3.12/site-packages/airflow/example_dags/example_inlet_event_extra.py
[2025-04-30T03:04:53.957+0000] {processor.py:914} INFO - Processing file /home/airflow/.local/lib/python3.12/site-packages/airflow/example_dags/example_inlet_event_extra.py for tasks to queue
[2025-04-30T03:04:53.963+0000] {logging_mixin.py:190} INFO - [2025-04-30T03:04:53.962+0000] {dagbag.py:588} INFO - Filling up the DagBag from /home/airflow/.local/lib/python3.12/site-packages/airflow/example_dags/example_inlet_event_extra.py
[2025-04-30T03:04:55.575+0000] {processor.py:925} INFO - DAG(s) 'read_dataset_event_from_classic', 'read_dataset_event' retrieved from /home/airflow/.local/lib/python3.12/site-packages/airflow/example_dags/example_inlet_event_extra.py
[2025-04-30T03:04:55.632+0000] {logging_mixin.py:190} INFO - [2025-04-30T03:04:55.631+0000] {dag.py:3239} INFO - Sync 2 DAGs
[2025-04-30T03:04:55.713+0000] {logging_mixin.py:190} INFO - [2025-04-30T03:04:55.712+0000] {dag.py:4180} INFO - Setting next_dagrun for read_dataset_event to 2025-04-29 00:00:00+00:00, run_after=2025-04-30 00:00:00+00:00
[2025-04-30T03:04:55.728+0000] {logging_mixin.py:190} INFO - [2025-04-30T03:04:55.727+0000] {dag.py:4180} INFO - Setting next_dagrun for read_dataset_event_from_classic to 2025-04-29 00:00:00+00:00, run_after=2025-04-30 00:00:00+00:00
[2025-04-30T03:04:55.807+0000] {processor.py:208} INFO - Processing /home/airflow/.local/lib/python3.12/site-packages/airflow/example_dags/example_inlet_event_extra.py took 1.867 seconds
[2025-04-30T03:05:26.128+0000] {processor.py:186} INFO - Started process (PID=208) to work on /home/airflow/.local/lib/python3.12/site-packages/airflow/example_dags/example_inlet_event_extra.py
[2025-04-30T03:05:26.129+0000] {processor.py:914} INFO - Processing file /home/airflow/.local/lib/python3.12/site-packages/airflow/example_dags/example_inlet_event_extra.py for tasks to queue
[2025-04-30T03:05:26.135+0000] {logging_mixin.py:190} INFO - [2025-04-30T03:05:26.135+0000] {dagbag.py:588} INFO - Filling up the DagBag from /home/airflow/.local/lib/python3.12/site-packages/airflow/example_dags/example_inlet_event_extra.py
[2025-04-30T03:05:27.448+0000] {processor.py:925} INFO - DAG(s) 'read_dataset_event_from_classic', 'read_dataset_event' retrieved from /home/airflow/.local/lib/python3.12/site-packages/airflow/example_dags/example_inlet_event_extra.py
[2025-04-30T03:05:27.510+0000] {logging_mixin.py:190} INFO - [2025-04-30T03:05:27.509+0000] {dag.py:3239} INFO - Sync 2 DAGs
[2025-04-30T03:05:27.587+0000] {logging_mixin.py:190} INFO - [2025-04-30T03:05:27.587+0000] {dag.py:4180} INFO - Setting next_dagrun for read_dataset_event to 2025-04-29 00:00:00+00:00, run_after=2025-04-30 00:00:00+00:00
[2025-04-30T03:05:27.600+0000] {logging_mixin.py:190} INFO - [2025-04-30T03:05:27.599+0000] {dag.py:4180} INFO - Setting next_dagrun for read_dataset_event_from_classic to 2025-04-29 00:00:00+00:00, run_after=2025-04-30 00:00:00+00:00
[2025-04-30T03:05:27.642+0000] {processor.py:208} INFO - Processing /home/airflow/.local/lib/python3.12/site-packages/airflow/example_dags/example_inlet_event_extra.py took 1.522 seconds
[2025-04-30T03:05:58.463+0000] {processor.py:186} INFO - Started process (PID=272) to work on /home/airflow/.local/lib/python3.12/site-packages/airflow/example_dags/example_inlet_event_extra.py
[2025-04-30T03:05:58.465+0000] {processor.py:914} INFO - Processing file /home/airflow/.local/lib/python3.12/site-packages/airflow/example_dags/example_inlet_event_extra.py for tasks to queue
[2025-04-30T03:05:58.470+0000] {logging_mixin.py:190} INFO - [2025-04-30T03:05:58.469+0000] {dagbag.py:588} INFO - Filling up the DagBag from /home/airflow/.local/lib/python3.12/site-packages/airflow/example_dags/example_inlet_event_extra.py
[2025-04-30T03:05:59.608+0000] {processor.py:925} INFO - DAG(s) 'read_dataset_event_from_classic', 'read_dataset_event' retrieved from /home/airflow/.local/lib/python3.12/site-packages/airflow/example_dags/example_inlet_event_extra.py
[2025-04-30T03:05:59.662+0000] {logging_mixin.py:190} INFO - [2025-04-30T03:05:59.661+0000] {dag.py:3239} INFO - Sync 2 DAGs
[2025-04-30T03:05:59.764+0000] {logging_mixin.py:190} INFO - [2025-04-30T03:05:59.764+0000] {dag.py:4180} INFO - Setting next_dagrun for read_dataset_event to 2025-04-29 00:00:00+00:00, run_after=2025-04-30 00:00:00+00:00
[2025-04-30T03:05:59.792+0000] {logging_mixin.py:190} INFO - [2025-04-30T03:05:59.790+0000] {dag.py:4180} INFO - Setting next_dagrun for read_dataset_event_from_classic to 2025-04-29 00:00:00+00:00, run_after=2025-04-30 00:00:00+00:00
[2025-04-30T03:05:59.868+0000] {processor.py:208} INFO - Processing /home/airflow/.local/lib/python3.12/site-packages/airflow/example_dags/example_inlet_event_extra.py took 1.429 seconds
[2025-04-30T03:06:30.701+0000] {processor.py:186} INFO - Started process (PID=340) to work on /home/airflow/.local/lib/python3.12/site-packages/airflow/example_dags/example_inlet_event_extra.py
[2025-04-30T03:06:30.702+0000] {processor.py:914} INFO - Processing file /home/airflow/.local/lib/python3.12/site-packages/airflow/example_dags/example_inlet_event_extra.py for tasks to queue
[2025-04-30T03:06:30.708+0000] {logging_mixin.py:190} INFO - [2025-04-30T03:06:30.706+0000] {dagbag.py:588} INFO - Filling up the DagBag from /home/airflow/.local/lib/python3.12/site-packages/airflow/example_dags/example_inlet_event_extra.py
[2025-04-30T03:06:31.803+0000] {processor.py:925} INFO - DAG(s) 'read_dataset_event_from_classic', 'read_dataset_event' retrieved from /home/airflow/.local/lib/python3.12/site-packages/airflow/example_dags/example_inlet_event_extra.py
[2025-04-30T03:06:31.849+0000] {logging_mixin.py:190} INFO - [2025-04-30T03:06:31.849+0000] {dag.py:3239} INFO - Sync 2 DAGs
[2025-04-30T03:06:31.897+0000] {logging_mixin.py:190} INFO - [2025-04-30T03:06:31.897+0000] {dag.py:4180} INFO - Setting next_dagrun for read_dataset_event to 2025-04-29 00:00:00+00:00, run_after=2025-04-30 00:00:00+00:00
[2025-04-30T03:06:31.906+0000] {logging_mixin.py:190} INFO - [2025-04-30T03:06:31.906+0000] {dag.py:4180} INFO - Setting next_dagrun for read_dataset_event_from_classic to 2025-04-29 00:00:00+00:00, run_after=2025-04-30 00:00:00+00:00
[2025-04-30T03:06:31.941+0000] {processor.py:208} INFO - Processing /home/airflow/.local/lib/python3.12/site-packages/airflow/example_dags/example_inlet_event_extra.py took 1.255 seconds
[2025-04-30T03:07:02.957+0000] {processor.py:186} INFO - Started process (PID=406) to work on /home/airflow/.local/lib/python3.12/site-packages/airflow/example_dags/example_inlet_event_extra.py
[2025-04-30T03:07:02.960+0000] {processor.py:914} INFO - Processing file /home/airflow/.local/lib/python3.12/site-packages/airflow/example_dags/example_inlet_event_extra.py for tasks to queue
[2025-04-30T03:07:02.964+0000] {logging_mixin.py:190} INFO - [2025-04-30T03:07:02.963+0000] {dagbag.py:588} INFO - Filling up the DagBag from /home/airflow/.local/lib/python3.12/site-packages/airflow/example_dags/example_inlet_event_extra.py
[2025-04-30T03:07:04.271+0000] {processor.py:925} INFO - DAG(s) 'read_dataset_event', 'read_dataset_event_from_classic' retrieved from /home/airflow/.local/lib/python3.12/site-packages/airflow/example_dags/example_inlet_event_extra.py
[2025-04-30T03:07:04.309+0000] {logging_mixin.py:190} INFO - [2025-04-30T03:07:04.309+0000] {dag.py:3239} INFO - Sync 2 DAGs
[2025-04-30T03:07:04.356+0000] {logging_mixin.py:190} INFO - [2025-04-30T03:07:04.355+0000] {dag.py:4180} INFO - Setting next_dagrun for read_dataset_event to 2025-04-29 00:00:00+00:00, run_after=2025-04-30 00:00:00+00:00
[2025-04-30T03:07:04.365+0000] {logging_mixin.py:190} INFO - [2025-04-30T03:07:04.365+0000] {dag.py:4180} INFO - Setting next_dagrun for read_dataset_event_from_classic to 2025-04-29 00:00:00+00:00, run_after=2025-04-30 00:00:00+00:00
[2025-04-30T03:07:04.397+0000] {processor.py:208} INFO - Processing /home/airflow/.local/lib/python3.12/site-packages/airflow/example_dags/example_inlet_event_extra.py took 1.454 seconds
[2025-04-30T03:07:34.759+0000] {processor.py:186} INFO - Started process (PID=471) to work on /home/airflow/.local/lib/python3.12/site-packages/airflow/example_dags/example_inlet_event_extra.py
[2025-04-30T03:07:34.762+0000] {processor.py:914} INFO - Processing file /home/airflow/.local/lib/python3.12/site-packages/airflow/example_dags/example_inlet_event_extra.py for tasks to queue
[2025-04-30T03:07:34.767+0000] {logging_mixin.py:190} INFO - [2025-04-30T03:07:34.766+0000] {dagbag.py:588} INFO - Filling up the DagBag from /home/airflow/.local/lib/python3.12/site-packages/airflow/example_dags/example_inlet_event_extra.py
[2025-04-30T03:07:36.124+0000] {processor.py:925} INFO - DAG(s) 'read_dataset_event_from_classic', 'read_dataset_event' retrieved from /home/airflow/.local/lib/python3.12/site-packages/airflow/example_dags/example_inlet_event_extra.py
[2025-04-30T03:07:36.190+0000] {logging_mixin.py:190} INFO - [2025-04-30T03:07:36.189+0000] {dag.py:3239} INFO - Sync 2 DAGs
[2025-04-30T03:07:36.269+0000] {logging_mixin.py:190} INFO - [2025-04-30T03:07:36.268+0000] {dag.py:4180} INFO - Setting next_dagrun for read_dataset_event to 2025-04-29 00:00:00+00:00, run_after=2025-04-30 00:00:00+00:00
[2025-04-30T03:07:36.327+0000] {logging_mixin.py:190} INFO - [2025-04-30T03:07:36.309+0000] {dag.py:4180} INFO - Setting next_dagrun for read_dataset_event_from_classic to 2025-04-29 00:00:00+00:00, run_after=2025-04-30 00:00:00+00:00
[2025-04-30T03:07:36.399+0000] {processor.py:208} INFO - Processing /home/airflow/.local/lib/python3.12/site-packages/airflow/example_dags/example_inlet_event_extra.py took 1.654 seconds
[2025-04-30T03:08:07.342+0000] {processor.py:186} INFO - Started process (PID=535) to work on /home/airflow/.local/lib/python3.12/site-packages/airflow/example_dags/example_inlet_event_extra.py
[2025-04-30T03:08:07.344+0000] {processor.py:914} INFO - Processing file /home/airflow/.local/lib/python3.12/site-packages/airflow/example_dags/example_inlet_event_extra.py for tasks to queue
[2025-04-30T03:08:07.347+0000] {logging_mixin.py:190} INFO - [2025-04-30T03:08:07.347+0000] {dagbag.py:588} INFO - Filling up the DagBag from /home/airflow/.local/lib/python3.12/site-packages/airflow/example_dags/example_inlet_event_extra.py
[2025-04-30T03:08:08.905+0000] {processor.py:925} INFO - DAG(s) 'read_dataset_event', 'read_dataset_event_from_classic' retrieved from /home/airflow/.local/lib/python3.12/site-packages/airflow/example_dags/example_inlet_event_extra.py
[2025-04-30T03:08:08.946+0000] {logging_mixin.py:190} INFO - [2025-04-30T03:08:08.946+0000] {dag.py:3239} INFO - Sync 2 DAGs
[2025-04-30T03:08:08.996+0000] {logging_mixin.py:190} INFO - [2025-04-30T03:08:08.995+0000] {dag.py:4180} INFO - Setting next_dagrun for read_dataset_event to 2025-04-29 00:00:00+00:00, run_after=2025-04-30 00:00:00+00:00
[2025-04-30T03:08:09.006+0000] {logging_mixin.py:190} INFO - [2025-04-30T03:08:09.006+0000] {dag.py:4180} INFO - Setting next_dagrun for read_dataset_event_from_classic to 2025-04-29 00:00:00+00:00, run_after=2025-04-30 00:00:00+00:00
[2025-04-30T03:08:09.046+0000] {processor.py:208} INFO - Processing /home/airflow/.local/lib/python3.12/site-packages/airflow/example_dags/example_inlet_event_extra.py took 1.713 seconds
[2025-04-30T03:08:39.669+0000] {processor.py:186} INFO - Started process (PID=599) to work on /home/airflow/.local/lib/python3.12/site-packages/airflow/example_dags/example_inlet_event_extra.py
[2025-04-30T03:08:39.670+0000] {processor.py:914} INFO - Processing file /home/airflow/.local/lib/python3.12/site-packages/airflow/example_dags/example_inlet_event_extra.py for tasks to queue
[2025-04-30T03:08:39.678+0000] {logging_mixin.py:190} INFO - [2025-04-30T03:08:39.676+0000] {dagbag.py:588} INFO - Filling up the DagBag from /home/airflow/.local/lib/python3.12/site-packages/airflow/example_dags/example_inlet_event_extra.py
[2025-04-30T03:08:40.934+0000] {processor.py:925} INFO - DAG(s) 'read_dataset_event_from_classic', 'read_dataset_event' retrieved from /home/airflow/.local/lib/python3.12/site-packages/airflow/example_dags/example_inlet_event_extra.py
[2025-04-30T03:08:40.971+0000] {logging_mixin.py:190} INFO - [2025-04-30T03:08:40.971+0000] {dag.py:3239} INFO - Sync 2 DAGs
[2025-04-30T03:08:41.025+0000] {logging_mixin.py:190} INFO - [2025-04-30T03:08:41.025+0000] {dag.py:4180} INFO - Setting next_dagrun for read_dataset_event to 2025-04-29 00:00:00+00:00, run_after=2025-04-30 00:00:00+00:00
[2025-04-30T03:08:41.036+0000] {logging_mixin.py:190} INFO - [2025-04-30T03:08:41.036+0000] {dag.py:4180} INFO - Setting next_dagrun for read_dataset_event_from_classic to 2025-04-29 00:00:00+00:00, run_after=2025-04-30 00:00:00+00:00
[2025-04-30T03:08:41.078+0000] {processor.py:208} INFO - Processing /home/airflow/.local/lib/python3.12/site-packages/airflow/example_dags/example_inlet_event_extra.py took 1.419 seconds
[2025-04-30T03:09:11.578+0000] {processor.py:186} INFO - Started process (PID=663) to work on /home/airflow/.local/lib/python3.12/site-packages/airflow/example_dags/example_inlet_event_extra.py
[2025-04-30T03:09:11.579+0000] {processor.py:914} INFO - Processing file /home/airflow/.local/lib/python3.12/site-packages/airflow/example_dags/example_inlet_event_extra.py for tasks to queue
[2025-04-30T03:09:11.582+0000] {logging_mixin.py:190} INFO - [2025-04-30T03:09:11.582+0000] {dagbag.py:588} INFO - Filling up the DagBag from /home/airflow/.local/lib/python3.12/site-packages/airflow/example_dags/example_inlet_event_extra.py
[2025-04-30T03:09:12.614+0000] {processor.py:925} INFO - DAG(s) 'read_dataset_event_from_classic', 'read_dataset_event' retrieved from /home/airflow/.local/lib/python3.12/site-packages/airflow/example_dags/example_inlet_event_extra.py
[2025-04-30T03:09:12.650+0000] {logging_mixin.py:190} INFO - [2025-04-30T03:09:12.650+0000] {dag.py:3239} INFO - Sync 2 DAGs
[2025-04-30T03:09:12.692+0000] {logging_mixin.py:190} INFO - [2025-04-30T03:09:12.692+0000] {dag.py:4180} INFO - Setting next_dagrun for read_dataset_event to 2025-04-29 00:00:00+00:00, run_after=2025-04-30 00:00:00+00:00
[2025-04-30T03:09:12.704+0000] {logging_mixin.py:190} INFO - [2025-04-30T03:09:12.704+0000] {dag.py:4180} INFO - Setting next_dagrun for read_dataset_event_from_classic to 2025-04-29 00:00:00+00:00, run_after=2025-04-30 00:00:00+00:00
[2025-04-30T03:09:12.737+0000] {processor.py:208} INFO - Processing /home/airflow/.local/lib/python3.12/site-packages/airflow/example_dags/example_inlet_event_extra.py took 1.166 seconds
[2025-04-30T03:09:43.299+0000] {processor.py:186} INFO - Started process (PID=728) to work on /home/airflow/.local/lib/python3.12/site-packages/airflow/example_dags/example_inlet_event_extra.py
[2025-04-30T03:09:43.300+0000] {processor.py:914} INFO - Processing file /home/airflow/.local/lib/python3.12/site-packages/airflow/example_dags/example_inlet_event_extra.py for tasks to queue
[2025-04-30T03:09:43.305+0000] {logging_mixin.py:190} INFO - [2025-04-30T03:09:43.304+0000] {dagbag.py:588} INFO - Filling up the DagBag from /home/airflow/.local/lib/python3.12/site-packages/airflow/example_dags/example_inlet_event_extra.py
[2025-04-30T03:09:44.327+0000] {processor.py:925} INFO - DAG(s) 'read_dataset_event_from_classic', 'read_dataset_event' retrieved from /home/airflow/.local/lib/python3.12/site-packages/airflow/example_dags/example_inlet_event_extra.py
[2025-04-30T03:09:44.375+0000] {logging_mixin.py:190} INFO - [2025-04-30T03:09:44.374+0000] {dag.py:3239} INFO - Sync 2 DAGs
[2025-04-30T03:09:44.421+0000] {logging_mixin.py:190} INFO - [2025-04-30T03:09:44.421+0000] {dag.py:4180} INFO - Setting next_dagrun for read_dataset_event to 2025-04-29 00:00:00+00:00, run_after=2025-04-30 00:00:00+00:00
[2025-04-30T03:09:44.431+0000] {logging_mixin.py:190} INFO - [2025-04-30T03:09:44.430+0000] {dag.py:4180} INFO - Setting next_dagrun for read_dataset_event_from_classic to 2025-04-29 00:00:00+00:00, run_after=2025-04-30 00:00:00+00:00
[2025-04-30T03:09:44.462+0000] {processor.py:208} INFO - Processing /home/airflow/.local/lib/python3.12/site-packages/airflow/example_dags/example_inlet_event_extra.py took 1.173 seconds
[2025-04-30T03:10:14.954+0000] {processor.py:186} INFO - Started process (PID=792) to work on /home/airflow/.local/lib/python3.12/site-packages/airflow/example_dags/example_inlet_event_extra.py
[2025-04-30T03:10:14.955+0000] {processor.py:914} INFO - Processing file /home/airflow/.local/lib/python3.12/site-packages/airflow/example_dags/example_inlet_event_extra.py for tasks to queue
[2025-04-30T03:10:14.960+0000] {logging_mixin.py:190} INFO - [2025-04-30T03:10:14.960+0000] {dagbag.py:588} INFO - Filling up the DagBag from /home/airflow/.local/lib/python3.12/site-packages/airflow/example_dags/example_inlet_event_extra.py
[2025-04-30T03:10:16.264+0000] {processor.py:925} INFO - DAG(s) 'read_dataset_event_from_classic', 'read_dataset_event' retrieved from /home/airflow/.local/lib/python3.12/site-packages/airflow/example_dags/example_inlet_event_extra.py
[2025-04-30T03:10:16.316+0000] {logging_mixin.py:190} INFO - [2025-04-30T03:10:16.315+0000] {dag.py:3239} INFO - Sync 2 DAGs
[2025-04-30T03:10:16.377+0000] {logging_mixin.py:190} INFO - [2025-04-30T03:10:16.377+0000] {dag.py:4180} INFO - Setting next_dagrun for read_dataset_event to 2025-04-29 00:00:00+00:00, run_after=2025-04-30 00:00:00+00:00
[2025-04-30T03:10:16.388+0000] {logging_mixin.py:190} INFO - [2025-04-30T03:10:16.387+0000] {dag.py:4180} INFO - Setting next_dagrun for read_dataset_event_from_classic to 2025-04-29 00:00:00+00:00, run_after=2025-04-30 00:00:00+00:00
[2025-04-30T03:10:16.430+0000] {processor.py:208} INFO - Processing /home/airflow/.local/lib/python3.12/site-packages/airflow/example_dags/example_inlet_event_extra.py took 1.487 seconds
[2025-04-30T03:10:46.829+0000] {processor.py:186} INFO - Started process (PID=856) to work on /home/airflow/.local/lib/python3.12/site-packages/airflow/example_dags/example_inlet_event_extra.py
[2025-04-30T03:10:46.831+0000] {processor.py:914} INFO - Processing file /home/airflow/.local/lib/python3.12/site-packages/airflow/example_dags/example_inlet_event_extra.py for tasks to queue
[2025-04-30T03:10:46.859+0000] {logging_mixin.py:190} INFO - [2025-04-30T03:10:46.851+0000] {dagbag.py:588} INFO - Filling up the DagBag from /home/airflow/.local/lib/python3.12/site-packages/airflow/example_dags/example_inlet_event_extra.py
[2025-04-30T03:10:49.950+0000] {processor.py:925} INFO - DAG(s) 'read_dataset_event', 'read_dataset_event_from_classic' retrieved from /home/airflow/.local/lib/python3.12/site-packages/airflow/example_dags/example_inlet_event_extra.py
[2025-04-30T03:10:50.011+0000] {logging_mixin.py:190} INFO - [2025-04-30T03:10:50.011+0000] {dag.py:3239} INFO - Sync 2 DAGs
[2025-04-30T03:10:50.092+0000] {logging_mixin.py:190} INFO - [2025-04-30T03:10:50.092+0000] {dag.py:4180} INFO - Setting next_dagrun for read_dataset_event to 2025-04-29 00:00:00+00:00, run_after=2025-04-30 00:00:00+00:00
[2025-04-30T03:10:50.117+0000] {logging_mixin.py:190} INFO - [2025-04-30T03:10:50.117+0000] {dag.py:4180} INFO - Setting next_dagrun for read_dataset_event_from_classic to 2025-04-29 00:00:00+00:00, run_after=2025-04-30 00:00:00+00:00
[2025-04-30T03:10:50.185+0000] {processor.py:208} INFO - Processing /home/airflow/.local/lib/python3.12/site-packages/airflow/example_dags/example_inlet_event_extra.py took 3.369 seconds
[2025-04-30T03:11:21.065+0000] {processor.py:186} INFO - Started process (PID=927) to work on /home/airflow/.local/lib/python3.12/site-packages/airflow/example_dags/example_inlet_event_extra.py
[2025-04-30T03:11:21.085+0000] {processor.py:914} INFO - Processing file /home/airflow/.local/lib/python3.12/site-packages/airflow/example_dags/example_inlet_event_extra.py for tasks to queue
[2025-04-30T03:11:21.089+0000] {logging_mixin.py:190} INFO - [2025-04-30T03:11:21.089+0000] {dagbag.py:588} INFO - Filling up the DagBag from /home/airflow/.local/lib/python3.12/site-packages/airflow/example_dags/example_inlet_event_extra.py
[2025-04-30T03:11:22.141+0000] {processor.py:925} INFO - DAG(s) 'read_dataset_event_from_classic', 'read_dataset_event' retrieved from /home/airflow/.local/lib/python3.12/site-packages/airflow/example_dags/example_inlet_event_extra.py
[2025-04-30T03:11:22.179+0000] {logging_mixin.py:190} INFO - [2025-04-30T03:11:22.178+0000] {dag.py:3239} INFO - Sync 2 DAGs
[2025-04-30T03:11:22.225+0000] {logging_mixin.py:190} INFO - [2025-04-30T03:11:22.225+0000] {dag.py:4180} INFO - Setting next_dagrun for read_dataset_event to 2025-04-29 00:00:00+00:00, run_after=2025-04-30 00:00:00+00:00
[2025-04-30T03:11:22.235+0000] {logging_mixin.py:190} INFO - [2025-04-30T03:11:22.235+0000] {dag.py:4180} INFO - Setting next_dagrun for read_dataset_event_from_classic to 2025-04-29 00:00:00+00:00, run_after=2025-04-30 00:00:00+00:00
[2025-04-30T03:11:22.272+0000] {processor.py:208} INFO - Processing /home/airflow/.local/lib/python3.12/site-packages/airflow/example_dags/example_inlet_event_extra.py took 1.234 seconds
[2025-04-30T03:11:52.485+0000] {processor.py:186} INFO - Started process (PID=991) to work on /home/airflow/.local/lib/python3.12/site-packages/airflow/example_dags/example_inlet_event_extra.py
[2025-04-30T03:11:52.488+0000] {processor.py:914} INFO - Processing file /home/airflow/.local/lib/python3.12/site-packages/airflow/example_dags/example_inlet_event_extra.py for tasks to queue
[2025-04-30T03:11:52.493+0000] {logging_mixin.py:190} INFO - [2025-04-30T03:11:52.492+0000] {dagbag.py:588} INFO - Filling up the DagBag from /home/airflow/.local/lib/python3.12/site-packages/airflow/example_dags/example_inlet_event_extra.py
[2025-04-30T03:11:53.885+0000] {processor.py:925} INFO - DAG(s) 'read_dataset_event_from_classic', 'read_dataset_event' retrieved from /home/airflow/.local/lib/python3.12/site-packages/airflow/example_dags/example_inlet_event_extra.py
[2025-04-30T03:11:53.941+0000] {logging_mixin.py:190} INFO - [2025-04-30T03:11:53.941+0000] {dag.py:3239} INFO - Sync 2 DAGs
[2025-04-30T03:11:54.010+0000] {logging_mixin.py:190} INFO - [2025-04-30T03:11:54.009+0000] {dag.py:4180} INFO - Setting next_dagrun for read_dataset_event to 2025-04-29 00:00:00+00:00, run_after=2025-04-30 00:00:00+00:00
[2025-04-30T03:11:54.022+0000] {logging_mixin.py:190} INFO - [2025-04-30T03:11:54.022+0000] {dag.py:4180} INFO - Setting next_dagrun for read_dataset_event_from_classic to 2025-04-29 00:00:00+00:00, run_after=2025-04-30 00:00:00+00:00
[2025-04-30T03:11:54.061+0000] {processor.py:208} INFO - Processing /home/airflow/.local/lib/python3.12/site-packages/airflow/example_dags/example_inlet_event_extra.py took 1.586 seconds
[2025-04-30T03:12:24.775+0000] {processor.py:186} INFO - Started process (PID=1055) to work on /home/airflow/.local/lib/python3.12/site-packages/airflow/example_dags/example_inlet_event_extra.py
[2025-04-30T03:12:24.778+0000] {processor.py:914} INFO - Processing file /home/airflow/.local/lib/python3.12/site-packages/airflow/example_dags/example_inlet_event_extra.py for tasks to queue
[2025-04-30T03:12:24.783+0000] {logging_mixin.py:190} INFO - [2025-04-30T03:12:24.782+0000] {dagbag.py:588} INFO - Filling up the DagBag from /home/airflow/.local/lib/python3.12/site-packages/airflow/example_dags/example_inlet_event_extra.py
[2025-04-30T03:12:26.609+0000] {processor.py:925} INFO - DAG(s) 'read_dataset_event_from_classic', 'read_dataset_event' retrieved from /home/airflow/.local/lib/python3.12/site-packages/airflow/example_dags/example_inlet_event_extra.py
[2025-04-30T03:12:26.679+0000] {logging_mixin.py:190} INFO - [2025-04-30T03:12:26.678+0000] {dag.py:3239} INFO - Sync 2 DAGs
[2025-04-30T03:12:26.826+0000] {logging_mixin.py:190} INFO - [2025-04-30T03:12:26.825+0000] {dag.py:4180} INFO - Setting next_dagrun for read_dataset_event to 2025-04-29 00:00:00+00:00, run_after=2025-04-30 00:00:00+00:00
[2025-04-30T03:12:26.838+0000] {logging_mixin.py:190} INFO - [2025-04-30T03:12:26.838+0000] {dag.py:4180} INFO - Setting next_dagrun for read_dataset_event_from_classic to 2025-04-29 00:00:00+00:00, run_after=2025-04-30 00:00:00+00:00
[2025-04-30T03:12:26.873+0000] {processor.py:208} INFO - Processing /home/airflow/.local/lib/python3.12/site-packages/airflow/example_dags/example_inlet_event_extra.py took 2.107 seconds
[2025-04-30T03:12:57.771+0000] {processor.py:186} INFO - Started process (PID=1119) to work on /home/airflow/.local/lib/python3.12/site-packages/airflow/example_dags/example_inlet_event_extra.py
[2025-04-30T03:12:57.773+0000] {processor.py:914} INFO - Processing file /home/airflow/.local/lib/python3.12/site-packages/airflow/example_dags/example_inlet_event_extra.py for tasks to queue
[2025-04-30T03:12:57.777+0000] {logging_mixin.py:190} INFO - [2025-04-30T03:12:57.776+0000] {dagbag.py:588} INFO - Filling up the DagBag from /home/airflow/.local/lib/python3.12/site-packages/airflow/example_dags/example_inlet_event_extra.py
[2025-04-30T03:12:58.835+0000] {processor.py:925} INFO - DAG(s) 'read_dataset_event_from_classic', 'read_dataset_event' retrieved from /home/airflow/.local/lib/python3.12/site-packages/airflow/example_dags/example_inlet_event_extra.py
[2025-04-30T03:12:58.873+0000] {logging_mixin.py:190} INFO - [2025-04-30T03:12:58.873+0000] {dag.py:3239} INFO - Sync 2 DAGs
[2025-04-30T03:12:58.920+0000] {logging_mixin.py:190} INFO - [2025-04-30T03:12:58.919+0000] {dag.py:4180} INFO - Setting next_dagrun for read_dataset_event to 2025-04-29 00:00:00+00:00, run_after=2025-04-30 00:00:00+00:00
[2025-04-30T03:12:58.929+0000] {logging_mixin.py:190} INFO - [2025-04-30T03:12:58.928+0000] {dag.py:4180} INFO - Setting next_dagrun for read_dataset_event_from_classic to 2025-04-29 00:00:00+00:00, run_after=2025-04-30 00:00:00+00:00
[2025-04-30T03:12:58.968+0000] {processor.py:208} INFO - Processing /home/airflow/.local/lib/python3.12/site-packages/airflow/example_dags/example_inlet_event_extra.py took 1.210 seconds
[2025-04-30T03:13:29.428+0000] {processor.py:186} INFO - Started process (PID=1183) to work on /home/airflow/.local/lib/python3.12/site-packages/airflow/example_dags/example_inlet_event_extra.py
[2025-04-30T03:13:29.429+0000] {processor.py:914} INFO - Processing file /home/airflow/.local/lib/python3.12/site-packages/airflow/example_dags/example_inlet_event_extra.py for tasks to queue
[2025-04-30T03:13:29.433+0000] {logging_mixin.py:190} INFO - [2025-04-30T03:13:29.433+0000] {dagbag.py:588} INFO - Filling up the DagBag from /home/airflow/.local/lib/python3.12/site-packages/airflow/example_dags/example_inlet_event_extra.py
[2025-04-30T03:13:30.543+0000] {processor.py:925} INFO - DAG(s) 'read_dataset_event_from_classic', 'read_dataset_event' retrieved from /home/airflow/.local/lib/python3.12/site-packages/airflow/example_dags/example_inlet_event_extra.py
[2025-04-30T03:13:30.603+0000] {logging_mixin.py:190} INFO - [2025-04-30T03:13:30.603+0000] {dag.py:3239} INFO - Sync 2 DAGs
[2025-04-30T03:13:30.672+0000] {logging_mixin.py:190} INFO - [2025-04-30T03:13:30.672+0000] {dag.py:4180} INFO - Setting next_dagrun for read_dataset_event to 2025-04-29 00:00:00+00:00, run_after=2025-04-30 00:00:00+00:00
[2025-04-30T03:13:30.691+0000] {logging_mixin.py:190} INFO - [2025-04-30T03:13:30.690+0000] {dag.py:4180} INFO - Setting next_dagrun for read_dataset_event_from_classic to 2025-04-29 00:00:00+00:00, run_after=2025-04-30 00:00:00+00:00
[2025-04-30T03:13:30.753+0000] {processor.py:208} INFO - Processing /home/airflow/.local/lib/python3.12/site-packages/airflow/example_dags/example_inlet_event_extra.py took 1.338 seconds
[2025-04-30T03:14:00.848+0000] {processor.py:186} INFO - Started process (PID=1247) to work on /home/airflow/.local/lib/python3.12/site-packages/airflow/example_dags/example_inlet_event_extra.py
[2025-04-30T03:14:00.852+0000] {processor.py:914} INFO - Processing file /home/airflow/.local/lib/python3.12/site-packages/airflow/example_dags/example_inlet_event_extra.py for tasks to queue
[2025-04-30T03:14:00.861+0000] {logging_mixin.py:190} INFO - [2025-04-30T03:14:00.860+0000] {dagbag.py:588} INFO - Filling up the DagBag from /home/airflow/.local/lib/python3.12/site-packages/airflow/example_dags/example_inlet_event_extra.py
[2025-04-30T03:14:01.936+0000] {processor.py:925} INFO - DAG(s) 'read_dataset_event_from_classic', 'read_dataset_event' retrieved from /home/airflow/.local/lib/python3.12/site-packages/airflow/example_dags/example_inlet_event_extra.py
[2025-04-30T03:14:02.079+0000] {logging_mixin.py:190} INFO - [2025-04-30T03:14:02.079+0000] {dag.py:3239} INFO - Sync 2 DAGs
[2025-04-30T03:14:02.186+0000] {logging_mixin.py:190} INFO - [2025-04-30T03:14:02.185+0000] {dag.py:4180} INFO - Setting next_dagrun for read_dataset_event to 2025-04-29 00:00:00+00:00, run_after=2025-04-30 00:00:00+00:00
[2025-04-30T03:14:02.199+0000] {logging_mixin.py:190} INFO - [2025-04-30T03:14:02.199+0000] {dag.py:4180} INFO - Setting next_dagrun for read_dataset_event_from_classic to 2025-04-29 00:00:00+00:00, run_after=2025-04-30 00:00:00+00:00
[2025-04-30T03:14:02.239+0000] {processor.py:208} INFO - Processing /home/airflow/.local/lib/python3.12/site-packages/airflow/example_dags/example_inlet_event_extra.py took 1.407 seconds
