[2025-04-30T02:53:46.566+0000] {processor.py:186} INFO - Started process (PID=135) to work on /home/airflow/.local/lib/python3.12/site-packages/airflow/example_dags/example_python_operator.py
[2025-04-30T02:53:46.584+0000] {processor.py:914} INFO - Processing file /home/airflow/.local/lib/python3.12/site-packages/airflow/example_dags/example_python_operator.py for tasks to queue
[2025-04-30T02:53:46.611+0000] {logging_mixin.py:190} INFO - [2025-04-30T02:53:46.610+0000] {dagbag.py:588} INFO - Filling up the DagBag from /home/airflow/.local/lib/python3.12/site-packages/airflow/example_dags/example_python_operator.py
[2025-04-30T02:53:46.788+0000] {processor.py:925} INFO - DAG(s) 'example_python_operator' retrieved from /home/airflow/.local/lib/python3.12/site-packages/airflow/example_dags/example_python_operator.py
[2025-04-30T02:53:48.026+0000] {logging_mixin.py:190} INFO - [2025-04-30T02:53:48.026+0000] {dag.py:3239} INFO - Sync 1 DAGs
[2025-04-30T02:53:48.127+0000] {logging_mixin.py:190} INFO - [2025-04-30T02:53:48.126+0000] {dag.py:4180} INFO - Setting next_dagrun for example_python_operator to None, run_after=None
[2025-04-30T02:53:48.363+0000] {processor.py:208} INFO - Processing /home/airflow/.local/lib/python3.12/site-packages/airflow/example_dags/example_python_operator.py took 1.843 seconds
[2025-04-30T02:54:37.876+0000] {processor.py:186} INFO - Started process (PID=206) to work on /home/airflow/.local/lib/python3.12/site-packages/airflow/example_dags/example_python_operator.py
[2025-04-30T02:54:37.900+0000] {processor.py:914} INFO - Processing file /home/airflow/.local/lib/python3.12/site-packages/airflow/example_dags/example_python_operator.py for tasks to queue
[2025-04-30T02:54:37.927+0000] {logging_mixin.py:190} INFO - [2025-04-30T02:54:37.926+0000] {dagbag.py:588} INFO - Filling up the DagBag from /home/airflow/.local/lib/python3.12/site-packages/airflow/example_dags/example_python_operator.py
[2025-04-30T02:54:38.029+0000] {processor.py:925} INFO - DAG(s) 'example_python_operator' retrieved from /home/airflow/.local/lib/python3.12/site-packages/airflow/example_dags/example_python_operator.py
[2025-04-30T02:54:38.138+0000] {logging_mixin.py:190} INFO - [2025-04-30T02:54:38.138+0000] {dag.py:3239} INFO - Sync 1 DAGs
[2025-04-30T02:54:38.269+0000] {logging_mixin.py:190} INFO - [2025-04-30T02:54:38.269+0000] {dag.py:4180} INFO - Setting next_dagrun for example_python_operator to None, run_after=None
[2025-04-30T02:54:38.409+0000] {processor.py:208} INFO - Processing /home/airflow/.local/lib/python3.12/site-packages/airflow/example_dags/example_python_operator.py took 0.559 seconds
[2025-04-30T02:55:11.059+0000] {processor.py:186} INFO - Started process (PID=270) to work on /home/airflow/.local/lib/python3.12/site-packages/airflow/example_dags/example_python_operator.py
[2025-04-30T02:55:11.061+0000] {processor.py:914} INFO - Processing file /home/airflow/.local/lib/python3.12/site-packages/airflow/example_dags/example_python_operator.py for tasks to queue
[2025-04-30T02:55:11.077+0000] {logging_mixin.py:190} INFO - [2025-04-30T02:55:11.076+0000] {dagbag.py:588} INFO - Filling up the DagBag from /home/airflow/.local/lib/python3.12/site-packages/airflow/example_dags/example_python_operator.py
[2025-04-30T02:55:11.143+0000] {processor.py:925} INFO - DAG(s) 'example_python_operator' retrieved from /home/airflow/.local/lib/python3.12/site-packages/airflow/example_dags/example_python_operator.py
[2025-04-30T02:55:11.270+0000] {logging_mixin.py:190} INFO - [2025-04-30T02:55:11.267+0000] {dag.py:3239} INFO - Sync 1 DAGs
[2025-04-30T02:55:11.369+0000] {logging_mixin.py:190} INFO - [2025-04-30T02:55:11.368+0000] {dag.py:4180} INFO - Setting next_dagrun for example_python_operator to None, run_after=None
[2025-04-30T02:55:11.456+0000] {processor.py:208} INFO - Processing /home/airflow/.local/lib/python3.12/site-packages/airflow/example_dags/example_python_operator.py took 0.424 seconds
[2025-04-30T02:55:49.201+0000] {processor.py:186} INFO - Started process (PID=337) to work on /home/airflow/.local/lib/python3.12/site-packages/airflow/example_dags/example_python_operator.py
[2025-04-30T02:55:49.203+0000] {processor.py:914} INFO - Processing file /home/airflow/.local/lib/python3.12/site-packages/airflow/example_dags/example_python_operator.py for tasks to queue
[2025-04-30T02:55:49.208+0000] {logging_mixin.py:190} INFO - [2025-04-30T02:55:49.207+0000] {dagbag.py:588} INFO - Filling up the DagBag from /home/airflow/.local/lib/python3.12/site-packages/airflow/example_dags/example_python_operator.py
[2025-04-30T02:55:49.364+0000] {processor.py:925} INFO - DAG(s) 'example_python_operator' retrieved from /home/airflow/.local/lib/python3.12/site-packages/airflow/example_dags/example_python_operator.py
[2025-04-30T02:55:49.465+0000] {logging_mixin.py:190} INFO - [2025-04-30T02:55:49.464+0000] {dag.py:3239} INFO - Sync 1 DAGs
[2025-04-30T02:55:49.528+0000] {logging_mixin.py:190} INFO - [2025-04-30T02:55:49.527+0000] {dag.py:4180} INFO - Setting next_dagrun for example_python_operator to None, run_after=None
[2025-04-30T02:55:49.662+0000] {processor.py:208} INFO - Processing /home/airflow/.local/lib/python3.12/site-packages/airflow/example_dags/example_python_operator.py took 0.497 seconds
[2025-04-30T02:56:33.203+0000] {processor.py:186} INFO - Started process (PID=410) to work on /home/airflow/.local/lib/python3.12/site-packages/airflow/example_dags/example_python_operator.py
[2025-04-30T02:56:33.230+0000] {processor.py:914} INFO - Processing file /home/airflow/.local/lib/python3.12/site-packages/airflow/example_dags/example_python_operator.py for tasks to queue
[2025-04-30T02:56:33.246+0000] {logging_mixin.py:190} INFO - [2025-04-30T02:56:33.244+0000] {dagbag.py:588} INFO - Filling up the DagBag from /home/airflow/.local/lib/python3.12/site-packages/airflow/example_dags/example_python_operator.py
[2025-04-30T02:56:33.306+0000] {processor.py:925} INFO - DAG(s) 'example_python_operator' retrieved from /home/airflow/.local/lib/python3.12/site-packages/airflow/example_dags/example_python_operator.py
[2025-04-30T02:56:33.371+0000] {logging_mixin.py:190} INFO - [2025-04-30T02:56:33.371+0000] {dag.py:3239} INFO - Sync 1 DAGs
[2025-04-30T02:56:33.523+0000] {logging_mixin.py:190} INFO - [2025-04-30T02:56:33.523+0000] {dag.py:4180} INFO - Setting next_dagrun for example_python_operator to None, run_after=None
[2025-04-30T02:56:33.789+0000] {processor.py:208} INFO - Processing /home/airflow/.local/lib/python3.12/site-packages/airflow/example_dags/example_python_operator.py took 0.624 seconds
[2025-04-30T02:57:04.499+0000] {processor.py:186} INFO - Started process (PID=473) to work on /home/airflow/.local/lib/python3.12/site-packages/airflow/example_dags/example_python_operator.py
[2025-04-30T02:57:04.501+0000] {processor.py:914} INFO - Processing file /home/airflow/.local/lib/python3.12/site-packages/airflow/example_dags/example_python_operator.py for tasks to queue
[2025-04-30T02:57:04.504+0000] {logging_mixin.py:190} INFO - [2025-04-30T02:57:04.504+0000] {dagbag.py:588} INFO - Filling up the DagBag from /home/airflow/.local/lib/python3.12/site-packages/airflow/example_dags/example_python_operator.py
[2025-04-30T02:57:04.520+0000] {processor.py:925} INFO - DAG(s) 'example_python_operator' retrieved from /home/airflow/.local/lib/python3.12/site-packages/airflow/example_dags/example_python_operator.py
[2025-04-30T02:57:04.551+0000] {logging_mixin.py:190} INFO - [2025-04-30T02:57:04.551+0000] {dag.py:3239} INFO - Sync 1 DAGs
[2025-04-30T02:57:04.573+0000] {logging_mixin.py:190} INFO - [2025-04-30T02:57:04.573+0000] {dag.py:4180} INFO - Setting next_dagrun for example_python_operator to None, run_after=None
[2025-04-30T02:57:04.600+0000] {processor.py:208} INFO - Processing /home/airflow/.local/lib/python3.12/site-packages/airflow/example_dags/example_python_operator.py took 0.110 seconds
[2025-04-30T02:57:34.778+0000] {processor.py:186} INFO - Started process (PID=537) to work on /home/airflow/.local/lib/python3.12/site-packages/airflow/example_dags/example_python_operator.py
[2025-04-30T02:57:34.780+0000] {processor.py:914} INFO - Processing file /home/airflow/.local/lib/python3.12/site-packages/airflow/example_dags/example_python_operator.py for tasks to queue
[2025-04-30T02:57:34.784+0000] {logging_mixin.py:190} INFO - [2025-04-30T02:57:34.783+0000] {dagbag.py:588} INFO - Filling up the DagBag from /home/airflow/.local/lib/python3.12/site-packages/airflow/example_dags/example_python_operator.py
[2025-04-30T02:57:34.800+0000] {processor.py:925} INFO - DAG(s) 'example_python_operator' retrieved from /home/airflow/.local/lib/python3.12/site-packages/airflow/example_dags/example_python_operator.py
[2025-04-30T02:57:34.830+0000] {logging_mixin.py:190} INFO - [2025-04-30T02:57:34.830+0000] {dag.py:3239} INFO - Sync 1 DAGs
[2025-04-30T02:57:34.850+0000] {logging_mixin.py:190} INFO - [2025-04-30T02:57:34.850+0000] {dag.py:4180} INFO - Setting next_dagrun for example_python_operator to None, run_after=None
[2025-04-30T02:57:34.892+0000] {processor.py:208} INFO - Processing /home/airflow/.local/lib/python3.12/site-packages/airflow/example_dags/example_python_operator.py took 0.120 seconds
[2025-04-30T02:58:12.053+0000] {processor.py:186} INFO - Started process (PID=601) to work on /home/airflow/.local/lib/python3.12/site-packages/airflow/example_dags/example_python_operator.py
[2025-04-30T02:58:12.055+0000] {processor.py:914} INFO - Processing file /home/airflow/.local/lib/python3.12/site-packages/airflow/example_dags/example_python_operator.py for tasks to queue
[2025-04-30T02:58:12.071+0000] {logging_mixin.py:190} INFO - [2025-04-30T02:58:12.060+0000] {dagbag.py:588} INFO - Filling up the DagBag from /home/airflow/.local/lib/python3.12/site-packages/airflow/example_dags/example_python_operator.py
[2025-04-30T02:58:12.125+0000] {processor.py:925} INFO - DAG(s) 'example_python_operator' retrieved from /home/airflow/.local/lib/python3.12/site-packages/airflow/example_dags/example_python_operator.py
[2025-04-30T02:58:12.241+0000] {logging_mixin.py:190} INFO - [2025-04-30T02:58:12.240+0000] {dag.py:3239} INFO - Sync 1 DAGs
[2025-04-30T02:58:12.317+0000] {logging_mixin.py:190} INFO - [2025-04-30T02:58:12.316+0000] {dag.py:4180} INFO - Setting next_dagrun for example_python_operator to None, run_after=None
[2025-04-30T02:58:12.415+0000] {processor.py:208} INFO - Processing /home/airflow/.local/lib/python3.12/site-packages/airflow/example_dags/example_python_operator.py took 0.389 seconds
[2025-04-30T02:58:44.073+0000] {processor.py:186} INFO - Started process (PID=665) to work on /home/airflow/.local/lib/python3.12/site-packages/airflow/example_dags/example_python_operator.py
[2025-04-30T02:58:44.077+0000] {processor.py:914} INFO - Processing file /home/airflow/.local/lib/python3.12/site-packages/airflow/example_dags/example_python_operator.py for tasks to queue
[2025-04-30T02:58:44.092+0000] {logging_mixin.py:190} INFO - [2025-04-30T02:58:44.091+0000] {dagbag.py:588} INFO - Filling up the DagBag from /home/airflow/.local/lib/python3.12/site-packages/airflow/example_dags/example_python_operator.py
[2025-04-30T02:58:44.265+0000] {processor.py:925} INFO - DAG(s) 'example_python_operator' retrieved from /home/airflow/.local/lib/python3.12/site-packages/airflow/example_dags/example_python_operator.py
[2025-04-30T02:58:44.351+0000] {logging_mixin.py:190} INFO - [2025-04-30T02:58:44.350+0000] {dag.py:3239} INFO - Sync 1 DAGs
[2025-04-30T02:58:44.402+0000] {logging_mixin.py:190} INFO - [2025-04-30T02:58:44.401+0000] {dag.py:4180} INFO - Setting next_dagrun for example_python_operator to None, run_after=None
[2025-04-30T02:58:44.498+0000] {processor.py:208} INFO - Processing /home/airflow/.local/lib/python3.12/site-packages/airflow/example_dags/example_python_operator.py took 0.467 seconds
[2025-04-30T02:59:14.735+0000] {processor.py:186} INFO - Started process (PID=729) to work on /home/airflow/.local/lib/python3.12/site-packages/airflow/example_dags/example_python_operator.py
[2025-04-30T02:59:14.737+0000] {processor.py:914} INFO - Processing file /home/airflow/.local/lib/python3.12/site-packages/airflow/example_dags/example_python_operator.py for tasks to queue
[2025-04-30T02:59:14.742+0000] {logging_mixin.py:190} INFO - [2025-04-30T02:59:14.741+0000] {dagbag.py:588} INFO - Filling up the DagBag from /home/airflow/.local/lib/python3.12/site-packages/airflow/example_dags/example_python_operator.py
[2025-04-30T02:59:14.767+0000] {processor.py:925} INFO - DAG(s) 'example_python_operator' retrieved from /home/airflow/.local/lib/python3.12/site-packages/airflow/example_dags/example_python_operator.py
[2025-04-30T02:59:14.803+0000] {logging_mixin.py:190} INFO - [2025-04-30T02:59:14.802+0000] {dag.py:3239} INFO - Sync 1 DAGs
[2025-04-30T02:59:14.829+0000] {logging_mixin.py:190} INFO - [2025-04-30T02:59:14.829+0000] {dag.py:4180} INFO - Setting next_dagrun for example_python_operator to None, run_after=None
[2025-04-30T02:59:14.867+0000] {processor.py:208} INFO - Processing /home/airflow/.local/lib/python3.12/site-packages/airflow/example_dags/example_python_operator.py took 0.141 seconds
[2025-04-30T02:59:45.382+0000] {processor.py:186} INFO - Started process (PID=794) to work on /home/airflow/.local/lib/python3.12/site-packages/airflow/example_dags/example_python_operator.py
[2025-04-30T02:59:45.384+0000] {processor.py:914} INFO - Processing file /home/airflow/.local/lib/python3.12/site-packages/airflow/example_dags/example_python_operator.py for tasks to queue
[2025-04-30T02:59:45.389+0000] {logging_mixin.py:190} INFO - [2025-04-30T02:59:45.388+0000] {dagbag.py:588} INFO - Filling up the DagBag from /home/airflow/.local/lib/python3.12/site-packages/airflow/example_dags/example_python_operator.py
[2025-04-30T02:59:45.417+0000] {processor.py:925} INFO - DAG(s) 'example_python_operator' retrieved from /home/airflow/.local/lib/python3.12/site-packages/airflow/example_dags/example_python_operator.py
[2025-04-30T02:59:45.485+0000] {logging_mixin.py:190} INFO - [2025-04-30T02:59:45.485+0000] {dag.py:3239} INFO - Sync 1 DAGs
[2025-04-30T02:59:45.524+0000] {logging_mixin.py:190} INFO - [2025-04-30T02:59:45.524+0000] {dag.py:4180} INFO - Setting next_dagrun for example_python_operator to None, run_after=None
[2025-04-30T02:59:45.563+0000] {processor.py:208} INFO - Processing /home/airflow/.local/lib/python3.12/site-packages/airflow/example_dags/example_python_operator.py took 0.193 seconds
[2025-04-30T03:00:16.863+0000] {processor.py:186} INFO - Started process (PID=858) to work on /home/airflow/.local/lib/python3.12/site-packages/airflow/example_dags/example_python_operator.py
[2025-04-30T03:00:16.866+0000] {processor.py:914} INFO - Processing file /home/airflow/.local/lib/python3.12/site-packages/airflow/example_dags/example_python_operator.py for tasks to queue
[2025-04-30T03:00:16.876+0000] {logging_mixin.py:190} INFO - [2025-04-30T03:00:16.876+0000] {dagbag.py:588} INFO - Filling up the DagBag from /home/airflow/.local/lib/python3.12/site-packages/airflow/example_dags/example_python_operator.py
[2025-04-30T03:00:16.906+0000] {processor.py:925} INFO - DAG(s) 'example_python_operator' retrieved from /home/airflow/.local/lib/python3.12/site-packages/airflow/example_dags/example_python_operator.py
[2025-04-30T03:00:16.960+0000] {logging_mixin.py:190} INFO - [2025-04-30T03:00:16.960+0000] {dag.py:3239} INFO - Sync 1 DAGs
[2025-04-30T03:00:17.001+0000] {logging_mixin.py:190} INFO - [2025-04-30T03:00:17.001+0000] {dag.py:4180} INFO - Setting next_dagrun for example_python_operator to None, run_after=None
[2025-04-30T03:00:17.048+0000] {processor.py:208} INFO - Processing /home/airflow/.local/lib/python3.12/site-packages/airflow/example_dags/example_python_operator.py took 0.204 seconds
[2025-04-30T03:00:50.582+0000] {processor.py:186} INFO - Started process (PID=922) to work on /home/airflow/.local/lib/python3.12/site-packages/airflow/example_dags/example_python_operator.py
[2025-04-30T03:00:50.584+0000] {processor.py:914} INFO - Processing file /home/airflow/.local/lib/python3.12/site-packages/airflow/example_dags/example_python_operator.py for tasks to queue
[2025-04-30T03:00:50.589+0000] {logging_mixin.py:190} INFO - [2025-04-30T03:00:50.589+0000] {dagbag.py:588} INFO - Filling up the DagBag from /home/airflow/.local/lib/python3.12/site-packages/airflow/example_dags/example_python_operator.py
[2025-04-30T03:00:50.622+0000] {processor.py:925} INFO - DAG(s) 'example_python_operator' retrieved from /home/airflow/.local/lib/python3.12/site-packages/airflow/example_dags/example_python_operator.py
[2025-04-30T03:00:50.717+0000] {logging_mixin.py:190} INFO - [2025-04-30T03:00:50.715+0000] {dag.py:3239} INFO - Sync 1 DAGs
[2025-04-30T03:00:50.793+0000] {logging_mixin.py:190} INFO - [2025-04-30T03:00:50.792+0000] {dag.py:4180} INFO - Setting next_dagrun for example_python_operator to None, run_after=None
[2025-04-30T03:00:50.843+0000] {processor.py:208} INFO - Processing /home/airflow/.local/lib/python3.12/site-packages/airflow/example_dags/example_python_operator.py took 0.271 seconds
[2025-04-30T03:01:23.488+0000] {processor.py:186} INFO - Started process (PID=987) to work on /home/airflow/.local/lib/python3.12/site-packages/airflow/example_dags/example_python_operator.py
[2025-04-30T03:01:23.520+0000] {processor.py:914} INFO - Processing file /home/airflow/.local/lib/python3.12/site-packages/airflow/example_dags/example_python_operator.py for tasks to queue
[2025-04-30T03:01:23.537+0000] {logging_mixin.py:190} INFO - [2025-04-30T03:01:23.537+0000] {dagbag.py:588} INFO - Filling up the DagBag from /home/airflow/.local/lib/python3.12/site-packages/airflow/example_dags/example_python_operator.py
[2025-04-30T03:01:23.657+0000] {processor.py:925} INFO - DAG(s) 'example_python_operator' retrieved from /home/airflow/.local/lib/python3.12/site-packages/airflow/example_dags/example_python_operator.py
[2025-04-30T03:01:23.888+0000] {logging_mixin.py:190} INFO - [2025-04-30T03:01:23.888+0000] {dag.py:3239} INFO - Sync 1 DAGs
[2025-04-30T03:01:24.084+0000] {logging_mixin.py:190} INFO - [2025-04-30T03:01:24.084+0000] {dag.py:4180} INFO - Setting next_dagrun for example_python_operator to None, run_after=None
[2025-04-30T03:01:24.259+0000] {processor.py:208} INFO - Processing /home/airflow/.local/lib/python3.12/site-packages/airflow/example_dags/example_python_operator.py took 0.805 seconds
[2025-04-30T03:04:36.842+0000] {processor.py:186} INFO - Started process (PID=116) to work on /home/airflow/.local/lib/python3.12/site-packages/airflow/example_dags/example_python_operator.py
[2025-04-30T03:04:36.859+0000] {processor.py:914} INFO - Processing file /home/airflow/.local/lib/python3.12/site-packages/airflow/example_dags/example_python_operator.py for tasks to queue
[2025-04-30T03:04:36.875+0000] {logging_mixin.py:190} INFO - [2025-04-30T03:04:36.874+0000] {dagbag.py:588} INFO - Filling up the DagBag from /home/airflow/.local/lib/python3.12/site-packages/airflow/example_dags/example_python_operator.py
[2025-04-30T03:04:36.960+0000] {processor.py:925} INFO - DAG(s) 'example_python_operator' retrieved from /home/airflow/.local/lib/python3.12/site-packages/airflow/example_dags/example_python_operator.py
[2025-04-30T03:04:37.645+0000] {logging_mixin.py:190} INFO - [2025-04-30T03:04:37.645+0000] {dag.py:3239} INFO - Sync 1 DAGs
[2025-04-30T03:04:37.704+0000] {logging_mixin.py:190} INFO - [2025-04-30T03:04:37.703+0000] {dag.py:4180} INFO - Setting next_dagrun for example_python_operator to None, run_after=None
[2025-04-30T03:04:37.807+0000] {processor.py:208} INFO - Processing /home/airflow/.local/lib/python3.12/site-packages/airflow/example_dags/example_python_operator.py took 0.985 seconds
[2025-04-30T03:05:08.430+0000] {processor.py:186} INFO - Started process (PID=181) to work on /home/airflow/.local/lib/python3.12/site-packages/airflow/example_dags/example_python_operator.py
[2025-04-30T03:05:08.433+0000] {processor.py:914} INFO - Processing file /home/airflow/.local/lib/python3.12/site-packages/airflow/example_dags/example_python_operator.py for tasks to queue
[2025-04-30T03:05:08.438+0000] {logging_mixin.py:190} INFO - [2025-04-30T03:05:08.437+0000] {dagbag.py:588} INFO - Filling up the DagBag from /home/airflow/.local/lib/python3.12/site-packages/airflow/example_dags/example_python_operator.py
[2025-04-30T03:05:08.462+0000] {processor.py:925} INFO - DAG(s) 'example_python_operator' retrieved from /home/airflow/.local/lib/python3.12/site-packages/airflow/example_dags/example_python_operator.py
[2025-04-30T03:05:08.510+0000] {logging_mixin.py:190} INFO - [2025-04-30T03:05:08.509+0000] {dag.py:3239} INFO - Sync 1 DAGs
[2025-04-30T03:05:08.549+0000] {logging_mixin.py:190} INFO - [2025-04-30T03:05:08.548+0000] {dag.py:4180} INFO - Setting next_dagrun for example_python_operator to None, run_after=None
[2025-04-30T03:05:08.585+0000] {processor.py:208} INFO - Processing /home/airflow/.local/lib/python3.12/site-packages/airflow/example_dags/example_python_operator.py took 0.166 seconds
[2025-04-30T03:05:39.035+0000] {processor.py:186} INFO - Started process (PID=244) to work on /home/airflow/.local/lib/python3.12/site-packages/airflow/example_dags/example_python_operator.py
[2025-04-30T03:05:39.036+0000] {processor.py:914} INFO - Processing file /home/airflow/.local/lib/python3.12/site-packages/airflow/example_dags/example_python_operator.py for tasks to queue
[2025-04-30T03:05:39.041+0000] {logging_mixin.py:190} INFO - [2025-04-30T03:05:39.040+0000] {dagbag.py:588} INFO - Filling up the DagBag from /home/airflow/.local/lib/python3.12/site-packages/airflow/example_dags/example_python_operator.py
[2025-04-30T03:05:39.070+0000] {processor.py:925} INFO - DAG(s) 'example_python_operator' retrieved from /home/airflow/.local/lib/python3.12/site-packages/airflow/example_dags/example_python_operator.py
[2025-04-30T03:05:39.124+0000] {logging_mixin.py:190} INFO - [2025-04-30T03:05:39.123+0000] {dag.py:3239} INFO - Sync 1 DAGs
[2025-04-30T03:05:39.165+0000] {logging_mixin.py:190} INFO - [2025-04-30T03:05:39.162+0000] {dag.py:4180} INFO - Setting next_dagrun for example_python_operator to None, run_after=None
[2025-04-30T03:05:39.290+0000] {processor.py:208} INFO - Processing /home/airflow/.local/lib/python3.12/site-packages/airflow/example_dags/example_python_operator.py took 0.270 seconds
[2025-04-30T03:06:10.444+0000] {processor.py:186} INFO - Started process (PID=307) to work on /home/airflow/.local/lib/python3.12/site-packages/airflow/example_dags/example_python_operator.py
[2025-04-30T03:06:10.446+0000] {processor.py:914} INFO - Processing file /home/airflow/.local/lib/python3.12/site-packages/airflow/example_dags/example_python_operator.py for tasks to queue
[2025-04-30T03:06:10.454+0000] {logging_mixin.py:190} INFO - [2025-04-30T03:06:10.453+0000] {dagbag.py:588} INFO - Filling up the DagBag from /home/airflow/.local/lib/python3.12/site-packages/airflow/example_dags/example_python_operator.py
[2025-04-30T03:06:10.483+0000] {processor.py:925} INFO - DAG(s) 'example_python_operator' retrieved from /home/airflow/.local/lib/python3.12/site-packages/airflow/example_dags/example_python_operator.py
[2025-04-30T03:06:10.526+0000] {logging_mixin.py:190} INFO - [2025-04-30T03:06:10.525+0000] {dag.py:3239} INFO - Sync 1 DAGs
[2025-04-30T03:06:10.564+0000] {logging_mixin.py:190} INFO - [2025-04-30T03:06:10.564+0000] {dag.py:4180} INFO - Setting next_dagrun for example_python_operator to None, run_after=None
[2025-04-30T03:06:10.611+0000] {processor.py:208} INFO - Processing /home/airflow/.local/lib/python3.12/site-packages/airflow/example_dags/example_python_operator.py took 0.188 seconds
[2025-04-30T03:06:41.395+0000] {processor.py:186} INFO - Started process (PID=371) to work on /home/airflow/.local/lib/python3.12/site-packages/airflow/example_dags/example_python_operator.py
[2025-04-30T03:06:41.397+0000] {processor.py:914} INFO - Processing file /home/airflow/.local/lib/python3.12/site-packages/airflow/example_dags/example_python_operator.py for tasks to queue
[2025-04-30T03:06:41.400+0000] {logging_mixin.py:190} INFO - [2025-04-30T03:06:41.400+0000] {dagbag.py:588} INFO - Filling up the DagBag from /home/airflow/.local/lib/python3.12/site-packages/airflow/example_dags/example_python_operator.py
[2025-04-30T03:06:41.447+0000] {processor.py:925} INFO - DAG(s) 'example_python_operator' retrieved from /home/airflow/.local/lib/python3.12/site-packages/airflow/example_dags/example_python_operator.py
[2025-04-30T03:06:41.509+0000] {logging_mixin.py:190} INFO - [2025-04-30T03:06:41.508+0000] {dag.py:3239} INFO - Sync 1 DAGs
[2025-04-30T03:06:41.535+0000] {logging_mixin.py:190} INFO - [2025-04-30T03:06:41.535+0000] {dag.py:4180} INFO - Setting next_dagrun for example_python_operator to None, run_after=None
[2025-04-30T03:06:41.577+0000] {processor.py:208} INFO - Processing /home/airflow/.local/lib/python3.12/site-packages/airflow/example_dags/example_python_operator.py took 0.194 seconds
[2025-04-30T03:07:12.372+0000] {processor.py:186} INFO - Started process (PID=435) to work on /home/airflow/.local/lib/python3.12/site-packages/airflow/example_dags/example_python_operator.py
[2025-04-30T03:07:12.374+0000] {processor.py:914} INFO - Processing file /home/airflow/.local/lib/python3.12/site-packages/airflow/example_dags/example_python_operator.py for tasks to queue
[2025-04-30T03:07:12.378+0000] {logging_mixin.py:190} INFO - [2025-04-30T03:07:12.377+0000] {dagbag.py:588} INFO - Filling up the DagBag from /home/airflow/.local/lib/python3.12/site-packages/airflow/example_dags/example_python_operator.py
[2025-04-30T03:07:12.395+0000] {processor.py:925} INFO - DAG(s) 'example_python_operator' retrieved from /home/airflow/.local/lib/python3.12/site-packages/airflow/example_dags/example_python_operator.py
[2025-04-30T03:07:12.440+0000] {logging_mixin.py:190} INFO - [2025-04-30T03:07:12.439+0000] {dag.py:3239} INFO - Sync 1 DAGs
[2025-04-30T03:07:12.464+0000] {logging_mixin.py:190} INFO - [2025-04-30T03:07:12.463+0000] {dag.py:4180} INFO - Setting next_dagrun for example_python_operator to None, run_after=None
[2025-04-30T03:07:12.495+0000] {processor.py:208} INFO - Processing /home/airflow/.local/lib/python3.12/site-packages/airflow/example_dags/example_python_operator.py took 0.130 seconds
[2025-04-30T03:07:42.893+0000] {processor.py:186} INFO - Started process (PID=500) to work on /home/airflow/.local/lib/python3.12/site-packages/airflow/example_dags/example_python_operator.py
[2025-04-30T03:07:42.894+0000] {processor.py:914} INFO - Processing file /home/airflow/.local/lib/python3.12/site-packages/airflow/example_dags/example_python_operator.py for tasks to queue
[2025-04-30T03:07:42.897+0000] {logging_mixin.py:190} INFO - [2025-04-30T03:07:42.897+0000] {dagbag.py:588} INFO - Filling up the DagBag from /home/airflow/.local/lib/python3.12/site-packages/airflow/example_dags/example_python_operator.py
[2025-04-30T03:07:42.920+0000] {processor.py:925} INFO - DAG(s) 'example_python_operator' retrieved from /home/airflow/.local/lib/python3.12/site-packages/airflow/example_dags/example_python_operator.py
[2025-04-30T03:07:42.960+0000] {logging_mixin.py:190} INFO - [2025-04-30T03:07:42.960+0000] {dag.py:3239} INFO - Sync 1 DAGs
[2025-04-30T03:07:42.993+0000] {logging_mixin.py:190} INFO - [2025-04-30T03:07:42.993+0000] {dag.py:4180} INFO - Setting next_dagrun for example_python_operator to None, run_after=None
[2025-04-30T03:07:43.059+0000] {processor.py:208} INFO - Processing /home/airflow/.local/lib/python3.12/site-packages/airflow/example_dags/example_python_operator.py took 0.180 seconds
[2025-04-30T03:08:13.908+0000] {processor.py:186} INFO - Started process (PID=563) to work on /home/airflow/.local/lib/python3.12/site-packages/airflow/example_dags/example_python_operator.py
[2025-04-30T03:08:13.911+0000] {processor.py:914} INFO - Processing file /home/airflow/.local/lib/python3.12/site-packages/airflow/example_dags/example_python_operator.py for tasks to queue
[2025-04-30T03:08:13.933+0000] {logging_mixin.py:190} INFO - [2025-04-30T03:08:13.932+0000] {dagbag.py:588} INFO - Filling up the DagBag from /home/airflow/.local/lib/python3.12/site-packages/airflow/example_dags/example_python_operator.py
[2025-04-30T03:08:13.964+0000] {processor.py:925} INFO - DAG(s) 'example_python_operator' retrieved from /home/airflow/.local/lib/python3.12/site-packages/airflow/example_dags/example_python_operator.py
[2025-04-30T03:08:14.028+0000] {logging_mixin.py:190} INFO - [2025-04-30T03:08:14.026+0000] {dag.py:3239} INFO - Sync 1 DAGs
[2025-04-30T03:08:14.085+0000] {logging_mixin.py:190} INFO - [2025-04-30T03:08:14.085+0000] {dag.py:4180} INFO - Setting next_dagrun for example_python_operator to None, run_after=None
[2025-04-30T03:08:14.147+0000] {processor.py:208} INFO - Processing /home/airflow/.local/lib/python3.12/site-packages/airflow/example_dags/example_python_operator.py took 0.255 seconds
[2025-04-30T03:08:44.782+0000] {processor.py:186} INFO - Started process (PID=627) to work on /home/airflow/.local/lib/python3.12/site-packages/airflow/example_dags/example_python_operator.py
[2025-04-30T03:08:44.784+0000] {processor.py:914} INFO - Processing file /home/airflow/.local/lib/python3.12/site-packages/airflow/example_dags/example_python_operator.py for tasks to queue
[2025-04-30T03:08:44.788+0000] {logging_mixin.py:190} INFO - [2025-04-30T03:08:44.787+0000] {dagbag.py:588} INFO - Filling up the DagBag from /home/airflow/.local/lib/python3.12/site-packages/airflow/example_dags/example_python_operator.py
[2025-04-30T03:08:44.811+0000] {processor.py:925} INFO - DAG(s) 'example_python_operator' retrieved from /home/airflow/.local/lib/python3.12/site-packages/airflow/example_dags/example_python_operator.py
[2025-04-30T03:08:44.855+0000] {logging_mixin.py:190} INFO - [2025-04-30T03:08:44.855+0000] {dag.py:3239} INFO - Sync 1 DAGs
[2025-04-30T03:08:44.884+0000] {logging_mixin.py:190} INFO - [2025-04-30T03:08:44.883+0000] {dag.py:4180} INFO - Setting next_dagrun for example_python_operator to None, run_after=None
[2025-04-30T03:08:44.927+0000] {processor.py:208} INFO - Processing /home/airflow/.local/lib/python3.12/site-packages/airflow/example_dags/example_python_operator.py took 0.155 seconds
[2025-04-30T03:09:16.010+0000] {processor.py:186} INFO - Started process (PID=691) to work on /home/airflow/.local/lib/python3.12/site-packages/airflow/example_dags/example_python_operator.py
[2025-04-30T03:09:16.011+0000] {processor.py:914} INFO - Processing file /home/airflow/.local/lib/python3.12/site-packages/airflow/example_dags/example_python_operator.py for tasks to queue
[2025-04-30T03:09:16.015+0000] {logging_mixin.py:190} INFO - [2025-04-30T03:09:16.015+0000] {dagbag.py:588} INFO - Filling up the DagBag from /home/airflow/.local/lib/python3.12/site-packages/airflow/example_dags/example_python_operator.py
[2025-04-30T03:09:16.039+0000] {processor.py:925} INFO - DAG(s) 'example_python_operator' retrieved from /home/airflow/.local/lib/python3.12/site-packages/airflow/example_dags/example_python_operator.py
[2025-04-30T03:09:16.084+0000] {logging_mixin.py:190} INFO - [2025-04-30T03:09:16.083+0000] {dag.py:3239} INFO - Sync 1 DAGs
[2025-04-30T03:09:16.113+0000] {logging_mixin.py:190} INFO - [2025-04-30T03:09:16.113+0000] {dag.py:4180} INFO - Setting next_dagrun for example_python_operator to None, run_after=None
[2025-04-30T03:09:16.147+0000] {processor.py:208} INFO - Processing /home/airflow/.local/lib/python3.12/site-packages/airflow/example_dags/example_python_operator.py took 0.147 seconds
[2025-04-30T03:09:48.213+0000] {processor.py:186} INFO - Started process (PID=756) to work on /home/airflow/.local/lib/python3.12/site-packages/airflow/example_dags/example_python_operator.py
[2025-04-30T03:09:48.215+0000] {processor.py:914} INFO - Processing file /home/airflow/.local/lib/python3.12/site-packages/airflow/example_dags/example_python_operator.py for tasks to queue
[2025-04-30T03:09:48.220+0000] {logging_mixin.py:190} INFO - [2025-04-30T03:09:48.219+0000] {dagbag.py:588} INFO - Filling up the DagBag from /home/airflow/.local/lib/python3.12/site-packages/airflow/example_dags/example_python_operator.py
[2025-04-30T03:09:48.244+0000] {processor.py:925} INFO - DAG(s) 'example_python_operator' retrieved from /home/airflow/.local/lib/python3.12/site-packages/airflow/example_dags/example_python_operator.py
[2025-04-30T03:09:48.287+0000] {logging_mixin.py:190} INFO - [2025-04-30T03:09:48.287+0000] {dag.py:3239} INFO - Sync 1 DAGs
[2025-04-30T03:09:48.316+0000] {logging_mixin.py:190} INFO - [2025-04-30T03:09:48.315+0000] {dag.py:4180} INFO - Setting next_dagrun for example_python_operator to None, run_after=None
[2025-04-30T03:09:48.352+0000] {processor.py:208} INFO - Processing /home/airflow/.local/lib/python3.12/site-packages/airflow/example_dags/example_python_operator.py took 0.150 seconds
[2025-04-30T03:10:20.751+0000] {processor.py:186} INFO - Started process (PID=826) to work on /home/airflow/.local/lib/python3.12/site-packages/airflow/example_dags/example_python_operator.py
[2025-04-30T03:10:20.752+0000] {processor.py:914} INFO - Processing file /home/airflow/.local/lib/python3.12/site-packages/airflow/example_dags/example_python_operator.py for tasks to queue
[2025-04-30T03:10:20.756+0000] {logging_mixin.py:190} INFO - [2025-04-30T03:10:20.755+0000] {dagbag.py:588} INFO - Filling up the DagBag from /home/airflow/.local/lib/python3.12/site-packages/airflow/example_dags/example_python_operator.py
[2025-04-30T03:10:20.778+0000] {processor.py:925} INFO - DAG(s) 'example_python_operator' retrieved from /home/airflow/.local/lib/python3.12/site-packages/airflow/example_dags/example_python_operator.py
[2025-04-30T03:10:20.819+0000] {logging_mixin.py:190} INFO - [2025-04-30T03:10:20.818+0000] {dag.py:3239} INFO - Sync 1 DAGs
[2025-04-30T03:10:20.847+0000] {logging_mixin.py:190} INFO - [2025-04-30T03:10:20.847+0000] {dag.py:4180} INFO - Setting next_dagrun for example_python_operator to None, run_after=None
[2025-04-30T03:10:20.886+0000] {processor.py:208} INFO - Processing /home/airflow/.local/lib/python3.12/site-packages/airflow/example_dags/example_python_operator.py took 0.143 seconds
[2025-04-30T03:11:00.378+0000] {processor.py:186} INFO - Started process (PID=896) to work on /home/airflow/.local/lib/python3.12/site-packages/airflow/example_dags/example_python_operator.py
[2025-04-30T03:11:00.382+0000] {processor.py:914} INFO - Processing file /home/airflow/.local/lib/python3.12/site-packages/airflow/example_dags/example_python_operator.py for tasks to queue
[2025-04-30T03:11:00.387+0000] {logging_mixin.py:190} INFO - [2025-04-30T03:11:00.387+0000] {dagbag.py:588} INFO - Filling up the DagBag from /home/airflow/.local/lib/python3.12/site-packages/airflow/example_dags/example_python_operator.py
[2025-04-30T03:11:00.452+0000] {processor.py:925} INFO - DAG(s) 'example_python_operator' retrieved from /home/airflow/.local/lib/python3.12/site-packages/airflow/example_dags/example_python_operator.py
[2025-04-30T03:11:00.512+0000] {logging_mixin.py:190} INFO - [2025-04-30T03:11:00.511+0000] {dag.py:3239} INFO - Sync 1 DAGs
[2025-04-30T03:11:00.561+0000] {logging_mixin.py:190} INFO - [2025-04-30T03:11:00.560+0000] {dag.py:4180} INFO - Setting next_dagrun for example_python_operator to None, run_after=None
[2025-04-30T03:11:00.669+0000] {processor.py:208} INFO - Processing /home/airflow/.local/lib/python3.12/site-packages/airflow/example_dags/example_python_operator.py took 0.306 seconds
[2025-04-30T03:11:31.329+0000] {processor.py:186} INFO - Started process (PID=960) to work on /home/airflow/.local/lib/python3.12/site-packages/airflow/example_dags/example_python_operator.py
[2025-04-30T03:11:31.338+0000] {processor.py:914} INFO - Processing file /home/airflow/.local/lib/python3.12/site-packages/airflow/example_dags/example_python_operator.py for tasks to queue
[2025-04-30T03:11:31.343+0000] {logging_mixin.py:190} INFO - [2025-04-30T03:11:31.342+0000] {dagbag.py:588} INFO - Filling up the DagBag from /home/airflow/.local/lib/python3.12/site-packages/airflow/example_dags/example_python_operator.py
[2025-04-30T03:11:31.372+0000] {processor.py:925} INFO - DAG(s) 'example_python_operator' retrieved from /home/airflow/.local/lib/python3.12/site-packages/airflow/example_dags/example_python_operator.py
[2025-04-30T03:11:31.416+0000] {logging_mixin.py:190} INFO - [2025-04-30T03:11:31.415+0000] {dag.py:3239} INFO - Sync 1 DAGs
[2025-04-30T03:11:31.458+0000] {logging_mixin.py:190} INFO - [2025-04-30T03:11:31.457+0000] {dag.py:4180} INFO - Setting next_dagrun for example_python_operator to None, run_after=None
[2025-04-30T03:11:31.559+0000] {processor.py:208} INFO - Processing /home/airflow/.local/lib/python3.12/site-packages/airflow/example_dags/example_python_operator.py took 0.240 seconds
[2025-04-30T03:12:02.108+0000] {processor.py:186} INFO - Started process (PID=1024) to work on /home/airflow/.local/lib/python3.12/site-packages/airflow/example_dags/example_python_operator.py
[2025-04-30T03:12:02.110+0000] {processor.py:914} INFO - Processing file /home/airflow/.local/lib/python3.12/site-packages/airflow/example_dags/example_python_operator.py for tasks to queue
[2025-04-30T03:12:02.115+0000] {logging_mixin.py:190} INFO - [2025-04-30T03:12:02.114+0000] {dagbag.py:588} INFO - Filling up the DagBag from /home/airflow/.local/lib/python3.12/site-packages/airflow/example_dags/example_python_operator.py
[2025-04-30T03:12:02.137+0000] {processor.py:925} INFO - DAG(s) 'example_python_operator' retrieved from /home/airflow/.local/lib/python3.12/site-packages/airflow/example_dags/example_python_operator.py
[2025-04-30T03:12:02.171+0000] {logging_mixin.py:190} INFO - [2025-04-30T03:12:02.170+0000] {dag.py:3239} INFO - Sync 1 DAGs
[2025-04-30T03:12:02.199+0000] {logging_mixin.py:190} INFO - [2025-04-30T03:12:02.198+0000] {dag.py:4180} INFO - Setting next_dagrun for example_python_operator to None, run_after=None
[2025-04-30T03:12:02.247+0000] {processor.py:208} INFO - Processing /home/airflow/.local/lib/python3.12/site-packages/airflow/example_dags/example_python_operator.py took 0.151 seconds
[2025-04-30T03:12:33.695+0000] {processor.py:186} INFO - Started process (PID=1088) to work on /home/airflow/.local/lib/python3.12/site-packages/airflow/example_dags/example_python_operator.py
[2025-04-30T03:12:33.697+0000] {processor.py:914} INFO - Processing file /home/airflow/.local/lib/python3.12/site-packages/airflow/example_dags/example_python_operator.py for tasks to queue
[2025-04-30T03:12:33.703+0000] {logging_mixin.py:190} INFO - [2025-04-30T03:12:33.702+0000] {dagbag.py:588} INFO - Filling up the DagBag from /home/airflow/.local/lib/python3.12/site-packages/airflow/example_dags/example_python_operator.py
[2025-04-30T03:12:33.733+0000] {processor.py:925} INFO - DAG(s) 'example_python_operator' retrieved from /home/airflow/.local/lib/python3.12/site-packages/airflow/example_dags/example_python_operator.py
[2025-04-30T03:12:33.808+0000] {logging_mixin.py:190} INFO - [2025-04-30T03:12:33.807+0000] {dag.py:3239} INFO - Sync 1 DAGs
[2025-04-30T03:12:33.851+0000] {logging_mixin.py:190} INFO - [2025-04-30T03:12:33.851+0000] {dag.py:4180} INFO - Setting next_dagrun for example_python_operator to None, run_after=None
[2025-04-30T03:12:33.938+0000] {processor.py:208} INFO - Processing /home/airflow/.local/lib/python3.12/site-packages/airflow/example_dags/example_python_operator.py took 0.253 seconds
[2025-04-30T03:13:04.500+0000] {processor.py:186} INFO - Started process (PID=1152) to work on /home/airflow/.local/lib/python3.12/site-packages/airflow/example_dags/example_python_operator.py
[2025-04-30T03:13:04.502+0000] {processor.py:914} INFO - Processing file /home/airflow/.local/lib/python3.12/site-packages/airflow/example_dags/example_python_operator.py for tasks to queue
[2025-04-30T03:13:04.507+0000] {logging_mixin.py:190} INFO - [2025-04-30T03:13:04.506+0000] {dagbag.py:588} INFO - Filling up the DagBag from /home/airflow/.local/lib/python3.12/site-packages/airflow/example_dags/example_python_operator.py
[2025-04-30T03:13:04.526+0000] {processor.py:925} INFO - DAG(s) 'example_python_operator' retrieved from /home/airflow/.local/lib/python3.12/site-packages/airflow/example_dags/example_python_operator.py
[2025-04-30T03:13:04.614+0000] {logging_mixin.py:190} INFO - [2025-04-30T03:13:04.614+0000] {dag.py:3239} INFO - Sync 1 DAGs
[2025-04-30T03:13:04.647+0000] {logging_mixin.py:190} INFO - [2025-04-30T03:13:04.646+0000] {dag.py:4180} INFO - Setting next_dagrun for example_python_operator to None, run_after=None
[2025-04-30T03:13:04.686+0000] {processor.py:208} INFO - Processing /home/airflow/.local/lib/python3.12/site-packages/airflow/example_dags/example_python_operator.py took 0.195 seconds
[2025-04-30T03:13:35.513+0000] {processor.py:186} INFO - Started process (PID=1217) to work on /home/airflow/.local/lib/python3.12/site-packages/airflow/example_dags/example_python_operator.py
[2025-04-30T03:13:35.515+0000] {processor.py:914} INFO - Processing file /home/airflow/.local/lib/python3.12/site-packages/airflow/example_dags/example_python_operator.py for tasks to queue
[2025-04-30T03:13:35.518+0000] {logging_mixin.py:190} INFO - [2025-04-30T03:13:35.518+0000] {dagbag.py:588} INFO - Filling up the DagBag from /home/airflow/.local/lib/python3.12/site-packages/airflow/example_dags/example_python_operator.py
[2025-04-30T03:13:35.540+0000] {processor.py:925} INFO - DAG(s) 'example_python_operator' retrieved from /home/airflow/.local/lib/python3.12/site-packages/airflow/example_dags/example_python_operator.py
[2025-04-30T03:13:35.583+0000] {logging_mixin.py:190} INFO - [2025-04-30T03:13:35.583+0000] {dag.py:3239} INFO - Sync 1 DAGs
[2025-04-30T03:13:35.610+0000] {logging_mixin.py:190} INFO - [2025-04-30T03:13:35.609+0000] {dag.py:4180} INFO - Setting next_dagrun for example_python_operator to None, run_after=None
[2025-04-30T03:13:35.648+0000] {processor.py:208} INFO - Processing /home/airflow/.local/lib/python3.12/site-packages/airflow/example_dags/example_python_operator.py took 0.144 seconds
