[2025-04-30T02:53:34.380+0000] {processor.py:186} INFO - Started process (PID=120) to work on /home/airflow/.local/lib/python3.12/site-packages/airflow/example_dags/example_complex.py
[2025-04-30T02:53:34.404+0000] {processor.py:914} INFO - Processing file /home/airflow/.local/lib/python3.12/site-packages/airflow/example_dags/example_complex.py for tasks to queue
[2025-04-30T02:53:34.409+0000] {logging_mixin.py:190} INFO - [2025-04-30T02:53:34.408+0000] {dagbag.py:588} INFO - Filling up the DagBag from /home/airflow/.local/lib/python3.12/site-packages/airflow/example_dags/example_complex.py
[2025-04-30T02:53:34.557+0000] {processor.py:925} INFO - DAG(s) 'example_complex' retrieved from /home/airflow/.local/lib/python3.12/site-packages/airflow/example_dags/example_complex.py
[2025-04-30T02:53:34.971+0000] {logging_mixin.py:190} INFO - [2025-04-30T02:53:34.970+0000] {dag.py:3239} INFO - Sync 1 DAGs
[2025-04-30T02:53:35.232+0000] {logging_mixin.py:190} INFO - [2025-04-30T02:53:35.231+0000] {dag.py:4180} INFO - Setting next_dagrun for example_complex to None, run_after=None
[2025-04-30T02:53:35.388+0000] {processor.py:208} INFO - Processing /home/airflow/.local/lib/python3.12/site-packages/airflow/example_dags/example_complex.py took 1.039 seconds
[2025-04-30T02:54:27.464+0000] {processor.py:186} INFO - Started process (PID=191) to work on /home/airflow/.local/lib/python3.12/site-packages/airflow/example_dags/example_complex.py
[2025-04-30T02:54:27.466+0000] {processor.py:914} INFO - Processing file /home/airflow/.local/lib/python3.12/site-packages/airflow/example_dags/example_complex.py for tasks to queue
[2025-04-30T02:54:27.482+0000] {logging_mixin.py:190} INFO - [2025-04-30T02:54:27.481+0000] {dagbag.py:588} INFO - Filling up the DagBag from /home/airflow/.local/lib/python3.12/site-packages/airflow/example_dags/example_complex.py
[2025-04-30T02:54:27.602+0000] {processor.py:925} INFO - DAG(s) 'example_complex' retrieved from /home/airflow/.local/lib/python3.12/site-packages/airflow/example_dags/example_complex.py
[2025-04-30T02:54:27.852+0000] {logging_mixin.py:190} INFO - [2025-04-30T02:54:27.852+0000] {dag.py:3239} INFO - Sync 1 DAGs
[2025-04-30T02:54:27.942+0000] {logging_mixin.py:190} INFO - [2025-04-30T02:54:27.942+0000] {dag.py:4180} INFO - Setting next_dagrun for example_complex to None, run_after=None
[2025-04-30T02:54:28.101+0000] {processor.py:208} INFO - Processing /home/airflow/.local/lib/python3.12/site-packages/airflow/example_dags/example_complex.py took 0.689 seconds
[2025-04-30T02:55:04.822+0000] {processor.py:186} INFO - Started process (PID=255) to work on /home/airflow/.local/lib/python3.12/site-packages/airflow/example_dags/example_complex.py
[2025-04-30T02:55:04.832+0000] {processor.py:914} INFO - Processing file /home/airflow/.local/lib/python3.12/site-packages/airflow/example_dags/example_complex.py for tasks to queue
[2025-04-30T02:55:04.844+0000] {logging_mixin.py:190} INFO - [2025-04-30T02:55:04.844+0000] {dagbag.py:588} INFO - Filling up the DagBag from /home/airflow/.local/lib/python3.12/site-packages/airflow/example_dags/example_complex.py
[2025-04-30T02:55:04.960+0000] {processor.py:925} INFO - DAG(s) 'example_complex' retrieved from /home/airflow/.local/lib/python3.12/site-packages/airflow/example_dags/example_complex.py
[2025-04-30T02:55:05.269+0000] {logging_mixin.py:190} INFO - [2025-04-30T02:55:05.268+0000] {dag.py:3239} INFO - Sync 1 DAGs
[2025-04-30T02:55:05.381+0000] {logging_mixin.py:190} INFO - [2025-04-30T02:55:05.380+0000] {dag.py:4180} INFO - Setting next_dagrun for example_complex to None, run_after=None
[2025-04-30T02:55:05.557+0000] {processor.py:208} INFO - Processing /home/airflow/.local/lib/python3.12/site-packages/airflow/example_dags/example_complex.py took 0.810 seconds
[2025-04-30T02:55:44.015+0000] {processor.py:186} INFO - Started process (PID=319) to work on /home/airflow/.local/lib/python3.12/site-packages/airflow/example_dags/example_complex.py
[2025-04-30T02:55:44.017+0000] {processor.py:914} INFO - Processing file /home/airflow/.local/lib/python3.12/site-packages/airflow/example_dags/example_complex.py for tasks to queue
[2025-04-30T02:55:44.025+0000] {logging_mixin.py:190} INFO - [2025-04-30T02:55:44.024+0000] {dagbag.py:588} INFO - Filling up the DagBag from /home/airflow/.local/lib/python3.12/site-packages/airflow/example_dags/example_complex.py
[2025-04-30T02:55:44.116+0000] {processor.py:925} INFO - DAG(s) 'example_complex' retrieved from /home/airflow/.local/lib/python3.12/site-packages/airflow/example_dags/example_complex.py
[2025-04-30T02:55:44.271+0000] {logging_mixin.py:190} INFO - [2025-04-30T02:55:44.270+0000] {dag.py:3239} INFO - Sync 1 DAGs
[2025-04-30T02:55:44.349+0000] {logging_mixin.py:190} INFO - [2025-04-30T02:55:44.348+0000] {dag.py:4180} INFO - Setting next_dagrun for example_complex to None, run_after=None
[2025-04-30T02:55:44.465+0000] {processor.py:208} INFO - Processing /home/airflow/.local/lib/python3.12/site-packages/airflow/example_dags/example_complex.py took 0.466 seconds
[2025-04-30T02:56:23.504+0000] {processor.py:186} INFO - Started process (PID=386) to work on /home/airflow/.local/lib/python3.12/site-packages/airflow/example_dags/example_complex.py
[2025-04-30T02:56:23.506+0000] {processor.py:914} INFO - Processing file /home/airflow/.local/lib/python3.12/site-packages/airflow/example_dags/example_complex.py for tasks to queue
[2025-04-30T02:56:23.514+0000] {logging_mixin.py:190} INFO - [2025-04-30T02:56:23.510+0000] {dagbag.py:588} INFO - Filling up the DagBag from /home/airflow/.local/lib/python3.12/site-packages/airflow/example_dags/example_complex.py
[2025-04-30T02:56:23.556+0000] {processor.py:925} INFO - DAG(s) 'example_complex' retrieved from /home/airflow/.local/lib/python3.12/site-packages/airflow/example_dags/example_complex.py
[2025-04-30T02:56:23.640+0000] {logging_mixin.py:190} INFO - [2025-04-30T02:56:23.640+0000] {dag.py:3239} INFO - Sync 1 DAGs
[2025-04-30T02:56:23.683+0000] {logging_mixin.py:190} INFO - [2025-04-30T02:56:23.682+0000] {dag.py:4180} INFO - Setting next_dagrun for example_complex to None, run_after=None
[2025-04-30T02:56:23.753+0000] {processor.py:208} INFO - Processing /home/airflow/.local/lib/python3.12/site-packages/airflow/example_dags/example_complex.py took 0.266 seconds
[2025-04-30T02:56:59.117+0000] {processor.py:186} INFO - Started process (PID=457) to work on /home/airflow/.local/lib/python3.12/site-packages/airflow/example_dags/example_complex.py
[2025-04-30T02:56:59.118+0000] {processor.py:914} INFO - Processing file /home/airflow/.local/lib/python3.12/site-packages/airflow/example_dags/example_complex.py for tasks to queue
[2025-04-30T02:56:59.123+0000] {logging_mixin.py:190} INFO - [2025-04-30T02:56:59.123+0000] {dagbag.py:588} INFO - Filling up the DagBag from /home/airflow/.local/lib/python3.12/site-packages/airflow/example_dags/example_complex.py
[2025-04-30T02:56:59.146+0000] {processor.py:925} INFO - DAG(s) 'example_complex' retrieved from /home/airflow/.local/lib/python3.12/site-packages/airflow/example_dags/example_complex.py
[2025-04-30T02:56:59.226+0000] {logging_mixin.py:190} INFO - [2025-04-30T02:56:59.225+0000] {dag.py:3239} INFO - Sync 1 DAGs
[2025-04-30T02:56:59.260+0000] {logging_mixin.py:190} INFO - [2025-04-30T02:56:59.259+0000] {dag.py:4180} INFO - Setting next_dagrun for example_complex to None, run_after=None
[2025-04-30T02:56:59.308+0000] {processor.py:208} INFO - Processing /home/airflow/.local/lib/python3.12/site-packages/airflow/example_dags/example_complex.py took 0.202 seconds
[2025-04-30T02:57:30.707+0000] {processor.py:186} INFO - Started process (PID=521) to work on /home/airflow/.local/lib/python3.12/site-packages/airflow/example_dags/example_complex.py
[2025-04-30T02:57:30.709+0000] {processor.py:914} INFO - Processing file /home/airflow/.local/lib/python3.12/site-packages/airflow/example_dags/example_complex.py for tasks to queue
[2025-04-30T02:57:30.715+0000] {logging_mixin.py:190} INFO - [2025-04-30T02:57:30.712+0000] {dagbag.py:588} INFO - Filling up the DagBag from /home/airflow/.local/lib/python3.12/site-packages/airflow/example_dags/example_complex.py
[2025-04-30T02:57:30.741+0000] {processor.py:925} INFO - DAG(s) 'example_complex' retrieved from /home/airflow/.local/lib/python3.12/site-packages/airflow/example_dags/example_complex.py
[2025-04-30T02:57:30.804+0000] {logging_mixin.py:190} INFO - [2025-04-30T02:57:30.803+0000] {dag.py:3239} INFO - Sync 1 DAGs
[2025-04-30T02:57:30.832+0000] {logging_mixin.py:190} INFO - [2025-04-30T02:57:30.832+0000] {dag.py:4180} INFO - Setting next_dagrun for example_complex to None, run_after=None
[2025-04-30T02:57:30.870+0000] {processor.py:208} INFO - Processing /home/airflow/.local/lib/python3.12/site-packages/airflow/example_dags/example_complex.py took 0.173 seconds
[2025-04-30T02:58:04.873+0000] {processor.py:186} INFO - Started process (PID=585) to work on /home/airflow/.local/lib/python3.12/site-packages/airflow/example_dags/example_complex.py
[2025-04-30T02:58:04.875+0000] {processor.py:914} INFO - Processing file /home/airflow/.local/lib/python3.12/site-packages/airflow/example_dags/example_complex.py for tasks to queue
[2025-04-30T02:58:04.881+0000] {logging_mixin.py:190} INFO - [2025-04-30T02:58:04.880+0000] {dagbag.py:588} INFO - Filling up the DagBag from /home/airflow/.local/lib/python3.12/site-packages/airflow/example_dags/example_complex.py
[2025-04-30T02:58:04.931+0000] {processor.py:925} INFO - DAG(s) 'example_complex' retrieved from /home/airflow/.local/lib/python3.12/site-packages/airflow/example_dags/example_complex.py
[2025-04-30T02:58:05.091+0000] {logging_mixin.py:190} INFO - [2025-04-30T02:58:05.086+0000] {dag.py:3239} INFO - Sync 1 DAGs
[2025-04-30T02:58:05.244+0000] {logging_mixin.py:190} INFO - [2025-04-30T02:58:05.244+0000] {dag.py:4180} INFO - Setting next_dagrun for example_complex to None, run_after=None
[2025-04-30T02:58:05.531+0000] {processor.py:208} INFO - Processing /home/airflow/.local/lib/python3.12/site-packages/airflow/example_dags/example_complex.py took 0.674 seconds
[2025-04-30T02:58:36.772+0000] {processor.py:186} INFO - Started process (PID=649) to work on /home/airflow/.local/lib/python3.12/site-packages/airflow/example_dags/example_complex.py
[2025-04-30T02:58:36.780+0000] {processor.py:914} INFO - Processing file /home/airflow/.local/lib/python3.12/site-packages/airflow/example_dags/example_complex.py for tasks to queue
[2025-04-30T02:58:36.787+0000] {logging_mixin.py:190} INFO - [2025-04-30T02:58:36.786+0000] {dagbag.py:588} INFO - Filling up the DagBag from /home/airflow/.local/lib/python3.12/site-packages/airflow/example_dags/example_complex.py
[2025-04-30T02:58:36.830+0000] {processor.py:925} INFO - DAG(s) 'example_complex' retrieved from /home/airflow/.local/lib/python3.12/site-packages/airflow/example_dags/example_complex.py
[2025-04-30T02:58:36.947+0000] {logging_mixin.py:190} INFO - [2025-04-30T02:58:36.947+0000] {dag.py:3239} INFO - Sync 1 DAGs
[2025-04-30T02:58:36.987+0000] {logging_mixin.py:190} INFO - [2025-04-30T02:58:36.986+0000] {dag.py:4180} INFO - Setting next_dagrun for example_complex to None, run_after=None
[2025-04-30T02:58:37.053+0000] {processor.py:208} INFO - Processing /home/airflow/.local/lib/python3.12/site-packages/airflow/example_dags/example_complex.py took 0.305 seconds
[2025-04-30T02:59:07.390+0000] {processor.py:186} INFO - Started process (PID=712) to work on /home/airflow/.local/lib/python3.12/site-packages/airflow/example_dags/example_complex.py
[2025-04-30T02:59:07.392+0000] {processor.py:914} INFO - Processing file /home/airflow/.local/lib/python3.12/site-packages/airflow/example_dags/example_complex.py for tasks to queue
[2025-04-30T02:59:07.398+0000] {logging_mixin.py:190} INFO - [2025-04-30T02:59:07.397+0000] {dagbag.py:588} INFO - Filling up the DagBag from /home/airflow/.local/lib/python3.12/site-packages/airflow/example_dags/example_complex.py
[2025-04-30T02:59:07.424+0000] {processor.py:925} INFO - DAG(s) 'example_complex' retrieved from /home/airflow/.local/lib/python3.12/site-packages/airflow/example_dags/example_complex.py
[2025-04-30T02:59:07.502+0000] {logging_mixin.py:190} INFO - [2025-04-30T02:59:07.502+0000] {dag.py:3239} INFO - Sync 1 DAGs
[2025-04-30T02:59:07.539+0000] {logging_mixin.py:190} INFO - [2025-04-30T02:59:07.539+0000] {dag.py:4180} INFO - Setting next_dagrun for example_complex to None, run_after=None
[2025-04-30T02:59:07.585+0000] {processor.py:208} INFO - Processing /home/airflow/.local/lib/python3.12/site-packages/airflow/example_dags/example_complex.py took 0.207 seconds
[2025-04-30T02:59:38.177+0000] {processor.py:186} INFO - Started process (PID=777) to work on /home/airflow/.local/lib/python3.12/site-packages/airflow/example_dags/example_complex.py
[2025-04-30T02:59:38.179+0000] {processor.py:914} INFO - Processing file /home/airflow/.local/lib/python3.12/site-packages/airflow/example_dags/example_complex.py for tasks to queue
[2025-04-30T02:59:38.184+0000] {logging_mixin.py:190} INFO - [2025-04-30T02:59:38.183+0000] {dagbag.py:588} INFO - Filling up the DagBag from /home/airflow/.local/lib/python3.12/site-packages/airflow/example_dags/example_complex.py
[2025-04-30T02:59:38.212+0000] {processor.py:925} INFO - DAG(s) 'example_complex' retrieved from /home/airflow/.local/lib/python3.12/site-packages/airflow/example_dags/example_complex.py
[2025-04-30T02:59:38.293+0000] {logging_mixin.py:190} INFO - [2025-04-30T02:59:38.292+0000] {dag.py:3239} INFO - Sync 1 DAGs
[2025-04-30T02:59:38.327+0000] {logging_mixin.py:190} INFO - [2025-04-30T02:59:38.326+0000] {dag.py:4180} INFO - Setting next_dagrun for example_complex to None, run_after=None
[2025-04-30T02:59:38.365+0000] {processor.py:208} INFO - Processing /home/airflow/.local/lib/python3.12/site-packages/airflow/example_dags/example_complex.py took 0.199 seconds
[2025-04-30T03:00:12.869+0000] {processor.py:186} INFO - Started process (PID=841) to work on /home/airflow/.local/lib/python3.12/site-packages/airflow/example_dags/example_complex.py
[2025-04-30T03:00:12.878+0000] {processor.py:914} INFO - Processing file /home/airflow/.local/lib/python3.12/site-packages/airflow/example_dags/example_complex.py for tasks to queue
[2025-04-30T03:00:12.883+0000] {logging_mixin.py:190} INFO - [2025-04-30T03:00:12.883+0000] {dagbag.py:588} INFO - Filling up the DagBag from /home/airflow/.local/lib/python3.12/site-packages/airflow/example_dags/example_complex.py
[2025-04-30T03:00:12.925+0000] {processor.py:925} INFO - DAG(s) 'example_complex' retrieved from /home/airflow/.local/lib/python3.12/site-packages/airflow/example_dags/example_complex.py
[2025-04-30T03:00:13.095+0000] {logging_mixin.py:190} INFO - [2025-04-30T03:00:13.091+0000] {dag.py:3239} INFO - Sync 1 DAGs
[2025-04-30T03:00:13.163+0000] {logging_mixin.py:190} INFO - [2025-04-30T03:00:13.163+0000] {dag.py:4180} INFO - Setting next_dagrun for example_complex to None, run_after=None
[2025-04-30T03:00:13.240+0000] {processor.py:208} INFO - Processing /home/airflow/.local/lib/python3.12/site-packages/airflow/example_dags/example_complex.py took 0.409 seconds
[2025-04-30T03:00:46.541+0000] {processor.py:186} INFO - Started process (PID=907) to work on /home/airflow/.local/lib/python3.12/site-packages/airflow/example_dags/example_complex.py
[2025-04-30T03:00:46.548+0000] {processor.py:914} INFO - Processing file /home/airflow/.local/lib/python3.12/site-packages/airflow/example_dags/example_complex.py for tasks to queue
[2025-04-30T03:00:46.564+0000] {logging_mixin.py:190} INFO - [2025-04-30T03:00:46.563+0000] {dagbag.py:588} INFO - Filling up the DagBag from /home/airflow/.local/lib/python3.12/site-packages/airflow/example_dags/example_complex.py
[2025-04-30T03:00:46.698+0000] {processor.py:925} INFO - DAG(s) 'example_complex' retrieved from /home/airflow/.local/lib/python3.12/site-packages/airflow/example_dags/example_complex.py
[2025-04-30T03:00:46.923+0000] {logging_mixin.py:190} INFO - [2025-04-30T03:00:46.922+0000] {dag.py:3239} INFO - Sync 1 DAGs
[2025-04-30T03:00:47.004+0000] {logging_mixin.py:190} INFO - [2025-04-30T03:00:47.003+0000] {dag.py:4180} INFO - Setting next_dagrun for example_complex to None, run_after=None
[2025-04-30T03:00:47.082+0000] {processor.py:208} INFO - Processing /home/airflow/.local/lib/python3.12/site-packages/airflow/example_dags/example_complex.py took 0.581 seconds
[2025-04-30T03:01:18.209+0000] {processor.py:186} INFO - Started process (PID=972) to work on /home/airflow/.local/lib/python3.12/site-packages/airflow/example_dags/example_complex.py
[2025-04-30T03:01:18.211+0000] {processor.py:914} INFO - Processing file /home/airflow/.local/lib/python3.12/site-packages/airflow/example_dags/example_complex.py for tasks to queue
[2025-04-30T03:01:18.217+0000] {logging_mixin.py:190} INFO - [2025-04-30T03:01:18.216+0000] {dagbag.py:588} INFO - Filling up the DagBag from /home/airflow/.local/lib/python3.12/site-packages/airflow/example_dags/example_complex.py
[2025-04-30T03:01:18.247+0000] {processor.py:925} INFO - DAG(s) 'example_complex' retrieved from /home/airflow/.local/lib/python3.12/site-packages/airflow/example_dags/example_complex.py
[2025-04-30T03:01:18.337+0000] {logging_mixin.py:190} INFO - [2025-04-30T03:01:18.336+0000] {dag.py:3239} INFO - Sync 1 DAGs
[2025-04-30T03:01:18.373+0000] {logging_mixin.py:190} INFO - [2025-04-30T03:01:18.372+0000] {dag.py:4180} INFO - Setting next_dagrun for example_complex to None, run_after=None
[2025-04-30T03:01:18.433+0000] {processor.py:208} INFO - Processing /home/airflow/.local/lib/python3.12/site-packages/airflow/example_dags/example_complex.py took 0.237 seconds
[2025-04-30T03:04:32.003+0000] {processor.py:186} INFO - Started process (PID=101) to work on /home/airflow/.local/lib/python3.12/site-packages/airflow/example_dags/example_complex.py
[2025-04-30T03:04:32.005+0000] {processor.py:914} INFO - Processing file /home/airflow/.local/lib/python3.12/site-packages/airflow/example_dags/example_complex.py for tasks to queue
[2025-04-30T03:04:32.011+0000] {logging_mixin.py:190} INFO - [2025-04-30T03:04:32.010+0000] {dagbag.py:588} INFO - Filling up the DagBag from /home/airflow/.local/lib/python3.12/site-packages/airflow/example_dags/example_complex.py
[2025-04-30T03:04:32.069+0000] {processor.py:925} INFO - DAG(s) 'example_complex' retrieved from /home/airflow/.local/lib/python3.12/site-packages/airflow/example_dags/example_complex.py
[2025-04-30T03:04:32.211+0000] {logging_mixin.py:190} INFO - [2025-04-30T03:04:32.211+0000] {dag.py:3239} INFO - Sync 1 DAGs
[2025-04-30T03:04:32.248+0000] {logging_mixin.py:190} INFO - [2025-04-30T03:04:32.247+0000] {dag.py:4180} INFO - Setting next_dagrun for example_complex to None, run_after=None
[2025-04-30T03:04:32.297+0000] {processor.py:208} INFO - Processing /home/airflow/.local/lib/python3.12/site-packages/airflow/example_dags/example_complex.py took 0.305 seconds
[2025-04-30T03:05:04.250+0000] {processor.py:186} INFO - Started process (PID=165) to work on /home/airflow/.local/lib/python3.12/site-packages/airflow/example_dags/example_complex.py
[2025-04-30T03:05:04.252+0000] {processor.py:914} INFO - Processing file /home/airflow/.local/lib/python3.12/site-packages/airflow/example_dags/example_complex.py for tasks to queue
[2025-04-30T03:05:04.256+0000] {logging_mixin.py:190} INFO - [2025-04-30T03:05:04.255+0000] {dagbag.py:588} INFO - Filling up the DagBag from /home/airflow/.local/lib/python3.12/site-packages/airflow/example_dags/example_complex.py
[2025-04-30T03:05:04.291+0000] {processor.py:925} INFO - DAG(s) 'example_complex' retrieved from /home/airflow/.local/lib/python3.12/site-packages/airflow/example_dags/example_complex.py
[2025-04-30T03:05:04.374+0000] {logging_mixin.py:190} INFO - [2025-04-30T03:05:04.374+0000] {dag.py:3239} INFO - Sync 1 DAGs
[2025-04-30T03:05:04.414+0000] {logging_mixin.py:190} INFO - [2025-04-30T03:05:04.414+0000] {dag.py:4180} INFO - Setting next_dagrun for example_complex to None, run_after=None
[2025-04-30T03:05:04.457+0000] {processor.py:208} INFO - Processing /home/airflow/.local/lib/python3.12/site-packages/airflow/example_dags/example_complex.py took 0.217 seconds
[2025-04-30T03:05:35.233+0000] {processor.py:186} INFO - Started process (PID=229) to work on /home/airflow/.local/lib/python3.12/site-packages/airflow/example_dags/example_complex.py
[2025-04-30T03:05:35.235+0000] {processor.py:914} INFO - Processing file /home/airflow/.local/lib/python3.12/site-packages/airflow/example_dags/example_complex.py for tasks to queue
[2025-04-30T03:05:35.239+0000] {logging_mixin.py:190} INFO - [2025-04-30T03:05:35.238+0000] {dagbag.py:588} INFO - Filling up the DagBag from /home/airflow/.local/lib/python3.12/site-packages/airflow/example_dags/example_complex.py
[2025-04-30T03:05:35.267+0000] {processor.py:925} INFO - DAG(s) 'example_complex' retrieved from /home/airflow/.local/lib/python3.12/site-packages/airflow/example_dags/example_complex.py
[2025-04-30T03:05:35.389+0000] {logging_mixin.py:190} INFO - [2025-04-30T03:05:35.389+0000] {dag.py:3239} INFO - Sync 1 DAGs
[2025-04-30T03:05:35.437+0000] {logging_mixin.py:190} INFO - [2025-04-30T03:05:35.436+0000] {dag.py:4180} INFO - Setting next_dagrun for example_complex to None, run_after=None
[2025-04-30T03:05:35.498+0000] {processor.py:208} INFO - Processing /home/airflow/.local/lib/python3.12/site-packages/airflow/example_dags/example_complex.py took 0.277 seconds
[2025-04-30T03:06:05.943+0000] {processor.py:186} INFO - Started process (PID=292) to work on /home/airflow/.local/lib/python3.12/site-packages/airflow/example_dags/example_complex.py
[2025-04-30T03:06:05.944+0000] {processor.py:914} INFO - Processing file /home/airflow/.local/lib/python3.12/site-packages/airflow/example_dags/example_complex.py for tasks to queue
[2025-04-30T03:06:05.950+0000] {logging_mixin.py:190} INFO - [2025-04-30T03:06:05.948+0000] {dagbag.py:588} INFO - Filling up the DagBag from /home/airflow/.local/lib/python3.12/site-packages/airflow/example_dags/example_complex.py
[2025-04-30T03:06:05.973+0000] {processor.py:925} INFO - DAG(s) 'example_complex' retrieved from /home/airflow/.local/lib/python3.12/site-packages/airflow/example_dags/example_complex.py
[2025-04-30T03:06:06.041+0000] {logging_mixin.py:190} INFO - [2025-04-30T03:06:06.040+0000] {dag.py:3239} INFO - Sync 1 DAGs
[2025-04-30T03:06:06.075+0000] {logging_mixin.py:190} INFO - [2025-04-30T03:06:06.075+0000] {dag.py:4180} INFO - Setting next_dagrun for example_complex to None, run_after=None
[2025-04-30T03:06:06.119+0000] {processor.py:208} INFO - Processing /home/airflow/.local/lib/python3.12/site-packages/airflow/example_dags/example_complex.py took 0.184 seconds
[2025-04-30T03:06:36.192+0000] {processor.py:186} INFO - Started process (PID=355) to work on /home/airflow/.local/lib/python3.12/site-packages/airflow/example_dags/example_complex.py
[2025-04-30T03:06:36.193+0000] {processor.py:914} INFO - Processing file /home/airflow/.local/lib/python3.12/site-packages/airflow/example_dags/example_complex.py for tasks to queue
[2025-04-30T03:06:36.196+0000] {logging_mixin.py:190} INFO - [2025-04-30T03:06:36.196+0000] {dagbag.py:588} INFO - Filling up the DagBag from /home/airflow/.local/lib/python3.12/site-packages/airflow/example_dags/example_complex.py
[2025-04-30T03:06:36.214+0000] {processor.py:925} INFO - DAG(s) 'example_complex' retrieved from /home/airflow/.local/lib/python3.12/site-packages/airflow/example_dags/example_complex.py
[2025-04-30T03:06:36.261+0000] {logging_mixin.py:190} INFO - [2025-04-30T03:06:36.261+0000] {dag.py:3239} INFO - Sync 1 DAGs
[2025-04-30T03:06:36.283+0000] {logging_mixin.py:190} INFO - [2025-04-30T03:06:36.283+0000] {dag.py:4180} INFO - Setting next_dagrun for example_complex to None, run_after=None
[2025-04-30T03:06:36.321+0000] {processor.py:208} INFO - Processing /home/airflow/.local/lib/python3.12/site-packages/airflow/example_dags/example_complex.py took 0.137 seconds
[2025-04-30T03:07:06.946+0000] {processor.py:186} INFO - Started process (PID=420) to work on /home/airflow/.local/lib/python3.12/site-packages/airflow/example_dags/example_complex.py
[2025-04-30T03:07:06.950+0000] {processor.py:914} INFO - Processing file /home/airflow/.local/lib/python3.12/site-packages/airflow/example_dags/example_complex.py for tasks to queue
[2025-04-30T03:07:06.961+0000] {logging_mixin.py:190} INFO - [2025-04-30T03:07:06.960+0000] {dagbag.py:588} INFO - Filling up the DagBag from /home/airflow/.local/lib/python3.12/site-packages/airflow/example_dags/example_complex.py
[2025-04-30T03:07:07.042+0000] {processor.py:925} INFO - DAG(s) 'example_complex' retrieved from /home/airflow/.local/lib/python3.12/site-packages/airflow/example_dags/example_complex.py
[2025-04-30T03:07:07.227+0000] {logging_mixin.py:190} INFO - [2025-04-30T03:07:07.226+0000] {dag.py:3239} INFO - Sync 1 DAGs
[2025-04-30T03:07:07.275+0000] {logging_mixin.py:190} INFO - [2025-04-30T03:07:07.275+0000] {dag.py:4180} INFO - Setting next_dagrun for example_complex to None, run_after=None
[2025-04-30T03:07:07.317+0000] {processor.py:208} INFO - Processing /home/airflow/.local/lib/python3.12/site-packages/airflow/example_dags/example_complex.py took 0.399 seconds
[2025-04-30T03:07:40.062+0000] {processor.py:186} INFO - Started process (PID=485) to work on /home/airflow/.local/lib/python3.12/site-packages/airflow/example_dags/example_complex.py
[2025-04-30T03:07:40.064+0000] {processor.py:914} INFO - Processing file /home/airflow/.local/lib/python3.12/site-packages/airflow/example_dags/example_complex.py for tasks to queue
[2025-04-30T03:07:40.068+0000] {logging_mixin.py:190} INFO - [2025-04-30T03:07:40.068+0000] {dagbag.py:588} INFO - Filling up the DagBag from /home/airflow/.local/lib/python3.12/site-packages/airflow/example_dags/example_complex.py
[2025-04-30T03:07:40.107+0000] {processor.py:925} INFO - DAG(s) 'example_complex' retrieved from /home/airflow/.local/lib/python3.12/site-packages/airflow/example_dags/example_complex.py
[2025-04-30T03:07:40.257+0000] {logging_mixin.py:190} INFO - [2025-04-30T03:07:40.256+0000] {dag.py:3239} INFO - Sync 1 DAGs
[2025-04-30T03:07:40.286+0000] {logging_mixin.py:190} INFO - [2025-04-30T03:07:40.286+0000] {dag.py:4180} INFO - Setting next_dagrun for example_complex to None, run_after=None
[2025-04-30T03:07:40.331+0000] {processor.py:208} INFO - Processing /home/airflow/.local/lib/python3.12/site-packages/airflow/example_dags/example_complex.py took 0.284 seconds
[2025-04-30T03:08:11.440+0000] {processor.py:186} INFO - Started process (PID=549) to work on /home/airflow/.local/lib/python3.12/site-packages/airflow/example_dags/example_complex.py
[2025-04-30T03:08:11.443+0000] {processor.py:914} INFO - Processing file /home/airflow/.local/lib/python3.12/site-packages/airflow/example_dags/example_complex.py for tasks to queue
[2025-04-30T03:08:11.448+0000] {logging_mixin.py:190} INFO - [2025-04-30T03:08:11.447+0000] {dagbag.py:588} INFO - Filling up the DagBag from /home/airflow/.local/lib/python3.12/site-packages/airflow/example_dags/example_complex.py
[2025-04-30T03:08:11.472+0000] {processor.py:925} INFO - DAG(s) 'example_complex' retrieved from /home/airflow/.local/lib/python3.12/site-packages/airflow/example_dags/example_complex.py
[2025-04-30T03:08:11.554+0000] {logging_mixin.py:190} INFO - [2025-04-30T03:08:11.553+0000] {dag.py:3239} INFO - Sync 1 DAGs
[2025-04-30T03:08:11.592+0000] {logging_mixin.py:190} INFO - [2025-04-30T03:08:11.591+0000] {dag.py:4180} INFO - Setting next_dagrun for example_complex to None, run_after=None
[2025-04-30T03:08:11.640+0000] {processor.py:208} INFO - Processing /home/airflow/.local/lib/python3.12/site-packages/airflow/example_dags/example_complex.py took 0.211 seconds
[2025-04-30T03:08:42.883+0000] {processor.py:186} INFO - Started process (PID=613) to work on /home/airflow/.local/lib/python3.12/site-packages/airflow/example_dags/example_complex.py
[2025-04-30T03:08:42.885+0000] {processor.py:914} INFO - Processing file /home/airflow/.local/lib/python3.12/site-packages/airflow/example_dags/example_complex.py for tasks to queue
[2025-04-30T03:08:42.889+0000] {logging_mixin.py:190} INFO - [2025-04-30T03:08:42.888+0000] {dagbag.py:588} INFO - Filling up the DagBag from /home/airflow/.local/lib/python3.12/site-packages/airflow/example_dags/example_complex.py
[2025-04-30T03:08:42.909+0000] {processor.py:925} INFO - DAG(s) 'example_complex' retrieved from /home/airflow/.local/lib/python3.12/site-packages/airflow/example_dags/example_complex.py
[2025-04-30T03:08:42.977+0000] {logging_mixin.py:190} INFO - [2025-04-30T03:08:42.976+0000] {dag.py:3239} INFO - Sync 1 DAGs
[2025-04-30T03:08:43.010+0000] {logging_mixin.py:190} INFO - [2025-04-30T03:08:43.010+0000] {dag.py:4180} INFO - Setting next_dagrun for example_complex to None, run_after=None
[2025-04-30T03:08:43.057+0000] {processor.py:208} INFO - Processing /home/airflow/.local/lib/python3.12/site-packages/airflow/example_dags/example_complex.py took 0.184 seconds
[2025-04-30T03:09:14.402+0000] {processor.py:186} INFO - Started process (PID=677) to work on /home/airflow/.local/lib/python3.12/site-packages/airflow/example_dags/example_complex.py
[2025-04-30T03:09:14.404+0000] {processor.py:914} INFO - Processing file /home/airflow/.local/lib/python3.12/site-packages/airflow/example_dags/example_complex.py for tasks to queue
[2025-04-30T03:09:14.408+0000] {logging_mixin.py:190} INFO - [2025-04-30T03:09:14.408+0000] {dagbag.py:588} INFO - Filling up the DagBag from /home/airflow/.local/lib/python3.12/site-packages/airflow/example_dags/example_complex.py
[2025-04-30T03:09:14.432+0000] {processor.py:925} INFO - DAG(s) 'example_complex' retrieved from /home/airflow/.local/lib/python3.12/site-packages/airflow/example_dags/example_complex.py
[2025-04-30T03:09:14.495+0000] {logging_mixin.py:190} INFO - [2025-04-30T03:09:14.494+0000] {dag.py:3239} INFO - Sync 1 DAGs
[2025-04-30T03:09:14.525+0000] {logging_mixin.py:190} INFO - [2025-04-30T03:09:14.524+0000] {dag.py:4180} INFO - Setting next_dagrun for example_complex to None, run_after=None
[2025-04-30T03:09:14.567+0000] {processor.py:208} INFO - Processing /home/airflow/.local/lib/python3.12/site-packages/airflow/example_dags/example_complex.py took 0.175 seconds
[2025-04-30T03:09:46.222+0000] {processor.py:186} INFO - Started process (PID=742) to work on /home/airflow/.local/lib/python3.12/site-packages/airflow/example_dags/example_complex.py
[2025-04-30T03:09:46.224+0000] {processor.py:914} INFO - Processing file /home/airflow/.local/lib/python3.12/site-packages/airflow/example_dags/example_complex.py for tasks to queue
[2025-04-30T03:09:46.228+0000] {logging_mixin.py:190} INFO - [2025-04-30T03:09:46.227+0000] {dagbag.py:588} INFO - Filling up the DagBag from /home/airflow/.local/lib/python3.12/site-packages/airflow/example_dags/example_complex.py
[2025-04-30T03:09:46.247+0000] {processor.py:925} INFO - DAG(s) 'example_complex' retrieved from /home/airflow/.local/lib/python3.12/site-packages/airflow/example_dags/example_complex.py
[2025-04-30T03:09:46.320+0000] {logging_mixin.py:190} INFO - [2025-04-30T03:09:46.320+0000] {dag.py:3239} INFO - Sync 1 DAGs
[2025-04-30T03:09:46.354+0000] {logging_mixin.py:190} INFO - [2025-04-30T03:09:46.353+0000] {dag.py:4180} INFO - Setting next_dagrun for example_complex to None, run_after=None
[2025-04-30T03:09:46.393+0000] {processor.py:208} INFO - Processing /home/airflow/.local/lib/python3.12/site-packages/airflow/example_dags/example_complex.py took 0.179 seconds
[2025-04-30T03:10:18.728+0000] {processor.py:186} INFO - Started process (PID=806) to work on /home/airflow/.local/lib/python3.12/site-packages/airflow/example_dags/example_complex.py
[2025-04-30T03:10:18.730+0000] {processor.py:914} INFO - Processing file /home/airflow/.local/lib/python3.12/site-packages/airflow/example_dags/example_complex.py for tasks to queue
[2025-04-30T03:10:18.734+0000] {logging_mixin.py:190} INFO - [2025-04-30T03:10:18.734+0000] {dagbag.py:588} INFO - Filling up the DagBag from /home/airflow/.local/lib/python3.12/site-packages/airflow/example_dags/example_complex.py
[2025-04-30T03:10:18.756+0000] {processor.py:925} INFO - DAG(s) 'example_complex' retrieved from /home/airflow/.local/lib/python3.12/site-packages/airflow/example_dags/example_complex.py
[2025-04-30T03:10:18.817+0000] {logging_mixin.py:190} INFO - [2025-04-30T03:10:18.817+0000] {dag.py:3239} INFO - Sync 1 DAGs
[2025-04-30T03:10:18.843+0000] {logging_mixin.py:190} INFO - [2025-04-30T03:10:18.842+0000] {dag.py:4180} INFO - Setting next_dagrun for example_complex to None, run_after=None
[2025-04-30T03:10:18.878+0000] {processor.py:208} INFO - Processing /home/airflow/.local/lib/python3.12/site-packages/airflow/example_dags/example_complex.py took 0.160 seconds
[2025-04-30T03:10:54.237+0000] {processor.py:186} INFO - Started process (PID=876) to work on /home/airflow/.local/lib/python3.12/site-packages/airflow/example_dags/example_complex.py
[2025-04-30T03:10:54.240+0000] {processor.py:914} INFO - Processing file /home/airflow/.local/lib/python3.12/site-packages/airflow/example_dags/example_complex.py for tasks to queue
[2025-04-30T03:10:54.247+0000] {logging_mixin.py:190} INFO - [2025-04-30T03:10:54.246+0000] {dagbag.py:588} INFO - Filling up the DagBag from /home/airflow/.local/lib/python3.12/site-packages/airflow/example_dags/example_complex.py
[2025-04-30T03:10:54.296+0000] {processor.py:925} INFO - DAG(s) 'example_complex' retrieved from /home/airflow/.local/lib/python3.12/site-packages/airflow/example_dags/example_complex.py
[2025-04-30T03:10:54.511+0000] {logging_mixin.py:190} INFO - [2025-04-30T03:10:54.510+0000] {dag.py:3239} INFO - Sync 1 DAGs
[2025-04-30T03:10:54.590+0000] {logging_mixin.py:190} INFO - [2025-04-30T03:10:54.589+0000] {dag.py:4180} INFO - Setting next_dagrun for example_complex to None, run_after=None
[2025-04-30T03:10:54.758+0000] {processor.py:208} INFO - Processing /home/airflow/.local/lib/python3.12/site-packages/airflow/example_dags/example_complex.py took 0.535 seconds
[2025-04-30T03:11:25.520+0000] {processor.py:186} INFO - Started process (PID=941) to work on /home/airflow/.local/lib/python3.12/site-packages/airflow/example_dags/example_complex.py
[2025-04-30T03:11:25.521+0000] {processor.py:914} INFO - Processing file /home/airflow/.local/lib/python3.12/site-packages/airflow/example_dags/example_complex.py for tasks to queue
[2025-04-30T03:11:25.526+0000] {logging_mixin.py:190} INFO - [2025-04-30T03:11:25.525+0000] {dagbag.py:588} INFO - Filling up the DagBag from /home/airflow/.local/lib/python3.12/site-packages/airflow/example_dags/example_complex.py
[2025-04-30T03:11:25.543+0000] {processor.py:925} INFO - DAG(s) 'example_complex' retrieved from /home/airflow/.local/lib/python3.12/site-packages/airflow/example_dags/example_complex.py
[2025-04-30T03:11:25.594+0000] {logging_mixin.py:190} INFO - [2025-04-30T03:11:25.594+0000] {dag.py:3239} INFO - Sync 1 DAGs
[2025-04-30T03:11:25.621+0000] {logging_mixin.py:190} INFO - [2025-04-30T03:11:25.621+0000] {dag.py:4180} INFO - Setting next_dagrun for example_complex to None, run_after=None
[2025-04-30T03:11:25.657+0000] {processor.py:208} INFO - Processing /home/airflow/.local/lib/python3.12/site-packages/airflow/example_dags/example_complex.py took 0.145 seconds
[2025-04-30T03:11:56.688+0000] {processor.py:186} INFO - Started process (PID=1005) to work on /home/airflow/.local/lib/python3.12/site-packages/airflow/example_dags/example_complex.py
[2025-04-30T03:11:56.690+0000] {processor.py:914} INFO - Processing file /home/airflow/.local/lib/python3.12/site-packages/airflow/example_dags/example_complex.py for tasks to queue
[2025-04-30T03:11:56.698+0000] {logging_mixin.py:190} INFO - [2025-04-30T03:11:56.695+0000] {dagbag.py:588} INFO - Filling up the DagBag from /home/airflow/.local/lib/python3.12/site-packages/airflow/example_dags/example_complex.py
[2025-04-30T03:11:56.731+0000] {processor.py:925} INFO - DAG(s) 'example_complex' retrieved from /home/airflow/.local/lib/python3.12/site-packages/airflow/example_dags/example_complex.py
[2025-04-30T03:11:56.834+0000] {logging_mixin.py:190} INFO - [2025-04-30T03:11:56.834+0000] {dag.py:3239} INFO - Sync 1 DAGs
[2025-04-30T03:11:56.862+0000] {logging_mixin.py:190} INFO - [2025-04-30T03:11:56.862+0000] {dag.py:4180} INFO - Setting next_dagrun for example_complex to None, run_after=None
[2025-04-30T03:11:56.904+0000] {processor.py:208} INFO - Processing /home/airflow/.local/lib/python3.12/site-packages/airflow/example_dags/example_complex.py took 0.234 seconds
[2025-04-30T03:12:29.728+0000] {processor.py:186} INFO - Started process (PID=1069) to work on /home/airflow/.local/lib/python3.12/site-packages/airflow/example_dags/example_complex.py
[2025-04-30T03:12:29.730+0000] {processor.py:914} INFO - Processing file /home/airflow/.local/lib/python3.12/site-packages/airflow/example_dags/example_complex.py for tasks to queue
[2025-04-30T03:12:29.734+0000] {logging_mixin.py:190} INFO - [2025-04-30T03:12:29.734+0000] {dagbag.py:588} INFO - Filling up the DagBag from /home/airflow/.local/lib/python3.12/site-packages/airflow/example_dags/example_complex.py
[2025-04-30T03:12:29.778+0000] {processor.py:925} INFO - DAG(s) 'example_complex' retrieved from /home/airflow/.local/lib/python3.12/site-packages/airflow/example_dags/example_complex.py
[2025-04-30T03:12:29.928+0000] {logging_mixin.py:190} INFO - [2025-04-30T03:12:29.927+0000] {dag.py:3239} INFO - Sync 1 DAGs
[2025-04-30T03:12:29.978+0000] {logging_mixin.py:190} INFO - [2025-04-30T03:12:29.977+0000] {dag.py:4180} INFO - Setting next_dagrun for example_complex to None, run_after=None
[2025-04-30T03:12:30.068+0000] {processor.py:208} INFO - Processing /home/airflow/.local/lib/python3.12/site-packages/airflow/example_dags/example_complex.py took 0.389 seconds
[2025-04-30T03:13:01.022+0000] {processor.py:186} INFO - Started process (PID=1133) to work on /home/airflow/.local/lib/python3.12/site-packages/airflow/example_dags/example_complex.py
[2025-04-30T03:13:01.023+0000] {processor.py:914} INFO - Processing file /home/airflow/.local/lib/python3.12/site-packages/airflow/example_dags/example_complex.py for tasks to queue
[2025-04-30T03:13:01.027+0000] {logging_mixin.py:190} INFO - [2025-04-30T03:13:01.027+0000] {dagbag.py:588} INFO - Filling up the DagBag from /home/airflow/.local/lib/python3.12/site-packages/airflow/example_dags/example_complex.py
[2025-04-30T03:13:01.050+0000] {processor.py:925} INFO - DAG(s) 'example_complex' retrieved from /home/airflow/.local/lib/python3.12/site-packages/airflow/example_dags/example_complex.py
[2025-04-30T03:13:01.103+0000] {logging_mixin.py:190} INFO - [2025-04-30T03:13:01.102+0000] {dag.py:3239} INFO - Sync 1 DAGs
[2025-04-30T03:13:01.132+0000] {logging_mixin.py:190} INFO - [2025-04-30T03:13:01.131+0000] {dag.py:4180} INFO - Setting next_dagrun for example_complex to None, run_after=None
[2025-04-30T03:13:01.216+0000] {processor.py:208} INFO - Processing /home/airflow/.local/lib/python3.12/site-packages/airflow/example_dags/example_complex.py took 0.205 seconds
[2025-04-30T03:13:32.556+0000] {processor.py:186} INFO - Started process (PID=1198) to work on /home/airflow/.local/lib/python3.12/site-packages/airflow/example_dags/example_complex.py
[2025-04-30T03:13:32.568+0000] {processor.py:914} INFO - Processing file /home/airflow/.local/lib/python3.12/site-packages/airflow/example_dags/example_complex.py for tasks to queue
[2025-04-30T03:13:32.573+0000] {logging_mixin.py:190} INFO - [2025-04-30T03:13:32.572+0000] {dagbag.py:588} INFO - Filling up the DagBag from /home/airflow/.local/lib/python3.12/site-packages/airflow/example_dags/example_complex.py
[2025-04-30T03:13:32.600+0000] {processor.py:925} INFO - DAG(s) 'example_complex' retrieved from /home/airflow/.local/lib/python3.12/site-packages/airflow/example_dags/example_complex.py
[2025-04-30T03:13:32.675+0000] {logging_mixin.py:190} INFO - [2025-04-30T03:13:32.674+0000] {dag.py:3239} INFO - Sync 1 DAGs
[2025-04-30T03:13:32.700+0000] {logging_mixin.py:190} INFO - [2025-04-30T03:13:32.699+0000] {dag.py:4180} INFO - Setting next_dagrun for example_complex to None, run_after=None
[2025-04-30T03:13:32.736+0000] {processor.py:208} INFO - Processing /home/airflow/.local/lib/python3.12/site-packages/airflow/example_dags/example_complex.py took 0.192 seconds
[2025-04-30T03:14:12.216+0000] {processor.py:186} INFO - Started process (PID=1265) to work on /home/airflow/.local/lib/python3.12/site-packages/airflow/example_dags/example_complex.py
[2025-04-30T03:14:12.223+0000] {processor.py:914} INFO - Processing file /home/airflow/.local/lib/python3.12/site-packages/airflow/example_dags/example_complex.py for tasks to queue
[2025-04-30T03:14:12.235+0000] {logging_mixin.py:190} INFO - [2025-04-30T03:14:12.234+0000] {dagbag.py:588} INFO - Filling up the DagBag from /home/airflow/.local/lib/python3.12/site-packages/airflow/example_dags/example_complex.py
[2025-04-30T03:14:12.302+0000] {processor.py:925} INFO - DAG(s) 'example_complex' retrieved from /home/airflow/.local/lib/python3.12/site-packages/airflow/example_dags/example_complex.py
[2025-04-30T03:14:12.443+0000] {logging_mixin.py:190} INFO - [2025-04-30T03:14:12.442+0000] {dag.py:3239} INFO - Sync 1 DAGs
[2025-04-30T03:14:12.510+0000] {logging_mixin.py:190} INFO - [2025-04-30T03:14:12.509+0000] {dag.py:4180} INFO - Setting next_dagrun for example_complex to None, run_after=None
[2025-04-30T03:14:12.648+0000] {processor.py:208} INFO - Processing /home/airflow/.local/lib/python3.12/site-packages/airflow/example_dags/example_complex.py took 0.464 seconds
