[2025-04-30T02:53:40.796+0000] {processor.py:186} INFO - Started process (PID=130) to work on /home/airflow/.local/lib/python3.12/site-packages/airflow/example_dags/example_branch_operator.py
[2025-04-30T02:53:40.798+0000] {processor.py:914} INFO - Processing file /home/airflow/.local/lib/python3.12/site-packages/airflow/example_dags/example_branch_operator.py for tasks to queue
[2025-04-30T02:53:40.805+0000] {logging_mixin.py:190} INFO - [2025-04-30T02:53:40.805+0000] {dagbag.py:588} INFO - Filling up the DagBag from /home/airflow/.local/lib/python3.12/site-packages/airflow/example_dags/example_branch_operator.py
[2025-04-30T02:53:40.919+0000] {processor.py:925} INFO - DAG(s) 'example_branch_operator' retrieved from /home/airflow/.local/lib/python3.12/site-packages/airflow/example_dags/example_branch_operator.py
[2025-04-30T02:53:42.469+0000] {logging_mixin.py:190} INFO - [2025-04-30T02:53:42.469+0000] {dag.py:3239} INFO - Sync 1 DAGs
[2025-04-30T02:53:42.727+0000] {logging_mixin.py:190} INFO - [2025-04-30T02:53:42.727+0000] {dag.py:4180} INFO - Setting next_dagrun for example_branch_operator to 2025-04-29 00:00:00+00:00, run_after=2025-04-30 00:00:00+00:00
[2025-04-30T02:53:43.005+0000] {processor.py:208} INFO - Processing /home/airflow/.local/lib/python3.12/site-packages/airflow/example_dags/example_branch_operator.py took 2.234 seconds
[2025-04-30T02:54:33.596+0000] {processor.py:186} INFO - Started process (PID=201) to work on /home/airflow/.local/lib/python3.12/site-packages/airflow/example_dags/example_branch_operator.py
[2025-04-30T02:54:33.618+0000] {processor.py:914} INFO - Processing file /home/airflow/.local/lib/python3.12/site-packages/airflow/example_dags/example_branch_operator.py for tasks to queue
[2025-04-30T02:54:33.640+0000] {logging_mixin.py:190} INFO - [2025-04-30T02:54:33.639+0000] {dagbag.py:588} INFO - Filling up the DagBag from /home/airflow/.local/lib/python3.12/site-packages/airflow/example_dags/example_branch_operator.py
[2025-04-30T02:54:33.759+0000] {processor.py:925} INFO - DAG(s) 'example_branch_operator' retrieved from /home/airflow/.local/lib/python3.12/site-packages/airflow/example_dags/example_branch_operator.py
[2025-04-30T02:54:34.119+0000] {logging_mixin.py:190} INFO - [2025-04-30T02:54:34.118+0000] {dag.py:3239} INFO - Sync 1 DAGs
[2025-04-30T02:54:34.735+0000] {logging_mixin.py:190} INFO - [2025-04-30T02:54:34.734+0000] {dag.py:4180} INFO - Setting next_dagrun for example_branch_operator to 2025-04-29 00:00:00+00:00, run_after=2025-04-30 00:00:00+00:00
[2025-04-30T02:54:34.889+0000] {processor.py:208} INFO - Processing /home/airflow/.local/lib/python3.12/site-packages/airflow/example_dags/example_branch_operator.py took 1.316 seconds
[2025-04-30T02:55:08.607+0000] {processor.py:186} INFO - Started process (PID=264) to work on /home/airflow/.local/lib/python3.12/site-packages/airflow/example_dags/example_branch_operator.py
[2025-04-30T02:55:08.609+0000] {processor.py:914} INFO - Processing file /home/airflow/.local/lib/python3.12/site-packages/airflow/example_dags/example_branch_operator.py for tasks to queue
[2025-04-30T02:55:08.622+0000] {logging_mixin.py:190} INFO - [2025-04-30T02:55:08.621+0000] {dagbag.py:588} INFO - Filling up the DagBag from /home/airflow/.local/lib/python3.12/site-packages/airflow/example_dags/example_branch_operator.py
[2025-04-30T02:55:08.681+0000] {processor.py:925} INFO - DAG(s) 'example_branch_operator' retrieved from /home/airflow/.local/lib/python3.12/site-packages/airflow/example_dags/example_branch_operator.py
[2025-04-30T02:55:08.776+0000] {logging_mixin.py:190} INFO - [2025-04-30T02:55:08.775+0000] {dag.py:3239} INFO - Sync 1 DAGs
[2025-04-30T02:55:08.847+0000] {logging_mixin.py:190} INFO - [2025-04-30T02:55:08.847+0000] {dag.py:4180} INFO - Setting next_dagrun for example_branch_operator to 2025-04-29 00:00:00+00:00, run_after=2025-04-30 00:00:00+00:00
[2025-04-30T02:55:08.941+0000] {processor.py:208} INFO - Processing /home/airflow/.local/lib/python3.12/site-packages/airflow/example_dags/example_branch_operator.py took 0.346 seconds
[2025-04-30T02:55:46.379+0000] {processor.py:186} INFO - Started process (PID=328) to work on /home/airflow/.local/lib/python3.12/site-packages/airflow/example_dags/example_branch_operator.py
[2025-04-30T02:55:46.430+0000] {processor.py:914} INFO - Processing file /home/airflow/.local/lib/python3.12/site-packages/airflow/example_dags/example_branch_operator.py for tasks to queue
[2025-04-30T02:55:46.547+0000] {logging_mixin.py:190} INFO - [2025-04-30T02:55:46.547+0000] {dagbag.py:588} INFO - Filling up the DagBag from /home/airflow/.local/lib/python3.12/site-packages/airflow/example_dags/example_branch_operator.py
[2025-04-30T02:55:46.642+0000] {processor.py:925} INFO - DAG(s) 'example_branch_operator' retrieved from /home/airflow/.local/lib/python3.12/site-packages/airflow/example_dags/example_branch_operator.py
[2025-04-30T02:55:46.774+0000] {logging_mixin.py:190} INFO - [2025-04-30T02:55:46.774+0000] {dag.py:3239} INFO - Sync 1 DAGs
[2025-04-30T02:55:46.848+0000] {logging_mixin.py:190} INFO - [2025-04-30T02:55:46.848+0000] {dag.py:4180} INFO - Setting next_dagrun for example_branch_operator to 2025-04-29 00:00:00+00:00, run_after=2025-04-30 00:00:00+00:00
[2025-04-30T02:55:46.910+0000] {processor.py:208} INFO - Processing /home/airflow/.local/lib/python3.12/site-packages/airflow/example_dags/example_branch_operator.py took 0.584 seconds
[2025-04-30T02:56:26.611+0000] {processor.py:186} INFO - Started process (PID=395) to work on /home/airflow/.local/lib/python3.12/site-packages/airflow/example_dags/example_branch_operator.py
[2025-04-30T02:56:26.614+0000] {processor.py:914} INFO - Processing file /home/airflow/.local/lib/python3.12/site-packages/airflow/example_dags/example_branch_operator.py for tasks to queue
[2025-04-30T02:56:26.619+0000] {logging_mixin.py:190} INFO - [2025-04-30T02:56:26.619+0000] {dagbag.py:588} INFO - Filling up the DagBag from /home/airflow/.local/lib/python3.12/site-packages/airflow/example_dags/example_branch_operator.py
[2025-04-30T02:56:26.774+0000] {processor.py:925} INFO - DAG(s) 'example_branch_operator' retrieved from /home/airflow/.local/lib/python3.12/site-packages/airflow/example_dags/example_branch_operator.py
[2025-04-30T02:56:27.094+0000] {logging_mixin.py:190} INFO - [2025-04-30T02:56:27.094+0000] {dag.py:3239} INFO - Sync 1 DAGs
[2025-04-30T02:56:27.572+0000] {logging_mixin.py:190} INFO - [2025-04-30T02:56:27.572+0000] {dag.py:4180} INFO - Setting next_dagrun for example_branch_operator to 2025-04-29 00:00:00+00:00, run_after=2025-04-30 00:00:00+00:00
[2025-04-30T02:56:27.696+0000] {processor.py:208} INFO - Processing /home/airflow/.local/lib/python3.12/site-packages/airflow/example_dags/example_branch_operator.py took 1.123 seconds
[2025-04-30T02:57:00.488+0000] {processor.py:186} INFO - Started process (PID=466) to work on /home/airflow/.local/lib/python3.12/site-packages/airflow/example_dags/example_branch_operator.py
[2025-04-30T02:57:00.489+0000] {processor.py:914} INFO - Processing file /home/airflow/.local/lib/python3.12/site-packages/airflow/example_dags/example_branch_operator.py for tasks to queue
[2025-04-30T02:57:00.493+0000] {logging_mixin.py:190} INFO - [2025-04-30T02:57:00.493+0000] {dagbag.py:588} INFO - Filling up the DagBag from /home/airflow/.local/lib/python3.12/site-packages/airflow/example_dags/example_branch_operator.py
[2025-04-30T02:57:00.526+0000] {processor.py:925} INFO - DAG(s) 'example_branch_operator' retrieved from /home/airflow/.local/lib/python3.12/site-packages/airflow/example_dags/example_branch_operator.py
[2025-04-30T02:57:00.586+0000] {logging_mixin.py:190} INFO - [2025-04-30T02:57:00.586+0000] {dag.py:3239} INFO - Sync 1 DAGs
[2025-04-30T02:57:00.633+0000] {logging_mixin.py:190} INFO - [2025-04-30T02:57:00.633+0000] {dag.py:4180} INFO - Setting next_dagrun for example_branch_operator to 2025-04-29 00:00:00+00:00, run_after=2025-04-30 00:00:00+00:00
[2025-04-30T02:57:00.671+0000] {processor.py:208} INFO - Processing /home/airflow/.local/lib/python3.12/site-packages/airflow/example_dags/example_branch_operator.py took 0.195 seconds
[2025-04-30T02:57:31.987+0000] {processor.py:186} INFO - Started process (PID=532) to work on /home/airflow/.local/lib/python3.12/site-packages/airflow/example_dags/example_branch_operator.py
[2025-04-30T02:57:31.989+0000] {processor.py:914} INFO - Processing file /home/airflow/.local/lib/python3.12/site-packages/airflow/example_dags/example_branch_operator.py for tasks to queue
[2025-04-30T02:57:31.994+0000] {logging_mixin.py:190} INFO - [2025-04-30T02:57:31.993+0000] {dagbag.py:588} INFO - Filling up the DagBag from /home/airflow/.local/lib/python3.12/site-packages/airflow/example_dags/example_branch_operator.py
[2025-04-30T02:57:32.033+0000] {processor.py:925} INFO - DAG(s) 'example_branch_operator' retrieved from /home/airflow/.local/lib/python3.12/site-packages/airflow/example_dags/example_branch_operator.py
[2025-04-30T02:57:32.092+0000] {logging_mixin.py:190} INFO - [2025-04-30T02:57:32.091+0000] {dag.py:3239} INFO - Sync 1 DAGs
[2025-04-30T02:57:32.154+0000] {logging_mixin.py:190} INFO - [2025-04-30T02:57:32.153+0000] {dag.py:4180} INFO - Setting next_dagrun for example_branch_operator to 2025-04-29 00:00:00+00:00, run_after=2025-04-30 00:00:00+00:00
[2025-04-30T02:57:32.191+0000] {processor.py:208} INFO - Processing /home/airflow/.local/lib/python3.12/site-packages/airflow/example_dags/example_branch_operator.py took 0.216 seconds
[2025-04-30T02:58:10.635+0000] {processor.py:186} INFO - Started process (PID=596) to work on /home/airflow/.local/lib/python3.12/site-packages/airflow/example_dags/example_branch_operator.py
[2025-04-30T02:58:10.647+0000] {processor.py:914} INFO - Processing file /home/airflow/.local/lib/python3.12/site-packages/airflow/example_dags/example_branch_operator.py for tasks to queue
[2025-04-30T02:58:10.669+0000] {logging_mixin.py:190} INFO - [2025-04-30T02:58:10.668+0000] {dagbag.py:588} INFO - Filling up the DagBag from /home/airflow/.local/lib/python3.12/site-packages/airflow/example_dags/example_branch_operator.py
[2025-04-30T02:58:10.764+0000] {processor.py:925} INFO - DAG(s) 'example_branch_operator' retrieved from /home/airflow/.local/lib/python3.12/site-packages/airflow/example_dags/example_branch_operator.py
[2025-04-30T02:58:10.870+0000] {logging_mixin.py:190} INFO - [2025-04-30T02:58:10.869+0000] {dag.py:3239} INFO - Sync 1 DAGs
[2025-04-30T02:58:10.954+0000] {logging_mixin.py:190} INFO - [2025-04-30T02:58:10.953+0000] {dag.py:4180} INFO - Setting next_dagrun for example_branch_operator to 2025-04-29 00:00:00+00:00, run_after=2025-04-30 00:00:00+00:00
[2025-04-30T02:58:11.025+0000] {processor.py:208} INFO - Processing /home/airflow/.local/lib/python3.12/site-packages/airflow/example_dags/example_branch_operator.py took 0.480 seconds
[2025-04-30T02:58:41.466+0000] {processor.py:186} INFO - Started process (PID=660) to work on /home/airflow/.local/lib/python3.12/site-packages/airflow/example_dags/example_branch_operator.py
[2025-04-30T02:58:41.473+0000] {processor.py:914} INFO - Processing file /home/airflow/.local/lib/python3.12/site-packages/airflow/example_dags/example_branch_operator.py for tasks to queue
[2025-04-30T02:58:41.480+0000] {logging_mixin.py:190} INFO - [2025-04-30T02:58:41.479+0000] {dagbag.py:588} INFO - Filling up the DagBag from /home/airflow/.local/lib/python3.12/site-packages/airflow/example_dags/example_branch_operator.py
[2025-04-30T02:58:41.669+0000] {processor.py:925} INFO - DAG(s) 'example_branch_operator' retrieved from /home/airflow/.local/lib/python3.12/site-packages/airflow/example_dags/example_branch_operator.py
[2025-04-30T02:58:41.869+0000] {logging_mixin.py:190} INFO - [2025-04-30T02:58:41.869+0000] {dag.py:3239} INFO - Sync 1 DAGs
[2025-04-30T02:58:41.972+0000] {logging_mixin.py:190} INFO - [2025-04-30T02:58:41.972+0000] {dag.py:4180} INFO - Setting next_dagrun for example_branch_operator to 2025-04-29 00:00:00+00:00, run_after=2025-04-30 00:00:00+00:00
[2025-04-30T02:58:42.037+0000] {processor.py:208} INFO - Processing /home/airflow/.local/lib/python3.12/site-packages/airflow/example_dags/example_branch_operator.py took 0.584 seconds
[2025-04-30T02:59:12.837+0000] {processor.py:186} INFO - Started process (PID=724) to work on /home/airflow/.local/lib/python3.12/site-packages/airflow/example_dags/example_branch_operator.py
[2025-04-30T02:59:12.839+0000] {processor.py:914} INFO - Processing file /home/airflow/.local/lib/python3.12/site-packages/airflow/example_dags/example_branch_operator.py for tasks to queue
[2025-04-30T02:59:12.843+0000] {logging_mixin.py:190} INFO - [2025-04-30T02:59:12.843+0000] {dagbag.py:588} INFO - Filling up the DagBag from /home/airflow/.local/lib/python3.12/site-packages/airflow/example_dags/example_branch_operator.py
[2025-04-30T02:59:12.896+0000] {processor.py:925} INFO - DAG(s) 'example_branch_operator' retrieved from /home/airflow/.local/lib/python3.12/site-packages/airflow/example_dags/example_branch_operator.py
[2025-04-30T02:59:12.969+0000] {logging_mixin.py:190} INFO - [2025-04-30T02:59:12.968+0000] {dag.py:3239} INFO - Sync 1 DAGs
[2025-04-30T02:59:13.025+0000] {logging_mixin.py:190} INFO - [2025-04-30T02:59:13.025+0000] {dag.py:4180} INFO - Setting next_dagrun for example_branch_operator to 2025-04-29 00:00:00+00:00, run_after=2025-04-30 00:00:00+00:00
[2025-04-30T02:59:13.082+0000] {processor.py:208} INFO - Processing /home/airflow/.local/lib/python3.12/site-packages/airflow/example_dags/example_branch_operator.py took 0.257 seconds
[2025-04-30T02:59:43.444+0000] {processor.py:186} INFO - Started process (PID=789) to work on /home/airflow/.local/lib/python3.12/site-packages/airflow/example_dags/example_branch_operator.py
[2025-04-30T02:59:43.446+0000] {processor.py:914} INFO - Processing file /home/airflow/.local/lib/python3.12/site-packages/airflow/example_dags/example_branch_operator.py for tasks to queue
[2025-04-30T02:59:43.452+0000] {logging_mixin.py:190} INFO - [2025-04-30T02:59:43.451+0000] {dagbag.py:588} INFO - Filling up the DagBag from /home/airflow/.local/lib/python3.12/site-packages/airflow/example_dags/example_branch_operator.py
[2025-04-30T02:59:43.491+0000] {processor.py:925} INFO - DAG(s) 'example_branch_operator' retrieved from /home/airflow/.local/lib/python3.12/site-packages/airflow/example_dags/example_branch_operator.py
[2025-04-30T02:59:43.561+0000] {logging_mixin.py:190} INFO - [2025-04-30T02:59:43.560+0000] {dag.py:3239} INFO - Sync 1 DAGs
[2025-04-30T02:59:43.618+0000] {logging_mixin.py:190} INFO - [2025-04-30T02:59:43.618+0000] {dag.py:4180} INFO - Setting next_dagrun for example_branch_operator to 2025-04-29 00:00:00+00:00, run_after=2025-04-30 00:00:00+00:00
[2025-04-30T02:59:43.662+0000] {processor.py:208} INFO - Processing /home/airflow/.local/lib/python3.12/site-packages/airflow/example_dags/example_branch_operator.py took 0.230 seconds
[2025-04-30T03:00:16.087+0000] {processor.py:186} INFO - Started process (PID=853) to work on /home/airflow/.local/lib/python3.12/site-packages/airflow/example_dags/example_branch_operator.py
[2025-04-30T03:00:16.089+0000] {processor.py:914} INFO - Processing file /home/airflow/.local/lib/python3.12/site-packages/airflow/example_dags/example_branch_operator.py for tasks to queue
[2025-04-30T03:00:16.094+0000] {logging_mixin.py:190} INFO - [2025-04-30T03:00:16.094+0000] {dagbag.py:588} INFO - Filling up the DagBag from /home/airflow/.local/lib/python3.12/site-packages/airflow/example_dags/example_branch_operator.py
[2025-04-30T03:00:16.153+0000] {processor.py:925} INFO - DAG(s) 'example_branch_operator' retrieved from /home/airflow/.local/lib/python3.12/site-packages/airflow/example_dags/example_branch_operator.py
[2025-04-30T03:00:16.232+0000] {logging_mixin.py:190} INFO - [2025-04-30T03:00:16.232+0000] {dag.py:3239} INFO - Sync 1 DAGs
[2025-04-30T03:00:16.297+0000] {logging_mixin.py:190} INFO - [2025-04-30T03:00:16.296+0000] {dag.py:4180} INFO - Setting next_dagrun for example_branch_operator to 2025-04-29 00:00:00+00:00, run_after=2025-04-30 00:00:00+00:00
[2025-04-30T03:00:16.354+0000] {processor.py:208} INFO - Processing /home/airflow/.local/lib/python3.12/site-packages/airflow/example_dags/example_branch_operator.py took 0.280 seconds
[2025-04-30T03:00:49.462+0000] {processor.py:186} INFO - Started process (PID=917) to work on /home/airflow/.local/lib/python3.12/site-packages/airflow/example_dags/example_branch_operator.py
[2025-04-30T03:00:49.464+0000] {processor.py:914} INFO - Processing file /home/airflow/.local/lib/python3.12/site-packages/airflow/example_dags/example_branch_operator.py for tasks to queue
[2025-04-30T03:00:49.468+0000] {logging_mixin.py:190} INFO - [2025-04-30T03:00:49.468+0000] {dagbag.py:588} INFO - Filling up the DagBag from /home/airflow/.local/lib/python3.12/site-packages/airflow/example_dags/example_branch_operator.py
[2025-04-30T03:00:49.503+0000] {processor.py:925} INFO - DAG(s) 'example_branch_operator' retrieved from /home/airflow/.local/lib/python3.12/site-packages/airflow/example_dags/example_branch_operator.py
[2025-04-30T03:00:49.558+0000] {logging_mixin.py:190} INFO - [2025-04-30T03:00:49.558+0000] {dag.py:3239} INFO - Sync 1 DAGs
[2025-04-30T03:00:49.619+0000] {logging_mixin.py:190} INFO - [2025-04-30T03:00:49.619+0000] {dag.py:4180} INFO - Setting next_dagrun for example_branch_operator to 2025-04-29 00:00:00+00:00, run_after=2025-04-30 00:00:00+00:00
[2025-04-30T03:00:49.658+0000] {processor.py:208} INFO - Processing /home/airflow/.local/lib/python3.12/site-packages/airflow/example_dags/example_branch_operator.py took 0.205 seconds
[2025-04-30T03:01:20.737+0000] {processor.py:186} INFO - Started process (PID=981) to work on /home/airflow/.local/lib/python3.12/site-packages/airflow/example_dags/example_branch_operator.py
[2025-04-30T03:01:20.739+0000] {processor.py:914} INFO - Processing file /home/airflow/.local/lib/python3.12/site-packages/airflow/example_dags/example_branch_operator.py for tasks to queue
[2025-04-30T03:01:20.744+0000] {logging_mixin.py:190} INFO - [2025-04-30T03:01:20.743+0000] {dagbag.py:588} INFO - Filling up the DagBag from /home/airflow/.local/lib/python3.12/site-packages/airflow/example_dags/example_branch_operator.py
[2025-04-30T03:01:20.799+0000] {processor.py:925} INFO - DAG(s) 'example_branch_operator' retrieved from /home/airflow/.local/lib/python3.12/site-packages/airflow/example_dags/example_branch_operator.py
[2025-04-30T03:01:20.940+0000] {logging_mixin.py:190} INFO - [2025-04-30T03:01:20.940+0000] {dag.py:3239} INFO - Sync 1 DAGs
[2025-04-30T03:01:21.110+0000] {logging_mixin.py:190} INFO - [2025-04-30T03:01:21.110+0000] {dag.py:4180} INFO - Setting next_dagrun for example_branch_operator to 2025-04-29 00:00:00+00:00, run_after=2025-04-30 00:00:00+00:00
[2025-04-30T03:01:21.284+0000] {processor.py:208} INFO - Processing /home/airflow/.local/lib/python3.12/site-packages/airflow/example_dags/example_branch_operator.py took 0.561 seconds
[2025-04-30T03:04:34.484+0000] {processor.py:186} INFO - Started process (PID=111) to work on /home/airflow/.local/lib/python3.12/site-packages/airflow/example_dags/example_branch_operator.py
[2025-04-30T03:04:34.486+0000] {processor.py:914} INFO - Processing file /home/airflow/.local/lib/python3.12/site-packages/airflow/example_dags/example_branch_operator.py for tasks to queue
[2025-04-30T03:04:34.493+0000] {logging_mixin.py:190} INFO - [2025-04-30T03:04:34.492+0000] {dagbag.py:588} INFO - Filling up the DagBag from /home/airflow/.local/lib/python3.12/site-packages/airflow/example_dags/example_branch_operator.py
[2025-04-30T03:04:34.546+0000] {processor.py:925} INFO - DAG(s) 'example_branch_operator' retrieved from /home/airflow/.local/lib/python3.12/site-packages/airflow/example_dags/example_branch_operator.py
[2025-04-30T03:04:35.174+0000] {logging_mixin.py:190} INFO - [2025-04-30T03:04:35.173+0000] {dag.py:3239} INFO - Sync 1 DAGs
[2025-04-30T03:04:35.228+0000] {logging_mixin.py:190} INFO - [2025-04-30T03:04:35.228+0000] {dag.py:4180} INFO - Setting next_dagrun for example_branch_operator to 2025-04-29 00:00:00+00:00, run_after=2025-04-30 00:00:00+00:00
[2025-04-30T03:04:35.284+0000] {processor.py:208} INFO - Processing /home/airflow/.local/lib/python3.12/site-packages/airflow/example_dags/example_branch_operator.py took 0.808 seconds
[2025-04-30T03:05:06.872+0000] {processor.py:186} INFO - Started process (PID=175) to work on /home/airflow/.local/lib/python3.12/site-packages/airflow/example_dags/example_branch_operator.py
[2025-04-30T03:05:06.874+0000] {processor.py:914} INFO - Processing file /home/airflow/.local/lib/python3.12/site-packages/airflow/example_dags/example_branch_operator.py for tasks to queue
[2025-04-30T03:05:06.878+0000] {logging_mixin.py:190} INFO - [2025-04-30T03:05:06.877+0000] {dagbag.py:588} INFO - Filling up the DagBag from /home/airflow/.local/lib/python3.12/site-packages/airflow/example_dags/example_branch_operator.py
[2025-04-30T03:05:06.995+0000] {processor.py:925} INFO - DAG(s) 'example_branch_operator' retrieved from /home/airflow/.local/lib/python3.12/site-packages/airflow/example_dags/example_branch_operator.py
[2025-04-30T03:05:07.177+0000] {logging_mixin.py:190} INFO - [2025-04-30T03:05:07.176+0000] {dag.py:3239} INFO - Sync 1 DAGs
[2025-04-30T03:05:07.262+0000] {logging_mixin.py:190} INFO - [2025-04-30T03:05:07.262+0000] {dag.py:4180} INFO - Setting next_dagrun for example_branch_operator to 2025-04-29 00:00:00+00:00, run_after=2025-04-30 00:00:00+00:00
[2025-04-30T03:05:07.344+0000] {processor.py:208} INFO - Processing /home/airflow/.local/lib/python3.12/site-packages/airflow/example_dags/example_branch_operator.py took 0.485 seconds
[2025-04-30T03:05:37.547+0000] {processor.py:186} INFO - Started process (PID=238) to work on /home/airflow/.local/lib/python3.12/site-packages/airflow/example_dags/example_branch_operator.py
[2025-04-30T03:05:37.549+0000] {processor.py:914} INFO - Processing file /home/airflow/.local/lib/python3.12/site-packages/airflow/example_dags/example_branch_operator.py for tasks to queue
[2025-04-30T03:05:37.553+0000] {logging_mixin.py:190} INFO - [2025-04-30T03:05:37.553+0000] {dagbag.py:588} INFO - Filling up the DagBag from /home/airflow/.local/lib/python3.12/site-packages/airflow/example_dags/example_branch_operator.py
[2025-04-30T03:05:37.598+0000] {processor.py:925} INFO - DAG(s) 'example_branch_operator' retrieved from /home/airflow/.local/lib/python3.12/site-packages/airflow/example_dags/example_branch_operator.py
[2025-04-30T03:05:37.672+0000] {logging_mixin.py:190} INFO - [2025-04-30T03:05:37.672+0000] {dag.py:3239} INFO - Sync 1 DAGs
[2025-04-30T03:05:37.801+0000] {logging_mixin.py:190} INFO - [2025-04-30T03:05:37.800+0000] {dag.py:4180} INFO - Setting next_dagrun for example_branch_operator to 2025-04-29 00:00:00+00:00, run_after=2025-04-30 00:00:00+00:00
[2025-04-30T03:05:37.904+0000] {processor.py:208} INFO - Processing /home/airflow/.local/lib/python3.12/site-packages/airflow/example_dags/example_branch_operator.py took 0.371 seconds
[2025-04-30T03:06:09.313+0000] {processor.py:186} INFO - Started process (PID=302) to work on /home/airflow/.local/lib/python3.12/site-packages/airflow/example_dags/example_branch_operator.py
[2025-04-30T03:06:09.327+0000] {processor.py:914} INFO - Processing file /home/airflow/.local/lib/python3.12/site-packages/airflow/example_dags/example_branch_operator.py for tasks to queue
[2025-04-30T03:06:09.335+0000] {logging_mixin.py:190} INFO - [2025-04-30T03:06:09.333+0000] {dagbag.py:588} INFO - Filling up the DagBag from /home/airflow/.local/lib/python3.12/site-packages/airflow/example_dags/example_branch_operator.py
[2025-04-30T03:06:09.378+0000] {processor.py:925} INFO - DAG(s) 'example_branch_operator' retrieved from /home/airflow/.local/lib/python3.12/site-packages/airflow/example_dags/example_branch_operator.py
[2025-04-30T03:06:09.458+0000] {logging_mixin.py:190} INFO - [2025-04-30T03:06:09.457+0000] {dag.py:3239} INFO - Sync 1 DAGs
[2025-04-30T03:06:09.519+0000] {logging_mixin.py:190} INFO - [2025-04-30T03:06:09.519+0000] {dag.py:4180} INFO - Setting next_dagrun for example_branch_operator to 2025-04-29 00:00:00+00:00, run_after=2025-04-30 00:00:00+00:00
[2025-04-30T03:06:09.578+0000] {processor.py:208} INFO - Processing /home/airflow/.local/lib/python3.12/site-packages/airflow/example_dags/example_branch_operator.py took 0.298 seconds
[2025-04-30T03:06:40.251+0000] {processor.py:186} INFO - Started process (PID=366) to work on /home/airflow/.local/lib/python3.12/site-packages/airflow/example_dags/example_branch_operator.py
[2025-04-30T03:06:40.253+0000] {processor.py:914} INFO - Processing file /home/airflow/.local/lib/python3.12/site-packages/airflow/example_dags/example_branch_operator.py for tasks to queue
[2025-04-30T03:06:40.258+0000] {logging_mixin.py:190} INFO - [2025-04-30T03:06:40.256+0000] {dagbag.py:588} INFO - Filling up the DagBag from /home/airflow/.local/lib/python3.12/site-packages/airflow/example_dags/example_branch_operator.py
[2025-04-30T03:06:40.311+0000] {processor.py:925} INFO - DAG(s) 'example_branch_operator' retrieved from /home/airflow/.local/lib/python3.12/site-packages/airflow/example_dags/example_branch_operator.py
[2025-04-30T03:06:40.376+0000] {logging_mixin.py:190} INFO - [2025-04-30T03:06:40.376+0000] {dag.py:3239} INFO - Sync 1 DAGs
[2025-04-30T03:06:40.439+0000] {logging_mixin.py:190} INFO - [2025-04-30T03:06:40.439+0000] {dag.py:4180} INFO - Setting next_dagrun for example_branch_operator to 2025-04-29 00:00:00+00:00, run_after=2025-04-30 00:00:00+00:00
[2025-04-30T03:06:40.475+0000] {processor.py:208} INFO - Processing /home/airflow/.local/lib/python3.12/site-packages/airflow/example_dags/example_branch_operator.py took 0.239 seconds
[2025-04-30T03:07:11.311+0000] {processor.py:186} INFO - Started process (PID=430) to work on /home/airflow/.local/lib/python3.12/site-packages/airflow/example_dags/example_branch_operator.py
[2025-04-30T03:07:11.313+0000] {processor.py:914} INFO - Processing file /home/airflow/.local/lib/python3.12/site-packages/airflow/example_dags/example_branch_operator.py for tasks to queue
[2025-04-30T03:07:11.316+0000] {logging_mixin.py:190} INFO - [2025-04-30T03:07:11.316+0000] {dagbag.py:588} INFO - Filling up the DagBag from /home/airflow/.local/lib/python3.12/site-packages/airflow/example_dags/example_branch_operator.py
[2025-04-30T03:07:11.342+0000] {processor.py:925} INFO - DAG(s) 'example_branch_operator' retrieved from /home/airflow/.local/lib/python3.12/site-packages/airflow/example_dags/example_branch_operator.py
[2025-04-30T03:07:11.390+0000] {logging_mixin.py:190} INFO - [2025-04-30T03:07:11.390+0000] {dag.py:3239} INFO - Sync 1 DAGs
[2025-04-30T03:07:11.437+0000] {logging_mixin.py:190} INFO - [2025-04-30T03:07:11.437+0000] {dag.py:4180} INFO - Setting next_dagrun for example_branch_operator to 2025-04-29 00:00:00+00:00, run_after=2025-04-30 00:00:00+00:00
[2025-04-30T03:07:11.474+0000] {processor.py:208} INFO - Processing /home/airflow/.local/lib/python3.12/site-packages/airflow/example_dags/example_branch_operator.py took 0.170 seconds
[2025-04-30T03:07:41.650+0000] {processor.py:186} INFO - Started process (PID=494) to work on /home/airflow/.local/lib/python3.12/site-packages/airflow/example_dags/example_branch_operator.py
[2025-04-30T03:07:41.652+0000] {processor.py:914} INFO - Processing file /home/airflow/.local/lib/python3.12/site-packages/airflow/example_dags/example_branch_operator.py for tasks to queue
[2025-04-30T03:07:41.656+0000] {logging_mixin.py:190} INFO - [2025-04-30T03:07:41.655+0000] {dagbag.py:588} INFO - Filling up the DagBag from /home/airflow/.local/lib/python3.12/site-packages/airflow/example_dags/example_branch_operator.py
[2025-04-30T03:07:41.683+0000] {processor.py:925} INFO - DAG(s) 'example_branch_operator' retrieved from /home/airflow/.local/lib/python3.12/site-packages/airflow/example_dags/example_branch_operator.py
[2025-04-30T03:07:41.724+0000] {logging_mixin.py:190} INFO - [2025-04-30T03:07:41.724+0000] {dag.py:3239} INFO - Sync 1 DAGs
[2025-04-30T03:07:41.785+0000] {logging_mixin.py:190} INFO - [2025-04-30T03:07:41.784+0000] {dag.py:4180} INFO - Setting next_dagrun for example_branch_operator to 2025-04-29 00:00:00+00:00, run_after=2025-04-30 00:00:00+00:00
[2025-04-30T03:07:41.821+0000] {processor.py:208} INFO - Processing /home/airflow/.local/lib/python3.12/site-packages/airflow/example_dags/example_branch_operator.py took 0.181 seconds
[2025-04-30T03:08:12.854+0000] {processor.py:186} INFO - Started process (PID=558) to work on /home/airflow/.local/lib/python3.12/site-packages/airflow/example_dags/example_branch_operator.py
[2025-04-30T03:08:12.855+0000] {processor.py:914} INFO - Processing file /home/airflow/.local/lib/python3.12/site-packages/airflow/example_dags/example_branch_operator.py for tasks to queue
[2025-04-30T03:08:12.860+0000] {logging_mixin.py:190} INFO - [2025-04-30T03:08:12.860+0000] {dagbag.py:588} INFO - Filling up the DagBag from /home/airflow/.local/lib/python3.12/site-packages/airflow/example_dags/example_branch_operator.py
[2025-04-30T03:08:12.943+0000] {processor.py:925} INFO - DAG(s) 'example_branch_operator' retrieved from /home/airflow/.local/lib/python3.12/site-packages/airflow/example_dags/example_branch_operator.py
[2025-04-30T03:08:13.039+0000] {logging_mixin.py:190} INFO - [2025-04-30T03:08:13.039+0000] {dag.py:3239} INFO - Sync 1 DAGs
[2025-04-30T03:08:13.100+0000] {logging_mixin.py:190} INFO - [2025-04-30T03:08:13.100+0000] {dag.py:4180} INFO - Setting next_dagrun for example_branch_operator to 2025-04-29 00:00:00+00:00, run_after=2025-04-30 00:00:00+00:00
[2025-04-30T03:08:13.149+0000] {processor.py:208} INFO - Processing /home/airflow/.local/lib/python3.12/site-packages/airflow/example_dags/example_branch_operator.py took 0.306 seconds
[2025-04-30T03:08:44.176+0000] {processor.py:186} INFO - Started process (PID=622) to work on /home/airflow/.local/lib/python3.12/site-packages/airflow/example_dags/example_branch_operator.py
[2025-04-30T03:08:44.178+0000] {processor.py:914} INFO - Processing file /home/airflow/.local/lib/python3.12/site-packages/airflow/example_dags/example_branch_operator.py for tasks to queue
[2025-04-30T03:08:44.183+0000] {logging_mixin.py:190} INFO - [2025-04-30T03:08:44.181+0000] {dagbag.py:588} INFO - Filling up the DagBag from /home/airflow/.local/lib/python3.12/site-packages/airflow/example_dags/example_branch_operator.py
[2025-04-30T03:08:44.216+0000] {processor.py:925} INFO - DAG(s) 'example_branch_operator' retrieved from /home/airflow/.local/lib/python3.12/site-packages/airflow/example_dags/example_branch_operator.py
[2025-04-30T03:08:44.279+0000] {logging_mixin.py:190} INFO - [2025-04-30T03:08:44.278+0000] {dag.py:3239} INFO - Sync 1 DAGs
[2025-04-30T03:08:44.336+0000] {logging_mixin.py:190} INFO - [2025-04-30T03:08:44.336+0000] {dag.py:4180} INFO - Setting next_dagrun for example_branch_operator to 2025-04-29 00:00:00+00:00, run_after=2025-04-30 00:00:00+00:00
[2025-04-30T03:08:44.373+0000] {processor.py:208} INFO - Processing /home/airflow/.local/lib/python3.12/site-packages/airflow/example_dags/example_branch_operator.py took 0.209 seconds
[2025-04-30T03:09:15.421+0000] {processor.py:186} INFO - Started process (PID=686) to work on /home/airflow/.local/lib/python3.12/site-packages/airflow/example_dags/example_branch_operator.py
[2025-04-30T03:09:15.423+0000] {processor.py:914} INFO - Processing file /home/airflow/.local/lib/python3.12/site-packages/airflow/example_dags/example_branch_operator.py for tasks to queue
[2025-04-30T03:09:15.427+0000] {logging_mixin.py:190} INFO - [2025-04-30T03:09:15.426+0000] {dagbag.py:588} INFO - Filling up the DagBag from /home/airflow/.local/lib/python3.12/site-packages/airflow/example_dags/example_branch_operator.py
[2025-04-30T03:09:15.464+0000] {processor.py:925} INFO - DAG(s) 'example_branch_operator' retrieved from /home/airflow/.local/lib/python3.12/site-packages/airflow/example_dags/example_branch_operator.py
[2025-04-30T03:09:15.522+0000] {logging_mixin.py:190} INFO - [2025-04-30T03:09:15.521+0000] {dag.py:3239} INFO - Sync 1 DAGs
[2025-04-30T03:09:15.572+0000] {logging_mixin.py:190} INFO - [2025-04-30T03:09:15.571+0000] {dag.py:4180} INFO - Setting next_dagrun for example_branch_operator to 2025-04-29 00:00:00+00:00, run_after=2025-04-30 00:00:00+00:00
[2025-04-30T03:09:15.626+0000] {processor.py:208} INFO - Processing /home/airflow/.local/lib/python3.12/site-packages/airflow/example_dags/example_branch_operator.py took 0.214 seconds
[2025-04-30T03:09:47.506+0000] {processor.py:186} INFO - Started process (PID=751) to work on /home/airflow/.local/lib/python3.12/site-packages/airflow/example_dags/example_branch_operator.py
[2025-04-30T03:09:47.508+0000] {processor.py:914} INFO - Processing file /home/airflow/.local/lib/python3.12/site-packages/airflow/example_dags/example_branch_operator.py for tasks to queue
[2025-04-30T03:09:47.513+0000] {logging_mixin.py:190} INFO - [2025-04-30T03:09:47.512+0000] {dagbag.py:588} INFO - Filling up the DagBag from /home/airflow/.local/lib/python3.12/site-packages/airflow/example_dags/example_branch_operator.py
[2025-04-30T03:09:47.546+0000] {processor.py:925} INFO - DAG(s) 'example_branch_operator' retrieved from /home/airflow/.local/lib/python3.12/site-packages/airflow/example_dags/example_branch_operator.py
[2025-04-30T03:09:47.605+0000] {logging_mixin.py:190} INFO - [2025-04-30T03:09:47.604+0000] {dag.py:3239} INFO - Sync 1 DAGs
[2025-04-30T03:09:47.657+0000] {logging_mixin.py:190} INFO - [2025-04-30T03:09:47.657+0000] {dag.py:4180} INFO - Setting next_dagrun for example_branch_operator to 2025-04-29 00:00:00+00:00, run_after=2025-04-30 00:00:00+00:00
[2025-04-30T03:09:47.696+0000] {processor.py:208} INFO - Processing /home/airflow/.local/lib/python3.12/site-packages/airflow/example_dags/example_branch_operator.py took 0.213 seconds
[2025-04-30T03:10:19.924+0000] {processor.py:186} INFO - Started process (PID=821) to work on /home/airflow/.local/lib/python3.12/site-packages/airflow/example_dags/example_branch_operator.py
[2025-04-30T03:10:19.926+0000] {processor.py:914} INFO - Processing file /home/airflow/.local/lib/python3.12/site-packages/airflow/example_dags/example_branch_operator.py for tasks to queue
[2025-04-30T03:10:19.940+0000] {logging_mixin.py:190} INFO - [2025-04-30T03:10:19.930+0000] {dagbag.py:588} INFO - Filling up the DagBag from /home/airflow/.local/lib/python3.12/site-packages/airflow/example_dags/example_branch_operator.py
[2025-04-30T03:10:19.991+0000] {processor.py:925} INFO - DAG(s) 'example_branch_operator' retrieved from /home/airflow/.local/lib/python3.12/site-packages/airflow/example_dags/example_branch_operator.py
[2025-04-30T03:10:20.077+0000] {logging_mixin.py:190} INFO - [2025-04-30T03:10:20.077+0000] {dag.py:3239} INFO - Sync 1 DAGs
[2025-04-30T03:10:20.207+0000] {logging_mixin.py:190} INFO - [2025-04-30T03:10:20.206+0000] {dag.py:4180} INFO - Setting next_dagrun for example_branch_operator to 2025-04-29 00:00:00+00:00, run_after=2025-04-30 00:00:00+00:00
[2025-04-30T03:10:20.285+0000] {processor.py:208} INFO - Processing /home/airflow/.local/lib/python3.12/site-packages/airflow/example_dags/example_branch_operator.py took 0.370 seconds
[2025-04-30T03:10:56.542+0000] {processor.py:186} INFO - Started process (PID=885) to work on /home/airflow/.local/lib/python3.12/site-packages/airflow/example_dags/example_branch_operator.py
[2025-04-30T03:10:56.546+0000] {processor.py:914} INFO - Processing file /home/airflow/.local/lib/python3.12/site-packages/airflow/example_dags/example_branch_operator.py for tasks to queue
[2025-04-30T03:10:56.551+0000] {logging_mixin.py:190} INFO - [2025-04-30T03:10:56.550+0000] {dagbag.py:588} INFO - Filling up the DagBag from /home/airflow/.local/lib/python3.12/site-packages/airflow/example_dags/example_branch_operator.py
[2025-04-30T03:10:56.601+0000] {processor.py:925} INFO - DAG(s) 'example_branch_operator' retrieved from /home/airflow/.local/lib/python3.12/site-packages/airflow/example_dags/example_branch_operator.py
[2025-04-30T03:10:56.684+0000] {logging_mixin.py:190} INFO - [2025-04-30T03:10:56.683+0000] {dag.py:3239} INFO - Sync 1 DAGs
[2025-04-30T03:10:56.754+0000] {logging_mixin.py:190} INFO - [2025-04-30T03:10:56.753+0000] {dag.py:4180} INFO - Setting next_dagrun for example_branch_operator to 2025-04-29 00:00:00+00:00, run_after=2025-04-30 00:00:00+00:00
[2025-04-30T03:10:56.820+0000] {processor.py:208} INFO - Processing /home/airflow/.local/lib/python3.12/site-packages/airflow/example_dags/example_branch_operator.py took 0.292 seconds
[2025-04-30T03:11:27.085+0000] {processor.py:186} INFO - Started process (PID=950) to work on /home/airflow/.local/lib/python3.12/site-packages/airflow/example_dags/example_branch_operator.py
[2025-04-30T03:11:27.089+0000] {processor.py:914} INFO - Processing file /home/airflow/.local/lib/python3.12/site-packages/airflow/example_dags/example_branch_operator.py for tasks to queue
[2025-04-30T03:11:27.093+0000] {logging_mixin.py:190} INFO - [2025-04-30T03:11:27.093+0000] {dagbag.py:588} INFO - Filling up the DagBag from /home/airflow/.local/lib/python3.12/site-packages/airflow/example_dags/example_branch_operator.py
[2025-04-30T03:11:27.125+0000] {processor.py:925} INFO - DAG(s) 'example_branch_operator' retrieved from /home/airflow/.local/lib/python3.12/site-packages/airflow/example_dags/example_branch_operator.py
[2025-04-30T03:11:27.178+0000] {logging_mixin.py:190} INFO - [2025-04-30T03:11:27.177+0000] {dag.py:3239} INFO - Sync 1 DAGs
[2025-04-30T03:11:27.255+0000] {logging_mixin.py:190} INFO - [2025-04-30T03:11:27.254+0000] {dag.py:4180} INFO - Setting next_dagrun for example_branch_operator to 2025-04-29 00:00:00+00:00, run_after=2025-04-30 00:00:00+00:00
[2025-04-30T03:11:27.348+0000] {processor.py:208} INFO - Processing /home/airflow/.local/lib/python3.12/site-packages/airflow/example_dags/example_branch_operator.py took 0.272 seconds
[2025-04-30T03:11:58.444+0000] {processor.py:186} INFO - Started process (PID=1014) to work on /home/airflow/.local/lib/python3.12/site-packages/airflow/example_dags/example_branch_operator.py
[2025-04-30T03:11:58.446+0000] {processor.py:914} INFO - Processing file /home/airflow/.local/lib/python3.12/site-packages/airflow/example_dags/example_branch_operator.py for tasks to queue
[2025-04-30T03:11:58.453+0000] {logging_mixin.py:190} INFO - [2025-04-30T03:11:58.452+0000] {dagbag.py:588} INFO - Filling up the DagBag from /home/airflow/.local/lib/python3.12/site-packages/airflow/example_dags/example_branch_operator.py
[2025-04-30T03:11:58.511+0000] {processor.py:925} INFO - DAG(s) 'example_branch_operator' retrieved from /home/airflow/.local/lib/python3.12/site-packages/airflow/example_dags/example_branch_operator.py
[2025-04-30T03:11:58.646+0000] {logging_mixin.py:190} INFO - [2025-04-30T03:11:58.646+0000] {dag.py:3239} INFO - Sync 1 DAGs
[2025-04-30T03:11:58.746+0000] {logging_mixin.py:190} INFO - [2025-04-30T03:11:58.746+0000] {dag.py:4180} INFO - Setting next_dagrun for example_branch_operator to 2025-04-29 00:00:00+00:00, run_after=2025-04-30 00:00:00+00:00
[2025-04-30T03:11:58.820+0000] {processor.py:208} INFO - Processing /home/airflow/.local/lib/python3.12/site-packages/airflow/example_dags/example_branch_operator.py took 0.393 seconds
[2025-04-30T03:12:31.865+0000] {processor.py:186} INFO - Started process (PID=1079) to work on /home/airflow/.local/lib/python3.12/site-packages/airflow/example_dags/example_branch_operator.py
[2025-04-30T03:12:31.867+0000] {processor.py:914} INFO - Processing file /home/airflow/.local/lib/python3.12/site-packages/airflow/example_dags/example_branch_operator.py for tasks to queue
[2025-04-30T03:12:31.872+0000] {logging_mixin.py:190} INFO - [2025-04-30T03:12:31.872+0000] {dagbag.py:588} INFO - Filling up the DagBag from /home/airflow/.local/lib/python3.12/site-packages/airflow/example_dags/example_branch_operator.py
[2025-04-30T03:12:31.928+0000] {processor.py:925} INFO - DAG(s) 'example_branch_operator' retrieved from /home/airflow/.local/lib/python3.12/site-packages/airflow/example_dags/example_branch_operator.py
[2025-04-30T03:12:31.995+0000] {logging_mixin.py:190} INFO - [2025-04-30T03:12:31.994+0000] {dag.py:3239} INFO - Sync 1 DAGs
[2025-04-30T03:12:32.060+0000] {logging_mixin.py:190} INFO - [2025-04-30T03:12:32.060+0000] {dag.py:4180} INFO - Setting next_dagrun for example_branch_operator to 2025-04-29 00:00:00+00:00, run_after=2025-04-30 00:00:00+00:00
[2025-04-30T03:12:32.134+0000] {processor.py:208} INFO - Processing /home/airflow/.local/lib/python3.12/site-packages/airflow/example_dags/example_branch_operator.py took 0.280 seconds
[2025-04-30T03:13:02.315+0000] {processor.py:186} INFO - Started process (PID=1143) to work on /home/airflow/.local/lib/python3.12/site-packages/airflow/example_dags/example_branch_operator.py
[2025-04-30T03:13:02.316+0000] {processor.py:914} INFO - Processing file /home/airflow/.local/lib/python3.12/site-packages/airflow/example_dags/example_branch_operator.py for tasks to queue
[2025-04-30T03:13:02.319+0000] {logging_mixin.py:190} INFO - [2025-04-30T03:13:02.319+0000] {dagbag.py:588} INFO - Filling up the DagBag from /home/airflow/.local/lib/python3.12/site-packages/airflow/example_dags/example_branch_operator.py
[2025-04-30T03:13:02.348+0000] {processor.py:925} INFO - DAG(s) 'example_branch_operator' retrieved from /home/airflow/.local/lib/python3.12/site-packages/airflow/example_dags/example_branch_operator.py
[2025-04-30T03:13:02.394+0000] {logging_mixin.py:190} INFO - [2025-04-30T03:13:02.393+0000] {dag.py:3239} INFO - Sync 1 DAGs
[2025-04-30T03:13:02.434+0000] {logging_mixin.py:190} INFO - [2025-04-30T03:13:02.433+0000] {dag.py:4180} INFO - Setting next_dagrun for example_branch_operator to 2025-04-29 00:00:00+00:00, run_after=2025-04-30 00:00:00+00:00
[2025-04-30T03:13:02.466+0000] {processor.py:208} INFO - Processing /home/airflow/.local/lib/python3.12/site-packages/airflow/example_dags/example_branch_operator.py took 0.160 seconds
[2025-04-30T03:13:33.611+0000] {processor.py:186} INFO - Started process (PID=1207) to work on /home/airflow/.local/lib/python3.12/site-packages/airflow/example_dags/example_branch_operator.py
[2025-04-30T03:13:33.613+0000] {processor.py:914} INFO - Processing file /home/airflow/.local/lib/python3.12/site-packages/airflow/example_dags/example_branch_operator.py for tasks to queue
[2025-04-30T03:13:33.617+0000] {logging_mixin.py:190} INFO - [2025-04-30T03:13:33.616+0000] {dagbag.py:588} INFO - Filling up the DagBag from /home/airflow/.local/lib/python3.12/site-packages/airflow/example_dags/example_branch_operator.py
[2025-04-30T03:13:33.649+0000] {processor.py:925} INFO - DAG(s) 'example_branch_operator' retrieved from /home/airflow/.local/lib/python3.12/site-packages/airflow/example_dags/example_branch_operator.py
[2025-04-30T03:13:33.694+0000] {logging_mixin.py:190} INFO - [2025-04-30T03:13:33.694+0000] {dag.py:3239} INFO - Sync 1 DAGs
[2025-04-30T03:13:33.742+0000] {logging_mixin.py:190} INFO - [2025-04-30T03:13:33.741+0000] {dag.py:4180} INFO - Setting next_dagrun for example_branch_operator to 2025-04-29 00:00:00+00:00, run_after=2025-04-30 00:00:00+00:00
[2025-04-30T03:13:33.778+0000] {processor.py:208} INFO - Processing /home/airflow/.local/lib/python3.12/site-packages/airflow/example_dags/example_branch_operator.py took 0.176 seconds
