[2025-04-30T02:53:23.332+0000] {processor.py:186} INFO - Started process (PID=104) to work on /home/airflow/.local/lib/python3.12/site-packages/airflow/example_dags/example_dataset_alias.py
[2025-04-30T02:53:23.337+0000] {processor.py:914} INFO - Processing file /home/airflow/.local/lib/python3.12/site-packages/airflow/example_dags/example_dataset_alias.py for tasks to queue
[2025-04-30T02:53:23.353+0000] {logging_mixin.py:190} INFO - [2025-04-30T02:53:23.352+0000] {dagbag.py:588} INFO - Filling up the DagBag from /home/airflow/.local/lib/python3.12/site-packages/airflow/example_dags/example_dataset_alias.py
[2025-04-30T02:53:28.790+0000] {processor.py:925} INFO - DAG(s) 'dataset_s3_bucket_producer', 'dataset_alias_example_alias_consumer', 'dataset_s3_bucket_consumer', 'dataset_alias_example_alias_producer' retrieved from /home/airflow/.local/lib/python3.12/site-packages/airflow/example_dags/example_dataset_alias.py
[2025-04-30T02:53:28.992+0000] {logging_mixin.py:190} INFO - [2025-04-30T02:53:28.990+0000] {dag.py:3239} INFO - Sync 4 DAGs
[2025-04-30T02:53:29.198+0000] {logging_mixin.py:190} INFO - [2025-04-30T02:53:29.197+0000] {dag.py:4180} INFO - Setting next_dagrun for dataset_alias_example_alias_consumer to None, run_after=None
[2025-04-30T02:53:29.229+0000] {logging_mixin.py:190} INFO - [2025-04-30T02:53:29.223+0000] {dag.py:4180} INFO - Setting next_dagrun for dataset_alias_example_alias_producer to None, run_after=None
[2025-04-30T02:53:29.247+0000] {logging_mixin.py:190} INFO - [2025-04-30T02:53:29.247+0000] {dag.py:4180} INFO - Setting next_dagrun for dataset_s3_bucket_consumer to None, run_after=None
[2025-04-30T02:53:29.268+0000] {logging_mixin.py:190} INFO - [2025-04-30T02:53:29.267+0000] {dag.py:4180} INFO - Setting next_dagrun for dataset_s3_bucket_producer to None, run_after=None
[2025-04-30T02:53:29.428+0000] {processor.py:208} INFO - Processing /home/airflow/.local/lib/python3.12/site-packages/airflow/example_dags/example_dataset_alias.py took 6.216 seconds
[2025-04-30T02:54:21.272+0000] {processor.py:186} INFO - Started process (PID=177) to work on /home/airflow/.local/lib/python3.12/site-packages/airflow/example_dags/example_dataset_alias.py
[2025-04-30T02:54:21.274+0000] {processor.py:914} INFO - Processing file /home/airflow/.local/lib/python3.12/site-packages/airflow/example_dags/example_dataset_alias.py for tasks to queue
[2025-04-30T02:54:21.312+0000] {logging_mixin.py:190} INFO - [2025-04-30T02:54:21.311+0000] {dagbag.py:588} INFO - Filling up the DagBag from /home/airflow/.local/lib/python3.12/site-packages/airflow/example_dags/example_dataset_alias.py
[2025-04-30T02:54:26.177+0000] {processor.py:925} INFO - DAG(s) 'dataset_alias_example_alias_consumer', 'dataset_s3_bucket_consumer', 'dataset_alias_example_alias_producer', 'dataset_s3_bucket_producer' retrieved from /home/airflow/.local/lib/python3.12/site-packages/airflow/example_dags/example_dataset_alias.py
[2025-04-30T02:54:26.459+0000] {logging_mixin.py:190} INFO - [2025-04-30T02:54:26.458+0000] {dag.py:3239} INFO - Sync 4 DAGs
[2025-04-30T02:54:26.615+0000] {logging_mixin.py:190} INFO - [2025-04-30T02:54:26.614+0000] {dag.py:4180} INFO - Setting next_dagrun for dataset_alias_example_alias_consumer to None, run_after=None
[2025-04-30T02:54:26.676+0000] {logging_mixin.py:190} INFO - [2025-04-30T02:54:26.675+0000] {dag.py:4180} INFO - Setting next_dagrun for dataset_alias_example_alias_producer to None, run_after=None
[2025-04-30T02:54:26.680+0000] {logging_mixin.py:190} INFO - [2025-04-30T02:54:26.679+0000] {dag.py:4180} INFO - Setting next_dagrun for dataset_s3_bucket_consumer to None, run_after=None
[2025-04-30T02:54:26.684+0000] {logging_mixin.py:190} INFO - [2025-04-30T02:54:26.683+0000] {dag.py:4180} INFO - Setting next_dagrun for dataset_s3_bucket_producer to None, run_after=None
[2025-04-30T02:54:26.912+0000] {processor.py:208} INFO - Processing /home/airflow/.local/lib/python3.12/site-packages/airflow/example_dags/example_dataset_alias.py took 5.725 seconds
[2025-04-30T02:55:00.733+0000] {processor.py:186} INFO - Started process (PID=245) to work on /home/airflow/.local/lib/python3.12/site-packages/airflow/example_dags/example_dataset_alias.py
[2025-04-30T02:55:00.736+0000] {processor.py:914} INFO - Processing file /home/airflow/.local/lib/python3.12/site-packages/airflow/example_dags/example_dataset_alias.py for tasks to queue
[2025-04-30T02:55:00.743+0000] {logging_mixin.py:190} INFO - [2025-04-30T02:55:00.742+0000] {dagbag.py:588} INFO - Filling up the DagBag from /home/airflow/.local/lib/python3.12/site-packages/airflow/example_dags/example_dataset_alias.py
[2025-04-30T02:55:03.034+0000] {processor.py:925} INFO - DAG(s) 'dataset_s3_bucket_consumer', 'dataset_s3_bucket_producer', 'dataset_alias_example_alias_producer', 'dataset_alias_example_alias_consumer' retrieved from /home/airflow/.local/lib/python3.12/site-packages/airflow/example_dags/example_dataset_alias.py
[2025-04-30T02:55:03.099+0000] {logging_mixin.py:190} INFO - [2025-04-30T02:55:03.097+0000] {dag.py:3239} INFO - Sync 4 DAGs
[2025-04-30T02:55:03.164+0000] {logging_mixin.py:190} INFO - [2025-04-30T02:55:03.164+0000] {dag.py:4180} INFO - Setting next_dagrun for dataset_alias_example_alias_consumer to None, run_after=None
[2025-04-30T02:55:03.174+0000] {logging_mixin.py:190} INFO - [2025-04-30T02:55:03.173+0000] {dag.py:4180} INFO - Setting next_dagrun for dataset_alias_example_alias_producer to None, run_after=None
[2025-04-30T02:55:03.179+0000] {logging_mixin.py:190} INFO - [2025-04-30T02:55:03.178+0000] {dag.py:4180} INFO - Setting next_dagrun for dataset_s3_bucket_consumer to None, run_after=None
[2025-04-30T02:55:03.183+0000] {logging_mixin.py:190} INFO - [2025-04-30T02:55:03.182+0000] {dag.py:4180} INFO - Setting next_dagrun for dataset_s3_bucket_producer to None, run_after=None
[2025-04-30T02:55:03.252+0000] {processor.py:208} INFO - Processing /home/airflow/.local/lib/python3.12/site-packages/airflow/example_dags/example_dataset_alias.py took 2.536 seconds
[2025-04-30T02:55:39.566+0000] {processor.py:186} INFO - Started process (PID=314) to work on /home/airflow/.local/lib/python3.12/site-packages/airflow/example_dags/example_dataset_alias.py
[2025-04-30T02:55:39.583+0000] {processor.py:914} INFO - Processing file /home/airflow/.local/lib/python3.12/site-packages/airflow/example_dags/example_dataset_alias.py for tasks to queue
[2025-04-30T02:55:39.605+0000] {logging_mixin.py:190} INFO - [2025-04-30T02:55:39.604+0000] {dagbag.py:588} INFO - Filling up the DagBag from /home/airflow/.local/lib/python3.12/site-packages/airflow/example_dags/example_dataset_alias.py
[2025-04-30T02:55:43.424+0000] {processor.py:925} INFO - DAG(s) 'dataset_alias_example_alias_producer', 'dataset_s3_bucket_producer', 'dataset_s3_bucket_consumer', 'dataset_alias_example_alias_consumer' retrieved from /home/airflow/.local/lib/python3.12/site-packages/airflow/example_dags/example_dataset_alias.py
[2025-04-30T02:55:43.486+0000] {logging_mixin.py:190} INFO - [2025-04-30T02:55:43.485+0000] {dag.py:3239} INFO - Sync 4 DAGs
[2025-04-30T02:55:43.604+0000] {logging_mixin.py:190} INFO - [2025-04-30T02:55:43.603+0000] {dag.py:4180} INFO - Setting next_dagrun for dataset_alias_example_alias_consumer to None, run_after=None
[2025-04-30T02:55:43.611+0000] {logging_mixin.py:190} INFO - [2025-04-30T02:55:43.610+0000] {dag.py:4180} INFO - Setting next_dagrun for dataset_alias_example_alias_producer to None, run_after=None
[2025-04-30T02:55:43.614+0000] {logging_mixin.py:190} INFO - [2025-04-30T02:55:43.614+0000] {dag.py:4180} INFO - Setting next_dagrun for dataset_s3_bucket_consumer to None, run_after=None
[2025-04-30T02:55:43.636+0000] {logging_mixin.py:190} INFO - [2025-04-30T02:55:43.635+0000] {dag.py:4180} INFO - Setting next_dagrun for dataset_s3_bucket_producer to None, run_after=None
[2025-04-30T02:55:43.753+0000] {processor.py:208} INFO - Processing /home/airflow/.local/lib/python3.12/site-packages/airflow/example_dags/example_dataset_alias.py took 4.199 seconds
[2025-04-30T02:56:19.934+0000] {processor.py:186} INFO - Started process (PID=377) to work on /home/airflow/.local/lib/python3.12/site-packages/airflow/example_dags/example_dataset_alias.py
[2025-04-30T02:56:19.939+0000] {processor.py:914} INFO - Processing file /home/airflow/.local/lib/python3.12/site-packages/airflow/example_dags/example_dataset_alias.py for tasks to queue
[2025-04-30T02:56:19.947+0000] {logging_mixin.py:190} INFO - [2025-04-30T02:56:19.947+0000] {dagbag.py:588} INFO - Filling up the DagBag from /home/airflow/.local/lib/python3.12/site-packages/airflow/example_dags/example_dataset_alias.py
[2025-04-30T02:56:22.357+0000] {processor.py:925} INFO - DAG(s) 'dataset_s3_bucket_consumer', 'dataset_alias_example_alias_producer', 'dataset_s3_bucket_producer', 'dataset_alias_example_alias_consumer' retrieved from /home/airflow/.local/lib/python3.12/site-packages/airflow/example_dags/example_dataset_alias.py
[2025-04-30T02:56:22.439+0000] {logging_mixin.py:190} INFO - [2025-04-30T02:56:22.437+0000] {dag.py:3239} INFO - Sync 4 DAGs
[2025-04-30T02:56:22.529+0000] {logging_mixin.py:190} INFO - [2025-04-30T02:56:22.528+0000] {dag.py:4180} INFO - Setting next_dagrun for dataset_alias_example_alias_consumer to None, run_after=None
[2025-04-30T02:56:22.541+0000] {logging_mixin.py:190} INFO - [2025-04-30T02:56:22.540+0000] {dag.py:4180} INFO - Setting next_dagrun for dataset_alias_example_alias_producer to None, run_after=None
[2025-04-30T02:56:22.548+0000] {logging_mixin.py:190} INFO - [2025-04-30T02:56:22.548+0000] {dag.py:4180} INFO - Setting next_dagrun for dataset_s3_bucket_consumer to None, run_after=None
[2025-04-30T02:56:22.553+0000] {logging_mixin.py:190} INFO - [2025-04-30T02:56:22.553+0000] {dag.py:4180} INFO - Setting next_dagrun for dataset_s3_bucket_producer to None, run_after=None
[2025-04-30T02:56:22.798+0000] {processor.py:208} INFO - Processing /home/airflow/.local/lib/python3.12/site-packages/airflow/example_dags/example_dataset_alias.py took 2.887 seconds
[2025-04-30T02:56:56.303+0000] {processor.py:186} INFO - Started process (PID=440) to work on /home/airflow/.local/lib/python3.12/site-packages/airflow/example_dags/example_dataset_alias.py
[2025-04-30T02:56:56.305+0000] {processor.py:914} INFO - Processing file /home/airflow/.local/lib/python3.12/site-packages/airflow/example_dags/example_dataset_alias.py for tasks to queue
[2025-04-30T02:56:56.313+0000] {logging_mixin.py:190} INFO - [2025-04-30T02:56:56.312+0000] {dagbag.py:588} INFO - Filling up the DagBag from /home/airflow/.local/lib/python3.12/site-packages/airflow/example_dags/example_dataset_alias.py
[2025-04-30T02:56:58.148+0000] {processor.py:925} INFO - DAG(s) 'dataset_s3_bucket_consumer', 'dataset_alias_example_alias_consumer', 'dataset_s3_bucket_producer', 'dataset_alias_example_alias_producer' retrieved from /home/airflow/.local/lib/python3.12/site-packages/airflow/example_dags/example_dataset_alias.py
[2025-04-30T02:56:58.200+0000] {logging_mixin.py:190} INFO - [2025-04-30T02:56:58.199+0000] {dag.py:3239} INFO - Sync 4 DAGs
[2025-04-30T02:56:58.248+0000] {logging_mixin.py:190} INFO - [2025-04-30T02:56:58.248+0000] {dag.py:4180} INFO - Setting next_dagrun for dataset_alias_example_alias_consumer to None, run_after=None
[2025-04-30T02:56:58.254+0000] {logging_mixin.py:190} INFO - [2025-04-30T02:56:58.254+0000] {dag.py:4180} INFO - Setting next_dagrun for dataset_alias_example_alias_producer to None, run_after=None
[2025-04-30T02:56:58.258+0000] {logging_mixin.py:190} INFO - [2025-04-30T02:56:58.258+0000] {dag.py:4180} INFO - Setting next_dagrun for dataset_s3_bucket_consumer to None, run_after=None
[2025-04-30T02:56:58.262+0000] {logging_mixin.py:190} INFO - [2025-04-30T02:56:58.262+0000] {dag.py:4180} INFO - Setting next_dagrun for dataset_s3_bucket_producer to None, run_after=None
[2025-04-30T02:56:58.319+0000] {processor.py:208} INFO - Processing /home/airflow/.local/lib/python3.12/site-packages/airflow/example_dags/example_dataset_alias.py took 2.034 seconds
[2025-04-30T02:57:29.226+0000] {processor.py:186} INFO - Started process (PID=515) to work on /home/airflow/.local/lib/python3.12/site-packages/airflow/example_dags/example_dataset_alias.py
[2025-04-30T02:57:29.228+0000] {processor.py:914} INFO - Processing file /home/airflow/.local/lib/python3.12/site-packages/airflow/example_dags/example_dataset_alias.py for tasks to queue
[2025-04-30T02:57:29.232+0000] {logging_mixin.py:190} INFO - [2025-04-30T02:57:29.231+0000] {dagbag.py:588} INFO - Filling up the DagBag from /home/airflow/.local/lib/python3.12/site-packages/airflow/example_dags/example_dataset_alias.py
[2025-04-30T02:57:30.466+0000] {processor.py:925} INFO - DAG(s) 'dataset_alias_example_alias_consumer', 'dataset_s3_bucket_consumer', 'dataset_alias_example_alias_producer', 'dataset_s3_bucket_producer' retrieved from /home/airflow/.local/lib/python3.12/site-packages/airflow/example_dags/example_dataset_alias.py
[2025-04-30T02:57:30.531+0000] {logging_mixin.py:190} INFO - [2025-04-30T02:57:30.530+0000] {dag.py:3239} INFO - Sync 4 DAGs
[2025-04-30T02:57:30.610+0000] {logging_mixin.py:190} INFO - [2025-04-30T02:57:30.609+0000] {dag.py:4180} INFO - Setting next_dagrun for dataset_alias_example_alias_consumer to None, run_after=None
[2025-04-30T02:57:30.618+0000] {logging_mixin.py:190} INFO - [2025-04-30T02:57:30.617+0000] {dag.py:4180} INFO - Setting next_dagrun for dataset_alias_example_alias_producer to None, run_after=None
[2025-04-30T02:57:30.622+0000] {logging_mixin.py:190} INFO - [2025-04-30T02:57:30.622+0000] {dag.py:4180} INFO - Setting next_dagrun for dataset_s3_bucket_consumer to None, run_after=None
[2025-04-30T02:57:30.625+0000] {logging_mixin.py:190} INFO - [2025-04-30T02:57:30.625+0000] {dag.py:4180} INFO - Setting next_dagrun for dataset_s3_bucket_producer to None, run_after=None
[2025-04-30T02:57:30.675+0000] {processor.py:208} INFO - Processing /home/airflow/.local/lib/python3.12/site-packages/airflow/example_dags/example_dataset_alias.py took 1.461 seconds
[2025-04-30T02:58:01.541+0000] {processor.py:186} INFO - Started process (PID=579) to work on /home/airflow/.local/lib/python3.12/site-packages/airflow/example_dags/example_dataset_alias.py
[2025-04-30T02:58:01.545+0000] {processor.py:914} INFO - Processing file /home/airflow/.local/lib/python3.12/site-packages/airflow/example_dags/example_dataset_alias.py for tasks to queue
[2025-04-30T02:58:01.550+0000] {logging_mixin.py:190} INFO - [2025-04-30T02:58:01.549+0000] {dagbag.py:588} INFO - Filling up the DagBag from /home/airflow/.local/lib/python3.12/site-packages/airflow/example_dags/example_dataset_alias.py
[2025-04-30T02:58:03.614+0000] {processor.py:925} INFO - DAG(s) 'dataset_s3_bucket_producer', 'dataset_alias_example_alias_producer', 'dataset_s3_bucket_consumer', 'dataset_alias_example_alias_consumer' retrieved from /home/airflow/.local/lib/python3.12/site-packages/airflow/example_dags/example_dataset_alias.py
[2025-04-30T02:58:03.672+0000] {logging_mixin.py:190} INFO - [2025-04-30T02:58:03.671+0000] {dag.py:3239} INFO - Sync 4 DAGs
[2025-04-30T02:58:03.747+0000] {logging_mixin.py:190} INFO - [2025-04-30T02:58:03.746+0000] {dag.py:4180} INFO - Setting next_dagrun for dataset_alias_example_alias_consumer to None, run_after=None
[2025-04-30T02:58:03.772+0000] {logging_mixin.py:190} INFO - [2025-04-30T02:58:03.766+0000] {dag.py:4180} INFO - Setting next_dagrun for dataset_alias_example_alias_producer to None, run_after=None
[2025-04-30T02:58:03.786+0000] {logging_mixin.py:190} INFO - [2025-04-30T02:58:03.785+0000] {dag.py:4180} INFO - Setting next_dagrun for dataset_s3_bucket_consumer to None, run_after=None
[2025-04-30T02:58:03.820+0000] {logging_mixin.py:190} INFO - [2025-04-30T02:58:03.820+0000] {dag.py:4180} INFO - Setting next_dagrun for dataset_s3_bucket_producer to None, run_after=None
[2025-04-30T02:58:03.999+0000] {processor.py:208} INFO - Processing /home/airflow/.local/lib/python3.12/site-packages/airflow/example_dags/example_dataset_alias.py took 2.471 seconds
[2025-04-30T02:58:34.396+0000] {processor.py:186} INFO - Started process (PID=645) to work on /home/airflow/.local/lib/python3.12/site-packages/airflow/example_dags/example_dataset_alias.py
[2025-04-30T02:58:34.402+0000] {processor.py:914} INFO - Processing file /home/airflow/.local/lib/python3.12/site-packages/airflow/example_dags/example_dataset_alias.py for tasks to queue
[2025-04-30T02:58:34.408+0000] {logging_mixin.py:190} INFO - [2025-04-30T02:58:34.407+0000] {dagbag.py:588} INFO - Filling up the DagBag from /home/airflow/.local/lib/python3.12/site-packages/airflow/example_dags/example_dataset_alias.py
[2025-04-30T02:58:37.207+0000] {processor.py:925} INFO - DAG(s) 'dataset_alias_example_alias_consumer', 'dataset_s3_bucket_consumer', 'dataset_alias_example_alias_producer', 'dataset_s3_bucket_producer' retrieved from /home/airflow/.local/lib/python3.12/site-packages/airflow/example_dags/example_dataset_alias.py
[2025-04-30T02:58:37.369+0000] {logging_mixin.py:190} INFO - [2025-04-30T02:58:37.368+0000] {dag.py:3239} INFO - Sync 4 DAGs
[2025-04-30T02:58:37.530+0000] {logging_mixin.py:190} INFO - [2025-04-30T02:58:37.529+0000] {dag.py:4180} INFO - Setting next_dagrun for dataset_alias_example_alias_consumer to None, run_after=None
[2025-04-30T02:58:37.568+0000] {logging_mixin.py:190} INFO - [2025-04-30T02:58:37.568+0000] {dag.py:4180} INFO - Setting next_dagrun for dataset_alias_example_alias_producer to None, run_after=None
[2025-04-30T02:58:37.589+0000] {logging_mixin.py:190} INFO - [2025-04-30T02:58:37.589+0000] {dag.py:4180} INFO - Setting next_dagrun for dataset_s3_bucket_consumer to None, run_after=None
[2025-04-30T02:58:37.618+0000] {logging_mixin.py:190} INFO - [2025-04-30T02:58:37.618+0000] {dag.py:4180} INFO - Setting next_dagrun for dataset_s3_bucket_producer to None, run_after=None
[2025-04-30T02:58:37.858+0000] {processor.py:208} INFO - Processing /home/airflow/.local/lib/python3.12/site-packages/airflow/example_dags/example_dataset_alias.py took 3.479 seconds
[2025-04-30T02:59:08.691+0000] {processor.py:186} INFO - Started process (PID=713) to work on /home/airflow/.local/lib/python3.12/site-packages/airflow/example_dags/example_dataset_alias.py
[2025-04-30T02:59:08.692+0000] {processor.py:914} INFO - Processing file /home/airflow/.local/lib/python3.12/site-packages/airflow/example_dags/example_dataset_alias.py for tasks to queue
[2025-04-30T02:59:08.697+0000] {logging_mixin.py:190} INFO - [2025-04-30T02:59:08.696+0000] {dagbag.py:588} INFO - Filling up the DagBag from /home/airflow/.local/lib/python3.12/site-packages/airflow/example_dags/example_dataset_alias.py
[2025-04-30T02:59:10.338+0000] {processor.py:925} INFO - DAG(s) 'dataset_alias_example_alias_producer', 'dataset_alias_example_alias_consumer', 'dataset_s3_bucket_producer', 'dataset_s3_bucket_consumer' retrieved from /home/airflow/.local/lib/python3.12/site-packages/airflow/example_dags/example_dataset_alias.py
[2025-04-30T02:59:10.394+0000] {logging_mixin.py:190} INFO - [2025-04-30T02:59:10.392+0000] {dag.py:3239} INFO - Sync 4 DAGs
[2025-04-30T02:59:10.455+0000] {logging_mixin.py:190} INFO - [2025-04-30T02:59:10.454+0000] {dag.py:4180} INFO - Setting next_dagrun for dataset_alias_example_alias_consumer to None, run_after=None
[2025-04-30T02:59:10.460+0000] {logging_mixin.py:190} INFO - [2025-04-30T02:59:10.460+0000] {dag.py:4180} INFO - Setting next_dagrun for dataset_alias_example_alias_producer to None, run_after=None
[2025-04-30T02:59:10.464+0000] {logging_mixin.py:190} INFO - [2025-04-30T02:59:10.463+0000] {dag.py:4180} INFO - Setting next_dagrun for dataset_s3_bucket_consumer to None, run_after=None
[2025-04-30T02:59:10.467+0000] {logging_mixin.py:190} INFO - [2025-04-30T02:59:10.467+0000] {dag.py:4180} INFO - Setting next_dagrun for dataset_s3_bucket_producer to None, run_after=None
[2025-04-30T02:59:10.541+0000] {processor.py:208} INFO - Processing /home/airflow/.local/lib/python3.12/site-packages/airflow/example_dags/example_dataset_alias.py took 1.862 seconds
[2025-04-30T02:59:40.815+0000] {processor.py:186} INFO - Started process (PID=784) to work on /home/airflow/.local/lib/python3.12/site-packages/airflow/example_dags/example_dataset_alias.py
[2025-04-30T02:59:40.818+0000] {processor.py:914} INFO - Processing file /home/airflow/.local/lib/python3.12/site-packages/airflow/example_dags/example_dataset_alias.py for tasks to queue
[2025-04-30T02:59:40.822+0000] {logging_mixin.py:190} INFO - [2025-04-30T02:59:40.821+0000] {dagbag.py:588} INFO - Filling up the DagBag from /home/airflow/.local/lib/python3.12/site-packages/airflow/example_dags/example_dataset_alias.py
[2025-04-30T02:59:41.979+0000] {processor.py:925} INFO - DAG(s) 'dataset_alias_example_alias_producer', 'dataset_alias_example_alias_consumer', 'dataset_s3_bucket_consumer', 'dataset_s3_bucket_producer' retrieved from /home/airflow/.local/lib/python3.12/site-packages/airflow/example_dags/example_dataset_alias.py
[2025-04-30T02:59:42.027+0000] {logging_mixin.py:190} INFO - [2025-04-30T02:59:42.026+0000] {dag.py:3239} INFO - Sync 4 DAGs
[2025-04-30T02:59:42.084+0000] {logging_mixin.py:190} INFO - [2025-04-30T02:59:42.083+0000] {dag.py:4180} INFO - Setting next_dagrun for dataset_alias_example_alias_consumer to None, run_after=None
[2025-04-30T02:59:42.091+0000] {logging_mixin.py:190} INFO - [2025-04-30T02:59:42.090+0000] {dag.py:4180} INFO - Setting next_dagrun for dataset_alias_example_alias_producer to None, run_after=None
[2025-04-30T02:59:42.096+0000] {logging_mixin.py:190} INFO - [2025-04-30T02:59:42.095+0000] {dag.py:4180} INFO - Setting next_dagrun for dataset_s3_bucket_consumer to None, run_after=None
[2025-04-30T02:59:42.102+0000] {logging_mixin.py:190} INFO - [2025-04-30T02:59:42.101+0000] {dag.py:4180} INFO - Setting next_dagrun for dataset_s3_bucket_producer to None, run_after=None
[2025-04-30T02:59:42.173+0000] {processor.py:208} INFO - Processing /home/airflow/.local/lib/python3.12/site-packages/airflow/example_dags/example_dataset_alias.py took 1.370 seconds
[2025-04-30T03:00:13.477+0000] {processor.py:186} INFO - Started process (PID=844) to work on /home/airflow/.local/lib/python3.12/site-packages/airflow/example_dags/example_dataset_alias.py
[2025-04-30T03:00:13.479+0000] {processor.py:914} INFO - Processing file /home/airflow/.local/lib/python3.12/site-packages/airflow/example_dags/example_dataset_alias.py for tasks to queue
[2025-04-30T03:00:13.484+0000] {logging_mixin.py:190} INFO - [2025-04-30T03:00:13.483+0000] {dagbag.py:588} INFO - Filling up the DagBag from /home/airflow/.local/lib/python3.12/site-packages/airflow/example_dags/example_dataset_alias.py
[2025-04-30T03:00:15.391+0000] {processor.py:925} INFO - DAG(s) 'dataset_s3_bucket_producer', 'dataset_alias_example_alias_consumer', 'dataset_alias_example_alias_producer', 'dataset_s3_bucket_consumer' retrieved from /home/airflow/.local/lib/python3.12/site-packages/airflow/example_dags/example_dataset_alias.py
[2025-04-30T03:00:15.456+0000] {logging_mixin.py:190} INFO - [2025-04-30T03:00:15.455+0000] {dag.py:3239} INFO - Sync 4 DAGs
[2025-04-30T03:00:15.519+0000] {logging_mixin.py:190} INFO - [2025-04-30T03:00:15.518+0000] {dag.py:4180} INFO - Setting next_dagrun for dataset_alias_example_alias_consumer to None, run_after=None
[2025-04-30T03:00:15.527+0000] {logging_mixin.py:190} INFO - [2025-04-30T03:00:15.527+0000] {dag.py:4180} INFO - Setting next_dagrun for dataset_alias_example_alias_producer to None, run_after=None
[2025-04-30T03:00:15.535+0000] {logging_mixin.py:190} INFO - [2025-04-30T03:00:15.534+0000] {dag.py:4180} INFO - Setting next_dagrun for dataset_s3_bucket_consumer to None, run_after=None
[2025-04-30T03:00:15.541+0000] {logging_mixin.py:190} INFO - [2025-04-30T03:00:15.541+0000] {dag.py:4180} INFO - Setting next_dagrun for dataset_s3_bucket_producer to None, run_after=None
[2025-04-30T03:00:15.648+0000] {processor.py:208} INFO - Processing /home/airflow/.local/lib/python3.12/site-packages/airflow/example_dags/example_dataset_alias.py took 2.190 seconds
[2025-04-30T03:00:48.429+0000] {processor.py:186} INFO - Started process (PID=913) to work on /home/airflow/.local/lib/python3.12/site-packages/airflow/example_dags/example_dataset_alias.py
[2025-04-30T03:00:48.431+0000] {processor.py:914} INFO - Processing file /home/airflow/.local/lib/python3.12/site-packages/airflow/example_dags/example_dataset_alias.py for tasks to queue
[2025-04-30T03:00:48.438+0000] {logging_mixin.py:190} INFO - [2025-04-30T03:00:48.437+0000] {dagbag.py:588} INFO - Filling up the DagBag from /home/airflow/.local/lib/python3.12/site-packages/airflow/example_dags/example_dataset_alias.py
[2025-04-30T03:00:49.936+0000] {processor.py:925} INFO - DAG(s) 'dataset_s3_bucket_consumer', 'dataset_alias_example_alias_consumer', 'dataset_s3_bucket_producer', 'dataset_alias_example_alias_producer' retrieved from /home/airflow/.local/lib/python3.12/site-packages/airflow/example_dags/example_dataset_alias.py
[2025-04-30T03:00:49.987+0000] {logging_mixin.py:190} INFO - [2025-04-30T03:00:49.985+0000] {dag.py:3239} INFO - Sync 4 DAGs
[2025-04-30T03:00:50.043+0000] {logging_mixin.py:190} INFO - [2025-04-30T03:00:50.042+0000] {dag.py:4180} INFO - Setting next_dagrun for dataset_alias_example_alias_consumer to None, run_after=None
[2025-04-30T03:00:50.049+0000] {logging_mixin.py:190} INFO - [2025-04-30T03:00:50.048+0000] {dag.py:4180} INFO - Setting next_dagrun for dataset_alias_example_alias_producer to None, run_after=None
[2025-04-30T03:00:50.053+0000] {logging_mixin.py:190} INFO - [2025-04-30T03:00:50.053+0000] {dag.py:4180} INFO - Setting next_dagrun for dataset_s3_bucket_consumer to None, run_after=None
[2025-04-30T03:00:50.057+0000] {logging_mixin.py:190} INFO - [2025-04-30T03:00:50.057+0000] {dag.py:4180} INFO - Setting next_dagrun for dataset_s3_bucket_producer to None, run_after=None
[2025-04-30T03:00:50.116+0000] {processor.py:208} INFO - Processing /home/airflow/.local/lib/python3.12/site-packages/airflow/example_dags/example_dataset_alias.py took 1.698 seconds
[2025-04-30T03:01:21.352+0000] {processor.py:186} INFO - Started process (PID=982) to work on /home/airflow/.local/lib/python3.12/site-packages/airflow/example_dags/example_dataset_alias.py
[2025-04-30T03:01:21.354+0000] {processor.py:914} INFO - Processing file /home/airflow/.local/lib/python3.12/site-packages/airflow/example_dags/example_dataset_alias.py for tasks to queue
[2025-04-30T03:01:21.359+0000] {logging_mixin.py:190} INFO - [2025-04-30T03:01:21.358+0000] {dagbag.py:588} INFO - Filling up the DagBag from /home/airflow/.local/lib/python3.12/site-packages/airflow/example_dags/example_dataset_alias.py
[2025-04-30T03:01:23.348+0000] {processor.py:925} INFO - DAG(s) 'dataset_alias_example_alias_producer', 'dataset_s3_bucket_consumer', 'dataset_s3_bucket_producer', 'dataset_alias_example_alias_consumer' retrieved from /home/airflow/.local/lib/python3.12/site-packages/airflow/example_dags/example_dataset_alias.py
[2025-04-30T03:01:23.537+0000] {logging_mixin.py:190} INFO - [2025-04-30T03:01:23.526+0000] {dag.py:3239} INFO - Sync 4 DAGs
[2025-04-30T03:01:23.733+0000] {logging_mixin.py:190} INFO - [2025-04-30T03:01:23.733+0000] {dag.py:4180} INFO - Setting next_dagrun for dataset_alias_example_alias_consumer to None, run_after=None
[2025-04-30T03:01:23.857+0000] {logging_mixin.py:190} INFO - [2025-04-30T03:01:23.856+0000] {dag.py:4180} INFO - Setting next_dagrun for dataset_alias_example_alias_producer to None, run_after=None
[2025-04-30T03:01:23.983+0000] {logging_mixin.py:190} INFO - [2025-04-30T03:01:23.955+0000] {dag.py:4180} INFO - Setting next_dagrun for dataset_s3_bucket_consumer to None, run_after=None
[2025-04-30T03:01:24.015+0000] {logging_mixin.py:190} INFO - [2025-04-30T03:01:24.015+0000] {dag.py:4180} INFO - Setting next_dagrun for dataset_s3_bucket_producer to None, run_after=None
[2025-04-30T03:01:24.193+0000] {processor.py:208} INFO - Processing /home/airflow/.local/lib/python3.12/site-packages/airflow/example_dags/example_dataset_alias.py took 2.852 seconds
[2025-04-30T03:04:27.524+0000] {processor.py:186} INFO - Started process (PID=91) to work on /home/airflow/.local/lib/python3.12/site-packages/airflow/example_dags/example_dataset_alias.py
[2025-04-30T03:04:27.529+0000] {processor.py:914} INFO - Processing file /home/airflow/.local/lib/python3.12/site-packages/airflow/example_dags/example_dataset_alias.py for tasks to queue
[2025-04-30T03:04:27.541+0000] {logging_mixin.py:190} INFO - [2025-04-30T03:04:27.540+0000] {dagbag.py:588} INFO - Filling up the DagBag from /home/airflow/.local/lib/python3.12/site-packages/airflow/example_dags/example_dataset_alias.py
[2025-04-30T03:04:29.807+0000] {processor.py:925} INFO - DAG(s) 'dataset_alias_example_alias_producer', 'dataset_s3_bucket_producer', 'dataset_alias_example_alias_consumer', 'dataset_s3_bucket_consumer' retrieved from /home/airflow/.local/lib/python3.12/site-packages/airflow/example_dags/example_dataset_alias.py
[2025-04-30T03:04:30.090+0000] {logging_mixin.py:190} INFO - [2025-04-30T03:04:30.088+0000] {dag.py:3239} INFO - Sync 4 DAGs
[2025-04-30T03:04:30.299+0000] {logging_mixin.py:190} INFO - [2025-04-30T03:04:30.299+0000] {dag.py:4180} INFO - Setting next_dagrun for dataset_alias_example_alias_consumer to None, run_after=None
[2025-04-30T03:04:30.326+0000] {logging_mixin.py:190} INFO - [2025-04-30T03:04:30.326+0000] {dag.py:4180} INFO - Setting next_dagrun for dataset_alias_example_alias_producer to None, run_after=None
[2025-04-30T03:04:30.346+0000] {logging_mixin.py:190} INFO - [2025-04-30T03:04:30.346+0000] {dag.py:4180} INFO - Setting next_dagrun for dataset_s3_bucket_consumer to None, run_after=None
[2025-04-30T03:04:30.350+0000] {logging_mixin.py:190} INFO - [2025-04-30T03:04:30.350+0000] {dag.py:4180} INFO - Setting next_dagrun for dataset_s3_bucket_producer to None, run_after=None
[2025-04-30T03:04:30.458+0000] {processor.py:208} INFO - Processing /home/airflow/.local/lib/python3.12/site-packages/airflow/example_dags/example_dataset_alias.py took 2.967 seconds
[2025-04-30T03:05:01.086+0000] {processor.py:186} INFO - Started process (PID=158) to work on /home/airflow/.local/lib/python3.12/site-packages/airflow/example_dags/example_dataset_alias.py
[2025-04-30T03:05:01.101+0000] {processor.py:914} INFO - Processing file /home/airflow/.local/lib/python3.12/site-packages/airflow/example_dags/example_dataset_alias.py for tasks to queue
[2025-04-30T03:05:01.118+0000] {logging_mixin.py:190} INFO - [2025-04-30T03:05:01.117+0000] {dagbag.py:588} INFO - Filling up the DagBag from /home/airflow/.local/lib/python3.12/site-packages/airflow/example_dags/example_dataset_alias.py
[2025-04-30T03:05:03.927+0000] {processor.py:925} INFO - DAG(s) 'dataset_alias_example_alias_producer', 'dataset_alias_example_alias_consumer', 'dataset_s3_bucket_producer', 'dataset_s3_bucket_consumer' retrieved from /home/airflow/.local/lib/python3.12/site-packages/airflow/example_dags/example_dataset_alias.py
[2025-04-30T03:05:03.990+0000] {logging_mixin.py:190} INFO - [2025-04-30T03:05:03.989+0000] {dag.py:3239} INFO - Sync 4 DAGs
[2025-04-30T03:05:04.059+0000] {logging_mixin.py:190} INFO - [2025-04-30T03:05:04.057+0000] {dag.py:4180} INFO - Setting next_dagrun for dataset_alias_example_alias_consumer to None, run_after=None
[2025-04-30T03:05:04.068+0000] {logging_mixin.py:190} INFO - [2025-04-30T03:05:04.068+0000] {dag.py:4180} INFO - Setting next_dagrun for dataset_alias_example_alias_producer to None, run_after=None
[2025-04-30T03:05:04.073+0000] {logging_mixin.py:190} INFO - [2025-04-30T03:05:04.072+0000] {dag.py:4180} INFO - Setting next_dagrun for dataset_s3_bucket_consumer to None, run_after=None
[2025-04-30T03:05:04.076+0000] {logging_mixin.py:190} INFO - [2025-04-30T03:05:04.076+0000] {dag.py:4180} INFO - Setting next_dagrun for dataset_s3_bucket_producer to None, run_after=None
[2025-04-30T03:05:04.143+0000] {processor.py:208} INFO - Processing /home/airflow/.local/lib/python3.12/site-packages/airflow/example_dags/example_dataset_alias.py took 3.092 seconds
[2025-04-30T03:05:34.854+0000] {processor.py:186} INFO - Started process (PID=227) to work on /home/airflow/.local/lib/python3.12/site-packages/airflow/example_dags/example_dataset_alias.py
[2025-04-30T03:05:34.855+0000] {processor.py:914} INFO - Processing file /home/airflow/.local/lib/python3.12/site-packages/airflow/example_dags/example_dataset_alias.py for tasks to queue
[2025-04-30T03:05:34.858+0000] {logging_mixin.py:190} INFO - [2025-04-30T03:05:34.858+0000] {dagbag.py:588} INFO - Filling up the DagBag from /home/airflow/.local/lib/python3.12/site-packages/airflow/example_dags/example_dataset_alias.py
[2025-04-30T03:05:36.355+0000] {processor.py:925} INFO - DAG(s) 'dataset_alias_example_alias_consumer', 'dataset_s3_bucket_consumer', 'dataset_alias_example_alias_producer', 'dataset_s3_bucket_producer' retrieved from /home/airflow/.local/lib/python3.12/site-packages/airflow/example_dags/example_dataset_alias.py
[2025-04-30T03:05:36.408+0000] {logging_mixin.py:190} INFO - [2025-04-30T03:05:36.407+0000] {dag.py:3239} INFO - Sync 4 DAGs
[2025-04-30T03:05:36.479+0000] {logging_mixin.py:190} INFO - [2025-04-30T03:05:36.479+0000] {dag.py:4180} INFO - Setting next_dagrun for dataset_alias_example_alias_consumer to None, run_after=None
[2025-04-30T03:05:36.486+0000] {logging_mixin.py:190} INFO - [2025-04-30T03:05:36.485+0000] {dag.py:4180} INFO - Setting next_dagrun for dataset_alias_example_alias_producer to None, run_after=None
[2025-04-30T03:05:36.495+0000] {logging_mixin.py:190} INFO - [2025-04-30T03:05:36.495+0000] {dag.py:4180} INFO - Setting next_dagrun for dataset_s3_bucket_consumer to None, run_after=None
[2025-04-30T03:05:36.499+0000] {logging_mixin.py:190} INFO - [2025-04-30T03:05:36.499+0000] {dag.py:4180} INFO - Setting next_dagrun for dataset_s3_bucket_producer to None, run_after=None
[2025-04-30T03:05:36.557+0000] {processor.py:208} INFO - Processing /home/airflow/.local/lib/python3.12/site-packages/airflow/example_dags/example_dataset_alias.py took 1.710 seconds
[2025-04-30T03:06:07.429+0000] {processor.py:186} INFO - Started process (PID=295) to work on /home/airflow/.local/lib/python3.12/site-packages/airflow/example_dags/example_dataset_alias.py
[2025-04-30T03:06:07.431+0000] {processor.py:914} INFO - Processing file /home/airflow/.local/lib/python3.12/site-packages/airflow/example_dags/example_dataset_alias.py for tasks to queue
[2025-04-30T03:06:07.437+0000] {logging_mixin.py:190} INFO - [2025-04-30T03:06:07.436+0000] {dagbag.py:588} INFO - Filling up the DagBag from /home/airflow/.local/lib/python3.12/site-packages/airflow/example_dags/example_dataset_alias.py
[2025-04-30T03:06:09.097+0000] {processor.py:925} INFO - DAG(s) 'dataset_s3_bucket_consumer', 'dataset_alias_example_alias_producer', 'dataset_alias_example_alias_consumer', 'dataset_s3_bucket_producer' retrieved from /home/airflow/.local/lib/python3.12/site-packages/airflow/example_dags/example_dataset_alias.py
[2025-04-30T03:06:09.154+0000] {logging_mixin.py:190} INFO - [2025-04-30T03:06:09.152+0000] {dag.py:3239} INFO - Sync 4 DAGs
[2025-04-30T03:06:09.213+0000] {logging_mixin.py:190} INFO - [2025-04-30T03:06:09.212+0000] {dag.py:4180} INFO - Setting next_dagrun for dataset_alias_example_alias_consumer to None, run_after=None
[2025-04-30T03:06:09.220+0000] {logging_mixin.py:190} INFO - [2025-04-30T03:06:09.220+0000] {dag.py:4180} INFO - Setting next_dagrun for dataset_alias_example_alias_producer to None, run_after=None
[2025-04-30T03:06:09.224+0000] {logging_mixin.py:190} INFO - [2025-04-30T03:06:09.224+0000] {dag.py:4180} INFO - Setting next_dagrun for dataset_s3_bucket_consumer to None, run_after=None
[2025-04-30T03:06:09.227+0000] {logging_mixin.py:190} INFO - [2025-04-30T03:06:09.227+0000] {dag.py:4180} INFO - Setting next_dagrun for dataset_s3_bucket_producer to None, run_after=None
[2025-04-30T03:06:09.335+0000] {processor.py:208} INFO - Processing /home/airflow/.local/lib/python3.12/site-packages/airflow/example_dags/example_dataset_alias.py took 1.918 seconds
[2025-04-30T03:06:39.449+0000] {processor.py:186} INFO - Started process (PID=363) to work on /home/airflow/.local/lib/python3.12/site-packages/airflow/example_dags/example_dataset_alias.py
[2025-04-30T03:06:39.451+0000] {processor.py:914} INFO - Processing file /home/airflow/.local/lib/python3.12/site-packages/airflow/example_dags/example_dataset_alias.py for tasks to queue
[2025-04-30T03:06:39.454+0000] {logging_mixin.py:190} INFO - [2025-04-30T03:06:39.454+0000] {dagbag.py:588} INFO - Filling up the DagBag from /home/airflow/.local/lib/python3.12/site-packages/airflow/example_dags/example_dataset_alias.py
[2025-04-30T03:06:40.856+0000] {processor.py:925} INFO - DAG(s) 'dataset_alias_example_alias_producer', 'dataset_s3_bucket_consumer', 'dataset_s3_bucket_producer', 'dataset_alias_example_alias_consumer' retrieved from /home/airflow/.local/lib/python3.12/site-packages/airflow/example_dags/example_dataset_alias.py
[2025-04-30T03:06:40.905+0000] {logging_mixin.py:190} INFO - [2025-04-30T03:06:40.904+0000] {dag.py:3239} INFO - Sync 4 DAGs
[2025-04-30T03:06:40.970+0000] {logging_mixin.py:190} INFO - [2025-04-30T03:06:40.970+0000] {dag.py:4180} INFO - Setting next_dagrun for dataset_alias_example_alias_consumer to None, run_after=None
[2025-04-30T03:06:40.979+0000] {logging_mixin.py:190} INFO - [2025-04-30T03:06:40.979+0000] {dag.py:4180} INFO - Setting next_dagrun for dataset_alias_example_alias_producer to None, run_after=None
[2025-04-30T03:06:40.983+0000] {logging_mixin.py:190} INFO - [2025-04-30T03:06:40.982+0000] {dag.py:4180} INFO - Setting next_dagrun for dataset_s3_bucket_consumer to None, run_after=None
[2025-04-30T03:06:40.986+0000] {logging_mixin.py:190} INFO - [2025-04-30T03:06:40.986+0000] {dag.py:4180} INFO - Setting next_dagrun for dataset_s3_bucket_producer to None, run_after=None
[2025-04-30T03:06:41.077+0000] {processor.py:208} INFO - Processing /home/airflow/.local/lib/python3.12/site-packages/airflow/example_dags/example_dataset_alias.py took 1.638 seconds
[2025-04-30T03:07:11.307+0000] {processor.py:186} INFO - Started process (PID=429) to work on /home/airflow/.local/lib/python3.12/site-packages/airflow/example_dags/example_dataset_alias.py
[2025-04-30T03:07:11.309+0000] {processor.py:914} INFO - Processing file /home/airflow/.local/lib/python3.12/site-packages/airflow/example_dags/example_dataset_alias.py for tasks to queue
[2025-04-30T03:07:11.313+0000] {logging_mixin.py:190} INFO - [2025-04-30T03:07:11.312+0000] {dagbag.py:588} INFO - Filling up the DagBag from /home/airflow/.local/lib/python3.12/site-packages/airflow/example_dags/example_dataset_alias.py
[2025-04-30T03:07:12.341+0000] {processor.py:925} INFO - DAG(s) 'dataset_s3_bucket_producer', 'dataset_s3_bucket_consumer', 'dataset_alias_example_alias_consumer', 'dataset_alias_example_alias_producer' retrieved from /home/airflow/.local/lib/python3.12/site-packages/airflow/example_dags/example_dataset_alias.py
[2025-04-30T03:07:12.384+0000] {logging_mixin.py:190} INFO - [2025-04-30T03:07:12.383+0000] {dag.py:3239} INFO - Sync 4 DAGs
[2025-04-30T03:07:12.430+0000] {logging_mixin.py:190} INFO - [2025-04-30T03:07:12.430+0000] {dag.py:4180} INFO - Setting next_dagrun for dataset_alias_example_alias_consumer to None, run_after=None
[2025-04-30T03:07:12.435+0000] {logging_mixin.py:190} INFO - [2025-04-30T03:07:12.435+0000] {dag.py:4180} INFO - Setting next_dagrun for dataset_alias_example_alias_producer to None, run_after=None
[2025-04-30T03:07:12.439+0000] {logging_mixin.py:190} INFO - [2025-04-30T03:07:12.439+0000] {dag.py:4180} INFO - Setting next_dagrun for dataset_s3_bucket_consumer to None, run_after=None
[2025-04-30T03:07:12.443+0000] {logging_mixin.py:190} INFO - [2025-04-30T03:07:12.443+0000] {dag.py:4180} INFO - Setting next_dagrun for dataset_s3_bucket_producer to None, run_after=None
[2025-04-30T03:07:12.486+0000] {processor.py:208} INFO - Processing /home/airflow/.local/lib/python3.12/site-packages/airflow/example_dags/example_dataset_alias.py took 1.188 seconds
[2025-04-30T03:07:42.818+0000] {processor.py:186} INFO - Started process (PID=499) to work on /home/airflow/.local/lib/python3.12/site-packages/airflow/example_dags/example_dataset_alias.py
[2025-04-30T03:07:42.824+0000] {processor.py:914} INFO - Processing file /home/airflow/.local/lib/python3.12/site-packages/airflow/example_dags/example_dataset_alias.py for tasks to queue
[2025-04-30T03:07:42.830+0000] {logging_mixin.py:190} INFO - [2025-04-30T03:07:42.830+0000] {dagbag.py:588} INFO - Filling up the DagBag from /home/airflow/.local/lib/python3.12/site-packages/airflow/example_dags/example_dataset_alias.py
[2025-04-30T03:07:44.118+0000] {processor.py:925} INFO - DAG(s) 'dataset_s3_bucket_producer', 'dataset_alias_example_alias_consumer', 'dataset_alias_example_alias_producer', 'dataset_s3_bucket_consumer' retrieved from /home/airflow/.local/lib/python3.12/site-packages/airflow/example_dags/example_dataset_alias.py
[2025-04-30T03:07:44.178+0000] {logging_mixin.py:190} INFO - [2025-04-30T03:07:44.177+0000] {dag.py:3239} INFO - Sync 4 DAGs
[2025-04-30T03:07:44.251+0000] {logging_mixin.py:190} INFO - [2025-04-30T03:07:44.251+0000] {dag.py:4180} INFO - Setting next_dagrun for dataset_alias_example_alias_consumer to None, run_after=None
[2025-04-30T03:07:44.265+0000] {logging_mixin.py:190} INFO - [2025-04-30T03:07:44.264+0000] {dag.py:4180} INFO - Setting next_dagrun for dataset_alias_example_alias_producer to None, run_after=None
[2025-04-30T03:07:44.277+0000] {logging_mixin.py:190} INFO - [2025-04-30T03:07:44.269+0000] {dag.py:4180} INFO - Setting next_dagrun for dataset_s3_bucket_consumer to None, run_after=None
[2025-04-30T03:07:44.282+0000] {logging_mixin.py:190} INFO - [2025-04-30T03:07:44.281+0000] {dag.py:4180} INFO - Setting next_dagrun for dataset_s3_bucket_producer to None, run_after=None
[2025-04-30T03:07:44.355+0000] {processor.py:208} INFO - Processing /home/airflow/.local/lib/python3.12/site-packages/airflow/example_dags/example_dataset_alias.py took 1.546 seconds
[2025-04-30T03:08:14.721+0000] {processor.py:186} INFO - Started process (PID=568) to work on /home/airflow/.local/lib/python3.12/site-packages/airflow/example_dags/example_dataset_alias.py
[2025-04-30T03:08:14.723+0000] {processor.py:914} INFO - Processing file /home/airflow/.local/lib/python3.12/site-packages/airflow/example_dags/example_dataset_alias.py for tasks to queue
[2025-04-30T03:08:14.728+0000] {logging_mixin.py:190} INFO - [2025-04-30T03:08:14.727+0000] {dagbag.py:588} INFO - Filling up the DagBag from /home/airflow/.local/lib/python3.12/site-packages/airflow/example_dags/example_dataset_alias.py
[2025-04-30T03:08:16.550+0000] {processor.py:925} INFO - DAG(s) 'dataset_alias_example_alias_producer', 'dataset_alias_example_alias_consumer', 'dataset_s3_bucket_consumer', 'dataset_s3_bucket_producer' retrieved from /home/airflow/.local/lib/python3.12/site-packages/airflow/example_dags/example_dataset_alias.py
[2025-04-30T03:08:16.604+0000] {logging_mixin.py:190} INFO - [2025-04-30T03:08:16.603+0000] {dag.py:3239} INFO - Sync 4 DAGs
[2025-04-30T03:08:16.678+0000] {logging_mixin.py:190} INFO - [2025-04-30T03:08:16.677+0000] {dag.py:4180} INFO - Setting next_dagrun for dataset_alias_example_alias_consumer to None, run_after=None
[2025-04-30T03:08:16.685+0000] {logging_mixin.py:190} INFO - [2025-04-30T03:08:16.685+0000] {dag.py:4180} INFO - Setting next_dagrun for dataset_alias_example_alias_producer to None, run_after=None
[2025-04-30T03:08:16.691+0000] {logging_mixin.py:190} INFO - [2025-04-30T03:08:16.691+0000] {dag.py:4180} INFO - Setting next_dagrun for dataset_s3_bucket_consumer to None, run_after=None
[2025-04-30T03:08:16.695+0000] {logging_mixin.py:190} INFO - [2025-04-30T03:08:16.695+0000] {dag.py:4180} INFO - Setting next_dagrun for dataset_s3_bucket_producer to None, run_after=None
[2025-04-30T03:08:16.746+0000] {processor.py:208} INFO - Processing /home/airflow/.local/lib/python3.12/site-packages/airflow/example_dags/example_dataset_alias.py took 2.038 seconds
[2025-04-30T03:08:46.978+0000] {processor.py:186} INFO - Started process (PID=637) to work on /home/airflow/.local/lib/python3.12/site-packages/airflow/example_dags/example_dataset_alias.py
[2025-04-30T03:08:46.981+0000] {processor.py:914} INFO - Processing file /home/airflow/.local/lib/python3.12/site-packages/airflow/example_dags/example_dataset_alias.py for tasks to queue
[2025-04-30T03:08:46.989+0000] {logging_mixin.py:190} INFO - [2025-04-30T03:08:46.988+0000] {dagbag.py:588} INFO - Filling up the DagBag from /home/airflow/.local/lib/python3.12/site-packages/airflow/example_dags/example_dataset_alias.py
[2025-04-30T03:08:48.959+0000] {processor.py:925} INFO - DAG(s) 'dataset_s3_bucket_producer', 'dataset_alias_example_alias_consumer', 'dataset_alias_example_alias_producer', 'dataset_s3_bucket_consumer' retrieved from /home/airflow/.local/lib/python3.12/site-packages/airflow/example_dags/example_dataset_alias.py
[2025-04-30T03:08:49.004+0000] {logging_mixin.py:190} INFO - [2025-04-30T03:08:49.003+0000] {dag.py:3239} INFO - Sync 4 DAGs
[2025-04-30T03:08:49.076+0000] {logging_mixin.py:190} INFO - [2025-04-30T03:08:49.076+0000] {dag.py:4180} INFO - Setting next_dagrun for dataset_alias_example_alias_consumer to None, run_after=None
[2025-04-30T03:08:49.082+0000] {logging_mixin.py:190} INFO - [2025-04-30T03:08:49.082+0000] {dag.py:4180} INFO - Setting next_dagrun for dataset_alias_example_alias_producer to None, run_after=None
[2025-04-30T03:08:49.086+0000] {logging_mixin.py:190} INFO - [2025-04-30T03:08:49.086+0000] {dag.py:4180} INFO - Setting next_dagrun for dataset_s3_bucket_consumer to None, run_after=None
[2025-04-30T03:08:49.089+0000] {logging_mixin.py:190} INFO - [2025-04-30T03:08:49.089+0000] {dag.py:4180} INFO - Setting next_dagrun for dataset_s3_bucket_producer to None, run_after=None
[2025-04-30T03:08:49.140+0000] {processor.py:208} INFO - Processing /home/airflow/.local/lib/python3.12/site-packages/airflow/example_dags/example_dataset_alias.py took 2.180 seconds
[2025-04-30T03:09:20.043+0000] {processor.py:186} INFO - Started process (PID=710) to work on /home/airflow/.local/lib/python3.12/site-packages/airflow/example_dags/example_dataset_alias.py
[2025-04-30T03:09:20.044+0000] {processor.py:914} INFO - Processing file /home/airflow/.local/lib/python3.12/site-packages/airflow/example_dags/example_dataset_alias.py for tasks to queue
[2025-04-30T03:09:20.047+0000] {logging_mixin.py:190} INFO - [2025-04-30T03:09:20.047+0000] {dagbag.py:588} INFO - Filling up the DagBag from /home/airflow/.local/lib/python3.12/site-packages/airflow/example_dags/example_dataset_alias.py
[2025-04-30T03:09:20.902+0000] {processor.py:925} INFO - DAG(s) 'dataset_alias_example_alias_producer', 'dataset_s3_bucket_consumer', 'dataset_alias_example_alias_consumer', 'dataset_s3_bucket_producer' retrieved from /home/airflow/.local/lib/python3.12/site-packages/airflow/example_dags/example_dataset_alias.py
[2025-04-30T03:09:20.940+0000] {logging_mixin.py:190} INFO - [2025-04-30T03:09:20.939+0000] {dag.py:3239} INFO - Sync 4 DAGs
[2025-04-30T03:09:20.979+0000] {logging_mixin.py:190} INFO - [2025-04-30T03:09:20.978+0000] {dag.py:4180} INFO - Setting next_dagrun for dataset_alias_example_alias_consumer to None, run_after=None
[2025-04-30T03:09:20.985+0000] {logging_mixin.py:190} INFO - [2025-04-30T03:09:20.984+0000] {dag.py:4180} INFO - Setting next_dagrun for dataset_alias_example_alias_producer to None, run_after=None
[2025-04-30T03:09:20.988+0000] {logging_mixin.py:190} INFO - [2025-04-30T03:09:20.987+0000] {dag.py:4180} INFO - Setting next_dagrun for dataset_s3_bucket_consumer to None, run_after=None
[2025-04-30T03:09:20.990+0000] {logging_mixin.py:190} INFO - [2025-04-30T03:09:20.990+0000] {dag.py:4180} INFO - Setting next_dagrun for dataset_s3_bucket_producer to None, run_after=None
[2025-04-30T03:09:21.038+0000] {processor.py:208} INFO - Processing /home/airflow/.local/lib/python3.12/site-packages/airflow/example_dags/example_dataset_alias.py took 1.002 seconds
[2025-04-30T03:09:51.483+0000] {processor.py:186} INFO - Started process (PID=774) to work on /home/airflow/.local/lib/python3.12/site-packages/airflow/example_dags/example_dataset_alias.py
[2025-04-30T03:09:51.485+0000] {processor.py:914} INFO - Processing file /home/airflow/.local/lib/python3.12/site-packages/airflow/example_dags/example_dataset_alias.py for tasks to queue
[2025-04-30T03:09:51.490+0000] {logging_mixin.py:190} INFO - [2025-04-30T03:09:51.490+0000] {dagbag.py:588} INFO - Filling up the DagBag from /home/airflow/.local/lib/python3.12/site-packages/airflow/example_dags/example_dataset_alias.py
[2025-04-30T03:09:52.856+0000] {processor.py:925} INFO - DAG(s) 'dataset_s3_bucket_producer', 'dataset_alias_example_alias_producer', 'dataset_alias_example_alias_consumer', 'dataset_s3_bucket_consumer' retrieved from /home/airflow/.local/lib/python3.12/site-packages/airflow/example_dags/example_dataset_alias.py
[2025-04-30T03:09:52.904+0000] {logging_mixin.py:190} INFO - [2025-04-30T03:09:52.903+0000] {dag.py:3239} INFO - Sync 4 DAGs
[2025-04-30T03:09:52.953+0000] {logging_mixin.py:190} INFO - [2025-04-30T03:09:52.952+0000] {dag.py:4180} INFO - Setting next_dagrun for dataset_alias_example_alias_consumer to None, run_after=None
[2025-04-30T03:09:52.959+0000] {logging_mixin.py:190} INFO - [2025-04-30T03:09:52.958+0000] {dag.py:4180} INFO - Setting next_dagrun for dataset_alias_example_alias_producer to None, run_after=None
[2025-04-30T03:09:52.962+0000] {logging_mixin.py:190} INFO - [2025-04-30T03:09:52.962+0000] {dag.py:4180} INFO - Setting next_dagrun for dataset_s3_bucket_consumer to None, run_after=None
[2025-04-30T03:09:52.965+0000] {logging_mixin.py:190} INFO - [2025-04-30T03:09:52.965+0000] {dag.py:4180} INFO - Setting next_dagrun for dataset_s3_bucket_producer to None, run_after=None
[2025-04-30T03:09:53.032+0000] {processor.py:208} INFO - Processing /home/airflow/.local/lib/python3.12/site-packages/airflow/example_dags/example_dataset_alias.py took 1.562 seconds
[2025-04-30T03:10:23.834+0000] {processor.py:186} INFO - Started process (PID=838) to work on /home/airflow/.local/lib/python3.12/site-packages/airflow/example_dags/example_dataset_alias.py
[2025-04-30T03:10:23.835+0000] {processor.py:914} INFO - Processing file /home/airflow/.local/lib/python3.12/site-packages/airflow/example_dags/example_dataset_alias.py for tasks to queue
[2025-04-30T03:10:23.839+0000] {logging_mixin.py:190} INFO - [2025-04-30T03:10:23.838+0000] {dagbag.py:588} INFO - Filling up the DagBag from /home/airflow/.local/lib/python3.12/site-packages/airflow/example_dags/example_dataset_alias.py
[2025-04-30T03:10:24.757+0000] {processor.py:925} INFO - DAG(s) 'dataset_alias_example_alias_producer', 'dataset_s3_bucket_producer', 'dataset_alias_example_alias_consumer', 'dataset_s3_bucket_consumer' retrieved from /home/airflow/.local/lib/python3.12/site-packages/airflow/example_dags/example_dataset_alias.py
[2025-04-30T03:10:24.793+0000] {logging_mixin.py:190} INFO - [2025-04-30T03:10:24.792+0000] {dag.py:3239} INFO - Sync 4 DAGs
[2025-04-30T03:10:24.883+0000] {logging_mixin.py:190} INFO - [2025-04-30T03:10:24.883+0000] {dag.py:4180} INFO - Setting next_dagrun for dataset_alias_example_alias_consumer to None, run_after=None
[2025-04-30T03:10:24.897+0000] {logging_mixin.py:190} INFO - [2025-04-30T03:10:24.890+0000] {dag.py:4180} INFO - Setting next_dagrun for dataset_alias_example_alias_producer to None, run_after=None
[2025-04-30T03:10:24.923+0000] {logging_mixin.py:190} INFO - [2025-04-30T03:10:24.922+0000] {dag.py:4180} INFO - Setting next_dagrun for dataset_s3_bucket_consumer to None, run_after=None
[2025-04-30T03:10:24.940+0000] {logging_mixin.py:190} INFO - [2025-04-30T03:10:24.940+0000] {dag.py:4180} INFO - Setting next_dagrun for dataset_s3_bucket_producer to None, run_after=None
[2025-04-30T03:10:25.007+0000] {processor.py:208} INFO - Processing /home/airflow/.local/lib/python3.12/site-packages/airflow/example_dags/example_dataset_alias.py took 1.180 seconds
[2025-04-30T03:11:00.114+0000] {processor.py:186} INFO - Started process (PID=895) to work on /home/airflow/.local/lib/python3.12/site-packages/airflow/example_dags/example_dataset_alias.py
[2025-04-30T03:11:00.121+0000] {processor.py:914} INFO - Processing file /home/airflow/.local/lib/python3.12/site-packages/airflow/example_dags/example_dataset_alias.py for tasks to queue
[2025-04-30T03:11:00.131+0000] {logging_mixin.py:190} INFO - [2025-04-30T03:11:00.130+0000] {dagbag.py:588} INFO - Filling up the DagBag from /home/airflow/.local/lib/python3.12/site-packages/airflow/example_dags/example_dataset_alias.py
[2025-04-30T03:11:02.395+0000] {processor.py:925} INFO - DAG(s) 'dataset_alias_example_alias_producer', 'dataset_s3_bucket_consumer', 'dataset_s3_bucket_producer', 'dataset_alias_example_alias_consumer' retrieved from /home/airflow/.local/lib/python3.12/site-packages/airflow/example_dags/example_dataset_alias.py
[2025-04-30T03:11:02.454+0000] {logging_mixin.py:190} INFO - [2025-04-30T03:11:02.452+0000] {dag.py:3239} INFO - Sync 4 DAGs
[2025-04-30T03:11:02.516+0000] {logging_mixin.py:190} INFO - [2025-04-30T03:11:02.515+0000] {dag.py:4180} INFO - Setting next_dagrun for dataset_alias_example_alias_consumer to None, run_after=None
[2025-04-30T03:11:02.524+0000] {logging_mixin.py:190} INFO - [2025-04-30T03:11:02.523+0000] {dag.py:4180} INFO - Setting next_dagrun for dataset_alias_example_alias_producer to None, run_after=None
[2025-04-30T03:11:02.529+0000] {logging_mixin.py:190} INFO - [2025-04-30T03:11:02.528+0000] {dag.py:4180} INFO - Setting next_dagrun for dataset_s3_bucket_consumer to None, run_after=None
[2025-04-30T03:11:02.534+0000] {logging_mixin.py:190} INFO - [2025-04-30T03:11:02.532+0000] {dag.py:4180} INFO - Setting next_dagrun for dataset_s3_bucket_producer to None, run_after=None
[2025-04-30T03:11:02.603+0000] {processor.py:208} INFO - Processing /home/airflow/.local/lib/python3.12/site-packages/airflow/example_dags/example_dataset_alias.py took 2.509 seconds
[2025-04-30T03:11:33.029+0000] {processor.py:186} INFO - Started process (PID=965) to work on /home/airflow/.local/lib/python3.12/site-packages/airflow/example_dags/example_dataset_alias.py
[2025-04-30T03:11:33.031+0000] {processor.py:914} INFO - Processing file /home/airflow/.local/lib/python3.12/site-packages/airflow/example_dags/example_dataset_alias.py for tasks to queue
[2025-04-30T03:11:33.040+0000] {logging_mixin.py:190} INFO - [2025-04-30T03:11:33.039+0000] {dagbag.py:588} INFO - Filling up the DagBag from /home/airflow/.local/lib/python3.12/site-packages/airflow/example_dags/example_dataset_alias.py
[2025-04-30T03:11:34.476+0000] {processor.py:925} INFO - DAG(s) 'dataset_s3_bucket_consumer', 'dataset_s3_bucket_producer', 'dataset_alias_example_alias_producer', 'dataset_alias_example_alias_consumer' retrieved from /home/airflow/.local/lib/python3.12/site-packages/airflow/example_dags/example_dataset_alias.py
[2025-04-30T03:11:34.523+0000] {logging_mixin.py:190} INFO - [2025-04-30T03:11:34.522+0000] {dag.py:3239} INFO - Sync 4 DAGs
[2025-04-30T03:11:34.580+0000] {logging_mixin.py:190} INFO - [2025-04-30T03:11:34.580+0000] {dag.py:4180} INFO - Setting next_dagrun for dataset_alias_example_alias_consumer to None, run_after=None
[2025-04-30T03:11:34.586+0000] {logging_mixin.py:190} INFO - [2025-04-30T03:11:34.585+0000] {dag.py:4180} INFO - Setting next_dagrun for dataset_alias_example_alias_producer to None, run_after=None
[2025-04-30T03:11:34.590+0000] {logging_mixin.py:190} INFO - [2025-04-30T03:11:34.589+0000] {dag.py:4180} INFO - Setting next_dagrun for dataset_s3_bucket_consumer to None, run_after=None
[2025-04-30T03:11:34.593+0000] {logging_mixin.py:190} INFO - [2025-04-30T03:11:34.592+0000] {dag.py:4180} INFO - Setting next_dagrun for dataset_s3_bucket_producer to None, run_after=None
[2025-04-30T03:11:34.635+0000] {processor.py:208} INFO - Processing /home/airflow/.local/lib/python3.12/site-packages/airflow/example_dags/example_dataset_alias.py took 1.619 seconds
[2025-04-30T03:12:04.724+0000] {processor.py:186} INFO - Started process (PID=1034) to work on /home/airflow/.local/lib/python3.12/site-packages/airflow/example_dags/example_dataset_alias.py
[2025-04-30T03:12:04.725+0000] {processor.py:914} INFO - Processing file /home/airflow/.local/lib/python3.12/site-packages/airflow/example_dags/example_dataset_alias.py for tasks to queue
[2025-04-30T03:12:04.728+0000] {logging_mixin.py:190} INFO - [2025-04-30T03:12:04.728+0000] {dagbag.py:588} INFO - Filling up the DagBag from /home/airflow/.local/lib/python3.12/site-packages/airflow/example_dags/example_dataset_alias.py
[2025-04-30T03:12:06.172+0000] {processor.py:925} INFO - DAG(s) 'dataset_alias_example_alias_producer', 'dataset_s3_bucket_consumer', 'dataset_s3_bucket_producer', 'dataset_alias_example_alias_consumer' retrieved from /home/airflow/.local/lib/python3.12/site-packages/airflow/example_dags/example_dataset_alias.py
[2025-04-30T03:12:06.268+0000] {logging_mixin.py:190} INFO - [2025-04-30T03:12:06.266+0000] {dag.py:3239} INFO - Sync 4 DAGs
[2025-04-30T03:12:06.349+0000] {logging_mixin.py:190} INFO - [2025-04-30T03:12:06.348+0000] {dag.py:4180} INFO - Setting next_dagrun for dataset_alias_example_alias_consumer to None, run_after=None
[2025-04-30T03:12:06.357+0000] {logging_mixin.py:190} INFO - [2025-04-30T03:12:06.357+0000] {dag.py:4180} INFO - Setting next_dagrun for dataset_alias_example_alias_producer to None, run_after=None
[2025-04-30T03:12:06.369+0000] {logging_mixin.py:190} INFO - [2025-04-30T03:12:06.368+0000] {dag.py:4180} INFO - Setting next_dagrun for dataset_s3_bucket_consumer to None, run_after=None
[2025-04-30T03:12:06.374+0000] {logging_mixin.py:190} INFO - [2025-04-30T03:12:06.374+0000] {dag.py:4180} INFO - Setting next_dagrun for dataset_s3_bucket_producer to None, run_after=None
[2025-04-30T03:12:06.459+0000] {processor.py:208} INFO - Processing /home/airflow/.local/lib/python3.12/site-packages/airflow/example_dags/example_dataset_alias.py took 1.743 seconds
[2025-04-30T03:12:36.802+0000] {processor.py:186} INFO - Started process (PID=1101) to work on /home/airflow/.local/lib/python3.12/site-packages/airflow/example_dags/example_dataset_alias.py
[2025-04-30T03:12:36.804+0000] {processor.py:914} INFO - Processing file /home/airflow/.local/lib/python3.12/site-packages/airflow/example_dags/example_dataset_alias.py for tasks to queue
[2025-04-30T03:12:36.810+0000] {logging_mixin.py:190} INFO - [2025-04-30T03:12:36.809+0000] {dagbag.py:588} INFO - Filling up the DagBag from /home/airflow/.local/lib/python3.12/site-packages/airflow/example_dags/example_dataset_alias.py
[2025-04-30T03:12:38.253+0000] {processor.py:925} INFO - DAG(s) 'dataset_s3_bucket_consumer', 'dataset_s3_bucket_producer', 'dataset_alias_example_alias_producer', 'dataset_alias_example_alias_consumer' retrieved from /home/airflow/.local/lib/python3.12/site-packages/airflow/example_dags/example_dataset_alias.py
[2025-04-30T03:12:38.302+0000] {logging_mixin.py:190} INFO - [2025-04-30T03:12:38.301+0000] {dag.py:3239} INFO - Sync 4 DAGs
[2025-04-30T03:12:38.337+0000] {logging_mixin.py:190} INFO - [2025-04-30T03:12:38.337+0000] {dag.py:4180} INFO - Setting next_dagrun for dataset_alias_example_alias_consumer to None, run_after=None
[2025-04-30T03:12:38.342+0000] {logging_mixin.py:190} INFO - [2025-04-30T03:12:38.341+0000] {dag.py:4180} INFO - Setting next_dagrun for dataset_alias_example_alias_producer to None, run_after=None
[2025-04-30T03:12:38.347+0000] {logging_mixin.py:190} INFO - [2025-04-30T03:12:38.347+0000] {dag.py:4180} INFO - Setting next_dagrun for dataset_s3_bucket_consumer to None, run_after=None
[2025-04-30T03:12:38.350+0000] {logging_mixin.py:190} INFO - [2025-04-30T03:12:38.349+0000] {dag.py:4180} INFO - Setting next_dagrun for dataset_s3_bucket_producer to None, run_after=None
[2025-04-30T03:12:38.383+0000] {processor.py:208} INFO - Processing /home/airflow/.local/lib/python3.12/site-packages/airflow/example_dags/example_dataset_alias.py took 1.592 seconds
[2025-04-30T03:13:09.239+0000] {processor.py:186} INFO - Started process (PID=1168) to work on /home/airflow/.local/lib/python3.12/site-packages/airflow/example_dags/example_dataset_alias.py
[2025-04-30T03:13:09.290+0000] {processor.py:914} INFO - Processing file /home/airflow/.local/lib/python3.12/site-packages/airflow/example_dags/example_dataset_alias.py for tasks to queue
[2025-04-30T03:13:09.352+0000] {logging_mixin.py:190} INFO - [2025-04-30T03:13:09.351+0000] {dagbag.py:588} INFO - Filling up the DagBag from /home/airflow/.local/lib/python3.12/site-packages/airflow/example_dags/example_dataset_alias.py
[2025-04-30T03:13:13.363+0000] {processor.py:925} INFO - DAG(s) 'dataset_s3_bucket_consumer', 'dataset_alias_example_alias_producer', 'dataset_s3_bucket_producer', 'dataset_alias_example_alias_consumer' retrieved from /home/airflow/.local/lib/python3.12/site-packages/airflow/example_dags/example_dataset_alias.py
[2025-04-30T03:13:13.532+0000] {logging_mixin.py:190} INFO - [2025-04-30T03:13:13.531+0000] {dag.py:3239} INFO - Sync 4 DAGs
[2025-04-30T03:13:13.701+0000] {logging_mixin.py:190} INFO - [2025-04-30T03:13:13.700+0000] {dag.py:4180} INFO - Setting next_dagrun for dataset_alias_example_alias_consumer to None, run_after=None
[2025-04-30T03:13:13.722+0000] {logging_mixin.py:190} INFO - [2025-04-30T03:13:13.721+0000] {dag.py:4180} INFO - Setting next_dagrun for dataset_alias_example_alias_producer to None, run_after=None
[2025-04-30T03:13:13.729+0000] {logging_mixin.py:190} INFO - [2025-04-30T03:13:13.729+0000] {dag.py:4180} INFO - Setting next_dagrun for dataset_s3_bucket_consumer to None, run_after=None
[2025-04-30T03:13:13.733+0000] {logging_mixin.py:190} INFO - [2025-04-30T03:13:13.733+0000] {dag.py:4180} INFO - Setting next_dagrun for dataset_s3_bucket_producer to None, run_after=None
[2025-04-30T03:13:13.847+0000] {processor.py:208} INFO - Processing /home/airflow/.local/lib/python3.12/site-packages/airflow/example_dags/example_dataset_alias.py took 4.658 seconds
[2025-04-30T03:13:44.110+0000] {processor.py:186} INFO - Started process (PID=1235) to work on /home/airflow/.local/lib/python3.12/site-packages/airflow/example_dags/example_dataset_alias.py
[2025-04-30T03:13:44.112+0000] {processor.py:914} INFO - Processing file /home/airflow/.local/lib/python3.12/site-packages/airflow/example_dags/example_dataset_alias.py for tasks to queue
[2025-04-30T03:13:44.115+0000] {logging_mixin.py:190} INFO - [2025-04-30T03:13:44.115+0000] {dagbag.py:588} INFO - Filling up the DagBag from /home/airflow/.local/lib/python3.12/site-packages/airflow/example_dags/example_dataset_alias.py
[2025-04-30T03:13:44.903+0000] {processor.py:925} INFO - DAG(s) 'dataset_s3_bucket_producer', 'dataset_s3_bucket_consumer', 'dataset_alias_example_alias_producer', 'dataset_alias_example_alias_consumer' retrieved from /home/airflow/.local/lib/python3.12/site-packages/airflow/example_dags/example_dataset_alias.py
[2025-04-30T03:13:44.942+0000] {logging_mixin.py:190} INFO - [2025-04-30T03:13:44.941+0000] {dag.py:3239} INFO - Sync 4 DAGs
[2025-04-30T03:13:44.982+0000] {logging_mixin.py:190} INFO - [2025-04-30T03:13:44.981+0000] {dag.py:4180} INFO - Setting next_dagrun for dataset_alias_example_alias_consumer to None, run_after=None
[2025-04-30T03:13:44.986+0000] {logging_mixin.py:190} INFO - [2025-04-30T03:13:44.986+0000] {dag.py:4180} INFO - Setting next_dagrun for dataset_alias_example_alias_producer to None, run_after=None
[2025-04-30T03:13:44.990+0000] {logging_mixin.py:190} INFO - [2025-04-30T03:13:44.990+0000] {dag.py:4180} INFO - Setting next_dagrun for dataset_s3_bucket_consumer to None, run_after=None
[2025-04-30T03:13:44.993+0000] {logging_mixin.py:190} INFO - [2025-04-30T03:13:44.992+0000] {dag.py:4180} INFO - Setting next_dagrun for dataset_s3_bucket_producer to None, run_after=None
[2025-04-30T03:13:45.045+0000] {processor.py:208} INFO - Processing /home/airflow/.local/lib/python3.12/site-packages/airflow/example_dags/example_dataset_alias.py took 0.941 seconds
