[2025-04-30T02:53:38.042+0000] {processor.py:186} INFO - Started process (PID=126) to work on /home/airflow/.local/lib/python3.12/site-packages/airflow/example_dags/tutorial.py
[2025-04-30T02:53:38.058+0000] {processor.py:914} INFO - Processing file /home/airflow/.local/lib/python3.12/site-packages/airflow/example_dags/tutorial.py for tasks to queue
[2025-04-30T02:53:38.101+0000] {logging_mixin.py:190} INFO - [2025-04-30T02:53:38.100+0000] {dagbag.py:588} INFO - Filling up the DagBag from /home/airflow/.local/lib/python3.12/site-packages/airflow/example_dags/tutorial.py
[2025-04-30T02:53:38.189+0000] {processor.py:925} INFO - DAG(s) 'tutorial' retrieved from /home/airflow/.local/lib/python3.12/site-packages/airflow/example_dags/tutorial.py
[2025-04-30T02:53:38.379+0000] {logging_mixin.py:190} INFO - [2025-04-30T02:53:38.378+0000] {dag.py:3239} INFO - Sync 1 DAGs
[2025-04-30T02:53:38.727+0000] {logging_mixin.py:190} INFO - [2025-04-30T02:53:38.726+0000] {dag.py:4180} INFO - Setting next_dagrun for tutorial to 2025-04-29 00:00:00+00:00, run_after=2025-04-30 00:00:00+00:00
[2025-04-30T02:53:38.948+0000] {processor.py:208} INFO - Processing /home/airflow/.local/lib/python3.12/site-packages/airflow/example_dags/tutorial.py took 0.939 seconds
[2025-04-30T02:54:30.449+0000] {processor.py:186} INFO - Started process (PID=197) to work on /home/airflow/.local/lib/python3.12/site-packages/airflow/example_dags/tutorial.py
[2025-04-30T02:54:30.458+0000] {processor.py:914} INFO - Processing file /home/airflow/.local/lib/python3.12/site-packages/airflow/example_dags/tutorial.py for tasks to queue
[2025-04-30T02:54:30.493+0000] {logging_mixin.py:190} INFO - [2025-04-30T02:54:30.492+0000] {dagbag.py:588} INFO - Filling up the DagBag from /home/airflow/.local/lib/python3.12/site-packages/airflow/example_dags/tutorial.py
[2025-04-30T02:54:30.566+0000] {processor.py:925} INFO - DAG(s) 'tutorial' retrieved from /home/airflow/.local/lib/python3.12/site-packages/airflow/example_dags/tutorial.py
[2025-04-30T02:54:30.708+0000] {logging_mixin.py:190} INFO - [2025-04-30T02:54:30.707+0000] {dag.py:3239} INFO - Sync 1 DAGs
[2025-04-30T02:54:30.865+0000] {logging_mixin.py:190} INFO - [2025-04-30T02:54:30.862+0000] {dag.py:4180} INFO - Setting next_dagrun for tutorial to 2025-04-29 00:00:00+00:00, run_after=2025-04-30 00:00:00+00:00
[2025-04-30T02:54:31.068+0000] {processor.py:208} INFO - Processing /home/airflow/.local/lib/python3.12/site-packages/airflow/example_dags/tutorial.py took 0.672 seconds
[2025-04-30T02:55:07.672+0000] {processor.py:186} INFO - Started process (PID=261) to work on /home/airflow/.local/lib/python3.12/site-packages/airflow/example_dags/tutorial.py
[2025-04-30T02:55:07.678+0000] {processor.py:914} INFO - Processing file /home/airflow/.local/lib/python3.12/site-packages/airflow/example_dags/tutorial.py for tasks to queue
[2025-04-30T02:55:07.686+0000] {logging_mixin.py:190} INFO - [2025-04-30T02:55:07.683+0000] {dagbag.py:588} INFO - Filling up the DagBag from /home/airflow/.local/lib/python3.12/site-packages/airflow/example_dags/tutorial.py
[2025-04-30T02:55:07.708+0000] {processor.py:925} INFO - DAG(s) 'tutorial' retrieved from /home/airflow/.local/lib/python3.12/site-packages/airflow/example_dags/tutorial.py
[2025-04-30T02:55:07.759+0000] {logging_mixin.py:190} INFO - [2025-04-30T02:55:07.759+0000] {dag.py:3239} INFO - Sync 1 DAGs
[2025-04-30T02:55:07.927+0000] {logging_mixin.py:190} INFO - [2025-04-30T02:55:07.926+0000] {dag.py:4180} INFO - Setting next_dagrun for tutorial to 2025-04-29 00:00:00+00:00, run_after=2025-04-30 00:00:00+00:00
[2025-04-30T02:55:08.045+0000] {processor.py:208} INFO - Processing /home/airflow/.local/lib/python3.12/site-packages/airflow/example_dags/tutorial.py took 0.389 seconds
[2025-04-30T02:55:45.376+0000] {processor.py:186} INFO - Started process (PID=325) to work on /home/airflow/.local/lib/python3.12/site-packages/airflow/example_dags/tutorial.py
[2025-04-30T02:55:45.379+0000] {processor.py:914} INFO - Processing file /home/airflow/.local/lib/python3.12/site-packages/airflow/example_dags/tutorial.py for tasks to queue
[2025-04-30T02:55:45.407+0000] {logging_mixin.py:190} INFO - [2025-04-30T02:55:45.406+0000] {dagbag.py:588} INFO - Filling up the DagBag from /home/airflow/.local/lib/python3.12/site-packages/airflow/example_dags/tutorial.py
[2025-04-30T02:55:45.447+0000] {processor.py:925} INFO - DAG(s) 'tutorial' retrieved from /home/airflow/.local/lib/python3.12/site-packages/airflow/example_dags/tutorial.py
[2025-04-30T02:55:45.512+0000] {logging_mixin.py:190} INFO - [2025-04-30T02:55:45.508+0000] {dag.py:3239} INFO - Sync 1 DAGs
[2025-04-30T02:55:45.604+0000] {logging_mixin.py:190} INFO - [2025-04-30T02:55:45.603+0000] {dag.py:4180} INFO - Setting next_dagrun for tutorial to 2025-04-29 00:00:00+00:00, run_after=2025-04-30 00:00:00+00:00
[2025-04-30T02:55:45.715+0000] {processor.py:208} INFO - Processing /home/airflow/.local/lib/python3.12/site-packages/airflow/example_dags/tutorial.py took 0.354 seconds
[2025-04-30T02:56:25.560+0000] {processor.py:186} INFO - Started process (PID=392) to work on /home/airflow/.local/lib/python3.12/site-packages/airflow/example_dags/tutorial.py
[2025-04-30T02:56:25.582+0000] {processor.py:914} INFO - Processing file /home/airflow/.local/lib/python3.12/site-packages/airflow/example_dags/tutorial.py for tasks to queue
[2025-04-30T02:56:25.592+0000] {logging_mixin.py:190} INFO - [2025-04-30T02:56:25.591+0000] {dagbag.py:588} INFO - Filling up the DagBag from /home/airflow/.local/lib/python3.12/site-packages/airflow/example_dags/tutorial.py
[2025-04-30T02:56:25.657+0000] {processor.py:925} INFO - DAG(s) 'tutorial' retrieved from /home/airflow/.local/lib/python3.12/site-packages/airflow/example_dags/tutorial.py
[2025-04-30T02:56:25.734+0000] {logging_mixin.py:190} INFO - [2025-04-30T02:56:25.733+0000] {dag.py:3239} INFO - Sync 1 DAGs
[2025-04-30T02:56:25.916+0000] {logging_mixin.py:190} INFO - [2025-04-30T02:56:25.915+0000] {dag.py:4180} INFO - Setting next_dagrun for tutorial to 2025-04-29 00:00:00+00:00, run_after=2025-04-30 00:00:00+00:00
[2025-04-30T02:56:26.141+0000] {processor.py:208} INFO - Processing /home/airflow/.local/lib/python3.12/site-packages/airflow/example_dags/tutorial.py took 0.596 seconds
[2025-04-30T02:56:59.973+0000] {processor.py:186} INFO - Started process (PID=463) to work on /home/airflow/.local/lib/python3.12/site-packages/airflow/example_dags/tutorial.py
[2025-04-30T02:56:59.975+0000] {processor.py:914} INFO - Processing file /home/airflow/.local/lib/python3.12/site-packages/airflow/example_dags/tutorial.py for tasks to queue
[2025-04-30T02:56:59.980+0000] {logging_mixin.py:190} INFO - [2025-04-30T02:56:59.979+0000] {dagbag.py:588} INFO - Filling up the DagBag from /home/airflow/.local/lib/python3.12/site-packages/airflow/example_dags/tutorial.py
[2025-04-30T02:56:59.993+0000] {processor.py:925} INFO - DAG(s) 'tutorial' retrieved from /home/airflow/.local/lib/python3.12/site-packages/airflow/example_dags/tutorial.py
[2025-04-30T02:57:00.048+0000] {logging_mixin.py:190} INFO - [2025-04-30T02:57:00.048+0000] {dag.py:3239} INFO - Sync 1 DAGs
[2025-04-30T02:57:00.115+0000] {logging_mixin.py:190} INFO - [2025-04-30T02:57:00.114+0000] {dag.py:4180} INFO - Setting next_dagrun for tutorial to 2025-04-29 00:00:00+00:00, run_after=2025-04-30 00:00:00+00:00
[2025-04-30T02:57:00.185+0000] {processor.py:208} INFO - Processing /home/airflow/.local/lib/python3.12/site-packages/airflow/example_dags/tutorial.py took 0.220 seconds
[2025-04-30T02:57:31.454+0000] {processor.py:186} INFO - Started process (PID=527) to work on /home/airflow/.local/lib/python3.12/site-packages/airflow/example_dags/tutorial.py
[2025-04-30T02:57:31.456+0000] {processor.py:914} INFO - Processing file /home/airflow/.local/lib/python3.12/site-packages/airflow/example_dags/tutorial.py for tasks to queue
[2025-04-30T02:57:31.460+0000] {logging_mixin.py:190} INFO - [2025-04-30T02:57:31.459+0000] {dagbag.py:588} INFO - Filling up the DagBag from /home/airflow/.local/lib/python3.12/site-packages/airflow/example_dags/tutorial.py
[2025-04-30T02:57:31.476+0000] {processor.py:925} INFO - DAG(s) 'tutorial' retrieved from /home/airflow/.local/lib/python3.12/site-packages/airflow/example_dags/tutorial.py
[2025-04-30T02:57:31.509+0000] {logging_mixin.py:190} INFO - [2025-04-30T02:57:31.509+0000] {dag.py:3239} INFO - Sync 1 DAGs
[2025-04-30T02:57:31.555+0000] {logging_mixin.py:190} INFO - [2025-04-30T02:57:31.555+0000] {dag.py:4180} INFO - Setting next_dagrun for tutorial to 2025-04-29 00:00:00+00:00, run_after=2025-04-30 00:00:00+00:00
[2025-04-30T02:57:31.596+0000] {processor.py:208} INFO - Processing /home/airflow/.local/lib/python3.12/site-packages/airflow/example_dags/tutorial.py took 0.151 seconds
[2025-04-30T02:58:09.329+0000] {processor.py:186} INFO - Started process (PID=593) to work on /home/airflow/.local/lib/python3.12/site-packages/airflow/example_dags/tutorial.py
[2025-04-30T02:58:09.335+0000] {processor.py:914} INFO - Processing file /home/airflow/.local/lib/python3.12/site-packages/airflow/example_dags/tutorial.py for tasks to queue
[2025-04-30T02:58:09.354+0000] {logging_mixin.py:190} INFO - [2025-04-30T02:58:09.352+0000] {dagbag.py:588} INFO - Filling up the DagBag from /home/airflow/.local/lib/python3.12/site-packages/airflow/example_dags/tutorial.py
[2025-04-30T02:58:09.411+0000] {processor.py:925} INFO - DAG(s) 'tutorial' retrieved from /home/airflow/.local/lib/python3.12/site-packages/airflow/example_dags/tutorial.py
[2025-04-30T02:58:09.557+0000] {logging_mixin.py:190} INFO - [2025-04-30T02:58:09.557+0000] {dag.py:3239} INFO - Sync 1 DAGs
[2025-04-30T02:58:09.676+0000] {logging_mixin.py:190} INFO - [2025-04-30T02:58:09.675+0000] {dag.py:4180} INFO - Setting next_dagrun for tutorial to 2025-04-29 00:00:00+00:00, run_after=2025-04-30 00:00:00+00:00
[2025-04-30T02:58:09.839+0000] {processor.py:208} INFO - Processing /home/airflow/.local/lib/python3.12/site-packages/airflow/example_dags/tutorial.py took 0.538 seconds
[2025-04-30T02:58:40.492+0000] {processor.py:186} INFO - Started process (PID=657) to work on /home/airflow/.local/lib/python3.12/site-packages/airflow/example_dags/tutorial.py
[2025-04-30T02:58:40.504+0000] {processor.py:914} INFO - Processing file /home/airflow/.local/lib/python3.12/site-packages/airflow/example_dags/tutorial.py for tasks to queue
[2025-04-30T02:58:40.512+0000] {logging_mixin.py:190} INFO - [2025-04-30T02:58:40.511+0000] {dagbag.py:588} INFO - Filling up the DagBag from /home/airflow/.local/lib/python3.12/site-packages/airflow/example_dags/tutorial.py
[2025-04-30T02:58:40.545+0000] {processor.py:925} INFO - DAG(s) 'tutorial' retrieved from /home/airflow/.local/lib/python3.12/site-packages/airflow/example_dags/tutorial.py
[2025-04-30T02:58:40.594+0000] {logging_mixin.py:190} INFO - [2025-04-30T02:58:40.594+0000] {dag.py:3239} INFO - Sync 1 DAGs
[2025-04-30T02:58:40.664+0000] {logging_mixin.py:190} INFO - [2025-04-30T02:58:40.663+0000] {dag.py:4180} INFO - Setting next_dagrun for tutorial to 2025-04-29 00:00:00+00:00, run_after=2025-04-30 00:00:00+00:00
[2025-04-30T02:58:40.783+0000] {processor.py:208} INFO - Processing /home/airflow/.local/lib/python3.12/site-packages/airflow/example_dags/tutorial.py took 0.304 seconds
[2025-04-30T02:59:11.667+0000] {processor.py:186} INFO - Started process (PID=721) to work on /home/airflow/.local/lib/python3.12/site-packages/airflow/example_dags/tutorial.py
[2025-04-30T02:59:11.669+0000] {processor.py:914} INFO - Processing file /home/airflow/.local/lib/python3.12/site-packages/airflow/example_dags/tutorial.py for tasks to queue
[2025-04-30T02:59:11.673+0000] {logging_mixin.py:190} INFO - [2025-04-30T02:59:11.672+0000] {dagbag.py:588} INFO - Filling up the DagBag from /home/airflow/.local/lib/python3.12/site-packages/airflow/example_dags/tutorial.py
[2025-04-30T02:59:11.693+0000] {processor.py:925} INFO - DAG(s) 'tutorial' retrieved from /home/airflow/.local/lib/python3.12/site-packages/airflow/example_dags/tutorial.py
[2025-04-30T02:59:11.741+0000] {logging_mixin.py:190} INFO - [2025-04-30T02:59:11.741+0000] {dag.py:3239} INFO - Sync 1 DAGs
[2025-04-30T02:59:11.795+0000] {logging_mixin.py:190} INFO - [2025-04-30T02:59:11.794+0000] {dag.py:4180} INFO - Setting next_dagrun for tutorial to 2025-04-29 00:00:00+00:00, run_after=2025-04-30 00:00:00+00:00
[2025-04-30T02:59:11.865+0000] {processor.py:208} INFO - Processing /home/airflow/.local/lib/python3.12/site-packages/airflow/example_dags/tutorial.py took 0.214 seconds
[2025-04-30T02:59:42.067+0000] {processor.py:186} INFO - Started process (PID=786) to work on /home/airflow/.local/lib/python3.12/site-packages/airflow/example_dags/tutorial.py
[2025-04-30T02:59:42.069+0000] {processor.py:914} INFO - Processing file /home/airflow/.local/lib/python3.12/site-packages/airflow/example_dags/tutorial.py for tasks to queue
[2025-04-30T02:59:42.074+0000] {logging_mixin.py:190} INFO - [2025-04-30T02:59:42.073+0000] {dagbag.py:588} INFO - Filling up the DagBag from /home/airflow/.local/lib/python3.12/site-packages/airflow/example_dags/tutorial.py
[2025-04-30T02:59:42.092+0000] {processor.py:925} INFO - DAG(s) 'tutorial' retrieved from /home/airflow/.local/lib/python3.12/site-packages/airflow/example_dags/tutorial.py
[2025-04-30T02:59:42.135+0000] {logging_mixin.py:190} INFO - [2025-04-30T02:59:42.134+0000] {dag.py:3239} INFO - Sync 1 DAGs
[2025-04-30T02:59:42.237+0000] {logging_mixin.py:190} INFO - [2025-04-30T02:59:42.237+0000] {dag.py:4180} INFO - Setting next_dagrun for tutorial to 2025-04-29 00:00:00+00:00, run_after=2025-04-30 00:00:00+00:00
[2025-04-30T02:59:42.312+0000] {processor.py:208} INFO - Processing /home/airflow/.local/lib/python3.12/site-packages/airflow/example_dags/tutorial.py took 0.256 seconds
[2025-04-30T03:00:15.508+0000] {processor.py:186} INFO - Started process (PID=850) to work on /home/airflow/.local/lib/python3.12/site-packages/airflow/example_dags/tutorial.py
[2025-04-30T03:00:15.510+0000] {processor.py:914} INFO - Processing file /home/airflow/.local/lib/python3.12/site-packages/airflow/example_dags/tutorial.py for tasks to queue
[2025-04-30T03:00:15.516+0000] {logging_mixin.py:190} INFO - [2025-04-30T03:00:15.515+0000] {dagbag.py:588} INFO - Filling up the DagBag from /home/airflow/.local/lib/python3.12/site-packages/airflow/example_dags/tutorial.py
[2025-04-30T03:00:15.539+0000] {processor.py:925} INFO - DAG(s) 'tutorial' retrieved from /home/airflow/.local/lib/python3.12/site-packages/airflow/example_dags/tutorial.py
[2025-04-30T03:00:15.607+0000] {logging_mixin.py:190} INFO - [2025-04-30T03:00:15.606+0000] {dag.py:3239} INFO - Sync 1 DAGs
[2025-04-30T03:00:15.690+0000] {logging_mixin.py:190} INFO - [2025-04-30T03:00:15.690+0000] {dag.py:4180} INFO - Setting next_dagrun for tutorial to 2025-04-29 00:00:00+00:00, run_after=2025-04-30 00:00:00+00:00
[2025-04-30T03:00:15.754+0000] {processor.py:208} INFO - Processing /home/airflow/.local/lib/python3.12/site-packages/airflow/example_dags/tutorial.py took 0.260 seconds
[2025-04-30T03:00:48.441+0000] {processor.py:186} INFO - Started process (PID=914) to work on /home/airflow/.local/lib/python3.12/site-packages/airflow/example_dags/tutorial.py
[2025-04-30T03:00:48.443+0000] {processor.py:914} INFO - Processing file /home/airflow/.local/lib/python3.12/site-packages/airflow/example_dags/tutorial.py for tasks to queue
[2025-04-30T03:00:48.447+0000] {logging_mixin.py:190} INFO - [2025-04-30T03:00:48.447+0000] {dagbag.py:588} INFO - Filling up the DagBag from /home/airflow/.local/lib/python3.12/site-packages/airflow/example_dags/tutorial.py
[2025-04-30T03:00:48.465+0000] {processor.py:925} INFO - DAG(s) 'tutorial' retrieved from /home/airflow/.local/lib/python3.12/site-packages/airflow/example_dags/tutorial.py
[2025-04-30T03:00:48.530+0000] {logging_mixin.py:190} INFO - [2025-04-30T03:00:48.526+0000] {dag.py:3239} INFO - Sync 1 DAGs
[2025-04-30T03:00:48.602+0000] {logging_mixin.py:190} INFO - [2025-04-30T03:00:48.601+0000] {dag.py:4180} INFO - Setting next_dagrun for tutorial to 2025-04-29 00:00:00+00:00, run_after=2025-04-30 00:00:00+00:00
[2025-04-30T03:00:48.657+0000] {processor.py:208} INFO - Processing /home/airflow/.local/lib/python3.12/site-packages/airflow/example_dags/tutorial.py took 0.232 seconds
[2025-04-30T03:01:19.869+0000] {processor.py:186} INFO - Started process (PID=978) to work on /home/airflow/.local/lib/python3.12/site-packages/airflow/example_dags/tutorial.py
[2025-04-30T03:01:19.873+0000] {processor.py:914} INFO - Processing file /home/airflow/.local/lib/python3.12/site-packages/airflow/example_dags/tutorial.py for tasks to queue
[2025-04-30T03:01:19.878+0000] {logging_mixin.py:190} INFO - [2025-04-30T03:01:19.877+0000] {dagbag.py:588} INFO - Filling up the DagBag from /home/airflow/.local/lib/python3.12/site-packages/airflow/example_dags/tutorial.py
[2025-04-30T03:01:19.904+0000] {processor.py:925} INFO - DAG(s) 'tutorial' retrieved from /home/airflow/.local/lib/python3.12/site-packages/airflow/example_dags/tutorial.py
[2025-04-30T03:01:19.950+0000] {logging_mixin.py:190} INFO - [2025-04-30T03:01:19.949+0000] {dag.py:3239} INFO - Sync 1 DAGs
[2025-04-30T03:01:20.035+0000] {logging_mixin.py:190} INFO - [2025-04-30T03:01:20.035+0000] {dag.py:4180} INFO - Setting next_dagrun for tutorial to 2025-04-29 00:00:00+00:00, run_after=2025-04-30 00:00:00+00:00
[2025-04-30T03:01:20.099+0000] {processor.py:208} INFO - Processing /home/airflow/.local/lib/python3.12/site-packages/airflow/example_dags/tutorial.py took 0.244 seconds
[2025-04-30T03:04:33.400+0000] {processor.py:186} INFO - Started process (PID=107) to work on /home/airflow/.local/lib/python3.12/site-packages/airflow/example_dags/tutorial.py
[2025-04-30T03:04:33.404+0000] {processor.py:914} INFO - Processing file /home/airflow/.local/lib/python3.12/site-packages/airflow/example_dags/tutorial.py for tasks to queue
[2025-04-30T03:04:33.411+0000] {logging_mixin.py:190} INFO - [2025-04-30T03:04:33.410+0000] {dagbag.py:588} INFO - Filling up the DagBag from /home/airflow/.local/lib/python3.12/site-packages/airflow/example_dags/tutorial.py
[2025-04-30T03:04:33.437+0000] {processor.py:925} INFO - DAG(s) 'tutorial' retrieved from /home/airflow/.local/lib/python3.12/site-packages/airflow/example_dags/tutorial.py
[2025-04-30T03:04:33.500+0000] {logging_mixin.py:190} INFO - [2025-04-30T03:04:33.498+0000] {dag.py:3239} INFO - Sync 1 DAGs
[2025-04-30T03:04:33.571+0000] {logging_mixin.py:190} INFO - [2025-04-30T03:04:33.570+0000] {dag.py:4180} INFO - Setting next_dagrun for tutorial to 2025-04-29 00:00:00+00:00, run_after=2025-04-30 00:00:00+00:00
[2025-04-30T03:04:33.632+0000] {processor.py:208} INFO - Processing /home/airflow/.local/lib/python3.12/site-packages/airflow/example_dags/tutorial.py took 0.245 seconds
[2025-04-30T03:05:05.862+0000] {processor.py:186} INFO - Started process (PID=171) to work on /home/airflow/.local/lib/python3.12/site-packages/airflow/example_dags/tutorial.py
[2025-04-30T03:05:05.866+0000] {processor.py:914} INFO - Processing file /home/airflow/.local/lib/python3.12/site-packages/airflow/example_dags/tutorial.py for tasks to queue
[2025-04-30T03:05:05.884+0000] {logging_mixin.py:190} INFO - [2025-04-30T03:05:05.883+0000] {dagbag.py:588} INFO - Filling up the DagBag from /home/airflow/.local/lib/python3.12/site-packages/airflow/example_dags/tutorial.py
[2025-04-30T03:05:05.910+0000] {processor.py:925} INFO - DAG(s) 'tutorial' retrieved from /home/airflow/.local/lib/python3.12/site-packages/airflow/example_dags/tutorial.py
[2025-04-30T03:05:05.998+0000] {logging_mixin.py:190} INFO - [2025-04-30T03:05:05.997+0000] {dag.py:3239} INFO - Sync 1 DAGs
[2025-04-30T03:05:06.073+0000] {logging_mixin.py:190} INFO - [2025-04-30T03:05:06.073+0000] {dag.py:4180} INFO - Setting next_dagrun for tutorial to 2025-04-29 00:00:00+00:00, run_after=2025-04-30 00:00:00+00:00
[2025-04-30T03:05:06.161+0000] {processor.py:208} INFO - Processing /home/airflow/.local/lib/python3.12/site-packages/airflow/example_dags/tutorial.py took 0.323 seconds
[2025-04-30T03:05:36.895+0000] {processor.py:186} INFO - Started process (PID=235) to work on /home/airflow/.local/lib/python3.12/site-packages/airflow/example_dags/tutorial.py
[2025-04-30T03:05:36.896+0000] {processor.py:914} INFO - Processing file /home/airflow/.local/lib/python3.12/site-packages/airflow/example_dags/tutorial.py for tasks to queue
[2025-04-30T03:05:36.901+0000] {logging_mixin.py:190} INFO - [2025-04-30T03:05:36.901+0000] {dagbag.py:588} INFO - Filling up the DagBag from /home/airflow/.local/lib/python3.12/site-packages/airflow/example_dags/tutorial.py
[2025-04-30T03:05:36.934+0000] {processor.py:925} INFO - DAG(s) 'tutorial' retrieved from /home/airflow/.local/lib/python3.12/site-packages/airflow/example_dags/tutorial.py
[2025-04-30T03:05:37.035+0000] {logging_mixin.py:190} INFO - [2025-04-30T03:05:37.022+0000] {dag.py:3239} INFO - Sync 1 DAGs
[2025-04-30T03:05:37.255+0000] {logging_mixin.py:190} INFO - [2025-04-30T03:05:37.254+0000] {dag.py:4180} INFO - Setting next_dagrun for tutorial to 2025-04-29 00:00:00+00:00, run_after=2025-04-30 00:00:00+00:00
[2025-04-30T03:05:37.316+0000] {processor.py:208} INFO - Processing /home/airflow/.local/lib/python3.12/site-packages/airflow/example_dags/tutorial.py took 0.435 seconds
[2025-04-30T03:06:08.107+0000] {processor.py:186} INFO - Started process (PID=299) to work on /home/airflow/.local/lib/python3.12/site-packages/airflow/example_dags/tutorial.py
[2025-04-30T03:06:08.109+0000] {processor.py:914} INFO - Processing file /home/airflow/.local/lib/python3.12/site-packages/airflow/example_dags/tutorial.py for tasks to queue
[2025-04-30T03:06:08.114+0000] {logging_mixin.py:190} INFO - [2025-04-30T03:06:08.113+0000] {dagbag.py:588} INFO - Filling up the DagBag from /home/airflow/.local/lib/python3.12/site-packages/airflow/example_dags/tutorial.py
[2025-04-30T03:06:08.135+0000] {processor.py:925} INFO - DAG(s) 'tutorial' retrieved from /home/airflow/.local/lib/python3.12/site-packages/airflow/example_dags/tutorial.py
[2025-04-30T03:06:08.184+0000] {logging_mixin.py:190} INFO - [2025-04-30T03:06:08.184+0000] {dag.py:3239} INFO - Sync 1 DAGs
[2025-04-30T03:06:08.342+0000] {logging_mixin.py:190} INFO - [2025-04-30T03:06:08.341+0000] {dag.py:4180} INFO - Setting next_dagrun for tutorial to 2025-04-29 00:00:00+00:00, run_after=2025-04-30 00:00:00+00:00
[2025-04-30T03:06:08.495+0000] {processor.py:208} INFO - Processing /home/airflow/.local/lib/python3.12/site-packages/airflow/example_dags/tutorial.py took 0.399 seconds
[2025-04-30T03:06:39.238+0000] {processor.py:186} INFO - Started process (PID=362) to work on /home/airflow/.local/lib/python3.12/site-packages/airflow/example_dags/tutorial.py
[2025-04-30T03:06:39.240+0000] {processor.py:914} INFO - Processing file /home/airflow/.local/lib/python3.12/site-packages/airflow/example_dags/tutorial.py for tasks to queue
[2025-04-30T03:06:39.246+0000] {logging_mixin.py:190} INFO - [2025-04-30T03:06:39.245+0000] {dagbag.py:588} INFO - Filling up the DagBag from /home/airflow/.local/lib/python3.12/site-packages/airflow/example_dags/tutorial.py
[2025-04-30T03:06:39.261+0000] {processor.py:925} INFO - DAG(s) 'tutorial' retrieved from /home/airflow/.local/lib/python3.12/site-packages/airflow/example_dags/tutorial.py
[2025-04-30T03:06:39.293+0000] {logging_mixin.py:190} INFO - [2025-04-30T03:06:39.292+0000] {dag.py:3239} INFO - Sync 1 DAGs
[2025-04-30T03:06:39.339+0000] {logging_mixin.py:190} INFO - [2025-04-30T03:06:39.339+0000] {dag.py:4180} INFO - Setting next_dagrun for tutorial to 2025-04-29 00:00:00+00:00, run_after=2025-04-30 00:00:00+00:00
[2025-04-30T03:06:39.376+0000] {processor.py:208} INFO - Processing /home/airflow/.local/lib/python3.12/site-packages/airflow/example_dags/tutorial.py took 0.145 seconds
[2025-04-30T03:07:09.853+0000] {processor.py:186} INFO - Started process (PID=426) to work on /home/airflow/.local/lib/python3.12/site-packages/airflow/example_dags/tutorial.py
[2025-04-30T03:07:09.854+0000] {processor.py:914} INFO - Processing file /home/airflow/.local/lib/python3.12/site-packages/airflow/example_dags/tutorial.py for tasks to queue
[2025-04-30T03:07:09.859+0000] {logging_mixin.py:190} INFO - [2025-04-30T03:07:09.858+0000] {dagbag.py:588} INFO - Filling up the DagBag from /home/airflow/.local/lib/python3.12/site-packages/airflow/example_dags/tutorial.py
[2025-04-30T03:07:09.874+0000] {processor.py:925} INFO - DAG(s) 'tutorial' retrieved from /home/airflow/.local/lib/python3.12/site-packages/airflow/example_dags/tutorial.py
[2025-04-30T03:07:09.946+0000] {logging_mixin.py:190} INFO - [2025-04-30T03:07:09.945+0000] {dag.py:3239} INFO - Sync 1 DAGs
[2025-04-30T03:07:09.997+0000] {logging_mixin.py:190} INFO - [2025-04-30T03:07:09.997+0000] {dag.py:4180} INFO - Setting next_dagrun for tutorial to 2025-04-29 00:00:00+00:00, run_after=2025-04-30 00:00:00+00:00
[2025-04-30T03:07:10.028+0000] {processor.py:208} INFO - Processing /home/airflow/.local/lib/python3.12/site-packages/airflow/example_dags/tutorial.py took 0.184 seconds
[2025-04-30T03:07:41.142+0000] {processor.py:186} INFO - Started process (PID=491) to work on /home/airflow/.local/lib/python3.12/site-packages/airflow/example_dags/tutorial.py
[2025-04-30T03:07:41.144+0000] {processor.py:914} INFO - Processing file /home/airflow/.local/lib/python3.12/site-packages/airflow/example_dags/tutorial.py for tasks to queue
[2025-04-30T03:07:41.150+0000] {logging_mixin.py:190} INFO - [2025-04-30T03:07:41.149+0000] {dagbag.py:588} INFO - Filling up the DagBag from /home/airflow/.local/lib/python3.12/site-packages/airflow/example_dags/tutorial.py
[2025-04-30T03:07:41.170+0000] {processor.py:925} INFO - DAG(s) 'tutorial' retrieved from /home/airflow/.local/lib/python3.12/site-packages/airflow/example_dags/tutorial.py
[2025-04-30T03:07:41.221+0000] {logging_mixin.py:190} INFO - [2025-04-30T03:07:41.220+0000] {dag.py:3239} INFO - Sync 1 DAGs
[2025-04-30T03:07:41.276+0000] {logging_mixin.py:190} INFO - [2025-04-30T03:07:41.276+0000] {dag.py:4180} INFO - Setting next_dagrun for tutorial to 2025-04-29 00:00:00+00:00, run_after=2025-04-30 00:00:00+00:00
[2025-04-30T03:07:41.315+0000] {processor.py:208} INFO - Processing /home/airflow/.local/lib/python3.12/site-packages/airflow/example_dags/tutorial.py took 0.184 seconds
[2025-04-30T03:08:12.544+0000] {processor.py:186} INFO - Started process (PID=555) to work on /home/airflow/.local/lib/python3.12/site-packages/airflow/example_dags/tutorial.py
[2025-04-30T03:08:12.547+0000] {processor.py:914} INFO - Processing file /home/airflow/.local/lib/python3.12/site-packages/airflow/example_dags/tutorial.py for tasks to queue
[2025-04-30T03:08:12.554+0000] {logging_mixin.py:190} INFO - [2025-04-30T03:08:12.553+0000] {dagbag.py:588} INFO - Filling up the DagBag from /home/airflow/.local/lib/python3.12/site-packages/airflow/example_dags/tutorial.py
[2025-04-30T03:08:12.573+0000] {processor.py:925} INFO - DAG(s) 'tutorial' retrieved from /home/airflow/.local/lib/python3.12/site-packages/airflow/example_dags/tutorial.py
[2025-04-30T03:08:12.609+0000] {logging_mixin.py:190} INFO - [2025-04-30T03:08:12.609+0000] {dag.py:3239} INFO - Sync 1 DAGs
[2025-04-30T03:08:12.672+0000] {logging_mixin.py:190} INFO - [2025-04-30T03:08:12.672+0000] {dag.py:4180} INFO - Setting next_dagrun for tutorial to 2025-04-29 00:00:00+00:00, run_after=2025-04-30 00:00:00+00:00
[2025-04-30T03:08:12.711+0000] {processor.py:208} INFO - Processing /home/airflow/.local/lib/python3.12/site-packages/airflow/example_dags/tutorial.py took 0.176 seconds
[2025-04-30T03:08:43.820+0000] {processor.py:186} INFO - Started process (PID=619) to work on /home/airflow/.local/lib/python3.12/site-packages/airflow/example_dags/tutorial.py
[2025-04-30T03:08:43.821+0000] {processor.py:914} INFO - Processing file /home/airflow/.local/lib/python3.12/site-packages/airflow/example_dags/tutorial.py for tasks to queue
[2025-04-30T03:08:43.826+0000] {logging_mixin.py:190} INFO - [2025-04-30T03:08:43.826+0000] {dagbag.py:588} INFO - Filling up the DagBag from /home/airflow/.local/lib/python3.12/site-packages/airflow/example_dags/tutorial.py
[2025-04-30T03:08:43.841+0000] {processor.py:925} INFO - DAG(s) 'tutorial' retrieved from /home/airflow/.local/lib/python3.12/site-packages/airflow/example_dags/tutorial.py
[2025-04-30T03:08:43.876+0000] {logging_mixin.py:190} INFO - [2025-04-30T03:08:43.876+0000] {dag.py:3239} INFO - Sync 1 DAGs
[2025-04-30T03:08:43.926+0000] {logging_mixin.py:190} INFO - [2025-04-30T03:08:43.925+0000] {dag.py:4180} INFO - Setting next_dagrun for tutorial to 2025-04-29 00:00:00+00:00, run_after=2025-04-30 00:00:00+00:00
[2025-04-30T03:08:43.967+0000] {processor.py:208} INFO - Processing /home/airflow/.local/lib/python3.12/site-packages/airflow/example_dags/tutorial.py took 0.158 seconds
[2025-04-30T03:09:15.087+0000] {processor.py:186} INFO - Started process (PID=683) to work on /home/airflow/.local/lib/python3.12/site-packages/airflow/example_dags/tutorial.py
[2025-04-30T03:09:15.088+0000] {processor.py:914} INFO - Processing file /home/airflow/.local/lib/python3.12/site-packages/airflow/example_dags/tutorial.py for tasks to queue
[2025-04-30T03:09:15.092+0000] {logging_mixin.py:190} INFO - [2025-04-30T03:09:15.092+0000] {dagbag.py:588} INFO - Filling up the DagBag from /home/airflow/.local/lib/python3.12/site-packages/airflow/example_dags/tutorial.py
[2025-04-30T03:09:15.108+0000] {processor.py:925} INFO - DAG(s) 'tutorial' retrieved from /home/airflow/.local/lib/python3.12/site-packages/airflow/example_dags/tutorial.py
[2025-04-30T03:09:15.139+0000] {logging_mixin.py:190} INFO - [2025-04-30T03:09:15.139+0000] {dag.py:3239} INFO - Sync 1 DAGs
[2025-04-30T03:09:15.181+0000] {logging_mixin.py:190} INFO - [2025-04-30T03:09:15.181+0000] {dag.py:4180} INFO - Setting next_dagrun for tutorial to 2025-04-29 00:00:00+00:00, run_after=2025-04-30 00:00:00+00:00
[2025-04-30T03:09:15.217+0000] {processor.py:208} INFO - Processing /home/airflow/.local/lib/python3.12/site-packages/airflow/example_dags/tutorial.py took 0.141 seconds
[2025-04-30T03:09:46.896+0000] {processor.py:186} INFO - Started process (PID=748) to work on /home/airflow/.local/lib/python3.12/site-packages/airflow/example_dags/tutorial.py
[2025-04-30T03:09:46.898+0000] {processor.py:914} INFO - Processing file /home/airflow/.local/lib/python3.12/site-packages/airflow/example_dags/tutorial.py for tasks to queue
[2025-04-30T03:09:46.901+0000] {logging_mixin.py:190} INFO - [2025-04-30T03:09:46.901+0000] {dagbag.py:588} INFO - Filling up the DagBag from /home/airflow/.local/lib/python3.12/site-packages/airflow/example_dags/tutorial.py
[2025-04-30T03:09:46.917+0000] {processor.py:925} INFO - DAG(s) 'tutorial' retrieved from /home/airflow/.local/lib/python3.12/site-packages/airflow/example_dags/tutorial.py
[2025-04-30T03:09:46.957+0000] {logging_mixin.py:190} INFO - [2025-04-30T03:09:46.956+0000] {dag.py:3239} INFO - Sync 1 DAGs
[2025-04-30T03:09:47.009+0000] {logging_mixin.py:190} INFO - [2025-04-30T03:09:47.008+0000] {dag.py:4180} INFO - Setting next_dagrun for tutorial to 2025-04-29 00:00:00+00:00, run_after=2025-04-30 00:00:00+00:00
[2025-04-30T03:09:47.045+0000] {processor.py:208} INFO - Processing /home/airflow/.local/lib/python3.12/site-packages/airflow/example_dags/tutorial.py took 0.158 seconds
[2025-04-30T03:10:19.639+0000] {processor.py:186} INFO - Started process (PID=818) to work on /home/airflow/.local/lib/python3.12/site-packages/airflow/example_dags/tutorial.py
[2025-04-30T03:10:19.641+0000] {processor.py:914} INFO - Processing file /home/airflow/.local/lib/python3.12/site-packages/airflow/example_dags/tutorial.py for tasks to queue
[2025-04-30T03:10:19.645+0000] {logging_mixin.py:190} INFO - [2025-04-30T03:10:19.645+0000] {dagbag.py:588} INFO - Filling up the DagBag from /home/airflow/.local/lib/python3.12/site-packages/airflow/example_dags/tutorial.py
[2025-04-30T03:10:19.660+0000] {processor.py:925} INFO - DAG(s) 'tutorial' retrieved from /home/airflow/.local/lib/python3.12/site-packages/airflow/example_dags/tutorial.py
[2025-04-30T03:10:19.698+0000] {logging_mixin.py:190} INFO - [2025-04-30T03:10:19.697+0000] {dag.py:3239} INFO - Sync 1 DAGs
[2025-04-30T03:10:19.737+0000] {logging_mixin.py:190} INFO - [2025-04-30T03:10:19.737+0000] {dag.py:4180} INFO - Setting next_dagrun for tutorial to 2025-04-29 00:00:00+00:00, run_after=2025-04-30 00:00:00+00:00
[2025-04-30T03:10:19.772+0000] {processor.py:208} INFO - Processing /home/airflow/.local/lib/python3.12/site-packages/airflow/example_dags/tutorial.py took 0.145 seconds
[2025-04-30T03:10:56.056+0000] {processor.py:186} INFO - Started process (PID=882) to work on /home/airflow/.local/lib/python3.12/site-packages/airflow/example_dags/tutorial.py
[2025-04-30T03:10:56.059+0000] {processor.py:914} INFO - Processing file /home/airflow/.local/lib/python3.12/site-packages/airflow/example_dags/tutorial.py for tasks to queue
[2025-04-30T03:10:56.064+0000] {logging_mixin.py:190} INFO - [2025-04-30T03:10:56.063+0000] {dagbag.py:588} INFO - Filling up the DagBag from /home/airflow/.local/lib/python3.12/site-packages/airflow/example_dags/tutorial.py
[2025-04-30T03:10:56.093+0000] {processor.py:925} INFO - DAG(s) 'tutorial' retrieved from /home/airflow/.local/lib/python3.12/site-packages/airflow/example_dags/tutorial.py
[2025-04-30T03:10:56.136+0000] {logging_mixin.py:190} INFO - [2025-04-30T03:10:56.136+0000] {dag.py:3239} INFO - Sync 1 DAGs
[2025-04-30T03:10:56.212+0000] {logging_mixin.py:190} INFO - [2025-04-30T03:10:56.212+0000] {dag.py:4180} INFO - Setting next_dagrun for tutorial to 2025-04-29 00:00:00+00:00, run_after=2025-04-30 00:00:00+00:00
[2025-04-30T03:10:56.263+0000] {processor.py:208} INFO - Processing /home/airflow/.local/lib/python3.12/site-packages/airflow/example_dags/tutorial.py took 0.225 seconds
[2025-04-30T03:11:26.405+0000] {processor.py:186} INFO - Started process (PID=947) to work on /home/airflow/.local/lib/python3.12/site-packages/airflow/example_dags/tutorial.py
[2025-04-30T03:11:26.407+0000] {processor.py:914} INFO - Processing file /home/airflow/.local/lib/python3.12/site-packages/airflow/example_dags/tutorial.py for tasks to queue
[2025-04-30T03:11:26.410+0000] {logging_mixin.py:190} INFO - [2025-04-30T03:11:26.410+0000] {dagbag.py:588} INFO - Filling up the DagBag from /home/airflow/.local/lib/python3.12/site-packages/airflow/example_dags/tutorial.py
[2025-04-30T03:11:26.422+0000] {processor.py:925} INFO - DAG(s) 'tutorial' retrieved from /home/airflow/.local/lib/python3.12/site-packages/airflow/example_dags/tutorial.py
[2025-04-30T03:11:26.457+0000] {logging_mixin.py:190} INFO - [2025-04-30T03:11:26.457+0000] {dag.py:3239} INFO - Sync 1 DAGs
[2025-04-30T03:11:26.501+0000] {logging_mixin.py:190} INFO - [2025-04-30T03:11:26.501+0000] {dag.py:4180} INFO - Setting next_dagrun for tutorial to 2025-04-29 00:00:00+00:00, run_after=2025-04-30 00:00:00+00:00
[2025-04-30T03:11:26.533+0000] {processor.py:208} INFO - Processing /home/airflow/.local/lib/python3.12/site-packages/airflow/example_dags/tutorial.py took 0.136 seconds
[2025-04-30T03:11:57.883+0000] {processor.py:186} INFO - Started process (PID=1011) to work on /home/airflow/.local/lib/python3.12/site-packages/airflow/example_dags/tutorial.py
[2025-04-30T03:11:57.884+0000] {processor.py:914} INFO - Processing file /home/airflow/.local/lib/python3.12/site-packages/airflow/example_dags/tutorial.py for tasks to queue
[2025-04-30T03:11:57.889+0000] {logging_mixin.py:190} INFO - [2025-04-30T03:11:57.888+0000] {dagbag.py:588} INFO - Filling up the DagBag from /home/airflow/.local/lib/python3.12/site-packages/airflow/example_dags/tutorial.py
[2025-04-30T03:11:57.904+0000] {processor.py:925} INFO - DAG(s) 'tutorial' retrieved from /home/airflow/.local/lib/python3.12/site-packages/airflow/example_dags/tutorial.py
[2025-04-30T03:11:57.949+0000] {logging_mixin.py:190} INFO - [2025-04-30T03:11:57.948+0000] {dag.py:3239} INFO - Sync 1 DAGs
[2025-04-30T03:11:57.996+0000] {logging_mixin.py:190} INFO - [2025-04-30T03:11:57.996+0000] {dag.py:4180} INFO - Setting next_dagrun for tutorial to 2025-04-29 00:00:00+00:00, run_after=2025-04-30 00:00:00+00:00
[2025-04-30T03:11:58.050+0000] {processor.py:208} INFO - Processing /home/airflow/.local/lib/python3.12/site-packages/airflow/example_dags/tutorial.py took 0.176 seconds
[2025-04-30T03:12:31.242+0000] {processor.py:186} INFO - Started process (PID=1076) to work on /home/airflow/.local/lib/python3.12/site-packages/airflow/example_dags/tutorial.py
[2025-04-30T03:12:31.244+0000] {processor.py:914} INFO - Processing file /home/airflow/.local/lib/python3.12/site-packages/airflow/example_dags/tutorial.py for tasks to queue
[2025-04-30T03:12:31.250+0000] {logging_mixin.py:190} INFO - [2025-04-30T03:12:31.249+0000] {dagbag.py:588} INFO - Filling up the DagBag from /home/airflow/.local/lib/python3.12/site-packages/airflow/example_dags/tutorial.py
[2025-04-30T03:12:31.270+0000] {processor.py:925} INFO - DAG(s) 'tutorial' retrieved from /home/airflow/.local/lib/python3.12/site-packages/airflow/example_dags/tutorial.py
[2025-04-30T03:12:31.323+0000] {logging_mixin.py:190} INFO - [2025-04-30T03:12:31.323+0000] {dag.py:3239} INFO - Sync 1 DAGs
[2025-04-30T03:12:31.421+0000] {logging_mixin.py:190} INFO - [2025-04-30T03:12:31.420+0000] {dag.py:4180} INFO - Setting next_dagrun for tutorial to 2025-04-29 00:00:00+00:00, run_after=2025-04-30 00:00:00+00:00
[2025-04-30T03:12:31.471+0000] {processor.py:208} INFO - Processing /home/airflow/.local/lib/python3.12/site-packages/airflow/example_dags/tutorial.py took 0.242 seconds
[2025-04-30T03:13:01.948+0000] {processor.py:186} INFO - Started process (PID=1140) to work on /home/airflow/.local/lib/python3.12/site-packages/airflow/example_dags/tutorial.py
[2025-04-30T03:13:01.949+0000] {processor.py:914} INFO - Processing file /home/airflow/.local/lib/python3.12/site-packages/airflow/example_dags/tutorial.py for tasks to queue
[2025-04-30T03:13:01.953+0000] {logging_mixin.py:190} INFO - [2025-04-30T03:13:01.952+0000] {dagbag.py:588} INFO - Filling up the DagBag from /home/airflow/.local/lib/python3.12/site-packages/airflow/example_dags/tutorial.py
[2025-04-30T03:13:01.965+0000] {processor.py:925} INFO - DAG(s) 'tutorial' retrieved from /home/airflow/.local/lib/python3.12/site-packages/airflow/example_dags/tutorial.py
[2025-04-30T03:13:01.994+0000] {logging_mixin.py:190} INFO - [2025-04-30T03:13:01.993+0000] {dag.py:3239} INFO - Sync 1 DAGs
[2025-04-30T03:13:02.039+0000] {logging_mixin.py:190} INFO - [2025-04-30T03:13:02.038+0000] {dag.py:4180} INFO - Setting next_dagrun for tutorial to 2025-04-29 00:00:00+00:00, run_after=2025-04-30 00:00:00+00:00
[2025-04-30T03:13:02.075+0000] {processor.py:208} INFO - Processing /home/airflow/.local/lib/python3.12/site-packages/airflow/example_dags/tutorial.py took 0.136 seconds
[2025-04-30T03:13:33.373+0000] {processor.py:186} INFO - Started process (PID=1204) to work on /home/airflow/.local/lib/python3.12/site-packages/airflow/example_dags/tutorial.py
[2025-04-30T03:13:33.375+0000] {processor.py:914} INFO - Processing file /home/airflow/.local/lib/python3.12/site-packages/airflow/example_dags/tutorial.py for tasks to queue
[2025-04-30T03:13:33.380+0000] {logging_mixin.py:190} INFO - [2025-04-30T03:13:33.379+0000] {dagbag.py:588} INFO - Filling up the DagBag from /home/airflow/.local/lib/python3.12/site-packages/airflow/example_dags/tutorial.py
[2025-04-30T03:13:33.394+0000] {processor.py:925} INFO - DAG(s) 'tutorial' retrieved from /home/airflow/.local/lib/python3.12/site-packages/airflow/example_dags/tutorial.py
[2025-04-30T03:13:33.425+0000] {logging_mixin.py:190} INFO - [2025-04-30T03:13:33.425+0000] {dag.py:3239} INFO - Sync 1 DAGs
[2025-04-30T03:13:33.471+0000] {logging_mixin.py:190} INFO - [2025-04-30T03:13:33.470+0000] {dag.py:4180} INFO - Setting next_dagrun for tutorial to 2025-04-29 00:00:00+00:00, run_after=2025-04-30 00:00:00+00:00
[2025-04-30T03:13:33.511+0000] {processor.py:208} INFO - Processing /home/airflow/.local/lib/python3.12/site-packages/airflow/example_dags/tutorial.py took 0.148 seconds
