[2025-04-30T02:53:15.404+0000] {processor.py:186} INFO - Started process (PID=95) to work on /home/airflow/.local/lib/python3.12/site-packages/airflow/example_dags/tutorial_dag.py
[2025-04-30T02:53:15.406+0000] {processor.py:914} INFO - Processing file /home/airflow/.local/lib/python3.12/site-packages/airflow/example_dags/tutorial_dag.py for tasks to queue
[2025-04-30T02:53:15.412+0000] {logging_mixin.py:190} INFO - [2025-04-30T02:53:15.411+0000] {dagbag.py:588} INFO - Filling up the DagBag from /home/airflow/.local/lib/python3.12/site-packages/airflow/example_dags/tutorial_dag.py
[2025-04-30T02:53:15.531+0000] {processor.py:925} INFO - DAG(s) 'tutorial_dag' retrieved from /home/airflow/.local/lib/python3.12/site-packages/airflow/example_dags/tutorial_dag.py
[2025-04-30T02:53:15.779+0000] {logging_mixin.py:190} INFO - [2025-04-30T02:53:15.778+0000] {dag.py:3239} INFO - Sync 1 DAGs
[2025-04-30T02:53:15.875+0000] {logging_mixin.py:190} INFO - [2025-04-30T02:53:15.875+0000] {dag.py:4180} INFO - Setting next_dagrun for tutorial_dag to None, run_after=None
[2025-04-30T02:53:16.072+0000] {processor.py:208} INFO - Processing /home/airflow/.local/lib/python3.12/site-packages/airflow/example_dags/tutorial_dag.py took 0.690 seconds
[2025-04-30T02:54:13.928+0000] {processor.py:186} INFO - Started process (PID=166) to work on /home/airflow/.local/lib/python3.12/site-packages/airflow/example_dags/tutorial_dag.py
[2025-04-30T02:54:13.930+0000] {processor.py:914} INFO - Processing file /home/airflow/.local/lib/python3.12/site-packages/airflow/example_dags/tutorial_dag.py for tasks to queue
[2025-04-30T02:54:13.976+0000] {logging_mixin.py:190} INFO - [2025-04-30T02:54:13.957+0000] {dagbag.py:588} INFO - Filling up the DagBag from /home/airflow/.local/lib/python3.12/site-packages/airflow/example_dags/tutorial_dag.py
[2025-04-30T02:54:14.073+0000] {processor.py:925} INFO - DAG(s) 'tutorial_dag' retrieved from /home/airflow/.local/lib/python3.12/site-packages/airflow/example_dags/tutorial_dag.py
[2025-04-30T02:54:14.131+0000] {logging_mixin.py:190} INFO - [2025-04-30T02:54:14.130+0000] {dag.py:3239} INFO - Sync 1 DAGs
[2025-04-30T02:54:14.230+0000] {logging_mixin.py:190} INFO - [2025-04-30T02:54:14.230+0000] {dag.py:4180} INFO - Setting next_dagrun for tutorial_dag to None, run_after=None
[2025-04-30T02:54:14.396+0000] {processor.py:208} INFO - Processing /home/airflow/.local/lib/python3.12/site-packages/airflow/example_dags/tutorial_dag.py took 0.568 seconds
[2025-04-30T02:54:58.043+0000] {processor.py:186} INFO - Started process (PID=236) to work on /home/airflow/.local/lib/python3.12/site-packages/airflow/example_dags/tutorial_dag.py
[2025-04-30T02:54:58.058+0000] {processor.py:914} INFO - Processing file /home/airflow/.local/lib/python3.12/site-packages/airflow/example_dags/tutorial_dag.py for tasks to queue
[2025-04-30T02:54:58.080+0000] {logging_mixin.py:190} INFO - [2025-04-30T02:54:58.079+0000] {dagbag.py:588} INFO - Filling up the DagBag from /home/airflow/.local/lib/python3.12/site-packages/airflow/example_dags/tutorial_dag.py
[2025-04-30T02:54:58.142+0000] {processor.py:925} INFO - DAG(s) 'tutorial_dag' retrieved from /home/airflow/.local/lib/python3.12/site-packages/airflow/example_dags/tutorial_dag.py
[2025-04-30T02:54:58.332+0000] {logging_mixin.py:190} INFO - [2025-04-30T02:54:58.331+0000] {dag.py:3239} INFO - Sync 1 DAGs
[2025-04-30T02:54:58.387+0000] {logging_mixin.py:190} INFO - [2025-04-30T02:54:58.387+0000] {dag.py:4180} INFO - Setting next_dagrun for tutorial_dag to None, run_after=None
[2025-04-30T02:54:58.484+0000] {processor.py:208} INFO - Processing /home/airflow/.local/lib/python3.12/site-packages/airflow/example_dags/tutorial_dag.py took 0.473 seconds
[2025-04-30T02:55:34.974+0000] {processor.py:186} INFO - Started process (PID=300) to work on /home/airflow/.local/lib/python3.12/site-packages/airflow/example_dags/tutorial_dag.py
[2025-04-30T02:55:34.981+0000] {processor.py:914} INFO - Processing file /home/airflow/.local/lib/python3.12/site-packages/airflow/example_dags/tutorial_dag.py for tasks to queue
[2025-04-30T02:55:35.000+0000] {logging_mixin.py:190} INFO - [2025-04-30T02:55:34.998+0000] {dagbag.py:588} INFO - Filling up the DagBag from /home/airflow/.local/lib/python3.12/site-packages/airflow/example_dags/tutorial_dag.py
[2025-04-30T02:55:35.039+0000] {processor.py:925} INFO - DAG(s) 'tutorial_dag' retrieved from /home/airflow/.local/lib/python3.12/site-packages/airflow/example_dags/tutorial_dag.py
[2025-04-30T02:55:35.145+0000] {logging_mixin.py:190} INFO - [2025-04-30T02:55:35.145+0000] {dag.py:3239} INFO - Sync 1 DAGs
[2025-04-30T02:55:35.238+0000] {logging_mixin.py:190} INFO - [2025-04-30T02:55:35.238+0000] {dag.py:4180} INFO - Setting next_dagrun for tutorial_dag to None, run_after=None
[2025-04-30T02:55:35.344+0000] {processor.py:208} INFO - Processing /home/airflow/.local/lib/python3.12/site-packages/airflow/example_dags/tutorial_dag.py took 0.390 seconds
[2025-04-30T02:56:10.637+0000] {processor.py:186} INFO - Started process (PID=364) to work on /home/airflow/.local/lib/python3.12/site-packages/airflow/example_dags/tutorial_dag.py
[2025-04-30T02:56:10.670+0000] {processor.py:914} INFO - Processing file /home/airflow/.local/lib/python3.12/site-packages/airflow/example_dags/tutorial_dag.py for tasks to queue
[2025-04-30T02:56:10.679+0000] {logging_mixin.py:190} INFO - [2025-04-30T02:56:10.678+0000] {dagbag.py:588} INFO - Filling up the DagBag from /home/airflow/.local/lib/python3.12/site-packages/airflow/example_dags/tutorial_dag.py
[2025-04-30T02:56:10.749+0000] {processor.py:925} INFO - DAG(s) 'tutorial_dag' retrieved from /home/airflow/.local/lib/python3.12/site-packages/airflow/example_dags/tutorial_dag.py
[2025-04-30T02:56:10.962+0000] {logging_mixin.py:190} INFO - [2025-04-30T02:56:10.962+0000] {dag.py:3239} INFO - Sync 1 DAGs
[2025-04-30T02:56:11.087+0000] {logging_mixin.py:190} INFO - [2025-04-30T02:56:11.085+0000] {dag.py:4180} INFO - Setting next_dagrun for tutorial_dag to None, run_after=None
[2025-04-30T02:56:11.272+0000] {processor.py:208} INFO - Processing /home/airflow/.local/lib/python3.12/site-packages/airflow/example_dags/tutorial_dag.py took 0.670 seconds
[2025-04-30T02:56:51.166+0000] {processor.py:186} INFO - Started process (PID=428) to work on /home/airflow/.local/lib/python3.12/site-packages/airflow/example_dags/tutorial_dag.py
[2025-04-30T02:56:51.174+0000] {processor.py:914} INFO - Processing file /home/airflow/.local/lib/python3.12/site-packages/airflow/example_dags/tutorial_dag.py for tasks to queue
[2025-04-30T02:56:51.193+0000] {logging_mixin.py:190} INFO - [2025-04-30T02:56:51.193+0000] {dagbag.py:588} INFO - Filling up the DagBag from /home/airflow/.local/lib/python3.12/site-packages/airflow/example_dags/tutorial_dag.py
[2025-04-30T02:56:51.285+0000] {processor.py:925} INFO - DAG(s) 'tutorial_dag' retrieved from /home/airflow/.local/lib/python3.12/site-packages/airflow/example_dags/tutorial_dag.py
[2025-04-30T02:56:51.436+0000] {logging_mixin.py:190} INFO - [2025-04-30T02:56:51.435+0000] {dag.py:3239} INFO - Sync 1 DAGs
[2025-04-30T02:56:51.543+0000] {logging_mixin.py:190} INFO - [2025-04-30T02:56:51.543+0000] {dag.py:4180} INFO - Setting next_dagrun for tutorial_dag to None, run_after=None
[2025-04-30T02:56:51.886+0000] {processor.py:208} INFO - Processing /home/airflow/.local/lib/python3.12/site-packages/airflow/example_dags/tutorial_dag.py took 0.758 seconds
[2025-04-30T02:57:22.604+0000] {processor.py:186} INFO - Started process (PID=491) to work on /home/airflow/.local/lib/python3.12/site-packages/airflow/example_dags/tutorial_dag.py
[2025-04-30T02:57:22.611+0000] {processor.py:914} INFO - Processing file /home/airflow/.local/lib/python3.12/site-packages/airflow/example_dags/tutorial_dag.py for tasks to queue
[2025-04-30T02:57:22.635+0000] {logging_mixin.py:190} INFO - [2025-04-30T02:57:22.634+0000] {dagbag.py:588} INFO - Filling up the DagBag from /home/airflow/.local/lib/python3.12/site-packages/airflow/example_dags/tutorial_dag.py
[2025-04-30T02:57:22.683+0000] {processor.py:925} INFO - DAG(s) 'tutorial_dag' retrieved from /home/airflow/.local/lib/python3.12/site-packages/airflow/example_dags/tutorial_dag.py
[2025-04-30T02:57:22.782+0000] {logging_mixin.py:190} INFO - [2025-04-30T02:57:22.781+0000] {dag.py:3239} INFO - Sync 1 DAGs
[2025-04-30T02:57:22.827+0000] {logging_mixin.py:190} INFO - [2025-04-30T02:57:22.827+0000] {dag.py:4180} INFO - Setting next_dagrun for tutorial_dag to None, run_after=None
[2025-04-30T02:57:22.882+0000] {processor.py:208} INFO - Processing /home/airflow/.local/lib/python3.12/site-packages/airflow/example_dags/tutorial_dag.py took 0.309 seconds
[2025-04-30T02:57:53.577+0000] {processor.py:186} INFO - Started process (PID=554) to work on /home/airflow/.local/lib/python3.12/site-packages/airflow/example_dags/tutorial_dag.py
[2025-04-30T02:57:53.580+0000] {processor.py:914} INFO - Processing file /home/airflow/.local/lib/python3.12/site-packages/airflow/example_dags/tutorial_dag.py for tasks to queue
[2025-04-30T02:57:53.584+0000] {logging_mixin.py:190} INFO - [2025-04-30T02:57:53.584+0000] {dagbag.py:588} INFO - Filling up the DagBag from /home/airflow/.local/lib/python3.12/site-packages/airflow/example_dags/tutorial_dag.py
[2025-04-30T02:57:53.603+0000] {processor.py:925} INFO - DAG(s) 'tutorial_dag' retrieved from /home/airflow/.local/lib/python3.12/site-packages/airflow/example_dags/tutorial_dag.py
[2025-04-30T02:57:53.649+0000] {logging_mixin.py:190} INFO - [2025-04-30T02:57:53.649+0000] {dag.py:3239} INFO - Sync 1 DAGs
[2025-04-30T02:57:53.682+0000] {logging_mixin.py:190} INFO - [2025-04-30T02:57:53.682+0000] {dag.py:4180} INFO - Setting next_dagrun for tutorial_dag to None, run_after=None
[2025-04-30T02:57:53.712+0000] {processor.py:208} INFO - Processing /home/airflow/.local/lib/python3.12/site-packages/airflow/example_dags/tutorial_dag.py took 0.147 seconds
[2025-04-30T02:58:24.911+0000] {processor.py:186} INFO - Started process (PID=618) to work on /home/airflow/.local/lib/python3.12/site-packages/airflow/example_dags/tutorial_dag.py
[2025-04-30T02:58:24.915+0000] {processor.py:914} INFO - Processing file /home/airflow/.local/lib/python3.12/site-packages/airflow/example_dags/tutorial_dag.py for tasks to queue
[2025-04-30T02:58:24.932+0000] {logging_mixin.py:190} INFO - [2025-04-30T02:58:24.922+0000] {dagbag.py:588} INFO - Filling up the DagBag from /home/airflow/.local/lib/python3.12/site-packages/airflow/example_dags/tutorial_dag.py
[2025-04-30T02:58:24.953+0000] {processor.py:925} INFO - DAG(s) 'tutorial_dag' retrieved from /home/airflow/.local/lib/python3.12/site-packages/airflow/example_dags/tutorial_dag.py
[2025-04-30T02:58:25.039+0000] {logging_mixin.py:190} INFO - [2025-04-30T02:58:25.038+0000] {dag.py:3239} INFO - Sync 1 DAGs
[2025-04-30T02:58:25.086+0000] {logging_mixin.py:190} INFO - [2025-04-30T02:58:25.084+0000] {dag.py:4180} INFO - Setting next_dagrun for tutorial_dag to None, run_after=None
[2025-04-30T02:58:25.156+0000] {processor.py:208} INFO - Processing /home/airflow/.local/lib/python3.12/site-packages/airflow/example_dags/tutorial_dag.py took 0.271 seconds
[2025-04-30T02:58:56.421+0000] {processor.py:186} INFO - Started process (PID=681) to work on /home/airflow/.local/lib/python3.12/site-packages/airflow/example_dags/tutorial_dag.py
[2025-04-30T02:58:56.434+0000] {processor.py:914} INFO - Processing file /home/airflow/.local/lib/python3.12/site-packages/airflow/example_dags/tutorial_dag.py for tasks to queue
[2025-04-30T02:58:56.439+0000] {logging_mixin.py:190} INFO - [2025-04-30T02:58:56.438+0000] {dagbag.py:588} INFO - Filling up the DagBag from /home/airflow/.local/lib/python3.12/site-packages/airflow/example_dags/tutorial_dag.py
[2025-04-30T02:58:56.480+0000] {processor.py:925} INFO - DAG(s) 'tutorial_dag' retrieved from /home/airflow/.local/lib/python3.12/site-packages/airflow/example_dags/tutorial_dag.py
[2025-04-30T02:58:56.535+0000] {logging_mixin.py:190} INFO - [2025-04-30T02:58:56.535+0000] {dag.py:3239} INFO - Sync 1 DAGs
[2025-04-30T02:58:56.583+0000] {logging_mixin.py:190} INFO - [2025-04-30T02:58:56.583+0000] {dag.py:4180} INFO - Setting next_dagrun for tutorial_dag to None, run_after=None
[2025-04-30T02:58:56.676+0000] {processor.py:208} INFO - Processing /home/airflow/.local/lib/python3.12/site-packages/airflow/example_dags/tutorial_dag.py took 0.285 seconds
[2025-04-30T02:59:27.068+0000] {processor.py:186} INFO - Started process (PID=745) to work on /home/airflow/.local/lib/python3.12/site-packages/airflow/example_dags/tutorial_dag.py
[2025-04-30T02:59:27.070+0000] {processor.py:914} INFO - Processing file /home/airflow/.local/lib/python3.12/site-packages/airflow/example_dags/tutorial_dag.py for tasks to queue
[2025-04-30T02:59:27.075+0000] {logging_mixin.py:190} INFO - [2025-04-30T02:59:27.075+0000] {dagbag.py:588} INFO - Filling up the DagBag from /home/airflow/.local/lib/python3.12/site-packages/airflow/example_dags/tutorial_dag.py
[2025-04-30T02:59:27.099+0000] {processor.py:925} INFO - DAG(s) 'tutorial_dag' retrieved from /home/airflow/.local/lib/python3.12/site-packages/airflow/example_dags/tutorial_dag.py
[2025-04-30T02:59:27.138+0000] {logging_mixin.py:190} INFO - [2025-04-30T02:59:27.138+0000] {dag.py:3239} INFO - Sync 1 DAGs
[2025-04-30T02:59:27.167+0000] {logging_mixin.py:190} INFO - [2025-04-30T02:59:27.167+0000] {dag.py:4180} INFO - Setting next_dagrun for tutorial_dag to None, run_after=None
[2025-04-30T02:59:27.220+0000] {processor.py:208} INFO - Processing /home/airflow/.local/lib/python3.12/site-packages/airflow/example_dags/tutorial_dag.py took 0.167 seconds
[2025-04-30T02:59:57.537+0000] {processor.py:186} INFO - Started process (PID=810) to work on /home/airflow/.local/lib/python3.12/site-packages/airflow/example_dags/tutorial_dag.py
[2025-04-30T02:59:57.539+0000] {processor.py:914} INFO - Processing file /home/airflow/.local/lib/python3.12/site-packages/airflow/example_dags/tutorial_dag.py for tasks to queue
[2025-04-30T02:59:57.545+0000] {logging_mixin.py:190} INFO - [2025-04-30T02:59:57.544+0000] {dagbag.py:588} INFO - Filling up the DagBag from /home/airflow/.local/lib/python3.12/site-packages/airflow/example_dags/tutorial_dag.py
[2025-04-30T02:59:57.572+0000] {processor.py:925} INFO - DAG(s) 'tutorial_dag' retrieved from /home/airflow/.local/lib/python3.12/site-packages/airflow/example_dags/tutorial_dag.py
[2025-04-30T02:59:57.695+0000] {logging_mixin.py:190} INFO - [2025-04-30T02:59:57.695+0000] {dag.py:3239} INFO - Sync 1 DAGs
[2025-04-30T02:59:57.842+0000] {logging_mixin.py:190} INFO - [2025-04-30T02:59:57.837+0000] {dag.py:4180} INFO - Setting next_dagrun for tutorial_dag to None, run_after=None
[2025-04-30T02:59:58.019+0000] {processor.py:208} INFO - Processing /home/airflow/.local/lib/python3.12/site-packages/airflow/example_dags/tutorial_dag.py took 0.498 seconds
[2025-04-30T03:00:28.363+0000] {processor.py:186} INFO - Started process (PID=874) to work on /home/airflow/.local/lib/python3.12/site-packages/airflow/example_dags/tutorial_dag.py
[2025-04-30T03:00:28.365+0000] {processor.py:914} INFO - Processing file /home/airflow/.local/lib/python3.12/site-packages/airflow/example_dags/tutorial_dag.py for tasks to queue
[2025-04-30T03:00:28.372+0000] {logging_mixin.py:190} INFO - [2025-04-30T03:00:28.371+0000] {dagbag.py:588} INFO - Filling up the DagBag from /home/airflow/.local/lib/python3.12/site-packages/airflow/example_dags/tutorial_dag.py
[2025-04-30T03:00:28.383+0000] {processor.py:925} INFO - DAG(s) 'tutorial_dag' retrieved from /home/airflow/.local/lib/python3.12/site-packages/airflow/example_dags/tutorial_dag.py
[2025-04-30T03:00:28.425+0000] {logging_mixin.py:190} INFO - [2025-04-30T03:00:28.424+0000] {dag.py:3239} INFO - Sync 1 DAGs
[2025-04-30T03:00:28.453+0000] {logging_mixin.py:190} INFO - [2025-04-30T03:00:28.452+0000] {dag.py:4180} INFO - Setting next_dagrun for tutorial_dag to None, run_after=None
[2025-04-30T03:00:28.499+0000] {processor.py:208} INFO - Processing /home/airflow/.local/lib/python3.12/site-packages/airflow/example_dags/tutorial_dag.py took 0.149 seconds
[2025-04-30T03:00:58.935+0000] {processor.py:186} INFO - Started process (PID=937) to work on /home/airflow/.local/lib/python3.12/site-packages/airflow/example_dags/tutorial_dag.py
[2025-04-30T03:00:58.939+0000] {processor.py:914} INFO - Processing file /home/airflow/.local/lib/python3.12/site-packages/airflow/example_dags/tutorial_dag.py for tasks to queue
[2025-04-30T03:00:58.945+0000] {logging_mixin.py:190} INFO - [2025-04-30T03:00:58.945+0000] {dagbag.py:588} INFO - Filling up the DagBag from /home/airflow/.local/lib/python3.12/site-packages/airflow/example_dags/tutorial_dag.py
[2025-04-30T03:00:58.992+0000] {processor.py:925} INFO - DAG(s) 'tutorial_dag' retrieved from /home/airflow/.local/lib/python3.12/site-packages/airflow/example_dags/tutorial_dag.py
[2025-04-30T03:00:59.030+0000] {logging_mixin.py:190} INFO - [2025-04-30T03:00:59.030+0000] {dag.py:3239} INFO - Sync 1 DAGs
[2025-04-30T03:00:59.067+0000] {logging_mixin.py:190} INFO - [2025-04-30T03:00:59.066+0000] {dag.py:4180} INFO - Setting next_dagrun for tutorial_dag to None, run_after=None
[2025-04-30T03:00:59.118+0000] {processor.py:208} INFO - Processing /home/airflow/.local/lib/python3.12/site-packages/airflow/example_dags/tutorial_dag.py took 0.194 seconds
[2025-04-30T03:01:29.516+0000] {processor.py:186} INFO - Started process (PID=1008) to work on /home/airflow/.local/lib/python3.12/site-packages/airflow/example_dags/tutorial_dag.py
[2025-04-30T03:01:29.518+0000] {processor.py:914} INFO - Processing file /home/airflow/.local/lib/python3.12/site-packages/airflow/example_dags/tutorial_dag.py for tasks to queue
[2025-04-30T03:01:29.523+0000] {logging_mixin.py:190} INFO - [2025-04-30T03:01:29.522+0000] {dagbag.py:588} INFO - Filling up the DagBag from /home/airflow/.local/lib/python3.12/site-packages/airflow/example_dags/tutorial_dag.py
[2025-04-30T03:01:29.537+0000] {processor.py:925} INFO - DAG(s) 'tutorial_dag' retrieved from /home/airflow/.local/lib/python3.12/site-packages/airflow/example_dags/tutorial_dag.py
[2025-04-30T03:01:29.576+0000] {logging_mixin.py:190} INFO - [2025-04-30T03:01:29.575+0000] {dag.py:3239} INFO - Sync 1 DAGs
[2025-04-30T03:01:29.604+0000] {logging_mixin.py:190} INFO - [2025-04-30T03:01:29.604+0000] {dag.py:4180} INFO - Setting next_dagrun for tutorial_dag to None, run_after=None
[2025-04-30T03:01:29.651+0000] {processor.py:208} INFO - Processing /home/airflow/.local/lib/python3.12/site-packages/airflow/example_dags/tutorial_dag.py took 0.146 seconds
[2025-04-30T03:04:24.505+0000] {processor.py:186} INFO - Started process (PID=82) to work on /home/airflow/.local/lib/python3.12/site-packages/airflow/example_dags/tutorial_dag.py
[2025-04-30T03:04:24.520+0000] {processor.py:914} INFO - Processing file /home/airflow/.local/lib/python3.12/site-packages/airflow/example_dags/tutorial_dag.py for tasks to queue
[2025-04-30T03:04:24.528+0000] {logging_mixin.py:190} INFO - [2025-04-30T03:04:24.527+0000] {dagbag.py:588} INFO - Filling up the DagBag from /home/airflow/.local/lib/python3.12/site-packages/airflow/example_dags/tutorial_dag.py
[2025-04-30T03:04:24.582+0000] {processor.py:925} INFO - DAG(s) 'tutorial_dag' retrieved from /home/airflow/.local/lib/python3.12/site-packages/airflow/example_dags/tutorial_dag.py
[2025-04-30T03:04:24.675+0000] {logging_mixin.py:190} INFO - [2025-04-30T03:04:24.674+0000] {dag.py:3239} INFO - Sync 1 DAGs
[2025-04-30T03:04:24.746+0000] {logging_mixin.py:190} INFO - [2025-04-30T03:04:24.745+0000] {dag.py:4180} INFO - Setting next_dagrun for tutorial_dag to None, run_after=None
[2025-04-30T03:04:24.849+0000] {processor.py:208} INFO - Processing /home/airflow/.local/lib/python3.12/site-packages/airflow/example_dags/tutorial_dag.py took 0.355 seconds
[2025-04-30T03:04:55.929+0000] {processor.py:186} INFO - Started process (PID=146) to work on /home/airflow/.local/lib/python3.12/site-packages/airflow/example_dags/tutorial_dag.py
[2025-04-30T03:04:55.931+0000] {processor.py:914} INFO - Processing file /home/airflow/.local/lib/python3.12/site-packages/airflow/example_dags/tutorial_dag.py for tasks to queue
[2025-04-30T03:04:55.936+0000] {logging_mixin.py:190} INFO - [2025-04-30T03:04:55.936+0000] {dagbag.py:588} INFO - Filling up the DagBag from /home/airflow/.local/lib/python3.12/site-packages/airflow/example_dags/tutorial_dag.py
[2025-04-30T03:04:55.957+0000] {processor.py:925} INFO - DAG(s) 'tutorial_dag' retrieved from /home/airflow/.local/lib/python3.12/site-packages/airflow/example_dags/tutorial_dag.py
[2025-04-30T03:04:56.000+0000] {logging_mixin.py:190} INFO - [2025-04-30T03:04:56.000+0000] {dag.py:3239} INFO - Sync 1 DAGs
[2025-04-30T03:04:56.040+0000] {logging_mixin.py:190} INFO - [2025-04-30T03:04:56.039+0000] {dag.py:4180} INFO - Setting next_dagrun for tutorial_dag to None, run_after=None
[2025-04-30T03:04:56.090+0000] {processor.py:208} INFO - Processing /home/airflow/.local/lib/python3.12/site-packages/airflow/example_dags/tutorial_dag.py took 0.181 seconds
[2025-04-30T03:05:27.537+0000] {processor.py:186} INFO - Started process (PID=210) to work on /home/airflow/.local/lib/python3.12/site-packages/airflow/example_dags/tutorial_dag.py
[2025-04-30T03:05:27.538+0000] {processor.py:914} INFO - Processing file /home/airflow/.local/lib/python3.12/site-packages/airflow/example_dags/tutorial_dag.py for tasks to queue
[2025-04-30T03:05:27.542+0000] {logging_mixin.py:190} INFO - [2025-04-30T03:05:27.541+0000] {dagbag.py:588} INFO - Filling up the DagBag from /home/airflow/.local/lib/python3.12/site-packages/airflow/example_dags/tutorial_dag.py
[2025-04-30T03:05:27.579+0000] {processor.py:925} INFO - DAG(s) 'tutorial_dag' retrieved from /home/airflow/.local/lib/python3.12/site-packages/airflow/example_dags/tutorial_dag.py
[2025-04-30T03:05:27.627+0000] {logging_mixin.py:190} INFO - [2025-04-30T03:05:27.626+0000] {dag.py:3239} INFO - Sync 1 DAGs
[2025-04-30T03:05:27.661+0000] {logging_mixin.py:190} INFO - [2025-04-30T03:05:27.661+0000] {dag.py:4180} INFO - Setting next_dagrun for tutorial_dag to None, run_after=None
[2025-04-30T03:05:27.729+0000] {processor.py:208} INFO - Processing /home/airflow/.local/lib/python3.12/site-packages/airflow/example_dags/tutorial_dag.py took 0.203 seconds
[2025-04-30T03:05:59.077+0000] {processor.py:186} INFO - Started process (PID=274) to work on /home/airflow/.local/lib/python3.12/site-packages/airflow/example_dags/tutorial_dag.py
[2025-04-30T03:05:59.080+0000] {processor.py:914} INFO - Processing file /home/airflow/.local/lib/python3.12/site-packages/airflow/example_dags/tutorial_dag.py for tasks to queue
[2025-04-30T03:05:59.084+0000] {logging_mixin.py:190} INFO - [2025-04-30T03:05:59.083+0000] {dagbag.py:588} INFO - Filling up the DagBag from /home/airflow/.local/lib/python3.12/site-packages/airflow/example_dags/tutorial_dag.py
[2025-04-30T03:05:59.100+0000] {processor.py:925} INFO - DAG(s) 'tutorial_dag' retrieved from /home/airflow/.local/lib/python3.12/site-packages/airflow/example_dags/tutorial_dag.py
[2025-04-30T03:05:59.154+0000] {logging_mixin.py:190} INFO - [2025-04-30T03:05:59.153+0000] {dag.py:3239} INFO - Sync 1 DAGs
[2025-04-30T03:05:59.209+0000] {logging_mixin.py:190} INFO - [2025-04-30T03:05:59.208+0000] {dag.py:4180} INFO - Setting next_dagrun for tutorial_dag to None, run_after=None
[2025-04-30T03:05:59.244+0000] {processor.py:208} INFO - Processing /home/airflow/.local/lib/python3.12/site-packages/airflow/example_dags/tutorial_dag.py took 0.177 seconds
[2025-04-30T03:06:30.028+0000] {processor.py:186} INFO - Started process (PID=337) to work on /home/airflow/.local/lib/python3.12/site-packages/airflow/example_dags/tutorial_dag.py
[2025-04-30T03:06:30.029+0000] {processor.py:914} INFO - Processing file /home/airflow/.local/lib/python3.12/site-packages/airflow/example_dags/tutorial_dag.py for tasks to queue
[2025-04-30T03:06:30.037+0000] {logging_mixin.py:190} INFO - [2025-04-30T03:06:30.036+0000] {dagbag.py:588} INFO - Filling up the DagBag from /home/airflow/.local/lib/python3.12/site-packages/airflow/example_dags/tutorial_dag.py
[2025-04-30T03:06:30.049+0000] {processor.py:925} INFO - DAG(s) 'tutorial_dag' retrieved from /home/airflow/.local/lib/python3.12/site-packages/airflow/example_dags/tutorial_dag.py
[2025-04-30T03:06:30.086+0000] {logging_mixin.py:190} INFO - [2025-04-30T03:06:30.086+0000] {dag.py:3239} INFO - Sync 1 DAGs
[2025-04-30T03:06:30.110+0000] {logging_mixin.py:190} INFO - [2025-04-30T03:06:30.110+0000] {dag.py:4180} INFO - Setting next_dagrun for tutorial_dag to None, run_after=None
[2025-04-30T03:06:30.162+0000] {processor.py:208} INFO - Processing /home/airflow/.local/lib/python3.12/site-packages/airflow/example_dags/tutorial_dag.py took 0.143 seconds
[2025-04-30T03:07:00.579+0000] {processor.py:186} INFO - Started process (PID=400) to work on /home/airflow/.local/lib/python3.12/site-packages/airflow/example_dags/tutorial_dag.py
[2025-04-30T03:07:00.587+0000] {processor.py:914} INFO - Processing file /home/airflow/.local/lib/python3.12/site-packages/airflow/example_dags/tutorial_dag.py for tasks to queue
[2025-04-30T03:07:00.592+0000] {logging_mixin.py:190} INFO - [2025-04-30T03:07:00.591+0000] {dagbag.py:588} INFO - Filling up the DagBag from /home/airflow/.local/lib/python3.12/site-packages/airflow/example_dags/tutorial_dag.py
[2025-04-30T03:07:00.610+0000] {processor.py:925} INFO - DAG(s) 'tutorial_dag' retrieved from /home/airflow/.local/lib/python3.12/site-packages/airflow/example_dags/tutorial_dag.py
[2025-04-30T03:07:00.668+0000] {logging_mixin.py:190} INFO - [2025-04-30T03:07:00.667+0000] {dag.py:3239} INFO - Sync 1 DAGs
[2025-04-30T03:07:00.714+0000] {logging_mixin.py:190} INFO - [2025-04-30T03:07:00.714+0000] {dag.py:4180} INFO - Setting next_dagrun for tutorial_dag to None, run_after=None
[2025-04-30T03:07:00.769+0000] {processor.py:208} INFO - Processing /home/airflow/.local/lib/python3.12/site-packages/airflow/example_dags/tutorial_dag.py took 0.201 seconds
[2025-04-30T03:07:31.104+0000] {processor.py:186} INFO - Started process (PID=465) to work on /home/airflow/.local/lib/python3.12/site-packages/airflow/example_dags/tutorial_dag.py
[2025-04-30T03:07:31.106+0000] {processor.py:914} INFO - Processing file /home/airflow/.local/lib/python3.12/site-packages/airflow/example_dags/tutorial_dag.py for tasks to queue
[2025-04-30T03:07:31.110+0000] {logging_mixin.py:190} INFO - [2025-04-30T03:07:31.110+0000] {dagbag.py:588} INFO - Filling up the DagBag from /home/airflow/.local/lib/python3.12/site-packages/airflow/example_dags/tutorial_dag.py
[2025-04-30T03:07:31.125+0000] {processor.py:925} INFO - DAG(s) 'tutorial_dag' retrieved from /home/airflow/.local/lib/python3.12/site-packages/airflow/example_dags/tutorial_dag.py
[2025-04-30T03:07:31.166+0000] {logging_mixin.py:190} INFO - [2025-04-30T03:07:31.165+0000] {dag.py:3239} INFO - Sync 1 DAGs
[2025-04-30T03:07:31.211+0000] {logging_mixin.py:190} INFO - [2025-04-30T03:07:31.210+0000] {dag.py:4180} INFO - Setting next_dagrun for tutorial_dag to None, run_after=None
[2025-04-30T03:07:31.260+0000] {processor.py:208} INFO - Processing /home/airflow/.local/lib/python3.12/site-packages/airflow/example_dags/tutorial_dag.py took 0.168 seconds
[2025-04-30T03:08:01.672+0000] {processor.py:186} INFO - Started process (PID=529) to work on /home/airflow/.local/lib/python3.12/site-packages/airflow/example_dags/tutorial_dag.py
[2025-04-30T03:08:01.674+0000] {processor.py:914} INFO - Processing file /home/airflow/.local/lib/python3.12/site-packages/airflow/example_dags/tutorial_dag.py for tasks to queue
[2025-04-30T03:08:01.677+0000] {logging_mixin.py:190} INFO - [2025-04-30T03:08:01.676+0000] {dagbag.py:588} INFO - Filling up the DagBag from /home/airflow/.local/lib/python3.12/site-packages/airflow/example_dags/tutorial_dag.py
[2025-04-30T03:08:01.692+0000] {processor.py:925} INFO - DAG(s) 'tutorial_dag' retrieved from /home/airflow/.local/lib/python3.12/site-packages/airflow/example_dags/tutorial_dag.py
[2025-04-30T03:08:01.737+0000] {logging_mixin.py:190} INFO - [2025-04-30T03:08:01.736+0000] {dag.py:3239} INFO - Sync 1 DAGs
[2025-04-30T03:08:01.776+0000] {logging_mixin.py:190} INFO - [2025-04-30T03:08:01.776+0000] {dag.py:4180} INFO - Setting next_dagrun for tutorial_dag to None, run_after=None
[2025-04-30T03:08:01.827+0000] {processor.py:208} INFO - Processing /home/airflow/.local/lib/python3.12/site-packages/airflow/example_dags/tutorial_dag.py took 0.166 seconds
[2025-04-30T03:08:32.026+0000] {processor.py:186} INFO - Started process (PID=593) to work on /home/airflow/.local/lib/python3.12/site-packages/airflow/example_dags/tutorial_dag.py
[2025-04-30T03:08:32.028+0000] {processor.py:914} INFO - Processing file /home/airflow/.local/lib/python3.12/site-packages/airflow/example_dags/tutorial_dag.py for tasks to queue
[2025-04-30T03:08:32.033+0000] {logging_mixin.py:190} INFO - [2025-04-30T03:08:32.032+0000] {dagbag.py:588} INFO - Filling up the DagBag from /home/airflow/.local/lib/python3.12/site-packages/airflow/example_dags/tutorial_dag.py
[2025-04-30T03:08:32.043+0000] {processor.py:925} INFO - DAG(s) 'tutorial_dag' retrieved from /home/airflow/.local/lib/python3.12/site-packages/airflow/example_dags/tutorial_dag.py
[2025-04-30T03:08:32.080+0000] {logging_mixin.py:190} INFO - [2025-04-30T03:08:32.079+0000] {dag.py:3239} INFO - Sync 1 DAGs
[2025-04-30T03:08:32.105+0000] {logging_mixin.py:190} INFO - [2025-04-30T03:08:32.104+0000] {dag.py:4180} INFO - Setting next_dagrun for tutorial_dag to None, run_after=None
[2025-04-30T03:08:32.147+0000] {processor.py:208} INFO - Processing /home/airflow/.local/lib/python3.12/site-packages/airflow/example_dags/tutorial_dag.py took 0.133 seconds
[2025-04-30T03:09:02.866+0000] {processor.py:186} INFO - Started process (PID=657) to work on /home/airflow/.local/lib/python3.12/site-packages/airflow/example_dags/tutorial_dag.py
[2025-04-30T03:09:02.869+0000] {processor.py:914} INFO - Processing file /home/airflow/.local/lib/python3.12/site-packages/airflow/example_dags/tutorial_dag.py for tasks to queue
[2025-04-30T03:09:02.875+0000] {logging_mixin.py:190} INFO - [2025-04-30T03:09:02.874+0000] {dagbag.py:588} INFO - Filling up the DagBag from /home/airflow/.local/lib/python3.12/site-packages/airflow/example_dags/tutorial_dag.py
[2025-04-30T03:09:02.893+0000] {processor.py:925} INFO - DAG(s) 'tutorial_dag' retrieved from /home/airflow/.local/lib/python3.12/site-packages/airflow/example_dags/tutorial_dag.py
[2025-04-30T03:09:02.954+0000] {logging_mixin.py:190} INFO - [2025-04-30T03:09:02.953+0000] {dag.py:3239} INFO - Sync 1 DAGs
[2025-04-30T03:09:03.002+0000] {logging_mixin.py:190} INFO - [2025-04-30T03:09:03.002+0000] {dag.py:4180} INFO - Setting next_dagrun for tutorial_dag to None, run_after=None
[2025-04-30T03:09:03.051+0000] {processor.py:208} INFO - Processing /home/airflow/.local/lib/python3.12/site-packages/airflow/example_dags/tutorial_dag.py took 0.213 seconds
[2025-04-30T03:09:33.656+0000] {processor.py:186} INFO - Started process (PID=722) to work on /home/airflow/.local/lib/python3.12/site-packages/airflow/example_dags/tutorial_dag.py
[2025-04-30T03:09:33.658+0000] {processor.py:914} INFO - Processing file /home/airflow/.local/lib/python3.12/site-packages/airflow/example_dags/tutorial_dag.py for tasks to queue
[2025-04-30T03:09:33.664+0000] {logging_mixin.py:190} INFO - [2025-04-30T03:09:33.663+0000] {dagbag.py:588} INFO - Filling up the DagBag from /home/airflow/.local/lib/python3.12/site-packages/airflow/example_dags/tutorial_dag.py
[2025-04-30T03:09:33.700+0000] {processor.py:925} INFO - DAG(s) 'tutorial_dag' retrieved from /home/airflow/.local/lib/python3.12/site-packages/airflow/example_dags/tutorial_dag.py
[2025-04-30T03:09:33.892+0000] {logging_mixin.py:190} INFO - [2025-04-30T03:09:33.891+0000] {dag.py:3239} INFO - Sync 1 DAGs
[2025-04-30T03:09:34.003+0000] {logging_mixin.py:190} INFO - [2025-04-30T03:09:34.003+0000] {dag.py:4180} INFO - Setting next_dagrun for tutorial_dag to None, run_after=None
[2025-04-30T03:09:34.157+0000] {processor.py:208} INFO - Processing /home/airflow/.local/lib/python3.12/site-packages/airflow/example_dags/tutorial_dag.py took 0.515 seconds
[2025-04-30T03:10:05.106+0000] {processor.py:186} INFO - Started process (PID=786) to work on /home/airflow/.local/lib/python3.12/site-packages/airflow/example_dags/tutorial_dag.py
[2025-04-30T03:10:05.108+0000] {processor.py:914} INFO - Processing file /home/airflow/.local/lib/python3.12/site-packages/airflow/example_dags/tutorial_dag.py for tasks to queue
[2025-04-30T03:10:05.115+0000] {logging_mixin.py:190} INFO - [2025-04-30T03:10:05.113+0000] {dagbag.py:588} INFO - Filling up the DagBag from /home/airflow/.local/lib/python3.12/site-packages/airflow/example_dags/tutorial_dag.py
[2025-04-30T03:10:05.130+0000] {processor.py:925} INFO - DAG(s) 'tutorial_dag' retrieved from /home/airflow/.local/lib/python3.12/site-packages/airflow/example_dags/tutorial_dag.py
[2025-04-30T03:10:05.171+0000] {logging_mixin.py:190} INFO - [2025-04-30T03:10:05.171+0000] {dag.py:3239} INFO - Sync 1 DAGs
[2025-04-30T03:10:05.249+0000] {logging_mixin.py:190} INFO - [2025-04-30T03:10:05.248+0000] {dag.py:4180} INFO - Setting next_dagrun for tutorial_dag to None, run_after=None
[2025-04-30T03:10:05.335+0000] {processor.py:208} INFO - Processing /home/airflow/.local/lib/python3.12/site-packages/airflow/example_dags/tutorial_dag.py took 0.241 seconds
[2025-04-30T03:10:35.635+0000] {processor.py:186} INFO - Started process (PID=850) to work on /home/airflow/.local/lib/python3.12/site-packages/airflow/example_dags/tutorial_dag.py
[2025-04-30T03:10:35.637+0000] {processor.py:914} INFO - Processing file /home/airflow/.local/lib/python3.12/site-packages/airflow/example_dags/tutorial_dag.py for tasks to queue
[2025-04-30T03:10:35.641+0000] {logging_mixin.py:190} INFO - [2025-04-30T03:10:35.640+0000] {dagbag.py:588} INFO - Filling up the DagBag from /home/airflow/.local/lib/python3.12/site-packages/airflow/example_dags/tutorial_dag.py
[2025-04-30T03:10:35.655+0000] {processor.py:925} INFO - DAG(s) 'tutorial_dag' retrieved from /home/airflow/.local/lib/python3.12/site-packages/airflow/example_dags/tutorial_dag.py
[2025-04-30T03:10:35.688+0000] {logging_mixin.py:190} INFO - [2025-04-30T03:10:35.687+0000] {dag.py:3239} INFO - Sync 1 DAGs
[2025-04-30T03:10:35.717+0000] {logging_mixin.py:190} INFO - [2025-04-30T03:10:35.716+0000] {dag.py:4180} INFO - Setting next_dagrun for tutorial_dag to None, run_after=None
[2025-04-30T03:10:35.760+0000] {processor.py:208} INFO - Processing /home/airflow/.local/lib/python3.12/site-packages/airflow/example_dags/tutorial_dag.py took 0.134 seconds
[2025-04-30T03:11:06.319+0000] {processor.py:186} INFO - Started process (PID=914) to work on /home/airflow/.local/lib/python3.12/site-packages/airflow/example_dags/tutorial_dag.py
[2025-04-30T03:11:06.321+0000] {processor.py:914} INFO - Processing file /home/airflow/.local/lib/python3.12/site-packages/airflow/example_dags/tutorial_dag.py for tasks to queue
[2025-04-30T03:11:06.325+0000] {logging_mixin.py:190} INFO - [2025-04-30T03:11:06.325+0000] {dagbag.py:588} INFO - Filling up the DagBag from /home/airflow/.local/lib/python3.12/site-packages/airflow/example_dags/tutorial_dag.py
[2025-04-30T03:11:06.338+0000] {processor.py:925} INFO - DAG(s) 'tutorial_dag' retrieved from /home/airflow/.local/lib/python3.12/site-packages/airflow/example_dags/tutorial_dag.py
[2025-04-30T03:11:06.370+0000] {logging_mixin.py:190} INFO - [2025-04-30T03:11:06.369+0000] {dag.py:3239} INFO - Sync 1 DAGs
[2025-04-30T03:11:06.394+0000] {logging_mixin.py:190} INFO - [2025-04-30T03:11:06.393+0000] {dag.py:4180} INFO - Setting next_dagrun for tutorial_dag to None, run_after=None
[2025-04-30T03:11:06.426+0000] {processor.py:208} INFO - Processing /home/airflow/.local/lib/python3.12/site-packages/airflow/example_dags/tutorial_dag.py took 0.115 seconds
[2025-04-30T03:11:37.612+0000] {processor.py:186} INFO - Started process (PID=979) to work on /home/airflow/.local/lib/python3.12/site-packages/airflow/example_dags/tutorial_dag.py
[2025-04-30T03:11:37.615+0000] {processor.py:914} INFO - Processing file /home/airflow/.local/lib/python3.12/site-packages/airflow/example_dags/tutorial_dag.py for tasks to queue
[2025-04-30T03:11:37.619+0000] {logging_mixin.py:190} INFO - [2025-04-30T03:11:37.619+0000] {dagbag.py:588} INFO - Filling up the DagBag from /home/airflow/.local/lib/python3.12/site-packages/airflow/example_dags/tutorial_dag.py
[2025-04-30T03:11:37.635+0000] {processor.py:925} INFO - DAG(s) 'tutorial_dag' retrieved from /home/airflow/.local/lib/python3.12/site-packages/airflow/example_dags/tutorial_dag.py
[2025-04-30T03:11:37.679+0000] {logging_mixin.py:190} INFO - [2025-04-30T03:11:37.678+0000] {dag.py:3239} INFO - Sync 1 DAGs
[2025-04-30T03:11:37.706+0000] {logging_mixin.py:190} INFO - [2025-04-30T03:11:37.706+0000] {dag.py:4180} INFO - Setting next_dagrun for tutorial_dag to None, run_after=None
[2025-04-30T03:11:37.755+0000] {processor.py:208} INFO - Processing /home/airflow/.local/lib/python3.12/site-packages/airflow/example_dags/tutorial_dag.py took 0.152 seconds
[2025-04-30T03:12:09.631+0000] {processor.py:186} INFO - Started process (PID=1043) to work on /home/airflow/.local/lib/python3.12/site-packages/airflow/example_dags/tutorial_dag.py
[2025-04-30T03:12:09.635+0000] {processor.py:914} INFO - Processing file /home/airflow/.local/lib/python3.12/site-packages/airflow/example_dags/tutorial_dag.py for tasks to queue
[2025-04-30T03:12:09.650+0000] {logging_mixin.py:190} INFO - [2025-04-30T03:12:09.649+0000] {dagbag.py:588} INFO - Filling up the DagBag from /home/airflow/.local/lib/python3.12/site-packages/airflow/example_dags/tutorial_dag.py
[2025-04-30T03:12:09.693+0000] {processor.py:925} INFO - DAG(s) 'tutorial_dag' retrieved from /home/airflow/.local/lib/python3.12/site-packages/airflow/example_dags/tutorial_dag.py
[2025-04-30T03:12:09.744+0000] {logging_mixin.py:190} INFO - [2025-04-30T03:12:09.743+0000] {dag.py:3239} INFO - Sync 1 DAGs
[2025-04-30T03:12:09.778+0000] {logging_mixin.py:190} INFO - [2025-04-30T03:12:09.778+0000] {dag.py:4180} INFO - Setting next_dagrun for tutorial_dag to None, run_after=None
[2025-04-30T03:12:09.823+0000] {processor.py:208} INFO - Processing /home/airflow/.local/lib/python3.12/site-packages/airflow/example_dags/tutorial_dag.py took 0.208 seconds
[2025-04-30T03:12:40.325+0000] {processor.py:186} INFO - Started process (PID=1105) to work on /home/airflow/.local/lib/python3.12/site-packages/airflow/example_dags/tutorial_dag.py
[2025-04-30T03:12:40.327+0000] {processor.py:914} INFO - Processing file /home/airflow/.local/lib/python3.12/site-packages/airflow/example_dags/tutorial_dag.py for tasks to queue
[2025-04-30T03:12:40.335+0000] {logging_mixin.py:190} INFO - [2025-04-30T03:12:40.332+0000] {dagbag.py:588} INFO - Filling up the DagBag from /home/airflow/.local/lib/python3.12/site-packages/airflow/example_dags/tutorial_dag.py
[2025-04-30T03:12:40.351+0000] {processor.py:925} INFO - DAG(s) 'tutorial_dag' retrieved from /home/airflow/.local/lib/python3.12/site-packages/airflow/example_dags/tutorial_dag.py
[2025-04-30T03:12:40.391+0000] {logging_mixin.py:190} INFO - [2025-04-30T03:12:40.390+0000] {dag.py:3239} INFO - Sync 1 DAGs
[2025-04-30T03:12:40.436+0000] {logging_mixin.py:190} INFO - [2025-04-30T03:12:40.435+0000] {dag.py:4180} INFO - Setting next_dagrun for tutorial_dag to None, run_after=None
[2025-04-30T03:12:40.482+0000] {processor.py:208} INFO - Processing /home/airflow/.local/lib/python3.12/site-packages/airflow/example_dags/tutorial_dag.py took 0.169 seconds
[2025-04-30T03:13:11.471+0000] {processor.py:186} INFO - Started process (PID=1169) to work on /home/airflow/.local/lib/python3.12/site-packages/airflow/example_dags/tutorial_dag.py
[2025-04-30T03:13:11.474+0000] {processor.py:914} INFO - Processing file /home/airflow/.local/lib/python3.12/site-packages/airflow/example_dags/tutorial_dag.py for tasks to queue
[2025-04-30T03:13:11.489+0000] {logging_mixin.py:190} INFO - [2025-04-30T03:13:11.489+0000] {dagbag.py:588} INFO - Filling up the DagBag from /home/airflow/.local/lib/python3.12/site-packages/airflow/example_dags/tutorial_dag.py
[2025-04-30T03:13:11.538+0000] {processor.py:925} INFO - DAG(s) 'tutorial_dag' retrieved from /home/airflow/.local/lib/python3.12/site-packages/airflow/example_dags/tutorial_dag.py
[2025-04-30T03:13:11.609+0000] {logging_mixin.py:190} INFO - [2025-04-30T03:13:11.609+0000] {dag.py:3239} INFO - Sync 1 DAGs
[2025-04-30T03:13:11.678+0000] {logging_mixin.py:190} INFO - [2025-04-30T03:13:11.677+0000] {dag.py:4180} INFO - Setting next_dagrun for tutorial_dag to None, run_after=None
[2025-04-30T03:13:11.808+0000] {processor.py:208} INFO - Processing /home/airflow/.local/lib/python3.12/site-packages/airflow/example_dags/tutorial_dag.py took 0.380 seconds
[2025-04-30T03:13:42.608+0000] {processor.py:186} INFO - Started process (PID=1232) to work on /home/airflow/.local/lib/python3.12/site-packages/airflow/example_dags/tutorial_dag.py
[2025-04-30T03:13:42.610+0000] {processor.py:914} INFO - Processing file /home/airflow/.local/lib/python3.12/site-packages/airflow/example_dags/tutorial_dag.py for tasks to queue
[2025-04-30T03:13:42.613+0000] {logging_mixin.py:190} INFO - [2025-04-30T03:13:42.612+0000] {dagbag.py:588} INFO - Filling up the DagBag from /home/airflow/.local/lib/python3.12/site-packages/airflow/example_dags/tutorial_dag.py
[2025-04-30T03:13:42.623+0000] {processor.py:925} INFO - DAG(s) 'tutorial_dag' retrieved from /home/airflow/.local/lib/python3.12/site-packages/airflow/example_dags/tutorial_dag.py
[2025-04-30T03:13:42.648+0000] {logging_mixin.py:190} INFO - [2025-04-30T03:13:42.647+0000] {dag.py:3239} INFO - Sync 1 DAGs
[2025-04-30T03:13:42.667+0000] {logging_mixin.py:190} INFO - [2025-04-30T03:13:42.666+0000] {dag.py:4180} INFO - Setting next_dagrun for tutorial_dag to None, run_after=None
[2025-04-30T03:13:42.711+0000] {processor.py:208} INFO - Processing /home/airflow/.local/lib/python3.12/site-packages/airflow/example_dags/tutorial_dag.py took 0.110 seconds
