[2025-04-25T03:32:01.157+0000] {processor.py:186} INFO - Started process (PID=88) to work on /home/airflow/.local/lib/python3.12/site-packages/airflow/example_dags/example_dag_decorator.py
[2025-04-25T03:32:01.159+0000] {processor.py:914} INFO - Processing file /home/airflow/.local/lib/python3.12/site-packages/airflow/example_dags/example_dag_decorator.py for tasks to queue
[2025-04-25T03:32:01.167+0000] {logging_mixin.py:190} INFO - [2025-04-25T03:32:01.167+0000] {dagbag.py:588} INFO - Filling up the DagBag from /home/airflow/.local/lib/python3.12/site-packages/airflow/example_dags/example_dag_decorator.py
[2025-04-25T03:32:02.554+0000] {processor.py:925} INFO - DAG(s) 'example_dag_decorator' retrieved from /home/airflow/.local/lib/python3.12/site-packages/airflow/example_dags/example_dag_decorator.py
[2025-04-25T03:32:03.006+0000] {logging_mixin.py:190} INFO - [2025-04-25T03:32:03.005+0000] {dag.py:3239} INFO - Sync 1 DAGs
[2025-04-25T03:32:03.047+0000] {logging_mixin.py:190} INFO - [2025-04-25T03:32:03.046+0000] {dag.py:4180} INFO - Setting next_dagrun for example_dag_decorator to None, run_after=None
[2025-04-25T03:32:03.148+0000] {processor.py:208} INFO - Processing /home/airflow/.local/lib/python3.12/site-packages/airflow/example_dags/example_dag_decorator.py took 2.008 seconds
[2025-04-25T03:32:33.363+0000] {processor.py:186} INFO - Started process (PID=154) to work on /home/airflow/.local/lib/python3.12/site-packages/airflow/example_dags/example_dag_decorator.py
[2025-04-25T03:32:33.365+0000] {processor.py:914} INFO - Processing file /home/airflow/.local/lib/python3.12/site-packages/airflow/example_dags/example_dag_decorator.py for tasks to queue
[2025-04-25T03:32:33.368+0000] {logging_mixin.py:190} INFO - [2025-04-25T03:32:33.368+0000] {dagbag.py:588} INFO - Filling up the DagBag from /home/airflow/.local/lib/python3.12/site-packages/airflow/example_dags/example_dag_decorator.py
[2025-04-25T03:32:33.702+0000] {processor.py:925} INFO - DAG(s) 'example_dag_decorator' retrieved from /home/airflow/.local/lib/python3.12/site-packages/airflow/example_dags/example_dag_decorator.py
[2025-04-25T03:32:34.027+0000] {logging_mixin.py:190} INFO - [2025-04-25T03:32:34.026+0000] {dag.py:3239} INFO - Sync 1 DAGs
[2025-04-25T03:32:34.091+0000] {logging_mixin.py:190} INFO - [2025-04-25T03:32:34.091+0000] {dag.py:4180} INFO - Setting next_dagrun for example_dag_decorator to None, run_after=None
[2025-04-25T03:32:34.173+0000] {processor.py:208} INFO - Processing /home/airflow/.local/lib/python3.12/site-packages/airflow/example_dags/example_dag_decorator.py took 0.820 seconds
[2025-04-25T03:33:05.023+0000] {processor.py:186} INFO - Started process (PID=217) to work on /home/airflow/.local/lib/python3.12/site-packages/airflow/example_dags/example_dag_decorator.py
[2025-04-25T03:33:05.025+0000] {processor.py:914} INFO - Processing file /home/airflow/.local/lib/python3.12/site-packages/airflow/example_dags/example_dag_decorator.py for tasks to queue
[2025-04-25T03:33:05.029+0000] {logging_mixin.py:190} INFO - [2025-04-25T03:33:05.028+0000] {dagbag.py:588} INFO - Filling up the DagBag from /home/airflow/.local/lib/python3.12/site-packages/airflow/example_dags/example_dag_decorator.py
[2025-04-25T03:33:05.153+0000] {processor.py:925} INFO - DAG(s) 'example_dag_decorator' retrieved from /home/airflow/.local/lib/python3.12/site-packages/airflow/example_dags/example_dag_decorator.py
[2025-04-25T03:33:05.336+0000] {logging_mixin.py:190} INFO - [2025-04-25T03:33:05.336+0000] {dag.py:3239} INFO - Sync 1 DAGs
[2025-04-25T03:33:05.353+0000] {logging_mixin.py:190} INFO - [2025-04-25T03:33:05.352+0000] {dag.py:4180} INFO - Setting next_dagrun for example_dag_decorator to None, run_after=None
[2025-04-25T03:33:05.386+0000] {processor.py:208} INFO - Processing /home/airflow/.local/lib/python3.12/site-packages/airflow/example_dags/example_dag_decorator.py took 0.371 seconds
[2025-04-25T03:33:35.546+0000] {processor.py:186} INFO - Started process (PID=282) to work on /home/airflow/.local/lib/python3.12/site-packages/airflow/example_dags/example_dag_decorator.py
[2025-04-25T03:33:35.547+0000] {processor.py:914} INFO - Processing file /home/airflow/.local/lib/python3.12/site-packages/airflow/example_dags/example_dag_decorator.py for tasks to queue
[2025-04-25T03:33:35.550+0000] {logging_mixin.py:190} INFO - [2025-04-25T03:33:35.550+0000] {dagbag.py:588} INFO - Filling up the DagBag from /home/airflow/.local/lib/python3.12/site-packages/airflow/example_dags/example_dag_decorator.py
[2025-04-25T03:33:35.678+0000] {processor.py:925} INFO - DAG(s) 'example_dag_decorator' retrieved from /home/airflow/.local/lib/python3.12/site-packages/airflow/example_dags/example_dag_decorator.py
[2025-04-25T03:33:35.833+0000] {logging_mixin.py:190} INFO - [2025-04-25T03:33:35.832+0000] {dag.py:3239} INFO - Sync 1 DAGs
[2025-04-25T03:33:35.855+0000] {logging_mixin.py:190} INFO - [2025-04-25T03:33:35.855+0000] {dag.py:4180} INFO - Setting next_dagrun for example_dag_decorator to None, run_after=None
[2025-04-25T03:33:35.895+0000] {processor.py:208} INFO - Processing /home/airflow/.local/lib/python3.12/site-packages/airflow/example_dags/example_dag_decorator.py took 0.355 seconds
[2025-04-25T03:34:06.072+0000] {processor.py:186} INFO - Started process (PID=342) to work on /home/airflow/.local/lib/python3.12/site-packages/airflow/example_dags/example_dag_decorator.py
[2025-04-25T03:34:06.074+0000] {processor.py:914} INFO - Processing file /home/airflow/.local/lib/python3.12/site-packages/airflow/example_dags/example_dag_decorator.py for tasks to queue
[2025-04-25T03:34:06.077+0000] {logging_mixin.py:190} INFO - [2025-04-25T03:34:06.077+0000] {dagbag.py:588} INFO - Filling up the DagBag from /home/airflow/.local/lib/python3.12/site-packages/airflow/example_dags/example_dag_decorator.py
[2025-04-25T03:34:06.208+0000] {processor.py:925} INFO - DAG(s) 'example_dag_decorator' retrieved from /home/airflow/.local/lib/python3.12/site-packages/airflow/example_dags/example_dag_decorator.py
[2025-04-25T03:34:06.404+0000] {logging_mixin.py:190} INFO - [2025-04-25T03:34:06.403+0000] {dag.py:3239} INFO - Sync 1 DAGs
[2025-04-25T03:34:06.427+0000] {logging_mixin.py:190} INFO - [2025-04-25T03:34:06.426+0000] {dag.py:4180} INFO - Setting next_dagrun for example_dag_decorator to None, run_after=None
[2025-04-25T03:34:06.467+0000] {processor.py:208} INFO - Processing /home/airflow/.local/lib/python3.12/site-packages/airflow/example_dags/example_dag_decorator.py took 0.402 seconds
[2025-04-25T03:34:40.776+0000] {processor.py:186} INFO - Started process (PID=405) to work on /home/airflow/.local/lib/python3.12/site-packages/airflow/example_dags/example_dag_decorator.py
[2025-04-25T03:34:40.778+0000] {processor.py:914} INFO - Processing file /home/airflow/.local/lib/python3.12/site-packages/airflow/example_dags/example_dag_decorator.py for tasks to queue
[2025-04-25T03:34:40.790+0000] {logging_mixin.py:190} INFO - [2025-04-25T03:34:40.782+0000] {dagbag.py:588} INFO - Filling up the DagBag from /home/airflow/.local/lib/python3.12/site-packages/airflow/example_dags/example_dag_decorator.py
[2025-04-25T03:34:41.398+0000] {processor.py:925} INFO - DAG(s) 'example_dag_decorator' retrieved from /home/airflow/.local/lib/python3.12/site-packages/airflow/example_dags/example_dag_decorator.py
[2025-04-25T03:34:42.086+0000] {logging_mixin.py:190} INFO - [2025-04-25T03:34:42.085+0000] {dag.py:3239} INFO - Sync 1 DAGs
[2025-04-25T03:34:42.154+0000] {logging_mixin.py:190} INFO - [2025-04-25T03:34:42.153+0000] {dag.py:4180} INFO - Setting next_dagrun for example_dag_decorator to None, run_after=None
[2025-04-25T03:34:42.281+0000] {processor.py:208} INFO - Processing /home/airflow/.local/lib/python3.12/site-packages/airflow/example_dags/example_dag_decorator.py took 1.525 seconds
[2025-04-25T03:35:13.846+0000] {processor.py:186} INFO - Started process (PID=464) to work on /home/airflow/.local/lib/python3.12/site-packages/airflow/example_dags/example_dag_decorator.py
[2025-04-25T03:35:13.849+0000] {processor.py:914} INFO - Processing file /home/airflow/.local/lib/python3.12/site-packages/airflow/example_dags/example_dag_decorator.py for tasks to queue
[2025-04-25T03:35:13.857+0000] {logging_mixin.py:190} INFO - [2025-04-25T03:35:13.857+0000] {dagbag.py:588} INFO - Filling up the DagBag from /home/airflow/.local/lib/python3.12/site-packages/airflow/example_dags/example_dag_decorator.py
[2025-04-25T03:35:14.173+0000] {processor.py:925} INFO - DAG(s) 'example_dag_decorator' retrieved from /home/airflow/.local/lib/python3.12/site-packages/airflow/example_dags/example_dag_decorator.py
[2025-04-25T03:35:14.829+0000] {logging_mixin.py:190} INFO - [2025-04-25T03:35:14.828+0000] {dag.py:3239} INFO - Sync 1 DAGs
[2025-04-25T03:35:14.905+0000] {logging_mixin.py:190} INFO - [2025-04-25T03:35:14.905+0000] {dag.py:4180} INFO - Setting next_dagrun for example_dag_decorator to None, run_after=None
[2025-04-25T03:35:15.024+0000] {processor.py:208} INFO - Processing /home/airflow/.local/lib/python3.12/site-packages/airflow/example_dags/example_dag_decorator.py took 1.193 seconds
[2025-04-25T03:35:45.251+0000] {processor.py:186} INFO - Started process (PID=527) to work on /home/airflow/.local/lib/python3.12/site-packages/airflow/example_dags/example_dag_decorator.py
[2025-04-25T03:35:45.253+0000] {processor.py:914} INFO - Processing file /home/airflow/.local/lib/python3.12/site-packages/airflow/example_dags/example_dag_decorator.py for tasks to queue
[2025-04-25T03:35:45.257+0000] {logging_mixin.py:190} INFO - [2025-04-25T03:35:45.256+0000] {dagbag.py:588} INFO - Filling up the DagBag from /home/airflow/.local/lib/python3.12/site-packages/airflow/example_dags/example_dag_decorator.py
[2025-04-25T03:35:45.572+0000] {processor.py:925} INFO - DAG(s) 'example_dag_decorator' retrieved from /home/airflow/.local/lib/python3.12/site-packages/airflow/example_dags/example_dag_decorator.py
[2025-04-25T03:35:46.057+0000] {logging_mixin.py:190} INFO - [2025-04-25T03:35:46.057+0000] {dag.py:3239} INFO - Sync 1 DAGs
[2025-04-25T03:35:46.096+0000] {logging_mixin.py:190} INFO - [2025-04-25T03:35:46.096+0000] {dag.py:4180} INFO - Setting next_dagrun for example_dag_decorator to None, run_after=None
[2025-04-25T03:35:46.162+0000] {processor.py:208} INFO - Processing /home/airflow/.local/lib/python3.12/site-packages/airflow/example_dags/example_dag_decorator.py took 0.922 seconds
[2025-04-25T03:36:18.509+0000] {processor.py:186} INFO - Started process (PID=590) to work on /home/airflow/.local/lib/python3.12/site-packages/airflow/example_dags/example_dag_decorator.py
[2025-04-25T03:36:18.510+0000] {processor.py:914} INFO - Processing file /home/airflow/.local/lib/python3.12/site-packages/airflow/example_dags/example_dag_decorator.py for tasks to queue
[2025-04-25T03:36:18.519+0000] {logging_mixin.py:190} INFO - [2025-04-25T03:36:18.518+0000] {dagbag.py:588} INFO - Filling up the DagBag from /home/airflow/.local/lib/python3.12/site-packages/airflow/example_dags/example_dag_decorator.py
[2025-04-25T03:36:18.821+0000] {processor.py:925} INFO - DAG(s) 'example_dag_decorator' retrieved from /home/airflow/.local/lib/python3.12/site-packages/airflow/example_dags/example_dag_decorator.py
[2025-04-25T03:36:19.160+0000] {logging_mixin.py:190} INFO - [2025-04-25T03:36:19.160+0000] {dag.py:3239} INFO - Sync 1 DAGs
[2025-04-25T03:36:19.198+0000] {logging_mixin.py:190} INFO - [2025-04-25T03:36:19.198+0000] {dag.py:4180} INFO - Setting next_dagrun for example_dag_decorator to None, run_after=None
[2025-04-25T03:36:19.249+0000] {processor.py:208} INFO - Processing /home/airflow/.local/lib/python3.12/site-packages/airflow/example_dags/example_dag_decorator.py took 0.751 seconds
[2025-04-25T03:36:50.595+0000] {processor.py:186} INFO - Started process (PID=653) to work on /home/airflow/.local/lib/python3.12/site-packages/airflow/example_dags/example_dag_decorator.py
[2025-04-25T03:36:50.597+0000] {processor.py:914} INFO - Processing file /home/airflow/.local/lib/python3.12/site-packages/airflow/example_dags/example_dag_decorator.py for tasks to queue
[2025-04-25T03:36:50.602+0000] {logging_mixin.py:190} INFO - [2025-04-25T03:36:50.601+0000] {dagbag.py:588} INFO - Filling up the DagBag from /home/airflow/.local/lib/python3.12/site-packages/airflow/example_dags/example_dag_decorator.py
[2025-04-25T03:36:51.130+0000] {processor.py:925} INFO - DAG(s) 'example_dag_decorator' retrieved from /home/airflow/.local/lib/python3.12/site-packages/airflow/example_dags/example_dag_decorator.py
[2025-04-25T03:36:51.768+0000] {logging_mixin.py:190} INFO - [2025-04-25T03:36:51.765+0000] {dag.py:3239} INFO - Sync 1 DAGs
[2025-04-25T03:36:51.813+0000] {logging_mixin.py:190} INFO - [2025-04-25T03:36:51.812+0000] {dag.py:4180} INFO - Setting next_dagrun for example_dag_decorator to None, run_after=None
[2025-04-25T03:36:51.869+0000] {processor.py:208} INFO - Processing /home/airflow/.local/lib/python3.12/site-packages/airflow/example_dags/example_dag_decorator.py took 1.286 seconds
[2025-04-25T03:37:22.328+0000] {processor.py:186} INFO - Started process (PID=715) to work on /home/airflow/.local/lib/python3.12/site-packages/airflow/example_dags/example_dag_decorator.py
[2025-04-25T03:37:22.333+0000] {processor.py:914} INFO - Processing file /home/airflow/.local/lib/python3.12/site-packages/airflow/example_dags/example_dag_decorator.py for tasks to queue
[2025-04-25T03:37:22.337+0000] {logging_mixin.py:190} INFO - [2025-04-25T03:37:22.337+0000] {dagbag.py:588} INFO - Filling up the DagBag from /home/airflow/.local/lib/python3.12/site-packages/airflow/example_dags/example_dag_decorator.py
[2025-04-25T03:37:22.846+0000] {processor.py:925} INFO - DAG(s) 'example_dag_decorator' retrieved from /home/airflow/.local/lib/python3.12/site-packages/airflow/example_dags/example_dag_decorator.py
[2025-04-25T03:37:23.440+0000] {logging_mixin.py:190} INFO - [2025-04-25T03:37:23.439+0000] {dag.py:3239} INFO - Sync 1 DAGs
[2025-04-25T03:37:23.761+0000] {logging_mixin.py:190} INFO - [2025-04-25T03:37:23.761+0000] {dag.py:4180} INFO - Setting next_dagrun for example_dag_decorator to None, run_after=None
[2025-04-25T03:37:24.046+0000] {processor.py:208} INFO - Processing /home/airflow/.local/lib/python3.12/site-packages/airflow/example_dags/example_dag_decorator.py took 1.740 seconds
