[2025-04-25T03:31:50.879+0000] {processor.py:186} INFO - Started process (PID=73) to work on /home/airflow/.local/lib/python3.12/site-packages/airflow/example_dags/example_inlet_event_extra.py
[2025-04-25T03:31:50.881+0000] {processor.py:914} INFO - Processing file /home/airflow/.local/lib/python3.12/site-packages/airflow/example_dags/example_inlet_event_extra.py for tasks to queue
[2025-04-25T03:31:50.884+0000] {logging_mixin.py:190} INFO - [2025-04-25T03:31:50.884+0000] {dagbag.py:588} INFO - Filling up the DagBag from /home/airflow/.local/lib/python3.12/site-packages/airflow/example_dags/example_inlet_event_extra.py
[2025-04-25T03:31:57.631+0000] {processor.py:925} INFO - DAG(s) 'read_dataset_event', 'read_dataset_event_from_classic' retrieved from /home/airflow/.local/lib/python3.12/site-packages/airflow/example_dags/example_inlet_event_extra.py
[2025-04-25T03:31:57.777+0000] {logging_mixin.py:190} INFO - [2025-04-25T03:31:57.777+0000] {dag.py:3239} INFO - Sync 2 DAGs
[2025-04-25T03:31:57.884+0000] {logging_mixin.py:190} INFO - [2025-04-25T03:31:57.884+0000] {dag.py:4180} INFO - Setting next_dagrun for read_dataset_event to 2025-04-24 00:00:00+00:00, run_after=2025-04-25 00:00:00+00:00
[2025-04-25T03:31:57.909+0000] {logging_mixin.py:190} INFO - [2025-04-25T03:31:57.908+0000] {dag.py:4180} INFO - Setting next_dagrun for read_dataset_event_from_classic to 2025-04-24 00:00:00+00:00, run_after=2025-04-25 00:00:00+00:00
[2025-04-25T03:31:57.986+0000] {processor.py:208} INFO - Processing /home/airflow/.local/lib/python3.12/site-packages/airflow/example_dags/example_inlet_event_extra.py took 7.119 seconds
[2025-04-25T03:32:28.288+0000] {processor.py:186} INFO - Started process (PID=141) to work on /home/airflow/.local/lib/python3.12/site-packages/airflow/example_dags/example_inlet_event_extra.py
[2025-04-25T03:32:28.289+0000] {processor.py:914} INFO - Processing file /home/airflow/.local/lib/python3.12/site-packages/airflow/example_dags/example_inlet_event_extra.py for tasks to queue
[2025-04-25T03:32:28.292+0000] {logging_mixin.py:190} INFO - [2025-04-25T03:32:28.292+0000] {dagbag.py:588} INFO - Filling up the DagBag from /home/airflow/.local/lib/python3.12/site-packages/airflow/example_dags/example_inlet_event_extra.py
[2025-04-25T03:32:28.962+0000] {processor.py:925} INFO - DAG(s) 'read_dataset_event', 'read_dataset_event_from_classic' retrieved from /home/airflow/.local/lib/python3.12/site-packages/airflow/example_dags/example_inlet_event_extra.py
[2025-04-25T03:32:28.989+0000] {logging_mixin.py:190} INFO - [2025-04-25T03:32:28.988+0000] {dag.py:3239} INFO - Sync 2 DAGs
[2025-04-25T03:32:29.020+0000] {logging_mixin.py:190} INFO - [2025-04-25T03:32:29.020+0000] {dag.py:4180} INFO - Setting next_dagrun for read_dataset_event to 2025-04-24 00:00:00+00:00, run_after=2025-04-25 00:00:00+00:00
[2025-04-25T03:32:29.031+0000] {logging_mixin.py:190} INFO - [2025-04-25T03:32:29.030+0000] {dag.py:4180} INFO - Setting next_dagrun for read_dataset_event_from_classic to 2025-04-24 00:00:00+00:00, run_after=2025-04-25 00:00:00+00:00
[2025-04-25T03:32:29.052+0000] {processor.py:208} INFO - Processing /home/airflow/.local/lib/python3.12/site-packages/airflow/example_dags/example_inlet_event_extra.py took 0.770 seconds
[2025-04-25T03:32:59.750+0000] {processor.py:186} INFO - Started process (PID=204) to work on /home/airflow/.local/lib/python3.12/site-packages/airflow/example_dags/example_inlet_event_extra.py
[2025-04-25T03:32:59.751+0000] {processor.py:914} INFO - Processing file /home/airflow/.local/lib/python3.12/site-packages/airflow/example_dags/example_inlet_event_extra.py for tasks to queue
[2025-04-25T03:32:59.755+0000] {logging_mixin.py:190} INFO - [2025-04-25T03:32:59.754+0000] {dagbag.py:588} INFO - Filling up the DagBag from /home/airflow/.local/lib/python3.12/site-packages/airflow/example_dags/example_inlet_event_extra.py
[2025-04-25T03:33:00.721+0000] {processor.py:925} INFO - DAG(s) 'read_dataset_event', 'read_dataset_event_from_classic' retrieved from /home/airflow/.local/lib/python3.12/site-packages/airflow/example_dags/example_inlet_event_extra.py
[2025-04-25T03:33:00.754+0000] {logging_mixin.py:190} INFO - [2025-04-25T03:33:00.754+0000] {dag.py:3239} INFO - Sync 2 DAGs
[2025-04-25T03:33:00.797+0000] {logging_mixin.py:190} INFO - [2025-04-25T03:33:00.796+0000] {dag.py:4180} INFO - Setting next_dagrun for read_dataset_event to 2025-04-24 00:00:00+00:00, run_after=2025-04-25 00:00:00+00:00
[2025-04-25T03:33:00.815+0000] {logging_mixin.py:190} INFO - [2025-04-25T03:33:00.815+0000] {dag.py:4180} INFO - Setting next_dagrun for read_dataset_event_from_classic to 2025-04-24 00:00:00+00:00, run_after=2025-04-25 00:00:00+00:00
[2025-04-25T03:33:00.855+0000] {processor.py:208} INFO - Processing /home/airflow/.local/lib/python3.12/site-packages/airflow/example_dags/example_inlet_event_extra.py took 1.112 seconds
[2025-04-25T03:33:31.482+0000] {processor.py:186} INFO - Started process (PID=270) to work on /home/airflow/.local/lib/python3.12/site-packages/airflow/example_dags/example_inlet_event_extra.py
[2025-04-25T03:33:31.484+0000] {processor.py:914} INFO - Processing file /home/airflow/.local/lib/python3.12/site-packages/airflow/example_dags/example_inlet_event_extra.py for tasks to queue
[2025-04-25T03:33:31.486+0000] {logging_mixin.py:190} INFO - [2025-04-25T03:33:31.486+0000] {dagbag.py:588} INFO - Filling up the DagBag from /home/airflow/.local/lib/python3.12/site-packages/airflow/example_dags/example_inlet_event_extra.py
[2025-04-25T03:33:32.344+0000] {processor.py:925} INFO - DAG(s) 'read_dataset_event', 'read_dataset_event_from_classic' retrieved from /home/airflow/.local/lib/python3.12/site-packages/airflow/example_dags/example_inlet_event_extra.py
[2025-04-25T03:33:32.372+0000] {logging_mixin.py:190} INFO - [2025-04-25T03:33:32.371+0000] {dag.py:3239} INFO - Sync 2 DAGs
[2025-04-25T03:33:32.412+0000] {logging_mixin.py:190} INFO - [2025-04-25T03:33:32.412+0000] {dag.py:4180} INFO - Setting next_dagrun for read_dataset_event to 2025-04-24 00:00:00+00:00, run_after=2025-04-25 00:00:00+00:00
[2025-04-25T03:33:32.422+0000] {logging_mixin.py:190} INFO - [2025-04-25T03:33:32.422+0000] {dag.py:4180} INFO - Setting next_dagrun for read_dataset_event_from_classic to 2025-04-24 00:00:00+00:00, run_after=2025-04-25 00:00:00+00:00
[2025-04-25T03:33:32.473+0000] {processor.py:208} INFO - Processing /home/airflow/.local/lib/python3.12/site-packages/airflow/example_dags/example_inlet_event_extra.py took 0.997 seconds
[2025-04-25T03:34:03.098+0000] {processor.py:186} INFO - Started process (PID=335) to work on /home/airflow/.local/lib/python3.12/site-packages/airflow/example_dags/example_inlet_event_extra.py
[2025-04-25T03:34:03.099+0000] {processor.py:914} INFO - Processing file /home/airflow/.local/lib/python3.12/site-packages/airflow/example_dags/example_inlet_event_extra.py for tasks to queue
[2025-04-25T03:34:03.102+0000] {logging_mixin.py:190} INFO - [2025-04-25T03:34:03.102+0000] {dagbag.py:588} INFO - Filling up the DagBag from /home/airflow/.local/lib/python3.12/site-packages/airflow/example_dags/example_inlet_event_extra.py
[2025-04-25T03:34:04.164+0000] {processor.py:925} INFO - DAG(s) 'read_dataset_event', 'read_dataset_event_from_classic' retrieved from /home/airflow/.local/lib/python3.12/site-packages/airflow/example_dags/example_inlet_event_extra.py
[2025-04-25T03:34:04.199+0000] {logging_mixin.py:190} INFO - [2025-04-25T03:34:04.198+0000] {dag.py:3239} INFO - Sync 2 DAGs
[2025-04-25T03:34:04.242+0000] {logging_mixin.py:190} INFO - [2025-04-25T03:34:04.242+0000] {dag.py:4180} INFO - Setting next_dagrun for read_dataset_event to 2025-04-24 00:00:00+00:00, run_after=2025-04-25 00:00:00+00:00
[2025-04-25T03:34:04.253+0000] {logging_mixin.py:190} INFO - [2025-04-25T03:34:04.253+0000] {dag.py:4180} INFO - Setting next_dagrun for read_dataset_event_from_classic to 2025-04-24 00:00:00+00:00, run_after=2025-04-25 00:00:00+00:00
[2025-04-25T03:34:04.282+0000] {processor.py:208} INFO - Processing /home/airflow/.local/lib/python3.12/site-packages/airflow/example_dags/example_inlet_event_extra.py took 1.190 seconds
[2025-04-25T03:34:35.162+0000] {processor.py:186} INFO - Started process (PID=398) to work on /home/airflow/.local/lib/python3.12/site-packages/airflow/example_dags/example_inlet_event_extra.py
[2025-04-25T03:34:35.164+0000] {processor.py:914} INFO - Processing file /home/airflow/.local/lib/python3.12/site-packages/airflow/example_dags/example_inlet_event_extra.py for tasks to queue
[2025-04-25T03:34:35.168+0000] {logging_mixin.py:190} INFO - [2025-04-25T03:34:35.168+0000] {dagbag.py:588} INFO - Filling up the DagBag from /home/airflow/.local/lib/python3.12/site-packages/airflow/example_dags/example_inlet_event_extra.py
[2025-04-25T03:34:37.341+0000] {processor.py:925} INFO - DAG(s) 'read_dataset_event_from_classic', 'read_dataset_event' retrieved from /home/airflow/.local/lib/python3.12/site-packages/airflow/example_dags/example_inlet_event_extra.py
[2025-04-25T03:34:37.484+0000] {logging_mixin.py:190} INFO - [2025-04-25T03:34:37.483+0000] {dag.py:3239} INFO - Sync 2 DAGs
[2025-04-25T03:34:37.633+0000] {logging_mixin.py:190} INFO - [2025-04-25T03:34:37.632+0000] {dag.py:4180} INFO - Setting next_dagrun for read_dataset_event to 2025-04-24 00:00:00+00:00, run_after=2025-04-25 00:00:00+00:00
[2025-04-25T03:34:37.698+0000] {logging_mixin.py:190} INFO - [2025-04-25T03:34:37.698+0000] {dag.py:4180} INFO - Setting next_dagrun for read_dataset_event_from_classic to 2025-04-24 00:00:00+00:00, run_after=2025-04-25 00:00:00+00:00
[2025-04-25T03:34:37.845+0000] {processor.py:208} INFO - Processing /home/airflow/.local/lib/python3.12/site-packages/airflow/example_dags/example_inlet_event_extra.py took 2.698 seconds
[2025-04-25T03:35:08.144+0000] {processor.py:186} INFO - Started process (PID=459) to work on /home/airflow/.local/lib/python3.12/site-packages/airflow/example_dags/example_inlet_event_extra.py
[2025-04-25T03:35:08.145+0000] {processor.py:914} INFO - Processing file /home/airflow/.local/lib/python3.12/site-packages/airflow/example_dags/example_inlet_event_extra.py for tasks to queue
[2025-04-25T03:35:08.152+0000] {logging_mixin.py:190} INFO - [2025-04-25T03:35:08.152+0000] {dagbag.py:588} INFO - Filling up the DagBag from /home/airflow/.local/lib/python3.12/site-packages/airflow/example_dags/example_inlet_event_extra.py
[2025-04-25T03:35:11.436+0000] {processor.py:925} INFO - DAG(s) 'read_dataset_event', 'read_dataset_event_from_classic' retrieved from /home/airflow/.local/lib/python3.12/site-packages/airflow/example_dags/example_inlet_event_extra.py
[2025-04-25T03:35:11.614+0000] {logging_mixin.py:190} INFO - [2025-04-25T03:35:11.613+0000] {dag.py:3239} INFO - Sync 2 DAGs
[2025-04-25T03:35:11.849+0000] {logging_mixin.py:190} INFO - [2025-04-25T03:35:11.848+0000] {dag.py:4180} INFO - Setting next_dagrun for read_dataset_event to 2025-04-24 00:00:00+00:00, run_after=2025-04-25 00:00:00+00:00
[2025-04-25T03:35:11.897+0000] {logging_mixin.py:190} INFO - [2025-04-25T03:35:11.896+0000] {dag.py:4180} INFO - Setting next_dagrun for read_dataset_event_from_classic to 2025-04-24 00:00:00+00:00, run_after=2025-04-25 00:00:00+00:00
[2025-04-25T03:35:12.024+0000] {processor.py:208} INFO - Processing /home/airflow/.local/lib/python3.12/site-packages/airflow/example_dags/example_inlet_event_extra.py took 3.895 seconds
[2025-04-25T03:35:42.528+0000] {processor.py:186} INFO - Started process (PID=522) to work on /home/airflow/.local/lib/python3.12/site-packages/airflow/example_dags/example_inlet_event_extra.py
[2025-04-25T03:35:42.533+0000] {processor.py:914} INFO - Processing file /home/airflow/.local/lib/python3.12/site-packages/airflow/example_dags/example_inlet_event_extra.py for tasks to queue
[2025-04-25T03:35:42.544+0000] {logging_mixin.py:190} INFO - [2025-04-25T03:35:42.543+0000] {dagbag.py:588} INFO - Filling up the DagBag from /home/airflow/.local/lib/python3.12/site-packages/airflow/example_dags/example_inlet_event_extra.py
[2025-04-25T03:35:43.995+0000] {processor.py:925} INFO - DAG(s) 'read_dataset_event', 'read_dataset_event_from_classic' retrieved from /home/airflow/.local/lib/python3.12/site-packages/airflow/example_dags/example_inlet_event_extra.py
[2025-04-25T03:35:44.095+0000] {logging_mixin.py:190} INFO - [2025-04-25T03:35:44.095+0000] {dag.py:3239} INFO - Sync 2 DAGs
[2025-04-25T03:35:44.247+0000] {logging_mixin.py:190} INFO - [2025-04-25T03:35:44.246+0000] {dag.py:4180} INFO - Setting next_dagrun for read_dataset_event to 2025-04-24 00:00:00+00:00, run_after=2025-04-25 00:00:00+00:00
[2025-04-25T03:35:44.302+0000] {logging_mixin.py:190} INFO - [2025-04-25T03:35:44.301+0000] {dag.py:4180} INFO - Setting next_dagrun for read_dataset_event_from_classic to 2025-04-24 00:00:00+00:00, run_after=2025-04-25 00:00:00+00:00
[2025-04-25T03:35:44.400+0000] {processor.py:208} INFO - Processing /home/airflow/.local/lib/python3.12/site-packages/airflow/example_dags/example_inlet_event_extra.py took 1.893 seconds
[2025-04-25T03:36:15.271+0000] {processor.py:186} INFO - Started process (PID=586) to work on /home/airflow/.local/lib/python3.12/site-packages/airflow/example_dags/example_inlet_event_extra.py
[2025-04-25T03:36:15.272+0000] {processor.py:914} INFO - Processing file /home/airflow/.local/lib/python3.12/site-packages/airflow/example_dags/example_inlet_event_extra.py for tasks to queue
[2025-04-25T03:36:15.276+0000] {logging_mixin.py:190} INFO - [2025-04-25T03:36:15.275+0000] {dagbag.py:588} INFO - Filling up the DagBag from /home/airflow/.local/lib/python3.12/site-packages/airflow/example_dags/example_inlet_event_extra.py
[2025-04-25T03:36:17.990+0000] {processor.py:925} INFO - DAG(s) 'read_dataset_event', 'read_dataset_event_from_classic' retrieved from /home/airflow/.local/lib/python3.12/site-packages/airflow/example_dags/example_inlet_event_extra.py
[2025-04-25T03:36:18.124+0000] {logging_mixin.py:190} INFO - [2025-04-25T03:36:18.123+0000] {dag.py:3239} INFO - Sync 2 DAGs
[2025-04-25T03:36:18.223+0000] {logging_mixin.py:190} INFO - [2025-04-25T03:36:18.222+0000] {dag.py:4180} INFO - Setting next_dagrun for read_dataset_event to 2025-04-24 00:00:00+00:00, run_after=2025-04-25 00:00:00+00:00
[2025-04-25T03:36:18.240+0000] {logging_mixin.py:190} INFO - [2025-04-25T03:36:18.239+0000] {dag.py:4180} INFO - Setting next_dagrun for read_dataset_event_from_classic to 2025-04-24 00:00:00+00:00, run_after=2025-04-25 00:00:00+00:00
[2025-04-25T03:36:18.298+0000] {processor.py:208} INFO - Processing /home/airflow/.local/lib/python3.12/site-packages/airflow/example_dags/example_inlet_event_extra.py took 3.042 seconds
[2025-04-25T03:36:48.472+0000] {processor.py:186} INFO - Started process (PID=650) to work on /home/airflow/.local/lib/python3.12/site-packages/airflow/example_dags/example_inlet_event_extra.py
[2025-04-25T03:36:48.474+0000] {processor.py:914} INFO - Processing file /home/airflow/.local/lib/python3.12/site-packages/airflow/example_dags/example_inlet_event_extra.py for tasks to queue
[2025-04-25T03:36:48.481+0000] {logging_mixin.py:190} INFO - [2025-04-25T03:36:48.480+0000] {dagbag.py:588} INFO - Filling up the DagBag from /home/airflow/.local/lib/python3.12/site-packages/airflow/example_dags/example_inlet_event_extra.py
[2025-04-25T03:36:50.328+0000] {processor.py:925} INFO - DAG(s) 'read_dataset_event', 'read_dataset_event_from_classic' retrieved from /home/airflow/.local/lib/python3.12/site-packages/airflow/example_dags/example_inlet_event_extra.py
[2025-04-25T03:36:50.373+0000] {logging_mixin.py:190} INFO - [2025-04-25T03:36:50.372+0000] {dag.py:3239} INFO - Sync 2 DAGs
[2025-04-25T03:36:50.432+0000] {logging_mixin.py:190} INFO - [2025-04-25T03:36:50.431+0000] {dag.py:4180} INFO - Setting next_dagrun for read_dataset_event to 2025-04-24 00:00:00+00:00, run_after=2025-04-25 00:00:00+00:00
[2025-04-25T03:36:50.446+0000] {logging_mixin.py:190} INFO - [2025-04-25T03:36:50.445+0000] {dag.py:4180} INFO - Setting next_dagrun for read_dataset_event_from_classic to 2025-04-24 00:00:00+00:00, run_after=2025-04-25 00:00:00+00:00
[2025-04-25T03:36:50.494+0000] {processor.py:208} INFO - Processing /home/airflow/.local/lib/python3.12/site-packages/airflow/example_dags/example_inlet_event_extra.py took 2.034 seconds
[2025-04-25T03:37:21.200+0000] {processor.py:186} INFO - Started process (PID=714) to work on /home/airflow/.local/lib/python3.12/site-packages/airflow/example_dags/example_inlet_event_extra.py
[2025-04-25T03:37:21.205+0000] {processor.py:914} INFO - Processing file /home/airflow/.local/lib/python3.12/site-packages/airflow/example_dags/example_inlet_event_extra.py for tasks to queue
[2025-04-25T03:37:21.226+0000] {logging_mixin.py:190} INFO - [2025-04-25T03:37:21.226+0000] {dagbag.py:588} INFO - Filling up the DagBag from /home/airflow/.local/lib/python3.12/site-packages/airflow/example_dags/example_inlet_event_extra.py
[2025-04-25T03:37:24.444+0000] {processor.py:925} INFO - DAG(s) 'read_dataset_event_from_classic', 'read_dataset_event' retrieved from /home/airflow/.local/lib/python3.12/site-packages/airflow/example_dags/example_inlet_event_extra.py
[2025-04-25T03:37:24.555+0000] {logging_mixin.py:190} INFO - [2025-04-25T03:37:24.555+0000] {dag.py:3239} INFO - Sync 2 DAGs
[2025-04-25T03:37:24.701+0000] {logging_mixin.py:190} INFO - [2025-04-25T03:37:24.700+0000] {dag.py:4180} INFO - Setting next_dagrun for read_dataset_event to 2025-04-24 00:00:00+00:00, run_after=2025-04-25 00:00:00+00:00
[2025-04-25T03:37:24.760+0000] {logging_mixin.py:190} INFO - [2025-04-25T03:37:24.751+0000] {dag.py:4180} INFO - Setting next_dagrun for read_dataset_event_from_classic to 2025-04-24 00:00:00+00:00, run_after=2025-04-25 00:00:00+00:00
[2025-04-25T03:37:24.897+0000] {processor.py:208} INFO - Processing /home/airflow/.local/lib/python3.12/site-packages/airflow/example_dags/example_inlet_event_extra.py took 3.709 seconds
