[2025-04-25T03:32:08.935+0000] {processor.py:186} INFO - Started process (PID=116) to work on /home/airflow/.local/lib/python3.12/site-packages/airflow/example_dags/example_skip_dag.py
[2025-04-25T03:32:08.937+0000] {processor.py:914} INFO - Processing file /home/airflow/.local/lib/python3.12/site-packages/airflow/example_dags/example_skip_dag.py for tasks to queue
[2025-04-25T03:32:08.941+0000] {logging_mixin.py:190} INFO - [2025-04-25T03:32:08.940+0000] {dagbag.py:588} INFO - Filling up the DagBag from /home/airflow/.local/lib/python3.12/site-packages/airflow/example_dags/example_skip_dag.py
[2025-04-25T03:32:08.956+0000] {processor.py:925} INFO - DAG(s) 'example_skip_dag' retrieved from /home/airflow/.local/lib/python3.12/site-packages/airflow/example_dags/example_skip_dag.py
[2025-04-25T03:32:09.084+0000] {logging_mixin.py:190} INFO - [2025-04-25T03:32:09.084+0000] {dag.py:3239} INFO - Sync 1 DAGs
[2025-04-25T03:32:09.156+0000] {logging_mixin.py:190} INFO - [2025-04-25T03:32:09.156+0000] {dag.py:4180} INFO - Setting next_dagrun for example_skip_dag to 2025-04-24 00:00:00+00:00, run_after=2025-04-25 00:00:00+00:00
[2025-04-25T03:32:09.197+0000] {processor.py:208} INFO - Processing /home/airflow/.local/lib/python3.12/site-packages/airflow/example_dags/example_skip_dag.py took 0.270 seconds
[2025-04-25T03:32:41.363+0000] {processor.py:186} INFO - Started process (PID=179) to work on /home/airflow/.local/lib/python3.12/site-packages/airflow/example_dags/example_skip_dag.py
[2025-04-25T03:32:41.365+0000] {processor.py:914} INFO - Processing file /home/airflow/.local/lib/python3.12/site-packages/airflow/example_dags/example_skip_dag.py for tasks to queue
[2025-04-25T03:32:41.373+0000] {logging_mixin.py:190} INFO - [2025-04-25T03:32:41.373+0000] {dagbag.py:588} INFO - Filling up the DagBag from /home/airflow/.local/lib/python3.12/site-packages/airflow/example_dags/example_skip_dag.py
[2025-04-25T03:32:41.390+0000] {processor.py:925} INFO - DAG(s) 'example_skip_dag' retrieved from /home/airflow/.local/lib/python3.12/site-packages/airflow/example_dags/example_skip_dag.py
[2025-04-25T03:32:41.434+0000] {logging_mixin.py:190} INFO - [2025-04-25T03:32:41.434+0000] {dag.py:3239} INFO - Sync 1 DAGs
[2025-04-25T03:32:41.509+0000] {logging_mixin.py:190} INFO - [2025-04-25T03:32:41.508+0000] {dag.py:4180} INFO - Setting next_dagrun for example_skip_dag to 2025-04-24 00:00:00+00:00, run_after=2025-04-25 00:00:00+00:00
[2025-04-25T03:32:41.550+0000] {processor.py:208} INFO - Processing /home/airflow/.local/lib/python3.12/site-packages/airflow/example_dags/example_skip_dag.py took 0.197 seconds
[2025-04-25T03:33:12.137+0000] {processor.py:186} INFO - Started process (PID=241) to work on /home/airflow/.local/lib/python3.12/site-packages/airflow/example_dags/example_skip_dag.py
[2025-04-25T03:33:12.144+0000] {processor.py:914} INFO - Processing file /home/airflow/.local/lib/python3.12/site-packages/airflow/example_dags/example_skip_dag.py for tasks to queue
[2025-04-25T03:33:12.148+0000] {logging_mixin.py:190} INFO - [2025-04-25T03:33:12.148+0000] {dagbag.py:588} INFO - Filling up the DagBag from /home/airflow/.local/lib/python3.12/site-packages/airflow/example_dags/example_skip_dag.py
[2025-04-25T03:33:12.167+0000] {processor.py:925} INFO - DAG(s) 'example_skip_dag' retrieved from /home/airflow/.local/lib/python3.12/site-packages/airflow/example_dags/example_skip_dag.py
[2025-04-25T03:33:12.222+0000] {logging_mixin.py:190} INFO - [2025-04-25T03:33:12.222+0000] {dag.py:3239} INFO - Sync 1 DAGs
[2025-04-25T03:33:12.258+0000] {logging_mixin.py:190} INFO - [2025-04-25T03:33:12.257+0000] {dag.py:4180} INFO - Setting next_dagrun for example_skip_dag to 2025-04-24 00:00:00+00:00, run_after=2025-04-25 00:00:00+00:00
[2025-04-25T03:33:12.311+0000] {processor.py:208} INFO - Processing /home/airflow/.local/lib/python3.12/site-packages/airflow/example_dags/example_skip_dag.py took 0.195 seconds
[2025-04-25T03:33:42.503+0000] {processor.py:186} INFO - Started process (PID=304) to work on /home/airflow/.local/lib/python3.12/site-packages/airflow/example_dags/example_skip_dag.py
[2025-04-25T03:33:42.505+0000] {processor.py:914} INFO - Processing file /home/airflow/.local/lib/python3.12/site-packages/airflow/example_dags/example_skip_dag.py for tasks to queue
[2025-04-25T03:33:42.510+0000] {logging_mixin.py:190} INFO - [2025-04-25T03:33:42.509+0000] {dagbag.py:588} INFO - Filling up the DagBag from /home/airflow/.local/lib/python3.12/site-packages/airflow/example_dags/example_skip_dag.py
[2025-04-25T03:33:42.528+0000] {processor.py:925} INFO - DAG(s) 'example_skip_dag' retrieved from /home/airflow/.local/lib/python3.12/site-packages/airflow/example_dags/example_skip_dag.py
[2025-04-25T03:33:42.555+0000] {logging_mixin.py:190} INFO - [2025-04-25T03:33:42.555+0000] {dag.py:3239} INFO - Sync 1 DAGs
[2025-04-25T03:33:42.586+0000] {logging_mixin.py:190} INFO - [2025-04-25T03:33:42.586+0000] {dag.py:4180} INFO - Setting next_dagrun for example_skip_dag to 2025-04-24 00:00:00+00:00, run_after=2025-04-25 00:00:00+00:00
[2025-04-25T03:33:42.614+0000] {processor.py:208} INFO - Processing /home/airflow/.local/lib/python3.12/site-packages/airflow/example_dags/example_skip_dag.py took 0.121 seconds
[2025-04-25T03:34:12.826+0000] {processor.py:186} INFO - Started process (PID=366) to work on /home/airflow/.local/lib/python3.12/site-packages/airflow/example_dags/example_skip_dag.py
[2025-04-25T03:34:12.827+0000] {processor.py:914} INFO - Processing file /home/airflow/.local/lib/python3.12/site-packages/airflow/example_dags/example_skip_dag.py for tasks to queue
[2025-04-25T03:34:12.830+0000] {logging_mixin.py:190} INFO - [2025-04-25T03:34:12.829+0000] {dagbag.py:588} INFO - Filling up the DagBag from /home/airflow/.local/lib/python3.12/site-packages/airflow/example_dags/example_skip_dag.py
[2025-04-25T03:34:12.840+0000] {processor.py:925} INFO - DAG(s) 'example_skip_dag' retrieved from /home/airflow/.local/lib/python3.12/site-packages/airflow/example_dags/example_skip_dag.py
[2025-04-25T03:34:12.870+0000] {logging_mixin.py:190} INFO - [2025-04-25T03:34:12.870+0000] {dag.py:3239} INFO - Sync 1 DAGs
[2025-04-25T03:34:12.899+0000] {logging_mixin.py:190} INFO - [2025-04-25T03:34:12.899+0000] {dag.py:4180} INFO - Setting next_dagrun for example_skip_dag to 2025-04-24 00:00:00+00:00, run_after=2025-04-25 00:00:00+00:00
[2025-04-25T03:34:12.930+0000] {processor.py:208} INFO - Processing /home/airflow/.local/lib/python3.12/site-packages/airflow/example_dags/example_skip_dag.py took 0.111 seconds
[2025-04-25T03:34:48.909+0000] {processor.py:186} INFO - Started process (PID=429) to work on /home/airflow/.local/lib/python3.12/site-packages/airflow/example_dags/example_skip_dag.py
[2025-04-25T03:34:48.911+0000] {processor.py:914} INFO - Processing file /home/airflow/.local/lib/python3.12/site-packages/airflow/example_dags/example_skip_dag.py for tasks to queue
[2025-04-25T03:34:48.916+0000] {logging_mixin.py:190} INFO - [2025-04-25T03:34:48.915+0000] {dagbag.py:588} INFO - Filling up the DagBag from /home/airflow/.local/lib/python3.12/site-packages/airflow/example_dags/example_skip_dag.py
[2025-04-25T03:34:48.940+0000] {processor.py:925} INFO - DAG(s) 'example_skip_dag' retrieved from /home/airflow/.local/lib/python3.12/site-packages/airflow/example_dags/example_skip_dag.py
[2025-04-25T03:34:49.008+0000] {logging_mixin.py:190} INFO - [2025-04-25T03:34:49.008+0000] {dag.py:3239} INFO - Sync 1 DAGs
[2025-04-25T03:34:49.078+0000] {logging_mixin.py:190} INFO - [2025-04-25T03:34:49.077+0000] {dag.py:4180} INFO - Setting next_dagrun for example_skip_dag to 2025-04-24 00:00:00+00:00, run_after=2025-04-25 00:00:00+00:00
[2025-04-25T03:34:49.133+0000] {processor.py:208} INFO - Processing /home/airflow/.local/lib/python3.12/site-packages/airflow/example_dags/example_skip_dag.py took 0.238 seconds
[2025-04-25T03:35:21.680+0000] {processor.py:186} INFO - Started process (PID=490) to work on /home/airflow/.local/lib/python3.12/site-packages/airflow/example_dags/example_skip_dag.py
[2025-04-25T03:35:21.685+0000] {processor.py:914} INFO - Processing file /home/airflow/.local/lib/python3.12/site-packages/airflow/example_dags/example_skip_dag.py for tasks to queue
[2025-04-25T03:35:21.691+0000] {logging_mixin.py:190} INFO - [2025-04-25T03:35:21.691+0000] {dagbag.py:588} INFO - Filling up the DagBag from /home/airflow/.local/lib/python3.12/site-packages/airflow/example_dags/example_skip_dag.py
[2025-04-25T03:35:21.712+0000] {processor.py:925} INFO - DAG(s) 'example_skip_dag' retrieved from /home/airflow/.local/lib/python3.12/site-packages/airflow/example_dags/example_skip_dag.py
[2025-04-25T03:35:21.782+0000] {logging_mixin.py:190} INFO - [2025-04-25T03:35:21.782+0000] {dag.py:3239} INFO - Sync 1 DAGs
[2025-04-25T03:35:21.853+0000] {logging_mixin.py:190} INFO - [2025-04-25T03:35:21.852+0000] {dag.py:4180} INFO - Setting next_dagrun for example_skip_dag to 2025-04-24 00:00:00+00:00, run_after=2025-04-25 00:00:00+00:00
[2025-04-25T03:35:21.901+0000] {processor.py:208} INFO - Processing /home/airflow/.local/lib/python3.12/site-packages/airflow/example_dags/example_skip_dag.py took 0.236 seconds
[2025-04-25T03:35:54.761+0000] {processor.py:186} INFO - Started process (PID=560) to work on /home/airflow/.local/lib/python3.12/site-packages/airflow/example_dags/example_skip_dag.py
[2025-04-25T03:35:54.762+0000] {processor.py:914} INFO - Processing file /home/airflow/.local/lib/python3.12/site-packages/airflow/example_dags/example_skip_dag.py for tasks to queue
[2025-04-25T03:35:54.766+0000] {logging_mixin.py:190} INFO - [2025-04-25T03:35:54.765+0000] {dagbag.py:588} INFO - Filling up the DagBag from /home/airflow/.local/lib/python3.12/site-packages/airflow/example_dags/example_skip_dag.py
[2025-04-25T03:35:54.784+0000] {processor.py:925} INFO - DAG(s) 'example_skip_dag' retrieved from /home/airflow/.local/lib/python3.12/site-packages/airflow/example_dags/example_skip_dag.py
[2025-04-25T03:35:54.820+0000] {logging_mixin.py:190} INFO - [2025-04-25T03:35:54.819+0000] {dag.py:3239} INFO - Sync 1 DAGs
[2025-04-25T03:35:54.865+0000] {logging_mixin.py:190} INFO - [2025-04-25T03:35:54.865+0000] {dag.py:4180} INFO - Setting next_dagrun for example_skip_dag to 2025-04-24 00:00:00+00:00, run_after=2025-04-25 00:00:00+00:00
[2025-04-25T03:35:54.903+0000] {processor.py:208} INFO - Processing /home/airflow/.local/lib/python3.12/site-packages/airflow/example_dags/example_skip_dag.py took 0.151 seconds
[2025-04-25T03:36:37.197+0000] {processor.py:186} INFO - Started process (PID=629) to work on /home/airflow/.local/lib/python3.12/site-packages/airflow/example_dags/example_skip_dag.py
[2025-04-25T03:36:37.209+0000] {processor.py:914} INFO - Processing file /home/airflow/.local/lib/python3.12/site-packages/airflow/example_dags/example_skip_dag.py for tasks to queue
[2025-04-25T03:36:37.232+0000] {logging_mixin.py:190} INFO - [2025-04-25T03:36:37.232+0000] {dagbag.py:588} INFO - Filling up the DagBag from /home/airflow/.local/lib/python3.12/site-packages/airflow/example_dags/example_skip_dag.py
[2025-04-25T03:36:37.301+0000] {processor.py:925} INFO - DAG(s) 'example_skip_dag' retrieved from /home/airflow/.local/lib/python3.12/site-packages/airflow/example_dags/example_skip_dag.py
[2025-04-25T03:36:37.493+0000] {logging_mixin.py:190} INFO - [2025-04-25T03:36:37.492+0000] {dag.py:3239} INFO - Sync 1 DAGs
[2025-04-25T03:36:37.640+0000] {logging_mixin.py:190} INFO - [2025-04-25T03:36:37.639+0000] {dag.py:4180} INFO - Setting next_dagrun for example_skip_dag to 2025-04-24 00:00:00+00:00, run_after=2025-04-25 00:00:00+00:00
[2025-04-25T03:36:37.773+0000] {processor.py:208} INFO - Processing /home/airflow/.local/lib/python3.12/site-packages/airflow/example_dags/example_skip_dag.py took 0.593 seconds
[2025-04-25T03:37:08.059+0000] {processor.py:186} INFO - Started process (PID=691) to work on /home/airflow/.local/lib/python3.12/site-packages/airflow/example_dags/example_skip_dag.py
[2025-04-25T03:37:08.061+0000] {processor.py:914} INFO - Processing file /home/airflow/.local/lib/python3.12/site-packages/airflow/example_dags/example_skip_dag.py for tasks to queue
[2025-04-25T03:37:08.065+0000] {logging_mixin.py:190} INFO - [2025-04-25T03:37:08.065+0000] {dagbag.py:588} INFO - Filling up the DagBag from /home/airflow/.local/lib/python3.12/site-packages/airflow/example_dags/example_skip_dag.py
[2025-04-25T03:37:08.080+0000] {processor.py:925} INFO - DAG(s) 'example_skip_dag' retrieved from /home/airflow/.local/lib/python3.12/site-packages/airflow/example_dags/example_skip_dag.py
[2025-04-25T03:37:08.148+0000] {logging_mixin.py:190} INFO - [2025-04-25T03:37:08.147+0000] {dag.py:3239} INFO - Sync 1 DAGs
[2025-04-25T03:37:08.208+0000] {logging_mixin.py:190} INFO - [2025-04-25T03:37:08.207+0000] {dag.py:4180} INFO - Setting next_dagrun for example_skip_dag to 2025-04-24 00:00:00+00:00, run_after=2025-04-25 00:00:00+00:00
[2025-04-25T03:37:08.334+0000] {processor.py:208} INFO - Processing /home/airflow/.local/lib/python3.12/site-packages/airflow/example_dags/example_skip_dag.py took 0.287 seconds
