[2025-04-25T03:32:03.269+0000] {processor.py:186} INFO - Started process (PID=93) to work on /home/airflow/.local/lib/python3.12/site-packages/airflow/example_dags/example_sla_dag.py
[2025-04-25T03:32:03.271+0000] {processor.py:914} INFO - Processing file /home/airflow/.local/lib/python3.12/site-packages/airflow/example_dags/example_sla_dag.py for tasks to queue
[2025-04-25T03:32:03.298+0000] {logging_mixin.py:190} INFO - [2025-04-25T03:32:03.297+0000] {dagbag.py:588} INFO - Filling up the DagBag from /home/airflow/.local/lib/python3.12/site-packages/airflow/example_dags/example_sla_dag.py
[2025-04-25T03:32:03.334+0000] {processor.py:925} INFO - DAG(s) 'example_sla_dag' retrieved from /home/airflow/.local/lib/python3.12/site-packages/airflow/example_dags/example_sla_dag.py
[2025-04-25T03:32:03.409+0000] {logging_mixin.py:190} INFO - [2025-04-25T03:32:03.409+0000] {dag.py:3239} INFO - Sync 1 DAGs
[2025-04-25T03:32:03.492+0000] {logging_mixin.py:190} INFO - [2025-04-25T03:32:03.492+0000] {dag.py:4180} INFO - Setting next_dagrun for example_sla_dag to 2025-04-25 03:30:00+00:00, run_after=2025-04-25 03:32:00+00:00
[2025-04-25T03:32:03.569+0000] {processor.py:208} INFO - Processing /home/airflow/.local/lib/python3.12/site-packages/airflow/example_dags/example_sla_dag.py took 0.321 seconds
[2025-04-25T03:32:34.283+0000] {processor.py:186} INFO - Started process (PID=155) to work on /home/airflow/.local/lib/python3.12/site-packages/airflow/example_dags/example_sla_dag.py
[2025-04-25T03:32:34.285+0000] {processor.py:914} INFO - Processing file /home/airflow/.local/lib/python3.12/site-packages/airflow/example_dags/example_sla_dag.py for tasks to queue
[2025-04-25T03:32:34.290+0000] {logging_mixin.py:190} INFO - [2025-04-25T03:32:34.289+0000] {dagbag.py:588} INFO - Filling up the DagBag from /home/airflow/.local/lib/python3.12/site-packages/airflow/example_dags/example_sla_dag.py
[2025-04-25T03:32:34.337+0000] {processor.py:925} INFO - DAG(s) 'example_sla_dag' retrieved from /home/airflow/.local/lib/python3.12/site-packages/airflow/example_dags/example_sla_dag.py
[2025-04-25T03:32:34.402+0000] {logging_mixin.py:190} INFO - [2025-04-25T03:32:34.401+0000] {dag.py:3239} INFO - Sync 1 DAGs
[2025-04-25T03:32:34.528+0000] {logging_mixin.py:190} INFO - [2025-04-25T03:32:34.527+0000] {dag.py:4180} INFO - Setting next_dagrun for example_sla_dag to 2025-04-25 03:30:00+00:00, run_after=2025-04-25 03:32:00+00:00
[2025-04-25T03:32:34.566+0000] {processor.py:208} INFO - Processing /home/airflow/.local/lib/python3.12/site-packages/airflow/example_dags/example_sla_dag.py took 0.296 seconds
[2025-04-25T03:33:05.027+0000] {processor.py:186} INFO - Started process (PID=218) to work on /home/airflow/.local/lib/python3.12/site-packages/airflow/example_dags/example_sla_dag.py
[2025-04-25T03:33:05.029+0000] {processor.py:914} INFO - Processing file /home/airflow/.local/lib/python3.12/site-packages/airflow/example_dags/example_sla_dag.py for tasks to queue
[2025-04-25T03:33:05.032+0000] {logging_mixin.py:190} INFO - [2025-04-25T03:33:05.031+0000] {dagbag.py:588} INFO - Filling up the DagBag from /home/airflow/.local/lib/python3.12/site-packages/airflow/example_dags/example_sla_dag.py
[2025-04-25T03:33:05.046+0000] {processor.py:925} INFO - DAG(s) 'example_sla_dag' retrieved from /home/airflow/.local/lib/python3.12/site-packages/airflow/example_dags/example_sla_dag.py
[2025-04-25T03:33:05.070+0000] {logging_mixin.py:190} INFO - [2025-04-25T03:33:05.070+0000] {dag.py:3239} INFO - Sync 1 DAGs
[2025-04-25T03:33:05.103+0000] {logging_mixin.py:190} INFO - [2025-04-25T03:33:05.103+0000] {dag.py:4180} INFO - Setting next_dagrun for example_sla_dag to 2025-04-25 03:30:00+00:00, run_after=2025-04-25 03:32:00+00:00
[2025-04-25T03:33:05.140+0000] {processor.py:208} INFO - Processing /home/airflow/.local/lib/python3.12/site-packages/airflow/example_dags/example_sla_dag.py took 0.123 seconds
[2025-04-25T03:33:35.373+0000] {processor.py:186} INFO - Started process (PID=280) to work on /home/airflow/.local/lib/python3.12/site-packages/airflow/example_dags/example_sla_dag.py
[2025-04-25T03:33:35.374+0000] {processor.py:914} INFO - Processing file /home/airflow/.local/lib/python3.12/site-packages/airflow/example_dags/example_sla_dag.py for tasks to queue
[2025-04-25T03:33:35.377+0000] {logging_mixin.py:190} INFO - [2025-04-25T03:33:35.377+0000] {dagbag.py:588} INFO - Filling up the DagBag from /home/airflow/.local/lib/python3.12/site-packages/airflow/example_dags/example_sla_dag.py
[2025-04-25T03:33:35.391+0000] {processor.py:925} INFO - DAG(s) 'example_sla_dag' retrieved from /home/airflow/.local/lib/python3.12/site-packages/airflow/example_dags/example_sla_dag.py
[2025-04-25T03:33:35.416+0000] {logging_mixin.py:190} INFO - [2025-04-25T03:33:35.416+0000] {dag.py:3239} INFO - Sync 1 DAGs
[2025-04-25T03:33:35.456+0000] {logging_mixin.py:190} INFO - [2025-04-25T03:33:35.455+0000] {dag.py:4180} INFO - Setting next_dagrun for example_sla_dag to 2025-04-25 03:30:00+00:00, run_after=2025-04-25 03:32:00+00:00
[2025-04-25T03:33:35.483+0000] {processor.py:208} INFO - Processing /home/airflow/.local/lib/python3.12/site-packages/airflow/example_dags/example_sla_dag.py took 0.119 seconds
[2025-04-25T03:34:06.074+0000] {processor.py:186} INFO - Started process (PID=343) to work on /home/airflow/.local/lib/python3.12/site-packages/airflow/example_dags/example_sla_dag.py
[2025-04-25T03:34:06.075+0000] {processor.py:914} INFO - Processing file /home/airflow/.local/lib/python3.12/site-packages/airflow/example_dags/example_sla_dag.py for tasks to queue
[2025-04-25T03:34:06.079+0000] {logging_mixin.py:190} INFO - [2025-04-25T03:34:06.078+0000] {dagbag.py:588} INFO - Filling up the DagBag from /home/airflow/.local/lib/python3.12/site-packages/airflow/example_dags/example_sla_dag.py
[2025-04-25T03:34:06.093+0000] {processor.py:925} INFO - DAG(s) 'example_sla_dag' retrieved from /home/airflow/.local/lib/python3.12/site-packages/airflow/example_dags/example_sla_dag.py
[2025-04-25T03:34:06.117+0000] {logging_mixin.py:190} INFO - [2025-04-25T03:34:06.117+0000] {dag.py:3239} INFO - Sync 1 DAGs
[2025-04-25T03:34:06.149+0000] {logging_mixin.py:190} INFO - [2025-04-25T03:34:06.149+0000] {dag.py:4180} INFO - Setting next_dagrun for example_sla_dag to 2025-04-25 03:32:00+00:00, run_after=2025-04-25 03:34:00+00:00
[2025-04-25T03:34:06.185+0000] {processor.py:208} INFO - Processing /home/airflow/.local/lib/python3.12/site-packages/airflow/example_dags/example_sla_dag.py took 0.119 seconds
[2025-04-25T03:34:41.143+0000] {processor.py:186} INFO - Started process (PID=406) to work on /home/airflow/.local/lib/python3.12/site-packages/airflow/example_dags/example_sla_dag.py
[2025-04-25T03:34:41.146+0000] {processor.py:914} INFO - Processing file /home/airflow/.local/lib/python3.12/site-packages/airflow/example_dags/example_sla_dag.py for tasks to queue
[2025-04-25T03:34:41.178+0000] {logging_mixin.py:190} INFO - [2025-04-25T03:34:41.177+0000] {dagbag.py:588} INFO - Filling up the DagBag from /home/airflow/.local/lib/python3.12/site-packages/airflow/example_dags/example_sla_dag.py
[2025-04-25T03:34:41.244+0000] {processor.py:925} INFO - DAG(s) 'example_sla_dag' retrieved from /home/airflow/.local/lib/python3.12/site-packages/airflow/example_dags/example_sla_dag.py
[2025-04-25T03:34:41.335+0000] {logging_mixin.py:190} INFO - [2025-04-25T03:34:41.334+0000] {dag.py:3239} INFO - Sync 1 DAGs
[2025-04-25T03:34:41.479+0000] {logging_mixin.py:190} INFO - [2025-04-25T03:34:41.479+0000] {dag.py:4180} INFO - Setting next_dagrun for example_sla_dag to 2025-04-25 03:32:00+00:00, run_after=2025-04-25 03:34:00+00:00
[2025-04-25T03:34:41.576+0000] {processor.py:208} INFO - Processing /home/airflow/.local/lib/python3.12/site-packages/airflow/example_dags/example_sla_dag.py took 0.444 seconds
[2025-04-25T03:35:15.726+0000] {processor.py:186} INFO - Started process (PID=468) to work on /home/airflow/.local/lib/python3.12/site-packages/airflow/example_dags/example_sla_dag.py
[2025-04-25T03:35:15.735+0000] {processor.py:914} INFO - Processing file /home/airflow/.local/lib/python3.12/site-packages/airflow/example_dags/example_sla_dag.py for tasks to queue
[2025-04-25T03:35:15.767+0000] {logging_mixin.py:190} INFO - [2025-04-25T03:35:15.749+0000] {dagbag.py:588} INFO - Filling up the DagBag from /home/airflow/.local/lib/python3.12/site-packages/airflow/example_dags/example_sla_dag.py
[2025-04-25T03:35:15.842+0000] {processor.py:925} INFO - DAG(s) 'example_sla_dag' retrieved from /home/airflow/.local/lib/python3.12/site-packages/airflow/example_dags/example_sla_dag.py
[2025-04-25T03:35:15.953+0000] {logging_mixin.py:190} INFO - [2025-04-25T03:35:15.952+0000] {dag.py:3239} INFO - Sync 1 DAGs
[2025-04-25T03:35:16.081+0000] {logging_mixin.py:190} INFO - [2025-04-25T03:35:16.080+0000] {dag.py:4180} INFO - Setting next_dagrun for example_sla_dag to 2025-04-25 03:32:00+00:00, run_after=2025-04-25 03:34:00+00:00
[2025-04-25T03:35:16.145+0000] {processor.py:208} INFO - Processing /home/airflow/.local/lib/python3.12/site-packages/airflow/example_dags/example_sla_dag.py took 0.440 seconds
[2025-04-25T03:35:46.885+0000] {processor.py:186} INFO - Started process (PID=531) to work on /home/airflow/.local/lib/python3.12/site-packages/airflow/example_dags/example_sla_dag.py
[2025-04-25T03:35:46.891+0000] {processor.py:914} INFO - Processing file /home/airflow/.local/lib/python3.12/site-packages/airflow/example_dags/example_sla_dag.py for tasks to queue
[2025-04-25T03:35:46.910+0000] {logging_mixin.py:190} INFO - [2025-04-25T03:35:46.900+0000] {dagbag.py:588} INFO - Filling up the DagBag from /home/airflow/.local/lib/python3.12/site-packages/airflow/example_dags/example_sla_dag.py
[2025-04-25T03:35:46.930+0000] {processor.py:925} INFO - DAG(s) 'example_sla_dag' retrieved from /home/airflow/.local/lib/python3.12/site-packages/airflow/example_dags/example_sla_dag.py
[2025-04-25T03:35:46.992+0000] {logging_mixin.py:190} INFO - [2025-04-25T03:35:46.992+0000] {dag.py:3239} INFO - Sync 1 DAGs
[2025-04-25T03:35:47.067+0000] {logging_mixin.py:190} INFO - [2025-04-25T03:35:47.066+0000] {dag.py:4180} INFO - Setting next_dagrun for example_sla_dag to 2025-04-25 03:32:00+00:00, run_after=2025-04-25 03:34:00+00:00
[2025-04-25T03:35:47.181+0000] {processor.py:208} INFO - Processing /home/airflow/.local/lib/python3.12/site-packages/airflow/example_dags/example_sla_dag.py took 0.341 seconds
[2025-04-25T03:36:20.279+0000] {processor.py:186} INFO - Started process (PID=594) to work on /home/airflow/.local/lib/python3.12/site-packages/airflow/example_dags/example_sla_dag.py
[2025-04-25T03:36:20.291+0000] {processor.py:914} INFO - Processing file /home/airflow/.local/lib/python3.12/site-packages/airflow/example_dags/example_sla_dag.py for tasks to queue
[2025-04-25T03:36:20.302+0000] {logging_mixin.py:190} INFO - [2025-04-25T03:36:20.296+0000] {dagbag.py:588} INFO - Filling up the DagBag from /home/airflow/.local/lib/python3.12/site-packages/airflow/example_dags/example_sla_dag.py
[2025-04-25T03:36:20.349+0000] {processor.py:925} INFO - DAG(s) 'example_sla_dag' retrieved from /home/airflow/.local/lib/python3.12/site-packages/airflow/example_dags/example_sla_dag.py
[2025-04-25T03:36:20.386+0000] {logging_mixin.py:190} INFO - [2025-04-25T03:36:20.385+0000] {dag.py:3239} INFO - Sync 1 DAGs
[2025-04-25T03:36:20.475+0000] {logging_mixin.py:190} INFO - [2025-04-25T03:36:20.475+0000] {dag.py:4180} INFO - Setting next_dagrun for example_sla_dag to 2025-04-25 03:34:00+00:00, run_after=2025-04-25 03:36:00+00:00
[2025-04-25T03:36:20.535+0000] {processor.py:208} INFO - Processing /home/airflow/.local/lib/python3.12/site-packages/airflow/example_dags/example_sla_dag.py took 0.305 seconds
[2025-04-25T03:36:53.223+0000] {processor.py:186} INFO - Started process (PID=657) to work on /home/airflow/.local/lib/python3.12/site-packages/airflow/example_dags/example_sla_dag.py
[2025-04-25T03:36:53.225+0000] {processor.py:914} INFO - Processing file /home/airflow/.local/lib/python3.12/site-packages/airflow/example_dags/example_sla_dag.py for tasks to queue
[2025-04-25T03:36:53.230+0000] {logging_mixin.py:190} INFO - [2025-04-25T03:36:53.229+0000] {dagbag.py:588} INFO - Filling up the DagBag from /home/airflow/.local/lib/python3.12/site-packages/airflow/example_dags/example_sla_dag.py
[2025-04-25T03:36:53.263+0000] {processor.py:925} INFO - DAG(s) 'example_sla_dag' retrieved from /home/airflow/.local/lib/python3.12/site-packages/airflow/example_dags/example_sla_dag.py
[2025-04-25T03:36:53.309+0000] {logging_mixin.py:190} INFO - [2025-04-25T03:36:53.309+0000] {dag.py:3239} INFO - Sync 1 DAGs
[2025-04-25T03:36:53.472+0000] {logging_mixin.py:190} INFO - [2025-04-25T03:36:53.471+0000] {dag.py:4180} INFO - Setting next_dagrun for example_sla_dag to 2025-04-25 03:34:00+00:00, run_after=2025-04-25 03:36:00+00:00
[2025-04-25T03:36:53.647+0000] {processor.py:208} INFO - Processing /home/airflow/.local/lib/python3.12/site-packages/airflow/example_dags/example_sla_dag.py took 0.437 seconds
[2025-04-25T03:37:26.718+0000] {processor.py:186} INFO - Started process (PID=726) to work on /home/airflow/.local/lib/python3.12/site-packages/airflow/example_dags/example_sla_dag.py
[2025-04-25T03:37:26.720+0000] {processor.py:914} INFO - Processing file /home/airflow/.local/lib/python3.12/site-packages/airflow/example_dags/example_sla_dag.py for tasks to queue
[2025-04-25T03:37:26.729+0000] {logging_mixin.py:190} INFO - [2025-04-25T03:37:26.728+0000] {dagbag.py:588} INFO - Filling up the DagBag from /home/airflow/.local/lib/python3.12/site-packages/airflow/example_dags/example_sla_dag.py
[2025-04-25T03:37:26.755+0000] {processor.py:925} INFO - DAG(s) 'example_sla_dag' retrieved from /home/airflow/.local/lib/python3.12/site-packages/airflow/example_dags/example_sla_dag.py
[2025-04-25T03:37:26.807+0000] {logging_mixin.py:190} INFO - [2025-04-25T03:37:26.807+0000] {dag.py:3239} INFO - Sync 1 DAGs
[2025-04-25T03:37:26.875+0000] {logging_mixin.py:190} INFO - [2025-04-25T03:37:26.875+0000] {dag.py:4180} INFO - Setting next_dagrun for example_sla_dag to 2025-04-25 03:34:00+00:00, run_after=2025-04-25 03:36:00+00:00
[2025-04-25T03:37:26.969+0000] {processor.py:208} INFO - Processing /home/airflow/.local/lib/python3.12/site-packages/airflow/example_dags/example_sla_dag.py took 0.263 seconds
