[2025-04-25T03:32:01.176+0000] {processor.py:186} INFO - Started process (PID=89) to work on /home/airflow/.local/lib/python3.12/site-packages/airflow/example_dags/example_xcomargs.py
[2025-04-25T03:32:01.178+0000] {processor.py:914} INFO - Processing file /home/airflow/.local/lib/python3.12/site-packages/airflow/example_dags/example_xcomargs.py for tasks to queue
[2025-04-25T03:32:01.182+0000] {logging_mixin.py:190} INFO - [2025-04-25T03:32:01.182+0000] {dagbag.py:588} INFO - Filling up the DagBag from /home/airflow/.local/lib/python3.12/site-packages/airflow/example_dags/example_xcomargs.py
[2025-04-25T03:32:01.240+0000] {processor.py:925} INFO - DAG(s) 'example_xcom_args', 'example_xcom_args_with_operators' retrieved from /home/airflow/.local/lib/python3.12/site-packages/airflow/example_dags/example_xcomargs.py
[2025-04-25T03:32:01.371+0000] {logging_mixin.py:190} INFO - [2025-04-25T03:32:01.364+0000] {dag.py:3239} INFO - Sync 2 DAGs
[2025-04-25T03:32:01.453+0000] {logging_mixin.py:190} INFO - [2025-04-25T03:32:01.453+0000] {dag.py:4180} INFO - Setting next_dagrun for example_xcom_args to None, run_after=None
[2025-04-25T03:32:01.475+0000] {logging_mixin.py:190} INFO - [2025-04-25T03:32:01.475+0000] {dag.py:4180} INFO - Setting next_dagrun for example_xcom_args_with_operators to None, run_after=None
[2025-04-25T03:32:01.549+0000] {processor.py:208} INFO - Processing /home/airflow/.local/lib/python3.12/site-packages/airflow/example_dags/example_xcomargs.py took 0.399 seconds
[2025-04-25T03:32:31.862+0000] {processor.py:186} INFO - Started process (PID=151) to work on /home/airflow/.local/lib/python3.12/site-packages/airflow/example_dags/example_xcomargs.py
[2025-04-25T03:32:31.870+0000] {processor.py:914} INFO - Processing file /home/airflow/.local/lib/python3.12/site-packages/airflow/example_dags/example_xcomargs.py for tasks to queue
[2025-04-25T03:32:31.879+0000] {logging_mixin.py:190} INFO - [2025-04-25T03:32:31.878+0000] {dagbag.py:588} INFO - Filling up the DagBag from /home/airflow/.local/lib/python3.12/site-packages/airflow/example_dags/example_xcomargs.py
[2025-04-25T03:32:31.913+0000] {processor.py:925} INFO - DAG(s) 'example_xcom_args_with_operators', 'example_xcom_args' retrieved from /home/airflow/.local/lib/python3.12/site-packages/airflow/example_dags/example_xcomargs.py
[2025-04-25T03:32:32.036+0000] {logging_mixin.py:190} INFO - [2025-04-25T03:32:32.036+0000] {dag.py:3239} INFO - Sync 2 DAGs
[2025-04-25T03:32:32.072+0000] {logging_mixin.py:190} INFO - [2025-04-25T03:32:32.071+0000] {dag.py:4180} INFO - Setting next_dagrun for example_xcom_args to None, run_after=None
[2025-04-25T03:32:32.090+0000] {logging_mixin.py:190} INFO - [2025-04-25T03:32:32.090+0000] {dag.py:4180} INFO - Setting next_dagrun for example_xcom_args_with_operators to None, run_after=None
[2025-04-25T03:32:32.116+0000] {processor.py:208} INFO - Processing /home/airflow/.local/lib/python3.12/site-packages/airflow/example_dags/example_xcomargs.py took 0.271 seconds
[2025-04-25T03:33:02.691+0000] {processor.py:186} INFO - Started process (PID=214) to work on /home/airflow/.local/lib/python3.12/site-packages/airflow/example_dags/example_xcomargs.py
[2025-04-25T03:33:02.692+0000] {processor.py:914} INFO - Processing file /home/airflow/.local/lib/python3.12/site-packages/airflow/example_dags/example_xcomargs.py for tasks to queue
[2025-04-25T03:33:02.694+0000] {logging_mixin.py:190} INFO - [2025-04-25T03:33:02.694+0000] {dagbag.py:588} INFO - Filling up the DagBag from /home/airflow/.local/lib/python3.12/site-packages/airflow/example_dags/example_xcomargs.py
[2025-04-25T03:33:02.708+0000] {processor.py:925} INFO - DAG(s) 'example_xcom_args', 'example_xcom_args_with_operators' retrieved from /home/airflow/.local/lib/python3.12/site-packages/airflow/example_dags/example_xcomargs.py
[2025-04-25T03:33:02.738+0000] {logging_mixin.py:190} INFO - [2025-04-25T03:33:02.738+0000] {dag.py:3239} INFO - Sync 2 DAGs
[2025-04-25T03:33:02.758+0000] {logging_mixin.py:190} INFO - [2025-04-25T03:33:02.758+0000] {dag.py:4180} INFO - Setting next_dagrun for example_xcom_args to None, run_after=None
[2025-04-25T03:33:02.763+0000] {logging_mixin.py:190} INFO - [2025-04-25T03:33:02.763+0000] {dag.py:4180} INFO - Setting next_dagrun for example_xcom_args_with_operators to None, run_after=None
[2025-04-25T03:33:02.788+0000] {processor.py:208} INFO - Processing /home/airflow/.local/lib/python3.12/site-packages/airflow/example_dags/example_xcomargs.py took 0.104 seconds
[2025-04-25T03:33:33.035+0000] {processor.py:186} INFO - Started process (PID=277) to work on /home/airflow/.local/lib/python3.12/site-packages/airflow/example_dags/example_xcomargs.py
[2025-04-25T03:33:33.036+0000] {processor.py:914} INFO - Processing file /home/airflow/.local/lib/python3.12/site-packages/airflow/example_dags/example_xcomargs.py for tasks to queue
[2025-04-25T03:33:33.038+0000] {logging_mixin.py:190} INFO - [2025-04-25T03:33:33.038+0000] {dagbag.py:588} INFO - Filling up the DagBag from /home/airflow/.local/lib/python3.12/site-packages/airflow/example_dags/example_xcomargs.py
[2025-04-25T03:33:33.051+0000] {processor.py:925} INFO - DAG(s) 'example_xcom_args_with_operators', 'example_xcom_args' retrieved from /home/airflow/.local/lib/python3.12/site-packages/airflow/example_dags/example_xcomargs.py
[2025-04-25T03:33:33.081+0000] {logging_mixin.py:190} INFO - [2025-04-25T03:33:33.080+0000] {dag.py:3239} INFO - Sync 2 DAGs
[2025-04-25T03:33:33.099+0000] {logging_mixin.py:190} INFO - [2025-04-25T03:33:33.099+0000] {dag.py:4180} INFO - Setting next_dagrun for example_xcom_args to None, run_after=None
[2025-04-25T03:33:33.105+0000] {logging_mixin.py:190} INFO - [2025-04-25T03:33:33.105+0000] {dag.py:4180} INFO - Setting next_dagrun for example_xcom_args_with_operators to None, run_after=None
[2025-04-25T03:33:33.128+0000] {processor.py:208} INFO - Processing /home/airflow/.local/lib/python3.12/site-packages/airflow/example_dags/example_xcomargs.py took 0.099 seconds
[2025-04-25T03:34:04.736+0000] {processor.py:186} INFO - Started process (PID=339) to work on /home/airflow/.local/lib/python3.12/site-packages/airflow/example_dags/example_xcomargs.py
[2025-04-25T03:34:04.737+0000] {processor.py:914} INFO - Processing file /home/airflow/.local/lib/python3.12/site-packages/airflow/example_dags/example_xcomargs.py for tasks to queue
[2025-04-25T03:34:04.740+0000] {logging_mixin.py:190} INFO - [2025-04-25T03:34:04.740+0000] {dagbag.py:588} INFO - Filling up the DagBag from /home/airflow/.local/lib/python3.12/site-packages/airflow/example_dags/example_xcomargs.py
[2025-04-25T03:34:04.753+0000] {processor.py:925} INFO - DAG(s) 'example_xcom_args_with_operators', 'example_xcom_args' retrieved from /home/airflow/.local/lib/python3.12/site-packages/airflow/example_dags/example_xcomargs.py
[2025-04-25T03:34:04.787+0000] {logging_mixin.py:190} INFO - [2025-04-25T03:34:04.787+0000] {dag.py:3239} INFO - Sync 2 DAGs
[2025-04-25T03:34:04.808+0000] {logging_mixin.py:190} INFO - [2025-04-25T03:34:04.808+0000] {dag.py:4180} INFO - Setting next_dagrun for example_xcom_args to None, run_after=None
[2025-04-25T03:34:04.814+0000] {logging_mixin.py:190} INFO - [2025-04-25T03:34:04.813+0000] {dag.py:4180} INFO - Setting next_dagrun for example_xcom_args_with_operators to None, run_after=None
[2025-04-25T03:34:04.837+0000] {processor.py:208} INFO - Processing /home/airflow/.local/lib/python3.12/site-packages/airflow/example_dags/example_xcomargs.py took 0.114 seconds
[2025-04-25T03:34:39.516+0000] {processor.py:186} INFO - Started process (PID=402) to work on /home/airflow/.local/lib/python3.12/site-packages/airflow/example_dags/example_xcomargs.py
[2025-04-25T03:34:39.600+0000] {processor.py:914} INFO - Processing file /home/airflow/.local/lib/python3.12/site-packages/airflow/example_dags/example_xcomargs.py for tasks to queue
[2025-04-25T03:34:39.641+0000] {logging_mixin.py:190} INFO - [2025-04-25T03:34:39.640+0000] {dagbag.py:588} INFO - Filling up the DagBag from /home/airflow/.local/lib/python3.12/site-packages/airflow/example_dags/example_xcomargs.py
[2025-04-25T03:34:39.756+0000] {processor.py:925} INFO - DAG(s) 'example_xcom_args', 'example_xcom_args_with_operators' retrieved from /home/airflow/.local/lib/python3.12/site-packages/airflow/example_dags/example_xcomargs.py
[2025-04-25T03:34:39.873+0000] {logging_mixin.py:190} INFO - [2025-04-25T03:34:39.872+0000] {dag.py:3239} INFO - Sync 2 DAGs
[2025-04-25T03:34:39.969+0000] {logging_mixin.py:190} INFO - [2025-04-25T03:34:39.969+0000] {dag.py:4180} INFO - Setting next_dagrun for example_xcom_args to None, run_after=None
[2025-04-25T03:34:39.991+0000] {logging_mixin.py:190} INFO - [2025-04-25T03:34:39.990+0000] {dag.py:4180} INFO - Setting next_dagrun for example_xcom_args_with_operators to None, run_after=None
[2025-04-25T03:34:40.057+0000] {processor.py:208} INFO - Processing /home/airflow/.local/lib/python3.12/site-packages/airflow/example_dags/example_xcomargs.py took 0.559 seconds
[2025-04-25T03:35:14.555+0000] {processor.py:186} INFO - Started process (PID=465) to work on /home/airflow/.local/lib/python3.12/site-packages/airflow/example_dags/example_xcomargs.py
[2025-04-25T03:35:14.568+0000] {processor.py:914} INFO - Processing file /home/airflow/.local/lib/python3.12/site-packages/airflow/example_dags/example_xcomargs.py for tasks to queue
[2025-04-25T03:35:14.577+0000] {logging_mixin.py:190} INFO - [2025-04-25T03:35:14.576+0000] {dagbag.py:588} INFO - Filling up the DagBag from /home/airflow/.local/lib/python3.12/site-packages/airflow/example_dags/example_xcomargs.py
[2025-04-25T03:35:14.694+0000] {processor.py:925} INFO - DAG(s) 'example_xcom_args_with_operators', 'example_xcom_args' retrieved from /home/airflow/.local/lib/python3.12/site-packages/airflow/example_dags/example_xcomargs.py
[2025-04-25T03:35:14.863+0000] {logging_mixin.py:190} INFO - [2025-04-25T03:35:14.862+0000] {dag.py:3239} INFO - Sync 2 DAGs
[2025-04-25T03:35:14.955+0000] {logging_mixin.py:190} INFO - [2025-04-25T03:35:14.954+0000] {dag.py:4180} INFO - Setting next_dagrun for example_xcom_args to None, run_after=None
[2025-04-25T03:35:14.988+0000] {logging_mixin.py:190} INFO - [2025-04-25T03:35:14.988+0000] {dag.py:4180} INFO - Setting next_dagrun for example_xcom_args_with_operators to None, run_after=None
[2025-04-25T03:35:15.110+0000] {processor.py:208} INFO - Processing /home/airflow/.local/lib/python3.12/site-packages/airflow/example_dags/example_xcomargs.py took 0.596 seconds
[2025-04-25T03:35:46.270+0000] {processor.py:186} INFO - Started process (PID=528) to work on /home/airflow/.local/lib/python3.12/site-packages/airflow/example_dags/example_xcomargs.py
[2025-04-25T03:35:46.276+0000] {processor.py:914} INFO - Processing file /home/airflow/.local/lib/python3.12/site-packages/airflow/example_dags/example_xcomargs.py for tasks to queue
[2025-04-25T03:35:46.289+0000] {logging_mixin.py:190} INFO - [2025-04-25T03:35:46.288+0000] {dagbag.py:588} INFO - Filling up the DagBag from /home/airflow/.local/lib/python3.12/site-packages/airflow/example_dags/example_xcomargs.py
[2025-04-25T03:35:46.310+0000] {processor.py:925} INFO - DAG(s) 'example_xcom_args_with_operators', 'example_xcom_args' retrieved from /home/airflow/.local/lib/python3.12/site-packages/airflow/example_dags/example_xcomargs.py
[2025-04-25T03:35:46.372+0000] {logging_mixin.py:190} INFO - [2025-04-25T03:35:46.371+0000] {dag.py:3239} INFO - Sync 2 DAGs
[2025-04-25T03:35:46.408+0000] {logging_mixin.py:190} INFO - [2025-04-25T03:35:46.408+0000] {dag.py:4180} INFO - Setting next_dagrun for example_xcom_args to None, run_after=None
[2025-04-25T03:35:46.419+0000] {logging_mixin.py:190} INFO - [2025-04-25T03:35:46.419+0000] {dag.py:4180} INFO - Setting next_dagrun for example_xcom_args_with_operators to None, run_after=None
[2025-04-25T03:35:46.492+0000] {processor.py:208} INFO - Processing /home/airflow/.local/lib/python3.12/site-packages/airflow/example_dags/example_xcomargs.py took 0.235 seconds
[2025-04-25T03:36:19.347+0000] {processor.py:186} INFO - Started process (PID=591) to work on /home/airflow/.local/lib/python3.12/site-packages/airflow/example_dags/example_xcomargs.py
[2025-04-25T03:36:19.349+0000] {processor.py:914} INFO - Processing file /home/airflow/.local/lib/python3.12/site-packages/airflow/example_dags/example_xcomargs.py for tasks to queue
[2025-04-25T03:36:19.359+0000] {logging_mixin.py:190} INFO - [2025-04-25T03:36:19.359+0000] {dagbag.py:588} INFO - Filling up the DagBag from /home/airflow/.local/lib/python3.12/site-packages/airflow/example_dags/example_xcomargs.py
[2025-04-25T03:36:19.385+0000] {processor.py:925} INFO - DAG(s) 'example_xcom_args_with_operators', 'example_xcom_args' retrieved from /home/airflow/.local/lib/python3.12/site-packages/airflow/example_dags/example_xcomargs.py
[2025-04-25T03:36:19.478+0000] {logging_mixin.py:190} INFO - [2025-04-25T03:36:19.478+0000] {dag.py:3239} INFO - Sync 2 DAGs
[2025-04-25T03:36:19.534+0000] {logging_mixin.py:190} INFO - [2025-04-25T03:36:19.533+0000] {dag.py:4180} INFO - Setting next_dagrun for example_xcom_args to None, run_after=None
[2025-04-25T03:36:19.555+0000] {logging_mixin.py:190} INFO - [2025-04-25T03:36:19.554+0000] {dag.py:4180} INFO - Setting next_dagrun for example_xcom_args_with_operators to None, run_after=None
[2025-04-25T03:36:19.623+0000] {processor.py:208} INFO - Processing /home/airflow/.local/lib/python3.12/site-packages/airflow/example_dags/example_xcomargs.py took 0.288 seconds
[2025-04-25T03:36:52.009+0000] {processor.py:186} INFO - Started process (PID=654) to work on /home/airflow/.local/lib/python3.12/site-packages/airflow/example_dags/example_xcomargs.py
[2025-04-25T03:36:52.029+0000] {processor.py:914} INFO - Processing file /home/airflow/.local/lib/python3.12/site-packages/airflow/example_dags/example_xcomargs.py for tasks to queue
[2025-04-25T03:36:52.033+0000] {logging_mixin.py:190} INFO - [2025-04-25T03:36:52.033+0000] {dagbag.py:588} INFO - Filling up the DagBag from /home/airflow/.local/lib/python3.12/site-packages/airflow/example_dags/example_xcomargs.py
[2025-04-25T03:36:52.066+0000] {processor.py:925} INFO - DAG(s) 'example_xcom_args', 'example_xcom_args_with_operators' retrieved from /home/airflow/.local/lib/python3.12/site-packages/airflow/example_dags/example_xcomargs.py
[2025-04-25T03:36:52.144+0000] {logging_mixin.py:190} INFO - [2025-04-25T03:36:52.142+0000] {dag.py:3239} INFO - Sync 2 DAGs
[2025-04-25T03:36:52.209+0000] {logging_mixin.py:190} INFO - [2025-04-25T03:36:52.208+0000] {dag.py:4180} INFO - Setting next_dagrun for example_xcom_args to None, run_after=None
[2025-04-25T03:36:52.240+0000] {logging_mixin.py:190} INFO - [2025-04-25T03:36:52.240+0000] {dag.py:4180} INFO - Setting next_dagrun for example_xcom_args_with_operators to None, run_after=None
[2025-04-25T03:36:52.321+0000] {processor.py:208} INFO - Processing /home/airflow/.local/lib/python3.12/site-packages/airflow/example_dags/example_xcomargs.py took 0.324 seconds
[2025-04-25T03:37:25.340+0000] {processor.py:186} INFO - Started process (PID=723) to work on /home/airflow/.local/lib/python3.12/site-packages/airflow/example_dags/example_xcomargs.py
[2025-04-25T03:37:25.345+0000] {processor.py:914} INFO - Processing file /home/airflow/.local/lib/python3.12/site-packages/airflow/example_dags/example_xcomargs.py for tasks to queue
[2025-04-25T03:37:25.377+0000] {logging_mixin.py:190} INFO - [2025-04-25T03:37:25.376+0000] {dagbag.py:588} INFO - Filling up the DagBag from /home/airflow/.local/lib/python3.12/site-packages/airflow/example_dags/example_xcomargs.py
[2025-04-25T03:37:25.419+0000] {processor.py:925} INFO - DAG(s) 'example_xcom_args_with_operators', 'example_xcom_args' retrieved from /home/airflow/.local/lib/python3.12/site-packages/airflow/example_dags/example_xcomargs.py
[2025-04-25T03:37:25.502+0000] {logging_mixin.py:190} INFO - [2025-04-25T03:37:25.501+0000] {dag.py:3239} INFO - Sync 2 DAGs
[2025-04-25T03:37:25.532+0000] {logging_mixin.py:190} INFO - [2025-04-25T03:37:25.532+0000] {dag.py:4180} INFO - Setting next_dagrun for example_xcom_args to None, run_after=None
[2025-04-25T03:37:25.549+0000] {logging_mixin.py:190} INFO - [2025-04-25T03:37:25.549+0000] {dag.py:4180} INFO - Setting next_dagrun for example_xcom_args_with_operators to None, run_after=None
[2025-04-25T03:37:25.621+0000] {processor.py:208} INFO - Processing /home/airflow/.local/lib/python3.12/site-packages/airflow/example_dags/example_xcomargs.py took 0.301 seconds
