[2025-04-25T03:32:00.537+0000] {processor.py:186} INFO - Started process (PID=86) to work on /home/airflow/.local/lib/python3.12/site-packages/airflow/example_dags/example_sensors.py
[2025-04-25T03:32:00.539+0000] {processor.py:914} INFO - Processing file /home/airflow/.local/lib/python3.12/site-packages/airflow/example_dags/example_sensors.py for tasks to queue
[2025-04-25T03:32:00.548+0000] {logging_mixin.py:190} INFO - [2025-04-25T03:32:00.547+0000] {dagbag.py:588} INFO - Filling up the DagBag from /home/airflow/.local/lib/python3.12/site-packages/airflow/example_dags/example_sensors.py
[2025-04-25T03:32:00.610+0000] {processor.py:925} INFO - DAG(s) 'example_sensors' retrieved from /home/airflow/.local/lib/python3.12/site-packages/airflow/example_dags/example_sensors.py
[2025-04-25T03:32:00.824+0000] {logging_mixin.py:190} INFO - [2025-04-25T03:32:00.824+0000] {dag.py:3239} INFO - Sync 1 DAGs
[2025-04-25T03:32:00.894+0000] {logging_mixin.py:190} INFO - [2025-04-25T03:32:00.893+0000] {dag.py:4180} INFO - Setting next_dagrun for example_sensors to None, run_after=None
[2025-04-25T03:32:01.016+0000] {processor.py:208} INFO - Processing /home/airflow/.local/lib/python3.12/site-packages/airflow/example_dags/example_sensors.py took 0.541 seconds
[2025-04-25T03:32:31.531+0000] {processor.py:186} INFO - Started process (PID=149) to work on /home/airflow/.local/lib/python3.12/site-packages/airflow/example_dags/example_sensors.py
[2025-04-25T03:32:31.532+0000] {processor.py:914} INFO - Processing file /home/airflow/.local/lib/python3.12/site-packages/airflow/example_dags/example_sensors.py for tasks to queue
[2025-04-25T03:32:31.542+0000] {logging_mixin.py:190} INFO - [2025-04-25T03:32:31.541+0000] {dagbag.py:588} INFO - Filling up the DagBag from /home/airflow/.local/lib/python3.12/site-packages/airflow/example_dags/example_sensors.py
[2025-04-25T03:32:31.575+0000] {processor.py:925} INFO - DAG(s) 'example_sensors' retrieved from /home/airflow/.local/lib/python3.12/site-packages/airflow/example_dags/example_sensors.py
[2025-04-25T03:32:31.678+0000] {logging_mixin.py:190} INFO - [2025-04-25T03:32:31.677+0000] {dag.py:3239} INFO - Sync 1 DAGs
[2025-04-25T03:32:31.718+0000] {logging_mixin.py:190} INFO - [2025-04-25T03:32:31.717+0000] {dag.py:4180} INFO - Setting next_dagrun for example_sensors to None, run_after=None
[2025-04-25T03:32:31.818+0000] {processor.py:208} INFO - Processing /home/airflow/.local/lib/python3.12/site-packages/airflow/example_dags/example_sensors.py took 0.302 seconds
[2025-04-25T03:33:02.532+0000] {processor.py:186} INFO - Started process (PID=212) to work on /home/airflow/.local/lib/python3.12/site-packages/airflow/example_dags/example_sensors.py
[2025-04-25T03:33:02.533+0000] {processor.py:914} INFO - Processing file /home/airflow/.local/lib/python3.12/site-packages/airflow/example_dags/example_sensors.py for tasks to queue
[2025-04-25T03:33:02.536+0000] {logging_mixin.py:190} INFO - [2025-04-25T03:33:02.535+0000] {dagbag.py:588} INFO - Filling up the DagBag from /home/airflow/.local/lib/python3.12/site-packages/airflow/example_dags/example_sensors.py
[2025-04-25T03:33:02.549+0000] {processor.py:925} INFO - DAG(s) 'example_sensors' retrieved from /home/airflow/.local/lib/python3.12/site-packages/airflow/example_dags/example_sensors.py
[2025-04-25T03:33:02.586+0000] {logging_mixin.py:190} INFO - [2025-04-25T03:33:02.586+0000] {dag.py:3239} INFO - Sync 1 DAGs
[2025-04-25T03:33:02.608+0000] {logging_mixin.py:190} INFO - [2025-04-25T03:33:02.608+0000] {dag.py:4180} INFO - Setting next_dagrun for example_sensors to None, run_after=None
[2025-04-25T03:33:02.637+0000] {processor.py:208} INFO - Processing /home/airflow/.local/lib/python3.12/site-packages/airflow/example_dags/example_sensors.py took 0.112 seconds
[2025-04-25T03:33:32.715+0000] {processor.py:186} INFO - Started process (PID=275) to work on /home/airflow/.local/lib/python3.12/site-packages/airflow/example_dags/example_sensors.py
[2025-04-25T03:33:32.716+0000] {processor.py:914} INFO - Processing file /home/airflow/.local/lib/python3.12/site-packages/airflow/example_dags/example_sensors.py for tasks to queue
[2025-04-25T03:33:32.718+0000] {logging_mixin.py:190} INFO - [2025-04-25T03:33:32.718+0000] {dagbag.py:588} INFO - Filling up the DagBag from /home/airflow/.local/lib/python3.12/site-packages/airflow/example_dags/example_sensors.py
[2025-04-25T03:33:32.732+0000] {processor.py:925} INFO - DAG(s) 'example_sensors' retrieved from /home/airflow/.local/lib/python3.12/site-packages/airflow/example_dags/example_sensors.py
[2025-04-25T03:33:32.774+0000] {logging_mixin.py:190} INFO - [2025-04-25T03:33:32.774+0000] {dag.py:3239} INFO - Sync 1 DAGs
[2025-04-25T03:33:32.798+0000] {logging_mixin.py:190} INFO - [2025-04-25T03:33:32.797+0000] {dag.py:4180} INFO - Setting next_dagrun for example_sensors to None, run_after=None
[2025-04-25T03:33:32.830+0000] {processor.py:208} INFO - Processing /home/airflow/.local/lib/python3.12/site-packages/airflow/example_dags/example_sensors.py took 0.122 seconds
[2025-04-25T03:34:04.544+0000] {processor.py:186} INFO - Started process (PID=337) to work on /home/airflow/.local/lib/python3.12/site-packages/airflow/example_dags/example_sensors.py
[2025-04-25T03:34:04.545+0000] {processor.py:914} INFO - Processing file /home/airflow/.local/lib/python3.12/site-packages/airflow/example_dags/example_sensors.py for tasks to queue
[2025-04-25T03:34:04.549+0000] {logging_mixin.py:190} INFO - [2025-04-25T03:34:04.548+0000] {dagbag.py:588} INFO - Filling up the DagBag from /home/airflow/.local/lib/python3.12/site-packages/airflow/example_dags/example_sensors.py
[2025-04-25T03:34:04.564+0000] {processor.py:925} INFO - DAG(s) 'example_sensors' retrieved from /home/airflow/.local/lib/python3.12/site-packages/airflow/example_dags/example_sensors.py
[2025-04-25T03:34:04.598+0000] {logging_mixin.py:190} INFO - [2025-04-25T03:34:04.598+0000] {dag.py:3239} INFO - Sync 1 DAGs
[2025-04-25T03:34:04.618+0000] {logging_mixin.py:190} INFO - [2025-04-25T03:34:04.618+0000] {dag.py:4180} INFO - Setting next_dagrun for example_sensors to None, run_after=None
[2025-04-25T03:34:04.654+0000] {processor.py:208} INFO - Processing /home/airflow/.local/lib/python3.12/site-packages/airflow/example_dags/example_sensors.py took 0.116 seconds
[2025-04-25T03:34:38.649+0000] {processor.py:186} INFO - Started process (PID=400) to work on /home/airflow/.local/lib/python3.12/site-packages/airflow/example_dags/example_sensors.py
[2025-04-25T03:34:38.656+0000] {processor.py:914} INFO - Processing file /home/airflow/.local/lib/python3.12/site-packages/airflow/example_dags/example_sensors.py for tasks to queue
[2025-04-25T03:34:38.680+0000] {logging_mixin.py:190} INFO - [2025-04-25T03:34:38.679+0000] {dagbag.py:588} INFO - Filling up the DagBag from /home/airflow/.local/lib/python3.12/site-packages/airflow/example_dags/example_sensors.py
[2025-04-25T03:34:38.726+0000] {processor.py:925} INFO - DAG(s) 'example_sensors' retrieved from /home/airflow/.local/lib/python3.12/site-packages/airflow/example_dags/example_sensors.py
[2025-04-25T03:34:38.875+0000] {logging_mixin.py:190} INFO - [2025-04-25T03:34:38.875+0000] {dag.py:3239} INFO - Sync 1 DAGs
[2025-04-25T03:34:38.965+0000] {logging_mixin.py:190} INFO - [2025-04-25T03:34:38.964+0000] {dag.py:4180} INFO - Setting next_dagrun for example_sensors to None, run_after=None
[2025-04-25T03:34:39.065+0000] {processor.py:208} INFO - Processing /home/airflow/.local/lib/python3.12/site-packages/airflow/example_dags/example_sensors.py took 0.436 seconds
[2025-04-25T03:35:12.775+0000] {processor.py:186} INFO - Started process (PID=462) to work on /home/airflow/.local/lib/python3.12/site-packages/airflow/example_dags/example_sensors.py
[2025-04-25T03:35:12.791+0000] {processor.py:914} INFO - Processing file /home/airflow/.local/lib/python3.12/site-packages/airflow/example_dags/example_sensors.py for tasks to queue
[2025-04-25T03:35:12.805+0000] {logging_mixin.py:190} INFO - [2025-04-25T03:35:12.804+0000] {dagbag.py:588} INFO - Filling up the DagBag from /home/airflow/.local/lib/python3.12/site-packages/airflow/example_dags/example_sensors.py
[2025-04-25T03:35:12.866+0000] {processor.py:925} INFO - DAG(s) 'example_sensors' retrieved from /home/airflow/.local/lib/python3.12/site-packages/airflow/example_dags/example_sensors.py
[2025-04-25T03:35:12.994+0000] {logging_mixin.py:190} INFO - [2025-04-25T03:35:12.993+0000] {dag.py:3239} INFO - Sync 1 DAGs
[2025-04-25T03:35:13.066+0000] {logging_mixin.py:190} INFO - [2025-04-25T03:35:13.045+0000] {dag.py:4180} INFO - Setting next_dagrun for example_sensors to None, run_after=None
[2025-04-25T03:35:13.186+0000] {processor.py:208} INFO - Processing /home/airflow/.local/lib/python3.12/site-packages/airflow/example_dags/example_sensors.py took 0.436 seconds
[2025-04-25T03:35:44.669+0000] {processor.py:186} INFO - Started process (PID=525) to work on /home/airflow/.local/lib/python3.12/site-packages/airflow/example_dags/example_sensors.py
[2025-04-25T03:35:44.673+0000] {processor.py:914} INFO - Processing file /home/airflow/.local/lib/python3.12/site-packages/airflow/example_dags/example_sensors.py for tasks to queue
[2025-04-25T03:35:44.681+0000] {logging_mixin.py:190} INFO - [2025-04-25T03:35:44.680+0000] {dagbag.py:588} INFO - Filling up the DagBag from /home/airflow/.local/lib/python3.12/site-packages/airflow/example_dags/example_sensors.py
[2025-04-25T03:35:44.712+0000] {processor.py:925} INFO - DAG(s) 'example_sensors' retrieved from /home/airflow/.local/lib/python3.12/site-packages/airflow/example_dags/example_sensors.py
[2025-04-25T03:35:44.782+0000] {logging_mixin.py:190} INFO - [2025-04-25T03:35:44.780+0000] {dag.py:3239} INFO - Sync 1 DAGs
[2025-04-25T03:35:44.817+0000] {logging_mixin.py:190} INFO - [2025-04-25T03:35:44.817+0000] {dag.py:4180} INFO - Setting next_dagrun for example_sensors to None, run_after=None
[2025-04-25T03:35:44.881+0000] {processor.py:208} INFO - Processing /home/airflow/.local/lib/python3.12/site-packages/airflow/example_dags/example_sensors.py took 0.235 seconds
[2025-04-25T03:36:15.279+0000] {processor.py:186} INFO - Started process (PID=587) to work on /home/airflow/.local/lib/python3.12/site-packages/airflow/example_dags/example_sensors.py
[2025-04-25T03:36:15.286+0000] {processor.py:914} INFO - Processing file /home/airflow/.local/lib/python3.12/site-packages/airflow/example_dags/example_sensors.py for tasks to queue
[2025-04-25T03:36:15.290+0000] {logging_mixin.py:190} INFO - [2025-04-25T03:36:15.289+0000] {dagbag.py:588} INFO - Filling up the DagBag from /home/airflow/.local/lib/python3.12/site-packages/airflow/example_dags/example_sensors.py
[2025-04-25T03:36:15.310+0000] {processor.py:925} INFO - DAG(s) 'example_sensors' retrieved from /home/airflow/.local/lib/python3.12/site-packages/airflow/example_dags/example_sensors.py
[2025-04-25T03:36:15.362+0000] {logging_mixin.py:190} INFO - [2025-04-25T03:36:15.361+0000] {dag.py:3239} INFO - Sync 1 DAGs
[2025-04-25T03:36:15.394+0000] {logging_mixin.py:190} INFO - [2025-04-25T03:36:15.394+0000] {dag.py:4180} INFO - Setting next_dagrun for example_sensors to None, run_after=None
[2025-04-25T03:36:15.449+0000] {processor.py:208} INFO - Processing /home/airflow/.local/lib/python3.12/site-packages/airflow/example_dags/example_sensors.py took 0.181 seconds
[2025-04-25T03:36:48.435+0000] {processor.py:186} INFO - Started process (PID=649) to work on /home/airflow/.local/lib/python3.12/site-packages/airflow/example_dags/example_sensors.py
[2025-04-25T03:36:48.436+0000] {processor.py:914} INFO - Processing file /home/airflow/.local/lib/python3.12/site-packages/airflow/example_dags/example_sensors.py for tasks to queue
[2025-04-25T03:36:48.441+0000] {logging_mixin.py:190} INFO - [2025-04-25T03:36:48.440+0000] {dagbag.py:588} INFO - Filling up the DagBag from /home/airflow/.local/lib/python3.12/site-packages/airflow/example_dags/example_sensors.py
[2025-04-25T03:36:48.469+0000] {processor.py:925} INFO - DAG(s) 'example_sensors' retrieved from /home/airflow/.local/lib/python3.12/site-packages/airflow/example_dags/example_sensors.py
[2025-04-25T03:36:48.566+0000] {logging_mixin.py:190} INFO - [2025-04-25T03:36:48.565+0000] {dag.py:3239} INFO - Sync 1 DAGs
[2025-04-25T03:36:48.600+0000] {logging_mixin.py:190} INFO - [2025-04-25T03:36:48.599+0000] {dag.py:4180} INFO - Setting next_dagrun for example_sensors to None, run_after=None
[2025-04-25T03:36:48.678+0000] {processor.py:208} INFO - Processing /home/airflow/.local/lib/python3.12/site-packages/airflow/example_dags/example_sensors.py took 0.271 seconds
[2025-04-25T03:37:18.778+0000] {processor.py:186} INFO - Started process (PID=712) to work on /home/airflow/.local/lib/python3.12/site-packages/airflow/example_dags/example_sensors.py
[2025-04-25T03:37:18.779+0000] {processor.py:914} INFO - Processing file /home/airflow/.local/lib/python3.12/site-packages/airflow/example_dags/example_sensors.py for tasks to queue
[2025-04-25T03:37:18.781+0000] {logging_mixin.py:190} INFO - [2025-04-25T03:37:18.781+0000] {dagbag.py:588} INFO - Filling up the DagBag from /home/airflow/.local/lib/python3.12/site-packages/airflow/example_dags/example_sensors.py
[2025-04-25T03:37:18.793+0000] {processor.py:925} INFO - DAG(s) 'example_sensors' retrieved from /home/airflow/.local/lib/python3.12/site-packages/airflow/example_dags/example_sensors.py
[2025-04-25T03:37:18.914+0000] {logging_mixin.py:190} INFO - [2025-04-25T03:37:18.913+0000] {dag.py:3239} INFO - Sync 1 DAGs
[2025-04-25T03:37:18.997+0000] {logging_mixin.py:190} INFO - [2025-04-25T03:37:18.997+0000] {dag.py:4180} INFO - Setting next_dagrun for example_sensors to None, run_after=None
[2025-04-25T03:37:19.042+0000] {processor.py:208} INFO - Processing /home/airflow/.local/lib/python3.12/site-packages/airflow/example_dags/example_sensors.py took 0.271 seconds
