[2025-04-25T03:32:07.855+0000] {processor.py:186} INFO - Started process (PID=112) to work on /home/airflow/.local/lib/python3.12/site-packages/airflow/example_dags/example_branch_operator.py
[2025-04-25T03:32:07.856+0000] {processor.py:914} INFO - Processing file /home/airflow/.local/lib/python3.12/site-packages/airflow/example_dags/example_branch_operator.py for tasks to queue
[2025-04-25T03:32:07.860+0000] {logging_mixin.py:190} INFO - [2025-04-25T03:32:07.859+0000] {dagbag.py:588} INFO - Filling up the DagBag from /home/airflow/.local/lib/python3.12/site-packages/airflow/example_dags/example_branch_operator.py
[2025-04-25T03:32:07.892+0000] {processor.py:925} INFO - DAG(s) 'example_branch_operator' retrieved from /home/airflow/.local/lib/python3.12/site-packages/airflow/example_dags/example_branch_operator.py
[2025-04-25T03:32:08.181+0000] {logging_mixin.py:190} INFO - [2025-04-25T03:32:08.180+0000] {dag.py:3239} INFO - Sync 1 DAGs
[2025-04-25T03:32:08.226+0000] {logging_mixin.py:190} INFO - [2025-04-25T03:32:08.225+0000] {dag.py:4180} INFO - Setting next_dagrun for example_branch_operator to 2025-04-24 00:00:00+00:00, run_after=2025-04-25 00:00:00+00:00
[2025-04-25T03:32:08.279+0000] {processor.py:208} INFO - Processing /home/airflow/.local/lib/python3.12/site-packages/airflow/example_dags/example_branch_operator.py took 0.434 seconds
[2025-04-25T03:32:40.238+0000] {processor.py:186} INFO - Started process (PID=174) to work on /home/airflow/.local/lib/python3.12/site-packages/airflow/example_dags/example_branch_operator.py
[2025-04-25T03:32:40.242+0000] {processor.py:914} INFO - Processing file /home/airflow/.local/lib/python3.12/site-packages/airflow/example_dags/example_branch_operator.py for tasks to queue
[2025-04-25T03:32:40.246+0000] {logging_mixin.py:190} INFO - [2025-04-25T03:32:40.245+0000] {dagbag.py:588} INFO - Filling up the DagBag from /home/airflow/.local/lib/python3.12/site-packages/airflow/example_dags/example_branch_operator.py
[2025-04-25T03:32:40.291+0000] {processor.py:925} INFO - DAG(s) 'example_branch_operator' retrieved from /home/airflow/.local/lib/python3.12/site-packages/airflow/example_dags/example_branch_operator.py
[2025-04-25T03:32:40.381+0000] {logging_mixin.py:190} INFO - [2025-04-25T03:32:40.381+0000] {dag.py:3239} INFO - Sync 1 DAGs
[2025-04-25T03:32:40.444+0000] {logging_mixin.py:190} INFO - [2025-04-25T03:32:40.444+0000] {dag.py:4180} INFO - Setting next_dagrun for example_branch_operator to 2025-04-24 00:00:00+00:00, run_after=2025-04-25 00:00:00+00:00
[2025-04-25T03:32:40.486+0000] {processor.py:208} INFO - Processing /home/airflow/.local/lib/python3.12/site-packages/airflow/example_dags/example_branch_operator.py took 0.260 seconds
[2025-04-25T03:33:11.384+0000] {processor.py:186} INFO - Started process (PID=237) to work on /home/airflow/.local/lib/python3.12/site-packages/airflow/example_dags/example_branch_operator.py
[2025-04-25T03:33:11.385+0000] {processor.py:914} INFO - Processing file /home/airflow/.local/lib/python3.12/site-packages/airflow/example_dags/example_branch_operator.py for tasks to queue
[2025-04-25T03:33:11.390+0000] {logging_mixin.py:190} INFO - [2025-04-25T03:33:11.389+0000] {dagbag.py:588} INFO - Filling up the DagBag from /home/airflow/.local/lib/python3.12/site-packages/airflow/example_dags/example_branch_operator.py
[2025-04-25T03:33:11.424+0000] {processor.py:925} INFO - DAG(s) 'example_branch_operator' retrieved from /home/airflow/.local/lib/python3.12/site-packages/airflow/example_dags/example_branch_operator.py
[2025-04-25T03:33:11.495+0000] {logging_mixin.py:190} INFO - [2025-04-25T03:33:11.493+0000] {dag.py:3239} INFO - Sync 1 DAGs
[2025-04-25T03:33:11.556+0000] {logging_mixin.py:190} INFO - [2025-04-25T03:33:11.555+0000] {dag.py:4180} INFO - Setting next_dagrun for example_branch_operator to 2025-04-24 00:00:00+00:00, run_after=2025-04-25 00:00:00+00:00
[2025-04-25T03:33:11.601+0000] {processor.py:208} INFO - Processing /home/airflow/.local/lib/python3.12/site-packages/airflow/example_dags/example_branch_operator.py took 0.227 seconds
[2025-04-25T03:33:41.932+0000] {processor.py:186} INFO - Started process (PID=300) to work on /home/airflow/.local/lib/python3.12/site-packages/airflow/example_dags/example_branch_operator.py
[2025-04-25T03:33:41.933+0000] {processor.py:914} INFO - Processing file /home/airflow/.local/lib/python3.12/site-packages/airflow/example_dags/example_branch_operator.py for tasks to queue
[2025-04-25T03:33:41.935+0000] {logging_mixin.py:190} INFO - [2025-04-25T03:33:41.935+0000] {dagbag.py:588} INFO - Filling up the DagBag from /home/airflow/.local/lib/python3.12/site-packages/airflow/example_dags/example_branch_operator.py
[2025-04-25T03:33:41.958+0000] {processor.py:925} INFO - DAG(s) 'example_branch_operator' retrieved from /home/airflow/.local/lib/python3.12/site-packages/airflow/example_dags/example_branch_operator.py
[2025-04-25T03:33:42.011+0000] {logging_mixin.py:190} INFO - [2025-04-25T03:33:42.010+0000] {dag.py:3239} INFO - Sync 1 DAGs
[2025-04-25T03:33:42.050+0000] {logging_mixin.py:190} INFO - [2025-04-25T03:33:42.049+0000] {dag.py:4180} INFO - Setting next_dagrun for example_branch_operator to 2025-04-24 00:00:00+00:00, run_after=2025-04-25 00:00:00+00:00
[2025-04-25T03:33:42.076+0000] {processor.py:208} INFO - Processing /home/airflow/.local/lib/python3.12/site-packages/airflow/example_dags/example_branch_operator.py took 0.151 seconds
[2025-04-25T03:34:12.251+0000] {processor.py:186} INFO - Started process (PID=362) to work on /home/airflow/.local/lib/python3.12/site-packages/airflow/example_dags/example_branch_operator.py
[2025-04-25T03:34:12.252+0000] {processor.py:914} INFO - Processing file /home/airflow/.local/lib/python3.12/site-packages/airflow/example_dags/example_branch_operator.py for tasks to queue
[2025-04-25T03:34:12.255+0000] {logging_mixin.py:190} INFO - [2025-04-25T03:34:12.254+0000] {dagbag.py:588} INFO - Filling up the DagBag from /home/airflow/.local/lib/python3.12/site-packages/airflow/example_dags/example_branch_operator.py
[2025-04-25T03:34:12.279+0000] {processor.py:925} INFO - DAG(s) 'example_branch_operator' retrieved from /home/airflow/.local/lib/python3.12/site-packages/airflow/example_dags/example_branch_operator.py
[2025-04-25T03:34:12.325+0000] {logging_mixin.py:190} INFO - [2025-04-25T03:34:12.325+0000] {dag.py:3239} INFO - Sync 1 DAGs
[2025-04-25T03:34:12.375+0000] {logging_mixin.py:190} INFO - [2025-04-25T03:34:12.375+0000] {dag.py:4180} INFO - Setting next_dagrun for example_branch_operator to 2025-04-24 00:00:00+00:00, run_after=2025-04-25 00:00:00+00:00
[2025-04-25T03:34:12.403+0000] {processor.py:208} INFO - Processing /home/airflow/.local/lib/python3.12/site-packages/airflow/example_dags/example_branch_operator.py took 0.160 seconds
[2025-04-25T03:34:48.112+0000] {processor.py:186} INFO - Started process (PID=425) to work on /home/airflow/.local/lib/python3.12/site-packages/airflow/example_dags/example_branch_operator.py
[2025-04-25T03:34:48.114+0000] {processor.py:914} INFO - Processing file /home/airflow/.local/lib/python3.12/site-packages/airflow/example_dags/example_branch_operator.py for tasks to queue
[2025-04-25T03:34:48.121+0000] {logging_mixin.py:190} INFO - [2025-04-25T03:34:48.121+0000] {dagbag.py:588} INFO - Filling up the DagBag from /home/airflow/.local/lib/python3.12/site-packages/airflow/example_dags/example_branch_operator.py
[2025-04-25T03:34:48.178+0000] {processor.py:925} INFO - DAG(s) 'example_branch_operator' retrieved from /home/airflow/.local/lib/python3.12/site-packages/airflow/example_dags/example_branch_operator.py
[2025-04-25T03:34:48.337+0000] {logging_mixin.py:190} INFO - [2025-04-25T03:34:48.335+0000] {dag.py:3239} INFO - Sync 1 DAGs
[2025-04-25T03:34:48.420+0000] {logging_mixin.py:190} INFO - [2025-04-25T03:34:48.419+0000] {dag.py:4180} INFO - Setting next_dagrun for example_branch_operator to 2025-04-24 00:00:00+00:00, run_after=2025-04-25 00:00:00+00:00
[2025-04-25T03:34:48.475+0000] {processor.py:208} INFO - Processing /home/airflow/.local/lib/python3.12/site-packages/airflow/example_dags/example_branch_operator.py took 0.376 seconds
[2025-04-25T03:35:20.893+0000] {processor.py:186} INFO - Started process (PID=487) to work on /home/airflow/.local/lib/python3.12/site-packages/airflow/example_dags/example_branch_operator.py
[2025-04-25T03:35:20.895+0000] {processor.py:914} INFO - Processing file /home/airflow/.local/lib/python3.12/site-packages/airflow/example_dags/example_branch_operator.py for tasks to queue
[2025-04-25T03:35:20.900+0000] {logging_mixin.py:190} INFO - [2025-04-25T03:35:20.898+0000] {dagbag.py:588} INFO - Filling up the DagBag from /home/airflow/.local/lib/python3.12/site-packages/airflow/example_dags/example_branch_operator.py
[2025-04-25T03:35:20.931+0000] {processor.py:925} INFO - DAG(s) 'example_branch_operator' retrieved from /home/airflow/.local/lib/python3.12/site-packages/airflow/example_dags/example_branch_operator.py
[2025-04-25T03:35:20.997+0000] {logging_mixin.py:190} INFO - [2025-04-25T03:35:20.997+0000] {dag.py:3239} INFO - Sync 1 DAGs
[2025-04-25T03:35:21.084+0000] {logging_mixin.py:190} INFO - [2025-04-25T03:35:21.083+0000] {dag.py:4180} INFO - Setting next_dagrun for example_branch_operator to 2025-04-24 00:00:00+00:00, run_after=2025-04-25 00:00:00+00:00
[2025-04-25T03:35:21.241+0000] {processor.py:208} INFO - Processing /home/airflow/.local/lib/python3.12/site-packages/airflow/example_dags/example_branch_operator.py took 0.360 seconds
[2025-04-25T03:35:53.885+0000] {processor.py:186} INFO - Started process (PID=556) to work on /home/airflow/.local/lib/python3.12/site-packages/airflow/example_dags/example_branch_operator.py
[2025-04-25T03:35:53.886+0000] {processor.py:914} INFO - Processing file /home/airflow/.local/lib/python3.12/site-packages/airflow/example_dags/example_branch_operator.py for tasks to queue
[2025-04-25T03:35:53.891+0000] {logging_mixin.py:190} INFO - [2025-04-25T03:35:53.891+0000] {dagbag.py:588} INFO - Filling up the DagBag from /home/airflow/.local/lib/python3.12/site-packages/airflow/example_dags/example_branch_operator.py
[2025-04-25T03:35:53.946+0000] {processor.py:925} INFO - DAG(s) 'example_branch_operator' retrieved from /home/airflow/.local/lib/python3.12/site-packages/airflow/example_dags/example_branch_operator.py
[2025-04-25T03:35:54.062+0000] {logging_mixin.py:190} INFO - [2025-04-25T03:35:54.061+0000] {dag.py:3239} INFO - Sync 1 DAGs
[2025-04-25T03:35:54.132+0000] {logging_mixin.py:190} INFO - [2025-04-25T03:35:54.132+0000] {dag.py:4180} INFO - Setting next_dagrun for example_branch_operator to 2025-04-24 00:00:00+00:00, run_after=2025-04-25 00:00:00+00:00
[2025-04-25T03:35:54.198+0000] {processor.py:208} INFO - Processing /home/airflow/.local/lib/python3.12/site-packages/airflow/example_dags/example_branch_operator.py took 0.326 seconds
[2025-04-25T03:36:31.564+0000] {processor.py:186} INFO - Started process (PID=619) to work on /home/airflow/.local/lib/python3.12/site-packages/airflow/example_dags/example_branch_operator.py
[2025-04-25T03:36:31.573+0000] {processor.py:914} INFO - Processing file /home/airflow/.local/lib/python3.12/site-packages/airflow/example_dags/example_branch_operator.py for tasks to queue
[2025-04-25T03:36:31.594+0000] {logging_mixin.py:190} INFO - [2025-04-25T03:36:31.594+0000] {dagbag.py:588} INFO - Filling up the DagBag from /home/airflow/.local/lib/python3.12/site-packages/airflow/example_dags/example_branch_operator.py
[2025-04-25T03:36:31.925+0000] {processor.py:925} INFO - DAG(s) 'example_branch_operator' retrieved from /home/airflow/.local/lib/python3.12/site-packages/airflow/example_dags/example_branch_operator.py
[2025-04-25T03:36:32.172+0000] {logging_mixin.py:190} INFO - [2025-04-25T03:36:32.171+0000] {dag.py:3239} INFO - Sync 1 DAGs
[2025-04-25T03:36:32.348+0000] {logging_mixin.py:190} INFO - [2025-04-25T03:36:32.347+0000] {dag.py:4180} INFO - Setting next_dagrun for example_branch_operator to 2025-04-24 00:00:00+00:00, run_after=2025-04-25 00:00:00+00:00
[2025-04-25T03:36:32.553+0000] {processor.py:208} INFO - Processing /home/airflow/.local/lib/python3.12/site-packages/airflow/example_dags/example_branch_operator.py took 1.047 seconds
[2025-04-25T03:37:02.846+0000] {processor.py:186} INFO - Started process (PID=681) to work on /home/airflow/.local/lib/python3.12/site-packages/airflow/example_dags/example_branch_operator.py
[2025-04-25T03:37:02.848+0000] {processor.py:914} INFO - Processing file /home/airflow/.local/lib/python3.12/site-packages/airflow/example_dags/example_branch_operator.py for tasks to queue
[2025-04-25T03:37:02.852+0000] {logging_mixin.py:190} INFO - [2025-04-25T03:37:02.851+0000] {dagbag.py:588} INFO - Filling up the DagBag from /home/airflow/.local/lib/python3.12/site-packages/airflow/example_dags/example_branch_operator.py
[2025-04-25T03:37:02.887+0000] {processor.py:925} INFO - DAG(s) 'example_branch_operator' retrieved from /home/airflow/.local/lib/python3.12/site-packages/airflow/example_dags/example_branch_operator.py
[2025-04-25T03:37:02.953+0000] {logging_mixin.py:190} INFO - [2025-04-25T03:37:02.952+0000] {dag.py:3239} INFO - Sync 1 DAGs
[2025-04-25T03:37:03.002+0000] {logging_mixin.py:190} INFO - [2025-04-25T03:37:03.002+0000] {dag.py:4180} INFO - Setting next_dagrun for example_branch_operator to 2025-04-24 00:00:00+00:00, run_after=2025-04-25 00:00:00+00:00
[2025-04-25T03:37:03.053+0000] {processor.py:208} INFO - Processing /home/airflow/.local/lib/python3.12/site-packages/airflow/example_dags/example_branch_operator.py took 0.217 seconds
