[2025-04-25T03:32:04.388+0000] {processor.py:186} INFO - Started process (PID=96) to work on /home/airflow/.local/lib/python3.12/site-packages/airflow/example_dags/example_branch_labels.py
[2025-04-25T03:32:04.390+0000] {processor.py:914} INFO - Processing file /home/airflow/.local/lib/python3.12/site-packages/airflow/example_dags/example_branch_labels.py for tasks to queue
[2025-04-25T03:32:04.395+0000] {logging_mixin.py:190} INFO - [2025-04-25T03:32:04.394+0000] {dagbag.py:588} INFO - Filling up the DagBag from /home/airflow/.local/lib/python3.12/site-packages/airflow/example_dags/example_branch_labels.py
[2025-04-25T03:32:04.437+0000] {processor.py:925} INFO - DAG(s) 'example_branch_labels' retrieved from /home/airflow/.local/lib/python3.12/site-packages/airflow/example_dags/example_branch_labels.py
[2025-04-25T03:32:04.519+0000] {logging_mixin.py:190} INFO - [2025-04-25T03:32:04.518+0000] {dag.py:3239} INFO - Sync 1 DAGs
[2025-04-25T03:32:04.596+0000] {logging_mixin.py:190} INFO - [2025-04-25T03:32:04.596+0000] {dag.py:4180} INFO - Setting next_dagrun for example_branch_labels to 2025-04-24 00:00:00+00:00, run_after=2025-04-25 00:00:00+00:00
[2025-04-25T03:32:04.677+0000] {processor.py:208} INFO - Processing /home/airflow/.local/lib/python3.12/site-packages/airflow/example_dags/example_branch_labels.py took 0.297 seconds
[2025-04-25T03:32:35.200+0000] {processor.py:186} INFO - Started process (PID=159) to work on /home/airflow/.local/lib/python3.12/site-packages/airflow/example_dags/example_branch_labels.py
[2025-04-25T03:32:35.215+0000] {processor.py:914} INFO - Processing file /home/airflow/.local/lib/python3.12/site-packages/airflow/example_dags/example_branch_labels.py for tasks to queue
[2025-04-25T03:32:35.226+0000] {logging_mixin.py:190} INFO - [2025-04-25T03:32:35.225+0000] {dagbag.py:588} INFO - Filling up the DagBag from /home/airflow/.local/lib/python3.12/site-packages/airflow/example_dags/example_branch_labels.py
[2025-04-25T03:32:35.308+0000] {processor.py:925} INFO - DAG(s) 'example_branch_labels' retrieved from /home/airflow/.local/lib/python3.12/site-packages/airflow/example_dags/example_branch_labels.py
[2025-04-25T03:32:35.436+0000] {logging_mixin.py:190} INFO - [2025-04-25T03:32:35.436+0000] {dag.py:3239} INFO - Sync 1 DAGs
[2025-04-25T03:32:35.624+0000] {logging_mixin.py:190} INFO - [2025-04-25T03:32:35.616+0000] {dag.py:4180} INFO - Setting next_dagrun for example_branch_labels to 2025-04-24 00:00:00+00:00, run_after=2025-04-25 00:00:00+00:00
[2025-04-25T03:32:35.917+0000] {processor.py:208} INFO - Processing /home/airflow/.local/lib/python3.12/site-packages/airflow/example_dags/example_branch_labels.py took 0.741 seconds
[2025-04-25T03:33:06.448+0000] {processor.py:186} INFO - Started process (PID=221) to work on /home/airflow/.local/lib/python3.12/site-packages/airflow/example_dags/example_branch_labels.py
[2025-04-25T03:33:06.450+0000] {processor.py:914} INFO - Processing file /home/airflow/.local/lib/python3.12/site-packages/airflow/example_dags/example_branch_labels.py for tasks to queue
[2025-04-25T03:33:06.453+0000] {logging_mixin.py:190} INFO - [2025-04-25T03:33:06.452+0000] {dagbag.py:588} INFO - Filling up the DagBag from /home/airflow/.local/lib/python3.12/site-packages/airflow/example_dags/example_branch_labels.py
[2025-04-25T03:33:06.464+0000] {processor.py:925} INFO - DAG(s) 'example_branch_labels' retrieved from /home/airflow/.local/lib/python3.12/site-packages/airflow/example_dags/example_branch_labels.py
[2025-04-25T03:33:06.493+0000] {logging_mixin.py:190} INFO - [2025-04-25T03:33:06.493+0000] {dag.py:3239} INFO - Sync 1 DAGs
[2025-04-25T03:33:06.523+0000] {logging_mixin.py:190} INFO - [2025-04-25T03:33:06.523+0000] {dag.py:4180} INFO - Setting next_dagrun for example_branch_labels to 2025-04-24 00:00:00+00:00, run_after=2025-04-25 00:00:00+00:00
[2025-04-25T03:33:06.547+0000] {processor.py:208} INFO - Processing /home/airflow/.local/lib/python3.12/site-packages/airflow/example_dags/example_branch_labels.py took 0.104 seconds
[2025-04-25T03:33:36.984+0000] {processor.py:186} INFO - Started process (PID=284) to work on /home/airflow/.local/lib/python3.12/site-packages/airflow/example_dags/example_branch_labels.py
[2025-04-25T03:33:36.986+0000] {processor.py:914} INFO - Processing file /home/airflow/.local/lib/python3.12/site-packages/airflow/example_dags/example_branch_labels.py for tasks to queue
[2025-04-25T03:33:36.990+0000] {logging_mixin.py:190} INFO - [2025-04-25T03:33:36.989+0000] {dagbag.py:588} INFO - Filling up the DagBag from /home/airflow/.local/lib/python3.12/site-packages/airflow/example_dags/example_branch_labels.py
[2025-04-25T03:33:37.007+0000] {processor.py:925} INFO - DAG(s) 'example_branch_labels' retrieved from /home/airflow/.local/lib/python3.12/site-packages/airflow/example_dags/example_branch_labels.py
[2025-04-25T03:33:37.054+0000] {logging_mixin.py:190} INFO - [2025-04-25T03:33:37.053+0000] {dag.py:3239} INFO - Sync 1 DAGs
[2025-04-25T03:33:37.103+0000] {logging_mixin.py:190} INFO - [2025-04-25T03:33:37.103+0000] {dag.py:4180} INFO - Setting next_dagrun for example_branch_labels to 2025-04-24 00:00:00+00:00, run_after=2025-04-25 00:00:00+00:00
[2025-04-25T03:33:37.139+0000] {processor.py:208} INFO - Processing /home/airflow/.local/lib/python3.12/site-packages/airflow/example_dags/example_branch_labels.py took 0.164 seconds
[2025-04-25T03:34:07.545+0000] {processor.py:186} INFO - Started process (PID=346) to work on /home/airflow/.local/lib/python3.12/site-packages/airflow/example_dags/example_branch_labels.py
[2025-04-25T03:34:07.547+0000] {processor.py:914} INFO - Processing file /home/airflow/.local/lib/python3.12/site-packages/airflow/example_dags/example_branch_labels.py for tasks to queue
[2025-04-25T03:34:07.549+0000] {logging_mixin.py:190} INFO - [2025-04-25T03:34:07.549+0000] {dagbag.py:588} INFO - Filling up the DagBag from /home/airflow/.local/lib/python3.12/site-packages/airflow/example_dags/example_branch_labels.py
[2025-04-25T03:34:07.561+0000] {processor.py:925} INFO - DAG(s) 'example_branch_labels' retrieved from /home/airflow/.local/lib/python3.12/site-packages/airflow/example_dags/example_branch_labels.py
[2025-04-25T03:34:07.587+0000] {logging_mixin.py:190} INFO - [2025-04-25T03:34:07.587+0000] {dag.py:3239} INFO - Sync 1 DAGs
[2025-04-25T03:34:07.615+0000] {logging_mixin.py:190} INFO - [2025-04-25T03:34:07.615+0000] {dag.py:4180} INFO - Setting next_dagrun for example_branch_labels to 2025-04-24 00:00:00+00:00, run_after=2025-04-25 00:00:00+00:00
[2025-04-25T03:34:07.640+0000] {processor.py:208} INFO - Processing /home/airflow/.local/lib/python3.12/site-packages/airflow/example_dags/example_branch_labels.py took 0.101 seconds
[2025-04-25T03:34:43.070+0000] {processor.py:186} INFO - Started process (PID=409) to work on /home/airflow/.local/lib/python3.12/site-packages/airflow/example_dags/example_branch_labels.py
[2025-04-25T03:34:43.119+0000] {processor.py:914} INFO - Processing file /home/airflow/.local/lib/python3.12/site-packages/airflow/example_dags/example_branch_labels.py for tasks to queue
[2025-04-25T03:34:43.134+0000] {logging_mixin.py:190} INFO - [2025-04-25T03:34:43.132+0000] {dagbag.py:588} INFO - Filling up the DagBag from /home/airflow/.local/lib/python3.12/site-packages/airflow/example_dags/example_branch_labels.py
[2025-04-25T03:34:43.204+0000] {processor.py:925} INFO - DAG(s) 'example_branch_labels' retrieved from /home/airflow/.local/lib/python3.12/site-packages/airflow/example_dags/example_branch_labels.py
[2025-04-25T03:34:43.330+0000] {logging_mixin.py:190} INFO - [2025-04-25T03:34:43.320+0000] {dag.py:3239} INFO - Sync 1 DAGs
[2025-04-25T03:34:43.478+0000] {logging_mixin.py:190} INFO - [2025-04-25T03:34:43.477+0000] {dag.py:4180} INFO - Setting next_dagrun for example_branch_labels to 2025-04-24 00:00:00+00:00, run_after=2025-04-25 00:00:00+00:00
[2025-04-25T03:34:43.569+0000] {processor.py:208} INFO - Processing /home/airflow/.local/lib/python3.12/site-packages/airflow/example_dags/example_branch_labels.py took 0.518 seconds
[2025-04-25T03:35:16.916+0000] {processor.py:186} INFO - Started process (PID=471) to work on /home/airflow/.local/lib/python3.12/site-packages/airflow/example_dags/example_branch_labels.py
[2025-04-25T03:35:16.924+0000] {processor.py:914} INFO - Processing file /home/airflow/.local/lib/python3.12/site-packages/airflow/example_dags/example_branch_labels.py for tasks to queue
[2025-04-25T03:35:16.931+0000] {logging_mixin.py:190} INFO - [2025-04-25T03:35:16.930+0000] {dagbag.py:588} INFO - Filling up the DagBag from /home/airflow/.local/lib/python3.12/site-packages/airflow/example_dags/example_branch_labels.py
[2025-04-25T03:35:16.964+0000] {processor.py:925} INFO - DAG(s) 'example_branch_labels' retrieved from /home/airflow/.local/lib/python3.12/site-packages/airflow/example_dags/example_branch_labels.py
[2025-04-25T03:35:17.035+0000] {logging_mixin.py:190} INFO - [2025-04-25T03:35:17.035+0000] {dag.py:3239} INFO - Sync 1 DAGs
[2025-04-25T03:35:17.130+0000] {logging_mixin.py:190} INFO - [2025-04-25T03:35:17.130+0000] {dag.py:4180} INFO - Setting next_dagrun for example_branch_labels to 2025-04-24 00:00:00+00:00, run_after=2025-04-25 00:00:00+00:00
[2025-04-25T03:35:17.213+0000] {processor.py:208} INFO - Processing /home/airflow/.local/lib/python3.12/site-packages/airflow/example_dags/example_branch_labels.py took 0.320 seconds
[2025-04-25T03:35:48.083+0000] {processor.py:186} INFO - Started process (PID=534) to work on /home/airflow/.local/lib/python3.12/site-packages/airflow/example_dags/example_branch_labels.py
[2025-04-25T03:35:48.085+0000] {processor.py:914} INFO - Processing file /home/airflow/.local/lib/python3.12/site-packages/airflow/example_dags/example_branch_labels.py for tasks to queue
[2025-04-25T03:35:48.089+0000] {logging_mixin.py:190} INFO - [2025-04-25T03:35:48.088+0000] {dagbag.py:588} INFO - Filling up the DagBag from /home/airflow/.local/lib/python3.12/site-packages/airflow/example_dags/example_branch_labels.py
[2025-04-25T03:35:48.116+0000] {processor.py:925} INFO - DAG(s) 'example_branch_labels' retrieved from /home/airflow/.local/lib/python3.12/site-packages/airflow/example_dags/example_branch_labels.py
[2025-04-25T03:35:48.162+0000] {logging_mixin.py:190} INFO - [2025-04-25T03:35:48.162+0000] {dag.py:3239} INFO - Sync 1 DAGs
[2025-04-25T03:35:48.246+0000] {logging_mixin.py:190} INFO - [2025-04-25T03:35:48.246+0000] {dag.py:4180} INFO - Setting next_dagrun for example_branch_labels to 2025-04-24 00:00:00+00:00, run_after=2025-04-25 00:00:00+00:00
[2025-04-25T03:35:48.340+0000] {processor.py:208} INFO - Processing /home/airflow/.local/lib/python3.12/site-packages/airflow/example_dags/example_branch_labels.py took 0.268 seconds
[2025-04-25T03:36:21.081+0000] {processor.py:186} INFO - Started process (PID=597) to work on /home/airflow/.local/lib/python3.12/site-packages/airflow/example_dags/example_branch_labels.py
[2025-04-25T03:36:21.083+0000] {processor.py:914} INFO - Processing file /home/airflow/.local/lib/python3.12/site-packages/airflow/example_dags/example_branch_labels.py for tasks to queue
[2025-04-25T03:36:21.096+0000] {logging_mixin.py:190} INFO - [2025-04-25T03:36:21.095+0000] {dagbag.py:588} INFO - Filling up the DagBag from /home/airflow/.local/lib/python3.12/site-packages/airflow/example_dags/example_branch_labels.py
[2025-04-25T03:36:21.136+0000] {processor.py:925} INFO - DAG(s) 'example_branch_labels' retrieved from /home/airflow/.local/lib/python3.12/site-packages/airflow/example_dags/example_branch_labels.py
[2025-04-25T03:36:21.279+0000] {logging_mixin.py:190} INFO - [2025-04-25T03:36:21.279+0000] {dag.py:3239} INFO - Sync 1 DAGs
[2025-04-25T03:36:21.375+0000] {logging_mixin.py:190} INFO - [2025-04-25T03:36:21.374+0000] {dag.py:4180} INFO - Setting next_dagrun for example_branch_labels to 2025-04-24 00:00:00+00:00, run_after=2025-04-25 00:00:00+00:00
[2025-04-25T03:36:21.491+0000] {processor.py:208} INFO - Processing /home/airflow/.local/lib/python3.12/site-packages/airflow/example_dags/example_branch_labels.py took 0.434 seconds
[2025-04-25T03:36:53.937+0000] {processor.py:186} INFO - Started process (PID=660) to work on /home/airflow/.local/lib/python3.12/site-packages/airflow/example_dags/example_branch_labels.py
[2025-04-25T03:36:53.959+0000] {processor.py:914} INFO - Processing file /home/airflow/.local/lib/python3.12/site-packages/airflow/example_dags/example_branch_labels.py for tasks to queue
[2025-04-25T03:36:53.970+0000] {logging_mixin.py:190} INFO - [2025-04-25T03:36:53.970+0000] {dagbag.py:588} INFO - Filling up the DagBag from /home/airflow/.local/lib/python3.12/site-packages/airflow/example_dags/example_branch_labels.py
[2025-04-25T03:36:54.144+0000] {processor.py:925} INFO - DAG(s) 'example_branch_labels' retrieved from /home/airflow/.local/lib/python3.12/site-packages/airflow/example_dags/example_branch_labels.py
[2025-04-25T03:36:54.330+0000] {logging_mixin.py:190} INFO - [2025-04-25T03:36:54.329+0000] {dag.py:3239} INFO - Sync 1 DAGs
[2025-04-25T03:36:54.582+0000] {logging_mixin.py:190} INFO - [2025-04-25T03:36:54.581+0000] {dag.py:4180} INFO - Setting next_dagrun for example_branch_labels to 2025-04-24 00:00:00+00:00, run_after=2025-04-25 00:00:00+00:00
[2025-04-25T03:36:54.660+0000] {processor.py:208} INFO - Processing /home/airflow/.local/lib/python3.12/site-packages/airflow/example_dags/example_branch_labels.py took 0.746 seconds
[2025-04-25T03:37:27.936+0000] {processor.py:186} INFO - Started process (PID=729) to work on /home/airflow/.local/lib/python3.12/site-packages/airflow/example_dags/example_branch_labels.py
[2025-04-25T03:37:27.938+0000] {processor.py:914} INFO - Processing file /home/airflow/.local/lib/python3.12/site-packages/airflow/example_dags/example_branch_labels.py for tasks to queue
[2025-04-25T03:37:27.942+0000] {logging_mixin.py:190} INFO - [2025-04-25T03:37:27.942+0000] {dagbag.py:588} INFO - Filling up the DagBag from /home/airflow/.local/lib/python3.12/site-packages/airflow/example_dags/example_branch_labels.py
[2025-04-25T03:37:27.967+0000] {processor.py:925} INFO - DAG(s) 'example_branch_labels' retrieved from /home/airflow/.local/lib/python3.12/site-packages/airflow/example_dags/example_branch_labels.py
[2025-04-25T03:37:28.045+0000] {logging_mixin.py:190} INFO - [2025-04-25T03:37:28.044+0000] {dag.py:3239} INFO - Sync 1 DAGs
[2025-04-25T03:37:28.115+0000] {logging_mixin.py:190} INFO - [2025-04-25T03:37:28.114+0000] {dag.py:4180} INFO - Setting next_dagrun for example_branch_labels to 2025-04-24 00:00:00+00:00, run_after=2025-04-25 00:00:00+00:00
[2025-04-25T03:37:28.149+0000] {processor.py:208} INFO - Processing /home/airflow/.local/lib/python3.12/site-packages/airflow/example_dags/example_branch_labels.py took 0.226 seconds
