[2025-04-25T03:32:07.013+0000] {processor.py:186} INFO - Started process (PID=107) to work on /home/airflow/.local/lib/python3.12/site-packages/airflow/example_dags/example_external_task_marker_dag.py
[2025-04-25T03:32:07.017+0000] {processor.py:914} INFO - Processing file /home/airflow/.local/lib/python3.12/site-packages/airflow/example_dags/example_external_task_marker_dag.py for tasks to queue
[2025-04-25T03:32:07.027+0000] {logging_mixin.py:190} INFO - [2025-04-25T03:32:07.027+0000] {dagbag.py:588} INFO - Filling up the DagBag from /home/airflow/.local/lib/python3.12/site-packages/airflow/example_dags/example_external_task_marker_dag.py
[2025-04-25T03:32:07.044+0000] {processor.py:925} INFO - DAG(s) 'example_external_task_marker_parent', 'example_external_task_marker_child' retrieved from /home/airflow/.local/lib/python3.12/site-packages/airflow/example_dags/example_external_task_marker_dag.py
[2025-04-25T03:32:07.089+0000] {logging_mixin.py:190} INFO - [2025-04-25T03:32:07.089+0000] {dag.py:3239} INFO - Sync 2 DAGs
[2025-04-25T03:32:07.133+0000] {logging_mixin.py:190} INFO - [2025-04-25T03:32:07.133+0000] {dag.py:4180} INFO - Setting next_dagrun for example_external_task_marker_child to None, run_after=None
[2025-04-25T03:32:07.144+0000] {logging_mixin.py:190} INFO - [2025-04-25T03:32:07.143+0000] {dag.py:4180} INFO - Setting next_dagrun for example_external_task_marker_parent to None, run_after=None
[2025-04-25T03:32:07.185+0000] {processor.py:208} INFO - Processing /home/airflow/.local/lib/python3.12/site-packages/airflow/example_dags/example_external_task_marker_dag.py took 0.181 seconds
[2025-04-25T03:32:39.201+0000] {processor.py:186} INFO - Started process (PID=170) to work on /home/airflow/.local/lib/python3.12/site-packages/airflow/example_dags/example_external_task_marker_dag.py
[2025-04-25T03:32:39.209+0000] {processor.py:914} INFO - Processing file /home/airflow/.local/lib/python3.12/site-packages/airflow/example_dags/example_external_task_marker_dag.py for tasks to queue
[2025-04-25T03:32:39.217+0000] {logging_mixin.py:190} INFO - [2025-04-25T03:32:39.216+0000] {dagbag.py:588} INFO - Filling up the DagBag from /home/airflow/.local/lib/python3.12/site-packages/airflow/example_dags/example_external_task_marker_dag.py
[2025-04-25T03:32:39.242+0000] {processor.py:925} INFO - DAG(s) 'example_external_task_marker_parent', 'example_external_task_marker_child' retrieved from /home/airflow/.local/lib/python3.12/site-packages/airflow/example_dags/example_external_task_marker_dag.py
[2025-04-25T03:32:39.334+0000] {logging_mixin.py:190} INFO - [2025-04-25T03:32:39.334+0000] {dag.py:3239} INFO - Sync 2 DAGs
[2025-04-25T03:32:39.400+0000] {logging_mixin.py:190} INFO - [2025-04-25T03:32:39.399+0000] {dag.py:4180} INFO - Setting next_dagrun for example_external_task_marker_child to None, run_after=None
[2025-04-25T03:32:39.418+0000] {logging_mixin.py:190} INFO - [2025-04-25T03:32:39.418+0000] {dag.py:4180} INFO - Setting next_dagrun for example_external_task_marker_parent to None, run_after=None
[2025-04-25T03:32:39.494+0000] {processor.py:208} INFO - Processing /home/airflow/.local/lib/python3.12/site-packages/airflow/example_dags/example_external_task_marker_dag.py took 0.302 seconds
[2025-04-25T03:33:09.895+0000] {processor.py:186} INFO - Started process (PID=233) to work on /home/airflow/.local/lib/python3.12/site-packages/airflow/example_dags/example_external_task_marker_dag.py
[2025-04-25T03:33:09.897+0000] {processor.py:914} INFO - Processing file /home/airflow/.local/lib/python3.12/site-packages/airflow/example_dags/example_external_task_marker_dag.py for tasks to queue
[2025-04-25T03:33:09.904+0000] {logging_mixin.py:190} INFO - [2025-04-25T03:33:09.903+0000] {dagbag.py:588} INFO - Filling up the DagBag from /home/airflow/.local/lib/python3.12/site-packages/airflow/example_dags/example_external_task_marker_dag.py
[2025-04-25T03:33:09.933+0000] {processor.py:925} INFO - DAG(s) 'example_external_task_marker_parent', 'example_external_task_marker_child' retrieved from /home/airflow/.local/lib/python3.12/site-packages/airflow/example_dags/example_external_task_marker_dag.py
[2025-04-25T03:33:10.037+0000] {logging_mixin.py:190} INFO - [2025-04-25T03:33:10.036+0000] {dag.py:3239} INFO - Sync 2 DAGs
[2025-04-25T03:33:10.100+0000] {logging_mixin.py:190} INFO - [2025-04-25T03:33:10.099+0000] {dag.py:4180} INFO - Setting next_dagrun for example_external_task_marker_child to None, run_after=None
[2025-04-25T03:33:10.109+0000] {logging_mixin.py:190} INFO - [2025-04-25T03:33:10.108+0000] {dag.py:4180} INFO - Setting next_dagrun for example_external_task_marker_parent to None, run_after=None
[2025-04-25T03:33:10.135+0000] {processor.py:208} INFO - Processing /home/airflow/.local/lib/python3.12/site-packages/airflow/example_dags/example_external_task_marker_dag.py took 0.253 seconds
[2025-04-25T03:33:40.471+0000] {processor.py:186} INFO - Started process (PID=296) to work on /home/airflow/.local/lib/python3.12/site-packages/airflow/example_dags/example_external_task_marker_dag.py
[2025-04-25T03:33:40.472+0000] {processor.py:914} INFO - Processing file /home/airflow/.local/lib/python3.12/site-packages/airflow/example_dags/example_external_task_marker_dag.py for tasks to queue
[2025-04-25T03:33:40.476+0000] {logging_mixin.py:190} INFO - [2025-04-25T03:33:40.476+0000] {dagbag.py:588} INFO - Filling up the DagBag from /home/airflow/.local/lib/python3.12/site-packages/airflow/example_dags/example_external_task_marker_dag.py
[2025-04-25T03:33:40.488+0000] {processor.py:925} INFO - DAG(s) 'example_external_task_marker_parent', 'example_external_task_marker_child' retrieved from /home/airflow/.local/lib/python3.12/site-packages/airflow/example_dags/example_external_task_marker_dag.py
[2025-04-25T03:33:40.522+0000] {logging_mixin.py:190} INFO - [2025-04-25T03:33:40.521+0000] {dag.py:3239} INFO - Sync 2 DAGs
[2025-04-25T03:33:40.566+0000] {logging_mixin.py:190} INFO - [2025-04-25T03:33:40.565+0000] {dag.py:4180} INFO - Setting next_dagrun for example_external_task_marker_child to None, run_after=None
[2025-04-25T03:33:40.580+0000] {logging_mixin.py:190} INFO - [2025-04-25T03:33:40.580+0000] {dag.py:4180} INFO - Setting next_dagrun for example_external_task_marker_parent to None, run_after=None
[2025-04-25T03:33:40.603+0000] {processor.py:208} INFO - Processing /home/airflow/.local/lib/python3.12/site-packages/airflow/example_dags/example_external_task_marker_dag.py took 0.138 seconds
[2025-04-25T03:34:10.754+0000] {processor.py:186} INFO - Started process (PID=357) to work on /home/airflow/.local/lib/python3.12/site-packages/airflow/example_dags/example_external_task_marker_dag.py
[2025-04-25T03:34:10.755+0000] {processor.py:914} INFO - Processing file /home/airflow/.local/lib/python3.12/site-packages/airflow/example_dags/example_external_task_marker_dag.py for tasks to queue
[2025-04-25T03:34:10.758+0000] {logging_mixin.py:190} INFO - [2025-04-25T03:34:10.757+0000] {dagbag.py:588} INFO - Filling up the DagBag from /home/airflow/.local/lib/python3.12/site-packages/airflow/example_dags/example_external_task_marker_dag.py
[2025-04-25T03:34:10.769+0000] {processor.py:925} INFO - DAG(s) 'example_external_task_marker_parent', 'example_external_task_marker_child' retrieved from /home/airflow/.local/lib/python3.12/site-packages/airflow/example_dags/example_external_task_marker_dag.py
[2025-04-25T03:34:10.797+0000] {logging_mixin.py:190} INFO - [2025-04-25T03:34:10.797+0000] {dag.py:3239} INFO - Sync 2 DAGs
[2025-04-25T03:34:10.815+0000] {logging_mixin.py:190} INFO - [2025-04-25T03:34:10.815+0000] {dag.py:4180} INFO - Setting next_dagrun for example_external_task_marker_child to None, run_after=None
[2025-04-25T03:34:10.822+0000] {logging_mixin.py:190} INFO - [2025-04-25T03:34:10.822+0000] {dag.py:4180} INFO - Setting next_dagrun for example_external_task_marker_parent to None, run_after=None
[2025-04-25T03:34:10.846+0000] {processor.py:208} INFO - Processing /home/airflow/.local/lib/python3.12/site-packages/airflow/example_dags/example_external_task_marker_dag.py took 0.098 seconds
[2025-04-25T03:34:46.474+0000] {processor.py:186} INFO - Started process (PID=421) to work on /home/airflow/.local/lib/python3.12/site-packages/airflow/example_dags/example_external_task_marker_dag.py
[2025-04-25T03:34:46.490+0000] {processor.py:914} INFO - Processing file /home/airflow/.local/lib/python3.12/site-packages/airflow/example_dags/example_external_task_marker_dag.py for tasks to queue
[2025-04-25T03:34:46.567+0000] {logging_mixin.py:190} INFO - [2025-04-25T03:34:46.567+0000] {dagbag.py:588} INFO - Filling up the DagBag from /home/airflow/.local/lib/python3.12/site-packages/airflow/example_dags/example_external_task_marker_dag.py
[2025-04-25T03:34:46.639+0000] {processor.py:925} INFO - DAG(s) 'example_external_task_marker_child', 'example_external_task_marker_parent' retrieved from /home/airflow/.local/lib/python3.12/site-packages/airflow/example_dags/example_external_task_marker_dag.py
[2025-04-25T03:34:46.708+0000] {logging_mixin.py:190} INFO - [2025-04-25T03:34:46.707+0000] {dag.py:3239} INFO - Sync 2 DAGs
[2025-04-25T03:34:46.749+0000] {logging_mixin.py:190} INFO - [2025-04-25T03:34:46.748+0000] {dag.py:4180} INFO - Setting next_dagrun for example_external_task_marker_child to None, run_after=None
[2025-04-25T03:34:46.758+0000] {logging_mixin.py:190} INFO - [2025-04-25T03:34:46.758+0000] {dag.py:4180} INFO - Setting next_dagrun for example_external_task_marker_parent to None, run_after=None
[2025-04-25T03:34:46.801+0000] {processor.py:208} INFO - Processing /home/airflow/.local/lib/python3.12/site-packages/airflow/example_dags/example_external_task_marker_dag.py took 0.347 seconds
[2025-04-25T03:35:19.594+0000] {processor.py:186} INFO - Started process (PID=483) to work on /home/airflow/.local/lib/python3.12/site-packages/airflow/example_dags/example_external_task_marker_dag.py
[2025-04-25T03:35:19.596+0000] {processor.py:914} INFO - Processing file /home/airflow/.local/lib/python3.12/site-packages/airflow/example_dags/example_external_task_marker_dag.py for tasks to queue
[2025-04-25T03:35:19.603+0000] {logging_mixin.py:190} INFO - [2025-04-25T03:35:19.602+0000] {dagbag.py:588} INFO - Filling up the DagBag from /home/airflow/.local/lib/python3.12/site-packages/airflow/example_dags/example_external_task_marker_dag.py
[2025-04-25T03:35:19.620+0000] {processor.py:925} INFO - DAG(s) 'example_external_task_marker_child', 'example_external_task_marker_parent' retrieved from /home/airflow/.local/lib/python3.12/site-packages/airflow/example_dags/example_external_task_marker_dag.py
[2025-04-25T03:35:19.671+0000] {logging_mixin.py:190} INFO - [2025-04-25T03:35:19.670+0000] {dag.py:3239} INFO - Sync 2 DAGs
[2025-04-25T03:35:19.724+0000] {logging_mixin.py:190} INFO - [2025-04-25T03:35:19.724+0000] {dag.py:4180} INFO - Setting next_dagrun for example_external_task_marker_child to None, run_after=None
[2025-04-25T03:35:19.737+0000] {logging_mixin.py:190} INFO - [2025-04-25T03:35:19.736+0000] {dag.py:4180} INFO - Setting next_dagrun for example_external_task_marker_parent to None, run_after=None
[2025-04-25T03:35:19.783+0000] {processor.py:208} INFO - Processing /home/airflow/.local/lib/python3.12/site-packages/airflow/example_dags/example_external_task_marker_dag.py took 0.202 seconds
[2025-04-25T03:35:51.899+0000] {processor.py:186} INFO - Started process (PID=546) to work on /home/airflow/.local/lib/python3.12/site-packages/airflow/example_dags/example_external_task_marker_dag.py
[2025-04-25T03:35:51.901+0000] {processor.py:914} INFO - Processing file /home/airflow/.local/lib/python3.12/site-packages/airflow/example_dags/example_external_task_marker_dag.py for tasks to queue
[2025-04-25T03:35:51.906+0000] {logging_mixin.py:190} INFO - [2025-04-25T03:35:51.905+0000] {dagbag.py:588} INFO - Filling up the DagBag from /home/airflow/.local/lib/python3.12/site-packages/airflow/example_dags/example_external_task_marker_dag.py
[2025-04-25T03:35:51.958+0000] {processor.py:925} INFO - DAG(s) 'example_external_task_marker_child', 'example_external_task_marker_parent' retrieved from /home/airflow/.local/lib/python3.12/site-packages/airflow/example_dags/example_external_task_marker_dag.py
[2025-04-25T03:35:52.070+0000] {logging_mixin.py:190} INFO - [2025-04-25T03:35:52.069+0000] {dag.py:3239} INFO - Sync 2 DAGs
[2025-04-25T03:35:52.152+0000] {logging_mixin.py:190} INFO - [2025-04-25T03:35:52.152+0000] {dag.py:4180} INFO - Setting next_dagrun for example_external_task_marker_child to None, run_after=None
[2025-04-25T03:35:52.161+0000] {logging_mixin.py:190} INFO - [2025-04-25T03:35:52.161+0000] {dag.py:4180} INFO - Setting next_dagrun for example_external_task_marker_parent to None, run_after=None
[2025-04-25T03:35:52.254+0000] {processor.py:208} INFO - Processing /home/airflow/.local/lib/python3.12/site-packages/airflow/example_dags/example_external_task_marker_dag.py took 0.411 seconds
[2025-04-25T03:36:25.132+0000] {processor.py:186} INFO - Started process (PID=615) to work on /home/airflow/.local/lib/python3.12/site-packages/airflow/example_dags/example_external_task_marker_dag.py
[2025-04-25T03:36:25.148+0000] {processor.py:914} INFO - Processing file /home/airflow/.local/lib/python3.12/site-packages/airflow/example_dags/example_external_task_marker_dag.py for tasks to queue
[2025-04-25T03:36:25.170+0000] {logging_mixin.py:190} INFO - [2025-04-25T03:36:25.169+0000] {dagbag.py:588} INFO - Filling up the DagBag from /home/airflow/.local/lib/python3.12/site-packages/airflow/example_dags/example_external_task_marker_dag.py
[2025-04-25T03:36:25.256+0000] {processor.py:925} INFO - DAG(s) 'example_external_task_marker_parent', 'example_external_task_marker_child' retrieved from /home/airflow/.local/lib/python3.12/site-packages/airflow/example_dags/example_external_task_marker_dag.py
[2025-04-25T03:36:25.542+0000] {logging_mixin.py:190} INFO - [2025-04-25T03:36:25.542+0000] {dag.py:3239} INFO - Sync 2 DAGs
[2025-04-25T03:36:25.853+0000] {logging_mixin.py:190} INFO - [2025-04-25T03:36:25.852+0000] {dag.py:4180} INFO - Setting next_dagrun for example_external_task_marker_child to None, run_after=None
[2025-04-25T03:36:25.908+0000] {logging_mixin.py:190} INFO - [2025-04-25T03:36:25.907+0000] {dag.py:4180} INFO - Setting next_dagrun for example_external_task_marker_parent to None, run_after=None
[2025-04-25T03:36:26.153+0000] {processor.py:208} INFO - Processing /home/airflow/.local/lib/python3.12/site-packages/airflow/example_dags/example_external_task_marker_dag.py took 1.065 seconds
[2025-04-25T03:36:56.695+0000] {processor.py:186} INFO - Started process (PID=677) to work on /home/airflow/.local/lib/python3.12/site-packages/airflow/example_dags/example_external_task_marker_dag.py
[2025-04-25T03:36:56.697+0000] {processor.py:914} INFO - Processing file /home/airflow/.local/lib/python3.12/site-packages/airflow/example_dags/example_external_task_marker_dag.py for tasks to queue
[2025-04-25T03:36:56.699+0000] {logging_mixin.py:190} INFO - [2025-04-25T03:36:56.699+0000] {dagbag.py:588} INFO - Filling up the DagBag from /home/airflow/.local/lib/python3.12/site-packages/airflow/example_dags/example_external_task_marker_dag.py
[2025-04-25T03:36:56.710+0000] {processor.py:925} INFO - DAG(s) 'example_external_task_marker_child', 'example_external_task_marker_parent' retrieved from /home/airflow/.local/lib/python3.12/site-packages/airflow/example_dags/example_external_task_marker_dag.py
[2025-04-25T03:36:56.745+0000] {logging_mixin.py:190} INFO - [2025-04-25T03:36:56.744+0000] {dag.py:3239} INFO - Sync 2 DAGs
[2025-04-25T03:36:56.770+0000] {logging_mixin.py:190} INFO - [2025-04-25T03:36:56.769+0000] {dag.py:4180} INFO - Setting next_dagrun for example_external_task_marker_child to None, run_after=None
[2025-04-25T03:36:56.776+0000] {logging_mixin.py:190} INFO - [2025-04-25T03:36:56.776+0000] {dag.py:4180} INFO - Setting next_dagrun for example_external_task_marker_parent to None, run_after=None
[2025-04-25T03:36:56.808+0000] {processor.py:208} INFO - Processing /home/airflow/.local/lib/python3.12/site-packages/airflow/example_dags/example_external_task_marker_dag.py took 0.120 seconds
[2025-04-25T03:37:29.136+0000] {processor.py:186} INFO - Started process (PID=740) to work on /home/airflow/.local/lib/python3.12/site-packages/airflow/example_dags/example_external_task_marker_dag.py
[2025-04-25T03:37:29.137+0000] {processor.py:914} INFO - Processing file /home/airflow/.local/lib/python3.12/site-packages/airflow/example_dags/example_external_task_marker_dag.py for tasks to queue
[2025-04-25T03:37:29.141+0000] {logging_mixin.py:190} INFO - [2025-04-25T03:37:29.140+0000] {dagbag.py:588} INFO - Filling up the DagBag from /home/airflow/.local/lib/python3.12/site-packages/airflow/example_dags/example_external_task_marker_dag.py
[2025-04-25T03:37:29.151+0000] {processor.py:925} INFO - DAG(s) 'example_external_task_marker_parent', 'example_external_task_marker_child' retrieved from /home/airflow/.local/lib/python3.12/site-packages/airflow/example_dags/example_external_task_marker_dag.py
[2025-04-25T03:37:29.185+0000] {logging_mixin.py:190} INFO - [2025-04-25T03:37:29.184+0000] {dag.py:3239} INFO - Sync 2 DAGs
[2025-04-25T03:37:29.211+0000] {logging_mixin.py:190} INFO - [2025-04-25T03:37:29.211+0000] {dag.py:4180} INFO - Setting next_dagrun for example_external_task_marker_child to None, run_after=None
[2025-04-25T03:37:29.218+0000] {logging_mixin.py:190} INFO - [2025-04-25T03:37:29.218+0000] {dag.py:4180} INFO - Setting next_dagrun for example_external_task_marker_parent to None, run_after=None
[2025-04-25T03:37:29.245+0000] {processor.py:208} INFO - Processing /home/airflow/.local/lib/python3.12/site-packages/airflow/example_dags/example_external_task_marker_dag.py took 0.117 seconds
