[2025-04-25T03:31:50.875+0000] {processor.py:186} INFO - Started process (PID=72) to work on /home/airflow/.local/lib/python3.12/site-packages/airflow/example_dags/example_datasets.py
[2025-04-25T03:31:50.877+0000] {processor.py:914} INFO - Processing file /home/airflow/.local/lib/python3.12/site-packages/airflow/example_dags/example_datasets.py for tasks to queue
[2025-04-25T03:31:50.881+0000] {logging_mixin.py:190} INFO - [2025-04-25T03:31:50.880+0000] {dagbag.py:588} INFO - Filling up the DagBag from /home/airflow/.local/lib/python3.12/site-packages/airflow/example_dags/example_datasets.py
[2025-04-25T03:31:57.703+0000] {processor.py:925} INFO - DAG(s) 'dataset_consumes_1_never_scheduled', 'dataset_produces_2', 'dataset_consumes_1_and_2', 'dataset_produces_1', 'consume_1_and_2_with_dataset_expressions', 'dataset_consumes_1', 'consume_1_or_both_2_and_3_with_dataset_expressions', 'conditional_dataset_and_time_based_timetable', 'dataset_consumes_unknown_never_scheduled', 'consume_1_or_2_with_dataset_expressions' retrieved from /home/airflow/.local/lib/python3.12/site-packages/airflow/example_dags/example_datasets.py
[2025-04-25T03:31:58.045+0000] {logging_mixin.py:190} INFO - [2025-04-25T03:31:58.045+0000] {dag.py:3239} INFO - Sync 10 DAGs
[2025-04-25T03:31:58.116+0000] {logging_mixin.py:190} INFO - [2025-04-25T03:31:58.115+0000] {dag.py:4180} INFO - Setting next_dagrun for conditional_dataset_and_time_based_timetable to 2025-04-23 01:00:00+00:00, run_after=2025-04-23 01:00:00+00:00
[2025-04-25T03:31:58.134+0000] {logging_mixin.py:190} INFO - [2025-04-25T03:31:58.134+0000] {dag.py:4180} INFO - Setting next_dagrun for consume_1_and_2_with_dataset_expressions to None, run_after=None
[2025-04-25T03:31:58.145+0000] {logging_mixin.py:190} INFO - [2025-04-25T03:31:58.145+0000] {dag.py:4180} INFO - Setting next_dagrun for consume_1_or_2_with_dataset_expressions to None, run_after=None
[2025-04-25T03:31:58.158+0000] {logging_mixin.py:190} INFO - [2025-04-25T03:31:58.158+0000] {dag.py:4180} INFO - Setting next_dagrun for consume_1_or_both_2_and_3_with_dataset_expressions to None, run_after=None
[2025-04-25T03:31:58.164+0000] {logging_mixin.py:190} INFO - [2025-04-25T03:31:58.163+0000] {dag.py:4180} INFO - Setting next_dagrun for dataset_consumes_1 to None, run_after=None
[2025-04-25T03:31:58.169+0000] {logging_mixin.py:190} INFO - [2025-04-25T03:31:58.168+0000] {dag.py:4180} INFO - Setting next_dagrun for dataset_consumes_1_and_2 to None, run_after=None
[2025-04-25T03:31:58.174+0000] {logging_mixin.py:190} INFO - [2025-04-25T03:31:58.173+0000] {dag.py:4180} INFO - Setting next_dagrun for dataset_consumes_1_never_scheduled to None, run_after=None
[2025-04-25T03:31:58.188+0000] {logging_mixin.py:190} INFO - [2025-04-25T03:31:58.187+0000] {dag.py:4180} INFO - Setting next_dagrun for dataset_consumes_unknown_never_scheduled to None, run_after=None
[2025-04-25T03:31:58.195+0000] {logging_mixin.py:190} INFO - [2025-04-25T03:31:58.194+0000] {dag.py:4180} INFO - Setting next_dagrun for dataset_produces_1 to 2025-04-24 00:00:00+00:00, run_after=2025-04-25 00:00:00+00:00
[2025-04-25T03:31:58.213+0000] {logging_mixin.py:190} INFO - [2025-04-25T03:31:58.213+0000] {dag.py:4180} INFO - Setting next_dagrun for dataset_produces_2 to None, run_after=None
[2025-04-25T03:31:58.388+0000] {processor.py:208} INFO - Processing /home/airflow/.local/lib/python3.12/site-packages/airflow/example_dags/example_datasets.py took 7.527 seconds
[2025-04-25T03:32:29.117+0000] {processor.py:186} INFO - Started process (PID=142) to work on /home/airflow/.local/lib/python3.12/site-packages/airflow/example_dags/example_datasets.py
[2025-04-25T03:32:29.118+0000] {processor.py:914} INFO - Processing file /home/airflow/.local/lib/python3.12/site-packages/airflow/example_dags/example_datasets.py for tasks to queue
[2025-04-25T03:32:29.121+0000] {logging_mixin.py:190} INFO - [2025-04-25T03:32:29.121+0000] {dagbag.py:588} INFO - Filling up the DagBag from /home/airflow/.local/lib/python3.12/site-packages/airflow/example_dags/example_datasets.py
[2025-04-25T03:32:30.019+0000] {processor.py:925} INFO - DAG(s) 'dataset_produces_1', 'dataset_produces_2', 'consume_1_and_2_with_dataset_expressions', 'consume_1_or_2_with_dataset_expressions', 'dataset_consumes_1_never_scheduled', 'dataset_consumes_unknown_never_scheduled', 'dataset_consumes_1_and_2', 'dataset_consumes_1', 'conditional_dataset_and_time_based_timetable', 'consume_1_or_both_2_and_3_with_dataset_expressions' retrieved from /home/airflow/.local/lib/python3.12/site-packages/airflow/example_dags/example_datasets.py
[2025-04-25T03:32:30.080+0000] {logging_mixin.py:190} INFO - [2025-04-25T03:32:30.080+0000] {dag.py:3239} INFO - Sync 10 DAGs
[2025-04-25T03:32:30.115+0000] {logging_mixin.py:190} INFO - [2025-04-25T03:32:30.114+0000] {dag.py:4180} INFO - Setting next_dagrun for conditional_dataset_and_time_based_timetable to 2025-04-23 01:00:00+00:00, run_after=2025-04-23 01:00:00+00:00
[2025-04-25T03:32:30.121+0000] {logging_mixin.py:190} INFO - [2025-04-25T03:32:30.121+0000] {dag.py:4180} INFO - Setting next_dagrun for consume_1_and_2_with_dataset_expressions to None, run_after=None
[2025-04-25T03:32:30.124+0000] {logging_mixin.py:190} INFO - [2025-04-25T03:32:30.124+0000] {dag.py:4180} INFO - Setting next_dagrun for consume_1_or_2_with_dataset_expressions to None, run_after=None
[2025-04-25T03:32:30.127+0000] {logging_mixin.py:190} INFO - [2025-04-25T03:32:30.126+0000] {dag.py:4180} INFO - Setting next_dagrun for consume_1_or_both_2_and_3_with_dataset_expressions to None, run_after=None
[2025-04-25T03:32:30.129+0000] {logging_mixin.py:190} INFO - [2025-04-25T03:32:30.129+0000] {dag.py:4180} INFO - Setting next_dagrun for dataset_consumes_1 to None, run_after=None
[2025-04-25T03:32:30.131+0000] {logging_mixin.py:190} INFO - [2025-04-25T03:32:30.131+0000] {dag.py:4180} INFO - Setting next_dagrun for dataset_consumes_1_and_2 to None, run_after=None
[2025-04-25T03:32:30.134+0000] {logging_mixin.py:190} INFO - [2025-04-25T03:32:30.133+0000] {dag.py:4180} INFO - Setting next_dagrun for dataset_consumes_1_never_scheduled to None, run_after=None
[2025-04-25T03:32:30.136+0000] {logging_mixin.py:190} INFO - [2025-04-25T03:32:30.136+0000] {dag.py:4180} INFO - Setting next_dagrun for dataset_consumes_unknown_never_scheduled to None, run_after=None
[2025-04-25T03:32:30.140+0000] {logging_mixin.py:190} INFO - [2025-04-25T03:32:30.139+0000] {dag.py:4180} INFO - Setting next_dagrun for dataset_produces_1 to 2025-04-24 00:00:00+00:00, run_after=2025-04-25 00:00:00+00:00
[2025-04-25T03:32:30.142+0000] {logging_mixin.py:190} INFO - [2025-04-25T03:32:30.142+0000] {dag.py:4180} INFO - Setting next_dagrun for dataset_produces_2 to None, run_after=None
[2025-04-25T03:32:30.195+0000] {processor.py:208} INFO - Processing /home/airflow/.local/lib/python3.12/site-packages/airflow/example_dags/example_datasets.py took 1.085 seconds
[2025-04-25T03:33:00.249+0000] {processor.py:186} INFO - Started process (PID=208) to work on /home/airflow/.local/lib/python3.12/site-packages/airflow/example_dags/example_datasets.py
[2025-04-25T03:33:00.250+0000] {processor.py:914} INFO - Processing file /home/airflow/.local/lib/python3.12/site-packages/airflow/example_dags/example_datasets.py for tasks to queue
[2025-04-25T03:33:00.253+0000] {logging_mixin.py:190} INFO - [2025-04-25T03:33:00.252+0000] {dagbag.py:588} INFO - Filling up the DagBag from /home/airflow/.local/lib/python3.12/site-packages/airflow/example_dags/example_datasets.py
[2025-04-25T03:33:01.281+0000] {processor.py:925} INFO - DAG(s) 'dataset_consumes_1', 'dataset_consumes_unknown_never_scheduled', 'consume_1_or_2_with_dataset_expressions', 'conditional_dataset_and_time_based_timetable', 'dataset_consumes_1_and_2', 'consume_1_or_both_2_and_3_with_dataset_expressions', 'dataset_produces_2', 'dataset_consumes_1_never_scheduled', 'consume_1_and_2_with_dataset_expressions', 'dataset_produces_1' retrieved from /home/airflow/.local/lib/python3.12/site-packages/airflow/example_dags/example_datasets.py
[2025-04-25T03:33:01.351+0000] {logging_mixin.py:190} INFO - [2025-04-25T03:33:01.351+0000] {dag.py:3239} INFO - Sync 10 DAGs
[2025-04-25T03:33:01.400+0000] {logging_mixin.py:190} INFO - [2025-04-25T03:33:01.400+0000] {dag.py:4180} INFO - Setting next_dagrun for conditional_dataset_and_time_based_timetable to 2025-04-23 01:00:00+00:00, run_after=2025-04-23 01:00:00+00:00
[2025-04-25T03:33:01.407+0000] {logging_mixin.py:190} INFO - [2025-04-25T03:33:01.407+0000] {dag.py:4180} INFO - Setting next_dagrun for consume_1_and_2_with_dataset_expressions to None, run_after=None
[2025-04-25T03:33:01.410+0000] {logging_mixin.py:190} INFO - [2025-04-25T03:33:01.410+0000] {dag.py:4180} INFO - Setting next_dagrun for consume_1_or_2_with_dataset_expressions to None, run_after=None
[2025-04-25T03:33:01.413+0000] {logging_mixin.py:190} INFO - [2025-04-25T03:33:01.412+0000] {dag.py:4180} INFO - Setting next_dagrun for consume_1_or_both_2_and_3_with_dataset_expressions to None, run_after=None
[2025-04-25T03:33:01.415+0000] {logging_mixin.py:190} INFO - [2025-04-25T03:33:01.415+0000] {dag.py:4180} INFO - Setting next_dagrun for dataset_consumes_1 to None, run_after=None
[2025-04-25T03:33:01.418+0000] {logging_mixin.py:190} INFO - [2025-04-25T03:33:01.417+0000] {dag.py:4180} INFO - Setting next_dagrun for dataset_consumes_1_and_2 to None, run_after=None
[2025-04-25T03:33:01.420+0000] {logging_mixin.py:190} INFO - [2025-04-25T03:33:01.420+0000] {dag.py:4180} INFO - Setting next_dagrun for dataset_consumes_1_never_scheduled to None, run_after=None
[2025-04-25T03:33:01.423+0000] {logging_mixin.py:190} INFO - [2025-04-25T03:33:01.422+0000] {dag.py:4180} INFO - Setting next_dagrun for dataset_consumes_unknown_never_scheduled to None, run_after=None
[2025-04-25T03:33:01.427+0000] {logging_mixin.py:190} INFO - [2025-04-25T03:33:01.427+0000] {dag.py:4180} INFO - Setting next_dagrun for dataset_produces_1 to 2025-04-24 00:00:00+00:00, run_after=2025-04-25 00:00:00+00:00
[2025-04-25T03:33:01.430+0000] {logging_mixin.py:190} INFO - [2025-04-25T03:33:01.430+0000] {dag.py:4180} INFO - Setting next_dagrun for dataset_produces_2 to None, run_after=None
[2025-04-25T03:33:01.483+0000] {processor.py:208} INFO - Processing /home/airflow/.local/lib/python3.12/site-packages/airflow/example_dags/example_datasets.py took 1.239 seconds
[2025-04-25T03:33:31.826+0000] {processor.py:186} INFO - Started process (PID=273) to work on /home/airflow/.local/lib/python3.12/site-packages/airflow/example_dags/example_datasets.py
[2025-04-25T03:33:31.827+0000] {processor.py:914} INFO - Processing file /home/airflow/.local/lib/python3.12/site-packages/airflow/example_dags/example_datasets.py for tasks to queue
[2025-04-25T03:33:31.830+0000] {logging_mixin.py:190} INFO - [2025-04-25T03:33:31.830+0000] {dagbag.py:588} INFO - Filling up the DagBag from /home/airflow/.local/lib/python3.12/site-packages/airflow/example_dags/example_datasets.py
[2025-04-25T03:33:32.742+0000] {processor.py:925} INFO - DAG(s) 'dataset_consumes_1_and_2', 'conditional_dataset_and_time_based_timetable', 'dataset_consumes_1_never_scheduled', 'consume_1_or_both_2_and_3_with_dataset_expressions', 'dataset_produces_2', 'dataset_consumes_unknown_never_scheduled', 'dataset_produces_1', 'dataset_consumes_1', 'consume_1_or_2_with_dataset_expressions', 'consume_1_and_2_with_dataset_expressions' retrieved from /home/airflow/.local/lib/python3.12/site-packages/airflow/example_dags/example_datasets.py
[2025-04-25T03:33:32.824+0000] {logging_mixin.py:190} INFO - [2025-04-25T03:33:32.823+0000] {dag.py:3239} INFO - Sync 10 DAGs
[2025-04-25T03:33:32.871+0000] {logging_mixin.py:190} INFO - [2025-04-25T03:33:32.870+0000] {dag.py:4180} INFO - Setting next_dagrun for conditional_dataset_and_time_based_timetable to 2025-04-23 01:00:00+00:00, run_after=2025-04-23 01:00:00+00:00
[2025-04-25T03:33:32.877+0000] {logging_mixin.py:190} INFO - [2025-04-25T03:33:32.877+0000] {dag.py:4180} INFO - Setting next_dagrun for consume_1_and_2_with_dataset_expressions to None, run_after=None
[2025-04-25T03:33:32.880+0000] {logging_mixin.py:190} INFO - [2025-04-25T03:33:32.880+0000] {dag.py:4180} INFO - Setting next_dagrun for consume_1_or_2_with_dataset_expressions to None, run_after=None
[2025-04-25T03:33:32.883+0000] {logging_mixin.py:190} INFO - [2025-04-25T03:33:32.883+0000] {dag.py:4180} INFO - Setting next_dagrun for consume_1_or_both_2_and_3_with_dataset_expressions to None, run_after=None
[2025-04-25T03:33:32.886+0000] {logging_mixin.py:190} INFO - [2025-04-25T03:33:32.886+0000] {dag.py:4180} INFO - Setting next_dagrun for dataset_consumes_1 to None, run_after=None
[2025-04-25T03:33:32.889+0000] {logging_mixin.py:190} INFO - [2025-04-25T03:33:32.889+0000] {dag.py:4180} INFO - Setting next_dagrun for dataset_consumes_1_and_2 to None, run_after=None
[2025-04-25T03:33:32.892+0000] {logging_mixin.py:190} INFO - [2025-04-25T03:33:32.892+0000] {dag.py:4180} INFO - Setting next_dagrun for dataset_consumes_1_never_scheduled to None, run_after=None
[2025-04-25T03:33:32.895+0000] {logging_mixin.py:190} INFO - [2025-04-25T03:33:32.895+0000] {dag.py:4180} INFO - Setting next_dagrun for dataset_consumes_unknown_never_scheduled to None, run_after=None
[2025-04-25T03:33:32.900+0000] {logging_mixin.py:190} INFO - [2025-04-25T03:33:32.900+0000] {dag.py:4180} INFO - Setting next_dagrun for dataset_produces_1 to 2025-04-24 00:00:00+00:00, run_after=2025-04-25 00:00:00+00:00
[2025-04-25T03:33:32.903+0000] {logging_mixin.py:190} INFO - [2025-04-25T03:33:32.903+0000] {dag.py:4180} INFO - Setting next_dagrun for dataset_produces_2 to None, run_after=None
[2025-04-25T03:33:32.958+0000] {processor.py:208} INFO - Processing /home/airflow/.local/lib/python3.12/site-packages/airflow/example_dags/example_datasets.py took 1.141 seconds
[2025-04-25T03:34:03.097+0000] {processor.py:186} INFO - Started process (PID=334) to work on /home/airflow/.local/lib/python3.12/site-packages/airflow/example_dags/example_datasets.py
[2025-04-25T03:34:03.098+0000] {processor.py:914} INFO - Processing file /home/airflow/.local/lib/python3.12/site-packages/airflow/example_dags/example_datasets.py for tasks to queue
[2025-04-25T03:34:03.101+0000] {logging_mixin.py:190} INFO - [2025-04-25T03:34:03.101+0000] {dagbag.py:588} INFO - Filling up the DagBag from /home/airflow/.local/lib/python3.12/site-packages/airflow/example_dags/example_datasets.py
[2025-04-25T03:34:04.187+0000] {processor.py:925} INFO - DAG(s) 'dataset_produces_1', 'dataset_produces_2', 'dataset_consumes_unknown_never_scheduled', 'dataset_consumes_1', 'consume_1_and_2_with_dataset_expressions', 'dataset_consumes_1_and_2', 'conditional_dataset_and_time_based_timetable', 'consume_1_or_2_with_dataset_expressions', 'dataset_consumes_1_never_scheduled', 'consume_1_or_both_2_and_3_with_dataset_expressions' retrieved from /home/airflow/.local/lib/python3.12/site-packages/airflow/example_dags/example_datasets.py
[2025-04-25T03:34:04.269+0000] {logging_mixin.py:190} INFO - [2025-04-25T03:34:04.268+0000] {dag.py:3239} INFO - Sync 10 DAGs
[2025-04-25T03:34:04.323+0000] {logging_mixin.py:190} INFO - [2025-04-25T03:34:04.322+0000] {dag.py:4180} INFO - Setting next_dagrun for conditional_dataset_and_time_based_timetable to 2025-04-23 01:00:00+00:00, run_after=2025-04-23 01:00:00+00:00
[2025-04-25T03:34:04.332+0000] {logging_mixin.py:190} INFO - [2025-04-25T03:34:04.331+0000] {dag.py:4180} INFO - Setting next_dagrun for consume_1_and_2_with_dataset_expressions to None, run_after=None
[2025-04-25T03:34:04.337+0000] {logging_mixin.py:190} INFO - [2025-04-25T03:34:04.337+0000] {dag.py:4180} INFO - Setting next_dagrun for consume_1_or_2_with_dataset_expressions to None, run_after=None
[2025-04-25T03:34:04.341+0000] {logging_mixin.py:190} INFO - [2025-04-25T03:34:04.341+0000] {dag.py:4180} INFO - Setting next_dagrun for consume_1_or_both_2_and_3_with_dataset_expressions to None, run_after=None
[2025-04-25T03:34:04.344+0000] {logging_mixin.py:190} INFO - [2025-04-25T03:34:04.344+0000] {dag.py:4180} INFO - Setting next_dagrun for dataset_consumes_1 to None, run_after=None
[2025-04-25T03:34:04.349+0000] {logging_mixin.py:190} INFO - [2025-04-25T03:34:04.347+0000] {dag.py:4180} INFO - Setting next_dagrun for dataset_consumes_1_and_2 to None, run_after=None
[2025-04-25T03:34:04.353+0000] {logging_mixin.py:190} INFO - [2025-04-25T03:34:04.353+0000] {dag.py:4180} INFO - Setting next_dagrun for dataset_consumes_1_never_scheduled to None, run_after=None
[2025-04-25T03:34:04.360+0000] {logging_mixin.py:190} INFO - [2025-04-25T03:34:04.360+0000] {dag.py:4180} INFO - Setting next_dagrun for dataset_consumes_unknown_never_scheduled to None, run_after=None
[2025-04-25T03:34:04.368+0000] {logging_mixin.py:190} INFO - [2025-04-25T03:34:04.367+0000] {dag.py:4180} INFO - Setting next_dagrun for dataset_produces_1 to 2025-04-24 00:00:00+00:00, run_after=2025-04-25 00:00:00+00:00
[2025-04-25T03:34:04.373+0000] {logging_mixin.py:190} INFO - [2025-04-25T03:34:04.373+0000] {dag.py:4180} INFO - Setting next_dagrun for dataset_produces_2 to None, run_after=None
[2025-04-25T03:34:04.462+0000] {processor.py:208} INFO - Processing /home/airflow/.local/lib/python3.12/site-packages/airflow/example_dags/example_datasets.py took 1.372 seconds
[2025-04-25T03:34:35.156+0000] {processor.py:186} INFO - Started process (PID=397) to work on /home/airflow/.local/lib/python3.12/site-packages/airflow/example_dags/example_datasets.py
[2025-04-25T03:34:35.159+0000] {processor.py:914} INFO - Processing file /home/airflow/.local/lib/python3.12/site-packages/airflow/example_dags/example_datasets.py for tasks to queue
[2025-04-25T03:34:35.163+0000] {logging_mixin.py:190} INFO - [2025-04-25T03:34:35.162+0000] {dagbag.py:588} INFO - Filling up the DagBag from /home/airflow/.local/lib/python3.12/site-packages/airflow/example_dags/example_datasets.py
[2025-04-25T03:34:37.381+0000] {processor.py:925} INFO - DAG(s) 'dataset_produces_2', 'consume_1_or_both_2_and_3_with_dataset_expressions', 'consume_1_and_2_with_dataset_expressions', 'dataset_produces_1', 'dataset_consumes_1_and_2', 'dataset_consumes_1', 'dataset_consumes_1_never_scheduled', 'conditional_dataset_and_time_based_timetable', 'consume_1_or_2_with_dataset_expressions', 'dataset_consumes_unknown_never_scheduled' retrieved from /home/airflow/.local/lib/python3.12/site-packages/airflow/example_dags/example_datasets.py
[2025-04-25T03:34:37.666+0000] {logging_mixin.py:190} INFO - [2025-04-25T03:34:37.656+0000] {dag.py:3239} INFO - Sync 10 DAGs
[2025-04-25T03:34:37.857+0000] {logging_mixin.py:190} INFO - [2025-04-25T03:34:37.847+0000] {dag.py:4180} INFO - Setting next_dagrun for conditional_dataset_and_time_based_timetable to 2025-04-23 01:00:00+00:00, run_after=2025-04-23 01:00:00+00:00
[2025-04-25T03:34:37.876+0000] {logging_mixin.py:190} INFO - [2025-04-25T03:34:37.876+0000] {dag.py:4180} INFO - Setting next_dagrun for consume_1_and_2_with_dataset_expressions to None, run_after=None
[2025-04-25T03:34:37.891+0000] {logging_mixin.py:190} INFO - [2025-04-25T03:34:37.890+0000] {dag.py:4180} INFO - Setting next_dagrun for consume_1_or_2_with_dataset_expressions to None, run_after=None
[2025-04-25T03:34:37.895+0000] {logging_mixin.py:190} INFO - [2025-04-25T03:34:37.894+0000] {dag.py:4180} INFO - Setting next_dagrun for consume_1_or_both_2_and_3_with_dataset_expressions to None, run_after=None
[2025-04-25T03:34:37.908+0000] {logging_mixin.py:190} INFO - [2025-04-25T03:34:37.907+0000] {dag.py:4180} INFO - Setting next_dagrun for dataset_consumes_1 to None, run_after=None
[2025-04-25T03:34:37.921+0000] {logging_mixin.py:190} INFO - [2025-04-25T03:34:37.912+0000] {dag.py:4180} INFO - Setting next_dagrun for dataset_consumes_1_and_2 to None, run_after=None
[2025-04-25T03:34:37.925+0000] {logging_mixin.py:190} INFO - [2025-04-25T03:34:37.924+0000] {dag.py:4180} INFO - Setting next_dagrun for dataset_consumes_1_never_scheduled to None, run_after=None
[2025-04-25T03:34:37.939+0000] {logging_mixin.py:190} INFO - [2025-04-25T03:34:37.938+0000] {dag.py:4180} INFO - Setting next_dagrun for dataset_consumes_unknown_never_scheduled to None, run_after=None
[2025-04-25T03:34:37.981+0000] {logging_mixin.py:190} INFO - [2025-04-25T03:34:37.981+0000] {dag.py:4180} INFO - Setting next_dagrun for dataset_produces_1 to 2025-04-24 00:00:00+00:00, run_after=2025-04-25 00:00:00+00:00
[2025-04-25T03:34:38.036+0000] {logging_mixin.py:190} INFO - [2025-04-25T03:34:38.035+0000] {dag.py:4180} INFO - Setting next_dagrun for dataset_produces_2 to None, run_after=None
[2025-04-25T03:34:38.307+0000] {processor.py:208} INFO - Processing /home/airflow/.local/lib/python3.12/site-packages/airflow/example_dags/example_datasets.py took 3.160 seconds
[2025-04-25T03:35:09.314+0000] {processor.py:186} INFO - Started process (PID=460) to work on /home/airflow/.local/lib/python3.12/site-packages/airflow/example_dags/example_datasets.py
[2025-04-25T03:35:09.322+0000] {processor.py:914} INFO - Processing file /home/airflow/.local/lib/python3.12/site-packages/airflow/example_dags/example_datasets.py for tasks to queue
[2025-04-25T03:35:09.327+0000] {logging_mixin.py:190} INFO - [2025-04-25T03:35:09.327+0000] {dagbag.py:588} INFO - Filling up the DagBag from /home/airflow/.local/lib/python3.12/site-packages/airflow/example_dags/example_datasets.py
[2025-04-25T03:35:12.473+0000] {processor.py:925} INFO - DAG(s) 'dataset_produces_2', 'consume_1_or_both_2_and_3_with_dataset_expressions', 'dataset_consumes_unknown_never_scheduled', 'consume_1_and_2_with_dataset_expressions', 'dataset_consumes_1', 'dataset_consumes_1_never_scheduled', 'dataset_consumes_1_and_2', 'dataset_produces_1', 'conditional_dataset_and_time_based_timetable', 'consume_1_or_2_with_dataset_expressions' retrieved from /home/airflow/.local/lib/python3.12/site-packages/airflow/example_dags/example_datasets.py
[2025-04-25T03:35:12.714+0000] {logging_mixin.py:190} INFO - [2025-04-25T03:35:12.712+0000] {dag.py:3239} INFO - Sync 10 DAGs
[2025-04-25T03:35:12.877+0000] {logging_mixin.py:190} INFO - [2025-04-25T03:35:12.875+0000] {dag.py:4180} INFO - Setting next_dagrun for conditional_dataset_and_time_based_timetable to 2025-04-23 01:00:00+00:00, run_after=2025-04-23 01:00:00+00:00
[2025-04-25T03:35:12.898+0000] {logging_mixin.py:190} INFO - [2025-04-25T03:35:12.897+0000] {dag.py:4180} INFO - Setting next_dagrun for consume_1_and_2_with_dataset_expressions to None, run_after=None
[2025-04-25T03:35:12.909+0000] {logging_mixin.py:190} INFO - [2025-04-25T03:35:12.908+0000] {dag.py:4180} INFO - Setting next_dagrun for consume_1_or_2_with_dataset_expressions to None, run_after=None
[2025-04-25T03:35:12.917+0000] {logging_mixin.py:190} INFO - [2025-04-25T03:35:12.915+0000] {dag.py:4180} INFO - Setting next_dagrun for consume_1_or_both_2_and_3_with_dataset_expressions to None, run_after=None
[2025-04-25T03:35:12.931+0000] {logging_mixin.py:190} INFO - [2025-04-25T03:35:12.931+0000] {dag.py:4180} INFO - Setting next_dagrun for dataset_consumes_1 to None, run_after=None
[2025-04-25T03:35:12.946+0000] {logging_mixin.py:190} INFO - [2025-04-25T03:35:12.945+0000] {dag.py:4180} INFO - Setting next_dagrun for dataset_consumes_1_and_2 to None, run_after=None
[2025-04-25T03:35:12.950+0000] {logging_mixin.py:190} INFO - [2025-04-25T03:35:12.950+0000] {dag.py:4180} INFO - Setting next_dagrun for dataset_consumes_1_never_scheduled to None, run_after=None
[2025-04-25T03:35:12.964+0000] {logging_mixin.py:190} INFO - [2025-04-25T03:35:12.963+0000] {dag.py:4180} INFO - Setting next_dagrun for dataset_consumes_unknown_never_scheduled to None, run_after=None
[2025-04-25T03:35:12.986+0000] {logging_mixin.py:190} INFO - [2025-04-25T03:35:12.986+0000] {dag.py:4180} INFO - Setting next_dagrun for dataset_produces_1 to 2025-04-24 00:00:00+00:00, run_after=2025-04-25 00:00:00+00:00
[2025-04-25T03:35:12.997+0000] {logging_mixin.py:190} INFO - [2025-04-25T03:35:12.997+0000] {dag.py:4180} INFO - Setting next_dagrun for dataset_produces_2 to None, run_after=None
[2025-04-25T03:35:13.198+0000] {processor.py:208} INFO - Processing /home/airflow/.local/lib/python3.12/site-packages/airflow/example_dags/example_datasets.py took 3.900 seconds
[2025-04-25T03:35:43.830+0000] {processor.py:186} INFO - Started process (PID=524) to work on /home/airflow/.local/lib/python3.12/site-packages/airflow/example_dags/example_datasets.py
[2025-04-25T03:35:43.832+0000] {processor.py:914} INFO - Processing file /home/airflow/.local/lib/python3.12/site-packages/airflow/example_dags/example_datasets.py for tasks to queue
[2025-04-25T03:35:43.835+0000] {logging_mixin.py:190} INFO - [2025-04-25T03:35:43.835+0000] {dagbag.py:588} INFO - Filling up the DagBag from /home/airflow/.local/lib/python3.12/site-packages/airflow/example_dags/example_datasets.py
[2025-04-25T03:35:45.662+0000] {processor.py:925} INFO - DAG(s) 'dataset_produces_2', 'dataset_consumes_1_never_scheduled', 'dataset_consumes_1', 'dataset_produces_1', 'consume_1_or_both_2_and_3_with_dataset_expressions', 'consume_1_or_2_with_dataset_expressions', 'consume_1_and_2_with_dataset_expressions', 'dataset_consumes_unknown_never_scheduled', 'dataset_consumes_1_and_2', 'conditional_dataset_and_time_based_timetable' retrieved from /home/airflow/.local/lib/python3.12/site-packages/airflow/example_dags/example_datasets.py
[2025-04-25T03:35:45.906+0000] {logging_mixin.py:190} INFO - [2025-04-25T03:35:45.905+0000] {dag.py:3239} INFO - Sync 10 DAGs
[2025-04-25T03:35:46.059+0000] {logging_mixin.py:190} INFO - [2025-04-25T03:35:46.058+0000] {dag.py:4180} INFO - Setting next_dagrun for conditional_dataset_and_time_based_timetable to 2025-04-23 01:00:00+00:00, run_after=2025-04-23 01:00:00+00:00
[2025-04-25T03:35:46.067+0000] {logging_mixin.py:190} INFO - [2025-04-25T03:35:46.067+0000] {dag.py:4180} INFO - Setting next_dagrun for consume_1_and_2_with_dataset_expressions to None, run_after=None
[2025-04-25T03:35:46.072+0000] {logging_mixin.py:190} INFO - [2025-04-25T03:35:46.071+0000] {dag.py:4180} INFO - Setting next_dagrun for consume_1_or_2_with_dataset_expressions to None, run_after=None
[2025-04-25T03:35:46.086+0000] {logging_mixin.py:190} INFO - [2025-04-25T03:35:46.085+0000] {dag.py:4180} INFO - Setting next_dagrun for consume_1_or_both_2_and_3_with_dataset_expressions to None, run_after=None
[2025-04-25T03:35:46.093+0000] {logging_mixin.py:190} INFO - [2025-04-25T03:35:46.092+0000] {dag.py:4180} INFO - Setting next_dagrun for dataset_consumes_1 to None, run_after=None
[2025-04-25T03:35:46.096+0000] {logging_mixin.py:190} INFO - [2025-04-25T03:35:46.096+0000] {dag.py:4180} INFO - Setting next_dagrun for dataset_consumes_1_and_2 to None, run_after=None
[2025-04-25T03:35:46.102+0000] {logging_mixin.py:190} INFO - [2025-04-25T03:35:46.102+0000] {dag.py:4180} INFO - Setting next_dagrun for dataset_consumes_1_never_scheduled to None, run_after=None
[2025-04-25T03:35:46.106+0000] {logging_mixin.py:190} INFO - [2025-04-25T03:35:46.106+0000] {dag.py:4180} INFO - Setting next_dagrun for dataset_consumes_unknown_never_scheduled to None, run_after=None
[2025-04-25T03:35:46.115+0000] {logging_mixin.py:190} INFO - [2025-04-25T03:35:46.115+0000] {dag.py:4180} INFO - Setting next_dagrun for dataset_produces_1 to 2025-04-24 00:00:00+00:00, run_after=2025-04-25 00:00:00+00:00
[2025-04-25T03:35:46.120+0000] {logging_mixin.py:190} INFO - [2025-04-25T03:35:46.119+0000] {dag.py:4180} INFO - Setting next_dagrun for dataset_produces_2 to None, run_after=None
[2025-04-25T03:35:46.283+0000] {processor.py:208} INFO - Processing /home/airflow/.local/lib/python3.12/site-packages/airflow/example_dags/example_datasets.py took 2.466 seconds
[2025-04-25T03:36:16.648+0000] {processor.py:186} INFO - Started process (PID=589) to work on /home/airflow/.local/lib/python3.12/site-packages/airflow/example_dags/example_datasets.py
[2025-04-25T03:36:16.656+0000] {processor.py:914} INFO - Processing file /home/airflow/.local/lib/python3.12/site-packages/airflow/example_dags/example_datasets.py for tasks to queue
[2025-04-25T03:36:16.663+0000] {logging_mixin.py:190} INFO - [2025-04-25T03:36:16.663+0000] {dagbag.py:588} INFO - Filling up the DagBag from /home/airflow/.local/lib/python3.12/site-packages/airflow/example_dags/example_datasets.py
[2025-04-25T03:36:19.225+0000] {processor.py:925} INFO - DAG(s) 'consume_1_or_2_with_dataset_expressions', 'dataset_consumes_unknown_never_scheduled', 'dataset_produces_1', 'dataset_consumes_1', 'consume_1_or_both_2_and_3_with_dataset_expressions', 'conditional_dataset_and_time_based_timetable', 'dataset_produces_2', 'consume_1_and_2_with_dataset_expressions', 'dataset_consumes_1_never_scheduled', 'dataset_consumes_1_and_2' retrieved from /home/airflow/.local/lib/python3.12/site-packages/airflow/example_dags/example_datasets.py
[2025-04-25T03:36:19.433+0000] {logging_mixin.py:190} INFO - [2025-04-25T03:36:19.432+0000] {dag.py:3239} INFO - Sync 10 DAGs
[2025-04-25T03:36:19.514+0000] {logging_mixin.py:190} INFO - [2025-04-25T03:36:19.514+0000] {dag.py:4180} INFO - Setting next_dagrun for conditional_dataset_and_time_based_timetable to 2025-04-23 01:00:00+00:00, run_after=2025-04-23 01:00:00+00:00
[2025-04-25T03:36:19.537+0000] {logging_mixin.py:190} INFO - [2025-04-25T03:36:19.537+0000] {dag.py:4180} INFO - Setting next_dagrun for consume_1_and_2_with_dataset_expressions to None, run_after=None
[2025-04-25T03:36:19.549+0000] {logging_mixin.py:190} INFO - [2025-04-25T03:36:19.548+0000] {dag.py:4180} INFO - Setting next_dagrun for consume_1_or_2_with_dataset_expressions to None, run_after=None
[2025-04-25T03:36:19.571+0000] {logging_mixin.py:190} INFO - [2025-04-25T03:36:19.570+0000] {dag.py:4180} INFO - Setting next_dagrun for consume_1_or_both_2_and_3_with_dataset_expressions to None, run_after=None
[2025-04-25T03:36:19.575+0000] {logging_mixin.py:190} INFO - [2025-04-25T03:36:19.575+0000] {dag.py:4180} INFO - Setting next_dagrun for dataset_consumes_1 to None, run_after=None
[2025-04-25T03:36:19.582+0000] {logging_mixin.py:190} INFO - [2025-04-25T03:36:19.581+0000] {dag.py:4180} INFO - Setting next_dagrun for dataset_consumes_1_and_2 to None, run_after=None
[2025-04-25T03:36:19.587+0000] {logging_mixin.py:190} INFO - [2025-04-25T03:36:19.587+0000] {dag.py:4180} INFO - Setting next_dagrun for dataset_consumes_1_never_scheduled to None, run_after=None
[2025-04-25T03:36:19.591+0000] {logging_mixin.py:190} INFO - [2025-04-25T03:36:19.591+0000] {dag.py:4180} INFO - Setting next_dagrun for dataset_consumes_unknown_never_scheduled to None, run_after=None
[2025-04-25T03:36:19.598+0000] {logging_mixin.py:190} INFO - [2025-04-25T03:36:19.597+0000] {dag.py:4180} INFO - Setting next_dagrun for dataset_produces_1 to 2025-04-24 00:00:00+00:00, run_after=2025-04-25 00:00:00+00:00
[2025-04-25T03:36:19.602+0000] {logging_mixin.py:190} INFO - [2025-04-25T03:36:19.601+0000] {dag.py:4180} INFO - Setting next_dagrun for dataset_produces_2 to None, run_after=None
[2025-04-25T03:36:19.739+0000] {processor.py:208} INFO - Processing /home/airflow/.local/lib/python3.12/site-packages/airflow/example_dags/example_datasets.py took 3.110 seconds
[2025-04-25T03:36:50.046+0000] {processor.py:186} INFO - Started process (PID=652) to work on /home/airflow/.local/lib/python3.12/site-packages/airflow/example_dags/example_datasets.py
[2025-04-25T03:36:50.050+0000] {processor.py:914} INFO - Processing file /home/airflow/.local/lib/python3.12/site-packages/airflow/example_dags/example_datasets.py for tasks to queue
[2025-04-25T03:36:50.058+0000] {logging_mixin.py:190} INFO - [2025-04-25T03:36:50.058+0000] {dagbag.py:588} INFO - Filling up the DagBag from /home/airflow/.local/lib/python3.12/site-packages/airflow/example_dags/example_datasets.py
[2025-04-25T03:36:52.373+0000] {processor.py:925} INFO - DAG(s) 'consume_1_or_2_with_dataset_expressions', 'consume_1_and_2_with_dataset_expressions', 'dataset_consumes_1', 'dataset_produces_2', 'dataset_produces_1', 'consume_1_or_both_2_and_3_with_dataset_expressions', 'conditional_dataset_and_time_based_timetable', 'dataset_consumes_1_and_2', 'dataset_consumes_1_never_scheduled', 'dataset_consumes_unknown_never_scheduled' retrieved from /home/airflow/.local/lib/python3.12/site-packages/airflow/example_dags/example_datasets.py
[2025-04-25T03:36:52.623+0000] {logging_mixin.py:190} INFO - [2025-04-25T03:36:52.622+0000] {dag.py:3239} INFO - Sync 10 DAGs
[2025-04-25T03:36:52.835+0000] {logging_mixin.py:190} INFO - [2025-04-25T03:36:52.834+0000] {dag.py:4180} INFO - Setting next_dagrun for conditional_dataset_and_time_based_timetable to 2025-04-23 01:00:00+00:00, run_after=2025-04-23 01:00:00+00:00
[2025-04-25T03:36:52.849+0000] {logging_mixin.py:190} INFO - [2025-04-25T03:36:52.849+0000] {dag.py:4180} INFO - Setting next_dagrun for consume_1_and_2_with_dataset_expressions to None, run_after=None
[2025-04-25T03:36:52.862+0000] {logging_mixin.py:190} INFO - [2025-04-25T03:36:52.861+0000] {dag.py:4180} INFO - Setting next_dagrun for consume_1_or_2_with_dataset_expressions to None, run_after=None
[2025-04-25T03:36:52.870+0000] {logging_mixin.py:190} INFO - [2025-04-25T03:36:52.870+0000] {dag.py:4180} INFO - Setting next_dagrun for consume_1_or_both_2_and_3_with_dataset_expressions to None, run_after=None
[2025-04-25T03:36:52.874+0000] {logging_mixin.py:190} INFO - [2025-04-25T03:36:52.873+0000] {dag.py:4180} INFO - Setting next_dagrun for dataset_consumes_1 to None, run_after=None
[2025-04-25T03:36:52.880+0000] {logging_mixin.py:190} INFO - [2025-04-25T03:36:52.880+0000] {dag.py:4180} INFO - Setting next_dagrun for dataset_consumes_1_and_2 to None, run_after=None
[2025-04-25T03:36:52.884+0000] {logging_mixin.py:190} INFO - [2025-04-25T03:36:52.883+0000] {dag.py:4180} INFO - Setting next_dagrun for dataset_consumes_1_never_scheduled to None, run_after=None
[2025-04-25T03:36:52.890+0000] {logging_mixin.py:190} INFO - [2025-04-25T03:36:52.890+0000] {dag.py:4180} INFO - Setting next_dagrun for dataset_consumes_unknown_never_scheduled to None, run_after=None
[2025-04-25T03:36:52.904+0000] {logging_mixin.py:190} INFO - [2025-04-25T03:36:52.903+0000] {dag.py:4180} INFO - Setting next_dagrun for dataset_produces_1 to 2025-04-24 00:00:00+00:00, run_after=2025-04-25 00:00:00+00:00
[2025-04-25T03:36:52.913+0000] {logging_mixin.py:190} INFO - [2025-04-25T03:36:52.912+0000] {dag.py:4180} INFO - Setting next_dagrun for dataset_produces_2 to None, run_after=None
[2025-04-25T03:36:53.098+0000] {processor.py:208} INFO - Processing /home/airflow/.local/lib/python3.12/site-packages/airflow/example_dags/example_datasets.py took 3.075 seconds
[2025-04-25T03:37:25.015+0000] {processor.py:186} INFO - Started process (PID=722) to work on /home/airflow/.local/lib/python3.12/site-packages/airflow/example_dags/example_datasets.py
[2025-04-25T03:37:25.049+0000] {processor.py:914} INFO - Processing file /home/airflow/.local/lib/python3.12/site-packages/airflow/example_dags/example_datasets.py for tasks to queue
[2025-04-25T03:37:25.086+0000] {logging_mixin.py:190} INFO - [2025-04-25T03:37:25.085+0000] {dagbag.py:588} INFO - Filling up the DagBag from /home/airflow/.local/lib/python3.12/site-packages/airflow/example_dags/example_datasets.py
[2025-04-25T03:37:27.247+0000] {processor.py:925} INFO - DAG(s) 'dataset_consumes_1_never_scheduled', 'dataset_produces_1', 'dataset_consumes_1', 'dataset_consumes_1_and_2', 'consume_1_or_both_2_and_3_with_dataset_expressions', 'dataset_consumes_unknown_never_scheduled', 'conditional_dataset_and_time_based_timetable', 'dataset_produces_2', 'consume_1_or_2_with_dataset_expressions', 'consume_1_and_2_with_dataset_expressions' retrieved from /home/airflow/.local/lib/python3.12/site-packages/airflow/example_dags/example_datasets.py
[2025-04-25T03:37:27.510+0000] {logging_mixin.py:190} INFO - [2025-04-25T03:37:27.501+0000] {dag.py:3239} INFO - Sync 10 DAGs
[2025-04-25T03:37:27.683+0000] {logging_mixin.py:190} INFO - [2025-04-25T03:37:27.683+0000] {dag.py:4180} INFO - Setting next_dagrun for conditional_dataset_and_time_based_timetable to 2025-04-23 01:00:00+00:00, run_after=2025-04-23 01:00:00+00:00
[2025-04-25T03:37:27.712+0000] {logging_mixin.py:190} INFO - [2025-04-25T03:37:27.711+0000] {dag.py:4180} INFO - Setting next_dagrun for consume_1_and_2_with_dataset_expressions to None, run_after=None
[2025-04-25T03:37:27.764+0000] {logging_mixin.py:190} INFO - [2025-04-25T03:37:27.763+0000] {dag.py:4180} INFO - Setting next_dagrun for consume_1_or_2_with_dataset_expressions to None, run_after=None
[2025-04-25T03:37:27.789+0000] {logging_mixin.py:190} INFO - [2025-04-25T03:37:27.789+0000] {dag.py:4180} INFO - Setting next_dagrun for consume_1_or_both_2_and_3_with_dataset_expressions to None, run_after=None
[2025-04-25T03:37:27.793+0000] {logging_mixin.py:190} INFO - [2025-04-25T03:37:27.793+0000] {dag.py:4180} INFO - Setting next_dagrun for dataset_consumes_1 to None, run_after=None
[2025-04-25T03:37:27.818+0000] {logging_mixin.py:190} INFO - [2025-04-25T03:37:27.818+0000] {dag.py:4180} INFO - Setting next_dagrun for dataset_consumes_1_and_2 to None, run_after=None
[2025-04-25T03:37:27.822+0000] {logging_mixin.py:190} INFO - [2025-04-25T03:37:27.822+0000] {dag.py:4180} INFO - Setting next_dagrun for dataset_consumes_1_never_scheduled to None, run_after=None
[2025-04-25T03:37:27.827+0000] {logging_mixin.py:190} INFO - [2025-04-25T03:37:27.826+0000] {dag.py:4180} INFO - Setting next_dagrun for dataset_consumes_unknown_never_scheduled to None, run_after=None
[2025-04-25T03:37:27.832+0000] {logging_mixin.py:190} INFO - [2025-04-25T03:37:27.832+0000] {dag.py:4180} INFO - Setting next_dagrun for dataset_produces_1 to 2025-04-24 00:00:00+00:00, run_after=2025-04-25 00:00:00+00:00
[2025-04-25T03:37:27.835+0000] {logging_mixin.py:190} INFO - [2025-04-25T03:37:27.835+0000] {dag.py:4180} INFO - Setting next_dagrun for dataset_produces_2 to None, run_after=None
[2025-04-25T03:37:27.939+0000] {processor.py:208} INFO - Processing /home/airflow/.local/lib/python3.12/site-packages/airflow/example_dags/example_datasets.py took 2.952 seconds
