[2025-04-25T03:31:49.703+0000] {processor.py:186} INFO - Started process (PID=68) to work on /home/airflow/.local/lib/python3.12/site-packages/airflow/example_dags/example_bash_decorator.py
[2025-04-25T03:31:49.707+0000] {processor.py:914} INFO - Processing file /home/airflow/.local/lib/python3.12/site-packages/airflow/example_dags/example_bash_decorator.py for tasks to queue
[2025-04-25T03:31:49.711+0000] {logging_mixin.py:190} INFO - [2025-04-25T03:31:49.710+0000] {dagbag.py:588} INFO - Filling up the DagBag from /home/airflow/.local/lib/python3.12/site-packages/airflow/example_dags/example_bash_decorator.py
[2025-04-25T03:31:49.783+0000] {processor.py:925} INFO - DAG(s) 'example_bash_decorator' retrieved from /home/airflow/.local/lib/python3.12/site-packages/airflow/example_dags/example_bash_decorator.py
[2025-04-25T03:31:50.455+0000] {logging_mixin.py:190} INFO - [2025-04-25T03:31:50.455+0000] {dag.py:3239} INFO - Sync 1 DAGs
[2025-04-25T03:31:50.496+0000] {logging_mixin.py:190} INFO - [2025-04-25T03:31:50.495+0000] {dag.py:4180} INFO - Setting next_dagrun for example_bash_decorator to None, run_after=None
[2025-04-25T03:31:50.562+0000] {processor.py:208} INFO - Processing /home/airflow/.local/lib/python3.12/site-packages/airflow/example_dags/example_bash_decorator.py took 0.868 seconds
[2025-04-25T03:32:20.746+0000] {processor.py:186} INFO - Started process (PID=131) to work on /home/airflow/.local/lib/python3.12/site-packages/airflow/example_dags/example_bash_decorator.py
[2025-04-25T03:32:20.747+0000] {processor.py:914} INFO - Processing file /home/airflow/.local/lib/python3.12/site-packages/airflow/example_dags/example_bash_decorator.py for tasks to queue
[2025-04-25T03:32:20.750+0000] {logging_mixin.py:190} INFO - [2025-04-25T03:32:20.750+0000] {dagbag.py:588} INFO - Filling up the DagBag from /home/airflow/.local/lib/python3.12/site-packages/airflow/example_dags/example_bash_decorator.py
[2025-04-25T03:32:20.785+0000] {processor.py:925} INFO - DAG(s) 'example_bash_decorator' retrieved from /home/airflow/.local/lib/python3.12/site-packages/airflow/example_dags/example_bash_decorator.py
[2025-04-25T03:32:20.838+0000] {logging_mixin.py:190} INFO - [2025-04-25T03:32:20.838+0000] {dag.py:3239} INFO - Sync 1 DAGs
[2025-04-25T03:32:20.870+0000] {logging_mixin.py:190} INFO - [2025-04-25T03:32:20.869+0000] {dag.py:4180} INFO - Setting next_dagrun for example_bash_decorator to None, run_after=None
[2025-04-25T03:32:20.909+0000] {processor.py:208} INFO - Processing /home/airflow/.local/lib/python3.12/site-packages/airflow/example_dags/example_bash_decorator.py took 0.174 seconds
[2025-04-25T03:32:51.275+0000] {processor.py:186} INFO - Started process (PID=194) to work on /home/airflow/.local/lib/python3.12/site-packages/airflow/example_dags/example_bash_decorator.py
[2025-04-25T03:32:51.279+0000] {processor.py:914} INFO - Processing file /home/airflow/.local/lib/python3.12/site-packages/airflow/example_dags/example_bash_decorator.py for tasks to queue
[2025-04-25T03:32:51.283+0000] {logging_mixin.py:190} INFO - [2025-04-25T03:32:51.282+0000] {dagbag.py:588} INFO - Filling up the DagBag from /home/airflow/.local/lib/python3.12/site-packages/airflow/example_dags/example_bash_decorator.py
[2025-04-25T03:32:51.307+0000] {processor.py:925} INFO - DAG(s) 'example_bash_decorator' retrieved from /home/airflow/.local/lib/python3.12/site-packages/airflow/example_dags/example_bash_decorator.py
[2025-04-25T03:32:51.348+0000] {logging_mixin.py:190} INFO - [2025-04-25T03:32:51.347+0000] {dag.py:3239} INFO - Sync 1 DAGs
[2025-04-25T03:32:51.375+0000] {logging_mixin.py:190} INFO - [2025-04-25T03:32:51.374+0000] {dag.py:4180} INFO - Setting next_dagrun for example_bash_decorator to None, run_after=None
[2025-04-25T03:32:51.402+0000] {processor.py:208} INFO - Processing /home/airflow/.local/lib/python3.12/site-packages/airflow/example_dags/example_bash_decorator.py took 0.141 seconds
[2025-04-25T03:33:21.764+0000] {processor.py:186} INFO - Started process (PID=257) to work on /home/airflow/.local/lib/python3.12/site-packages/airflow/example_dags/example_bash_decorator.py
[2025-04-25T03:33:21.765+0000] {processor.py:914} INFO - Processing file /home/airflow/.local/lib/python3.12/site-packages/airflow/example_dags/example_bash_decorator.py for tasks to queue
[2025-04-25T03:33:21.768+0000] {logging_mixin.py:190} INFO - [2025-04-25T03:33:21.768+0000] {dagbag.py:588} INFO - Filling up the DagBag from /home/airflow/.local/lib/python3.12/site-packages/airflow/example_dags/example_bash_decorator.py
[2025-04-25T03:33:21.786+0000] {processor.py:925} INFO - DAG(s) 'example_bash_decorator' retrieved from /home/airflow/.local/lib/python3.12/site-packages/airflow/example_dags/example_bash_decorator.py
[2025-04-25T03:33:21.821+0000] {logging_mixin.py:190} INFO - [2025-04-25T03:33:21.820+0000] {dag.py:3239} INFO - Sync 1 DAGs
[2025-04-25T03:33:21.847+0000] {logging_mixin.py:190} INFO - [2025-04-25T03:33:21.847+0000] {dag.py:4180} INFO - Setting next_dagrun for example_bash_decorator to None, run_after=None
[2025-04-25T03:33:21.893+0000] {processor.py:208} INFO - Processing /home/airflow/.local/lib/python3.12/site-packages/airflow/example_dags/example_bash_decorator.py took 0.138 seconds
[2025-04-25T03:33:52.564+0000] {processor.py:186} INFO - Started process (PID=320) to work on /home/airflow/.local/lib/python3.12/site-packages/airflow/example_dags/example_bash_decorator.py
[2025-04-25T03:33:52.566+0000] {processor.py:914} INFO - Processing file /home/airflow/.local/lib/python3.12/site-packages/airflow/example_dags/example_bash_decorator.py for tasks to queue
[2025-04-25T03:33:52.574+0000] {logging_mixin.py:190} INFO - [2025-04-25T03:33:52.574+0000] {dagbag.py:588} INFO - Filling up the DagBag from /home/airflow/.local/lib/python3.12/site-packages/airflow/example_dags/example_bash_decorator.py
[2025-04-25T03:33:52.633+0000] {processor.py:925} INFO - DAG(s) 'example_bash_decorator' retrieved from /home/airflow/.local/lib/python3.12/site-packages/airflow/example_dags/example_bash_decorator.py
[2025-04-25T03:33:52.713+0000] {logging_mixin.py:190} INFO - [2025-04-25T03:33:52.712+0000] {dag.py:3239} INFO - Sync 1 DAGs
[2025-04-25T03:33:52.777+0000] {logging_mixin.py:190} INFO - [2025-04-25T03:33:52.776+0000] {dag.py:4180} INFO - Setting next_dagrun for example_bash_decorator to None, run_after=None
[2025-04-25T03:33:52.846+0000] {processor.py:208} INFO - Processing /home/airflow/.local/lib/python3.12/site-packages/airflow/example_dags/example_bash_decorator.py took 0.302 seconds
[2025-04-25T03:34:22.957+0000] {processor.py:186} INFO - Started process (PID=381) to work on /home/airflow/.local/lib/python3.12/site-packages/airflow/example_dags/example_bash_decorator.py
[2025-04-25T03:34:22.958+0000] {processor.py:914} INFO - Processing file /home/airflow/.local/lib/python3.12/site-packages/airflow/example_dags/example_bash_decorator.py for tasks to queue
[2025-04-25T03:34:22.962+0000] {logging_mixin.py:190} INFO - [2025-04-25T03:34:22.961+0000] {dagbag.py:588} INFO - Filling up the DagBag from /home/airflow/.local/lib/python3.12/site-packages/airflow/example_dags/example_bash_decorator.py
[2025-04-25T03:34:22.986+0000] {processor.py:925} INFO - DAG(s) 'example_bash_decorator' retrieved from /home/airflow/.local/lib/python3.12/site-packages/airflow/example_dags/example_bash_decorator.py
[2025-04-25T03:34:23.018+0000] {logging_mixin.py:190} INFO - [2025-04-25T03:34:23.018+0000] {dag.py:3239} INFO - Sync 1 DAGs
[2025-04-25T03:34:23.039+0000] {logging_mixin.py:190} INFO - [2025-04-25T03:34:23.038+0000] {dag.py:4180} INFO - Setting next_dagrun for example_bash_decorator to None, run_after=None
[2025-04-25T03:34:23.083+0000] {processor.py:208} INFO - Processing /home/airflow/.local/lib/python3.12/site-packages/airflow/example_dags/example_bash_decorator.py took 0.134 seconds
[2025-04-25T03:34:54.298+0000] {processor.py:186} INFO - Started process (PID=450) to work on /home/airflow/.local/lib/python3.12/site-packages/airflow/example_dags/example_bash_decorator.py
[2025-04-25T03:34:54.299+0000] {processor.py:914} INFO - Processing file /home/airflow/.local/lib/python3.12/site-packages/airflow/example_dags/example_bash_decorator.py for tasks to queue
[2025-04-25T03:34:54.305+0000] {logging_mixin.py:190} INFO - [2025-04-25T03:34:54.304+0000] {dagbag.py:588} INFO - Filling up the DagBag from /home/airflow/.local/lib/python3.12/site-packages/airflow/example_dags/example_bash_decorator.py
[2025-04-25T03:34:54.335+0000] {processor.py:925} INFO - DAG(s) 'example_bash_decorator' retrieved from /home/airflow/.local/lib/python3.12/site-packages/airflow/example_dags/example_bash_decorator.py
[2025-04-25T03:34:54.411+0000] {logging_mixin.py:190} INFO - [2025-04-25T03:34:54.410+0000] {dag.py:3239} INFO - Sync 1 DAGs
[2025-04-25T03:34:54.490+0000] {logging_mixin.py:190} INFO - [2025-04-25T03:34:54.490+0000] {dag.py:4180} INFO - Setting next_dagrun for example_bash_decorator to None, run_after=None
[2025-04-25T03:34:54.583+0000] {processor.py:208} INFO - Processing /home/airflow/.local/lib/python3.12/site-packages/airflow/example_dags/example_bash_decorator.py took 0.297 seconds
[2025-04-25T03:35:27.356+0000] {processor.py:186} INFO - Started process (PID=510) to work on /home/airflow/.local/lib/python3.12/site-packages/airflow/example_dags/example_bash_decorator.py
[2025-04-25T03:35:27.360+0000] {processor.py:914} INFO - Processing file /home/airflow/.local/lib/python3.12/site-packages/airflow/example_dags/example_bash_decorator.py for tasks to queue
[2025-04-25T03:35:27.367+0000] {logging_mixin.py:190} INFO - [2025-04-25T03:35:27.366+0000] {dagbag.py:588} INFO - Filling up the DagBag from /home/airflow/.local/lib/python3.12/site-packages/airflow/example_dags/example_bash_decorator.py
[2025-04-25T03:35:27.429+0000] {processor.py:925} INFO - DAG(s) 'example_bash_decorator' retrieved from /home/airflow/.local/lib/python3.12/site-packages/airflow/example_dags/example_bash_decorator.py
[2025-04-25T03:35:27.526+0000] {logging_mixin.py:190} INFO - [2025-04-25T03:35:27.525+0000] {dag.py:3239} INFO - Sync 1 DAGs
[2025-04-25T03:35:27.575+0000] {logging_mixin.py:190} INFO - [2025-04-25T03:35:27.574+0000] {dag.py:4180} INFO - Setting next_dagrun for example_bash_decorator to None, run_after=None
[2025-04-25T03:35:27.641+0000] {processor.py:208} INFO - Processing /home/airflow/.local/lib/python3.12/site-packages/airflow/example_dags/example_bash_decorator.py took 0.296 seconds
[2025-04-25T03:35:58.608+0000] {processor.py:186} INFO - Started process (PID=572) to work on /home/airflow/.local/lib/python3.12/site-packages/airflow/example_dags/example_bash_decorator.py
[2025-04-25T03:35:58.611+0000] {processor.py:914} INFO - Processing file /home/airflow/.local/lib/python3.12/site-packages/airflow/example_dags/example_bash_decorator.py for tasks to queue
[2025-04-25T03:35:58.623+0000] {logging_mixin.py:190} INFO - [2025-04-25T03:35:58.623+0000] {dagbag.py:588} INFO - Filling up the DagBag from /home/airflow/.local/lib/python3.12/site-packages/airflow/example_dags/example_bash_decorator.py
[2025-04-25T03:35:58.667+0000] {processor.py:925} INFO - DAG(s) 'example_bash_decorator' retrieved from /home/airflow/.local/lib/python3.12/site-packages/airflow/example_dags/example_bash_decorator.py
[2025-04-25T03:35:58.710+0000] {logging_mixin.py:190} INFO - [2025-04-25T03:35:58.710+0000] {dag.py:3239} INFO - Sync 1 DAGs
[2025-04-25T03:35:58.738+0000] {logging_mixin.py:190} INFO - [2025-04-25T03:35:58.737+0000] {dag.py:4180} INFO - Setting next_dagrun for example_bash_decorator to None, run_after=None
[2025-04-25T03:35:58.791+0000] {processor.py:208} INFO - Processing /home/airflow/.local/lib/python3.12/site-packages/airflow/example_dags/example_bash_decorator.py took 0.197 seconds
[2025-04-25T03:36:33.852+0000] {processor.py:186} INFO - Started process (PID=623) to work on /home/airflow/.local/lib/python3.12/site-packages/airflow/example_dags/example_bash_decorator.py
[2025-04-25T03:36:33.864+0000] {processor.py:914} INFO - Processing file /home/airflow/.local/lib/python3.12/site-packages/airflow/example_dags/example_bash_decorator.py for tasks to queue
[2025-04-25T03:36:33.868+0000] {logging_mixin.py:190} INFO - [2025-04-25T03:36:33.867+0000] {dagbag.py:588} INFO - Filling up the DagBag from /home/airflow/.local/lib/python3.12/site-packages/airflow/example_dags/example_bash_decorator.py
[2025-04-25T03:36:34.003+0000] {processor.py:925} INFO - DAG(s) 'example_bash_decorator' retrieved from /home/airflow/.local/lib/python3.12/site-packages/airflow/example_dags/example_bash_decorator.py
[2025-04-25T03:36:34.183+0000] {logging_mixin.py:190} INFO - [2025-04-25T03:36:34.182+0000] {dag.py:3239} INFO - Sync 1 DAGs
[2025-04-25T03:36:34.263+0000] {logging_mixin.py:190} INFO - [2025-04-25T03:36:34.262+0000] {dag.py:4180} INFO - Setting next_dagrun for example_bash_decorator to None, run_after=None
[2025-04-25T03:36:34.368+0000] {processor.py:208} INFO - Processing /home/airflow/.local/lib/python3.12/site-packages/airflow/example_dags/example_bash_decorator.py took 0.552 seconds
[2025-04-25T03:37:05.615+0000] {processor.py:186} INFO - Started process (PID=686) to work on /home/airflow/.local/lib/python3.12/site-packages/airflow/example_dags/example_bash_decorator.py
[2025-04-25T03:37:05.617+0000] {processor.py:914} INFO - Processing file /home/airflow/.local/lib/python3.12/site-packages/airflow/example_dags/example_bash_decorator.py for tasks to queue
[2025-04-25T03:37:05.622+0000] {logging_mixin.py:190} INFO - [2025-04-25T03:37:05.621+0000] {dagbag.py:588} INFO - Filling up the DagBag from /home/airflow/.local/lib/python3.12/site-packages/airflow/example_dags/example_bash_decorator.py
[2025-04-25T03:37:05.787+0000] {processor.py:925} INFO - DAG(s) 'example_bash_decorator' retrieved from /home/airflow/.local/lib/python3.12/site-packages/airflow/example_dags/example_bash_decorator.py
[2025-04-25T03:37:05.926+0000] {logging_mixin.py:190} INFO - [2025-04-25T03:37:05.926+0000] {dag.py:3239} INFO - Sync 1 DAGs
[2025-04-25T03:37:06.031+0000] {logging_mixin.py:190} INFO - [2025-04-25T03:37:06.030+0000] {dag.py:4180} INFO - Setting next_dagrun for example_bash_decorator to None, run_after=None
[2025-04-25T03:37:06.229+0000] {processor.py:208} INFO - Processing /home/airflow/.local/lib/python3.12/site-packages/airflow/example_dags/example_bash_decorator.py took 0.642 seconds
