[2025-04-25T03:32:10.335+0000] {processor.py:186} INFO - Started process (PID=121) to work on /home/airflow/.local/lib/python3.12/site-packages/airflow/example_dags/example_task_group.py
[2025-04-25T03:32:10.337+0000] {processor.py:914} INFO - Processing file /home/airflow/.local/lib/python3.12/site-packages/airflow/example_dags/example_task_group.py for tasks to queue
[2025-04-25T03:32:10.355+0000] {logging_mixin.py:190} INFO - [2025-04-25T03:32:10.354+0000] {dagbag.py:588} INFO - Filling up the DagBag from /home/airflow/.local/lib/python3.12/site-packages/airflow/example_dags/example_task_group.py
[2025-04-25T03:32:10.401+0000] {processor.py:925} INFO - DAG(s) 'example_task_group' retrieved from /home/airflow/.local/lib/python3.12/site-packages/airflow/example_dags/example_task_group.py
[2025-04-25T03:32:10.517+0000] {logging_mixin.py:190} INFO - [2025-04-25T03:32:10.506+0000] {dag.py:3239} INFO - Sync 1 DAGs
[2025-04-25T03:32:10.628+0000] {logging_mixin.py:190} INFO - [2025-04-25T03:32:10.627+0000] {dag.py:4180} INFO - Setting next_dagrun for example_task_group to None, run_after=None
[2025-04-25T03:32:10.821+0000] {processor.py:208} INFO - Processing /home/airflow/.local/lib/python3.12/site-packages/airflow/example_dags/example_task_group.py took 0.507 seconds
[2025-04-25T03:32:42.335+0000] {processor.py:186} INFO - Started process (PID=183) to work on /home/airflow/.local/lib/python3.12/site-packages/airflow/example_dags/example_task_group.py
[2025-04-25T03:32:42.336+0000] {processor.py:914} INFO - Processing file /home/airflow/.local/lib/python3.12/site-packages/airflow/example_dags/example_task_group.py for tasks to queue
[2025-04-25T03:32:42.340+0000] {logging_mixin.py:190} INFO - [2025-04-25T03:32:42.340+0000] {dagbag.py:588} INFO - Filling up the DagBag from /home/airflow/.local/lib/python3.12/site-packages/airflow/example_dags/example_task_group.py
[2025-04-25T03:32:42.355+0000] {processor.py:925} INFO - DAG(s) 'example_task_group' retrieved from /home/airflow/.local/lib/python3.12/site-packages/airflow/example_dags/example_task_group.py
[2025-04-25T03:32:42.392+0000] {logging_mixin.py:190} INFO - [2025-04-25T03:32:42.391+0000] {dag.py:3239} INFO - Sync 1 DAGs
[2025-04-25T03:32:42.420+0000] {logging_mixin.py:190} INFO - [2025-04-25T03:32:42.420+0000] {dag.py:4180} INFO - Setting next_dagrun for example_task_group to None, run_after=None
[2025-04-25T03:32:42.468+0000] {processor.py:208} INFO - Processing /home/airflow/.local/lib/python3.12/site-packages/airflow/example_dags/example_task_group.py took 0.143 seconds
[2025-04-25T03:33:12.787+0000] {processor.py:186} INFO - Started process (PID=246) to work on /home/airflow/.local/lib/python3.12/site-packages/airflow/example_dags/example_task_group.py
[2025-04-25T03:33:12.788+0000] {processor.py:914} INFO - Processing file /home/airflow/.local/lib/python3.12/site-packages/airflow/example_dags/example_task_group.py for tasks to queue
[2025-04-25T03:33:12.791+0000] {logging_mixin.py:190} INFO - [2025-04-25T03:33:12.791+0000] {dagbag.py:588} INFO - Filling up the DagBag from /home/airflow/.local/lib/python3.12/site-packages/airflow/example_dags/example_task_group.py
[2025-04-25T03:33:12.804+0000] {processor.py:925} INFO - DAG(s) 'example_task_group' retrieved from /home/airflow/.local/lib/python3.12/site-packages/airflow/example_dags/example_task_group.py
[2025-04-25T03:33:12.834+0000] {logging_mixin.py:190} INFO - [2025-04-25T03:33:12.834+0000] {dag.py:3239} INFO - Sync 1 DAGs
[2025-04-25T03:33:12.859+0000] {logging_mixin.py:190} INFO - [2025-04-25T03:33:12.859+0000] {dag.py:4180} INFO - Setting next_dagrun for example_task_group to None, run_after=None
[2025-04-25T03:33:12.941+0000] {processor.py:208} INFO - Processing /home/airflow/.local/lib/python3.12/site-packages/airflow/example_dags/example_task_group.py took 0.162 seconds
[2025-04-25T03:33:43.852+0000] {processor.py:186} INFO - Started process (PID=308) to work on /home/airflow/.local/lib/python3.12/site-packages/airflow/example_dags/example_task_group.py
[2025-04-25T03:33:43.853+0000] {processor.py:914} INFO - Processing file /home/airflow/.local/lib/python3.12/site-packages/airflow/example_dags/example_task_group.py for tasks to queue
[2025-04-25T03:33:43.856+0000] {logging_mixin.py:190} INFO - [2025-04-25T03:33:43.855+0000] {dagbag.py:588} INFO - Filling up the DagBag from /home/airflow/.local/lib/python3.12/site-packages/airflow/example_dags/example_task_group.py
[2025-04-25T03:33:43.866+0000] {processor.py:925} INFO - DAG(s) 'example_task_group' retrieved from /home/airflow/.local/lib/python3.12/site-packages/airflow/example_dags/example_task_group.py
[2025-04-25T03:33:43.894+0000] {logging_mixin.py:190} INFO - [2025-04-25T03:33:43.894+0000] {dag.py:3239} INFO - Sync 1 DAGs
[2025-04-25T03:33:43.912+0000] {logging_mixin.py:190} INFO - [2025-04-25T03:33:43.912+0000] {dag.py:4180} INFO - Setting next_dagrun for example_task_group to None, run_after=None
[2025-04-25T03:33:43.951+0000] {processor.py:208} INFO - Processing /home/airflow/.local/lib/python3.12/site-packages/airflow/example_dags/example_task_group.py took 0.106 seconds
[2025-04-25T03:34:14.358+0000] {processor.py:186} INFO - Started process (PID=370) to work on /home/airflow/.local/lib/python3.12/site-packages/airflow/example_dags/example_task_group.py
[2025-04-25T03:34:14.361+0000] {processor.py:914} INFO - Processing file /home/airflow/.local/lib/python3.12/site-packages/airflow/example_dags/example_task_group.py for tasks to queue
[2025-04-25T03:34:14.368+0000] {logging_mixin.py:190} INFO - [2025-04-25T03:34:14.366+0000] {dagbag.py:588} INFO - Filling up the DagBag from /home/airflow/.local/lib/python3.12/site-packages/airflow/example_dags/example_task_group.py
[2025-04-25T03:34:14.400+0000] {processor.py:925} INFO - DAG(s) 'example_task_group' retrieved from /home/airflow/.local/lib/python3.12/site-packages/airflow/example_dags/example_task_group.py
[2025-04-25T03:34:14.469+0000] {logging_mixin.py:190} INFO - [2025-04-25T03:34:14.469+0000] {dag.py:3239} INFO - Sync 1 DAGs
[2025-04-25T03:34:14.529+0000] {logging_mixin.py:190} INFO - [2025-04-25T03:34:14.528+0000] {dag.py:4180} INFO - Setting next_dagrun for example_task_group to None, run_after=None
[2025-04-25T03:34:14.598+0000] {processor.py:208} INFO - Processing /home/airflow/.local/lib/python3.12/site-packages/airflow/example_dags/example_task_group.py took 0.253 seconds
[2025-04-25T03:34:49.750+0000] {processor.py:186} INFO - Started process (PID=433) to work on /home/airflow/.local/lib/python3.12/site-packages/airflow/example_dags/example_task_group.py
[2025-04-25T03:34:49.755+0000] {processor.py:914} INFO - Processing file /home/airflow/.local/lib/python3.12/site-packages/airflow/example_dags/example_task_group.py for tasks to queue
[2025-04-25T03:34:49.764+0000] {logging_mixin.py:190} INFO - [2025-04-25T03:34:49.764+0000] {dagbag.py:588} INFO - Filling up the DagBag from /home/airflow/.local/lib/python3.12/site-packages/airflow/example_dags/example_task_group.py
[2025-04-25T03:34:49.807+0000] {processor.py:925} INFO - DAG(s) 'example_task_group' retrieved from /home/airflow/.local/lib/python3.12/site-packages/airflow/example_dags/example_task_group.py
[2025-04-25T03:34:49.899+0000] {logging_mixin.py:190} INFO - [2025-04-25T03:34:49.898+0000] {dag.py:3239} INFO - Sync 1 DAGs
[2025-04-25T03:34:50.015+0000] {logging_mixin.py:190} INFO - [2025-04-25T03:34:50.014+0000] {dag.py:4180} INFO - Setting next_dagrun for example_task_group to None, run_after=None
[2025-04-25T03:34:50.144+0000] {processor.py:208} INFO - Processing /home/airflow/.local/lib/python3.12/site-packages/airflow/example_dags/example_task_group.py took 0.411 seconds
[2025-04-25T03:35:22.515+0000] {processor.py:186} INFO - Started process (PID=495) to work on /home/airflow/.local/lib/python3.12/site-packages/airflow/example_dags/example_task_group.py
[2025-04-25T03:35:22.520+0000] {processor.py:914} INFO - Processing file /home/airflow/.local/lib/python3.12/site-packages/airflow/example_dags/example_task_group.py for tasks to queue
[2025-04-25T03:35:22.527+0000] {logging_mixin.py:190} INFO - [2025-04-25T03:35:22.526+0000] {dagbag.py:588} INFO - Filling up the DagBag from /home/airflow/.local/lib/python3.12/site-packages/airflow/example_dags/example_task_group.py
[2025-04-25T03:35:22.546+0000] {processor.py:925} INFO - DAG(s) 'example_task_group' retrieved from /home/airflow/.local/lib/python3.12/site-packages/airflow/example_dags/example_task_group.py
[2025-04-25T03:35:22.605+0000] {logging_mixin.py:190} INFO - [2025-04-25T03:35:22.604+0000] {dag.py:3239} INFO - Sync 1 DAGs
[2025-04-25T03:35:22.651+0000] {logging_mixin.py:190} INFO - [2025-04-25T03:35:22.651+0000] {dag.py:4180} INFO - Setting next_dagrun for example_task_group to None, run_after=None
[2025-04-25T03:35:22.713+0000] {processor.py:208} INFO - Processing /home/airflow/.local/lib/python3.12/site-packages/airflow/example_dags/example_task_group.py took 0.208 seconds
[2025-04-25T03:35:55.436+0000] {processor.py:186} INFO - Started process (PID=564) to work on /home/airflow/.local/lib/python3.12/site-packages/airflow/example_dags/example_task_group.py
[2025-04-25T03:35:55.438+0000] {processor.py:914} INFO - Processing file /home/airflow/.local/lib/python3.12/site-packages/airflow/example_dags/example_task_group.py for tasks to queue
[2025-04-25T03:35:55.443+0000] {logging_mixin.py:190} INFO - [2025-04-25T03:35:55.442+0000] {dagbag.py:588} INFO - Filling up the DagBag from /home/airflow/.local/lib/python3.12/site-packages/airflow/example_dags/example_task_group.py
[2025-04-25T03:35:55.470+0000] {processor.py:925} INFO - DAG(s) 'example_task_group' retrieved from /home/airflow/.local/lib/python3.12/site-packages/airflow/example_dags/example_task_group.py
[2025-04-25T03:35:55.522+0000] {logging_mixin.py:190} INFO - [2025-04-25T03:35:55.522+0000] {dag.py:3239} INFO - Sync 1 DAGs
[2025-04-25T03:35:55.556+0000] {logging_mixin.py:190} INFO - [2025-04-25T03:35:55.556+0000] {dag.py:4180} INFO - Setting next_dagrun for example_task_group to None, run_after=None
[2025-04-25T03:35:55.599+0000] {processor.py:208} INFO - Processing /home/airflow/.local/lib/python3.12/site-packages/airflow/example_dags/example_task_group.py took 0.176 seconds
[2025-04-25T03:36:40.357+0000] {processor.py:186} INFO - Started process (PID=634) to work on /home/airflow/.local/lib/python3.12/site-packages/airflow/example_dags/example_task_group.py
[2025-04-25T03:36:40.360+0000] {processor.py:914} INFO - Processing file /home/airflow/.local/lib/python3.12/site-packages/airflow/example_dags/example_task_group.py for tasks to queue
[2025-04-25T03:36:40.378+0000] {logging_mixin.py:190} INFO - [2025-04-25T03:36:40.378+0000] {dagbag.py:588} INFO - Filling up the DagBag from /home/airflow/.local/lib/python3.12/site-packages/airflow/example_dags/example_task_group.py
[2025-04-25T03:36:40.412+0000] {processor.py:925} INFO - DAG(s) 'example_task_group' retrieved from /home/airflow/.local/lib/python3.12/site-packages/airflow/example_dags/example_task_group.py
[2025-04-25T03:36:40.542+0000] {logging_mixin.py:190} INFO - [2025-04-25T03:36:40.540+0000] {dag.py:3239} INFO - Sync 1 DAGs
[2025-04-25T03:36:40.676+0000] {logging_mixin.py:190} INFO - [2025-04-25T03:36:40.675+0000] {dag.py:4180} INFO - Setting next_dagrun for example_task_group to None, run_after=None
[2025-04-25T03:36:40.917+0000] {processor.py:208} INFO - Processing /home/airflow/.local/lib/python3.12/site-packages/airflow/example_dags/example_task_group.py took 0.572 seconds
[2025-04-25T03:37:11.913+0000] {processor.py:186} INFO - Started process (PID=696) to work on /home/airflow/.local/lib/python3.12/site-packages/airflow/example_dags/example_task_group.py
[2025-04-25T03:37:11.915+0000] {processor.py:914} INFO - Processing file /home/airflow/.local/lib/python3.12/site-packages/airflow/example_dags/example_task_group.py for tasks to queue
[2025-04-25T03:37:11.958+0000] {logging_mixin.py:190} INFO - [2025-04-25T03:37:11.956+0000] {dagbag.py:588} INFO - Filling up the DagBag from /home/airflow/.local/lib/python3.12/site-packages/airflow/example_dags/example_task_group.py
[2025-04-25T03:37:12.066+0000] {processor.py:925} INFO - DAG(s) 'example_task_group' retrieved from /home/airflow/.local/lib/python3.12/site-packages/airflow/example_dags/example_task_group.py
[2025-04-25T03:37:12.192+0000] {logging_mixin.py:190} INFO - [2025-04-25T03:37:12.191+0000] {dag.py:3239} INFO - Sync 1 DAGs
[2025-04-25T03:37:12.228+0000] {logging_mixin.py:190} INFO - [2025-04-25T03:37:12.228+0000] {dag.py:4180} INFO - Setting next_dagrun for example_task_group to None, run_after=None
[2025-04-25T03:37:12.324+0000] {processor.py:208} INFO - Processing /home/airflow/.local/lib/python3.12/site-packages/airflow/example_dags/example_task_group.py took 0.473 seconds
