[2025-04-25T03:32:06.412+0000] {processor.py:186} INFO - Started process (PID=103) to work on /home/airflow/.local/lib/python3.12/site-packages/airflow/example_dags/example_kubernetes_executor.py
[2025-04-25T03:32:06.413+0000] {processor.py:914} INFO - Processing file /home/airflow/.local/lib/python3.12/site-packages/airflow/example_dags/example_kubernetes_executor.py for tasks to queue
[2025-04-25T03:32:06.417+0000] {logging_mixin.py:190} INFO - [2025-04-25T03:32:06.416+0000] {dagbag.py:588} INFO - Filling up the DagBag from /home/airflow/.local/lib/python3.12/site-packages/airflow/example_dags/example_kubernetes_executor.py
[2025-04-25T03:32:06.482+0000] {processor.py:925} INFO - DAG(s) 'example_kubernetes_executor' retrieved from /home/airflow/.local/lib/python3.12/site-packages/airflow/example_dags/example_kubernetes_executor.py
[2025-04-25T03:32:06.598+0000] {logging_mixin.py:190} INFO - [2025-04-25T03:32:06.598+0000] {dag.py:3239} INFO - Sync 1 DAGs
[2025-04-25T03:32:06.643+0000] {logging_mixin.py:190} INFO - [2025-04-25T03:32:06.642+0000] {dag.py:4180} INFO - Setting next_dagrun for example_kubernetes_executor to None, run_after=None
[2025-04-25T03:32:06.753+0000] {processor.py:208} INFO - Processing /home/airflow/.local/lib/python3.12/site-packages/airflow/example_dags/example_kubernetes_executor.py took 0.351 seconds
[2025-04-25T03:32:38.627+0000] {processor.py:186} INFO - Started process (PID=167) to work on /home/airflow/.local/lib/python3.12/site-packages/airflow/example_dags/example_kubernetes_executor.py
[2025-04-25T03:32:38.628+0000] {processor.py:914} INFO - Processing file /home/airflow/.local/lib/python3.12/site-packages/airflow/example_dags/example_kubernetes_executor.py for tasks to queue
[2025-04-25T03:32:38.632+0000] {logging_mixin.py:190} INFO - [2025-04-25T03:32:38.631+0000] {dagbag.py:588} INFO - Filling up the DagBag from /home/airflow/.local/lib/python3.12/site-packages/airflow/example_dags/example_kubernetes_executor.py
[2025-04-25T03:32:38.662+0000] {processor.py:925} INFO - DAG(s) 'example_kubernetes_executor' retrieved from /home/airflow/.local/lib/python3.12/site-packages/airflow/example_dags/example_kubernetes_executor.py
[2025-04-25T03:32:38.719+0000] {logging_mixin.py:190} INFO - [2025-04-25T03:32:38.718+0000] {dag.py:3239} INFO - Sync 1 DAGs
[2025-04-25T03:32:38.751+0000] {logging_mixin.py:190} INFO - [2025-04-25T03:32:38.751+0000] {dag.py:4180} INFO - Setting next_dagrun for example_kubernetes_executor to None, run_after=None
[2025-04-25T03:32:38.787+0000] {processor.py:208} INFO - Processing /home/airflow/.local/lib/python3.12/site-packages/airflow/example_dags/example_kubernetes_executor.py took 0.171 seconds
[2025-04-25T03:33:09.685+0000] {processor.py:186} INFO - Started process (PID=231) to work on /home/airflow/.local/lib/python3.12/site-packages/airflow/example_dags/example_kubernetes_executor.py
[2025-04-25T03:33:09.688+0000] {processor.py:914} INFO - Processing file /home/airflow/.local/lib/python3.12/site-packages/airflow/example_dags/example_kubernetes_executor.py for tasks to queue
[2025-04-25T03:33:09.692+0000] {logging_mixin.py:190} INFO - [2025-04-25T03:33:09.691+0000] {dagbag.py:588} INFO - Filling up the DagBag from /home/airflow/.local/lib/python3.12/site-packages/airflow/example_dags/example_kubernetes_executor.py
[2025-04-25T03:33:09.711+0000] {processor.py:925} INFO - DAG(s) 'example_kubernetes_executor' retrieved from /home/airflow/.local/lib/python3.12/site-packages/airflow/example_dags/example_kubernetes_executor.py
[2025-04-25T03:33:09.747+0000] {logging_mixin.py:190} INFO - [2025-04-25T03:33:09.747+0000] {dag.py:3239} INFO - Sync 1 DAGs
[2025-04-25T03:33:09.769+0000] {logging_mixin.py:190} INFO - [2025-04-25T03:33:09.768+0000] {dag.py:4180} INFO - Setting next_dagrun for example_kubernetes_executor to None, run_after=None
[2025-04-25T03:33:09.797+0000] {processor.py:208} INFO - Processing /home/airflow/.local/lib/python3.12/site-packages/airflow/example_dags/example_kubernetes_executor.py took 0.118 seconds
[2025-04-25T03:33:40.112+0000] {processor.py:186} INFO - Started process (PID=294) to work on /home/airflow/.local/lib/python3.12/site-packages/airflow/example_dags/example_kubernetes_executor.py
[2025-04-25T03:33:40.114+0000] {processor.py:914} INFO - Processing file /home/airflow/.local/lib/python3.12/site-packages/airflow/example_dags/example_kubernetes_executor.py for tasks to queue
[2025-04-25T03:33:40.117+0000] {logging_mixin.py:190} INFO - [2025-04-25T03:33:40.116+0000] {dagbag.py:588} INFO - Filling up the DagBag from /home/airflow/.local/lib/python3.12/site-packages/airflow/example_dags/example_kubernetes_executor.py
[2025-04-25T03:33:40.136+0000] {processor.py:925} INFO - DAG(s) 'example_kubernetes_executor' retrieved from /home/airflow/.local/lib/python3.12/site-packages/airflow/example_dags/example_kubernetes_executor.py
[2025-04-25T03:33:40.171+0000] {logging_mixin.py:190} INFO - [2025-04-25T03:33:40.171+0000] {dag.py:3239} INFO - Sync 1 DAGs
[2025-04-25T03:33:40.192+0000] {logging_mixin.py:190} INFO - [2025-04-25T03:33:40.191+0000] {dag.py:4180} INFO - Setting next_dagrun for example_kubernetes_executor to None, run_after=None
[2025-04-25T03:33:40.228+0000] {processor.py:208} INFO - Processing /home/airflow/.local/lib/python3.12/site-packages/airflow/example_dags/example_kubernetes_executor.py took 0.123 seconds
[2025-04-25T03:34:10.590+0000] {processor.py:186} INFO - Started process (PID=355) to work on /home/airflow/.local/lib/python3.12/site-packages/airflow/example_dags/example_kubernetes_executor.py
[2025-04-25T03:34:10.592+0000] {processor.py:914} INFO - Processing file /home/airflow/.local/lib/python3.12/site-packages/airflow/example_dags/example_kubernetes_executor.py for tasks to queue
[2025-04-25T03:34:10.595+0000] {logging_mixin.py:190} INFO - [2025-04-25T03:34:10.595+0000] {dagbag.py:588} INFO - Filling up the DagBag from /home/airflow/.local/lib/python3.12/site-packages/airflow/example_dags/example_kubernetes_executor.py
[2025-04-25T03:34:10.614+0000] {processor.py:925} INFO - DAG(s) 'example_kubernetes_executor' retrieved from /home/airflow/.local/lib/python3.12/site-packages/airflow/example_dags/example_kubernetes_executor.py
[2025-04-25T03:34:10.648+0000] {logging_mixin.py:190} INFO - [2025-04-25T03:34:10.647+0000] {dag.py:3239} INFO - Sync 1 DAGs
[2025-04-25T03:34:10.667+0000] {logging_mixin.py:190} INFO - [2025-04-25T03:34:10.666+0000] {dag.py:4180} INFO - Setting next_dagrun for example_kubernetes_executor to None, run_after=None
[2025-04-25T03:34:10.693+0000] {processor.py:208} INFO - Processing /home/airflow/.local/lib/python3.12/site-packages/airflow/example_dags/example_kubernetes_executor.py took 0.111 seconds
[2025-04-25T03:34:45.432+0000] {processor.py:186} INFO - Started process (PID=419) to work on /home/airflow/.local/lib/python3.12/site-packages/airflow/example_dags/example_kubernetes_executor.py
[2025-04-25T03:34:45.442+0000] {processor.py:914} INFO - Processing file /home/airflow/.local/lib/python3.12/site-packages/airflow/example_dags/example_kubernetes_executor.py for tasks to queue
[2025-04-25T03:34:45.447+0000] {logging_mixin.py:190} INFO - [2025-04-25T03:34:45.446+0000] {dagbag.py:588} INFO - Filling up the DagBag from /home/airflow/.local/lib/python3.12/site-packages/airflow/example_dags/example_kubernetes_executor.py
[2025-04-25T03:34:45.503+0000] {processor.py:925} INFO - DAG(s) 'example_kubernetes_executor' retrieved from /home/airflow/.local/lib/python3.12/site-packages/airflow/example_dags/example_kubernetes_executor.py
[2025-04-25T03:34:45.610+0000] {logging_mixin.py:190} INFO - [2025-04-25T03:34:45.609+0000] {dag.py:3239} INFO - Sync 1 DAGs
[2025-04-25T03:34:45.731+0000] {logging_mixin.py:190} INFO - [2025-04-25T03:34:45.730+0000] {dag.py:4180} INFO - Setting next_dagrun for example_kubernetes_executor to None, run_after=None
[2025-04-25T03:34:45.842+0000] {processor.py:208} INFO - Processing /home/airflow/.local/lib/python3.12/site-packages/airflow/example_dags/example_kubernetes_executor.py took 0.433 seconds
[2025-04-25T03:35:18.547+0000] {processor.py:186} INFO - Started process (PID=478) to work on /home/airflow/.local/lib/python3.12/site-packages/airflow/example_dags/example_kubernetes_executor.py
[2025-04-25T03:35:18.553+0000] {processor.py:914} INFO - Processing file /home/airflow/.local/lib/python3.12/site-packages/airflow/example_dags/example_kubernetes_executor.py for tasks to queue
[2025-04-25T03:35:18.558+0000] {logging_mixin.py:190} INFO - [2025-04-25T03:35:18.558+0000] {dagbag.py:588} INFO - Filling up the DagBag from /home/airflow/.local/lib/python3.12/site-packages/airflow/example_dags/example_kubernetes_executor.py
[2025-04-25T03:35:18.601+0000] {processor.py:925} INFO - DAG(s) 'example_kubernetes_executor' retrieved from /home/airflow/.local/lib/python3.12/site-packages/airflow/example_dags/example_kubernetes_executor.py
[2025-04-25T03:35:18.676+0000] {logging_mixin.py:190} INFO - [2025-04-25T03:35:18.675+0000] {dag.py:3239} INFO - Sync 1 DAGs
[2025-04-25T03:35:18.719+0000] {logging_mixin.py:190} INFO - [2025-04-25T03:35:18.719+0000] {dag.py:4180} INFO - Setting next_dagrun for example_kubernetes_executor to None, run_after=None
[2025-04-25T03:35:18.770+0000] {processor.py:208} INFO - Processing /home/airflow/.local/lib/python3.12/site-packages/airflow/example_dags/example_kubernetes_executor.py took 0.239 seconds
[2025-04-25T03:35:50.467+0000] {processor.py:186} INFO - Started process (PID=541) to work on /home/airflow/.local/lib/python3.12/site-packages/airflow/example_dags/example_kubernetes_executor.py
[2025-04-25T03:35:50.490+0000] {processor.py:914} INFO - Processing file /home/airflow/.local/lib/python3.12/site-packages/airflow/example_dags/example_kubernetes_executor.py for tasks to queue
[2025-04-25T03:35:50.494+0000] {logging_mixin.py:190} INFO - [2025-04-25T03:35:50.493+0000] {dagbag.py:588} INFO - Filling up the DagBag from /home/airflow/.local/lib/python3.12/site-packages/airflow/example_dags/example_kubernetes_executor.py
[2025-04-25T03:35:50.569+0000] {processor.py:925} INFO - DAG(s) 'example_kubernetes_executor' retrieved from /home/airflow/.local/lib/python3.12/site-packages/airflow/example_dags/example_kubernetes_executor.py
[2025-04-25T03:35:50.688+0000] {logging_mixin.py:190} INFO - [2025-04-25T03:35:50.688+0000] {dag.py:3239} INFO - Sync 1 DAGs
[2025-04-25T03:35:50.729+0000] {logging_mixin.py:190} INFO - [2025-04-25T03:35:50.729+0000] {dag.py:4180} INFO - Setting next_dagrun for example_kubernetes_executor to None, run_after=None
[2025-04-25T03:35:50.872+0000] {processor.py:208} INFO - Processing /home/airflow/.local/lib/python3.12/site-packages/airflow/example_dags/example_kubernetes_executor.py took 0.434 seconds
[2025-04-25T03:36:23.303+0000] {processor.py:186} INFO - Started process (PID=604) to work on /home/airflow/.local/lib/python3.12/site-packages/airflow/example_dags/example_kubernetes_executor.py
[2025-04-25T03:36:23.318+0000] {processor.py:914} INFO - Processing file /home/airflow/.local/lib/python3.12/site-packages/airflow/example_dags/example_kubernetes_executor.py for tasks to queue
[2025-04-25T03:36:23.322+0000] {logging_mixin.py:190} INFO - [2025-04-25T03:36:23.321+0000] {dagbag.py:588} INFO - Filling up the DagBag from /home/airflow/.local/lib/python3.12/site-packages/airflow/example_dags/example_kubernetes_executor.py
[2025-04-25T03:36:23.355+0000] {processor.py:925} INFO - DAG(s) 'example_kubernetes_executor' retrieved from /home/airflow/.local/lib/python3.12/site-packages/airflow/example_dags/example_kubernetes_executor.py
[2025-04-25T03:36:23.529+0000] {logging_mixin.py:190} INFO - [2025-04-25T03:36:23.528+0000] {dag.py:3239} INFO - Sync 1 DAGs
[2025-04-25T03:36:23.615+0000] {logging_mixin.py:190} INFO - [2025-04-25T03:36:23.615+0000] {dag.py:4180} INFO - Setting next_dagrun for example_kubernetes_executor to None, run_after=None
[2025-04-25T03:36:23.728+0000] {processor.py:208} INFO - Processing /home/airflow/.local/lib/python3.12/site-packages/airflow/example_dags/example_kubernetes_executor.py took 0.457 seconds
[2025-04-25T03:36:56.036+0000] {processor.py:186} INFO - Started process (PID=673) to work on /home/airflow/.local/lib/python3.12/site-packages/airflow/example_dags/example_kubernetes_executor.py
[2025-04-25T03:36:56.038+0000] {processor.py:914} INFO - Processing file /home/airflow/.local/lib/python3.12/site-packages/airflow/example_dags/example_kubernetes_executor.py for tasks to queue
[2025-04-25T03:36:56.054+0000] {logging_mixin.py:190} INFO - [2025-04-25T03:36:56.053+0000] {dagbag.py:588} INFO - Filling up the DagBag from /home/airflow/.local/lib/python3.12/site-packages/airflow/example_dags/example_kubernetes_executor.py
[2025-04-25T03:36:56.085+0000] {processor.py:925} INFO - DAG(s) 'example_kubernetes_executor' retrieved from /home/airflow/.local/lib/python3.12/site-packages/airflow/example_dags/example_kubernetes_executor.py
[2025-04-25T03:36:56.150+0000] {logging_mixin.py:190} INFO - [2025-04-25T03:36:56.149+0000] {dag.py:3239} INFO - Sync 1 DAGs
[2025-04-25T03:36:56.179+0000] {logging_mixin.py:190} INFO - [2025-04-25T03:36:56.178+0000] {dag.py:4180} INFO - Setting next_dagrun for example_kubernetes_executor to None, run_after=None
[2025-04-25T03:36:56.234+0000] {processor.py:208} INFO - Processing /home/airflow/.local/lib/python3.12/site-packages/airflow/example_dags/example_kubernetes_executor.py took 0.212 seconds
[2025-04-25T03:37:28.763+0000] {processor.py:186} INFO - Started process (PID=736) to work on /home/airflow/.local/lib/python3.12/site-packages/airflow/example_dags/example_kubernetes_executor.py
[2025-04-25T03:37:28.765+0000] {processor.py:914} INFO - Processing file /home/airflow/.local/lib/python3.12/site-packages/airflow/example_dags/example_kubernetes_executor.py for tasks to queue
[2025-04-25T03:37:28.768+0000] {logging_mixin.py:190} INFO - [2025-04-25T03:37:28.767+0000] {dagbag.py:588} INFO - Filling up the DagBag from /home/airflow/.local/lib/python3.12/site-packages/airflow/example_dags/example_kubernetes_executor.py
[2025-04-25T03:37:28.789+0000] {processor.py:925} INFO - DAG(s) 'example_kubernetes_executor' retrieved from /home/airflow/.local/lib/python3.12/site-packages/airflow/example_dags/example_kubernetes_executor.py
[2025-04-25T03:37:28.829+0000] {logging_mixin.py:190} INFO - [2025-04-25T03:37:28.829+0000] {dag.py:3239} INFO - Sync 1 DAGs
[2025-04-25T03:37:28.856+0000] {logging_mixin.py:190} INFO - [2025-04-25T03:37:28.856+0000] {dag.py:4180} INFO - Setting next_dagrun for example_kubernetes_executor to None, run_after=None
[2025-04-25T03:37:28.889+0000] {processor.py:208} INFO - Processing /home/airflow/.local/lib/python3.12/site-packages/airflow/example_dags/example_kubernetes_executor.py took 0.134 seconds
