[2025-04-25T03:31:58.784+0000] {processor.py:186} INFO - Started process (PID=82) to work on /home/airflow/.local/lib/python3.12/site-packages/airflow/example_dags/example_latest_only_with_trigger.py
[2025-04-25T03:31:58.786+0000] {processor.py:914} INFO - Processing file /home/airflow/.local/lib/python3.12/site-packages/airflow/example_dags/example_latest_only_with_trigger.py for tasks to queue
[2025-04-25T03:31:58.789+0000] {logging_mixin.py:190} INFO - [2025-04-25T03:31:58.789+0000] {dagbag.py:588} INFO - Filling up the DagBag from /home/airflow/.local/lib/python3.12/site-packages/airflow/example_dags/example_latest_only_with_trigger.py
[2025-04-25T03:31:58.821+0000] {processor.py:925} INFO - DAG(s) 'latest_only_with_trigger' retrieved from /home/airflow/.local/lib/python3.12/site-packages/airflow/example_dags/example_latest_only_with_trigger.py
[2025-04-25T03:31:58.884+0000] {logging_mixin.py:190} INFO - [2025-04-25T03:31:58.884+0000] {dag.py:3239} INFO - Sync 1 DAGs
[2025-04-25T03:31:58.931+0000] {logging_mixin.py:190} INFO - [2025-04-25T03:31:58.931+0000] {dag.py:4180} INFO - Setting next_dagrun for latest_only_with_trigger to 2025-04-24 20:00:00+00:00, run_after=2025-04-25 00:00:00+00:00
[2025-04-25T03:31:58.969+0000] {processor.py:208} INFO - Processing /home/airflow/.local/lib/python3.12/site-packages/airflow/example_dags/example_latest_only_with_trigger.py took 0.195 seconds
[2025-04-25T03:32:29.280+0000] {processor.py:186} INFO - Started process (PID=144) to work on /home/airflow/.local/lib/python3.12/site-packages/airflow/example_dags/example_latest_only_with_trigger.py
[2025-04-25T03:32:29.281+0000] {processor.py:914} INFO - Processing file /home/airflow/.local/lib/python3.12/site-packages/airflow/example_dags/example_latest_only_with_trigger.py for tasks to queue
[2025-04-25T03:32:29.284+0000] {logging_mixin.py:190} INFO - [2025-04-25T03:32:29.284+0000] {dagbag.py:588} INFO - Filling up the DagBag from /home/airflow/.local/lib/python3.12/site-packages/airflow/example_dags/example_latest_only_with_trigger.py
[2025-04-25T03:32:29.294+0000] {processor.py:925} INFO - DAG(s) 'latest_only_with_trigger' retrieved from /home/airflow/.local/lib/python3.12/site-packages/airflow/example_dags/example_latest_only_with_trigger.py
[2025-04-25T03:32:29.322+0000] {logging_mixin.py:190} INFO - [2025-04-25T03:32:29.322+0000] {dag.py:3239} INFO - Sync 1 DAGs
[2025-04-25T03:32:29.357+0000] {logging_mixin.py:190} INFO - [2025-04-25T03:32:29.357+0000] {dag.py:4180} INFO - Setting next_dagrun for latest_only_with_trigger to 2025-04-24 20:00:00+00:00, run_after=2025-04-25 00:00:00+00:00
[2025-04-25T03:32:29.386+0000] {processor.py:208} INFO - Processing /home/airflow/.local/lib/python3.12/site-packages/airflow/example_dags/example_latest_only_with_trigger.py took 0.116 seconds
[2025-04-25T03:32:59.968+0000] {processor.py:186} INFO - Started process (PID=206) to work on /home/airflow/.local/lib/python3.12/site-packages/airflow/example_dags/example_latest_only_with_trigger.py
[2025-04-25T03:32:59.969+0000] {processor.py:914} INFO - Processing file /home/airflow/.local/lib/python3.12/site-packages/airflow/example_dags/example_latest_only_with_trigger.py for tasks to queue
[2025-04-25T03:32:59.972+0000] {logging_mixin.py:190} INFO - [2025-04-25T03:32:59.971+0000] {dagbag.py:588} INFO - Filling up the DagBag from /home/airflow/.local/lib/python3.12/site-packages/airflow/example_dags/example_latest_only_with_trigger.py
[2025-04-25T03:32:59.982+0000] {processor.py:925} INFO - DAG(s) 'latest_only_with_trigger' retrieved from /home/airflow/.local/lib/python3.12/site-packages/airflow/example_dags/example_latest_only_with_trigger.py
[2025-04-25T03:33:00.010+0000] {logging_mixin.py:190} INFO - [2025-04-25T03:33:00.010+0000] {dag.py:3239} INFO - Sync 1 DAGs
[2025-04-25T03:33:00.047+0000] {logging_mixin.py:190} INFO - [2025-04-25T03:33:00.047+0000] {dag.py:4180} INFO - Setting next_dagrun for latest_only_with_trigger to 2025-04-24 20:00:00+00:00, run_after=2025-04-25 00:00:00+00:00
[2025-04-25T03:33:00.073+0000] {processor.py:208} INFO - Processing /home/airflow/.local/lib/python3.12/site-packages/airflow/example_dags/example_latest_only_with_trigger.py took 0.113 seconds
[2025-04-25T03:33:30.295+0000] {processor.py:186} INFO - Started process (PID=268) to work on /home/airflow/.local/lib/python3.12/site-packages/airflow/example_dags/example_latest_only_with_trigger.py
[2025-04-25T03:33:30.296+0000] {processor.py:914} INFO - Processing file /home/airflow/.local/lib/python3.12/site-packages/airflow/example_dags/example_latest_only_with_trigger.py for tasks to queue
[2025-04-25T03:33:30.299+0000] {logging_mixin.py:190} INFO - [2025-04-25T03:33:30.299+0000] {dagbag.py:588} INFO - Filling up the DagBag from /home/airflow/.local/lib/python3.12/site-packages/airflow/example_dags/example_latest_only_with_trigger.py
[2025-04-25T03:33:30.311+0000] {processor.py:925} INFO - DAG(s) 'latest_only_with_trigger' retrieved from /home/airflow/.local/lib/python3.12/site-packages/airflow/example_dags/example_latest_only_with_trigger.py
[2025-04-25T03:33:30.342+0000] {logging_mixin.py:190} INFO - [2025-04-25T03:33:30.342+0000] {dag.py:3239} INFO - Sync 1 DAGs
[2025-04-25T03:33:30.377+0000] {logging_mixin.py:190} INFO - [2025-04-25T03:33:30.377+0000] {dag.py:4180} INFO - Setting next_dagrun for latest_only_with_trigger to 2025-04-24 20:00:00+00:00, run_after=2025-04-25 00:00:00+00:00
[2025-04-25T03:33:30.405+0000] {processor.py:208} INFO - Processing /home/airflow/.local/lib/python3.12/site-packages/airflow/example_dags/example_latest_only_with_trigger.py took 0.117 seconds
[2025-04-25T03:34:00.752+0000] {processor.py:186} INFO - Started process (PID=330) to work on /home/airflow/.local/lib/python3.12/site-packages/airflow/example_dags/example_latest_only_with_trigger.py
[2025-04-25T03:34:00.753+0000] {processor.py:914} INFO - Processing file /home/airflow/.local/lib/python3.12/site-packages/airflow/example_dags/example_latest_only_with_trigger.py for tasks to queue
[2025-04-25T03:34:00.758+0000] {logging_mixin.py:190} INFO - [2025-04-25T03:34:00.757+0000] {dagbag.py:588} INFO - Filling up the DagBag from /home/airflow/.local/lib/python3.12/site-packages/airflow/example_dags/example_latest_only_with_trigger.py
[2025-04-25T03:34:00.769+0000] {processor.py:925} INFO - DAG(s) 'latest_only_with_trigger' retrieved from /home/airflow/.local/lib/python3.12/site-packages/airflow/example_dags/example_latest_only_with_trigger.py
[2025-04-25T03:34:00.798+0000] {logging_mixin.py:190} INFO - [2025-04-25T03:34:00.798+0000] {dag.py:3239} INFO - Sync 1 DAGs
[2025-04-25T03:34:00.832+0000] {logging_mixin.py:190} INFO - [2025-04-25T03:34:00.831+0000] {dag.py:4180} INFO - Setting next_dagrun for latest_only_with_trigger to 2025-04-24 20:00:00+00:00, run_after=2025-04-25 00:00:00+00:00
[2025-04-25T03:34:00.858+0000] {processor.py:208} INFO - Processing /home/airflow/.local/lib/python3.12/site-packages/airflow/example_dags/example_latest_only_with_trigger.py took 0.113 seconds
[2025-04-25T03:34:31.429+0000] {processor.py:186} INFO - Started process (PID=393) to work on /home/airflow/.local/lib/python3.12/site-packages/airflow/example_dags/example_latest_only_with_trigger.py
[2025-04-25T03:34:31.430+0000] {processor.py:914} INFO - Processing file /home/airflow/.local/lib/python3.12/site-packages/airflow/example_dags/example_latest_only_with_trigger.py for tasks to queue
[2025-04-25T03:34:31.435+0000] {logging_mixin.py:190} INFO - [2025-04-25T03:34:31.434+0000] {dagbag.py:588} INFO - Filling up the DagBag from /home/airflow/.local/lib/python3.12/site-packages/airflow/example_dags/example_latest_only_with_trigger.py
[2025-04-25T03:34:31.448+0000] {processor.py:925} INFO - DAG(s) 'latest_only_with_trigger' retrieved from /home/airflow/.local/lib/python3.12/site-packages/airflow/example_dags/example_latest_only_with_trigger.py
[2025-04-25T03:34:31.547+0000] {logging_mixin.py:190} INFO - [2025-04-25T03:34:31.546+0000] {dag.py:3239} INFO - Sync 1 DAGs
[2025-04-25T03:34:31.592+0000] {logging_mixin.py:190} INFO - [2025-04-25T03:34:31.592+0000] {dag.py:4180} INFO - Setting next_dagrun for latest_only_with_trigger to 2025-04-24 20:00:00+00:00, run_after=2025-04-25 00:00:00+00:00
[2025-04-25T03:34:31.624+0000] {processor.py:208} INFO - Processing /home/airflow/.local/lib/python3.12/site-packages/airflow/example_dags/example_latest_only_with_trigger.py took 0.205 seconds
[2025-04-25T03:35:02.221+0000] {processor.py:186} INFO - Started process (PID=455) to work on /home/airflow/.local/lib/python3.12/site-packages/airflow/example_dags/example_latest_only_with_trigger.py
[2025-04-25T03:35:02.223+0000] {processor.py:914} INFO - Processing file /home/airflow/.local/lib/python3.12/site-packages/airflow/example_dags/example_latest_only_with_trigger.py for tasks to queue
[2025-04-25T03:35:02.228+0000] {logging_mixin.py:190} INFO - [2025-04-25T03:35:02.228+0000] {dagbag.py:588} INFO - Filling up the DagBag from /home/airflow/.local/lib/python3.12/site-packages/airflow/example_dags/example_latest_only_with_trigger.py
[2025-04-25T03:35:02.257+0000] {processor.py:925} INFO - DAG(s) 'latest_only_with_trigger' retrieved from /home/airflow/.local/lib/python3.12/site-packages/airflow/example_dags/example_latest_only_with_trigger.py
[2025-04-25T03:35:02.361+0000] {logging_mixin.py:190} INFO - [2025-04-25T03:35:02.360+0000] {dag.py:3239} INFO - Sync 1 DAGs
[2025-04-25T03:35:02.458+0000] {logging_mixin.py:190} INFO - [2025-04-25T03:35:02.458+0000] {dag.py:4180} INFO - Setting next_dagrun for latest_only_with_trigger to 2025-04-24 20:00:00+00:00, run_after=2025-04-25 00:00:00+00:00
[2025-04-25T03:35:02.542+0000] {processor.py:208} INFO - Processing /home/airflow/.local/lib/python3.12/site-packages/airflow/example_dags/example_latest_only_with_trigger.py took 0.345 seconds
[2025-04-25T03:35:33.316+0000] {processor.py:186} INFO - Started process (PID=518) to work on /home/airflow/.local/lib/python3.12/site-packages/airflow/example_dags/example_latest_only_with_trigger.py
[2025-04-25T03:35:33.327+0000] {processor.py:914} INFO - Processing file /home/airflow/.local/lib/python3.12/site-packages/airflow/example_dags/example_latest_only_with_trigger.py for tasks to queue
[2025-04-25T03:35:33.337+0000] {logging_mixin.py:190} INFO - [2025-04-25T03:35:33.337+0000] {dagbag.py:588} INFO - Filling up the DagBag from /home/airflow/.local/lib/python3.12/site-packages/airflow/example_dags/example_latest_only_with_trigger.py
[2025-04-25T03:35:33.364+0000] {processor.py:925} INFO - DAG(s) 'latest_only_with_trigger' retrieved from /home/airflow/.local/lib/python3.12/site-packages/airflow/example_dags/example_latest_only_with_trigger.py
[2025-04-25T03:35:33.447+0000] {logging_mixin.py:190} INFO - [2025-04-25T03:35:33.446+0000] {dag.py:3239} INFO - Sync 1 DAGs
[2025-04-25T03:35:33.577+0000] {logging_mixin.py:190} INFO - [2025-04-25T03:35:33.576+0000] {dag.py:4180} INFO - Setting next_dagrun for latest_only_with_trigger to 2025-04-24 20:00:00+00:00, run_after=2025-04-25 00:00:00+00:00
[2025-04-25T03:35:33.672+0000] {processor.py:208} INFO - Processing /home/airflow/.local/lib/python3.12/site-packages/airflow/example_dags/example_latest_only_with_trigger.py took 0.363 seconds
[2025-04-25T03:36:04.272+0000] {processor.py:186} INFO - Started process (PID=581) to work on /home/airflow/.local/lib/python3.12/site-packages/airflow/example_dags/example_latest_only_with_trigger.py
[2025-04-25T03:36:04.275+0000] {processor.py:914} INFO - Processing file /home/airflow/.local/lib/python3.12/site-packages/airflow/example_dags/example_latest_only_with_trigger.py for tasks to queue
[2025-04-25T03:36:04.298+0000] {logging_mixin.py:190} INFO - [2025-04-25T03:36:04.297+0000] {dagbag.py:588} INFO - Filling up the DagBag from /home/airflow/.local/lib/python3.12/site-packages/airflow/example_dags/example_latest_only_with_trigger.py
[2025-04-25T03:36:04.333+0000] {processor.py:925} INFO - DAG(s) 'latest_only_with_trigger' retrieved from /home/airflow/.local/lib/python3.12/site-packages/airflow/example_dags/example_latest_only_with_trigger.py
[2025-04-25T03:36:04.399+0000] {logging_mixin.py:190} INFO - [2025-04-25T03:36:04.398+0000] {dag.py:3239} INFO - Sync 1 DAGs
[2025-04-25T03:36:04.472+0000] {logging_mixin.py:190} INFO - [2025-04-25T03:36:04.472+0000] {dag.py:4180} INFO - Setting next_dagrun for latest_only_with_trigger to 2025-04-24 20:00:00+00:00, run_after=2025-04-25 00:00:00+00:00
[2025-04-25T03:36:04.530+0000] {processor.py:208} INFO - Processing /home/airflow/.local/lib/python3.12/site-packages/airflow/example_dags/example_latest_only_with_trigger.py took 0.270 seconds
[2025-04-25T03:36:47.433+0000] {processor.py:186} INFO - Started process (PID=645) to work on /home/airflow/.local/lib/python3.12/site-packages/airflow/example_dags/example_latest_only_with_trigger.py
[2025-04-25T03:36:47.462+0000] {processor.py:914} INFO - Processing file /home/airflow/.local/lib/python3.12/site-packages/airflow/example_dags/example_latest_only_with_trigger.py for tasks to queue
[2025-04-25T03:36:47.478+0000] {logging_mixin.py:190} INFO - [2025-04-25T03:36:47.467+0000] {dagbag.py:588} INFO - Filling up the DagBag from /home/airflow/.local/lib/python3.12/site-packages/airflow/example_dags/example_latest_only_with_trigger.py
[2025-04-25T03:36:47.569+0000] {processor.py:925} INFO - DAG(s) 'latest_only_with_trigger' retrieved from /home/airflow/.local/lib/python3.12/site-packages/airflow/example_dags/example_latest_only_with_trigger.py
[2025-04-25T03:36:47.703+0000] {logging_mixin.py:190} INFO - [2025-04-25T03:36:47.703+0000] {dag.py:3239} INFO - Sync 1 DAGs
[2025-04-25T03:36:47.918+0000] {logging_mixin.py:190} INFO - [2025-04-25T03:36:47.917+0000] {dag.py:4180} INFO - Setting next_dagrun for latest_only_with_trigger to 2025-04-24 20:00:00+00:00, run_after=2025-04-25 00:00:00+00:00
[2025-04-25T03:36:48.043+0000] {processor.py:208} INFO - Processing /home/airflow/.local/lib/python3.12/site-packages/airflow/example_dags/example_latest_only_with_trigger.py took 0.662 seconds
[2025-04-25T03:37:18.145+0000] {processor.py:186} INFO - Started process (PID=708) to work on /home/airflow/.local/lib/python3.12/site-packages/airflow/example_dags/example_latest_only_with_trigger.py
[2025-04-25T03:37:18.166+0000] {processor.py:914} INFO - Processing file /home/airflow/.local/lib/python3.12/site-packages/airflow/example_dags/example_latest_only_with_trigger.py for tasks to queue
[2025-04-25T03:37:18.171+0000] {logging_mixin.py:190} INFO - [2025-04-25T03:37:18.170+0000] {dagbag.py:588} INFO - Filling up the DagBag from /home/airflow/.local/lib/python3.12/site-packages/airflow/example_dags/example_latest_only_with_trigger.py
[2025-04-25T03:37:18.193+0000] {processor.py:925} INFO - DAG(s) 'latest_only_with_trigger' retrieved from /home/airflow/.local/lib/python3.12/site-packages/airflow/example_dags/example_latest_only_with_trigger.py
[2025-04-25T03:37:18.268+0000] {logging_mixin.py:190} INFO - [2025-04-25T03:37:18.268+0000] {dag.py:3239} INFO - Sync 1 DAGs
[2025-04-25T03:37:18.340+0000] {logging_mixin.py:190} INFO - [2025-04-25T03:37:18.339+0000] {dag.py:4180} INFO - Setting next_dagrun for latest_only_with_trigger to 2025-04-24 20:00:00+00:00, run_after=2025-04-25 00:00:00+00:00
[2025-04-25T03:37:18.421+0000] {processor.py:208} INFO - Processing /home/airflow/.local/lib/python3.12/site-packages/airflow/example_dags/example_latest_only_with_trigger.py took 0.312 seconds
