[2025-04-25T03:32:05.280+0000] {processor.py:186} INFO - Started process (PID=100) to work on /home/airflow/.local/lib/python3.12/site-packages/airflow/example_dags/example_python_decorator.py
[2025-04-25T03:32:05.286+0000] {processor.py:914} INFO - Processing file /home/airflow/.local/lib/python3.12/site-packages/airflow/example_dags/example_python_decorator.py for tasks to queue
[2025-04-25T03:32:05.290+0000] {logging_mixin.py:190} INFO - [2025-04-25T03:32:05.289+0000] {dagbag.py:588} INFO - Filling up the DagBag from /home/airflow/.local/lib/python3.12/site-packages/airflow/example_dags/example_python_decorator.py
[2025-04-25T03:32:05.328+0000] {processor.py:925} INFO - DAG(s) 'example_python_decorator' retrieved from /home/airflow/.local/lib/python3.12/site-packages/airflow/example_dags/example_python_decorator.py
[2025-04-25T03:32:05.679+0000] {logging_mixin.py:190} INFO - [2025-04-25T03:32:05.679+0000] {dag.py:3239} INFO - Sync 1 DAGs
[2025-04-25T03:32:05.723+0000] {logging_mixin.py:190} INFO - [2025-04-25T03:32:05.721+0000] {dag.py:4180} INFO - Setting next_dagrun for example_python_decorator to None, run_after=None
[2025-04-25T03:32:05.777+0000] {processor.py:208} INFO - Processing /home/airflow/.local/lib/python3.12/site-packages/airflow/example_dags/example_python_decorator.py took 0.514 seconds
[2025-04-25T03:32:37.450+0000] {processor.py:186} INFO - Started process (PID=163) to work on /home/airflow/.local/lib/python3.12/site-packages/airflow/example_dags/example_python_decorator.py
[2025-04-25T03:32:37.452+0000] {processor.py:914} INFO - Processing file /home/airflow/.local/lib/python3.12/site-packages/airflow/example_dags/example_python_decorator.py for tasks to queue
[2025-04-25T03:32:37.458+0000] {logging_mixin.py:190} INFO - [2025-04-25T03:32:37.458+0000] {dagbag.py:588} INFO - Filling up the DagBag from /home/airflow/.local/lib/python3.12/site-packages/airflow/example_dags/example_python_decorator.py
[2025-04-25T03:32:37.496+0000] {processor.py:925} INFO - DAG(s) 'example_python_decorator' retrieved from /home/airflow/.local/lib/python3.12/site-packages/airflow/example_dags/example_python_decorator.py
[2025-04-25T03:32:37.550+0000] {logging_mixin.py:190} INFO - [2025-04-25T03:32:37.549+0000] {dag.py:3239} INFO - Sync 1 DAGs
[2025-04-25T03:32:37.614+0000] {logging_mixin.py:190} INFO - [2025-04-25T03:32:37.603+0000] {dag.py:4180} INFO - Setting next_dagrun for example_python_decorator to None, run_after=None
[2025-04-25T03:32:37.698+0000] {processor.py:208} INFO - Processing /home/airflow/.local/lib/python3.12/site-packages/airflow/example_dags/example_python_decorator.py took 0.264 seconds
[2025-04-25T03:33:07.813+0000] {processor.py:186} INFO - Started process (PID=225) to work on /home/airflow/.local/lib/python3.12/site-packages/airflow/example_dags/example_python_decorator.py
[2025-04-25T03:33:07.814+0000] {processor.py:914} INFO - Processing file /home/airflow/.local/lib/python3.12/site-packages/airflow/example_dags/example_python_decorator.py for tasks to queue
[2025-04-25T03:33:07.816+0000] {logging_mixin.py:190} INFO - [2025-04-25T03:33:07.816+0000] {dagbag.py:588} INFO - Filling up the DagBag from /home/airflow/.local/lib/python3.12/site-packages/airflow/example_dags/example_python_decorator.py
[2025-04-25T03:33:07.832+0000] {processor.py:925} INFO - DAG(s) 'example_python_decorator' retrieved from /home/airflow/.local/lib/python3.12/site-packages/airflow/example_dags/example_python_decorator.py
[2025-04-25T03:33:07.872+0000] {logging_mixin.py:190} INFO - [2025-04-25T03:33:07.872+0000] {dag.py:3239} INFO - Sync 1 DAGs
[2025-04-25T03:33:07.897+0000] {logging_mixin.py:190} INFO - [2025-04-25T03:33:07.896+0000] {dag.py:4180} INFO - Setting next_dagrun for example_python_decorator to None, run_after=None
[2025-04-25T03:33:07.930+0000] {processor.py:208} INFO - Processing /home/airflow/.local/lib/python3.12/site-packages/airflow/example_dags/example_python_decorator.py took 0.123 seconds
[2025-04-25T03:33:38.447+0000] {processor.py:186} INFO - Started process (PID=288) to work on /home/airflow/.local/lib/python3.12/site-packages/airflow/example_dags/example_python_decorator.py
[2025-04-25T03:33:38.448+0000] {processor.py:914} INFO - Processing file /home/airflow/.local/lib/python3.12/site-packages/airflow/example_dags/example_python_decorator.py for tasks to queue
[2025-04-25T03:33:38.451+0000] {logging_mixin.py:190} INFO - [2025-04-25T03:33:38.450+0000] {dagbag.py:588} INFO - Filling up the DagBag from /home/airflow/.local/lib/python3.12/site-packages/airflow/example_dags/example_python_decorator.py
[2025-04-25T03:33:38.469+0000] {processor.py:925} INFO - DAG(s) 'example_python_decorator' retrieved from /home/airflow/.local/lib/python3.12/site-packages/airflow/example_dags/example_python_decorator.py
[2025-04-25T03:33:38.495+0000] {logging_mixin.py:190} INFO - [2025-04-25T03:33:38.495+0000] {dag.py:3239} INFO - Sync 1 DAGs
[2025-04-25T03:33:38.516+0000] {logging_mixin.py:190} INFO - [2025-04-25T03:33:38.516+0000] {dag.py:4180} INFO - Setting next_dagrun for example_python_decorator to None, run_after=None
[2025-04-25T03:33:38.542+0000] {processor.py:208} INFO - Processing /home/airflow/.local/lib/python3.12/site-packages/airflow/example_dags/example_python_decorator.py took 0.101 seconds
[2025-04-25T03:34:09.239+0000] {processor.py:186} INFO - Started process (PID=350) to work on /home/airflow/.local/lib/python3.12/site-packages/airflow/example_dags/example_python_decorator.py
[2025-04-25T03:34:09.241+0000] {processor.py:914} INFO - Processing file /home/airflow/.local/lib/python3.12/site-packages/airflow/example_dags/example_python_decorator.py for tasks to queue
[2025-04-25T03:34:09.243+0000] {logging_mixin.py:190} INFO - [2025-04-25T03:34:09.243+0000] {dagbag.py:588} INFO - Filling up the DagBag from /home/airflow/.local/lib/python3.12/site-packages/airflow/example_dags/example_python_decorator.py
[2025-04-25T03:34:09.263+0000] {processor.py:925} INFO - DAG(s) 'example_python_decorator' retrieved from /home/airflow/.local/lib/python3.12/site-packages/airflow/example_dags/example_python_decorator.py
[2025-04-25T03:34:09.294+0000] {logging_mixin.py:190} INFO - [2025-04-25T03:34:09.294+0000] {dag.py:3239} INFO - Sync 1 DAGs
[2025-04-25T03:34:09.315+0000] {logging_mixin.py:190} INFO - [2025-04-25T03:34:09.315+0000] {dag.py:4180} INFO - Setting next_dagrun for example_python_decorator to None, run_after=None
[2025-04-25T03:34:09.340+0000] {processor.py:208} INFO - Processing /home/airflow/.local/lib/python3.12/site-packages/airflow/example_dags/example_python_decorator.py took 0.108 seconds
[2025-04-25T03:34:44.173+0000] {processor.py:186} INFO - Started process (PID=413) to work on /home/airflow/.local/lib/python3.12/site-packages/airflow/example_dags/example_python_decorator.py
[2025-04-25T03:34:44.177+0000] {processor.py:914} INFO - Processing file /home/airflow/.local/lib/python3.12/site-packages/airflow/example_dags/example_python_decorator.py for tasks to queue
[2025-04-25T03:34:44.182+0000] {logging_mixin.py:190} INFO - [2025-04-25T03:34:44.181+0000] {dagbag.py:588} INFO - Filling up the DagBag from /home/airflow/.local/lib/python3.12/site-packages/airflow/example_dags/example_python_decorator.py
[2025-04-25T03:34:44.231+0000] {processor.py:925} INFO - DAG(s) 'example_python_decorator' retrieved from /home/airflow/.local/lib/python3.12/site-packages/airflow/example_dags/example_python_decorator.py
[2025-04-25T03:34:44.297+0000] {logging_mixin.py:190} INFO - [2025-04-25T03:34:44.295+0000] {dag.py:3239} INFO - Sync 1 DAGs
[2025-04-25T03:34:44.338+0000] {logging_mixin.py:190} INFO - [2025-04-25T03:34:44.338+0000] {dag.py:4180} INFO - Setting next_dagrun for example_python_decorator to None, run_after=None
[2025-04-25T03:34:44.393+0000] {processor.py:208} INFO - Processing /home/airflow/.local/lib/python3.12/site-packages/airflow/example_dags/example_python_decorator.py took 0.232 seconds
[2025-04-25T03:35:17.875+0000] {processor.py:186} INFO - Started process (PID=475) to work on /home/airflow/.local/lib/python3.12/site-packages/airflow/example_dags/example_python_decorator.py
[2025-04-25T03:35:17.882+0000] {processor.py:914} INFO - Processing file /home/airflow/.local/lib/python3.12/site-packages/airflow/example_dags/example_python_decorator.py for tasks to queue
[2025-04-25T03:35:17.898+0000] {logging_mixin.py:190} INFO - [2025-04-25T03:35:17.897+0000] {dagbag.py:588} INFO - Filling up the DagBag from /home/airflow/.local/lib/python3.12/site-packages/airflow/example_dags/example_python_decorator.py
[2025-04-25T03:35:17.942+0000] {processor.py:925} INFO - DAG(s) 'example_python_decorator' retrieved from /home/airflow/.local/lib/python3.12/site-packages/airflow/example_dags/example_python_decorator.py
[2025-04-25T03:35:17.998+0000] {logging_mixin.py:190} INFO - [2025-04-25T03:35:17.997+0000] {dag.py:3239} INFO - Sync 1 DAGs
[2025-04-25T03:35:18.037+0000] {logging_mixin.py:190} INFO - [2025-04-25T03:35:18.037+0000] {dag.py:4180} INFO - Setting next_dagrun for example_python_decorator to None, run_after=None
[2025-04-25T03:35:18.238+0000] {processor.py:208} INFO - Processing /home/airflow/.local/lib/python3.12/site-packages/airflow/example_dags/example_python_decorator.py took 0.379 seconds
[2025-04-25T03:35:49.335+0000] {processor.py:186} INFO - Started process (PID=538) to work on /home/airflow/.local/lib/python3.12/site-packages/airflow/example_dags/example_python_decorator.py
[2025-04-25T03:35:49.337+0000] {processor.py:914} INFO - Processing file /home/airflow/.local/lib/python3.12/site-packages/airflow/example_dags/example_python_decorator.py for tasks to queue
[2025-04-25T03:35:49.341+0000] {logging_mixin.py:190} INFO - [2025-04-25T03:35:49.341+0000] {dagbag.py:588} INFO - Filling up the DagBag from /home/airflow/.local/lib/python3.12/site-packages/airflow/example_dags/example_python_decorator.py
[2025-04-25T03:35:49.372+0000] {processor.py:925} INFO - DAG(s) 'example_python_decorator' retrieved from /home/airflow/.local/lib/python3.12/site-packages/airflow/example_dags/example_python_decorator.py
[2025-04-25T03:35:49.460+0000] {logging_mixin.py:190} INFO - [2025-04-25T03:35:49.459+0000] {dag.py:3239} INFO - Sync 1 DAGs
[2025-04-25T03:35:49.501+0000] {logging_mixin.py:190} INFO - [2025-04-25T03:35:49.501+0000] {dag.py:4180} INFO - Setting next_dagrun for example_python_decorator to None, run_after=None
[2025-04-25T03:35:49.611+0000] {processor.py:208} INFO - Processing /home/airflow/.local/lib/python3.12/site-packages/airflow/example_dags/example_python_decorator.py took 0.288 seconds
[2025-04-25T03:36:22.168+0000] {processor.py:186} INFO - Started process (PID=601) to work on /home/airflow/.local/lib/python3.12/site-packages/airflow/example_dags/example_python_decorator.py
[2025-04-25T03:36:22.304+0000] {processor.py:914} INFO - Processing file /home/airflow/.local/lib/python3.12/site-packages/airflow/example_dags/example_python_decorator.py for tasks to queue
[2025-04-25T03:36:22.338+0000] {logging_mixin.py:190} INFO - [2025-04-25T03:36:22.337+0000] {dagbag.py:588} INFO - Filling up the DagBag from /home/airflow/.local/lib/python3.12/site-packages/airflow/example_dags/example_python_decorator.py
[2025-04-25T03:36:22.468+0000] {processor.py:925} INFO - DAG(s) 'example_python_decorator' retrieved from /home/airflow/.local/lib/python3.12/site-packages/airflow/example_dags/example_python_decorator.py
[2025-04-25T03:36:22.576+0000] {logging_mixin.py:190} INFO - [2025-04-25T03:36:22.575+0000] {dag.py:3239} INFO - Sync 1 DAGs
[2025-04-25T03:36:22.654+0000] {logging_mixin.py:190} INFO - [2025-04-25T03:36:22.653+0000] {dag.py:4180} INFO - Setting next_dagrun for example_python_decorator to None, run_after=None
[2025-04-25T03:36:22.721+0000] {processor.py:208} INFO - Processing /home/airflow/.local/lib/python3.12/site-packages/airflow/example_dags/example_python_decorator.py took 0.581 seconds
[2025-04-25T03:36:55.657+0000] {processor.py:186} INFO - Started process (PID=670) to work on /home/airflow/.local/lib/python3.12/site-packages/airflow/example_dags/example_python_decorator.py
[2025-04-25T03:36:55.659+0000] {processor.py:914} INFO - Processing file /home/airflow/.local/lib/python3.12/site-packages/airflow/example_dags/example_python_decorator.py for tasks to queue
[2025-04-25T03:36:55.671+0000] {logging_mixin.py:190} INFO - [2025-04-25T03:36:55.670+0000] {dagbag.py:588} INFO - Filling up the DagBag from /home/airflow/.local/lib/python3.12/site-packages/airflow/example_dags/example_python_decorator.py
[2025-04-25T03:36:55.728+0000] {processor.py:925} INFO - DAG(s) 'example_python_decorator' retrieved from /home/airflow/.local/lib/python3.12/site-packages/airflow/example_dags/example_python_decorator.py
[2025-04-25T03:36:55.781+0000] {logging_mixin.py:190} INFO - [2025-04-25T03:36:55.780+0000] {dag.py:3239} INFO - Sync 1 DAGs
[2025-04-25T03:36:55.819+0000] {logging_mixin.py:190} INFO - [2025-04-25T03:36:55.819+0000] {dag.py:4180} INFO - Setting next_dagrun for example_python_decorator to None, run_after=None
[2025-04-25T03:36:55.887+0000] {processor.py:208} INFO - Processing /home/airflow/.local/lib/python3.12/site-packages/airflow/example_dags/example_python_decorator.py took 0.236 seconds
[2025-04-25T03:37:28.428+0000] {processor.py:186} INFO - Started process (PID=733) to work on /home/airflow/.local/lib/python3.12/site-packages/airflow/example_dags/example_python_decorator.py
[2025-04-25T03:37:28.429+0000] {processor.py:914} INFO - Processing file /home/airflow/.local/lib/python3.12/site-packages/airflow/example_dags/example_python_decorator.py for tasks to queue
[2025-04-25T03:37:28.432+0000] {logging_mixin.py:190} INFO - [2025-04-25T03:37:28.432+0000] {dagbag.py:588} INFO - Filling up the DagBag from /home/airflow/.local/lib/python3.12/site-packages/airflow/example_dags/example_python_decorator.py
[2025-04-25T03:37:28.451+0000] {processor.py:925} INFO - DAG(s) 'example_python_decorator' retrieved from /home/airflow/.local/lib/python3.12/site-packages/airflow/example_dags/example_python_decorator.py
[2025-04-25T03:37:28.488+0000] {logging_mixin.py:190} INFO - [2025-04-25T03:37:28.488+0000] {dag.py:3239} INFO - Sync 1 DAGs
[2025-04-25T03:37:28.513+0000] {logging_mixin.py:190} INFO - [2025-04-25T03:37:28.512+0000] {dag.py:4180} INFO - Setting next_dagrun for example_python_decorator to None, run_after=None
[2025-04-25T03:37:28.545+0000] {processor.py:208} INFO - Processing /home/airflow/.local/lib/python3.12/site-packages/airflow/example_dags/example_python_decorator.py took 0.125 seconds
