[2025-04-25T03:32:05.083+0000] {processor.py:186} INFO - Started process (PID=99) to work on /home/airflow/.local/lib/python3.12/site-packages/airflow/example_dags/tutorial_objectstorage.py
[2025-04-25T03:32:05.097+0000] {processor.py:914} INFO - Processing file /home/airflow/.local/lib/python3.12/site-packages/airflow/example_dags/tutorial_objectstorage.py for tasks to queue
[2025-04-25T03:32:05.101+0000] {logging_mixin.py:190} INFO - [2025-04-25T03:32:05.100+0000] {dagbag.py:588} INFO - Filling up the DagBag from /home/airflow/.local/lib/python3.12/site-packages/airflow/example_dags/tutorial_objectstorage.py
[2025-04-25T03:32:05.119+0000] {processor.py:925} INFO - DAG(s) 'tutorial_objectstorage' retrieved from /home/airflow/.local/lib/python3.12/site-packages/airflow/example_dags/tutorial_objectstorage.py
[2025-04-25T03:32:05.169+0000] {logging_mixin.py:190} INFO - [2025-04-25T03:32:05.168+0000] {dag.py:3239} INFO - Sync 1 DAGs
[2025-04-25T03:32:05.219+0000] {logging_mixin.py:190} INFO - [2025-04-25T03:32:05.219+0000] {dag.py:4180} INFO - Setting next_dagrun for tutorial_objectstorage to None, run_after=None
[2025-04-25T03:32:05.272+0000] {processor.py:208} INFO - Processing /home/airflow/.local/lib/python3.12/site-packages/airflow/example_dags/tutorial_objectstorage.py took 0.210 seconds
[2025-04-25T03:32:37.126+0000] {processor.py:186} INFO - Started process (PID=162) to work on /home/airflow/.local/lib/python3.12/site-packages/airflow/example_dags/tutorial_objectstorage.py
[2025-04-25T03:32:37.128+0000] {processor.py:914} INFO - Processing file /home/airflow/.local/lib/python3.12/site-packages/airflow/example_dags/tutorial_objectstorage.py for tasks to queue
[2025-04-25T03:32:37.132+0000] {logging_mixin.py:190} INFO - [2025-04-25T03:32:37.131+0000] {dagbag.py:588} INFO - Filling up the DagBag from /home/airflow/.local/lib/python3.12/site-packages/airflow/example_dags/tutorial_objectstorage.py
[2025-04-25T03:32:37.151+0000] {processor.py:925} INFO - DAG(s) 'tutorial_objectstorage' retrieved from /home/airflow/.local/lib/python3.12/site-packages/airflow/example_dags/tutorial_objectstorage.py
[2025-04-25T03:32:37.202+0000] {logging_mixin.py:190} INFO - [2025-04-25T03:32:37.200+0000] {dag.py:3239} INFO - Sync 1 DAGs
[2025-04-25T03:32:37.252+0000] {logging_mixin.py:190} INFO - [2025-04-25T03:32:37.251+0000] {dag.py:4180} INFO - Setting next_dagrun for tutorial_objectstorage to None, run_after=None
[2025-04-25T03:32:37.348+0000] {processor.py:208} INFO - Processing /home/airflow/.local/lib/python3.12/site-packages/airflow/example_dags/tutorial_objectstorage.py took 0.233 seconds
[2025-04-25T03:33:07.684+0000] {processor.py:186} INFO - Started process (PID=224) to work on /home/airflow/.local/lib/python3.12/site-packages/airflow/example_dags/tutorial_objectstorage.py
[2025-04-25T03:33:07.685+0000] {processor.py:914} INFO - Processing file /home/airflow/.local/lib/python3.12/site-packages/airflow/example_dags/tutorial_objectstorage.py for tasks to queue
[2025-04-25T03:33:07.687+0000] {logging_mixin.py:190} INFO - [2025-04-25T03:33:07.687+0000] {dagbag.py:588} INFO - Filling up the DagBag from /home/airflow/.local/lib/python3.12/site-packages/airflow/example_dags/tutorial_objectstorage.py
[2025-04-25T03:33:07.696+0000] {processor.py:925} INFO - DAG(s) 'tutorial_objectstorage' retrieved from /home/airflow/.local/lib/python3.12/site-packages/airflow/example_dags/tutorial_objectstorage.py
[2025-04-25T03:33:07.720+0000] {logging_mixin.py:190} INFO - [2025-04-25T03:33:07.720+0000] {dag.py:3239} INFO - Sync 1 DAGs
[2025-04-25T03:33:07.740+0000] {logging_mixin.py:190} INFO - [2025-04-25T03:33:07.740+0000] {dag.py:4180} INFO - Setting next_dagrun for tutorial_objectstorage to None, run_after=None
[2025-04-25T03:33:07.765+0000] {processor.py:208} INFO - Processing /home/airflow/.local/lib/python3.12/site-packages/airflow/example_dags/tutorial_objectstorage.py took 0.090 seconds
[2025-04-25T03:33:38.312+0000] {processor.py:186} INFO - Started process (PID=287) to work on /home/airflow/.local/lib/python3.12/site-packages/airflow/example_dags/tutorial_objectstorage.py
[2025-04-25T03:33:38.314+0000] {processor.py:914} INFO - Processing file /home/airflow/.local/lib/python3.12/site-packages/airflow/example_dags/tutorial_objectstorage.py for tasks to queue
[2025-04-25T03:33:38.317+0000] {logging_mixin.py:190} INFO - [2025-04-25T03:33:38.316+0000] {dagbag.py:588} INFO - Filling up the DagBag from /home/airflow/.local/lib/python3.12/site-packages/airflow/example_dags/tutorial_objectstorage.py
[2025-04-25T03:33:38.328+0000] {processor.py:925} INFO - DAG(s) 'tutorial_objectstorage' retrieved from /home/airflow/.local/lib/python3.12/site-packages/airflow/example_dags/tutorial_objectstorage.py
[2025-04-25T03:33:38.351+0000] {logging_mixin.py:190} INFO - [2025-04-25T03:33:38.351+0000] {dag.py:3239} INFO - Sync 1 DAGs
[2025-04-25T03:33:38.370+0000] {logging_mixin.py:190} INFO - [2025-04-25T03:33:38.370+0000] {dag.py:4180} INFO - Setting next_dagrun for tutorial_objectstorage to None, run_after=None
[2025-04-25T03:33:38.395+0000] {processor.py:208} INFO - Processing /home/airflow/.local/lib/python3.12/site-packages/airflow/example_dags/tutorial_objectstorage.py took 0.089 seconds
[2025-04-25T03:34:09.080+0000] {processor.py:186} INFO - Started process (PID=349) to work on /home/airflow/.local/lib/python3.12/site-packages/airflow/example_dags/tutorial_objectstorage.py
[2025-04-25T03:34:09.081+0000] {processor.py:914} INFO - Processing file /home/airflow/.local/lib/python3.12/site-packages/airflow/example_dags/tutorial_objectstorage.py for tasks to queue
[2025-04-25T03:34:09.083+0000] {logging_mixin.py:190} INFO - [2025-04-25T03:34:09.083+0000] {dagbag.py:588} INFO - Filling up the DagBag from /home/airflow/.local/lib/python3.12/site-packages/airflow/example_dags/tutorial_objectstorage.py
[2025-04-25T03:34:09.095+0000] {processor.py:925} INFO - DAG(s) 'tutorial_objectstorage' retrieved from /home/airflow/.local/lib/python3.12/site-packages/airflow/example_dags/tutorial_objectstorage.py
[2025-04-25T03:34:09.120+0000] {logging_mixin.py:190} INFO - [2025-04-25T03:34:09.120+0000] {dag.py:3239} INFO - Sync 1 DAGs
[2025-04-25T03:34:09.143+0000] {logging_mixin.py:190} INFO - [2025-04-25T03:34:09.143+0000] {dag.py:4180} INFO - Setting next_dagrun for tutorial_objectstorage to None, run_after=None
[2025-04-25T03:34:09.181+0000] {processor.py:208} INFO - Processing /home/airflow/.local/lib/python3.12/site-packages/airflow/example_dags/tutorial_objectstorage.py took 0.108 seconds
[2025-04-25T03:34:43.926+0000] {processor.py:186} INFO - Started process (PID=412) to work on /home/airflow/.local/lib/python3.12/site-packages/airflow/example_dags/tutorial_objectstorage.py
[2025-04-25T03:34:43.939+0000] {processor.py:914} INFO - Processing file /home/airflow/.local/lib/python3.12/site-packages/airflow/example_dags/tutorial_objectstorage.py for tasks to queue
[2025-04-25T03:34:43.944+0000] {logging_mixin.py:190} INFO - [2025-04-25T03:34:43.943+0000] {dagbag.py:588} INFO - Filling up the DagBag from /home/airflow/.local/lib/python3.12/site-packages/airflow/example_dags/tutorial_objectstorage.py
[2025-04-25T03:34:43.978+0000] {processor.py:925} INFO - DAG(s) 'tutorial_objectstorage' retrieved from /home/airflow/.local/lib/python3.12/site-packages/airflow/example_dags/tutorial_objectstorage.py
[2025-04-25T03:34:44.039+0000] {logging_mixin.py:190} INFO - [2025-04-25T03:34:44.039+0000] {dag.py:3239} INFO - Sync 1 DAGs
[2025-04-25T03:34:44.092+0000] {logging_mixin.py:190} INFO - [2025-04-25T03:34:44.092+0000] {dag.py:4180} INFO - Setting next_dagrun for tutorial_objectstorage to None, run_after=None
[2025-04-25T03:34:44.171+0000] {processor.py:208} INFO - Processing /home/airflow/.local/lib/python3.12/site-packages/airflow/example_dags/tutorial_objectstorage.py took 0.265 seconds
[2025-04-25T03:35:17.531+0000] {processor.py:186} INFO - Started process (PID=474) to work on /home/airflow/.local/lib/python3.12/site-packages/airflow/example_dags/tutorial_objectstorage.py
[2025-04-25T03:35:17.539+0000] {processor.py:914} INFO - Processing file /home/airflow/.local/lib/python3.12/site-packages/airflow/example_dags/tutorial_objectstorage.py for tasks to queue
[2025-04-25T03:35:17.547+0000] {logging_mixin.py:190} INFO - [2025-04-25T03:35:17.546+0000] {dagbag.py:588} INFO - Filling up the DagBag from /home/airflow/.local/lib/python3.12/site-packages/airflow/example_dags/tutorial_objectstorage.py
[2025-04-25T03:35:17.577+0000] {processor.py:925} INFO - DAG(s) 'tutorial_objectstorage' retrieved from /home/airflow/.local/lib/python3.12/site-packages/airflow/example_dags/tutorial_objectstorage.py
[2025-04-25T03:35:17.628+0000] {logging_mixin.py:190} INFO - [2025-04-25T03:35:17.628+0000] {dag.py:3239} INFO - Sync 1 DAGs
[2025-04-25T03:35:17.725+0000] {logging_mixin.py:190} INFO - [2025-04-25T03:35:17.724+0000] {dag.py:4180} INFO - Setting next_dagrun for tutorial_objectstorage to None, run_after=None
[2025-04-25T03:35:17.832+0000] {processor.py:208} INFO - Processing /home/airflow/.local/lib/python3.12/site-packages/airflow/example_dags/tutorial_objectstorage.py took 0.327 seconds
[2025-04-25T03:35:48.758+0000] {processor.py:186} INFO - Started process (PID=537) to work on /home/airflow/.local/lib/python3.12/site-packages/airflow/example_dags/tutorial_objectstorage.py
[2025-04-25T03:35:48.768+0000] {processor.py:914} INFO - Processing file /home/airflow/.local/lib/python3.12/site-packages/airflow/example_dags/tutorial_objectstorage.py for tasks to queue
[2025-04-25T03:35:48.797+0000] {logging_mixin.py:190} INFO - [2025-04-25T03:35:48.791+0000] {dagbag.py:588} INFO - Filling up the DagBag from /home/airflow/.local/lib/python3.12/site-packages/airflow/example_dags/tutorial_objectstorage.py
[2025-04-25T03:35:48.828+0000] {processor.py:925} INFO - DAG(s) 'tutorial_objectstorage' retrieved from /home/airflow/.local/lib/python3.12/site-packages/airflow/example_dags/tutorial_objectstorage.py
[2025-04-25T03:35:48.978+0000] {logging_mixin.py:190} INFO - [2025-04-25T03:35:48.977+0000] {dag.py:3239} INFO - Sync 1 DAGs
[2025-04-25T03:35:49.084+0000] {logging_mixin.py:190} INFO - [2025-04-25T03:35:49.083+0000] {dag.py:4180} INFO - Setting next_dagrun for tutorial_objectstorage to None, run_after=None
[2025-04-25T03:35:49.161+0000] {processor.py:208} INFO - Processing /home/airflow/.local/lib/python3.12/site-packages/airflow/example_dags/tutorial_objectstorage.py took 0.416 seconds
[2025-04-25T03:36:21.910+0000] {processor.py:186} INFO - Started process (PID=600) to work on /home/airflow/.local/lib/python3.12/site-packages/airflow/example_dags/tutorial_objectstorage.py
[2025-04-25T03:36:21.917+0000] {processor.py:914} INFO - Processing file /home/airflow/.local/lib/python3.12/site-packages/airflow/example_dags/tutorial_objectstorage.py for tasks to queue
[2025-04-25T03:36:21.924+0000] {logging_mixin.py:190} INFO - [2025-04-25T03:36:21.924+0000] {dagbag.py:588} INFO - Filling up the DagBag from /home/airflow/.local/lib/python3.12/site-packages/airflow/example_dags/tutorial_objectstorage.py
[2025-04-25T03:36:21.958+0000] {processor.py:925} INFO - DAG(s) 'tutorial_objectstorage' retrieved from /home/airflow/.local/lib/python3.12/site-packages/airflow/example_dags/tutorial_objectstorage.py
[2025-04-25T03:36:22.060+0000] {logging_mixin.py:190} INFO - [2025-04-25T03:36:22.059+0000] {dag.py:3239} INFO - Sync 1 DAGs
[2025-04-25T03:36:22.156+0000] {logging_mixin.py:190} INFO - [2025-04-25T03:36:22.155+0000] {dag.py:4180} INFO - Setting next_dagrun for tutorial_objectstorage to None, run_after=None
[2025-04-25T03:36:22.418+0000] {processor.py:208} INFO - Processing /home/airflow/.local/lib/python3.12/site-packages/airflow/example_dags/tutorial_objectstorage.py took 0.560 seconds
[2025-04-25T03:36:55.298+0000] {processor.py:186} INFO - Started process (PID=669) to work on /home/airflow/.local/lib/python3.12/site-packages/airflow/example_dags/tutorial_objectstorage.py
[2025-04-25T03:36:55.299+0000] {processor.py:914} INFO - Processing file /home/airflow/.local/lib/python3.12/site-packages/airflow/example_dags/tutorial_objectstorage.py for tasks to queue
[2025-04-25T03:36:55.304+0000] {logging_mixin.py:190} INFO - [2025-04-25T03:36:55.303+0000] {dagbag.py:588} INFO - Filling up the DagBag from /home/airflow/.local/lib/python3.12/site-packages/airflow/example_dags/tutorial_objectstorage.py
[2025-04-25T03:36:55.346+0000] {processor.py:925} INFO - DAG(s) 'tutorial_objectstorage' retrieved from /home/airflow/.local/lib/python3.12/site-packages/airflow/example_dags/tutorial_objectstorage.py
[2025-04-25T03:36:55.400+0000] {logging_mixin.py:190} INFO - [2025-04-25T03:36:55.399+0000] {dag.py:3239} INFO - Sync 1 DAGs
[2025-04-25T03:36:55.463+0000] {logging_mixin.py:190} INFO - [2025-04-25T03:36:55.463+0000] {dag.py:4180} INFO - Setting next_dagrun for tutorial_objectstorage to None, run_after=None
[2025-04-25T03:36:55.545+0000] {processor.py:208} INFO - Processing /home/airflow/.local/lib/python3.12/site-packages/airflow/example_dags/tutorial_objectstorage.py took 0.281 seconds
[2025-04-25T03:37:28.307+0000] {processor.py:186} INFO - Started process (PID=732) to work on /home/airflow/.local/lib/python3.12/site-packages/airflow/example_dags/tutorial_objectstorage.py
[2025-04-25T03:37:28.309+0000] {processor.py:914} INFO - Processing file /home/airflow/.local/lib/python3.12/site-packages/airflow/example_dags/tutorial_objectstorage.py for tasks to queue
[2025-04-25T03:37:28.315+0000] {logging_mixin.py:190} INFO - [2025-04-25T03:37:28.314+0000] {dagbag.py:588} INFO - Filling up the DagBag from /home/airflow/.local/lib/python3.12/site-packages/airflow/example_dags/tutorial_objectstorage.py
[2025-04-25T03:37:28.331+0000] {processor.py:925} INFO - DAG(s) 'tutorial_objectstorage' retrieved from /home/airflow/.local/lib/python3.12/site-packages/airflow/example_dags/tutorial_objectstorage.py
[2025-04-25T03:37:28.369+0000] {logging_mixin.py:190} INFO - [2025-04-25T03:37:28.369+0000] {dag.py:3239} INFO - Sync 1 DAGs
[2025-04-25T03:37:28.406+0000] {logging_mixin.py:190} INFO - [2025-04-25T03:37:28.405+0000] {dag.py:4180} INFO - Setting next_dagrun for tutorial_objectstorage to None, run_after=None
[2025-04-25T03:37:28.440+0000] {processor.py:208} INFO - Processing /home/airflow/.local/lib/python3.12/site-packages/airflow/example_dags/tutorial_objectstorage.py took 0.141 seconds
