[2025-04-25T03:32:07.141+0000] {processor.py:186} INFO - Started process (PID=108) to work on /home/airflow/.local/lib/python3.12/site-packages/airflow/example_dags/tutorial.py
[2025-04-25T03:32:07.146+0000] {processor.py:914} INFO - Processing file /home/airflow/.local/lib/python3.12/site-packages/airflow/example_dags/tutorial.py for tasks to queue
[2025-04-25T03:32:07.151+0000] {logging_mixin.py:190} INFO - [2025-04-25T03:32:07.151+0000] {dagbag.py:588} INFO - Filling up the DagBag from /home/airflow/.local/lib/python3.12/site-packages/airflow/example_dags/tutorial.py
[2025-04-25T03:32:07.168+0000] {processor.py:925} INFO - DAG(s) 'tutorial' retrieved from /home/airflow/.local/lib/python3.12/site-packages/airflow/example_dags/tutorial.py
[2025-04-25T03:32:07.218+0000] {logging_mixin.py:190} INFO - [2025-04-25T03:32:07.217+0000] {dag.py:3239} INFO - Sync 1 DAGs
[2025-04-25T03:32:07.268+0000] {logging_mixin.py:190} INFO - [2025-04-25T03:32:07.268+0000] {dag.py:4180} INFO - Setting next_dagrun for tutorial to 2025-04-24 00:00:00+00:00, run_after=2025-04-25 00:00:00+00:00
[2025-04-25T03:32:07.300+0000] {processor.py:208} INFO - Processing /home/airflow/.local/lib/python3.12/site-packages/airflow/example_dags/tutorial.py took 0.169 seconds
[2025-04-25T03:32:39.184+0000] {processor.py:186} INFO - Started process (PID=171) to work on /home/airflow/.local/lib/python3.12/site-packages/airflow/example_dags/tutorial.py
[2025-04-25T03:32:39.187+0000] {processor.py:914} INFO - Processing file /home/airflow/.local/lib/python3.12/site-packages/airflow/example_dags/tutorial.py for tasks to queue
[2025-04-25T03:32:39.207+0000] {logging_mixin.py:190} INFO - [2025-04-25T03:32:39.204+0000] {dagbag.py:588} INFO - Filling up the DagBag from /home/airflow/.local/lib/python3.12/site-packages/airflow/example_dags/tutorial.py
[2025-04-25T03:32:39.236+0000] {processor.py:925} INFO - DAG(s) 'tutorial' retrieved from /home/airflow/.local/lib/python3.12/site-packages/airflow/example_dags/tutorial.py
[2025-04-25T03:32:39.289+0000] {logging_mixin.py:190} INFO - [2025-04-25T03:32:39.289+0000] {dag.py:3239} INFO - Sync 1 DAGs
[2025-04-25T03:32:39.384+0000] {logging_mixin.py:190} INFO - [2025-04-25T03:32:39.384+0000] {dag.py:4180} INFO - Setting next_dagrun for tutorial to 2025-04-24 00:00:00+00:00, run_after=2025-04-25 00:00:00+00:00
[2025-04-25T03:32:39.535+0000] {processor.py:208} INFO - Processing /home/airflow/.local/lib/python3.12/site-packages/airflow/example_dags/tutorial.py took 0.364 seconds
[2025-04-25T03:33:10.196+0000] {processor.py:186} INFO - Started process (PID=234) to work on /home/airflow/.local/lib/python3.12/site-packages/airflow/example_dags/tutorial.py
[2025-04-25T03:33:10.197+0000] {processor.py:914} INFO - Processing file /home/airflow/.local/lib/python3.12/site-packages/airflow/example_dags/tutorial.py for tasks to queue
[2025-04-25T03:33:10.200+0000] {logging_mixin.py:190} INFO - [2025-04-25T03:33:10.199+0000] {dagbag.py:588} INFO - Filling up the DagBag from /home/airflow/.local/lib/python3.12/site-packages/airflow/example_dags/tutorial.py
[2025-04-25T03:33:10.212+0000] {processor.py:925} INFO - DAG(s) 'tutorial' retrieved from /home/airflow/.local/lib/python3.12/site-packages/airflow/example_dags/tutorial.py
[2025-04-25T03:33:10.236+0000] {logging_mixin.py:190} INFO - [2025-04-25T03:33:10.235+0000] {dag.py:3239} INFO - Sync 1 DAGs
[2025-04-25T03:33:10.269+0000] {logging_mixin.py:190} INFO - [2025-04-25T03:33:10.268+0000] {dag.py:4180} INFO - Setting next_dagrun for tutorial to 2025-04-24 00:00:00+00:00, run_after=2025-04-25 00:00:00+00:00
[2025-04-25T03:33:10.296+0000] {processor.py:208} INFO - Processing /home/airflow/.local/lib/python3.12/site-packages/airflow/example_dags/tutorial.py took 0.107 seconds
[2025-04-25T03:33:40.653+0000] {processor.py:186} INFO - Started process (PID=297) to work on /home/airflow/.local/lib/python3.12/site-packages/airflow/example_dags/tutorial.py
[2025-04-25T03:33:40.655+0000] {processor.py:914} INFO - Processing file /home/airflow/.local/lib/python3.12/site-packages/airflow/example_dags/tutorial.py for tasks to queue
[2025-04-25T03:33:40.657+0000] {logging_mixin.py:190} INFO - [2025-04-25T03:33:40.657+0000] {dagbag.py:588} INFO - Filling up the DagBag from /home/airflow/.local/lib/python3.12/site-packages/airflow/example_dags/tutorial.py
[2025-04-25T03:33:40.666+0000] {processor.py:925} INFO - DAG(s) 'tutorial' retrieved from /home/airflow/.local/lib/python3.12/site-packages/airflow/example_dags/tutorial.py
[2025-04-25T03:33:40.690+0000] {logging_mixin.py:190} INFO - [2025-04-25T03:33:40.690+0000] {dag.py:3239} INFO - Sync 1 DAGs
[2025-04-25T03:33:40.721+0000] {logging_mixin.py:190} INFO - [2025-04-25T03:33:40.721+0000] {dag.py:4180} INFO - Setting next_dagrun for tutorial to 2025-04-24 00:00:00+00:00, run_after=2025-04-25 00:00:00+00:00
[2025-04-25T03:33:40.746+0000] {processor.py:208} INFO - Processing /home/airflow/.local/lib/python3.12/site-packages/airflow/example_dags/tutorial.py took 0.100 seconds
[2025-04-25T03:34:10.898+0000] {processor.py:186} INFO - Started process (PID=358) to work on /home/airflow/.local/lib/python3.12/site-packages/airflow/example_dags/tutorial.py
[2025-04-25T03:34:10.899+0000] {processor.py:914} INFO - Processing file /home/airflow/.local/lib/python3.12/site-packages/airflow/example_dags/tutorial.py for tasks to queue
[2025-04-25T03:34:10.901+0000] {logging_mixin.py:190} INFO - [2025-04-25T03:34:10.901+0000] {dagbag.py:588} INFO - Filling up the DagBag from /home/airflow/.local/lib/python3.12/site-packages/airflow/example_dags/tutorial.py
[2025-04-25T03:34:10.911+0000] {processor.py:925} INFO - DAG(s) 'tutorial' retrieved from /home/airflow/.local/lib/python3.12/site-packages/airflow/example_dags/tutorial.py
[2025-04-25T03:34:10.938+0000] {logging_mixin.py:190} INFO - [2025-04-25T03:34:10.937+0000] {dag.py:3239} INFO - Sync 1 DAGs
[2025-04-25T03:34:10.976+0000] {logging_mixin.py:190} INFO - [2025-04-25T03:34:10.976+0000] {dag.py:4180} INFO - Setting next_dagrun for tutorial to 2025-04-24 00:00:00+00:00, run_after=2025-04-25 00:00:00+00:00
[2025-04-25T03:34:11.011+0000] {processor.py:208} INFO - Processing /home/airflow/.local/lib/python3.12/site-packages/airflow/example_dags/tutorial.py took 0.119 seconds
[2025-04-25T03:34:46.883+0000] {processor.py:186} INFO - Started process (PID=422) to work on /home/airflow/.local/lib/python3.12/site-packages/airflow/example_dags/tutorial.py
[2025-04-25T03:34:46.885+0000] {processor.py:914} INFO - Processing file /home/airflow/.local/lib/python3.12/site-packages/airflow/example_dags/tutorial.py for tasks to queue
[2025-04-25T03:34:46.890+0000] {logging_mixin.py:190} INFO - [2025-04-25T03:34:46.889+0000] {dagbag.py:588} INFO - Filling up the DagBag from /home/airflow/.local/lib/python3.12/site-packages/airflow/example_dags/tutorial.py
[2025-04-25T03:34:46.907+0000] {processor.py:925} INFO - DAG(s) 'tutorial' retrieved from /home/airflow/.local/lib/python3.12/site-packages/airflow/example_dags/tutorial.py
[2025-04-25T03:34:46.972+0000] {logging_mixin.py:190} INFO - [2025-04-25T03:34:46.971+0000] {dag.py:3239} INFO - Sync 1 DAGs
[2025-04-25T03:34:47.053+0000] {logging_mixin.py:190} INFO - [2025-04-25T03:34:47.052+0000] {dag.py:4180} INFO - Setting next_dagrun for tutorial to 2025-04-24 00:00:00+00:00, run_after=2025-04-25 00:00:00+00:00
[2025-04-25T03:34:47.144+0000] {processor.py:208} INFO - Processing /home/airflow/.local/lib/python3.12/site-packages/airflow/example_dags/tutorial.py took 0.272 seconds
[2025-04-25T03:35:19.874+0000] {processor.py:186} INFO - Started process (PID=484) to work on /home/airflow/.local/lib/python3.12/site-packages/airflow/example_dags/tutorial.py
[2025-04-25T03:35:19.876+0000] {processor.py:914} INFO - Processing file /home/airflow/.local/lib/python3.12/site-packages/airflow/example_dags/tutorial.py for tasks to queue
[2025-04-25T03:35:19.879+0000] {logging_mixin.py:190} INFO - [2025-04-25T03:35:19.879+0000] {dagbag.py:588} INFO - Filling up the DagBag from /home/airflow/.local/lib/python3.12/site-packages/airflow/example_dags/tutorial.py
[2025-04-25T03:35:19.909+0000] {processor.py:925} INFO - DAG(s) 'tutorial' retrieved from /home/airflow/.local/lib/python3.12/site-packages/airflow/example_dags/tutorial.py
[2025-04-25T03:35:19.972+0000] {logging_mixin.py:190} INFO - [2025-04-25T03:35:19.972+0000] {dag.py:3239} INFO - Sync 1 DAGs
[2025-04-25T03:35:20.060+0000] {logging_mixin.py:190} INFO - [2025-04-25T03:35:20.059+0000] {dag.py:4180} INFO - Setting next_dagrun for tutorial to 2025-04-24 00:00:00+00:00, run_after=2025-04-25 00:00:00+00:00
[2025-04-25T03:35:20.168+0000] {processor.py:208} INFO - Processing /home/airflow/.local/lib/python3.12/site-packages/airflow/example_dags/tutorial.py took 0.305 seconds
[2025-04-25T03:35:52.452+0000] {processor.py:186} INFO - Started process (PID=547) to work on /home/airflow/.local/lib/python3.12/site-packages/airflow/example_dags/tutorial.py
[2025-04-25T03:35:52.470+0000] {processor.py:914} INFO - Processing file /home/airflow/.local/lib/python3.12/site-packages/airflow/example_dags/tutorial.py for tasks to queue
[2025-04-25T03:35:52.474+0000] {logging_mixin.py:190} INFO - [2025-04-25T03:35:52.474+0000] {dagbag.py:588} INFO - Filling up the DagBag from /home/airflow/.local/lib/python3.12/site-packages/airflow/example_dags/tutorial.py
[2025-04-25T03:35:52.526+0000] {processor.py:925} INFO - DAG(s) 'tutorial' retrieved from /home/airflow/.local/lib/python3.12/site-packages/airflow/example_dags/tutorial.py
[2025-04-25T03:35:52.619+0000] {logging_mixin.py:190} INFO - [2025-04-25T03:35:52.618+0000] {dag.py:3239} INFO - Sync 1 DAGs
[2025-04-25T03:35:52.762+0000] {logging_mixin.py:190} INFO - [2025-04-25T03:35:52.761+0000] {dag.py:4180} INFO - Setting next_dagrun for tutorial to 2025-04-24 00:00:00+00:00, run_after=2025-04-25 00:00:00+00:00
[2025-04-25T03:35:52.866+0000] {processor.py:208} INFO - Processing /home/airflow/.local/lib/python3.12/site-packages/airflow/example_dags/tutorial.py took 0.453 seconds
[2025-04-25T03:36:26.569+0000] {processor.py:186} INFO - Started process (PID=616) to work on /home/airflow/.local/lib/python3.12/site-packages/airflow/example_dags/tutorial.py
[2025-04-25T03:36:26.577+0000] {processor.py:914} INFO - Processing file /home/airflow/.local/lib/python3.12/site-packages/airflow/example_dags/tutorial.py for tasks to queue
[2025-04-25T03:36:26.582+0000] {logging_mixin.py:190} INFO - [2025-04-25T03:36:26.582+0000] {dagbag.py:588} INFO - Filling up the DagBag from /home/airflow/.local/lib/python3.12/site-packages/airflow/example_dags/tutorial.py
[2025-04-25T03:36:26.618+0000] {processor.py:925} INFO - DAG(s) 'tutorial' retrieved from /home/airflow/.local/lib/python3.12/site-packages/airflow/example_dags/tutorial.py
[2025-04-25T03:36:26.966+0000] {logging_mixin.py:190} INFO - [2025-04-25T03:36:26.966+0000] {dag.py:3239} INFO - Sync 1 DAGs
[2025-04-25T03:36:27.329+0000] {logging_mixin.py:190} INFO - [2025-04-25T03:36:27.329+0000] {dag.py:4180} INFO - Setting next_dagrun for tutorial to 2025-04-24 00:00:00+00:00, run_after=2025-04-25 00:00:00+00:00
[2025-04-25T03:36:27.666+0000] {processor.py:208} INFO - Processing /home/airflow/.local/lib/python3.12/site-packages/airflow/example_dags/tutorial.py took 1.152 seconds
[2025-04-25T03:36:57.889+0000] {processor.py:186} INFO - Started process (PID=678) to work on /home/airflow/.local/lib/python3.12/site-packages/airflow/example_dags/tutorial.py
[2025-04-25T03:36:57.890+0000] {processor.py:914} INFO - Processing file /home/airflow/.local/lib/python3.12/site-packages/airflow/example_dags/tutorial.py for tasks to queue
[2025-04-25T03:36:57.894+0000] {logging_mixin.py:190} INFO - [2025-04-25T03:36:57.893+0000] {dagbag.py:588} INFO - Filling up the DagBag from /home/airflow/.local/lib/python3.12/site-packages/airflow/example_dags/tutorial.py
[2025-04-25T03:36:57.907+0000] {processor.py:925} INFO - DAG(s) 'tutorial' retrieved from /home/airflow/.local/lib/python3.12/site-packages/airflow/example_dags/tutorial.py
[2025-04-25T03:36:57.938+0000] {logging_mixin.py:190} INFO - [2025-04-25T03:36:57.938+0000] {dag.py:3239} INFO - Sync 1 DAGs
[2025-04-25T03:36:57.973+0000] {logging_mixin.py:190} INFO - [2025-04-25T03:36:57.972+0000] {dag.py:4180} INFO - Setting next_dagrun for tutorial to 2025-04-24 00:00:00+00:00, run_after=2025-04-25 00:00:00+00:00
[2025-04-25T03:36:58.007+0000] {processor.py:208} INFO - Processing /home/airflow/.local/lib/python3.12/site-packages/airflow/example_dags/tutorial.py took 0.129 seconds
[2025-04-25T03:37:29.233+0000] {processor.py:186} INFO - Started process (PID=741) to work on /home/airflow/.local/lib/python3.12/site-packages/airflow/example_dags/tutorial.py
[2025-04-25T03:37:29.234+0000] {processor.py:914} INFO - Processing file /home/airflow/.local/lib/python3.12/site-packages/airflow/example_dags/tutorial.py for tasks to queue
[2025-04-25T03:37:29.238+0000] {logging_mixin.py:190} INFO - [2025-04-25T03:37:29.237+0000] {dagbag.py:588} INFO - Filling up the DagBag from /home/airflow/.local/lib/python3.12/site-packages/airflow/example_dags/tutorial.py
[2025-04-25T03:37:29.250+0000] {processor.py:925} INFO - DAG(s) 'tutorial' retrieved from /home/airflow/.local/lib/python3.12/site-packages/airflow/example_dags/tutorial.py
[2025-04-25T03:37:29.289+0000] {logging_mixin.py:190} INFO - [2025-04-25T03:37:29.289+0000] {dag.py:3239} INFO - Sync 1 DAGs
[2025-04-25T03:37:29.325+0000] {logging_mixin.py:190} INFO - [2025-04-25T03:37:29.325+0000] {dag.py:4180} INFO - Setting next_dagrun for tutorial to 2025-04-24 00:00:00+00:00, run_after=2025-04-25 00:00:00+00:00
[2025-04-25T03:37:29.352+0000] {processor.py:208} INFO - Processing /home/airflow/.local/lib/python3.12/site-packages/airflow/example_dags/tutorial.py took 0.128 seconds
