[2025-05-25T04:07:59.115+0000] {local_task_job_runner.py:123} INFO - ::group::Pre task execution logs
[2025-05-25T04:08:01.377+0000] {taskinstance.py:2614} INFO - Dependencies all met for dep_context=non-requeueable deps ti=<TaskInstance: etl_csv_pipeline_v2.clean_data manual__2025-05-25T04:07:00.877135+00:00 [queued]>
[2025-05-25T04:08:01.428+0000] {taskinstance.py:2614} INFO - Dependencies all met for dep_context=requeueable deps ti=<TaskInstance: etl_csv_pipeline_v2.clean_data manual__2025-05-25T04:07:00.877135+00:00 [queued]>
[2025-05-25T04:08:01.469+0000] {taskinstance.py:2867} INFO - Starting attempt 1 of 1
[2025-05-25T04:08:01.589+0000] {taskinstance.py:2890} INFO - Executing <Task(PythonOperator): clean_data> on 2025-05-25 04:07:00.877135+00:00
[2025-05-25T04:08:01.648+0000] {warnings.py:112} WARNING - /home/***/.local/lib/python3.12/site-packages/***/task/task_runner/standard_task_runner.py:70: DeprecationWarning: This process (pid=488) is multi-threaded, use of fork() may lead to deadlocks in the child.
  pid = os.fork()

[2025-05-25T04:08:01.669+0000] {standard_task_runner.py:72} INFO - Started process 497 to run task
[2025-05-25T04:08:01.637+0000] {standard_task_runner.py:104} INFO - Running: ['***', 'tasks', 'run', 'etl_csv_pipeline_v2', 'clean_data', 'manual__2025-05-25T04:07:00.877135+00:00', '--job-id', '210', '--raw', '--subdir', 'DAGS_FOLDER/etl_pipeline.py', '--cfg-path', '/tmp/tmpi8fheyfv']
[2025-05-25T04:08:01.672+0000] {standard_task_runner.py:105} INFO - Job 210: Subtask clean_data
[2025-05-25T04:08:02.058+0000] {task_command.py:467} INFO - Running <TaskInstance: etl_csv_pipeline_v2.clean_data manual__2025-05-25T04:07:00.877135+00:00 [running]> on host a9ca17474c33
[2025-05-25T04:08:02.379+0000] {taskinstance.py:3134} INFO - Exporting env vars: AIRFLOW_CTX_DAG_OWNER='***' AIRFLOW_CTX_DAG_ID='etl_csv_pipeline_v2' AIRFLOW_CTX_TASK_ID='clean_data' AIRFLOW_CTX_EXECUTION_DATE='2025-05-25T04:07:00.877135+00:00' AIRFLOW_CTX_TRY_NUMBER='1' AIRFLOW_CTX_DAG_RUN_ID='manual__2025-05-25T04:07:00.877135+00:00'
[2025-05-25T04:08:02.397+0000] {logging_mixin.py:190} INFO - Task instance is in running state
[2025-05-25T04:08:02.406+0000] {logging_mixin.py:190} INFO -  Previous state of the Task instance: queued
[2025-05-25T04:08:02.418+0000] {logging_mixin.py:190} INFO - Current task name:clean_data state:running start_date:2025-05-25 04:08:01.380191+00:00
[2025-05-25T04:08:02.421+0000] {logging_mixin.py:190} INFO - Dag name:etl_csv_pipeline_v2 and current dag run status:running
[2025-05-25T04:08:02.424+0000] {taskinstance.py:732} INFO - ::endgroup::
[2025-05-25T04:08:02.524+0000] {clean_data.py:42} INFO - 📥 Leyendo archivo CSV: /tmp/superstore_raw.csv
[2025-05-25T04:08:03.057+0000] {clean_data.py:47} INFO - 🧼 Limpiando columna: Discount
[2025-05-25T04:08:03.147+0000] {parsers_without_negative.py:46} WARNING - ⚠️ Valor negativo detectado: -0.2 -> convertido a positivo
[2025-05-25T04:08:03.185+0000] {parsers_without_negative.py:46} WARNING - ⚠️ Valor negativo detectado: -0.2 -> convertido a positivo
[2025-05-25T04:08:03.258+0000] {parsers_without_negative.py:46} WARNING - ⚠️ Valor negativo detectado: -0.2 -> convertido a positivo
[2025-05-25T04:08:03.346+0000] {clean_data.py:60} INFO - 🧼 Limpiando columna: Quantity
[2025-05-25T04:08:03.380+0000] {parsers_quantity.py:42} WARNING - ⚠️ Valor negativo detectado: -6.0 -> convertido a positivo
[2025-05-25T04:08:03.399+0000] {parsers_quantity.py:45} WARNING - ⚠️ Valor decimal detectado: 3.5 -> truncado a entero
[2025-05-25T04:08:03.453+0000] {parsers_quantity.py:42} WARNING - ⚠️ Valor negativo detectado: -8.0 -> convertido a positivo
[2025-05-25T04:08:03.487+0000] {parsers_quantity.py:45} WARNING - ⚠️ Valor decimal detectado: 1.5 -> truncado a entero
[2025-05-25T04:08:03.505+0000] {parsers_quantity.py:45} WARNING - ⚠️ Valor decimal detectado: 6.5 -> truncado a entero
[2025-05-25T04:08:03.522+0000] {parsers_quantity.py:45} WARNING - ⚠️ Valor decimal detectado: 4.5 -> truncado a entero
[2025-05-25T04:08:03.540+0000] {parsers_quantity.py:45} WARNING - ⚠️ Valor decimal detectado: 1.5 -> truncado a entero
[2025-05-25T04:08:03.558+0000] {parsers_quantity.py:45} WARNING - ⚠️ Valor decimal detectado: 2.5 -> truncado a entero
[2025-05-25T04:08:03.576+0000] {parsers_quantity.py:45} WARNING - ⚠️ Valor decimal detectado: 2.5 -> truncado a entero
[2025-05-25T04:08:03.594+0000] {parsers_quantity.py:45} WARNING - ⚠️ Valor decimal detectado: 5.5 -> truncado a entero
[2025-05-25T04:08:03.615+0000] {parsers_quantity.py:42} WARNING - ⚠️ Valor negativo detectado: -3.0 -> convertido a positivo
[2025-05-25T04:08:03.630+0000] {parsers_quantity.py:45} WARNING - ⚠️ Valor decimal detectado: 2.5 -> truncado a entero
[2025-05-25T04:08:03.649+0000] {parsers_quantity.py:45} WARNING - ⚠️ Valor decimal detectado: 1.5 -> truncado a entero
[2025-05-25T04:08:03.685+0000] {parsers_quantity.py:45} WARNING - ⚠️ Valor decimal detectado: 1.5 -> truncado a entero
[2025-05-25T04:08:03.707+0000] {parsers_quantity.py:45} WARNING - ⚠️ Valor decimal detectado: 3.5 -> truncado a entero
[2025-05-25T04:08:03.722+0000] {parsers_quantity.py:45} WARNING - ⚠️ Valor decimal detectado: 1.5 -> truncado a entero
[2025-05-25T04:08:03.744+0000] {parsers_quantity.py:45} WARNING - ⚠️ Valor decimal detectado: 1.5 -> truncado a entero
[2025-05-25T04:08:03.762+0000] {parsers_quantity.py:45} WARNING - ⚠️ Valor decimal detectado: 6.5 -> truncado a entero
[2025-05-25T04:08:03.784+0000] {parsers_quantity.py:42} WARNING - ⚠️ Valor negativo detectado: -5.0 -> convertido a positivo
[2025-05-25T04:08:03.819+0000] {parsers_quantity.py:45} WARNING - ⚠️ Valor decimal detectado: 2.5 -> truncado a entero
[2025-05-25T04:08:03.837+0000] {parsers_quantity.py:45} WARNING - ⚠️ Valor decimal detectado: 9.5 -> truncado a entero
[2025-05-25T04:08:03.855+0000] {parsers_quantity.py:42} WARNING - ⚠️ Valor negativo detectado: -3.0 -> convertido a positivo
[2025-05-25T04:08:03.872+0000] {parsers_quantity.py:45} WARNING - ⚠️ Valor decimal detectado: 3.5 -> truncado a entero
[2025-05-25T04:08:03.894+0000] {parsers_quantity.py:45} WARNING - ⚠️ Valor decimal detectado: 1.5 -> truncado a entero
[2025-05-25T04:08:03.926+0000] {parsers_quantity.py:45} WARNING - ⚠️ Valor decimal detectado: 1.5 -> truncado a entero
[2025-05-25T04:08:03.944+0000] {parsers_quantity.py:45} WARNING - ⚠️ Valor decimal detectado: 5.5 -> truncado a entero
[2025-05-25T04:08:03.965+0000] {parsers_quantity.py:45} WARNING - ⚠️ Valor decimal detectado: 3.5 -> truncado a entero
[2025-05-25T04:08:04.037+0000] {parsers_quantity.py:42} WARNING - ⚠️ Valor negativo detectado: -2.0 -> convertido a positivo
[2025-05-25T04:08:04.071+0000] {parsers_quantity.py:42} WARNING - ⚠️ Valor negativo detectado: -6.0 -> convertido a positivo
[2025-05-25T04:08:04.132+0000] {clean_data.py:74} INFO - 🧼 Limpiando columna: Rating
[2025-05-25T04:08:04.388+0000] {raiting_parser.py:29} INFO - 🧽 Filas eliminadas por NaN o '|': 10
[2025-05-25T04:08:04.610+0000] {raiting_parser.py:52} INFO - ✅ 'Rating' limpio. Filas eliminadas por conversion fallida: 0
[2025-05-25T04:08:04.622+0000] {clean_data.py:87} INFO - 🧼 Limpiando columna: Sales
[2025-05-25T04:08:04.723+0000] {clean_data.py:87} INFO - 🧼 Limpiando columna: Profit
[2025-05-25T04:08:04.892+0000] {clean_data.py:97} INFO - 📅 Convirtiendo columnas de fecha: ['Order Date', 'Ship Date']
[2025-05-25T04:08:05.011+0000] {parse_date_columns.py:46} INFO - 📅 Columna 'Order Date' convertida exitosamente a datetime.
[2025-05-25T04:08:05.124+0000] {parse_date_columns.py:46} INFO - 📅 Columna 'Ship Date' convertida exitosamente a datetime.
[2025-05-25T04:08:05.127+0000] {cleaning_helpers.py:26} INFO - 🗑️ Eliminando columnas: ['Transaction']
[2025-05-25T04:08:05.154+0000] {clean_data.py:104} INFO - 📊 9984 filas procesadas en la limpieza
[2025-05-25T04:08:06.579+0000] {clean_data.py:106} INFO - ✅ Datos limpios guardados en /tmp/cleaned.csv
[2025-05-25T04:08:06.605+0000] {python.py:240} INFO - Done. Returned value was: /tmp/cleaned.csv
[2025-05-25T04:08:07.010+0000] {taskinstance.py:341} INFO - ::group::Post task execution logs
[2025-05-25T04:08:07.018+0000] {taskinstance.py:353} INFO - Marking task as SUCCESS. dag_id=etl_csv_pipeline_v2, task_id=clean_data, run_id=manual__2025-05-25T04:07:00.877135+00:00, execution_date=20250525T040700, start_date=20250525T040801, end_date=20250525T040807
[2025-05-25T04:08:07.621+0000] {logging_mixin.py:190} INFO - Task instance in success state
[2025-05-25T04:08:07.638+0000] {logging_mixin.py:190} INFO -  Previous state of the Task instance: running
[2025-05-25T04:08:07.662+0000] {logging_mixin.py:190} INFO - Dag name:etl_csv_pipeline_v2 queued_at:2025-05-25 04:07:01.282895+00:00
[2025-05-25T04:08:07.671+0000] {logging_mixin.py:190} INFO - Task hostname:a9ca17474c33 operator:PythonOperator
[2025-05-25T04:08:08.797+0000] {local_task_job_runner.py:266} INFO - Task exited with return code 0
[2025-05-25T04:08:09.041+0000] {standard_task_runner.py:217} INFO - Process not found (most likely exited), stop collecting metrics
[2025-05-25T04:08:09.087+0000] {taskinstance.py:3901} INFO - 1 downstream tasks scheduled from follow-on schedule check
[2025-05-25T04:08:09.133+0000] {local_task_job_runner.py:245} INFO - ::endgroup::
