[2025-05-19T23:08:57.443+0000] {local_task_job_runner.py:123} INFO - ::group::Pre task execution logs
[2025-05-19T23:08:57.477+0000] {taskinstance.py:2614} INFO - Dependencies all met for dep_context=non-requeueable deps ti=<TaskInstance: etl_csv_pipeline_v2.extract_csv manual__2025-05-19T23:08:47.561039+00:00 [queued]>
[2025-05-19T23:08:57.499+0000] {taskinstance.py:2614} INFO - Dependencies all met for dep_context=requeueable deps ti=<TaskInstance: etl_csv_pipeline_v2.extract_csv manual__2025-05-19T23:08:47.561039+00:00 [queued]>
[2025-05-19T23:08:57.510+0000] {taskinstance.py:2867} INFO - Starting attempt 1 of 1
[2025-05-19T23:08:57.578+0000] {taskinstance.py:2890} INFO - Executing <Task(PythonOperator): extract_csv> on 2025-05-19 23:08:47.561039+00:00
[2025-05-19T23:08:57.600+0000] {standard_task_runner.py:104} INFO - Running: ['***', 'tasks', 'run', 'etl_csv_pipeline_v2', 'extract_csv', 'manual__2025-05-19T23:08:47.561039+00:00', '--job-id', '191', '--raw', '--subdir', 'DAGS_FOLDER/etl_pipeline.py', '--cfg-path', '/tmp/tmpu6hc21t2']
[2025-05-19T23:08:57.596+0000] {warnings.py:112} WARNING - /home/***/.local/lib/python3.12/site-packages/***/task/task_runner/standard_task_runner.py:70: DeprecationWarning: This process (pid=81) is multi-threaded, use of fork() may lead to deadlocks in the child.
  pid = os.fork()

[2025-05-19T23:08:57.608+0000] {standard_task_runner.py:105} INFO - Job 191: Subtask extract_csv
[2025-05-19T23:08:57.609+0000] {standard_task_runner.py:72} INFO - Started process 83 to run task
[2025-05-19T23:08:57.984+0000] {task_command.py:467} INFO - Running <TaskInstance: etl_csv_pipeline_v2.extract_csv manual__2025-05-19T23:08:47.561039+00:00 [running]> on host 703c67887b61
[2025-05-19T23:08:58.733+0000] {taskinstance.py:3134} INFO - Exporting env vars: AIRFLOW_CTX_DAG_OWNER='***' AIRFLOW_CTX_DAG_ID='etl_csv_pipeline_v2' AIRFLOW_CTX_TASK_ID='extract_csv' AIRFLOW_CTX_EXECUTION_DATE='2025-05-19T23:08:47.561039+00:00' AIRFLOW_CTX_TRY_NUMBER='1' AIRFLOW_CTX_DAG_RUN_ID='manual__2025-05-19T23:08:47.561039+00:00'
[2025-05-19T23:08:58.735+0000] {logging_mixin.py:190} INFO - Task instance is in running state
[2025-05-19T23:08:58.743+0000] {logging_mixin.py:190} INFO -  Previous state of the Task instance: queued
[2025-05-19T23:08:58.746+0000] {logging_mixin.py:190} INFO - Current task name:extract_csv state:running start_date:2025-05-19 23:08:57.478743+00:00
[2025-05-19T23:08:58.747+0000] {logging_mixin.py:190} INFO - Dag name:etl_csv_pipeline_v2 and current dag run status:running
[2025-05-19T23:08:58.750+0000] {taskinstance.py:732} INFO - ::endgroup::
[2025-05-19T23:08:59.285+0000] {extract.py:24} INFO - ✅ Datos extraídos y guardados temporalmente en /tmp/superstore_raw.csv.
[2025-05-19T23:08:59.291+0000] {python.py:240} INFO - Done. Returned value was: /tmp/superstore_raw.csv
[2025-05-19T23:08:59.346+0000] {taskinstance.py:341} INFO - ::group::Post task execution logs
[2025-05-19T23:08:59.347+0000] {taskinstance.py:353} INFO - Marking task as SUCCESS. dag_id=etl_csv_pipeline_v2, task_id=extract_csv, run_id=manual__2025-05-19T23:08:47.561039+00:00, execution_date=20250519T230847, start_date=20250519T230857, end_date=20250519T230859
[2025-05-19T23:08:59.440+0000] {logging_mixin.py:190} INFO - Task instance in success state
[2025-05-19T23:08:59.441+0000] {logging_mixin.py:190} INFO -  Previous state of the Task instance: running
[2025-05-19T23:08:59.442+0000] {logging_mixin.py:190} INFO - Dag name:etl_csv_pipeline_v2 queued_at:2025-05-19 23:08:47.631233+00:00
[2025-05-19T23:08:59.443+0000] {logging_mixin.py:190} INFO - Task hostname:703c67887b61 operator:PythonOperator
[2025-05-19T23:08:59.526+0000] {local_task_job_runner.py:266} INFO - Task exited with return code 0
[2025-05-19T23:08:59.616+0000] {taskinstance.py:3901} INFO - 1 downstream tasks scheduled from follow-on schedule check
[2025-05-19T23:08:59.634+0000] {local_task_job_runner.py:245} INFO - ::endgroup::
