[2025-05-12T21:09:46.937+0000] {local_task_job_runner.py:123} INFO - ::group::Pre task execution logs
[2025-05-12T21:09:46.989+0000] {taskinstance.py:2614} INFO - Dependencies all met for dep_context=non-requeueable deps ti=<TaskInstance: etl_csv_pipeline_v2.extract_csv manual__2025-05-12T21:09:42.475464+00:00 [queued]>
[2025-05-12T21:09:47.006+0000] {taskinstance.py:2614} INFO - Dependencies all met for dep_context=requeueable deps ti=<TaskInstance: etl_csv_pipeline_v2.extract_csv manual__2025-05-12T21:09:42.475464+00:00 [queued]>
[2025-05-12T21:09:47.008+0000] {taskinstance.py:2867} INFO - Starting attempt 1 of 1
[2025-05-12T21:09:47.047+0000] {taskinstance.py:2890} INFO - Executing <Task(PythonOperator): extract_csv> on 2025-05-12 21:09:42.475464+00:00
[2025-05-12T21:09:47.066+0000] {warnings.py:112} WARNING - /home/***/.local/lib/python3.12/site-packages/***/task/task_runner/standard_task_runner.py:70: DeprecationWarning: This process (pid=386) is multi-threaded, use of fork() may lead to deadlocks in the child.
  pid = os.fork()

[2025-05-12T21:09:47.069+0000] {standard_task_runner.py:72} INFO - Started process 388 to run task
[2025-05-12T21:09:47.069+0000] {standard_task_runner.py:104} INFO - Running: ['***', 'tasks', 'run', 'etl_csv_pipeline_v2', 'extract_csv', 'manual__2025-05-12T21:09:42.475464+00:00', '--job-id', '127', '--raw', '--subdir', 'DAGS_FOLDER/etl_pipeline.py', '--cfg-path', '/tmp/tmp9f0ybmh1']
[2025-05-12T21:09:47.071+0000] {standard_task_runner.py:105} INFO - Job 127: Subtask extract_csv
[2025-05-12T21:09:47.157+0000] {task_command.py:467} INFO - Running <TaskInstance: etl_csv_pipeline_v2.extract_csv manual__2025-05-12T21:09:42.475464+00:00 [running]> on host 88025fb06de6
[2025-05-12T21:09:47.313+0000] {taskinstance.py:3134} INFO - Exporting env vars: AIRFLOW_CTX_DAG_OWNER='***' AIRFLOW_CTX_DAG_ID='etl_csv_pipeline_v2' AIRFLOW_CTX_TASK_ID='extract_csv' AIRFLOW_CTX_EXECUTION_DATE='2025-05-12T21:09:42.475464+00:00' AIRFLOW_CTX_TRY_NUMBER='1' AIRFLOW_CTX_DAG_RUN_ID='manual__2025-05-12T21:09:42.475464+00:00'
[2025-05-12T21:09:47.316+0000] {logging_mixin.py:190} INFO - Task instance is in running state
[2025-05-12T21:09:47.317+0000] {logging_mixin.py:190} INFO -  Previous state of the Task instance: queued
[2025-05-12T21:09:47.318+0000] {logging_mixin.py:190} INFO - Current task name:extract_csv state:running start_date:2025-05-12 21:09:46.990953+00:00
[2025-05-12T21:09:47.319+0000] {logging_mixin.py:190} INFO - Dag name:etl_csv_pipeline_v2 and current dag run status:running
[2025-05-12T21:09:47.320+0000] {taskinstance.py:732} INFO - ::endgroup::
[2025-05-12T21:09:47.565+0000] {extract.py:24} INFO - ✅ Datos extraídos y guardados temporalmente en /tmp/superstore_raw.csv.
[2025-05-12T21:09:47.570+0000] {python.py:240} INFO - Done. Returned value was: /tmp/superstore_raw.csv
[2025-05-12T21:09:47.612+0000] {taskinstance.py:341} INFO - ::group::Post task execution logs
[2025-05-12T21:09:47.614+0000] {taskinstance.py:353} INFO - Marking task as SUCCESS. dag_id=etl_csv_pipeline_v2, task_id=extract_csv, run_id=manual__2025-05-12T21:09:42.475464+00:00, execution_date=20250512T210942, start_date=20250512T210946, end_date=20250512T210947
[2025-05-12T21:09:47.655+0000] {logging_mixin.py:190} INFO - Task instance in success state
[2025-05-12T21:09:47.657+0000] {logging_mixin.py:190} INFO -  Previous state of the Task instance: running
[2025-05-12T21:09:47.658+0000] {logging_mixin.py:190} INFO - Dag name:etl_csv_pipeline_v2 queued_at:2025-05-12 21:09:42.497883+00:00
[2025-05-12T21:09:47.659+0000] {logging_mixin.py:190} INFO - Task hostname:88025fb06de6 operator:PythonOperator
[2025-05-12T21:09:47.731+0000] {local_task_job_runner.py:266} INFO - Task exited with return code 0
[2025-05-12T21:09:47.803+0000] {taskinstance.py:3901} INFO - 1 downstream tasks scheduled from follow-on schedule check
[2025-05-12T21:09:47.814+0000] {local_task_job_runner.py:245} INFO - ::endgroup::
