[2025-04-27T01:49:57.102+0000] {local_task_job_runner.py:123} INFO - ::group::Pre task execution logs
[2025-04-27T01:49:57.151+0000] {taskinstance.py:2614} INFO - Dependencies all met for dep_context=non-requeueable deps ti=<TaskInstance: etl_csv_pipeline_v2.clean_data manual__2025-04-27T01:49:34.541922+00:00 [queued]>
[2025-04-27T01:49:57.177+0000] {taskinstance.py:2614} INFO - Dependencies all met for dep_context=requeueable deps ti=<TaskInstance: etl_csv_pipeline_v2.clean_data manual__2025-04-27T01:49:34.541922+00:00 [queued]>
[2025-04-27T01:49:57.179+0000] {taskinstance.py:2867} INFO - Starting attempt 1 of 1
[2025-04-27T01:49:57.211+0000] {taskinstance.py:2890} INFO - Executing <Task(PythonOperator): clean_data> on 2025-04-27 01:49:34.541922+00:00
[2025-04-27T01:49:57.225+0000] {warnings.py:112} WARNING - /home/***/.local/lib/python3.12/site-packages/***/task/task_runner/standard_task_runner.py:70: DeprecationWarning: This process (pid=127) is multi-threaded, use of fork() may lead to deadlocks in the child.
  pid = os.fork()

[2025-04-27T01:49:57.229+0000] {standard_task_runner.py:72} INFO - Started process 129 to run task
[2025-04-27T01:49:57.229+0000] {standard_task_runner.py:104} INFO - Running: ['***', 'tasks', 'run', 'etl_csv_pipeline_v2', 'clean_data', 'manual__2025-04-27T01:49:34.541922+00:00', '--job-id', '83', '--raw', '--subdir', 'DAGS_FOLDER/etl_pipeline.py', '--cfg-path', '/tmp/tmpuk3qyt0t']
[2025-04-27T01:49:57.234+0000] {standard_task_runner.py:105} INFO - Job 83: Subtask clean_data
[2025-04-27T01:49:57.338+0000] {task_command.py:467} INFO - Running <TaskInstance: etl_csv_pipeline_v2.clean_data manual__2025-04-27T01:49:34.541922+00:00 [running]> on host 96a8451265aa
[2025-04-27T01:49:57.634+0000] {taskinstance.py:3134} INFO - Exporting env vars: AIRFLOW_CTX_DAG_OWNER='***' AIRFLOW_CTX_DAG_ID='etl_csv_pipeline_v2' AIRFLOW_CTX_TASK_ID='clean_data' AIRFLOW_CTX_EXECUTION_DATE='2025-04-27T01:49:34.541922+00:00' AIRFLOW_CTX_TRY_NUMBER='1' AIRFLOW_CTX_DAG_RUN_ID='manual__2025-04-27T01:49:34.541922+00:00'
[2025-04-27T01:49:57.642+0000] {logging_mixin.py:190} INFO - Task instance is in running state
[2025-04-27T01:49:57.644+0000] {logging_mixin.py:190} INFO -  Previous state of the Task instance: queued
[2025-04-27T01:49:57.645+0000] {logging_mixin.py:190} INFO - Current task name:clean_data state:running start_date:2025-04-27 01:49:57.152869+00:00
[2025-04-27T01:49:57.648+0000] {logging_mixin.py:190} INFO - Dag name:etl_csv_pipeline_v2 and current dag run status:running
[2025-04-27T01:49:57.657+0000] {taskinstance.py:732} INFO - ::endgroup::
[2025-04-27T01:49:58.039+0000] {clean_data.py:39} INFO - ✅ Datos limpios guardados en /tmp/superstore_clean.csv
[2025-04-27T01:49:58.042+0000] {python.py:240} INFO - Done. Returned value was: /tmp/superstore_clean.csv
[2025-04-27T01:49:58.077+0000] {taskinstance.py:341} INFO - ::group::Post task execution logs
[2025-04-27T01:49:58.078+0000] {taskinstance.py:353} INFO - Marking task as SUCCESS. dag_id=etl_csv_pipeline_v2, task_id=clean_data, run_id=manual__2025-04-27T01:49:34.541922+00:00, execution_date=20250427T014934, start_date=20250427T014957, end_date=20250427T014958
[2025-04-27T01:49:58.121+0000] {logging_mixin.py:190} INFO - Task instance in success state
[2025-04-27T01:49:58.123+0000] {logging_mixin.py:190} INFO -  Previous state of the Task instance: running
[2025-04-27T01:49:58.124+0000] {logging_mixin.py:190} INFO - Dag name:etl_csv_pipeline_v2 queued_at:2025-04-27 01:49:34.642583+00:00
[2025-04-27T01:49:58.124+0000] {logging_mixin.py:190} INFO - Task hostname:96a8451265aa operator:PythonOperator
[2025-04-27T01:49:58.165+0000] {local_task_job_runner.py:266} INFO - Task exited with return code 0
[2025-04-27T01:49:58.211+0000] {taskinstance.py:3901} INFO - 1 downstream tasks scheduled from follow-on schedule check
[2025-04-27T01:49:58.216+0000] {local_task_job_runner.py:245} INFO - ::endgroup::
