[2025-04-24T21:21:39.614+0000] {processor.py:186} INFO - Started process (PID=118) to work on /home/airflow/.local/lib/python3.12/site-packages/airflow/example_dags/example_sla_dag.py
[2025-04-24T21:21:39.631+0000] {processor.py:914} INFO - Processing file /home/airflow/.local/lib/python3.12/site-packages/airflow/example_dags/example_sla_dag.py for tasks to queue
[2025-04-24T21:21:39.752+0000] {logging_mixin.py:190} INFO - [2025-04-24T21:21:39.747+0000] {dagbag.py:588} INFO - Filling up the DagBag from /home/airflow/.local/lib/python3.12/site-packages/airflow/example_dags/example_sla_dag.py
[2025-04-24T21:21:40.412+0000] {processor.py:925} INFO - DAG(s) 'example_sla_dag' retrieved from /home/airflow/.local/lib/python3.12/site-packages/airflow/example_dags/example_sla_dag.py
[2025-04-24T21:21:40.997+0000] {logging_mixin.py:190} INFO - [2025-04-24T21:21:40.996+0000] {dag.py:3239} INFO - Sync 1 DAGs
[2025-04-24T21:21:41.927+0000] {logging_mixin.py:190} INFO - [2025-04-24T21:21:41.927+0000] {dag.py:4180} INFO - Setting next_dagrun for example_sla_dag to 2025-04-24 21:18:00+00:00, run_after=2025-04-24 21:20:00+00:00
[2025-04-24T21:21:42.167+0000] {processor.py:208} INFO - Processing /home/airflow/.local/lib/python3.12/site-packages/airflow/example_dags/example_sla_dag.py took 2.847 seconds
[2025-04-24T21:23:58.844+0000] {processor.py:186} INFO - Started process (PID=203) to work on /home/airflow/.local/lib/python3.12/site-packages/airflow/example_dags/example_sla_dag.py
[2025-04-24T21:23:58.865+0000] {processor.py:914} INFO - Processing file /home/airflow/.local/lib/python3.12/site-packages/airflow/example_dags/example_sla_dag.py for tasks to queue
[2025-04-24T21:23:58.900+0000] {logging_mixin.py:190} INFO - [2025-04-24T21:23:58.899+0000] {dagbag.py:588} INFO - Filling up the DagBag from /home/airflow/.local/lib/python3.12/site-packages/airflow/example_dags/example_sla_dag.py
[2025-04-24T21:23:59.484+0000] {processor.py:925} INFO - DAG(s) 'example_sla_dag' retrieved from /home/airflow/.local/lib/python3.12/site-packages/airflow/example_dags/example_sla_dag.py
[2025-04-24T21:24:00.196+0000] {logging_mixin.py:190} INFO - [2025-04-24T21:24:00.195+0000] {dag.py:3239} INFO - Sync 1 DAGs
[2025-04-24T21:24:01.510+0000] {logging_mixin.py:190} INFO - [2025-04-24T21:24:01.491+0000] {dag.py:4180} INFO - Setting next_dagrun for example_sla_dag to 2025-04-24 21:22:00+00:00, run_after=2025-04-24 21:24:00+00:00
[2025-04-24T21:24:02.964+0000] {processor.py:208} INFO - Processing /home/airflow/.local/lib/python3.12/site-packages/airflow/example_dags/example_sla_dag.py took 4.311 seconds
[2025-04-24T21:25:45.606+0000] {processor.py:186} INFO - Started process (PID=261) to work on /home/airflow/.local/lib/python3.12/site-packages/airflow/example_dags/example_sla_dag.py
[2025-04-24T21:25:45.616+0000] {processor.py:914} INFO - Processing file /home/airflow/.local/lib/python3.12/site-packages/airflow/example_dags/example_sla_dag.py for tasks to queue
[2025-04-24T21:25:45.628+0000] {logging_mixin.py:190} INFO - [2025-04-24T21:25:45.627+0000] {dagbag.py:588} INFO - Filling up the DagBag from /home/airflow/.local/lib/python3.12/site-packages/airflow/example_dags/example_sla_dag.py
[2025-04-24T21:25:45.700+0000] {processor.py:925} INFO - DAG(s) 'example_sla_dag' retrieved from /home/airflow/.local/lib/python3.12/site-packages/airflow/example_dags/example_sla_dag.py
[2025-04-24T21:25:45.874+0000] {logging_mixin.py:190} INFO - [2025-04-24T21:25:45.873+0000] {dag.py:3239} INFO - Sync 1 DAGs
[2025-04-24T21:25:46.532+0000] {logging_mixin.py:190} INFO - [2025-04-24T21:25:46.531+0000] {dag.py:4180} INFO - Setting next_dagrun for example_sla_dag to 2025-04-24 21:22:00+00:00, run_after=2025-04-24 21:24:00+00:00
[2025-04-24T21:25:46.864+0000] {processor.py:208} INFO - Processing /home/airflow/.local/lib/python3.12/site-packages/airflow/example_dags/example_sla_dag.py took 1.319 seconds
[2025-04-24T21:27:22.866+0000] {processor.py:186} INFO - Started process (PID=319) to work on /home/airflow/.local/lib/python3.12/site-packages/airflow/example_dags/example_sla_dag.py
[2025-04-24T21:27:22.884+0000] {processor.py:914} INFO - Processing file /home/airflow/.local/lib/python3.12/site-packages/airflow/example_dags/example_sla_dag.py for tasks to queue
[2025-04-24T21:27:22.914+0000] {logging_mixin.py:190} INFO - [2025-04-24T21:27:22.892+0000] {dagbag.py:588} INFO - Filling up the DagBag from /home/airflow/.local/lib/python3.12/site-packages/airflow/example_dags/example_sla_dag.py
[2025-04-24T21:27:23.059+0000] {processor.py:925} INFO - DAG(s) 'example_sla_dag' retrieved from /home/airflow/.local/lib/python3.12/site-packages/airflow/example_dags/example_sla_dag.py
[2025-04-24T21:27:23.604+0000] {logging_mixin.py:190} INFO - [2025-04-24T21:27:23.604+0000] {dag.py:3239} INFO - Sync 1 DAGs
[2025-04-24T21:27:24.346+0000] {logging_mixin.py:190} INFO - [2025-04-24T21:27:24.345+0000] {dag.py:4180} INFO - Setting next_dagrun for example_sla_dag to 2025-04-24 21:24:00+00:00, run_after=2025-04-24 21:26:00+00:00
[2025-04-24T21:27:24.806+0000] {processor.py:208} INFO - Processing /home/airflow/.local/lib/python3.12/site-packages/airflow/example_dags/example_sla_dag.py took 2.009 seconds
[2025-04-24T21:28:58.142+0000] {processor.py:186} INFO - Started process (PID=377) to work on /home/airflow/.local/lib/python3.12/site-packages/airflow/example_dags/example_sla_dag.py
[2025-04-24T21:28:58.146+0000] {processor.py:914} INFO - Processing file /home/airflow/.local/lib/python3.12/site-packages/airflow/example_dags/example_sla_dag.py for tasks to queue
[2025-04-24T21:28:58.208+0000] {logging_mixin.py:190} INFO - [2025-04-24T21:28:58.207+0000] {dagbag.py:588} INFO - Filling up the DagBag from /home/airflow/.local/lib/python3.12/site-packages/airflow/example_dags/example_sla_dag.py
[2025-04-24T21:28:58.454+0000] {processor.py:925} INFO - DAG(s) 'example_sla_dag' retrieved from /home/airflow/.local/lib/python3.12/site-packages/airflow/example_dags/example_sla_dag.py
[2025-04-24T21:28:58.829+0000] {logging_mixin.py:190} INFO - [2025-04-24T21:28:58.828+0000] {dag.py:3239} INFO - Sync 1 DAGs
[2025-04-24T21:28:59.805+0000] {logging_mixin.py:190} INFO - [2025-04-24T21:28:59.804+0000] {dag.py:4180} INFO - Setting next_dagrun for example_sla_dag to 2025-04-24 21:26:00+00:00, run_after=2025-04-24 21:28:00+00:00
[2025-04-24T21:29:01.423+0000] {processor.py:208} INFO - Processing /home/airflow/.local/lib/python3.12/site-packages/airflow/example_dags/example_sla_dag.py took 3.444 seconds
[2025-04-24T21:30:50.369+0000] {processor.py:186} INFO - Started process (PID=439) to work on /home/airflow/.local/lib/python3.12/site-packages/airflow/example_dags/example_sla_dag.py
[2025-04-24T21:30:50.420+0000] {processor.py:914} INFO - Processing file /home/airflow/.local/lib/python3.12/site-packages/airflow/example_dags/example_sla_dag.py for tasks to queue
[2025-04-24T21:30:50.446+0000] {logging_mixin.py:190} INFO - [2025-04-24T21:30:50.445+0000] {dagbag.py:588} INFO - Filling up the DagBag from /home/airflow/.local/lib/python3.12/site-packages/airflow/example_dags/example_sla_dag.py
[2025-04-24T21:30:50.770+0000] {processor.py:925} INFO - DAG(s) 'example_sla_dag' retrieved from /home/airflow/.local/lib/python3.12/site-packages/airflow/example_dags/example_sla_dag.py
[2025-04-24T21:30:50.922+0000] {logging_mixin.py:190} INFO - [2025-04-24T21:30:50.922+0000] {dag.py:3239} INFO - Sync 1 DAGs
[2025-04-24T21:30:51.176+0000] {logging_mixin.py:190} INFO - [2025-04-24T21:30:51.176+0000] {dag.py:4180} INFO - Setting next_dagrun for example_sla_dag to 2025-04-24 21:28:00+00:00, run_after=2025-04-24 21:30:00+00:00
[2025-04-24T21:30:51.534+0000] {processor.py:208} INFO - Processing /home/airflow/.local/lib/python3.12/site-packages/airflow/example_dags/example_sla_dag.py took 1.336 seconds
[2025-04-24T21:32:37.507+0000] {processor.py:186} INFO - Started process (PID=503) to work on /home/airflow/.local/lib/python3.12/site-packages/airflow/example_dags/example_sla_dag.py
[2025-04-24T21:32:37.555+0000] {processor.py:914} INFO - Processing file /home/airflow/.local/lib/python3.12/site-packages/airflow/example_dags/example_sla_dag.py for tasks to queue
[2025-04-24T21:32:37.592+0000] {logging_mixin.py:190} INFO - [2025-04-24T21:32:37.591+0000] {dagbag.py:588} INFO - Filling up the DagBag from /home/airflow/.local/lib/python3.12/site-packages/airflow/example_dags/example_sla_dag.py
[2025-04-24T21:32:37.729+0000] {processor.py:925} INFO - DAG(s) 'example_sla_dag' retrieved from /home/airflow/.local/lib/python3.12/site-packages/airflow/example_dags/example_sla_dag.py
[2025-04-24T21:32:38.405+0000] {logging_mixin.py:190} INFO - [2025-04-24T21:32:38.404+0000] {dag.py:3239} INFO - Sync 1 DAGs
[2025-04-24T21:32:40.458+0000] {logging_mixin.py:190} INFO - [2025-04-24T21:32:40.405+0000] {dag.py:4180} INFO - Setting next_dagrun for example_sla_dag to 2025-04-24 21:30:00+00:00, run_after=2025-04-24 21:32:00+00:00
[2025-04-24T21:32:41.796+0000] {processor.py:208} INFO - Processing /home/airflow/.local/lib/python3.12/site-packages/airflow/example_dags/example_sla_dag.py took 4.405 seconds
[2025-04-24T21:34:26.174+0000] {processor.py:186} INFO - Started process (PID=567) to work on /home/airflow/.local/lib/python3.12/site-packages/airflow/example_dags/example_sla_dag.py
[2025-04-24T21:34:26.210+0000] {processor.py:914} INFO - Processing file /home/airflow/.local/lib/python3.12/site-packages/airflow/example_dags/example_sla_dag.py for tasks to queue
[2025-04-24T21:34:26.230+0000] {logging_mixin.py:190} INFO - [2025-04-24T21:34:26.229+0000] {dagbag.py:588} INFO - Filling up the DagBag from /home/airflow/.local/lib/python3.12/site-packages/airflow/example_dags/example_sla_dag.py
[2025-04-24T21:34:26.432+0000] {processor.py:925} INFO - DAG(s) 'example_sla_dag' retrieved from /home/airflow/.local/lib/python3.12/site-packages/airflow/example_dags/example_sla_dag.py
[2025-04-24T21:34:27.228+0000] {logging_mixin.py:190} INFO - [2025-04-24T21:34:27.227+0000] {dag.py:3239} INFO - Sync 1 DAGs
[2025-04-24T21:34:27.547+0000] {logging_mixin.py:190} INFO - [2025-04-24T21:34:27.547+0000] {dag.py:4180} INFO - Setting next_dagrun for example_sla_dag to 2025-04-24 21:32:00+00:00, run_after=2025-04-24 21:34:00+00:00
[2025-04-24T21:34:27.856+0000] {processor.py:208} INFO - Processing /home/airflow/.local/lib/python3.12/site-packages/airflow/example_dags/example_sla_dag.py took 1.745 seconds
[2025-04-24T21:36:10.042+0000] {processor.py:186} INFO - Started process (PID=627) to work on /home/airflow/.local/lib/python3.12/site-packages/airflow/example_dags/example_sla_dag.py
[2025-04-24T21:36:10.085+0000] {processor.py:914} INFO - Processing file /home/airflow/.local/lib/python3.12/site-packages/airflow/example_dags/example_sla_dag.py for tasks to queue
[2025-04-24T21:36:10.090+0000] {logging_mixin.py:190} INFO - [2025-04-24T21:36:10.089+0000] {dagbag.py:588} INFO - Filling up the DagBag from /home/airflow/.local/lib/python3.12/site-packages/airflow/example_dags/example_sla_dag.py
[2025-04-24T21:36:10.523+0000] {processor.py:925} INFO - DAG(s) 'example_sla_dag' retrieved from /home/airflow/.local/lib/python3.12/site-packages/airflow/example_dags/example_sla_dag.py
[2025-04-24T21:36:10.805+0000] {logging_mixin.py:190} INFO - [2025-04-24T21:36:10.802+0000] {dag.py:3239} INFO - Sync 1 DAGs
[2025-04-24T21:36:11.470+0000] {logging_mixin.py:190} INFO - [2025-04-24T21:36:11.469+0000] {dag.py:4180} INFO - Setting next_dagrun for example_sla_dag to 2025-04-24 21:34:00+00:00, run_after=2025-04-24 21:36:00+00:00
[2025-04-24T21:36:11.967+0000] {processor.py:208} INFO - Processing /home/airflow/.local/lib/python3.12/site-packages/airflow/example_dags/example_sla_dag.py took 2.323 seconds
[2025-04-24T21:38:06.502+0000] {processor.py:186} INFO - Started process (PID=690) to work on /home/airflow/.local/lib/python3.12/site-packages/airflow/example_dags/example_sla_dag.py
[2025-04-24T21:38:06.661+0000] {processor.py:914} INFO - Processing file /home/airflow/.local/lib/python3.12/site-packages/airflow/example_dags/example_sla_dag.py for tasks to queue
[2025-04-24T21:38:06.699+0000] {logging_mixin.py:190} INFO - [2025-04-24T21:38:06.698+0000] {dagbag.py:588} INFO - Filling up the DagBag from /home/airflow/.local/lib/python3.12/site-packages/airflow/example_dags/example_sla_dag.py
[2025-04-24T21:38:06.998+0000] {processor.py:925} INFO - DAG(s) 'example_sla_dag' retrieved from /home/airflow/.local/lib/python3.12/site-packages/airflow/example_dags/example_sla_dag.py
[2025-04-24T21:38:07.645+0000] {logging_mixin.py:190} INFO - [2025-04-24T21:38:07.644+0000] {dag.py:3239} INFO - Sync 1 DAGs
[2025-04-24T21:38:08.794+0000] {logging_mixin.py:190} INFO - [2025-04-24T21:38:08.794+0000] {dag.py:4180} INFO - Setting next_dagrun for example_sla_dag to 2025-04-24 21:36:00+00:00, run_after=2025-04-24 21:38:00+00:00
[2025-04-24T21:38:09.704+0000] {processor.py:208} INFO - Processing /home/airflow/.local/lib/python3.12/site-packages/airflow/example_dags/example_sla_dag.py took 3.475 seconds
[2025-04-24T21:40:10.154+0000] {processor.py:186} INFO - Started process (PID=760) to work on /home/airflow/.local/lib/python3.12/site-packages/airflow/example_dags/example_sla_dag.py
[2025-04-24T21:40:10.158+0000] {processor.py:914} INFO - Processing file /home/airflow/.local/lib/python3.12/site-packages/airflow/example_dags/example_sla_dag.py for tasks to queue
[2025-04-24T21:40:10.239+0000] {logging_mixin.py:190} INFO - [2025-04-24T21:40:10.239+0000] {dagbag.py:588} INFO - Filling up the DagBag from /home/airflow/.local/lib/python3.12/site-packages/airflow/example_dags/example_sla_dag.py
[2025-04-24T21:40:10.376+0000] {processor.py:925} INFO - DAG(s) 'example_sla_dag' retrieved from /home/airflow/.local/lib/python3.12/site-packages/airflow/example_dags/example_sla_dag.py
[2025-04-24T21:40:11.063+0000] {logging_mixin.py:190} INFO - [2025-04-24T21:40:11.063+0000] {dag.py:3239} INFO - Sync 1 DAGs
[2025-04-24T21:40:11.731+0000] {logging_mixin.py:190} INFO - [2025-04-24T21:40:11.730+0000] {dag.py:4180} INFO - Setting next_dagrun for example_sla_dag to 2025-04-24 21:38:00+00:00, run_after=2025-04-24 21:40:00+00:00
[2025-04-24T21:40:12.249+0000] {processor.py:208} INFO - Processing /home/airflow/.local/lib/python3.12/site-packages/airflow/example_dags/example_sla_dag.py took 2.240 seconds
[2025-04-24T21:42:14.814+0000] {processor.py:186} INFO - Started process (PID=820) to work on /home/airflow/.local/lib/python3.12/site-packages/airflow/example_dags/example_sla_dag.py
[2025-04-24T21:42:14.831+0000] {processor.py:914} INFO - Processing file /home/airflow/.local/lib/python3.12/site-packages/airflow/example_dags/example_sla_dag.py for tasks to queue
[2025-04-24T21:42:14.841+0000] {logging_mixin.py:190} INFO - [2025-04-24T21:42:14.840+0000] {dagbag.py:588} INFO - Filling up the DagBag from /home/airflow/.local/lib/python3.12/site-packages/airflow/example_dags/example_sla_dag.py
[2025-04-24T21:42:15.048+0000] {processor.py:925} INFO - DAG(s) 'example_sla_dag' retrieved from /home/airflow/.local/lib/python3.12/site-packages/airflow/example_dags/example_sla_dag.py
[2025-04-24T21:42:15.641+0000] {logging_mixin.py:190} INFO - [2025-04-24T21:42:15.640+0000] {dag.py:3239} INFO - Sync 1 DAGs
[2025-04-24T21:42:16.016+0000] {logging_mixin.py:190} INFO - [2025-04-24T21:42:16.015+0000] {dag.py:4180} INFO - Setting next_dagrun for example_sla_dag to 2025-04-24 21:40:00+00:00, run_after=2025-04-24 21:42:00+00:00
[2025-04-24T21:42:16.779+0000] {processor.py:208} INFO - Processing /home/airflow/.local/lib/python3.12/site-packages/airflow/example_dags/example_sla_dag.py took 2.141 seconds
[2025-04-24T21:44:02.736+0000] {processor.py:186} INFO - Started process (PID=888) to work on /home/airflow/.local/lib/python3.12/site-packages/airflow/example_dags/example_sla_dag.py
[2025-04-24T21:44:02.742+0000] {processor.py:914} INFO - Processing file /home/airflow/.local/lib/python3.12/site-packages/airflow/example_dags/example_sla_dag.py for tasks to queue
[2025-04-24T21:44:02.748+0000] {logging_mixin.py:190} INFO - [2025-04-24T21:44:02.747+0000] {dagbag.py:588} INFO - Filling up the DagBag from /home/airflow/.local/lib/python3.12/site-packages/airflow/example_dags/example_sla_dag.py
[2025-04-24T21:44:02.936+0000] {processor.py:925} INFO - DAG(s) 'example_sla_dag' retrieved from /home/airflow/.local/lib/python3.12/site-packages/airflow/example_dags/example_sla_dag.py
[2025-04-24T21:44:03.645+0000] {logging_mixin.py:190} INFO - [2025-04-24T21:44:03.644+0000] {dag.py:3239} INFO - Sync 1 DAGs
[2025-04-24T21:44:04.546+0000] {logging_mixin.py:190} INFO - [2025-04-24T21:44:04.546+0000] {dag.py:4180} INFO - Setting next_dagrun for example_sla_dag to 2025-04-24 21:42:00+00:00, run_after=2025-04-24 21:44:00+00:00
[2025-04-24T21:44:05.081+0000] {processor.py:208} INFO - Processing /home/airflow/.local/lib/python3.12/site-packages/airflow/example_dags/example_sla_dag.py took 2.412 seconds
[2025-04-24T21:45:25.789+0000] {processor.py:186} INFO - Started process (PID=939) to work on /home/airflow/.local/lib/python3.12/site-packages/airflow/example_dags/example_sla_dag.py
[2025-04-24T21:45:25.827+0000] {processor.py:914} INFO - Processing file /home/airflow/.local/lib/python3.12/site-packages/airflow/example_dags/example_sla_dag.py for tasks to queue
[2025-04-24T21:45:25.889+0000] {logging_mixin.py:190} INFO - [2025-04-24T21:45:25.888+0000] {dagbag.py:588} INFO - Filling up the DagBag from /home/airflow/.local/lib/python3.12/site-packages/airflow/example_dags/example_sla_dag.py
[2025-04-24T21:45:26.343+0000] {processor.py:925} INFO - DAG(s) 'example_sla_dag' retrieved from /home/airflow/.local/lib/python3.12/site-packages/airflow/example_dags/example_sla_dag.py
[2025-04-24T21:45:26.854+0000] {logging_mixin.py:190} INFO - [2025-04-24T21:45:26.853+0000] {dag.py:3239} INFO - Sync 1 DAGs
[2025-04-24T21:45:27.508+0000] {logging_mixin.py:190} INFO - [2025-04-24T21:45:27.508+0000] {dag.py:4180} INFO - Setting next_dagrun for example_sla_dag to 2025-04-24 21:42:00+00:00, run_after=2025-04-24 21:44:00+00:00
[2025-04-24T21:45:28.102+0000] {processor.py:208} INFO - Processing /home/airflow/.local/lib/python3.12/site-packages/airflow/example_dags/example_sla_dag.py took 2.397 seconds
[2025-04-24T21:46:46.956+0000] {processor.py:186} INFO - Started process (PID=1001) to work on /home/airflow/.local/lib/python3.12/site-packages/airflow/example_dags/example_sla_dag.py
[2025-04-24T21:46:46.971+0000] {processor.py:914} INFO - Processing file /home/airflow/.local/lib/python3.12/site-packages/airflow/example_dags/example_sla_dag.py for tasks to queue
[2025-04-24T21:46:47.034+0000] {logging_mixin.py:190} INFO - [2025-04-24T21:46:47.034+0000] {dagbag.py:588} INFO - Filling up the DagBag from /home/airflow/.local/lib/python3.12/site-packages/airflow/example_dags/example_sla_dag.py
[2025-04-24T21:46:47.541+0000] {processor.py:925} INFO - DAG(s) 'example_sla_dag' retrieved from /home/airflow/.local/lib/python3.12/site-packages/airflow/example_dags/example_sla_dag.py
[2025-04-24T21:46:47.750+0000] {logging_mixin.py:190} INFO - [2025-04-24T21:46:47.750+0000] {dag.py:3239} INFO - Sync 1 DAGs
[2025-04-24T21:46:48.570+0000] {logging_mixin.py:190} INFO - [2025-04-24T21:46:48.570+0000] {dag.py:4180} INFO - Setting next_dagrun for example_sla_dag to 2025-04-24 21:44:00+00:00, run_after=2025-04-24 21:46:00+00:00
[2025-04-24T21:46:48.924+0000] {processor.py:208} INFO - Processing /home/airflow/.local/lib/python3.12/site-packages/airflow/example_dags/example_sla_dag.py took 2.255 seconds
