[2025-04-24T21:21:26.450+0000] {processor.py:186} INFO - Started process (PID=112) to work on /home/airflow/.local/lib/python3.12/site-packages/airflow/example_dags/example_setup_teardown.py
[2025-04-24T21:21:26.477+0000] {processor.py:914} INFO - Processing file /home/airflow/.local/lib/python3.12/site-packages/airflow/example_dags/example_setup_teardown.py for tasks to queue
[2025-04-24T21:21:26.492+0000] {logging_mixin.py:190} INFO - [2025-04-24T21:21:26.491+0000] {dagbag.py:588} INFO - Filling up the DagBag from /home/airflow/.local/lib/python3.12/site-packages/airflow/example_dags/example_setup_teardown.py
[2025-04-24T21:21:26.804+0000] {processor.py:925} INFO - DAG(s) 'example_setup_teardown' retrieved from /home/airflow/.local/lib/python3.12/site-packages/airflow/example_dags/example_setup_teardown.py
[2025-04-24T21:21:27.186+0000] {logging_mixin.py:190} INFO - [2025-04-24T21:21:27.185+0000] {dag.py:3239} INFO - Sync 1 DAGs
[2025-04-24T21:21:27.374+0000] {logging_mixin.py:190} INFO - [2025-04-24T21:21:27.373+0000] {dag.py:4180} INFO - Setting next_dagrun for example_setup_teardown to None, run_after=None
[2025-04-24T21:21:27.703+0000] {processor.py:208} INFO - Processing /home/airflow/.local/lib/python3.12/site-packages/airflow/example_dags/example_setup_teardown.py took 1.292 seconds
[2025-04-24T21:23:44.164+0000] {processor.py:186} INFO - Started process (PID=191) to work on /home/airflow/.local/lib/python3.12/site-packages/airflow/example_dags/example_setup_teardown.py
[2025-04-24T21:23:44.200+0000] {processor.py:914} INFO - Processing file /home/airflow/.local/lib/python3.12/site-packages/airflow/example_dags/example_setup_teardown.py for tasks to queue
[2025-04-24T21:23:44.236+0000] {logging_mixin.py:190} INFO - [2025-04-24T21:23:44.235+0000] {dagbag.py:588} INFO - Filling up the DagBag from /home/airflow/.local/lib/python3.12/site-packages/airflow/example_dags/example_setup_teardown.py
[2025-04-24T21:23:44.421+0000] {processor.py:925} INFO - DAG(s) 'example_setup_teardown' retrieved from /home/airflow/.local/lib/python3.12/site-packages/airflow/example_dags/example_setup_teardown.py
[2025-04-24T21:23:44.599+0000] {logging_mixin.py:190} INFO - [2025-04-24T21:23:44.598+0000] {dag.py:3239} INFO - Sync 1 DAGs
[2025-04-24T21:23:44.748+0000] {logging_mixin.py:190} INFO - [2025-04-24T21:23:44.747+0000] {dag.py:4180} INFO - Setting next_dagrun for example_setup_teardown to None, run_after=None
[2025-04-24T21:23:45.353+0000] {processor.py:208} INFO - Processing /home/airflow/.local/lib/python3.12/site-packages/airflow/example_dags/example_setup_teardown.py took 1.331 seconds
[2025-04-24T21:25:36.550+0000] {processor.py:186} INFO - Started process (PID=256) to work on /home/airflow/.local/lib/python3.12/site-packages/airflow/example_dags/example_setup_teardown.py
[2025-04-24T21:25:36.565+0000] {processor.py:914} INFO - Processing file /home/airflow/.local/lib/python3.12/site-packages/airflow/example_dags/example_setup_teardown.py for tasks to queue
[2025-04-24T21:25:36.715+0000] {logging_mixin.py:190} INFO - [2025-04-24T21:25:36.714+0000] {dagbag.py:588} INFO - Filling up the DagBag from /home/airflow/.local/lib/python3.12/site-packages/airflow/example_dags/example_setup_teardown.py
[2025-04-24T21:25:37.102+0000] {processor.py:925} INFO - DAG(s) 'example_setup_teardown' retrieved from /home/airflow/.local/lib/python3.12/site-packages/airflow/example_dags/example_setup_teardown.py
[2025-04-24T21:25:37.924+0000] {logging_mixin.py:190} INFO - [2025-04-24T21:25:37.900+0000] {dag.py:3239} INFO - Sync 1 DAGs
[2025-04-24T21:25:38.121+0000] {logging_mixin.py:190} INFO - [2025-04-24T21:25:38.121+0000] {dag.py:4180} INFO - Setting next_dagrun for example_setup_teardown to None, run_after=None
[2025-04-24T21:25:38.717+0000] {processor.py:208} INFO - Processing /home/airflow/.local/lib/python3.12/site-packages/airflow/example_dags/example_setup_teardown.py took 2.329 seconds
[2025-04-24T21:27:09.552+0000] {processor.py:186} INFO - Started process (PID=313) to work on /home/airflow/.local/lib/python3.12/site-packages/airflow/example_dags/example_setup_teardown.py
[2025-04-24T21:27:09.637+0000] {processor.py:914} INFO - Processing file /home/airflow/.local/lib/python3.12/site-packages/airflow/example_dags/example_setup_teardown.py for tasks to queue
[2025-04-24T21:27:09.676+0000] {logging_mixin.py:190} INFO - [2025-04-24T21:27:09.675+0000] {dagbag.py:588} INFO - Filling up the DagBag from /home/airflow/.local/lib/python3.12/site-packages/airflow/example_dags/example_setup_teardown.py
[2025-04-24T21:27:10.082+0000] {processor.py:925} INFO - DAG(s) 'example_setup_teardown' retrieved from /home/airflow/.local/lib/python3.12/site-packages/airflow/example_dags/example_setup_teardown.py
[2025-04-24T21:27:10.784+0000] {logging_mixin.py:190} INFO - [2025-04-24T21:27:10.783+0000] {dag.py:3239} INFO - Sync 1 DAGs
[2025-04-24T21:27:11.039+0000] {logging_mixin.py:190} INFO - [2025-04-24T21:27:11.039+0000] {dag.py:4180} INFO - Setting next_dagrun for example_setup_teardown to None, run_after=None
[2025-04-24T21:27:11.500+0000] {processor.py:208} INFO - Processing /home/airflow/.local/lib/python3.12/site-packages/airflow/example_dags/example_setup_teardown.py took 2.009 seconds
[2025-04-24T21:28:47.525+0000] {processor.py:186} INFO - Started process (PID=372) to work on /home/airflow/.local/lib/python3.12/site-packages/airflow/example_dags/example_setup_teardown.py
[2025-04-24T21:28:47.536+0000] {processor.py:914} INFO - Processing file /home/airflow/.local/lib/python3.12/site-packages/airflow/example_dags/example_setup_teardown.py for tasks to queue
[2025-04-24T21:28:47.557+0000] {logging_mixin.py:190} INFO - [2025-04-24T21:28:47.557+0000] {dagbag.py:588} INFO - Filling up the DagBag from /home/airflow/.local/lib/python3.12/site-packages/airflow/example_dags/example_setup_teardown.py
[2025-04-24T21:28:47.810+0000] {processor.py:925} INFO - DAG(s) 'example_setup_teardown' retrieved from /home/airflow/.local/lib/python3.12/site-packages/airflow/example_dags/example_setup_teardown.py
[2025-04-24T21:28:48.185+0000] {logging_mixin.py:190} INFO - [2025-04-24T21:28:48.184+0000] {dag.py:3239} INFO - Sync 1 DAGs
[2025-04-24T21:28:48.686+0000] {logging_mixin.py:190} INFO - [2025-04-24T21:28:48.685+0000] {dag.py:4180} INFO - Setting next_dagrun for example_setup_teardown to None, run_after=None
[2025-04-24T21:28:49.074+0000] {processor.py:208} INFO - Processing /home/airflow/.local/lib/python3.12/site-packages/airflow/example_dags/example_setup_teardown.py took 1.677 seconds
[2025-04-24T21:30:38.660+0000] {processor.py:186} INFO - Started process (PID=433) to work on /home/airflow/.local/lib/python3.12/site-packages/airflow/example_dags/example_setup_teardown.py
[2025-04-24T21:30:38.690+0000] {processor.py:914} INFO - Processing file /home/airflow/.local/lib/python3.12/site-packages/airflow/example_dags/example_setup_teardown.py for tasks to queue
[2025-04-24T21:30:38.700+0000] {logging_mixin.py:190} INFO - [2025-04-24T21:30:38.698+0000] {dagbag.py:588} INFO - Filling up the DagBag from /home/airflow/.local/lib/python3.12/site-packages/airflow/example_dags/example_setup_teardown.py
[2025-04-24T21:30:38.988+0000] {processor.py:925} INFO - DAG(s) 'example_setup_teardown' retrieved from /home/airflow/.local/lib/python3.12/site-packages/airflow/example_dags/example_setup_teardown.py
[2025-04-24T21:30:39.351+0000] {logging_mixin.py:190} INFO - [2025-04-24T21:30:39.351+0000] {dag.py:3239} INFO - Sync 1 DAGs
[2025-04-24T21:30:39.615+0000] {logging_mixin.py:190} INFO - [2025-04-24T21:30:39.613+0000] {dag.py:4180} INFO - Setting next_dagrun for example_setup_teardown to None, run_after=None
[2025-04-24T21:30:40.066+0000] {processor.py:208} INFO - Processing /home/airflow/.local/lib/python3.12/site-packages/airflow/example_dags/example_setup_teardown.py took 1.519 seconds
[2025-04-24T21:32:25.758+0000] {processor.py:186} INFO - Started process (PID=497) to work on /home/airflow/.local/lib/python3.12/site-packages/airflow/example_dags/example_setup_teardown.py
[2025-04-24T21:32:25.785+0000] {processor.py:914} INFO - Processing file /home/airflow/.local/lib/python3.12/site-packages/airflow/example_dags/example_setup_teardown.py for tasks to queue
[2025-04-24T21:32:25.833+0000] {logging_mixin.py:190} INFO - [2025-04-24T21:32:25.831+0000] {dagbag.py:588} INFO - Filling up the DagBag from /home/airflow/.local/lib/python3.12/site-packages/airflow/example_dags/example_setup_teardown.py
[2025-04-24T21:32:25.987+0000] {processor.py:925} INFO - DAG(s) 'example_setup_teardown' retrieved from /home/airflow/.local/lib/python3.12/site-packages/airflow/example_dags/example_setup_teardown.py
[2025-04-24T21:32:26.315+0000] {logging_mixin.py:190} INFO - [2025-04-24T21:32:26.312+0000] {dag.py:3239} INFO - Sync 1 DAGs
[2025-04-24T21:32:26.560+0000] {logging_mixin.py:190} INFO - [2025-04-24T21:32:26.559+0000] {dag.py:4180} INFO - Setting next_dagrun for example_setup_teardown to None, run_after=None
[2025-04-24T21:32:27.452+0000] {processor.py:208} INFO - Processing /home/airflow/.local/lib/python3.12/site-packages/airflow/example_dags/example_setup_teardown.py took 2.017 seconds
[2025-04-24T21:34:11.447+0000] {processor.py:186} INFO - Started process (PID=555) to work on /home/airflow/.local/lib/python3.12/site-packages/airflow/example_dags/example_setup_teardown.py
[2025-04-24T21:34:11.475+0000] {processor.py:914} INFO - Processing file /home/airflow/.local/lib/python3.12/site-packages/airflow/example_dags/example_setup_teardown.py for tasks to queue
[2025-04-24T21:34:11.538+0000] {logging_mixin.py:190} INFO - [2025-04-24T21:34:11.512+0000] {dagbag.py:588} INFO - Filling up the DagBag from /home/airflow/.local/lib/python3.12/site-packages/airflow/example_dags/example_setup_teardown.py
[2025-04-24T21:34:11.660+0000] {processor.py:925} INFO - DAG(s) 'example_setup_teardown' retrieved from /home/airflow/.local/lib/python3.12/site-packages/airflow/example_dags/example_setup_teardown.py
[2025-04-24T21:34:12.517+0000] {logging_mixin.py:190} INFO - [2025-04-24T21:34:12.516+0000] {dag.py:3239} INFO - Sync 1 DAGs
[2025-04-24T21:34:13.794+0000] {logging_mixin.py:190} INFO - [2025-04-24T21:34:13.793+0000] {dag.py:4180} INFO - Setting next_dagrun for example_setup_teardown to None, run_after=None
[2025-04-24T21:34:15.102+0000] {processor.py:208} INFO - Processing /home/airflow/.local/lib/python3.12/site-packages/airflow/example_dags/example_setup_teardown.py took 3.729 seconds
[2025-04-24T21:35:54.656+0000] {processor.py:186} INFO - Started process (PID=622) to work on /home/airflow/.local/lib/python3.12/site-packages/airflow/example_dags/example_setup_teardown.py
[2025-04-24T21:35:54.676+0000] {processor.py:914} INFO - Processing file /home/airflow/.local/lib/python3.12/site-packages/airflow/example_dags/example_setup_teardown.py for tasks to queue
[2025-04-24T21:35:54.749+0000] {logging_mixin.py:190} INFO - [2025-04-24T21:35:54.748+0000] {dagbag.py:588} INFO - Filling up the DagBag from /home/airflow/.local/lib/python3.12/site-packages/airflow/example_dags/example_setup_teardown.py
[2025-04-24T21:35:54.945+0000] {processor.py:925} INFO - DAG(s) 'example_setup_teardown' retrieved from /home/airflow/.local/lib/python3.12/site-packages/airflow/example_dags/example_setup_teardown.py
[2025-04-24T21:35:55.613+0000] {logging_mixin.py:190} INFO - [2025-04-24T21:35:55.612+0000] {dag.py:3239} INFO - Sync 1 DAGs
[2025-04-24T21:35:56.027+0000] {logging_mixin.py:190} INFO - [2025-04-24T21:35:56.026+0000] {dag.py:4180} INFO - Setting next_dagrun for example_setup_teardown to None, run_after=None
[2025-04-24T21:35:56.573+0000] {processor.py:208} INFO - Processing /home/airflow/.local/lib/python3.12/site-packages/airflow/example_dags/example_setup_teardown.py took 1.947 seconds
[2025-04-24T21:37:51.480+0000] {processor.py:186} INFO - Started process (PID=684) to work on /home/airflow/.local/lib/python3.12/site-packages/airflow/example_dags/example_setup_teardown.py
[2025-04-24T21:37:51.576+0000] {processor.py:914} INFO - Processing file /home/airflow/.local/lib/python3.12/site-packages/airflow/example_dags/example_setup_teardown.py for tasks to queue
[2025-04-24T21:37:51.600+0000] {logging_mixin.py:190} INFO - [2025-04-24T21:37:51.598+0000] {dagbag.py:588} INFO - Filling up the DagBag from /home/airflow/.local/lib/python3.12/site-packages/airflow/example_dags/example_setup_teardown.py
[2025-04-24T21:37:51.826+0000] {processor.py:925} INFO - DAG(s) 'example_setup_teardown' retrieved from /home/airflow/.local/lib/python3.12/site-packages/airflow/example_dags/example_setup_teardown.py
[2025-04-24T21:37:52.259+0000] {logging_mixin.py:190} INFO - [2025-04-24T21:37:52.258+0000] {dag.py:3239} INFO - Sync 1 DAGs
[2025-04-24T21:37:53.487+0000] {logging_mixin.py:190} INFO - [2025-04-24T21:37:53.486+0000] {dag.py:4180} INFO - Setting next_dagrun for example_setup_teardown to None, run_after=None
[2025-04-24T21:37:54.118+0000] {processor.py:208} INFO - Processing /home/airflow/.local/lib/python3.12/site-packages/airflow/example_dags/example_setup_teardown.py took 2.717 seconds
[2025-04-24T21:39:58.907+0000] {processor.py:186} INFO - Started process (PID=754) to work on /home/airflow/.local/lib/python3.12/site-packages/airflow/example_dags/example_setup_teardown.py
[2025-04-24T21:39:58.939+0000] {processor.py:914} INFO - Processing file /home/airflow/.local/lib/python3.12/site-packages/airflow/example_dags/example_setup_teardown.py for tasks to queue
[2025-04-24T21:39:59.079+0000] {logging_mixin.py:190} INFO - [2025-04-24T21:39:59.078+0000] {dagbag.py:588} INFO - Filling up the DagBag from /home/airflow/.local/lib/python3.12/site-packages/airflow/example_dags/example_setup_teardown.py
[2025-04-24T21:39:59.870+0000] {processor.py:925} INFO - DAG(s) 'example_setup_teardown' retrieved from /home/airflow/.local/lib/python3.12/site-packages/airflow/example_dags/example_setup_teardown.py
[2025-04-24T21:40:00.360+0000] {logging_mixin.py:190} INFO - [2025-04-24T21:40:00.358+0000] {dag.py:3239} INFO - Sync 1 DAGs
[2025-04-24T21:40:00.649+0000] {logging_mixin.py:190} INFO - [2025-04-24T21:40:00.648+0000] {dag.py:4180} INFO - Setting next_dagrun for example_setup_teardown to None, run_after=None
[2025-04-24T21:40:00.824+0000] {processor.py:208} INFO - Processing /home/airflow/.local/lib/python3.12/site-packages/airflow/example_dags/example_setup_teardown.py took 2.144 seconds
[2025-04-24T21:42:01.710+0000] {processor.py:186} INFO - Started process (PID=814) to work on /home/airflow/.local/lib/python3.12/site-packages/airflow/example_dags/example_setup_teardown.py
[2025-04-24T21:42:01.719+0000] {processor.py:914} INFO - Processing file /home/airflow/.local/lib/python3.12/site-packages/airflow/example_dags/example_setup_teardown.py for tasks to queue
[2025-04-24T21:42:01.763+0000] {logging_mixin.py:190} INFO - [2025-04-24T21:42:01.756+0000] {dagbag.py:588} INFO - Filling up the DagBag from /home/airflow/.local/lib/python3.12/site-packages/airflow/example_dags/example_setup_teardown.py
[2025-04-24T21:42:01.978+0000] {processor.py:925} INFO - DAG(s) 'example_setup_teardown' retrieved from /home/airflow/.local/lib/python3.12/site-packages/airflow/example_dags/example_setup_teardown.py
[2025-04-24T21:42:02.401+0000] {logging_mixin.py:190} INFO - [2025-04-24T21:42:02.401+0000] {dag.py:3239} INFO - Sync 1 DAGs
[2025-04-24T21:42:02.859+0000] {logging_mixin.py:190} INFO - [2025-04-24T21:42:02.767+0000] {dag.py:4180} INFO - Setting next_dagrun for example_setup_teardown to None, run_after=None
[2025-04-24T21:42:03.403+0000] {processor.py:208} INFO - Processing /home/airflow/.local/lib/python3.12/site-packages/airflow/example_dags/example_setup_teardown.py took 1.793 seconds
[2025-04-24T21:43:51.391+0000] {processor.py:186} INFO - Started process (PID=877) to work on /home/airflow/.local/lib/python3.12/site-packages/airflow/example_dags/example_setup_teardown.py
[2025-04-24T21:43:51.422+0000] {processor.py:914} INFO - Processing file /home/airflow/.local/lib/python3.12/site-packages/airflow/example_dags/example_setup_teardown.py for tasks to queue
[2025-04-24T21:43:51.515+0000] {logging_mixin.py:190} INFO - [2025-04-24T21:43:51.508+0000] {dagbag.py:588} INFO - Filling up the DagBag from /home/airflow/.local/lib/python3.12/site-packages/airflow/example_dags/example_setup_teardown.py
[2025-04-24T21:43:51.694+0000] {processor.py:925} INFO - DAG(s) 'example_setup_teardown' retrieved from /home/airflow/.local/lib/python3.12/site-packages/airflow/example_dags/example_setup_teardown.py
[2025-04-24T21:43:52.154+0000] {logging_mixin.py:190} INFO - [2025-04-24T21:43:52.153+0000] {dag.py:3239} INFO - Sync 1 DAGs
[2025-04-24T21:43:52.817+0000] {logging_mixin.py:190} INFO - [2025-04-24T21:43:52.816+0000] {dag.py:4180} INFO - Setting next_dagrun for example_setup_teardown to None, run_after=None
[2025-04-24T21:43:53.203+0000] {processor.py:208} INFO - Processing /home/airflow/.local/lib/python3.12/site-packages/airflow/example_dags/example_setup_teardown.py took 1.905 seconds
[2025-04-24T21:45:15.245+0000] {processor.py:186} INFO - Started process (PID=933) to work on /home/airflow/.local/lib/python3.12/site-packages/airflow/example_dags/example_setup_teardown.py
[2025-04-24T21:45:15.277+0000] {processor.py:914} INFO - Processing file /home/airflow/.local/lib/python3.12/site-packages/airflow/example_dags/example_setup_teardown.py for tasks to queue
[2025-04-24T21:45:15.416+0000] {logging_mixin.py:190} INFO - [2025-04-24T21:45:15.416+0000] {dagbag.py:588} INFO - Filling up the DagBag from /home/airflow/.local/lib/python3.12/site-packages/airflow/example_dags/example_setup_teardown.py
[2025-04-24T21:45:15.574+0000] {processor.py:925} INFO - DAG(s) 'example_setup_teardown' retrieved from /home/airflow/.local/lib/python3.12/site-packages/airflow/example_dags/example_setup_teardown.py
[2025-04-24T21:45:16.023+0000] {logging_mixin.py:190} INFO - [2025-04-24T21:45:16.022+0000] {dag.py:3239} INFO - Sync 1 DAGs
[2025-04-24T21:45:16.392+0000] {logging_mixin.py:190} INFO - [2025-04-24T21:45:16.391+0000] {dag.py:4180} INFO - Setting next_dagrun for example_setup_teardown to None, run_after=None
[2025-04-24T21:45:17.443+0000] {processor.py:208} INFO - Processing /home/airflow/.local/lib/python3.12/site-packages/airflow/example_dags/example_setup_teardown.py took 2.364 seconds
[2025-04-24T21:46:38.849+0000] {processor.py:186} INFO - Started process (PID=996) to work on /home/airflow/.local/lib/python3.12/site-packages/airflow/example_dags/example_setup_teardown.py
[2025-04-24T21:46:38.864+0000] {processor.py:914} INFO - Processing file /home/airflow/.local/lib/python3.12/site-packages/airflow/example_dags/example_setup_teardown.py for tasks to queue
[2025-04-24T21:46:38.877+0000] {logging_mixin.py:190} INFO - [2025-04-24T21:46:38.876+0000] {dagbag.py:588} INFO - Filling up the DagBag from /home/airflow/.local/lib/python3.12/site-packages/airflow/example_dags/example_setup_teardown.py
[2025-04-24T21:46:39.007+0000] {processor.py:925} INFO - DAG(s) 'example_setup_teardown' retrieved from /home/airflow/.local/lib/python3.12/site-packages/airflow/example_dags/example_setup_teardown.py
[2025-04-24T21:46:39.535+0000] {logging_mixin.py:190} INFO - [2025-04-24T21:46:39.534+0000] {dag.py:3239} INFO - Sync 1 DAGs
[2025-04-24T21:46:39.944+0000] {logging_mixin.py:190} INFO - [2025-04-24T21:46:39.943+0000] {dag.py:4180} INFO - Setting next_dagrun for example_setup_teardown to None, run_after=None
[2025-04-24T21:46:40.402+0000] {processor.py:208} INFO - Processing /home/airflow/.local/lib/python3.12/site-packages/airflow/example_dags/example_setup_teardown.py took 1.641 seconds
