[2025-04-24T21:20:49.570+0000] {processor.py:186} INFO - Started process (PID=95) to work on /home/airflow/.local/lib/python3.12/site-packages/airflow/example_dags/example_nested_branch_dag.py
[2025-04-24T21:20:49.645+0000] {processor.py:914} INFO - Processing file /home/airflow/.local/lib/python3.12/site-packages/airflow/example_dags/example_nested_branch_dag.py for tasks to queue
[2025-04-24T21:20:49.838+0000] {logging_mixin.py:190} INFO - [2025-04-24T21:20:49.741+0000] {dagbag.py:588} INFO - Filling up the DagBag from /home/airflow/.local/lib/python3.12/site-packages/airflow/example_dags/example_nested_branch_dag.py
[2025-04-24T21:20:50.067+0000] {processor.py:925} INFO - DAG(s) 'example_nested_branch_dag' retrieved from /home/airflow/.local/lib/python3.12/site-packages/airflow/example_dags/example_nested_branch_dag.py
[2025-04-24T21:20:50.387+0000] {logging_mixin.py:190} INFO - [2025-04-24T21:20:50.386+0000] {dag.py:3239} INFO - Sync 1 DAGs
[2025-04-24T21:20:50.977+0000] {logging_mixin.py:190} INFO - [2025-04-24T21:20:50.975+0000] {dag.py:4180} INFO - Setting next_dagrun for example_nested_branch_dag to 2025-04-23 00:00:00+00:00, run_after=2025-04-24 00:00:00+00:00
[2025-04-24T21:20:51.639+0000] {processor.py:208} INFO - Processing /home/airflow/.local/lib/python3.12/site-packages/airflow/example_dags/example_nested_branch_dag.py took 2.096 seconds
[2025-04-24T21:23:12.604+0000] {processor.py:186} INFO - Started process (PID=175) to work on /home/airflow/.local/lib/python3.12/site-packages/airflow/example_dags/example_nested_branch_dag.py
[2025-04-24T21:23:12.618+0000] {processor.py:914} INFO - Processing file /home/airflow/.local/lib/python3.12/site-packages/airflow/example_dags/example_nested_branch_dag.py for tasks to queue
[2025-04-24T21:23:12.658+0000] {logging_mixin.py:190} INFO - [2025-04-24T21:23:12.657+0000] {dagbag.py:588} INFO - Filling up the DagBag from /home/airflow/.local/lib/python3.12/site-packages/airflow/example_dags/example_nested_branch_dag.py
[2025-04-24T21:23:12.854+0000] {processor.py:925} INFO - DAG(s) 'example_nested_branch_dag' retrieved from /home/airflow/.local/lib/python3.12/site-packages/airflow/example_dags/example_nested_branch_dag.py
[2025-04-24T21:23:13.153+0000] {logging_mixin.py:190} INFO - [2025-04-24T21:23:13.151+0000] {dag.py:3239} INFO - Sync 1 DAGs
[2025-04-24T21:23:13.520+0000] {logging_mixin.py:190} INFO - [2025-04-24T21:23:13.519+0000] {dag.py:4180} INFO - Setting next_dagrun for example_nested_branch_dag to 2025-04-23 00:00:00+00:00, run_after=2025-04-24 00:00:00+00:00
[2025-04-24T21:23:14.205+0000] {processor.py:208} INFO - Processing /home/airflow/.local/lib/python3.12/site-packages/airflow/example_dags/example_nested_branch_dag.py took 1.690 seconds
[2025-04-24T21:24:47.637+0000] {processor.py:186} INFO - Started process (PID=232) to work on /home/airflow/.local/lib/python3.12/site-packages/airflow/example_dags/example_nested_branch_dag.py
[2025-04-24T21:24:47.738+0000] {processor.py:914} INFO - Processing file /home/airflow/.local/lib/python3.12/site-packages/airflow/example_dags/example_nested_branch_dag.py for tasks to queue
[2025-04-24T21:24:47.772+0000] {logging_mixin.py:190} INFO - [2025-04-24T21:24:47.771+0000] {dagbag.py:588} INFO - Filling up the DagBag from /home/airflow/.local/lib/python3.12/site-packages/airflow/example_dags/example_nested_branch_dag.py
[2025-04-24T21:24:47.950+0000] {processor.py:925} INFO - DAG(s) 'example_nested_branch_dag' retrieved from /home/airflow/.local/lib/python3.12/site-packages/airflow/example_dags/example_nested_branch_dag.py
[2025-04-24T21:24:48.841+0000] {logging_mixin.py:190} INFO - [2025-04-24T21:24:48.840+0000] {dag.py:3239} INFO - Sync 1 DAGs
[2025-04-24T21:24:50.848+0000] {logging_mixin.py:190} INFO - [2025-04-24T21:24:50.747+0000] {dag.py:4180} INFO - Setting next_dagrun for example_nested_branch_dag to 2025-04-23 00:00:00+00:00, run_after=2025-04-24 00:00:00+00:00
[2025-04-24T21:24:51.603+0000] {processor.py:208} INFO - Processing /home/airflow/.local/lib/python3.12/site-packages/airflow/example_dags/example_nested_branch_dag.py took 4.068 seconds
[2025-04-24T21:26:38.198+0000] {processor.py:186} INFO - Started process (PID=296) to work on /home/airflow/.local/lib/python3.12/site-packages/airflow/example_dags/example_nested_branch_dag.py
[2025-04-24T21:26:38.200+0000] {processor.py:914} INFO - Processing file /home/airflow/.local/lib/python3.12/site-packages/airflow/example_dags/example_nested_branch_dag.py for tasks to queue
[2025-04-24T21:26:38.249+0000] {logging_mixin.py:190} INFO - [2025-04-24T21:26:38.248+0000] {dagbag.py:588} INFO - Filling up the DagBag from /home/airflow/.local/lib/python3.12/site-packages/airflow/example_dags/example_nested_branch_dag.py
[2025-04-24T21:26:38.392+0000] {processor.py:925} INFO - DAG(s) 'example_nested_branch_dag' retrieved from /home/airflow/.local/lib/python3.12/site-packages/airflow/example_dags/example_nested_branch_dag.py
[2025-04-24T21:26:38.998+0000] {logging_mixin.py:190} INFO - [2025-04-24T21:26:38.997+0000] {dag.py:3239} INFO - Sync 1 DAGs
[2025-04-24T21:26:39.654+0000] {logging_mixin.py:190} INFO - [2025-04-24T21:26:39.653+0000] {dag.py:4180} INFO - Setting next_dagrun for example_nested_branch_dag to 2025-04-23 00:00:00+00:00, run_after=2025-04-24 00:00:00+00:00
[2025-04-24T21:26:40.377+0000] {processor.py:208} INFO - Processing /home/airflow/.local/lib/python3.12/site-packages/airflow/example_dags/example_nested_branch_dag.py took 2.251 seconds
[2025-04-24T21:28:04.953+0000] {processor.py:186} INFO - Started process (PID=356) to work on /home/airflow/.local/lib/python3.12/site-packages/airflow/example_dags/example_nested_branch_dag.py
[2025-04-24T21:28:04.987+0000] {processor.py:914} INFO - Processing file /home/airflow/.local/lib/python3.12/site-packages/airflow/example_dags/example_nested_branch_dag.py for tasks to queue
[2025-04-24T21:28:05.019+0000] {logging_mixin.py:190} INFO - [2025-04-24T21:28:05.018+0000] {dagbag.py:588} INFO - Filling up the DagBag from /home/airflow/.local/lib/python3.12/site-packages/airflow/example_dags/example_nested_branch_dag.py
[2025-04-24T21:28:05.196+0000] {processor.py:925} INFO - DAG(s) 'example_nested_branch_dag' retrieved from /home/airflow/.local/lib/python3.12/site-packages/airflow/example_dags/example_nested_branch_dag.py
[2025-04-24T21:28:05.663+0000] {logging_mixin.py:190} INFO - [2025-04-24T21:28:05.662+0000] {dag.py:3239} INFO - Sync 1 DAGs
[2025-04-24T21:28:07.037+0000] {logging_mixin.py:190} INFO - [2025-04-24T21:28:07.035+0000] {dag.py:4180} INFO - Setting next_dagrun for example_nested_branch_dag to 2025-04-23 00:00:00+00:00, run_after=2025-04-24 00:00:00+00:00
[2025-04-24T21:28:07.288+0000] {processor.py:208} INFO - Processing /home/airflow/.local/lib/python3.12/site-packages/airflow/example_dags/example_nested_branch_dag.py took 2.426 seconds
[2025-04-24T21:30:01.023+0000] {processor.py:186} INFO - Started process (PID=410) to work on /home/airflow/.local/lib/python3.12/site-packages/airflow/example_dags/example_nested_branch_dag.py
[2025-04-24T21:30:01.252+0000] {processor.py:914} INFO - Processing file /home/airflow/.local/lib/python3.12/site-packages/airflow/example_dags/example_nested_branch_dag.py for tasks to queue
[2025-04-24T21:30:01.360+0000] {logging_mixin.py:190} INFO - [2025-04-24T21:30:01.359+0000] {dagbag.py:588} INFO - Filling up the DagBag from /home/airflow/.local/lib/python3.12/site-packages/airflow/example_dags/example_nested_branch_dag.py
[2025-04-24T21:30:01.907+0000] {processor.py:925} INFO - DAG(s) 'example_nested_branch_dag' retrieved from /home/airflow/.local/lib/python3.12/site-packages/airflow/example_dags/example_nested_branch_dag.py
[2025-04-24T21:30:02.919+0000] {logging_mixin.py:190} INFO - [2025-04-24T21:30:02.742+0000] {dag.py:3239} INFO - Sync 1 DAGs
[2025-04-24T21:30:03.465+0000] {logging_mixin.py:190} INFO - [2025-04-24T21:30:03.464+0000] {dag.py:4180} INFO - Setting next_dagrun for example_nested_branch_dag to 2025-04-23 00:00:00+00:00, run_after=2025-04-24 00:00:00+00:00
[2025-04-24T21:30:04.253+0000] {processor.py:208} INFO - Processing /home/airflow/.local/lib/python3.12/site-packages/airflow/example_dags/example_nested_branch_dag.py took 3.558 seconds
[2025-04-24T21:31:48.621+0000] {processor.py:186} INFO - Started process (PID=481) to work on /home/airflow/.local/lib/python3.12/site-packages/airflow/example_dags/example_nested_branch_dag.py
[2025-04-24T21:31:48.656+0000] {processor.py:914} INFO - Processing file /home/airflow/.local/lib/python3.12/site-packages/airflow/example_dags/example_nested_branch_dag.py for tasks to queue
[2025-04-24T21:31:48.695+0000] {logging_mixin.py:190} INFO - [2025-04-24T21:31:48.694+0000] {dagbag.py:588} INFO - Filling up the DagBag from /home/airflow/.local/lib/python3.12/site-packages/airflow/example_dags/example_nested_branch_dag.py
[2025-04-24T21:31:49.076+0000] {processor.py:925} INFO - DAG(s) 'example_nested_branch_dag' retrieved from /home/airflow/.local/lib/python3.12/site-packages/airflow/example_dags/example_nested_branch_dag.py
[2025-04-24T21:31:49.641+0000] {logging_mixin.py:190} INFO - [2025-04-24T21:31:49.640+0000] {dag.py:3239} INFO - Sync 1 DAGs
[2025-04-24T21:31:50.177+0000] {logging_mixin.py:190} INFO - [2025-04-24T21:31:50.176+0000] {dag.py:4180} INFO - Setting next_dagrun for example_nested_branch_dag to 2025-04-23 00:00:00+00:00, run_after=2025-04-24 00:00:00+00:00
[2025-04-24T21:31:50.474+0000] {processor.py:208} INFO - Processing /home/airflow/.local/lib/python3.12/site-packages/airflow/example_dags/example_nested_branch_dag.py took 1.910 seconds
[2025-04-24T21:33:31.836+0000] {processor.py:186} INFO - Started process (PID=538) to work on /home/airflow/.local/lib/python3.12/site-packages/airflow/example_dags/example_nested_branch_dag.py
[2025-04-24T21:33:31.866+0000] {processor.py:914} INFO - Processing file /home/airflow/.local/lib/python3.12/site-packages/airflow/example_dags/example_nested_branch_dag.py for tasks to queue
[2025-04-24T21:33:31.896+0000] {logging_mixin.py:190} INFO - [2025-04-24T21:33:31.893+0000] {dagbag.py:588} INFO - Filling up the DagBag from /home/airflow/.local/lib/python3.12/site-packages/airflow/example_dags/example_nested_branch_dag.py
[2025-04-24T21:33:32.064+0000] {processor.py:925} INFO - DAG(s) 'example_nested_branch_dag' retrieved from /home/airflow/.local/lib/python3.12/site-packages/airflow/example_dags/example_nested_branch_dag.py
[2025-04-24T21:33:32.410+0000] {logging_mixin.py:190} INFO - [2025-04-24T21:33:32.409+0000] {dag.py:3239} INFO - Sync 1 DAGs
[2025-04-24T21:33:32.988+0000] {logging_mixin.py:190} INFO - [2025-04-24T21:33:32.987+0000] {dag.py:4180} INFO - Setting next_dagrun for example_nested_branch_dag to 2025-04-23 00:00:00+00:00, run_after=2025-04-24 00:00:00+00:00
[2025-04-24T21:33:33.678+0000] {processor.py:208} INFO - Processing /home/airflow/.local/lib/python3.12/site-packages/airflow/example_dags/example_nested_branch_dag.py took 1.880 seconds
[2025-04-24T21:35:14.711+0000] {processor.py:186} INFO - Started process (PID=600) to work on /home/airflow/.local/lib/python3.12/site-packages/airflow/example_dags/example_nested_branch_dag.py
[2025-04-24T21:35:14.734+0000] {processor.py:914} INFO - Processing file /home/airflow/.local/lib/python3.12/site-packages/airflow/example_dags/example_nested_branch_dag.py for tasks to queue
[2025-04-24T21:35:14.826+0000] {logging_mixin.py:190} INFO - [2025-04-24T21:35:14.824+0000] {dagbag.py:588} INFO - Filling up the DagBag from /home/airflow/.local/lib/python3.12/site-packages/airflow/example_dags/example_nested_branch_dag.py
[2025-04-24T21:35:15.018+0000] {processor.py:925} INFO - DAG(s) 'example_nested_branch_dag' retrieved from /home/airflow/.local/lib/python3.12/site-packages/airflow/example_dags/example_nested_branch_dag.py
[2025-04-24T21:35:15.493+0000] {logging_mixin.py:190} INFO - [2025-04-24T21:35:15.492+0000] {dag.py:3239} INFO - Sync 1 DAGs
[2025-04-24T21:35:17.140+0000] {logging_mixin.py:190} INFO - [2025-04-24T21:35:17.139+0000] {dag.py:4180} INFO - Setting next_dagrun for example_nested_branch_dag to 2025-04-23 00:00:00+00:00, run_after=2025-04-24 00:00:00+00:00
[2025-04-24T21:35:17.670+0000] {processor.py:208} INFO - Processing /home/airflow/.local/lib/python3.12/site-packages/airflow/example_dags/example_nested_branch_dag.py took 3.030 seconds
[2025-04-24T21:37:07.737+0000] {processor.py:186} INFO - Started process (PID=661) to work on /home/airflow/.local/lib/python3.12/site-packages/airflow/example_dags/example_nested_branch_dag.py
[2025-04-24T21:37:07.769+0000] {processor.py:914} INFO - Processing file /home/airflow/.local/lib/python3.12/site-packages/airflow/example_dags/example_nested_branch_dag.py for tasks to queue
[2025-04-24T21:37:07.776+0000] {logging_mixin.py:190} INFO - [2025-04-24T21:37:07.776+0000] {dagbag.py:588} INFO - Filling up the DagBag from /home/airflow/.local/lib/python3.12/site-packages/airflow/example_dags/example_nested_branch_dag.py
[2025-04-24T21:37:08.480+0000] {processor.py:925} INFO - DAG(s) 'example_nested_branch_dag' retrieved from /home/airflow/.local/lib/python3.12/site-packages/airflow/example_dags/example_nested_branch_dag.py
[2025-04-24T21:37:09.440+0000] {logging_mixin.py:190} INFO - [2025-04-24T21:37:09.439+0000] {dag.py:3239} INFO - Sync 1 DAGs
[2025-04-24T21:37:10.726+0000] {logging_mixin.py:190} INFO - [2025-04-24T21:37:10.725+0000] {dag.py:4180} INFO - Setting next_dagrun for example_nested_branch_dag to 2025-04-23 00:00:00+00:00, run_after=2025-04-24 00:00:00+00:00
[2025-04-24T21:37:11.692+0000] {processor.py:208} INFO - Processing /home/airflow/.local/lib/python3.12/site-packages/airflow/example_dags/example_nested_branch_dag.py took 4.020 seconds
[2025-04-24T21:39:15.705+0000] {processor.py:186} INFO - Started process (PID=731) to work on /home/airflow/.local/lib/python3.12/site-packages/airflow/example_dags/example_nested_branch_dag.py
[2025-04-24T21:39:15.725+0000] {processor.py:914} INFO - Processing file /home/airflow/.local/lib/python3.12/site-packages/airflow/example_dags/example_nested_branch_dag.py for tasks to queue
[2025-04-24T21:39:15.775+0000] {logging_mixin.py:190} INFO - [2025-04-24T21:39:15.772+0000] {dagbag.py:588} INFO - Filling up the DagBag from /home/airflow/.local/lib/python3.12/site-packages/airflow/example_dags/example_nested_branch_dag.py
[2025-04-24T21:39:16.082+0000] {processor.py:925} INFO - DAG(s) 'example_nested_branch_dag' retrieved from /home/airflow/.local/lib/python3.12/site-packages/airflow/example_dags/example_nested_branch_dag.py
[2025-04-24T21:39:17.519+0000] {logging_mixin.py:190} INFO - [2025-04-24T21:39:17.515+0000] {dag.py:3239} INFO - Sync 1 DAGs
[2025-04-24T21:39:18.734+0000] {logging_mixin.py:190} INFO - [2025-04-24T21:39:18.734+0000] {dag.py:4180} INFO - Setting next_dagrun for example_nested_branch_dag to 2025-04-23 00:00:00+00:00, run_after=2025-04-24 00:00:00+00:00
[2025-04-24T21:39:19.384+0000] {processor.py:208} INFO - Processing /home/airflow/.local/lib/python3.12/site-packages/airflow/example_dags/example_nested_branch_dag.py took 3.736 seconds
[2025-04-24T21:41:16.773+0000] {processor.py:186} INFO - Started process (PID=791) to work on /home/airflow/.local/lib/python3.12/site-packages/airflow/example_dags/example_nested_branch_dag.py
[2025-04-24T21:41:16.791+0000] {processor.py:914} INFO - Processing file /home/airflow/.local/lib/python3.12/site-packages/airflow/example_dags/example_nested_branch_dag.py for tasks to queue
[2025-04-24T21:41:16.803+0000] {logging_mixin.py:190} INFO - [2025-04-24T21:41:16.803+0000] {dagbag.py:588} INFO - Filling up the DagBag from /home/airflow/.local/lib/python3.12/site-packages/airflow/example_dags/example_nested_branch_dag.py
[2025-04-24T21:41:17.211+0000] {processor.py:925} INFO - DAG(s) 'example_nested_branch_dag' retrieved from /home/airflow/.local/lib/python3.12/site-packages/airflow/example_dags/example_nested_branch_dag.py
[2025-04-24T21:41:17.732+0000] {logging_mixin.py:190} INFO - [2025-04-24T21:41:17.732+0000] {dag.py:3239} INFO - Sync 1 DAGs
[2025-04-24T21:41:18.286+0000] {logging_mixin.py:190} INFO - [2025-04-24T21:41:18.286+0000] {dag.py:4180} INFO - Setting next_dagrun for example_nested_branch_dag to 2025-04-23 00:00:00+00:00, run_after=2025-04-24 00:00:00+00:00
[2025-04-24T21:41:19.120+0000] {processor.py:208} INFO - Processing /home/airflow/.local/lib/python3.12/site-packages/airflow/example_dags/example_nested_branch_dag.py took 2.566 seconds
[2025-04-24T21:43:13.869+0000] {processor.py:186} INFO - Started process (PID=860) to work on /home/airflow/.local/lib/python3.12/site-packages/airflow/example_dags/example_nested_branch_dag.py
[2025-04-24T21:43:13.892+0000] {processor.py:914} INFO - Processing file /home/airflow/.local/lib/python3.12/site-packages/airflow/example_dags/example_nested_branch_dag.py for tasks to queue
[2025-04-24T21:43:13.902+0000] {logging_mixin.py:190} INFO - [2025-04-24T21:43:13.901+0000] {dagbag.py:588} INFO - Filling up the DagBag from /home/airflow/.local/lib/python3.12/site-packages/airflow/example_dags/example_nested_branch_dag.py
[2025-04-24T21:43:14.038+0000] {processor.py:925} INFO - DAG(s) 'example_nested_branch_dag' retrieved from /home/airflow/.local/lib/python3.12/site-packages/airflow/example_dags/example_nested_branch_dag.py
[2025-04-24T21:43:14.617+0000] {logging_mixin.py:190} INFO - [2025-04-24T21:43:14.617+0000] {dag.py:3239} INFO - Sync 1 DAGs
[2025-04-24T21:43:15.119+0000] {logging_mixin.py:190} INFO - [2025-04-24T21:43:15.118+0000] {dag.py:4180} INFO - Setting next_dagrun for example_nested_branch_dag to 2025-04-23 00:00:00+00:00, run_after=2025-04-24 00:00:00+00:00
[2025-04-24T21:43:15.340+0000] {processor.py:208} INFO - Processing /home/airflow/.local/lib/python3.12/site-packages/airflow/example_dags/example_nested_branch_dag.py took 1.538 seconds
[2025-04-24T21:44:47.122+0000] {processor.py:186} INFO - Started process (PID=916) to work on /home/airflow/.local/lib/python3.12/site-packages/airflow/example_dags/example_nested_branch_dag.py
[2025-04-24T21:44:47.207+0000] {processor.py:914} INFO - Processing file /home/airflow/.local/lib/python3.12/site-packages/airflow/example_dags/example_nested_branch_dag.py for tasks to queue
[2025-04-24T21:44:47.245+0000] {logging_mixin.py:190} INFO - [2025-04-24T21:44:47.244+0000] {dagbag.py:588} INFO - Filling up the DagBag from /home/airflow/.local/lib/python3.12/site-packages/airflow/example_dags/example_nested_branch_dag.py
[2025-04-24T21:44:47.520+0000] {processor.py:925} INFO - DAG(s) 'example_nested_branch_dag' retrieved from /home/airflow/.local/lib/python3.12/site-packages/airflow/example_dags/example_nested_branch_dag.py
[2025-04-24T21:44:48.175+0000] {logging_mixin.py:190} INFO - [2025-04-24T21:44:48.174+0000] {dag.py:3239} INFO - Sync 1 DAGs
[2025-04-24T21:44:49.917+0000] {logging_mixin.py:190} INFO - [2025-04-24T21:44:49.917+0000] {dag.py:4180} INFO - Setting next_dagrun for example_nested_branch_dag to 2025-04-23 00:00:00+00:00, run_after=2025-04-24 00:00:00+00:00
[2025-04-24T21:44:50.334+0000] {processor.py:208} INFO - Processing /home/airflow/.local/lib/python3.12/site-packages/airflow/example_dags/example_nested_branch_dag.py took 3.273 seconds
[2025-04-24T21:46:11.864+0000] {processor.py:186} INFO - Started process (PID=979) to work on /home/airflow/.local/lib/python3.12/site-packages/airflow/example_dags/example_nested_branch_dag.py
[2025-04-24T21:46:11.906+0000] {processor.py:914} INFO - Processing file /home/airflow/.local/lib/python3.12/site-packages/airflow/example_dags/example_nested_branch_dag.py for tasks to queue
[2025-04-24T21:46:11.913+0000] {logging_mixin.py:190} INFO - [2025-04-24T21:46:11.912+0000] {dagbag.py:588} INFO - Filling up the DagBag from /home/airflow/.local/lib/python3.12/site-packages/airflow/example_dags/example_nested_branch_dag.py
[2025-04-24T21:46:12.090+0000] {processor.py:925} INFO - DAG(s) 'example_nested_branch_dag' retrieved from /home/airflow/.local/lib/python3.12/site-packages/airflow/example_dags/example_nested_branch_dag.py
[2025-04-24T21:46:12.590+0000] {logging_mixin.py:190} INFO - [2025-04-24T21:46:12.590+0000] {dag.py:3239} INFO - Sync 1 DAGs
[2025-04-24T21:46:13.115+0000] {logging_mixin.py:190} INFO - [2025-04-24T21:46:13.075+0000] {dag.py:4180} INFO - Setting next_dagrun for example_nested_branch_dag to 2025-04-23 00:00:00+00:00, run_after=2025-04-24 00:00:00+00:00
[2025-04-24T21:46:14.047+0000] {processor.py:208} INFO - Processing /home/airflow/.local/lib/python3.12/site-packages/airflow/example_dags/example_nested_branch_dag.py took 2.218 seconds
