[2025-04-24T21:22:09.830+0000] {processor.py:186} INFO - Started process (PID=138) to work on /home/airflow/.local/lib/python3.12/site-packages/airflow/example_dags/example_external_task_marker_dag.py
[2025-04-24T21:22:09.840+0000] {processor.py:914} INFO - Processing file /home/airflow/.local/lib/python3.12/site-packages/airflow/example_dags/example_external_task_marker_dag.py for tasks to queue
[2025-04-24T21:22:09.860+0000] {logging_mixin.py:190} INFO - [2025-04-24T21:22:09.859+0000] {dagbag.py:588} INFO - Filling up the DagBag from /home/airflow/.local/lib/python3.12/site-packages/airflow/example_dags/example_external_task_marker_dag.py
[2025-04-24T21:22:10.139+0000] {processor.py:925} INFO - DAG(s) 'example_external_task_marker_child', 'example_external_task_marker_parent' retrieved from /home/airflow/.local/lib/python3.12/site-packages/airflow/example_dags/example_external_task_marker_dag.py
[2025-04-24T21:22:10.806+0000] {logging_mixin.py:190} INFO - [2025-04-24T21:22:10.805+0000] {dag.py:3239} INFO - Sync 2 DAGs
[2025-04-24T21:22:11.150+0000] {logging_mixin.py:190} INFO - [2025-04-24T21:22:11.150+0000] {dag.py:4180} INFO - Setting next_dagrun for example_external_task_marker_child to None, run_after=None
[2025-04-24T21:22:11.207+0000] {logging_mixin.py:190} INFO - [2025-04-24T21:22:11.207+0000] {dag.py:4180} INFO - Setting next_dagrun for example_external_task_marker_parent to None, run_after=None
[2025-04-24T21:22:11.608+0000] {processor.py:208} INFO - Processing /home/airflow/.local/lib/python3.12/site-packages/airflow/example_dags/example_external_task_marker_dag.py took 1.958 seconds
[2025-04-24T21:24:35.983+0000] {processor.py:186} INFO - Started process (PID=223) to work on /home/airflow/.local/lib/python3.12/site-packages/airflow/example_dags/example_external_task_marker_dag.py
[2025-04-24T21:24:36.049+0000] {processor.py:914} INFO - Processing file /home/airflow/.local/lib/python3.12/site-packages/airflow/example_dags/example_external_task_marker_dag.py for tasks to queue
[2025-04-24T21:24:36.138+0000] {logging_mixin.py:190} INFO - [2025-04-24T21:24:36.081+0000] {dagbag.py:588} INFO - Filling up the DagBag from /home/airflow/.local/lib/python3.12/site-packages/airflow/example_dags/example_external_task_marker_dag.py
[2025-04-24T21:24:36.297+0000] {processor.py:925} INFO - DAG(s) 'example_external_task_marker_child', 'example_external_task_marker_parent' retrieved from /home/airflow/.local/lib/python3.12/site-packages/airflow/example_dags/example_external_task_marker_dag.py
[2025-04-24T21:24:36.840+0000] {logging_mixin.py:190} INFO - [2025-04-24T21:24:36.840+0000] {dag.py:3239} INFO - Sync 2 DAGs
[2025-04-24T21:24:37.273+0000] {logging_mixin.py:190} INFO - [2025-04-24T21:24:37.273+0000] {dag.py:4180} INFO - Setting next_dagrun for example_external_task_marker_child to None, run_after=None
[2025-04-24T21:24:37.372+0000] {logging_mixin.py:190} INFO - [2025-04-24T21:24:37.371+0000] {dag.py:4180} INFO - Setting next_dagrun for example_external_task_marker_parent to None, run_after=None
[2025-04-24T21:24:37.782+0000] {processor.py:208} INFO - Processing /home/airflow/.local/lib/python3.12/site-packages/airflow/example_dags/example_external_task_marker_dag.py took 1.901 seconds
[2025-04-24T21:27:47.839+0000] {processor.py:186} INFO - Started process (PID=339) to work on /home/airflow/.local/lib/python3.12/site-packages/airflow/example_dags/example_external_task_marker_dag.py
[2025-04-24T21:27:47.935+0000] {processor.py:914} INFO - Processing file /home/airflow/.local/lib/python3.12/site-packages/airflow/example_dags/example_external_task_marker_dag.py for tasks to queue
[2025-04-24T21:27:47.983+0000] {logging_mixin.py:190} INFO - [2025-04-24T21:27:47.983+0000] {dagbag.py:588} INFO - Filling up the DagBag from /home/airflow/.local/lib/python3.12/site-packages/airflow/example_dags/example_external_task_marker_dag.py
[2025-04-24T21:27:48.070+0000] {processor.py:925} INFO - DAG(s) 'example_external_task_marker_child', 'example_external_task_marker_parent' retrieved from /home/airflow/.local/lib/python3.12/site-packages/airflow/example_dags/example_external_task_marker_dag.py
[2025-04-24T21:27:48.483+0000] {logging_mixin.py:190} INFO - [2025-04-24T21:27:48.483+0000] {dag.py:3239} INFO - Sync 2 DAGs
[2025-04-24T21:27:48.815+0000] {logging_mixin.py:190} INFO - [2025-04-24T21:27:48.815+0000] {dag.py:4180} INFO - Setting next_dagrun for example_external_task_marker_child to None, run_after=None
[2025-04-24T21:27:48.912+0000] {logging_mixin.py:190} INFO - [2025-04-24T21:27:48.912+0000] {dag.py:4180} INFO - Setting next_dagrun for example_external_task_marker_parent to None, run_after=None
[2025-04-24T21:27:49.617+0000] {processor.py:208} INFO - Processing /home/airflow/.local/lib/python3.12/site-packages/airflow/example_dags/example_external_task_marker_dag.py took 1.892 seconds
[2025-04-24T21:31:24.606+0000] {processor.py:186} INFO - Started process (PID=460) to work on /home/airflow/.local/lib/python3.12/site-packages/airflow/example_dags/example_external_task_marker_dag.py
[2025-04-24T21:31:24.617+0000] {processor.py:914} INFO - Processing file /home/airflow/.local/lib/python3.12/site-packages/airflow/example_dags/example_external_task_marker_dag.py for tasks to queue
[2025-04-24T21:31:24.803+0000] {logging_mixin.py:190} INFO - [2025-04-24T21:31:24.802+0000] {dagbag.py:588} INFO - Filling up the DagBag from /home/airflow/.local/lib/python3.12/site-packages/airflow/example_dags/example_external_task_marker_dag.py
[2025-04-24T21:31:25.087+0000] {processor.py:925} INFO - DAG(s) 'example_external_task_marker_child', 'example_external_task_marker_parent' retrieved from /home/airflow/.local/lib/python3.12/site-packages/airflow/example_dags/example_external_task_marker_dag.py
[2025-04-24T21:31:25.734+0000] {logging_mixin.py:190} INFO - [2025-04-24T21:31:25.734+0000] {dag.py:3239} INFO - Sync 2 DAGs
[2025-04-24T21:31:26.202+0000] {logging_mixin.py:190} INFO - [2025-04-24T21:31:26.202+0000] {dag.py:4180} INFO - Setting next_dagrun for example_external_task_marker_child to None, run_after=None
[2025-04-24T21:31:26.256+0000] {logging_mixin.py:190} INFO - [2025-04-24T21:31:26.255+0000] {dag.py:4180} INFO - Setting next_dagrun for example_external_task_marker_parent to None, run_after=None
[2025-04-24T21:31:26.876+0000] {processor.py:208} INFO - Processing /home/airflow/.local/lib/python3.12/site-packages/airflow/example_dags/example_external_task_marker_dag.py took 2.438 seconds
[2025-04-24T21:34:49.075+0000] {processor.py:186} INFO - Started process (PID=585) to work on /home/airflow/.local/lib/python3.12/site-packages/airflow/example_dags/example_external_task_marker_dag.py
[2025-04-24T21:34:49.079+0000] {processor.py:914} INFO - Processing file /home/airflow/.local/lib/python3.12/site-packages/airflow/example_dags/example_external_task_marker_dag.py for tasks to queue
[2025-04-24T21:34:49.106+0000] {logging_mixin.py:190} INFO - [2025-04-24T21:34:49.105+0000] {dagbag.py:588} INFO - Filling up the DagBag from /home/airflow/.local/lib/python3.12/site-packages/airflow/example_dags/example_external_task_marker_dag.py
[2025-04-24T21:34:49.227+0000] {processor.py:925} INFO - DAG(s) 'example_external_task_marker_child', 'example_external_task_marker_parent' retrieved from /home/airflow/.local/lib/python3.12/site-packages/airflow/example_dags/example_external_task_marker_dag.py
[2025-04-24T21:34:49.597+0000] {logging_mixin.py:190} INFO - [2025-04-24T21:34:49.582+0000] {dag.py:3239} INFO - Sync 2 DAGs
[2025-04-24T21:34:49.820+0000] {logging_mixin.py:190} INFO - [2025-04-24T21:34:49.819+0000] {dag.py:4180} INFO - Setting next_dagrun for example_external_task_marker_child to None, run_after=None
[2025-04-24T21:34:49.937+0000] {logging_mixin.py:190} INFO - [2025-04-24T21:34:49.936+0000] {dag.py:4180} INFO - Setting next_dagrun for example_external_task_marker_parent to None, run_after=None
[2025-04-24T21:34:50.416+0000] {processor.py:208} INFO - Processing /home/airflow/.local/lib/python3.12/site-packages/airflow/example_dags/example_external_task_marker_dag.py took 1.399 seconds
[2025-04-24T21:38:51.287+0000] {processor.py:186} INFO - Started process (PID=710) to work on /home/airflow/.local/lib/python3.12/site-packages/airflow/example_dags/example_external_task_marker_dag.py
[2025-04-24T21:38:51.323+0000] {processor.py:914} INFO - Processing file /home/airflow/.local/lib/python3.12/site-packages/airflow/example_dags/example_external_task_marker_dag.py for tasks to queue
[2025-04-24T21:38:51.354+0000] {logging_mixin.py:190} INFO - [2025-04-24T21:38:51.352+0000] {dagbag.py:588} INFO - Filling up the DagBag from /home/airflow/.local/lib/python3.12/site-packages/airflow/example_dags/example_external_task_marker_dag.py
[2025-04-24T21:38:51.446+0000] {processor.py:925} INFO - DAG(s) 'example_external_task_marker_child', 'example_external_task_marker_parent' retrieved from /home/airflow/.local/lib/python3.12/site-packages/airflow/example_dags/example_external_task_marker_dag.py
[2025-04-24T21:38:52.374+0000] {logging_mixin.py:190} INFO - [2025-04-24T21:38:52.373+0000] {dag.py:3239} INFO - Sync 2 DAGs
[2025-04-24T21:38:52.696+0000] {logging_mixin.py:190} INFO - [2025-04-24T21:38:52.695+0000] {dag.py:4180} INFO - Setting next_dagrun for example_external_task_marker_child to None, run_after=None
[2025-04-24T21:38:52.827+0000] {logging_mixin.py:190} INFO - [2025-04-24T21:38:52.827+0000] {dag.py:4180} INFO - Setting next_dagrun for example_external_task_marker_parent to None, run_after=None
[2025-04-24T21:38:53.299+0000] {processor.py:208} INFO - Processing /home/airflow/.local/lib/python3.12/site-packages/airflow/example_dags/example_external_task_marker_dag.py took 2.050 seconds
[2025-04-24T21:42:49.747+0000] {processor.py:186} INFO - Started process (PID=839) to work on /home/airflow/.local/lib/python3.12/site-packages/airflow/example_dags/example_external_task_marker_dag.py
[2025-04-24T21:42:49.770+0000] {processor.py:914} INFO - Processing file /home/airflow/.local/lib/python3.12/site-packages/airflow/example_dags/example_external_task_marker_dag.py for tasks to queue
[2025-04-24T21:42:49.780+0000] {logging_mixin.py:190} INFO - [2025-04-24T21:42:49.779+0000] {dagbag.py:588} INFO - Filling up the DagBag from /home/airflow/.local/lib/python3.12/site-packages/airflow/example_dags/example_external_task_marker_dag.py
[2025-04-24T21:42:49.876+0000] {processor.py:925} INFO - DAG(s) 'example_external_task_marker_child', 'example_external_task_marker_parent' retrieved from /home/airflow/.local/lib/python3.12/site-packages/airflow/example_dags/example_external_task_marker_dag.py
[2025-04-24T21:42:50.434+0000] {logging_mixin.py:190} INFO - [2025-04-24T21:42:50.433+0000] {dag.py:3239} INFO - Sync 2 DAGs
[2025-04-24T21:42:50.809+0000] {logging_mixin.py:190} INFO - [2025-04-24T21:42:50.808+0000] {dag.py:4180} INFO - Setting next_dagrun for example_external_task_marker_child to None, run_after=None
[2025-04-24T21:42:51.026+0000] {logging_mixin.py:190} INFO - [2025-04-24T21:42:51.026+0000] {dag.py:4180} INFO - Setting next_dagrun for example_external_task_marker_parent to None, run_after=None
[2025-04-24T21:42:51.465+0000] {processor.py:208} INFO - Processing /home/airflow/.local/lib/python3.12/site-packages/airflow/example_dags/example_external_task_marker_dag.py took 1.809 seconds
[2025-04-24T21:45:50.037+0000] {processor.py:186} INFO - Started process (PID=958) to work on /home/airflow/.local/lib/python3.12/site-packages/airflow/example_dags/example_external_task_marker_dag.py
[2025-04-24T21:45:50.107+0000] {processor.py:914} INFO - Processing file /home/airflow/.local/lib/python3.12/site-packages/airflow/example_dags/example_external_task_marker_dag.py for tasks to queue
[2025-04-24T21:45:50.332+0000] {logging_mixin.py:190} INFO - [2025-04-24T21:45:50.257+0000] {dagbag.py:588} INFO - Filling up the DagBag from /home/airflow/.local/lib/python3.12/site-packages/airflow/example_dags/example_external_task_marker_dag.py
[2025-04-24T21:45:51.019+0000] {processor.py:925} INFO - DAG(s) 'example_external_task_marker_parent', 'example_external_task_marker_child' retrieved from /home/airflow/.local/lib/python3.12/site-packages/airflow/example_dags/example_external_task_marker_dag.py
[2025-04-24T21:45:51.500+0000] {logging_mixin.py:190} INFO - [2025-04-24T21:45:51.500+0000] {dag.py:3239} INFO - Sync 2 DAGs
[2025-04-24T21:45:51.929+0000] {logging_mixin.py:190} INFO - [2025-04-24T21:45:51.929+0000] {dag.py:4180} INFO - Setting next_dagrun for example_external_task_marker_child to None, run_after=None
[2025-04-24T21:45:52.204+0000] {logging_mixin.py:190} INFO - [2025-04-24T21:45:52.112+0000] {dag.py:4180} INFO - Setting next_dagrun for example_external_task_marker_parent to None, run_after=None
[2025-04-24T21:45:52.697+0000] {processor.py:208} INFO - Processing /home/airflow/.local/lib/python3.12/site-packages/airflow/example_dags/example_external_task_marker_dag.py took 3.126 seconds
