[2025-04-24T21:22:58.617+0000] {processor.py:186} INFO - Started process (PID=166) to work on /home/airflow/.local/lib/python3.12/site-packages/airflow/example_dags/example_display_name.py
[2025-04-24T21:22:58.624+0000] {processor.py:914} INFO - Processing file /home/airflow/.local/lib/python3.12/site-packages/airflow/example_dags/example_display_name.py for tasks to queue
[2025-04-24T21:22:58.723+0000] {logging_mixin.py:190} INFO - [2025-04-24T21:22:58.721+0000] {dagbag.py:588} INFO - Filling up the DagBag from /home/airflow/.local/lib/python3.12/site-packages/airflow/example_dags/example_display_name.py
[2025-04-24T21:22:58.929+0000] {processor.py:925} INFO - DAG(s) 'example_display_name' retrieved from /home/airflow/.local/lib/python3.12/site-packages/airflow/example_dags/example_display_name.py
[2025-04-24T21:22:59.379+0000] {logging_mixin.py:190} INFO - [2025-04-24T21:22:59.378+0000] {dag.py:3239} INFO - Sync 1 DAGs
[2025-04-24T21:23:00.000+0000] {logging_mixin.py:190} INFO - [2025-04-24T21:22:59.999+0000] {dag.py:4180} INFO - Setting next_dagrun for example_display_name to None, run_after=None
[2025-04-24T21:23:00.240+0000] {processor.py:208} INFO - Processing /home/airflow/.local/lib/python3.12/site-packages/airflow/example_dags/example_display_name.py took 1.697 seconds
[2025-04-24T21:26:24.448+0000] {processor.py:186} INFO - Started process (PID=281) to work on /home/airflow/.local/lib/python3.12/site-packages/airflow/example_dags/example_display_name.py
[2025-04-24T21:26:24.492+0000] {processor.py:914} INFO - Processing file /home/airflow/.local/lib/python3.12/site-packages/airflow/example_dags/example_display_name.py for tasks to queue
[2025-04-24T21:26:24.526+0000] {logging_mixin.py:190} INFO - [2025-04-24T21:26:24.525+0000] {dagbag.py:588} INFO - Filling up the DagBag from /home/airflow/.local/lib/python3.12/site-packages/airflow/example_dags/example_display_name.py
[2025-04-24T21:26:24.642+0000] {processor.py:925} INFO - DAG(s) 'example_display_name' retrieved from /home/airflow/.local/lib/python3.12/site-packages/airflow/example_dags/example_display_name.py
[2025-04-24T21:26:25.251+0000] {logging_mixin.py:190} INFO - [2025-04-24T21:26:25.250+0000] {dag.py:3239} INFO - Sync 1 DAGs
[2025-04-24T21:26:25.446+0000] {logging_mixin.py:190} INFO - [2025-04-24T21:26:25.444+0000] {dag.py:4180} INFO - Setting next_dagrun for example_display_name to None, run_after=None
[2025-04-24T21:26:25.867+0000] {processor.py:208} INFO - Processing /home/airflow/.local/lib/python3.12/site-packages/airflow/example_dags/example_display_name.py took 1.548 seconds
[2025-04-24T21:29:44.378+0000] {processor.py:186} INFO - Started process (PID=401) to work on /home/airflow/.local/lib/python3.12/site-packages/airflow/example_dags/example_display_name.py
[2025-04-24T21:29:44.499+0000] {processor.py:914} INFO - Processing file /home/airflow/.local/lib/python3.12/site-packages/airflow/example_dags/example_display_name.py for tasks to queue
[2025-04-24T21:29:44.535+0000] {logging_mixin.py:190} INFO - [2025-04-24T21:29:44.535+0000] {dagbag.py:588} INFO - Filling up the DagBag from /home/airflow/.local/lib/python3.12/site-packages/airflow/example_dags/example_display_name.py
[2025-04-24T21:29:44.755+0000] {processor.py:925} INFO - DAG(s) 'example_display_name' retrieved from /home/airflow/.local/lib/python3.12/site-packages/airflow/example_dags/example_display_name.py
[2025-04-24T21:29:45.333+0000] {logging_mixin.py:190} INFO - [2025-04-24T21:29:45.332+0000] {dag.py:3239} INFO - Sync 1 DAGs
[2025-04-24T21:29:45.891+0000] {logging_mixin.py:190} INFO - [2025-04-24T21:29:45.889+0000] {dag.py:4180} INFO - Setting next_dagrun for example_display_name to None, run_after=None
[2025-04-24T21:29:46.717+0000] {processor.py:208} INFO - Processing /home/airflow/.local/lib/python3.12/site-packages/airflow/example_dags/example_display_name.py took 2.669 seconds
[2025-04-24T21:33:23.729+0000] {processor.py:186} INFO - Started process (PID=529) to work on /home/airflow/.local/lib/python3.12/site-packages/airflow/example_dags/example_display_name.py
[2025-04-24T21:33:23.811+0000] {processor.py:914} INFO - Processing file /home/airflow/.local/lib/python3.12/site-packages/airflow/example_dags/example_display_name.py for tasks to queue
[2025-04-24T21:33:24.117+0000] {logging_mixin.py:190} INFO - [2025-04-24T21:33:24.113+0000] {dagbag.py:588} INFO - Filling up the DagBag from /home/airflow/.local/lib/python3.12/site-packages/airflow/example_dags/example_display_name.py
[2025-04-24T21:33:24.455+0000] {processor.py:925} INFO - DAG(s) 'example_display_name' retrieved from /home/airflow/.local/lib/python3.12/site-packages/airflow/example_dags/example_display_name.py
[2025-04-24T21:33:24.954+0000] {logging_mixin.py:190} INFO - [2025-04-24T21:33:24.953+0000] {dag.py:3239} INFO - Sync 1 DAGs
[2025-04-24T21:33:25.233+0000] {logging_mixin.py:190} INFO - [2025-04-24T21:33:25.219+0000] {dag.py:4180} INFO - Setting next_dagrun for example_display_name to None, run_after=None
[2025-04-24T21:33:25.459+0000] {processor.py:208} INFO - Processing /home/airflow/.local/lib/python3.12/site-packages/airflow/example_dags/example_display_name.py took 1.906 seconds
[2025-04-24T21:36:54.218+0000] {processor.py:186} INFO - Started process (PID=652) to work on /home/airflow/.local/lib/python3.12/site-packages/airflow/example_dags/example_display_name.py
[2025-04-24T21:36:54.286+0000] {processor.py:914} INFO - Processing file /home/airflow/.local/lib/python3.12/site-packages/airflow/example_dags/example_display_name.py for tasks to queue
[2025-04-24T21:36:54.299+0000] {logging_mixin.py:190} INFO - [2025-04-24T21:36:54.299+0000] {dagbag.py:588} INFO - Filling up the DagBag from /home/airflow/.local/lib/python3.12/site-packages/airflow/example_dags/example_display_name.py
[2025-04-24T21:36:54.716+0000] {processor.py:925} INFO - DAG(s) 'example_display_name' retrieved from /home/airflow/.local/lib/python3.12/site-packages/airflow/example_dags/example_display_name.py
[2025-04-24T21:36:55.279+0000] {logging_mixin.py:190} INFO - [2025-04-24T21:36:55.258+0000] {dag.py:3239} INFO - Sync 1 DAGs
[2025-04-24T21:36:55.757+0000] {logging_mixin.py:190} INFO - [2025-04-24T21:36:55.757+0000] {dag.py:4180} INFO - Setting next_dagrun for example_display_name to None, run_after=None
[2025-04-24T21:36:56.909+0000] {processor.py:208} INFO - Processing /home/airflow/.local/lib/python3.12/site-packages/airflow/example_dags/example_display_name.py took 2.890 seconds
[2025-04-24T21:41:05.496+0000] {processor.py:186} INFO - Started process (PID=782) to work on /home/airflow/.local/lib/python3.12/site-packages/airflow/example_dags/example_display_name.py
[2025-04-24T21:41:05.545+0000] {processor.py:914} INFO - Processing file /home/airflow/.local/lib/python3.12/site-packages/airflow/example_dags/example_display_name.py for tasks to queue
[2025-04-24T21:41:05.645+0000] {logging_mixin.py:190} INFO - [2025-04-24T21:41:05.644+0000] {dagbag.py:588} INFO - Filling up the DagBag from /home/airflow/.local/lib/python3.12/site-packages/airflow/example_dags/example_display_name.py
[2025-04-24T21:41:07.137+0000] {processor.py:925} INFO - DAG(s) 'example_display_name' retrieved from /home/airflow/.local/lib/python3.12/site-packages/airflow/example_dags/example_display_name.py
[2025-04-24T21:41:07.940+0000] {logging_mixin.py:190} INFO - [2025-04-24T21:41:07.879+0000] {dag.py:3239} INFO - Sync 1 DAGs
[2025-04-24T21:41:08.409+0000] {logging_mixin.py:190} INFO - [2025-04-24T21:41:08.408+0000] {dag.py:4180} INFO - Setting next_dagrun for example_display_name to None, run_after=None
[2025-04-24T21:41:08.891+0000] {processor.py:208} INFO - Processing /home/airflow/.local/lib/python3.12/site-packages/airflow/example_dags/example_display_name.py took 3.882 seconds
[2025-04-24T21:44:40.767+0000] {processor.py:186} INFO - Started process (PID=907) to work on /home/airflow/.local/lib/python3.12/site-packages/airflow/example_dags/example_display_name.py
[2025-04-24T21:44:40.780+0000] {processor.py:914} INFO - Processing file /home/airflow/.local/lib/python3.12/site-packages/airflow/example_dags/example_display_name.py for tasks to queue
[2025-04-24T21:44:40.802+0000] {logging_mixin.py:190} INFO - [2025-04-24T21:44:40.800+0000] {dagbag.py:588} INFO - Filling up the DagBag from /home/airflow/.local/lib/python3.12/site-packages/airflow/example_dags/example_display_name.py
[2025-04-24T21:44:40.991+0000] {processor.py:925} INFO - DAG(s) 'example_display_name' retrieved from /home/airflow/.local/lib/python3.12/site-packages/airflow/example_dags/example_display_name.py
[2025-04-24T21:44:41.205+0000] {logging_mixin.py:190} INFO - [2025-04-24T21:44:41.205+0000] {dag.py:3239} INFO - Sync 1 DAGs
[2025-04-24T21:44:41.342+0000] {logging_mixin.py:190} INFO - [2025-04-24T21:44:41.342+0000] {dag.py:4180} INFO - Setting next_dagrun for example_display_name to None, run_after=None
[2025-04-24T21:44:41.524+0000] {processor.py:208} INFO - Processing /home/airflow/.local/lib/python3.12/site-packages/airflow/example_dags/example_display_name.py took 0.927 seconds
