[2025-04-24T21:21:20.779+0000] {processor.py:186} INFO - Started process (PID=107) to work on /home/airflow/.local/lib/python3.12/site-packages/airflow/example_dags/example_latest_only_with_trigger.py
[2025-04-24T21:21:20.782+0000] {processor.py:914} INFO - Processing file /home/airflow/.local/lib/python3.12/site-packages/airflow/example_dags/example_latest_only_with_trigger.py for tasks to queue
[2025-04-24T21:21:20.801+0000] {logging_mixin.py:190} INFO - [2025-04-24T21:21:20.797+0000] {dagbag.py:588} INFO - Filling up the DagBag from /home/airflow/.local/lib/python3.12/site-packages/airflow/example_dags/example_latest_only_with_trigger.py
[2025-04-24T21:21:20.924+0000] {processor.py:925} INFO - DAG(s) 'latest_only_with_trigger' retrieved from /home/airflow/.local/lib/python3.12/site-packages/airflow/example_dags/example_latest_only_with_trigger.py
[2025-04-24T21:21:21.610+0000] {logging_mixin.py:190} INFO - [2025-04-24T21:21:21.610+0000] {dag.py:3239} INFO - Sync 1 DAGs
[2025-04-24T21:21:22.358+0000] {logging_mixin.py:190} INFO - [2025-04-24T21:21:22.358+0000] {dag.py:4180} INFO - Setting next_dagrun for latest_only_with_trigger to 2025-04-24 16:00:00+00:00, run_after=2025-04-24 20:00:00+00:00
[2025-04-24T21:21:22.589+0000] {processor.py:208} INFO - Processing /home/airflow/.local/lib/python3.12/site-packages/airflow/example_dags/example_latest_only_with_trigger.py took 1.861 seconds
[2025-04-24T21:23:36.489+0000] {processor.py:186} INFO - Started process (PID=186) to work on /home/airflow/.local/lib/python3.12/site-packages/airflow/example_dags/example_latest_only_with_trigger.py
[2025-04-24T21:23:36.522+0000] {processor.py:914} INFO - Processing file /home/airflow/.local/lib/python3.12/site-packages/airflow/example_dags/example_latest_only_with_trigger.py for tasks to queue
[2025-04-24T21:23:36.533+0000] {logging_mixin.py:190} INFO - [2025-04-24T21:23:36.532+0000] {dagbag.py:588} INFO - Filling up the DagBag from /home/airflow/.local/lib/python3.12/site-packages/airflow/example_dags/example_latest_only_with_trigger.py
[2025-04-24T21:23:36.628+0000] {processor.py:925} INFO - DAG(s) 'latest_only_with_trigger' retrieved from /home/airflow/.local/lib/python3.12/site-packages/airflow/example_dags/example_latest_only_with_trigger.py
[2025-04-24T21:23:36.979+0000] {logging_mixin.py:190} INFO - [2025-04-24T21:23:36.978+0000] {dag.py:3239} INFO - Sync 1 DAGs
[2025-04-24T21:23:37.498+0000] {logging_mixin.py:190} INFO - [2025-04-24T21:23:37.498+0000] {dag.py:4180} INFO - Setting next_dagrun for latest_only_with_trigger to 2025-04-24 16:00:00+00:00, run_after=2025-04-24 20:00:00+00:00
[2025-04-24T21:23:37.783+0000] {processor.py:208} INFO - Processing /home/airflow/.local/lib/python3.12/site-packages/airflow/example_dags/example_latest_only_with_trigger.py took 1.386 seconds
[2025-04-24T21:25:17.926+0000] {processor.py:186} INFO - Started process (PID=244) to work on /home/airflow/.local/lib/python3.12/site-packages/airflow/example_dags/example_latest_only_with_trigger.py
[2025-04-24T21:25:17.962+0000] {processor.py:914} INFO - Processing file /home/airflow/.local/lib/python3.12/site-packages/airflow/example_dags/example_latest_only_with_trigger.py for tasks to queue
[2025-04-24T21:25:18.004+0000] {logging_mixin.py:190} INFO - [2025-04-24T21:25:18.003+0000] {dagbag.py:588} INFO - Filling up the DagBag from /home/airflow/.local/lib/python3.12/site-packages/airflow/example_dags/example_latest_only_with_trigger.py
[2025-04-24T21:25:18.125+0000] {processor.py:925} INFO - DAG(s) 'latest_only_with_trigger' retrieved from /home/airflow/.local/lib/python3.12/site-packages/airflow/example_dags/example_latest_only_with_trigger.py
[2025-04-24T21:25:18.434+0000] {logging_mixin.py:190} INFO - [2025-04-24T21:25:18.434+0000] {dag.py:3239} INFO - Sync 1 DAGs
[2025-04-24T21:25:18.845+0000] {logging_mixin.py:190} INFO - [2025-04-24T21:25:18.844+0000] {dag.py:4180} INFO - Setting next_dagrun for latest_only_with_trigger to 2025-04-24 16:00:00+00:00, run_after=2025-04-24 20:00:00+00:00
[2025-04-24T21:25:19.648+0000] {processor.py:208} INFO - Processing /home/airflow/.local/lib/python3.12/site-packages/airflow/example_dags/example_latest_only_with_trigger.py took 1.814 seconds
[2025-04-24T21:27:03.565+0000] {processor.py:186} INFO - Started process (PID=308) to work on /home/airflow/.local/lib/python3.12/site-packages/airflow/example_dags/example_latest_only_with_trigger.py
[2025-04-24T21:27:03.622+0000] {processor.py:914} INFO - Processing file /home/airflow/.local/lib/python3.12/site-packages/airflow/example_dags/example_latest_only_with_trigger.py for tasks to queue
[2025-04-24T21:27:03.629+0000] {logging_mixin.py:190} INFO - [2025-04-24T21:27:03.628+0000] {dagbag.py:588} INFO - Filling up the DagBag from /home/airflow/.local/lib/python3.12/site-packages/airflow/example_dags/example_latest_only_with_trigger.py
[2025-04-24T21:27:03.904+0000] {processor.py:925} INFO - DAG(s) 'latest_only_with_trigger' retrieved from /home/airflow/.local/lib/python3.12/site-packages/airflow/example_dags/example_latest_only_with_trigger.py
[2025-04-24T21:27:04.075+0000] {logging_mixin.py:190} INFO - [2025-04-24T21:27:04.074+0000] {dag.py:3239} INFO - Sync 1 DAGs
[2025-04-24T21:27:04.471+0000] {logging_mixin.py:190} INFO - [2025-04-24T21:27:04.444+0000] {dag.py:4180} INFO - Setting next_dagrun for latest_only_with_trigger to 2025-04-24 16:00:00+00:00, run_after=2025-04-24 20:00:00+00:00
[2025-04-24T21:27:04.974+0000] {processor.py:208} INFO - Processing /home/airflow/.local/lib/python3.12/site-packages/airflow/example_dags/example_latest_only_with_trigger.py took 1.663 seconds
[2025-04-24T21:28:37.803+0000] {processor.py:186} INFO - Started process (PID=367) to work on /home/airflow/.local/lib/python3.12/site-packages/airflow/example_dags/example_latest_only_with_trigger.py
[2025-04-24T21:28:37.808+0000] {processor.py:914} INFO - Processing file /home/airflow/.local/lib/python3.12/site-packages/airflow/example_dags/example_latest_only_with_trigger.py for tasks to queue
[2025-04-24T21:28:37.842+0000] {logging_mixin.py:190} INFO - [2025-04-24T21:28:37.841+0000] {dagbag.py:588} INFO - Filling up the DagBag from /home/airflow/.local/lib/python3.12/site-packages/airflow/example_dags/example_latest_only_with_trigger.py
[2025-04-24T21:28:38.063+0000] {processor.py:925} INFO - DAG(s) 'latest_only_with_trigger' retrieved from /home/airflow/.local/lib/python3.12/site-packages/airflow/example_dags/example_latest_only_with_trigger.py
[2025-04-24T21:28:38.539+0000] {logging_mixin.py:190} INFO - [2025-04-24T21:28:38.538+0000] {dag.py:3239} INFO - Sync 1 DAGs
[2025-04-24T21:28:39.685+0000] {logging_mixin.py:190} INFO - [2025-04-24T21:28:39.685+0000] {dag.py:4180} INFO - Setting next_dagrun for latest_only_with_trigger to 2025-04-24 16:00:00+00:00, run_after=2025-04-24 20:00:00+00:00
[2025-04-24T21:28:40.444+0000] {processor.py:208} INFO - Processing /home/airflow/.local/lib/python3.12/site-packages/airflow/example_dags/example_latest_only_with_trigger.py took 2.721 seconds
[2025-04-24T21:30:32.898+0000] {processor.py:186} INFO - Started process (PID=422) to work on /home/airflow/.local/lib/python3.12/site-packages/airflow/example_dags/example_latest_only_with_trigger.py
[2025-04-24T21:30:32.900+0000] {processor.py:914} INFO - Processing file /home/airflow/.local/lib/python3.12/site-packages/airflow/example_dags/example_latest_only_with_trigger.py for tasks to queue
[2025-04-24T21:30:33.010+0000] {logging_mixin.py:190} INFO - [2025-04-24T21:30:32.989+0000] {dagbag.py:588} INFO - Filling up the DagBag from /home/airflow/.local/lib/python3.12/site-packages/airflow/example_dags/example_latest_only_with_trigger.py
[2025-04-24T21:30:33.140+0000] {processor.py:925} INFO - DAG(s) 'latest_only_with_trigger' retrieved from /home/airflow/.local/lib/python3.12/site-packages/airflow/example_dags/example_latest_only_with_trigger.py
[2025-04-24T21:30:33.559+0000] {logging_mixin.py:190} INFO - [2025-04-24T21:30:33.558+0000] {dag.py:3239} INFO - Sync 1 DAGs
[2025-04-24T21:30:34.653+0000] {logging_mixin.py:190} INFO - [2025-04-24T21:30:34.652+0000] {dag.py:4180} INFO - Setting next_dagrun for latest_only_with_trigger to 2025-04-24 16:00:00+00:00, run_after=2025-04-24 20:00:00+00:00
[2025-04-24T21:30:34.910+0000] {processor.py:208} INFO - Processing /home/airflow/.local/lib/python3.12/site-packages/airflow/example_dags/example_latest_only_with_trigger.py took 2.286 seconds
[2025-04-24T21:32:17.395+0000] {processor.py:186} INFO - Started process (PID=492) to work on /home/airflow/.local/lib/python3.12/site-packages/airflow/example_dags/example_latest_only_with_trigger.py
[2025-04-24T21:32:17.408+0000] {processor.py:914} INFO - Processing file /home/airflow/.local/lib/python3.12/site-packages/airflow/example_dags/example_latest_only_with_trigger.py for tasks to queue
[2025-04-24T21:32:17.501+0000] {logging_mixin.py:190} INFO - [2025-04-24T21:32:17.500+0000] {dagbag.py:588} INFO - Filling up the DagBag from /home/airflow/.local/lib/python3.12/site-packages/airflow/example_dags/example_latest_only_with_trigger.py
[2025-04-24T21:32:17.878+0000] {processor.py:925} INFO - DAG(s) 'latest_only_with_trigger' retrieved from /home/airflow/.local/lib/python3.12/site-packages/airflow/example_dags/example_latest_only_with_trigger.py
[2025-04-24T21:32:18.522+0000] {logging_mixin.py:190} INFO - [2025-04-24T21:32:18.522+0000] {dag.py:3239} INFO - Sync 1 DAGs
[2025-04-24T21:32:19.236+0000] {logging_mixin.py:190} INFO - [2025-04-24T21:32:19.235+0000] {dag.py:4180} INFO - Setting next_dagrun for latest_only_with_trigger to 2025-04-24 16:00:00+00:00, run_after=2025-04-24 20:00:00+00:00
[2025-04-24T21:32:19.978+0000] {processor.py:208} INFO - Processing /home/airflow/.local/lib/python3.12/site-packages/airflow/example_dags/example_latest_only_with_trigger.py took 2.797 seconds
[2025-04-24T21:34:03.930+0000] {processor.py:186} INFO - Started process (PID=550) to work on /home/airflow/.local/lib/python3.12/site-packages/airflow/example_dags/example_latest_only_with_trigger.py
[2025-04-24T21:34:03.933+0000] {processor.py:914} INFO - Processing file /home/airflow/.local/lib/python3.12/site-packages/airflow/example_dags/example_latest_only_with_trigger.py for tasks to queue
[2025-04-24T21:34:03.972+0000] {logging_mixin.py:190} INFO - [2025-04-24T21:34:03.971+0000] {dagbag.py:588} INFO - Filling up the DagBag from /home/airflow/.local/lib/python3.12/site-packages/airflow/example_dags/example_latest_only_with_trigger.py
[2025-04-24T21:34:04.215+0000] {processor.py:925} INFO - DAG(s) 'latest_only_with_trigger' retrieved from /home/airflow/.local/lib/python3.12/site-packages/airflow/example_dags/example_latest_only_with_trigger.py
[2025-04-24T21:34:04.499+0000] {logging_mixin.py:190} INFO - [2025-04-24T21:34:04.498+0000] {dag.py:3239} INFO - Sync 1 DAGs
[2025-04-24T21:34:04.990+0000] {logging_mixin.py:190} INFO - [2025-04-24T21:34:04.989+0000] {dag.py:4180} INFO - Setting next_dagrun for latest_only_with_trigger to 2025-04-24 16:00:00+00:00, run_after=2025-04-24 20:00:00+00:00
[2025-04-24T21:34:05.488+0000] {processor.py:208} INFO - Processing /home/airflow/.local/lib/python3.12/site-packages/airflow/example_dags/example_latest_only_with_trigger.py took 1.767 seconds
[2025-04-24T21:35:42.386+0000] {processor.py:186} INFO - Started process (PID=612) to work on /home/airflow/.local/lib/python3.12/site-packages/airflow/example_dags/example_latest_only_with_trigger.py
[2025-04-24T21:35:42.463+0000] {processor.py:914} INFO - Processing file /home/airflow/.local/lib/python3.12/site-packages/airflow/example_dags/example_latest_only_with_trigger.py for tasks to queue
[2025-04-24T21:35:42.509+0000] {logging_mixin.py:190} INFO - [2025-04-24T21:35:42.501+0000] {dagbag.py:588} INFO - Filling up the DagBag from /home/airflow/.local/lib/python3.12/site-packages/airflow/example_dags/example_latest_only_with_trigger.py
[2025-04-24T21:35:43.147+0000] {processor.py:925} INFO - DAG(s) 'latest_only_with_trigger' retrieved from /home/airflow/.local/lib/python3.12/site-packages/airflow/example_dags/example_latest_only_with_trigger.py
[2025-04-24T21:35:43.563+0000] {logging_mixin.py:190} INFO - [2025-04-24T21:35:43.562+0000] {dag.py:3239} INFO - Sync 1 DAGs
[2025-04-24T21:35:44.602+0000] {logging_mixin.py:190} INFO - [2025-04-24T21:35:44.601+0000] {dag.py:4180} INFO - Setting next_dagrun for latest_only_with_trigger to 2025-04-24 16:00:00+00:00, run_after=2025-04-24 20:00:00+00:00
[2025-04-24T21:35:45.152+0000] {processor.py:208} INFO - Processing /home/airflow/.local/lib/python3.12/site-packages/airflow/example_dags/example_latest_only_with_trigger.py took 2.985 seconds
[2025-04-24T21:37:43.827+0000] {processor.py:186} INFO - Started process (PID=673) to work on /home/airflow/.local/lib/python3.12/site-packages/airflow/example_dags/example_latest_only_with_trigger.py
[2025-04-24T21:37:43.836+0000] {processor.py:914} INFO - Processing file /home/airflow/.local/lib/python3.12/site-packages/airflow/example_dags/example_latest_only_with_trigger.py for tasks to queue
[2025-04-24T21:37:43.866+0000] {logging_mixin.py:190} INFO - [2025-04-24T21:37:43.860+0000] {dagbag.py:588} INFO - Filling up the DagBag from /home/airflow/.local/lib/python3.12/site-packages/airflow/example_dags/example_latest_only_with_trigger.py
[2025-04-24T21:37:43.896+0000] {processor.py:925} INFO - DAG(s) 'latest_only_with_trigger' retrieved from /home/airflow/.local/lib/python3.12/site-packages/airflow/example_dags/example_latest_only_with_trigger.py
[2025-04-24T21:37:44.192+0000] {logging_mixin.py:190} INFO - [2025-04-24T21:37:44.124+0000] {dag.py:3239} INFO - Sync 1 DAGs
[2025-04-24T21:37:45.318+0000] {logging_mixin.py:190} INFO - [2025-04-24T21:37:45.317+0000] {dag.py:4180} INFO - Setting next_dagrun for latest_only_with_trigger to 2025-04-24 16:00:00+00:00, run_after=2025-04-24 20:00:00+00:00
[2025-04-24T21:37:45.883+0000] {processor.py:208} INFO - Processing /home/airflow/.local/lib/python3.12/site-packages/airflow/example_dags/example_latest_only_with_trigger.py took 2.191 seconds
[2025-04-24T21:39:47.679+0000] {processor.py:186} INFO - Started process (PID=743) to work on /home/airflow/.local/lib/python3.12/site-packages/airflow/example_dags/example_latest_only_with_trigger.py
[2025-04-24T21:39:47.682+0000] {processor.py:914} INFO - Processing file /home/airflow/.local/lib/python3.12/site-packages/airflow/example_dags/example_latest_only_with_trigger.py for tasks to queue
[2025-04-24T21:39:47.699+0000] {logging_mixin.py:190} INFO - [2025-04-24T21:39:47.698+0000] {dagbag.py:588} INFO - Filling up the DagBag from /home/airflow/.local/lib/python3.12/site-packages/airflow/example_dags/example_latest_only_with_trigger.py
[2025-04-24T21:39:47.770+0000] {processor.py:925} INFO - DAG(s) 'latest_only_with_trigger' retrieved from /home/airflow/.local/lib/python3.12/site-packages/airflow/example_dags/example_latest_only_with_trigger.py
[2025-04-24T21:39:48.070+0000] {logging_mixin.py:190} INFO - [2025-04-24T21:39:48.069+0000] {dag.py:3239} INFO - Sync 1 DAGs
[2025-04-24T21:39:49.500+0000] {logging_mixin.py:190} INFO - [2025-04-24T21:39:49.484+0000] {dag.py:4180} INFO - Setting next_dagrun for latest_only_with_trigger to 2025-04-24 16:00:00+00:00, run_after=2025-04-24 20:00:00+00:00
[2025-04-24T21:39:50.201+0000] {processor.py:208} INFO - Processing /home/airflow/.local/lib/python3.12/site-packages/airflow/example_dags/example_latest_only_with_trigger.py took 2.988 seconds
[2025-04-24T21:41:51.371+0000] {processor.py:186} INFO - Started process (PID=803) to work on /home/airflow/.local/lib/python3.12/site-packages/airflow/example_dags/example_latest_only_with_trigger.py
[2025-04-24T21:41:51.431+0000] {processor.py:914} INFO - Processing file /home/airflow/.local/lib/python3.12/site-packages/airflow/example_dags/example_latest_only_with_trigger.py for tasks to queue
[2025-04-24T21:41:51.544+0000] {logging_mixin.py:190} INFO - [2025-04-24T21:41:51.543+0000] {dagbag.py:588} INFO - Filling up the DagBag from /home/airflow/.local/lib/python3.12/site-packages/airflow/example_dags/example_latest_only_with_trigger.py
[2025-04-24T21:41:51.884+0000] {processor.py:925} INFO - DAG(s) 'latest_only_with_trigger' retrieved from /home/airflow/.local/lib/python3.12/site-packages/airflow/example_dags/example_latest_only_with_trigger.py
[2025-04-24T21:41:52.959+0000] {logging_mixin.py:190} INFO - [2025-04-24T21:41:52.959+0000] {dag.py:3239} INFO - Sync 1 DAGs
[2025-04-24T21:41:54.287+0000] {logging_mixin.py:190} INFO - [2025-04-24T21:41:54.286+0000] {dag.py:4180} INFO - Setting next_dagrun for latest_only_with_trigger to 2025-04-24 16:00:00+00:00, run_after=2025-04-24 20:00:00+00:00
[2025-04-24T21:41:55.208+0000] {processor.py:208} INFO - Processing /home/airflow/.local/lib/python3.12/site-packages/airflow/example_dags/example_latest_only_with_trigger.py took 3.974 seconds
[2025-04-24T21:43:42.510+0000] {processor.py:186} INFO - Started process (PID=872) to work on /home/airflow/.local/lib/python3.12/site-packages/airflow/example_dags/example_latest_only_with_trigger.py
[2025-04-24T21:43:42.513+0000] {processor.py:914} INFO - Processing file /home/airflow/.local/lib/python3.12/site-packages/airflow/example_dags/example_latest_only_with_trigger.py for tasks to queue
[2025-04-24T21:43:42.527+0000] {logging_mixin.py:190} INFO - [2025-04-24T21:43:42.526+0000] {dagbag.py:588} INFO - Filling up the DagBag from /home/airflow/.local/lib/python3.12/site-packages/airflow/example_dags/example_latest_only_with_trigger.py
[2025-04-24T21:43:42.600+0000] {processor.py:925} INFO - DAG(s) 'latest_only_with_trigger' retrieved from /home/airflow/.local/lib/python3.12/site-packages/airflow/example_dags/example_latest_only_with_trigger.py
[2025-04-24T21:43:42.958+0000] {logging_mixin.py:190} INFO - [2025-04-24T21:43:42.957+0000] {dag.py:3239} INFO - Sync 1 DAGs
[2025-04-24T21:43:43.392+0000] {logging_mixin.py:190} INFO - [2025-04-24T21:43:43.391+0000] {dag.py:4180} INFO - Setting next_dagrun for latest_only_with_trigger to 2025-04-24 16:00:00+00:00, run_after=2025-04-24 20:00:00+00:00
[2025-04-24T21:43:43.841+0000] {processor.py:208} INFO - Processing /home/airflow/.local/lib/python3.12/site-packages/airflow/example_dags/example_latest_only_with_trigger.py took 1.395 seconds
[2025-04-24T21:45:09.154+0000] {processor.py:186} INFO - Started process (PID=928) to work on /home/airflow/.local/lib/python3.12/site-packages/airflow/example_dags/example_latest_only_with_trigger.py
[2025-04-24T21:45:09.215+0000] {processor.py:914} INFO - Processing file /home/airflow/.local/lib/python3.12/site-packages/airflow/example_dags/example_latest_only_with_trigger.py for tasks to queue
[2025-04-24T21:45:09.265+0000] {logging_mixin.py:190} INFO - [2025-04-24T21:45:09.264+0000] {dagbag.py:588} INFO - Filling up the DagBag from /home/airflow/.local/lib/python3.12/site-packages/airflow/example_dags/example_latest_only_with_trigger.py
[2025-04-24T21:45:09.424+0000] {processor.py:925} INFO - DAG(s) 'latest_only_with_trigger' retrieved from /home/airflow/.local/lib/python3.12/site-packages/airflow/example_dags/example_latest_only_with_trigger.py
[2025-04-24T21:45:09.763+0000] {logging_mixin.py:190} INFO - [2025-04-24T21:45:09.762+0000] {dag.py:3239} INFO - Sync 1 DAGs
[2025-04-24T21:45:10.274+0000] {logging_mixin.py:190} INFO - [2025-04-24T21:45:10.273+0000] {dag.py:4180} INFO - Setting next_dagrun for latest_only_with_trigger to 2025-04-24 16:00:00+00:00, run_after=2025-04-24 20:00:00+00:00
[2025-04-24T21:45:10.723+0000] {processor.py:208} INFO - Processing /home/airflow/.local/lib/python3.12/site-packages/airflow/example_dags/example_latest_only_with_trigger.py took 1.608 seconds
[2025-04-24T21:46:33.359+0000] {processor.py:186} INFO - Started process (PID=985) to work on /home/airflow/.local/lib/python3.12/site-packages/airflow/example_dags/example_latest_only_with_trigger.py
[2025-04-24T21:46:33.363+0000] {processor.py:914} INFO - Processing file /home/airflow/.local/lib/python3.12/site-packages/airflow/example_dags/example_latest_only_with_trigger.py for tasks to queue
[2025-04-24T21:46:33.687+0000] {logging_mixin.py:190} INFO - [2025-04-24T21:46:33.604+0000] {dagbag.py:588} INFO - Filling up the DagBag from /home/airflow/.local/lib/python3.12/site-packages/airflow/example_dags/example_latest_only_with_trigger.py
[2025-04-24T21:46:33.889+0000] {processor.py:925} INFO - DAG(s) 'latest_only_with_trigger' retrieved from /home/airflow/.local/lib/python3.12/site-packages/airflow/example_dags/example_latest_only_with_trigger.py
[2025-04-24T21:46:34.120+0000] {logging_mixin.py:190} INFO - [2025-04-24T21:46:34.120+0000] {dag.py:3239} INFO - Sync 1 DAGs
[2025-04-24T21:46:34.392+0000] {logging_mixin.py:190} INFO - [2025-04-24T21:46:34.392+0000] {dag.py:4180} INFO - Setting next_dagrun for latest_only_with_trigger to 2025-04-24 16:00:00+00:00, run_after=2025-04-24 20:00:00+00:00
[2025-04-24T21:46:34.717+0000] {processor.py:208} INFO - Processing /home/airflow/.local/lib/python3.12/site-packages/airflow/example_dags/example_latest_only_with_trigger.py took 1.721 seconds
