[2025-04-24T21:21:51.054+0000] {processor.py:186} INFO - Started process (PID=128) to work on /home/airflow/.local/lib/python3.12/site-packages/airflow/example_dags/example_bash_operator.py
[2025-04-24T21:21:51.371+0000] {processor.py:914} INFO - Processing file /home/airflow/.local/lib/python3.12/site-packages/airflow/example_dags/example_bash_operator.py for tasks to queue
[2025-04-24T21:21:51.383+0000] {logging_mixin.py:190} INFO - [2025-04-24T21:21:51.382+0000] {dagbag.py:588} INFO - Filling up the DagBag from /home/airflow/.local/lib/python3.12/site-packages/airflow/example_dags/example_bash_operator.py
[2025-04-24T21:21:51.800+0000] {processor.py:925} INFO - DAG(s) 'example_bash_operator' retrieved from /home/airflow/.local/lib/python3.12/site-packages/airflow/example_dags/example_bash_operator.py
[2025-04-24T21:21:52.788+0000] {logging_mixin.py:190} INFO - [2025-04-24T21:21:52.786+0000] {dag.py:3239} INFO - Sync 1 DAGs
[2025-04-24T21:21:55.110+0000] {logging_mixin.py:190} INFO - [2025-04-24T21:21:55.110+0000] {dag.py:4180} INFO - Setting next_dagrun for example_bash_operator to 2025-04-23 00:00:00+00:00, run_after=2025-04-24 00:00:00+00:00
[2025-04-24T21:21:55.712+0000] {processor.py:208} INFO - Processing /home/airflow/.local/lib/python3.12/site-packages/airflow/example_dags/example_bash_operator.py took 4.885 seconds
[2025-04-24T21:24:14.686+0000] {processor.py:186} INFO - Started process (PID=207) to work on /home/airflow/.local/lib/python3.12/site-packages/airflow/example_dags/example_bash_operator.py
[2025-04-24T21:24:14.694+0000] {processor.py:914} INFO - Processing file /home/airflow/.local/lib/python3.12/site-packages/airflow/example_dags/example_bash_operator.py for tasks to queue
[2025-04-24T21:24:14.740+0000] {logging_mixin.py:190} INFO - [2025-04-24T21:24:14.739+0000] {dagbag.py:588} INFO - Filling up the DagBag from /home/airflow/.local/lib/python3.12/site-packages/airflow/example_dags/example_bash_operator.py
[2025-04-24T21:24:15.280+0000] {processor.py:925} INFO - DAG(s) 'example_bash_operator' retrieved from /home/airflow/.local/lib/python3.12/site-packages/airflow/example_dags/example_bash_operator.py
[2025-04-24T21:24:16.053+0000] {logging_mixin.py:190} INFO - [2025-04-24T21:24:16.052+0000] {dag.py:3239} INFO - Sync 1 DAGs
[2025-04-24T21:24:17.494+0000] {logging_mixin.py:190} INFO - [2025-04-24T21:24:17.493+0000] {dag.py:4180} INFO - Setting next_dagrun for example_bash_operator to 2025-04-23 00:00:00+00:00, run_after=2025-04-24 00:00:00+00:00
[2025-04-24T21:24:18.189+0000] {processor.py:208} INFO - Processing /home/airflow/.local/lib/python3.12/site-packages/airflow/example_dags/example_bash_operator.py took 3.702 seconds
[2025-04-24T21:27:32.581+0000] {processor.py:186} INFO - Started process (PID=329) to work on /home/airflow/.local/lib/python3.12/site-packages/airflow/example_dags/example_bash_operator.py
[2025-04-24T21:27:32.614+0000] {processor.py:914} INFO - Processing file /home/airflow/.local/lib/python3.12/site-packages/airflow/example_dags/example_bash_operator.py for tasks to queue
[2025-04-24T21:27:32.636+0000] {logging_mixin.py:190} INFO - [2025-04-24T21:27:32.635+0000] {dagbag.py:588} INFO - Filling up the DagBag from /home/airflow/.local/lib/python3.12/site-packages/airflow/example_dags/example_bash_operator.py
[2025-04-24T21:27:32.975+0000] {processor.py:925} INFO - DAG(s) 'example_bash_operator' retrieved from /home/airflow/.local/lib/python3.12/site-packages/airflow/example_dags/example_bash_operator.py
[2025-04-24T21:27:33.317+0000] {logging_mixin.py:190} INFO - [2025-04-24T21:27:33.315+0000] {dag.py:3239} INFO - Sync 1 DAGs
[2025-04-24T21:27:33.840+0000] {logging_mixin.py:190} INFO - [2025-04-24T21:27:33.760+0000] {dag.py:4180} INFO - Setting next_dagrun for example_bash_operator to 2025-04-23 00:00:00+00:00, run_after=2025-04-24 00:00:00+00:00
[2025-04-24T21:27:34.215+0000] {processor.py:208} INFO - Processing /home/airflow/.local/lib/python3.12/site-packages/airflow/example_dags/example_bash_operator.py took 1.993 seconds
[2025-04-24T21:31:00.025+0000] {processor.py:186} INFO - Started process (PID=443) to work on /home/airflow/.local/lib/python3.12/site-packages/airflow/example_dags/example_bash_operator.py
[2025-04-24T21:31:00.031+0000] {processor.py:914} INFO - Processing file /home/airflow/.local/lib/python3.12/site-packages/airflow/example_dags/example_bash_operator.py for tasks to queue
[2025-04-24T21:31:00.039+0000] {logging_mixin.py:190} INFO - [2025-04-24T21:31:00.039+0000] {dagbag.py:588} INFO - Filling up the DagBag from /home/airflow/.local/lib/python3.12/site-packages/airflow/example_dags/example_bash_operator.py
[2025-04-24T21:31:00.185+0000] {processor.py:925} INFO - DAG(s) 'example_bash_operator' retrieved from /home/airflow/.local/lib/python3.12/site-packages/airflow/example_dags/example_bash_operator.py
[2025-04-24T21:31:00.976+0000] {logging_mixin.py:190} INFO - [2025-04-24T21:31:00.975+0000] {dag.py:3239} INFO - Sync 1 DAGs
[2025-04-24T21:31:01.564+0000] {logging_mixin.py:190} INFO - [2025-04-24T21:31:01.563+0000] {dag.py:4180} INFO - Setting next_dagrun for example_bash_operator to 2025-04-23 00:00:00+00:00, run_after=2025-04-24 00:00:00+00:00
[2025-04-24T21:31:02.076+0000] {processor.py:208} INFO - Processing /home/airflow/.local/lib/python3.12/site-packages/airflow/example_dags/example_bash_operator.py took 2.112 seconds
[2025-04-24T21:32:54.158+0000] {processor.py:186} INFO - Started process (PID=513) to work on /home/airflow/.local/lib/python3.12/site-packages/airflow/example_dags/example_bash_operator.py
[2025-04-24T21:32:54.166+0000] {processor.py:914} INFO - Processing file /home/airflow/.local/lib/python3.12/site-packages/airflow/example_dags/example_bash_operator.py for tasks to queue
[2025-04-24T21:32:54.212+0000] {logging_mixin.py:190} INFO - [2025-04-24T21:32:54.211+0000] {dagbag.py:588} INFO - Filling up the DagBag from /home/airflow/.local/lib/python3.12/site-packages/airflow/example_dags/example_bash_operator.py
[2025-04-24T21:32:54.623+0000] {processor.py:925} INFO - DAG(s) 'example_bash_operator' retrieved from /home/airflow/.local/lib/python3.12/site-packages/airflow/example_dags/example_bash_operator.py
[2025-04-24T21:32:55.022+0000] {logging_mixin.py:190} INFO - [2025-04-24T21:32:55.021+0000] {dag.py:3239} INFO - Sync 1 DAGs
[2025-04-24T21:32:55.899+0000] {logging_mixin.py:190} INFO - [2025-04-24T21:32:55.898+0000] {dag.py:4180} INFO - Setting next_dagrun for example_bash_operator to 2025-04-23 00:00:00+00:00, run_after=2025-04-24 00:00:00+00:00
[2025-04-24T21:32:56.277+0000] {processor.py:208} INFO - Processing /home/airflow/.local/lib/python3.12/site-packages/airflow/example_dags/example_bash_operator.py took 2.206 seconds
[2025-04-24T21:34:35.571+0000] {processor.py:186} INFO - Started process (PID=571) to work on /home/airflow/.local/lib/python3.12/site-packages/airflow/example_dags/example_bash_operator.py
[2025-04-24T21:34:35.630+0000] {processor.py:914} INFO - Processing file /home/airflow/.local/lib/python3.12/site-packages/airflow/example_dags/example_bash_operator.py for tasks to queue
[2025-04-24T21:34:35.667+0000] {logging_mixin.py:190} INFO - [2025-04-24T21:34:35.666+0000] {dagbag.py:588} INFO - Filling up the DagBag from /home/airflow/.local/lib/python3.12/site-packages/airflow/example_dags/example_bash_operator.py
[2025-04-24T21:34:35.975+0000] {processor.py:925} INFO - DAG(s) 'example_bash_operator' retrieved from /home/airflow/.local/lib/python3.12/site-packages/airflow/example_dags/example_bash_operator.py
[2025-04-24T21:34:36.335+0000] {logging_mixin.py:190} INFO - [2025-04-24T21:34:36.334+0000] {dag.py:3239} INFO - Sync 1 DAGs
[2025-04-24T21:34:36.733+0000] {logging_mixin.py:190} INFO - [2025-04-24T21:34:36.702+0000] {dag.py:4180} INFO - Setting next_dagrun for example_bash_operator to 2025-04-23 00:00:00+00:00, run_after=2025-04-24 00:00:00+00:00
[2025-04-24T21:34:37.068+0000] {processor.py:208} INFO - Processing /home/airflow/.local/lib/python3.12/site-packages/airflow/example_dags/example_bash_operator.py took 1.651 seconds
[2025-04-24T21:36:14.853+0000] {processor.py:186} INFO - Started process (PID=631) to work on /home/airflow/.local/lib/python3.12/site-packages/airflow/example_dags/example_bash_operator.py
[2025-04-24T21:36:14.962+0000] {processor.py:914} INFO - Processing file /home/airflow/.local/lib/python3.12/site-packages/airflow/example_dags/example_bash_operator.py for tasks to queue
[2025-04-24T21:36:14.977+0000] {logging_mixin.py:190} INFO - [2025-04-24T21:36:14.976+0000] {dagbag.py:588} INFO - Filling up the DagBag from /home/airflow/.local/lib/python3.12/site-packages/airflow/example_dags/example_bash_operator.py
[2025-04-24T21:36:15.957+0000] {processor.py:925} INFO - DAG(s) 'example_bash_operator' retrieved from /home/airflow/.local/lib/python3.12/site-packages/airflow/example_dags/example_bash_operator.py
[2025-04-24T21:36:17.536+0000] {logging_mixin.py:190} INFO - [2025-04-24T21:36:17.536+0000] {dag.py:3239} INFO - Sync 1 DAGs
[2025-04-24T21:36:18.485+0000] {logging_mixin.py:190} INFO - [2025-04-24T21:36:18.456+0000] {dag.py:4180} INFO - Setting next_dagrun for example_bash_operator to 2025-04-23 00:00:00+00:00, run_after=2025-04-24 00:00:00+00:00
[2025-04-24T21:36:19.051+0000] {processor.py:208} INFO - Processing /home/airflow/.local/lib/python3.12/site-packages/airflow/example_dags/example_bash_operator.py took 4.212 seconds
[2025-04-24T21:38:28.634+0000] {processor.py:186} INFO - Started process (PID=700) to work on /home/airflow/.local/lib/python3.12/site-packages/airflow/example_dags/example_bash_operator.py
[2025-04-24T21:38:28.636+0000] {processor.py:914} INFO - Processing file /home/airflow/.local/lib/python3.12/site-packages/airflow/example_dags/example_bash_operator.py for tasks to queue
[2025-04-24T21:38:28.656+0000] {logging_mixin.py:190} INFO - [2025-04-24T21:38:28.655+0000] {dagbag.py:588} INFO - Filling up the DagBag from /home/airflow/.local/lib/python3.12/site-packages/airflow/example_dags/example_bash_operator.py
[2025-04-24T21:38:29.390+0000] {processor.py:925} INFO - DAG(s) 'example_bash_operator' retrieved from /home/airflow/.local/lib/python3.12/site-packages/airflow/example_dags/example_bash_operator.py
[2025-04-24T21:38:31.087+0000] {logging_mixin.py:190} INFO - [2025-04-24T21:38:31.084+0000] {dag.py:3239} INFO - Sync 1 DAGs
[2025-04-24T21:38:31.970+0000] {logging_mixin.py:190} INFO - [2025-04-24T21:38:31.913+0000] {dag.py:4180} INFO - Setting next_dagrun for example_bash_operator to 2025-04-23 00:00:00+00:00, run_after=2025-04-24 00:00:00+00:00
[2025-04-24T21:38:32.825+0000] {processor.py:208} INFO - Processing /home/airflow/.local/lib/python3.12/site-packages/airflow/example_dags/example_bash_operator.py took 4.325 seconds
[2025-04-24T21:40:23.371+0000] {processor.py:186} INFO - Started process (PID=764) to work on /home/airflow/.local/lib/python3.12/site-packages/airflow/example_dags/example_bash_operator.py
[2025-04-24T21:40:23.397+0000] {processor.py:914} INFO - Processing file /home/airflow/.local/lib/python3.12/site-packages/airflow/example_dags/example_bash_operator.py for tasks to queue
[2025-04-24T21:40:23.464+0000] {logging_mixin.py:190} INFO - [2025-04-24T21:40:23.455+0000] {dagbag.py:588} INFO - Filling up the DagBag from /home/airflow/.local/lib/python3.12/site-packages/airflow/example_dags/example_bash_operator.py
[2025-04-24T21:40:23.747+0000] {processor.py:925} INFO - DAG(s) 'example_bash_operator' retrieved from /home/airflow/.local/lib/python3.12/site-packages/airflow/example_dags/example_bash_operator.py
[2025-04-24T21:40:24.477+0000] {logging_mixin.py:190} INFO - [2025-04-24T21:40:24.475+0000] {dag.py:3239} INFO - Sync 1 DAGs
[2025-04-24T21:40:25.003+0000] {logging_mixin.py:190} INFO - [2025-04-24T21:40:25.003+0000] {dag.py:4180} INFO - Setting next_dagrun for example_bash_operator to 2025-04-23 00:00:00+00:00, run_after=2025-04-24 00:00:00+00:00
[2025-04-24T21:40:25.765+0000] {processor.py:208} INFO - Processing /home/airflow/.local/lib/python3.12/site-packages/airflow/example_dags/example_bash_operator.py took 2.530 seconds
[2025-04-24T21:42:26.286+0000] {processor.py:186} INFO - Started process (PID=824) to work on /home/airflow/.local/lib/python3.12/site-packages/airflow/example_dags/example_bash_operator.py
[2025-04-24T21:42:26.303+0000] {processor.py:914} INFO - Processing file /home/airflow/.local/lib/python3.12/site-packages/airflow/example_dags/example_bash_operator.py for tasks to queue
[2025-04-24T21:42:26.368+0000] {logging_mixin.py:190} INFO - [2025-04-24T21:42:26.367+0000] {dagbag.py:588} INFO - Filling up the DagBag from /home/airflow/.local/lib/python3.12/site-packages/airflow/example_dags/example_bash_operator.py
[2025-04-24T21:42:26.984+0000] {processor.py:925} INFO - DAG(s) 'example_bash_operator' retrieved from /home/airflow/.local/lib/python3.12/site-packages/airflow/example_dags/example_bash_operator.py
[2025-04-24T21:42:27.180+0000] {logging_mixin.py:190} INFO - [2025-04-24T21:42:27.180+0000] {dag.py:3239} INFO - Sync 1 DAGs
[2025-04-24T21:42:27.418+0000] {logging_mixin.py:190} INFO - [2025-04-24T21:42:27.417+0000] {dag.py:4180} INFO - Setting next_dagrun for example_bash_operator to 2025-04-23 00:00:00+00:00, run_after=2025-04-24 00:00:00+00:00
[2025-04-24T21:42:27.787+0000] {processor.py:208} INFO - Processing /home/airflow/.local/lib/python3.12/site-packages/airflow/example_dags/example_bash_operator.py took 1.702 seconds
[2025-04-24T21:44:07.708+0000] {processor.py:186} INFO - Started process (PID=892) to work on /home/airflow/.local/lib/python3.12/site-packages/airflow/example_dags/example_bash_operator.py
[2025-04-24T21:44:07.714+0000] {processor.py:914} INFO - Processing file /home/airflow/.local/lib/python3.12/site-packages/airflow/example_dags/example_bash_operator.py for tasks to queue
[2025-04-24T21:44:07.871+0000] {logging_mixin.py:190} INFO - [2025-04-24T21:44:07.870+0000] {dagbag.py:588} INFO - Filling up the DagBag from /home/airflow/.local/lib/python3.12/site-packages/airflow/example_dags/example_bash_operator.py
[2025-04-24T21:44:08.140+0000] {processor.py:925} INFO - DAG(s) 'example_bash_operator' retrieved from /home/airflow/.local/lib/python3.12/site-packages/airflow/example_dags/example_bash_operator.py
[2025-04-24T21:44:08.978+0000] {logging_mixin.py:190} INFO - [2025-04-24T21:44:08.977+0000] {dag.py:3239} INFO - Sync 1 DAGs
[2025-04-24T21:44:09.804+0000] {logging_mixin.py:190} INFO - [2025-04-24T21:44:09.803+0000] {dag.py:4180} INFO - Setting next_dagrun for example_bash_operator to 2025-04-23 00:00:00+00:00, run_after=2025-04-24 00:00:00+00:00
[2025-04-24T21:44:10.568+0000] {processor.py:208} INFO - Processing /home/airflow/.local/lib/python3.12/site-packages/airflow/example_dags/example_bash_operator.py took 2.941 seconds
[2025-04-24T21:45:35.621+0000] {processor.py:186} INFO - Started process (PID=949) to work on /home/airflow/.local/lib/python3.12/site-packages/airflow/example_dags/example_bash_operator.py
[2025-04-24T21:45:35.648+0000] {processor.py:914} INFO - Processing file /home/airflow/.local/lib/python3.12/site-packages/airflow/example_dags/example_bash_operator.py for tasks to queue
[2025-04-24T21:45:35.684+0000] {logging_mixin.py:190} INFO - [2025-04-24T21:45:35.682+0000] {dagbag.py:588} INFO - Filling up the DagBag from /home/airflow/.local/lib/python3.12/site-packages/airflow/example_dags/example_bash_operator.py
[2025-04-24T21:45:35.889+0000] {processor.py:925} INFO - DAG(s) 'example_bash_operator' retrieved from /home/airflow/.local/lib/python3.12/site-packages/airflow/example_dags/example_bash_operator.py
[2025-04-24T21:45:36.305+0000] {logging_mixin.py:190} INFO - [2025-04-24T21:45:36.305+0000] {dag.py:3239} INFO - Sync 1 DAGs
[2025-04-24T21:45:37.273+0000] {logging_mixin.py:190} INFO - [2025-04-24T21:45:37.272+0000] {dag.py:4180} INFO - Setting next_dagrun for example_bash_operator to 2025-04-23 00:00:00+00:00, run_after=2025-04-24 00:00:00+00:00
[2025-04-24T21:45:37.519+0000] {processor.py:208} INFO - Processing /home/airflow/.local/lib/python3.12/site-packages/airflow/example_dags/example_bash_operator.py took 1.961 seconds
