[2025-04-24T21:22:18.281+0000] {processor.py:186} INFO - Started process (PID=147) to work on /home/airflow/.local/lib/python3.12/site-packages/airflow/example_dags/example_params_trigger_ui.py
[2025-04-24T21:22:18.313+0000] {processor.py:914} INFO - Processing file /home/airflow/.local/lib/python3.12/site-packages/airflow/example_dags/example_params_trigger_ui.py for tasks to queue
[2025-04-24T21:22:18.337+0000] {logging_mixin.py:190} INFO - [2025-04-24T21:22:18.336+0000] {dagbag.py:588} INFO - Filling up the DagBag from /home/airflow/.local/lib/python3.12/site-packages/airflow/example_dags/example_params_trigger_ui.py
[2025-04-24T21:22:18.526+0000] {processor.py:925} INFO - DAG(s) 'example_params_trigger_ui' retrieved from /home/airflow/.local/lib/python3.12/site-packages/airflow/example_dags/example_params_trigger_ui.py
[2025-04-24T21:22:20.181+0000] {logging_mixin.py:190} INFO - [2025-04-24T21:22:20.181+0000] {dag.py:3239} INFO - Sync 1 DAGs
[2025-04-24T21:22:20.423+0000] {logging_mixin.py:190} INFO - [2025-04-24T21:22:20.422+0000] {dag.py:4180} INFO - Setting next_dagrun for example_params_trigger_ui to None, run_after=None
[2025-04-24T21:22:20.585+0000] {processor.py:208} INFO - Processing /home/airflow/.local/lib/python3.12/site-packages/airflow/example_dags/example_params_trigger_ui.py took 2.505 seconds
[2025-04-24T21:24:40.578+0000] {processor.py:186} INFO - Started process (PID=226) to work on /home/airflow/.local/lib/python3.12/site-packages/airflow/example_dags/example_params_trigger_ui.py
[2025-04-24T21:24:40.593+0000] {processor.py:914} INFO - Processing file /home/airflow/.local/lib/python3.12/site-packages/airflow/example_dags/example_params_trigger_ui.py for tasks to queue
[2025-04-24T21:24:40.602+0000] {logging_mixin.py:190} INFO - [2025-04-24T21:24:40.602+0000] {dagbag.py:588} INFO - Filling up the DagBag from /home/airflow/.local/lib/python3.12/site-packages/airflow/example_dags/example_params_trigger_ui.py
[2025-04-24T21:24:40.864+0000] {processor.py:925} INFO - DAG(s) 'example_params_trigger_ui' retrieved from /home/airflow/.local/lib/python3.12/site-packages/airflow/example_dags/example_params_trigger_ui.py
[2025-04-24T21:24:41.734+0000] {logging_mixin.py:190} INFO - [2025-04-24T21:24:41.733+0000] {dag.py:3239} INFO - Sync 1 DAGs
[2025-04-24T21:24:42.297+0000] {logging_mixin.py:190} INFO - [2025-04-24T21:24:42.297+0000] {dag.py:4180} INFO - Setting next_dagrun for example_params_trigger_ui to None, run_after=None
[2025-04-24T21:24:42.721+0000] {processor.py:208} INFO - Processing /home/airflow/.local/lib/python3.12/site-packages/airflow/example_dags/example_params_trigger_ui.py took 2.380 seconds
[2025-04-24T21:27:50.984+0000] {processor.py:186} INFO - Started process (PID=342) to work on /home/airflow/.local/lib/python3.12/site-packages/airflow/example_dags/example_params_trigger_ui.py
[2025-04-24T21:27:51.000+0000] {processor.py:914} INFO - Processing file /home/airflow/.local/lib/python3.12/site-packages/airflow/example_dags/example_params_trigger_ui.py for tasks to queue
[2025-04-24T21:27:51.029+0000] {logging_mixin.py:190} INFO - [2025-04-24T21:27:51.028+0000] {dagbag.py:588} INFO - Filling up the DagBag from /home/airflow/.local/lib/python3.12/site-packages/airflow/example_dags/example_params_trigger_ui.py
[2025-04-24T21:27:51.182+0000] {processor.py:925} INFO - DAG(s) 'example_params_trigger_ui' retrieved from /home/airflow/.local/lib/python3.12/site-packages/airflow/example_dags/example_params_trigger_ui.py
[2025-04-24T21:27:52.383+0000] {logging_mixin.py:190} INFO - [2025-04-24T21:27:52.383+0000] {dag.py:3239} INFO - Sync 1 DAGs
[2025-04-24T21:27:52.891+0000] {logging_mixin.py:190} INFO - [2025-04-24T21:27:52.890+0000] {dag.py:4180} INFO - Setting next_dagrun for example_params_trigger_ui to None, run_after=None
[2025-04-24T21:27:53.841+0000] {processor.py:208} INFO - Processing /home/airflow/.local/lib/python3.12/site-packages/airflow/example_dags/example_params_trigger_ui.py took 2.911 seconds
[2025-04-24T21:31:30.818+0000] {processor.py:186} INFO - Started process (PID=463) to work on /home/airflow/.local/lib/python3.12/site-packages/airflow/example_dags/example_params_trigger_ui.py
[2025-04-24T21:31:30.983+0000] {processor.py:914} INFO - Processing file /home/airflow/.local/lib/python3.12/site-packages/airflow/example_dags/example_params_trigger_ui.py for tasks to queue
[2025-04-24T21:31:31.064+0000] {logging_mixin.py:190} INFO - [2025-04-24T21:31:31.063+0000] {dagbag.py:588} INFO - Filling up the DagBag from /home/airflow/.local/lib/python3.12/site-packages/airflow/example_dags/example_params_trigger_ui.py
[2025-04-24T21:31:31.648+0000] {processor.py:925} INFO - DAG(s) 'example_params_trigger_ui' retrieved from /home/airflow/.local/lib/python3.12/site-packages/airflow/example_dags/example_params_trigger_ui.py
[2025-04-24T21:31:33.001+0000] {logging_mixin.py:190} INFO - [2025-04-24T21:31:33.000+0000] {dag.py:3239} INFO - Sync 1 DAGs
[2025-04-24T21:31:33.224+0000] {logging_mixin.py:190} INFO - [2025-04-24T21:31:33.223+0000] {dag.py:4180} INFO - Setting next_dagrun for example_params_trigger_ui to None, run_after=None
[2025-04-24T21:31:33.515+0000] {processor.py:208} INFO - Processing /home/airflow/.local/lib/python3.12/site-packages/airflow/example_dags/example_params_trigger_ui.py took 3.135 seconds
[2025-04-24T21:34:57.763+0000] {processor.py:186} INFO - Started process (PID=588) to work on /home/airflow/.local/lib/python3.12/site-packages/airflow/example_dags/example_params_trigger_ui.py
[2025-04-24T21:34:57.770+0000] {processor.py:914} INFO - Processing file /home/airflow/.local/lib/python3.12/site-packages/airflow/example_dags/example_params_trigger_ui.py for tasks to queue
[2025-04-24T21:34:57.937+0000] {logging_mixin.py:190} INFO - [2025-04-24T21:34:57.936+0000] {dagbag.py:588} INFO - Filling up the DagBag from /home/airflow/.local/lib/python3.12/site-packages/airflow/example_dags/example_params_trigger_ui.py
[2025-04-24T21:34:58.237+0000] {processor.py:925} INFO - DAG(s) 'example_params_trigger_ui' retrieved from /home/airflow/.local/lib/python3.12/site-packages/airflow/example_dags/example_params_trigger_ui.py
[2025-04-24T21:34:59.727+0000] {logging_mixin.py:190} INFO - [2025-04-24T21:34:59.727+0000] {dag.py:3239} INFO - Sync 1 DAGs
[2025-04-24T21:35:00.096+0000] {logging_mixin.py:190} INFO - [2025-04-24T21:35:00.095+0000] {dag.py:4180} INFO - Setting next_dagrun for example_params_trigger_ui to None, run_after=None
[2025-04-24T21:35:00.637+0000] {processor.py:208} INFO - Processing /home/airflow/.local/lib/python3.12/site-packages/airflow/example_dags/example_params_trigger_ui.py took 2.931 seconds
[2025-04-24T21:38:55.315+0000] {processor.py:186} INFO - Started process (PID=719) to work on /home/airflow/.local/lib/python3.12/site-packages/airflow/example_dags/example_params_trigger_ui.py
[2025-04-24T21:38:55.340+0000] {processor.py:914} INFO - Processing file /home/airflow/.local/lib/python3.12/site-packages/airflow/example_dags/example_params_trigger_ui.py for tasks to queue
[2025-04-24T21:38:55.365+0000] {logging_mixin.py:190} INFO - [2025-04-24T21:38:55.363+0000] {dagbag.py:588} INFO - Filling up the DagBag from /home/airflow/.local/lib/python3.12/site-packages/airflow/example_dags/example_params_trigger_ui.py
[2025-04-24T21:38:55.576+0000] {processor.py:925} INFO - DAG(s) 'example_params_trigger_ui' retrieved from /home/airflow/.local/lib/python3.12/site-packages/airflow/example_dags/example_params_trigger_ui.py
[2025-04-24T21:38:57.213+0000] {logging_mixin.py:190} INFO - [2025-04-24T21:38:57.212+0000] {dag.py:3239} INFO - Sync 1 DAGs
[2025-04-24T21:38:57.889+0000] {logging_mixin.py:190} INFO - [2025-04-24T21:38:57.880+0000] {dag.py:4180} INFO - Setting next_dagrun for example_params_trigger_ui to None, run_after=None
[2025-04-24T21:38:58.360+0000] {processor.py:208} INFO - Processing /home/airflow/.local/lib/python3.12/site-packages/airflow/example_dags/example_params_trigger_ui.py took 3.119 seconds
[2025-04-24T21:42:54.211+0000] {processor.py:186} INFO - Started process (PID=842) to work on /home/airflow/.local/lib/python3.12/site-packages/airflow/example_dags/example_params_trigger_ui.py
[2025-04-24T21:42:54.247+0000] {processor.py:914} INFO - Processing file /home/airflow/.local/lib/python3.12/site-packages/airflow/example_dags/example_params_trigger_ui.py for tasks to queue
[2025-04-24T21:42:54.255+0000] {logging_mixin.py:190} INFO - [2025-04-24T21:42:54.255+0000] {dagbag.py:588} INFO - Filling up the DagBag from /home/airflow/.local/lib/python3.12/site-packages/airflow/example_dags/example_params_trigger_ui.py
[2025-04-24T21:42:54.349+0000] {processor.py:925} INFO - DAG(s) 'example_params_trigger_ui' retrieved from /home/airflow/.local/lib/python3.12/site-packages/airflow/example_dags/example_params_trigger_ui.py
[2025-04-24T21:42:55.704+0000] {logging_mixin.py:190} INFO - [2025-04-24T21:42:55.704+0000] {dag.py:3239} INFO - Sync 1 DAGs
[2025-04-24T21:42:56.050+0000] {logging_mixin.py:190} INFO - [2025-04-24T21:42:56.049+0000] {dag.py:4180} INFO - Setting next_dagrun for example_params_trigger_ui to None, run_after=None
[2025-04-24T21:42:57.581+0000] {processor.py:208} INFO - Processing /home/airflow/.local/lib/python3.12/site-packages/airflow/example_dags/example_params_trigger_ui.py took 3.485 seconds
[2025-04-24T21:45:56.304+0000] {processor.py:186} INFO - Started process (PID=961) to work on /home/airflow/.local/lib/python3.12/site-packages/airflow/example_dags/example_params_trigger_ui.py
[2025-04-24T21:45:56.338+0000] {processor.py:914} INFO - Processing file /home/airflow/.local/lib/python3.12/site-packages/airflow/example_dags/example_params_trigger_ui.py for tasks to queue
[2025-04-24T21:45:56.385+0000] {logging_mixin.py:190} INFO - [2025-04-24T21:45:56.384+0000] {dagbag.py:588} INFO - Filling up the DagBag from /home/airflow/.local/lib/python3.12/site-packages/airflow/example_dags/example_params_trigger_ui.py
[2025-04-24T21:45:56.858+0000] {processor.py:925} INFO - DAG(s) 'example_params_trigger_ui' retrieved from /home/airflow/.local/lib/python3.12/site-packages/airflow/example_dags/example_params_trigger_ui.py
[2025-04-24T21:45:58.649+0000] {logging_mixin.py:190} INFO - [2025-04-24T21:45:58.649+0000] {dag.py:3239} INFO - Sync 1 DAGs
[2025-04-24T21:45:59.023+0000] {logging_mixin.py:190} INFO - [2025-04-24T21:45:59.023+0000] {dag.py:4180} INFO - Setting next_dagrun for example_params_trigger_ui to None, run_after=None
[2025-04-24T21:45:59.587+0000] {processor.py:208} INFO - Processing /home/airflow/.local/lib/python3.12/site-packages/airflow/example_dags/example_params_trigger_ui.py took 3.340 seconds
