[2025-04-24T21:22:49.661+0000] {processor.py:186} INFO - Started process (PID=162) to work on /home/airflow/.local/lib/python3.12/site-packages/airflow/example_dags/example_dataset_alias_with_no_taskflow.py
[2025-04-24T21:22:49.684+0000] {processor.py:914} INFO - Processing file /home/airflow/.local/lib/python3.12/site-packages/airflow/example_dags/example_dataset_alias_with_no_taskflow.py for tasks to queue
[2025-04-24T21:22:49.716+0000] {logging_mixin.py:190} INFO - [2025-04-24T21:22:49.715+0000] {dagbag.py:588} INFO - Filling up the DagBag from /home/airflow/.local/lib/python3.12/site-packages/airflow/example_dags/example_dataset_alias_with_no_taskflow.py
[2025-04-24T21:23:05.505+0000] {processor.py:925} INFO - DAG(s) 'dataset_s3_bucket_consumer_with_no_taskflow', 'dataset_alias_example_alias_consumer_with_no_taskflow', 'dataset_alias_example_alias_producer_with_no_taskflow', 'dataset_s3_bucket_producer_with_no_taskflow' retrieved from /home/airflow/.local/lib/python3.12/site-packages/airflow/example_dags/example_dataset_alias_with_no_taskflow.py
[2025-04-24T21:23:05.879+0000] {logging_mixin.py:190} INFO - [2025-04-24T21:23:05.876+0000] {dag.py:3239} INFO - Sync 4 DAGs
[2025-04-24T21:23:06.562+0000] {logging_mixin.py:190} INFO - [2025-04-24T21:23:06.553+0000] {dag.py:4180} INFO - Setting next_dagrun for dataset_alias_example_alias_consumer_with_no_taskflow to None, run_after=None
[2025-04-24T21:23:06.662+0000] {logging_mixin.py:190} INFO - [2025-04-24T21:23:06.661+0000] {dag.py:4180} INFO - Setting next_dagrun for dataset_alias_example_alias_producer_with_no_taskflow to None, run_after=None
[2025-04-24T21:23:06.672+0000] {logging_mixin.py:190} INFO - [2025-04-24T21:23:06.671+0000] {dag.py:4180} INFO - Setting next_dagrun for dataset_s3_bucket_consumer_with_no_taskflow to None, run_after=None
[2025-04-24T21:23:06.699+0000] {logging_mixin.py:190} INFO - [2025-04-24T21:23:06.698+0000] {dag.py:4180} INFO - Setting next_dagrun for dataset_s3_bucket_producer_with_no_taskflow to None, run_after=None
[2025-04-24T21:23:07.246+0000] {processor.py:208} INFO - Processing /home/airflow/.local/lib/python3.12/site-packages/airflow/example_dags/example_dataset_alias_with_no_taskflow.py took 18.205 seconds
[2025-04-24T21:26:10.792+0000] {processor.py:186} INFO - Started process (PID=277) to work on /home/airflow/.local/lib/python3.12/site-packages/airflow/example_dags/example_dataset_alias_with_no_taskflow.py
[2025-04-24T21:26:10.871+0000] {processor.py:914} INFO - Processing file /home/airflow/.local/lib/python3.12/site-packages/airflow/example_dags/example_dataset_alias_with_no_taskflow.py for tasks to queue
[2025-04-24T21:26:10.923+0000] {logging_mixin.py:190} INFO - [2025-04-24T21:26:10.923+0000] {dagbag.py:588} INFO - Filling up the DagBag from /home/airflow/.local/lib/python3.12/site-packages/airflow/example_dags/example_dataset_alias_with_no_taskflow.py
[2025-04-24T21:26:32.482+0000] {processor.py:925} INFO - DAG(s) 'dataset_alias_example_alias_consumer_with_no_taskflow', 'dataset_s3_bucket_consumer_with_no_taskflow', 'dataset_s3_bucket_producer_with_no_taskflow', 'dataset_alias_example_alias_producer_with_no_taskflow' retrieved from /home/airflow/.local/lib/python3.12/site-packages/airflow/example_dags/example_dataset_alias_with_no_taskflow.py
[2025-04-24T21:26:33.393+0000] {logging_mixin.py:190} INFO - [2025-04-24T21:26:33.392+0000] {dag.py:3239} INFO - Sync 4 DAGs
[2025-04-24T21:26:33.887+0000] {logging_mixin.py:190} INFO - [2025-04-24T21:26:33.826+0000] {dag.py:4180} INFO - Setting next_dagrun for dataset_alias_example_alias_consumer_with_no_taskflow to None, run_after=None
[2025-04-24T21:26:33.901+0000] {logging_mixin.py:190} INFO - [2025-04-24T21:26:33.901+0000] {dag.py:4180} INFO - Setting next_dagrun for dataset_alias_example_alias_producer_with_no_taskflow to None, run_after=None
[2025-04-24T21:26:34.087+0000] {logging_mixin.py:190} INFO - [2025-04-24T21:26:34.087+0000] {dag.py:4180} INFO - Setting next_dagrun for dataset_s3_bucket_consumer_with_no_taskflow to None, run_after=None
[2025-04-24T21:26:34.121+0000] {logging_mixin.py:190} INFO - [2025-04-24T21:26:34.121+0000] {dag.py:4180} INFO - Setting next_dagrun for dataset_s3_bucket_producer_with_no_taskflow to None, run_after=None
[2025-04-24T21:26:34.849+0000] {processor.py:208} INFO - Processing /home/airflow/.local/lib/python3.12/site-packages/airflow/example_dags/example_dataset_alias_with_no_taskflow.py took 24.285 seconds
[2025-04-24T21:29:18.591+0000] {processor.py:186} INFO - Started process (PID=391) to work on /home/airflow/.local/lib/python3.12/site-packages/airflow/example_dags/example_dataset_alias_with_no_taskflow.py
[2025-04-24T21:29:18.631+0000] {processor.py:914} INFO - Processing file /home/airflow/.local/lib/python3.12/site-packages/airflow/example_dags/example_dataset_alias_with_no_taskflow.py for tasks to queue
[2025-04-24T21:29:18.669+0000] {logging_mixin.py:190} INFO - [2025-04-24T21:29:18.669+0000] {dagbag.py:588} INFO - Filling up the DagBag from /home/airflow/.local/lib/python3.12/site-packages/airflow/example_dags/example_dataset_alias_with_no_taskflow.py
[2025-04-24T21:29:44.562+0000] {processor.py:925} INFO - DAG(s) 'dataset_alias_example_alias_consumer_with_no_taskflow', 'dataset_s3_bucket_consumer_with_no_taskflow', 'dataset_s3_bucket_producer_with_no_taskflow', 'dataset_alias_example_alias_producer_with_no_taskflow' retrieved from /home/airflow/.local/lib/python3.12/site-packages/airflow/example_dags/example_dataset_alias_with_no_taskflow.py
[2025-04-24T21:29:45.334+0000] {logging_mixin.py:190} INFO - [2025-04-24T21:29:45.233+0000] {dag.py:3239} INFO - Sync 4 DAGs
[2025-04-24T21:29:45.934+0000] {logging_mixin.py:190} INFO - [2025-04-24T21:29:45.933+0000] {dag.py:4180} INFO - Setting next_dagrun for dataset_alias_example_alias_consumer_with_no_taskflow to None, run_after=None
[2025-04-24T21:29:46.082+0000] {logging_mixin.py:190} INFO - [2025-04-24T21:29:45.976+0000] {dag.py:4180} INFO - Setting next_dagrun for dataset_alias_example_alias_producer_with_no_taskflow to None, run_after=None
[2025-04-24T21:29:46.172+0000] {logging_mixin.py:190} INFO - [2025-04-24T21:29:46.172+0000] {dag.py:4180} INFO - Setting next_dagrun for dataset_s3_bucket_consumer_with_no_taskflow to None, run_after=None
[2025-04-24T21:29:46.306+0000] {logging_mixin.py:190} INFO - [2025-04-24T21:29:46.305+0000] {dag.py:4180} INFO - Setting next_dagrun for dataset_s3_bucket_producer_with_no_taskflow to None, run_after=None
[2025-04-24T21:29:47.055+0000] {processor.py:208} INFO - Processing /home/airflow/.local/lib/python3.12/site-packages/airflow/example_dags/example_dataset_alias_with_no_taskflow.py took 28.555 seconds
[2025-04-24T21:33:02.565+0000] {processor.py:186} INFO - Started process (PID=519) to work on /home/airflow/.local/lib/python3.12/site-packages/airflow/example_dags/example_dataset_alias_with_no_taskflow.py
[2025-04-24T21:33:02.572+0000] {processor.py:914} INFO - Processing file /home/airflow/.local/lib/python3.12/site-packages/airflow/example_dags/example_dataset_alias_with_no_taskflow.py for tasks to queue
[2025-04-24T21:33:02.598+0000] {logging_mixin.py:190} INFO - [2025-04-24T21:33:02.597+0000] {dagbag.py:588} INFO - Filling up the DagBag from /home/airflow/.local/lib/python3.12/site-packages/airflow/example_dags/example_dataset_alias_with_no_taskflow.py
[2025-04-24T21:33:18.662+0000] {processor.py:925} INFO - DAG(s) 'dataset_s3_bucket_producer_with_no_taskflow', 'dataset_alias_example_alias_consumer_with_no_taskflow', 'dataset_alias_example_alias_producer_with_no_taskflow', 'dataset_s3_bucket_consumer_with_no_taskflow' retrieved from /home/airflow/.local/lib/python3.12/site-packages/airflow/example_dags/example_dataset_alias_with_no_taskflow.py
[2025-04-24T21:33:19.278+0000] {logging_mixin.py:190} INFO - [2025-04-24T21:33:19.277+0000] {dag.py:3239} INFO - Sync 4 DAGs
[2025-04-24T21:33:19.667+0000] {logging_mixin.py:190} INFO - [2025-04-24T21:33:19.667+0000] {dag.py:4180} INFO - Setting next_dagrun for dataset_alias_example_alias_consumer_with_no_taskflow to None, run_after=None
[2025-04-24T21:33:19.721+0000] {logging_mixin.py:190} INFO - [2025-04-24T21:33:19.721+0000] {dag.py:4180} INFO - Setting next_dagrun for dataset_alias_example_alias_producer_with_no_taskflow to None, run_after=None
[2025-04-24T21:33:19.761+0000] {logging_mixin.py:190} INFO - [2025-04-24T21:33:19.760+0000] {dag.py:4180} INFO - Setting next_dagrun for dataset_s3_bucket_consumer_with_no_taskflow to None, run_after=None
[2025-04-24T21:33:19.775+0000] {logging_mixin.py:190} INFO - [2025-04-24T21:33:19.774+0000] {dag.py:4180} INFO - Setting next_dagrun for dataset_s3_bucket_producer_with_no_taskflow to None, run_after=None
[2025-04-24T21:33:20.134+0000] {processor.py:208} INFO - Processing /home/airflow/.local/lib/python3.12/site-packages/airflow/example_dags/example_dataset_alias_with_no_taskflow.py took 17.644 seconds
[2025-04-24T21:36:28.297+0000] {processor.py:186} INFO - Started process (PID=642) to work on /home/airflow/.local/lib/python3.12/site-packages/airflow/example_dags/example_dataset_alias_with_no_taskflow.py
[2025-04-24T21:36:28.351+0000] {processor.py:914} INFO - Processing file /home/airflow/.local/lib/python3.12/site-packages/airflow/example_dags/example_dataset_alias_with_no_taskflow.py for tasks to queue
[2025-04-24T21:36:28.390+0000] {logging_mixin.py:190} INFO - [2025-04-24T21:36:28.390+0000] {dagbag.py:588} INFO - Filling up the DagBag from /home/airflow/.local/lib/python3.12/site-packages/airflow/example_dags/example_dataset_alias_with_no_taskflow.py
[2025-04-24T21:36:46.858+0000] {processor.py:925} INFO - DAG(s) 'dataset_s3_bucket_consumer_with_no_taskflow', 'dataset_alias_example_alias_producer_with_no_taskflow', 'dataset_alias_example_alias_consumer_with_no_taskflow', 'dataset_s3_bucket_producer_with_no_taskflow' retrieved from /home/airflow/.local/lib/python3.12/site-packages/airflow/example_dags/example_dataset_alias_with_no_taskflow.py
[2025-04-24T21:36:47.668+0000] {logging_mixin.py:190} INFO - [2025-04-24T21:36:47.667+0000] {dag.py:3239} INFO - Sync 4 DAGs
[2025-04-24T21:36:48.504+0000] {logging_mixin.py:190} INFO - [2025-04-24T21:36:48.503+0000] {dag.py:4180} INFO - Setting next_dagrun for dataset_alias_example_alias_consumer_with_no_taskflow to None, run_after=None
[2025-04-24T21:36:48.752+0000] {logging_mixin.py:190} INFO - [2025-04-24T21:36:48.752+0000] {dag.py:4180} INFO - Setting next_dagrun for dataset_alias_example_alias_producer_with_no_taskflow to None, run_after=None
[2025-04-24T21:36:48.786+0000] {logging_mixin.py:190} INFO - [2025-04-24T21:36:48.785+0000] {dag.py:4180} INFO - Setting next_dagrun for dataset_s3_bucket_consumer_with_no_taskflow to None, run_after=None
[2025-04-24T21:36:48.905+0000] {logging_mixin.py:190} INFO - [2025-04-24T21:36:48.904+0000] {dag.py:4180} INFO - Setting next_dagrun for dataset_s3_bucket_producer_with_no_taskflow to None, run_after=None
[2025-04-24T21:36:49.847+0000] {processor.py:208} INFO - Processing /home/airflow/.local/lib/python3.12/site-packages/airflow/example_dags/example_dataset_alias_with_no_taskflow.py took 21.860 seconds
[2025-04-24T21:40:33.252+0000] {processor.py:186} INFO - Started process (PID=773) to work on /home/airflow/.local/lib/python3.12/site-packages/airflow/example_dags/example_dataset_alias_with_no_taskflow.py
[2025-04-24T21:40:33.403+0000] {processor.py:914} INFO - Processing file /home/airflow/.local/lib/python3.12/site-packages/airflow/example_dags/example_dataset_alias_with_no_taskflow.py for tasks to queue
[2025-04-24T21:40:33.439+0000] {logging_mixin.py:190} INFO - [2025-04-24T21:40:33.438+0000] {dagbag.py:588} INFO - Filling up the DagBag from /home/airflow/.local/lib/python3.12/site-packages/airflow/example_dags/example_dataset_alias_with_no_taskflow.py
[2025-04-24T21:40:59.095+0000] {processor.py:925} INFO - DAG(s) 'dataset_alias_example_alias_consumer_with_no_taskflow', 'dataset_s3_bucket_producer_with_no_taskflow', 'dataset_s3_bucket_consumer_with_no_taskflow', 'dataset_alias_example_alias_producer_with_no_taskflow' retrieved from /home/airflow/.local/lib/python3.12/site-packages/airflow/example_dags/example_dataset_alias_with_no_taskflow.py
[2025-04-24T21:40:59.741+0000] {logging_mixin.py:190} INFO - [2025-04-24T21:40:59.726+0000] {dag.py:3239} INFO - Sync 4 DAGs
[2025-04-24T21:41:00.596+0000] {logging_mixin.py:190} INFO - [2025-04-24T21:41:00.596+0000] {dag.py:4180} INFO - Setting next_dagrun for dataset_alias_example_alias_consumer_with_no_taskflow to None, run_after=None
[2025-04-24T21:41:00.649+0000] {logging_mixin.py:190} INFO - [2025-04-24T21:41:00.648+0000] {dag.py:4180} INFO - Setting next_dagrun for dataset_alias_example_alias_producer_with_no_taskflow to None, run_after=None
[2025-04-24T21:41:00.700+0000] {logging_mixin.py:190} INFO - [2025-04-24T21:41:00.699+0000] {dag.py:4180} INFO - Setting next_dagrun for dataset_s3_bucket_consumer_with_no_taskflow to None, run_after=None
[2025-04-24T21:41:00.887+0000] {logging_mixin.py:190} INFO - [2025-04-24T21:41:00.887+0000] {dag.py:4180} INFO - Setting next_dagrun for dataset_s3_bucket_producer_with_no_taskflow to None, run_after=None
[2025-04-24T21:41:01.367+0000] {processor.py:208} INFO - Processing /home/airflow/.local/lib/python3.12/site-packages/airflow/example_dags/example_dataset_alias_with_no_taskflow.py took 28.166 seconds
[2025-04-24T21:44:14.855+0000] {processor.py:186} INFO - Started process (PID=897) to work on /home/airflow/.local/lib/python3.12/site-packages/airflow/example_dags/example_dataset_alias_with_no_taskflow.py
[2025-04-24T21:44:14.860+0000] {processor.py:914} INFO - Processing file /home/airflow/.local/lib/python3.12/site-packages/airflow/example_dags/example_dataset_alias_with_no_taskflow.py for tasks to queue
[2025-04-24T21:44:14.906+0000] {logging_mixin.py:190} INFO - [2025-04-24T21:44:14.905+0000] {dagbag.py:588} INFO - Filling up the DagBag from /home/airflow/.local/lib/python3.12/site-packages/airflow/example_dags/example_dataset_alias_with_no_taskflow.py
[2025-04-24T21:44:34.681+0000] {processor.py:925} INFO - DAG(s) 'dataset_alias_example_alias_producer_with_no_taskflow', 'dataset_s3_bucket_consumer_with_no_taskflow', 'dataset_s3_bucket_producer_with_no_taskflow', 'dataset_alias_example_alias_consumer_with_no_taskflow' retrieved from /home/airflow/.local/lib/python3.12/site-packages/airflow/example_dags/example_dataset_alias_with_no_taskflow.py
[2025-04-24T21:44:35.018+0000] {logging_mixin.py:190} INFO - [2025-04-24T21:44:35.016+0000] {dag.py:3239} INFO - Sync 4 DAGs
[2025-04-24T21:44:35.549+0000] {logging_mixin.py:190} INFO - [2025-04-24T21:44:35.548+0000] {dag.py:4180} INFO - Setting next_dagrun for dataset_alias_example_alias_consumer_with_no_taskflow to None, run_after=None
[2025-04-24T21:44:35.600+0000] {logging_mixin.py:190} INFO - [2025-04-24T21:44:35.599+0000] {dag.py:4180} INFO - Setting next_dagrun for dataset_alias_example_alias_producer_with_no_taskflow to None, run_after=None
[2025-04-24T21:44:35.701+0000] {logging_mixin.py:190} INFO - [2025-04-24T21:44:35.701+0000] {dag.py:4180} INFO - Setting next_dagrun for dataset_s3_bucket_consumer_with_no_taskflow to None, run_after=None
[2025-04-24T21:44:35.735+0000] {logging_mixin.py:190} INFO - [2025-04-24T21:44:35.732+0000] {dag.py:4180} INFO - Setting next_dagrun for dataset_s3_bucket_producer_with_no_taskflow to None, run_after=None
[2025-04-24T21:44:36.004+0000] {processor.py:208} INFO - Processing /home/airflow/.local/lib/python3.12/site-packages/airflow/example_dags/example_dataset_alias_with_no_taskflow.py took 21.193 seconds
