[2025-04-24T21:22:56.147+0000] {processor.py:186} INFO - Started process (PID=165) to work on /home/airflow/.local/lib/python3.12/site-packages/airflow/example_dags/example_task_group_decorator.py
[2025-04-24T21:22:56.225+0000] {processor.py:914} INFO - Processing file /home/airflow/.local/lib/python3.12/site-packages/airflow/example_dags/example_task_group_decorator.py for tasks to queue
[2025-04-24T21:22:56.243+0000] {logging_mixin.py:190} INFO - [2025-04-24T21:22:56.242+0000] {dagbag.py:588} INFO - Filling up the DagBag from /home/airflow/.local/lib/python3.12/site-packages/airflow/example_dags/example_task_group_decorator.py
[2025-04-24T21:22:56.873+0000] {processor.py:925} INFO - DAG(s) 'example_task_group_decorator' retrieved from /home/airflow/.local/lib/python3.12/site-packages/airflow/example_dags/example_task_group_decorator.py
[2025-04-24T21:22:57.196+0000] {logging_mixin.py:190} INFO - [2025-04-24T21:22:57.196+0000] {dag.py:3239} INFO - Sync 1 DAGs
[2025-04-24T21:22:57.345+0000] {logging_mixin.py:190} INFO - [2025-04-24T21:22:57.344+0000] {dag.py:4180} INFO - Setting next_dagrun for example_task_group_decorator to None, run_after=None
[2025-04-24T21:22:58.076+0000] {processor.py:208} INFO - Processing /home/airflow/.local/lib/python3.12/site-packages/airflow/example_dags/example_task_group_decorator.py took 1.980 seconds
[2025-04-24T21:26:18.934+0000] {processor.py:186} INFO - Started process (PID=280) to work on /home/airflow/.local/lib/python3.12/site-packages/airflow/example_dags/example_task_group_decorator.py
[2025-04-24T21:26:18.942+0000] {processor.py:914} INFO - Processing file /home/airflow/.local/lib/python3.12/site-packages/airflow/example_dags/example_task_group_decorator.py for tasks to queue
[2025-04-24T21:26:18.956+0000] {logging_mixin.py:190} INFO - [2025-04-24T21:26:18.955+0000] {dagbag.py:588} INFO - Filling up the DagBag from /home/airflow/.local/lib/python3.12/site-packages/airflow/example_dags/example_task_group_decorator.py
[2025-04-24T21:26:19.182+0000] {processor.py:925} INFO - DAG(s) 'example_task_group_decorator' retrieved from /home/airflow/.local/lib/python3.12/site-packages/airflow/example_dags/example_task_group_decorator.py
[2025-04-24T21:26:21.704+0000] {logging_mixin.py:190} INFO - [2025-04-24T21:26:21.703+0000] {dag.py:3239} INFO - Sync 1 DAGs
[2025-04-24T21:26:22.318+0000] {logging_mixin.py:190} INFO - [2025-04-24T21:26:22.318+0000] {dag.py:4180} INFO - Setting next_dagrun for example_task_group_decorator to None, run_after=None
[2025-04-24T21:26:22.631+0000] {processor.py:208} INFO - Processing /home/airflow/.local/lib/python3.12/site-packages/airflow/example_dags/example_task_group_decorator.py took 3.747 seconds
[2025-04-24T21:29:39.821+0000] {processor.py:186} INFO - Started process (PID=400) to work on /home/airflow/.local/lib/python3.12/site-packages/airflow/example_dags/example_task_group_decorator.py
[2025-04-24T21:29:39.928+0000] {processor.py:914} INFO - Processing file /home/airflow/.local/lib/python3.12/site-packages/airflow/example_dags/example_task_group_decorator.py for tasks to queue
[2025-04-24T21:29:40.494+0000] {logging_mixin.py:190} INFO - [2025-04-24T21:29:40.451+0000] {dagbag.py:588} INFO - Filling up the DagBag from /home/airflow/.local/lib/python3.12/site-packages/airflow/example_dags/example_task_group_decorator.py
[2025-04-24T21:29:40.599+0000] {processor.py:925} INFO - DAG(s) 'example_task_group_decorator' retrieved from /home/airflow/.local/lib/python3.12/site-packages/airflow/example_dags/example_task_group_decorator.py
[2025-04-24T21:29:41.353+0000] {logging_mixin.py:190} INFO - [2025-04-24T21:29:41.352+0000] {dag.py:3239} INFO - Sync 1 DAGs
[2025-04-24T21:29:41.772+0000] {logging_mixin.py:190} INFO - [2025-04-24T21:29:41.772+0000] {dag.py:4180} INFO - Setting next_dagrun for example_task_group_decorator to None, run_after=None
[2025-04-24T21:29:42.462+0000] {processor.py:208} INFO - Processing /home/airflow/.local/lib/python3.12/site-packages/airflow/example_dags/example_task_group_decorator.py took 2.737 seconds
[2025-04-24T21:33:23.372+0000] {processor.py:186} INFO - Started process (PID=528) to work on /home/airflow/.local/lib/python3.12/site-packages/airflow/example_dags/example_task_group_decorator.py
[2025-04-24T21:33:23.384+0000] {processor.py:914} INFO - Processing file /home/airflow/.local/lib/python3.12/site-packages/airflow/example_dags/example_task_group_decorator.py for tasks to queue
[2025-04-24T21:33:23.430+0000] {logging_mixin.py:190} INFO - [2025-04-24T21:33:23.429+0000] {dagbag.py:588} INFO - Filling up the DagBag from /home/airflow/.local/lib/python3.12/site-packages/airflow/example_dags/example_task_group_decorator.py
[2025-04-24T21:33:24.506+0000] {processor.py:925} INFO - DAG(s) 'example_task_group_decorator' retrieved from /home/airflow/.local/lib/python3.12/site-packages/airflow/example_dags/example_task_group_decorator.py
[2025-04-24T21:33:24.828+0000] {logging_mixin.py:190} INFO - [2025-04-24T21:33:24.827+0000] {dag.py:3239} INFO - Sync 1 DAGs
[2025-04-24T21:33:25.076+0000] {logging_mixin.py:190} INFO - [2025-04-24T21:33:25.075+0000] {dag.py:4180} INFO - Setting next_dagrun for example_task_group_decorator to None, run_after=None
[2025-04-24T21:33:25.353+0000] {processor.py:208} INFO - Processing /home/airflow/.local/lib/python3.12/site-packages/airflow/example_dags/example_task_group_decorator.py took 2.038 seconds
[2025-04-24T21:36:53.872+0000] {processor.py:186} INFO - Started process (PID=651) to work on /home/airflow/.local/lib/python3.12/site-packages/airflow/example_dags/example_task_group_decorator.py
[2025-04-24T21:36:53.879+0000] {processor.py:914} INFO - Processing file /home/airflow/.local/lib/python3.12/site-packages/airflow/example_dags/example_task_group_decorator.py for tasks to queue
[2025-04-24T21:36:53.922+0000] {logging_mixin.py:190} INFO - [2025-04-24T21:36:53.922+0000] {dagbag.py:588} INFO - Filling up the DagBag from /home/airflow/.local/lib/python3.12/site-packages/airflow/example_dags/example_task_group_decorator.py
[2025-04-24T21:36:54.159+0000] {processor.py:925} INFO - DAG(s) 'example_task_group_decorator' retrieved from /home/airflow/.local/lib/python3.12/site-packages/airflow/example_dags/example_task_group_decorator.py
[2025-04-24T21:36:54.821+0000] {logging_mixin.py:190} INFO - [2025-04-24T21:36:54.820+0000] {dag.py:3239} INFO - Sync 1 DAGs
[2025-04-24T21:36:55.524+0000] {logging_mixin.py:190} INFO - [2025-04-24T21:36:55.524+0000] {dag.py:4180} INFO - Setting next_dagrun for example_task_group_decorator to None, run_after=None
[2025-04-24T21:36:56.364+0000] {processor.py:208} INFO - Processing /home/airflow/.local/lib/python3.12/site-packages/airflow/example_dags/example_task_group_decorator.py took 2.769 seconds
[2025-04-24T21:41:03.700+0000] {processor.py:186} INFO - Started process (PID=781) to work on /home/airflow/.local/lib/python3.12/site-packages/airflow/example_dags/example_task_group_decorator.py
[2025-04-24T21:41:03.831+0000] {processor.py:914} INFO - Processing file /home/airflow/.local/lib/python3.12/site-packages/airflow/example_dags/example_task_group_decorator.py for tasks to queue
[2025-04-24T21:41:03.880+0000] {logging_mixin.py:190} INFO - [2025-04-24T21:41:03.880+0000] {dagbag.py:588} INFO - Filling up the DagBag from /home/airflow/.local/lib/python3.12/site-packages/airflow/example_dags/example_task_group_decorator.py
[2025-04-24T21:41:04.441+0000] {processor.py:925} INFO - DAG(s) 'example_task_group_decorator' retrieved from /home/airflow/.local/lib/python3.12/site-packages/airflow/example_dags/example_task_group_decorator.py
[2025-04-24T21:41:05.186+0000] {logging_mixin.py:190} INFO - [2025-04-24T21:41:05.185+0000] {dag.py:3239} INFO - Sync 1 DAGs
[2025-04-24T21:41:06.770+0000] {logging_mixin.py:190} INFO - [2025-04-24T21:41:06.770+0000] {dag.py:4180} INFO - Setting next_dagrun for example_task_group_decorator to None, run_after=None
[2025-04-24T21:41:07.792+0000] {processor.py:208} INFO - Processing /home/airflow/.local/lib/python3.12/site-packages/airflow/example_dags/example_task_group_decorator.py took 4.226 seconds
[2025-04-24T21:44:39.845+0000] {processor.py:186} INFO - Started process (PID=906) to work on /home/airflow/.local/lib/python3.12/site-packages/airflow/example_dags/example_task_group_decorator.py
[2025-04-24T21:44:39.876+0000] {processor.py:914} INFO - Processing file /home/airflow/.local/lib/python3.12/site-packages/airflow/example_dags/example_task_group_decorator.py for tasks to queue
[2025-04-24T21:44:39.971+0000] {logging_mixin.py:190} INFO - [2025-04-24T21:44:39.961+0000] {dagbag.py:588} INFO - Filling up the DagBag from /home/airflow/.local/lib/python3.12/site-packages/airflow/example_dags/example_task_group_decorator.py
[2025-04-24T21:44:40.537+0000] {processor.py:925} INFO - DAG(s) 'example_task_group_decorator' retrieved from /home/airflow/.local/lib/python3.12/site-packages/airflow/example_dags/example_task_group_decorator.py
[2025-04-24T21:44:41.088+0000] {logging_mixin.py:190} INFO - [2025-04-24T21:44:41.088+0000] {dag.py:3239} INFO - Sync 1 DAGs
[2025-04-24T21:44:41.277+0000] {logging_mixin.py:190} INFO - [2025-04-24T21:44:41.276+0000] {dag.py:4180} INFO - Setting next_dagrun for example_task_group_decorator to None, run_after=None
[2025-04-24T21:44:41.537+0000] {processor.py:208} INFO - Processing /home/airflow/.local/lib/python3.12/site-packages/airflow/example_dags/example_task_group_decorator.py took 1.811 seconds
