[2025-04-24T21:22:05.449+0000] {processor.py:186} INFO - Started process (PID=134) to work on /home/airflow/.local/lib/python3.12/site-packages/airflow/example_dags/example_kubernetes_executor.py
[2025-04-24T21:22:05.497+0000] {processor.py:914} INFO - Processing file /home/airflow/.local/lib/python3.12/site-packages/airflow/example_dags/example_kubernetes_executor.py for tasks to queue
[2025-04-24T21:22:05.760+0000] {logging_mixin.py:190} INFO - [2025-04-24T21:22:05.759+0000] {dagbag.py:588} INFO - Filling up the DagBag from /home/airflow/.local/lib/python3.12/site-packages/airflow/example_dags/example_kubernetes_executor.py
[2025-04-24T21:22:06.074+0000] {processor.py:925} INFO - DAG(s) 'example_kubernetes_executor' retrieved from /home/airflow/.local/lib/python3.12/site-packages/airflow/example_dags/example_kubernetes_executor.py
[2025-04-24T21:22:06.481+0000] {logging_mixin.py:190} INFO - [2025-04-24T21:22:06.481+0000] {dag.py:3239} INFO - Sync 1 DAGs
[2025-04-24T21:22:06.724+0000] {logging_mixin.py:190} INFO - [2025-04-24T21:22:06.709+0000] {dag.py:4180} INFO - Setting next_dagrun for example_kubernetes_executor to None, run_after=None
[2025-04-24T21:22:06.911+0000] {processor.py:208} INFO - Processing /home/airflow/.local/lib/python3.12/site-packages/airflow/example_dags/example_kubernetes_executor.py took 1.628 seconds
[2025-04-24T21:24:30.133+0000] {processor.py:186} INFO - Started process (PID=219) to work on /home/airflow/.local/lib/python3.12/site-packages/airflow/example_dags/example_kubernetes_executor.py
[2025-04-24T21:24:30.275+0000] {processor.py:914} INFO - Processing file /home/airflow/.local/lib/python3.12/site-packages/airflow/example_dags/example_kubernetes_executor.py for tasks to queue
[2025-04-24T21:24:30.504+0000] {logging_mixin.py:190} INFO - [2025-04-24T21:24:30.490+0000] {dagbag.py:588} INFO - Filling up the DagBag from /home/airflow/.local/lib/python3.12/site-packages/airflow/example_dags/example_kubernetes_executor.py
[2025-04-24T21:24:31.181+0000] {processor.py:925} INFO - DAG(s) 'example_kubernetes_executor' retrieved from /home/airflow/.local/lib/python3.12/site-packages/airflow/example_dags/example_kubernetes_executor.py
[2025-04-24T21:24:31.835+0000] {logging_mixin.py:190} INFO - [2025-04-24T21:24:31.834+0000] {dag.py:3239} INFO - Sync 1 DAGs
[2025-04-24T21:24:32.031+0000] {logging_mixin.py:190} INFO - [2025-04-24T21:24:32.030+0000] {dag.py:4180} INFO - Setting next_dagrun for example_kubernetes_executor to None, run_after=None
[2025-04-24T21:24:32.427+0000] {processor.py:208} INFO - Processing /home/airflow/.local/lib/python3.12/site-packages/airflow/example_dags/example_kubernetes_executor.py took 2.508 seconds
[2025-04-24T21:27:42.699+0000] {processor.py:186} INFO - Started process (PID=335) to work on /home/airflow/.local/lib/python3.12/site-packages/airflow/example_dags/example_kubernetes_executor.py
[2025-04-24T21:27:42.768+0000] {processor.py:914} INFO - Processing file /home/airflow/.local/lib/python3.12/site-packages/airflow/example_dags/example_kubernetes_executor.py for tasks to queue
[2025-04-24T21:27:42.882+0000] {logging_mixin.py:190} INFO - [2025-04-24T21:27:42.882+0000] {dagbag.py:588} INFO - Filling up the DagBag from /home/airflow/.local/lib/python3.12/site-packages/airflow/example_dags/example_kubernetes_executor.py
[2025-04-24T21:27:43.268+0000] {processor.py:925} INFO - DAG(s) 'example_kubernetes_executor' retrieved from /home/airflow/.local/lib/python3.12/site-packages/airflow/example_dags/example_kubernetes_executor.py
[2025-04-24T21:27:43.942+0000] {logging_mixin.py:190} INFO - [2025-04-24T21:27:43.942+0000] {dag.py:3239} INFO - Sync 1 DAGs
[2025-04-24T21:27:44.296+0000] {logging_mixin.py:190} INFO - [2025-04-24T21:27:44.296+0000] {dag.py:4180} INFO - Setting next_dagrun for example_kubernetes_executor to None, run_after=None
[2025-04-24T21:27:44.936+0000] {processor.py:208} INFO - Processing /home/airflow/.local/lib/python3.12/site-packages/airflow/example_dags/example_kubernetes_executor.py took 2.337 seconds
[2025-04-24T21:31:14.895+0000] {processor.py:186} INFO - Started process (PID=456) to work on /home/airflow/.local/lib/python3.12/site-packages/airflow/example_dags/example_kubernetes_executor.py
[2025-04-24T21:31:14.910+0000] {processor.py:914} INFO - Processing file /home/airflow/.local/lib/python3.12/site-packages/airflow/example_dags/example_kubernetes_executor.py for tasks to queue
[2025-04-24T21:31:14.928+0000] {logging_mixin.py:190} INFO - [2025-04-24T21:31:14.928+0000] {dagbag.py:588} INFO - Filling up the DagBag from /home/airflow/.local/lib/python3.12/site-packages/airflow/example_dags/example_kubernetes_executor.py
[2025-04-24T21:31:15.656+0000] {processor.py:925} INFO - DAG(s) 'example_kubernetes_executor' retrieved from /home/airflow/.local/lib/python3.12/site-packages/airflow/example_dags/example_kubernetes_executor.py
[2025-04-24T21:31:17.068+0000] {logging_mixin.py:190} INFO - [2025-04-24T21:31:17.067+0000] {dag.py:3239} INFO - Sync 1 DAGs
[2025-04-24T21:31:17.842+0000] {logging_mixin.py:190} INFO - [2025-04-24T21:31:17.841+0000] {dag.py:4180} INFO - Setting next_dagrun for example_kubernetes_executor to None, run_after=None
[2025-04-24T21:31:19.278+0000] {processor.py:208} INFO - Processing /home/airflow/.local/lib/python3.12/site-packages/airflow/example_dags/example_kubernetes_executor.py took 4.924 seconds
[2025-04-24T21:34:41.155+0000] {processor.py:186} INFO - Started process (PID=574) to work on /home/airflow/.local/lib/python3.12/site-packages/airflow/example_dags/example_kubernetes_executor.py
[2025-04-24T21:34:41.173+0000] {processor.py:914} INFO - Processing file /home/airflow/.local/lib/python3.12/site-packages/airflow/example_dags/example_kubernetes_executor.py for tasks to queue
[2025-04-24T21:34:41.191+0000] {logging_mixin.py:190} INFO - [2025-04-24T21:34:41.190+0000] {dagbag.py:588} INFO - Filling up the DagBag from /home/airflow/.local/lib/python3.12/site-packages/airflow/example_dags/example_kubernetes_executor.py
[2025-04-24T21:34:41.367+0000] {processor.py:925} INFO - DAG(s) 'example_kubernetes_executor' retrieved from /home/airflow/.local/lib/python3.12/site-packages/airflow/example_dags/example_kubernetes_executor.py
[2025-04-24T21:34:41.875+0000] {logging_mixin.py:190} INFO - [2025-04-24T21:34:41.874+0000] {dag.py:3239} INFO - Sync 1 DAGs
[2025-04-24T21:34:42.339+0000] {logging_mixin.py:190} INFO - [2025-04-24T21:34:42.338+0000] {dag.py:4180} INFO - Setting next_dagrun for example_kubernetes_executor to None, run_after=None
[2025-04-24T21:34:42.841+0000] {processor.py:208} INFO - Processing /home/airflow/.local/lib/python3.12/site-packages/airflow/example_dags/example_kubernetes_executor.py took 1.959 seconds
[2025-04-24T21:38:43.956+0000] {processor.py:186} INFO - Started process (PID=706) to work on /home/airflow/.local/lib/python3.12/site-packages/airflow/example_dags/example_kubernetes_executor.py
[2025-04-24T21:38:44.059+0000] {processor.py:914} INFO - Processing file /home/airflow/.local/lib/python3.12/site-packages/airflow/example_dags/example_kubernetes_executor.py for tasks to queue
[2025-04-24T21:38:44.094+0000] {logging_mixin.py:190} INFO - [2025-04-24T21:38:44.066+0000] {dagbag.py:588} INFO - Filling up the DagBag from /home/airflow/.local/lib/python3.12/site-packages/airflow/example_dags/example_kubernetes_executor.py
[2025-04-24T21:38:44.571+0000] {processor.py:925} INFO - DAG(s) 'example_kubernetes_executor' retrieved from /home/airflow/.local/lib/python3.12/site-packages/airflow/example_dags/example_kubernetes_executor.py
[2025-04-24T21:38:45.166+0000] {logging_mixin.py:190} INFO - [2025-04-24T21:38:45.165+0000] {dag.py:3239} INFO - Sync 1 DAGs
[2025-04-24T21:38:45.764+0000] {logging_mixin.py:190} INFO - [2025-04-24T21:38:45.763+0000] {dag.py:4180} INFO - Setting next_dagrun for example_kubernetes_executor to None, run_after=None
[2025-04-24T21:38:46.760+0000] {processor.py:208} INFO - Processing /home/airflow/.local/lib/python3.12/site-packages/airflow/example_dags/example_kubernetes_executor.py took 2.935 seconds
[2025-04-24T21:42:43.962+0000] {processor.py:186} INFO - Started process (PID=835) to work on /home/airflow/.local/lib/python3.12/site-packages/airflow/example_dags/example_kubernetes_executor.py
[2025-04-24T21:42:44.006+0000] {processor.py:914} INFO - Processing file /home/airflow/.local/lib/python3.12/site-packages/airflow/example_dags/example_kubernetes_executor.py for tasks to queue
[2025-04-24T21:42:44.021+0000] {logging_mixin.py:190} INFO - [2025-04-24T21:42:44.020+0000] {dagbag.py:588} INFO - Filling up the DagBag from /home/airflow/.local/lib/python3.12/site-packages/airflow/example_dags/example_kubernetes_executor.py
[2025-04-24T21:42:44.639+0000] {processor.py:925} INFO - DAG(s) 'example_kubernetes_executor' retrieved from /home/airflow/.local/lib/python3.12/site-packages/airflow/example_dags/example_kubernetes_executor.py
[2025-04-24T21:42:45.268+0000] {logging_mixin.py:190} INFO - [2025-04-24T21:42:45.267+0000] {dag.py:3239} INFO - Sync 1 DAGs
[2025-04-24T21:42:45.491+0000] {logging_mixin.py:190} INFO - [2025-04-24T21:42:45.491+0000] {dag.py:4180} INFO - Setting next_dagrun for example_kubernetes_executor to None, run_after=None
[2025-04-24T21:42:46.421+0000] {processor.py:208} INFO - Processing /home/airflow/.local/lib/python3.12/site-packages/airflow/example_dags/example_kubernetes_executor.py took 2.507 seconds
[2025-04-24T21:45:44.140+0000] {processor.py:186} INFO - Started process (PID=954) to work on /home/airflow/.local/lib/python3.12/site-packages/airflow/example_dags/example_kubernetes_executor.py
[2025-04-24T21:45:44.188+0000] {processor.py:914} INFO - Processing file /home/airflow/.local/lib/python3.12/site-packages/airflow/example_dags/example_kubernetes_executor.py for tasks to queue
[2025-04-24T21:45:44.219+0000] {logging_mixin.py:190} INFO - [2025-04-24T21:45:44.218+0000] {dagbag.py:588} INFO - Filling up the DagBag from /home/airflow/.local/lib/python3.12/site-packages/airflow/example_dags/example_kubernetes_executor.py
[2025-04-24T21:45:44.406+0000] {processor.py:925} INFO - DAG(s) 'example_kubernetes_executor' retrieved from /home/airflow/.local/lib/python3.12/site-packages/airflow/example_dags/example_kubernetes_executor.py
[2025-04-24T21:45:44.752+0000] {logging_mixin.py:190} INFO - [2025-04-24T21:45:44.751+0000] {dag.py:3239} INFO - Sync 1 DAGs
[2025-04-24T21:45:44.968+0000] {logging_mixin.py:190} INFO - [2025-04-24T21:45:44.956+0000] {dag.py:4180} INFO - Setting next_dagrun for example_kubernetes_executor to None, run_after=None
[2025-04-24T21:45:45.527+0000] {processor.py:208} INFO - Processing /home/airflow/.local/lib/python3.12/site-packages/airflow/example_dags/example_kubernetes_executor.py took 1.431 seconds
