[2025-04-24T21:22:12.647+0000] {processor.py:186} INFO - Started process (PID=140) to work on /home/airflow/.local/lib/python3.12/site-packages/airflow/example_dags/example_outlet_event_extra.py
[2025-04-24T21:22:12.651+0000] {processor.py:914} INFO - Processing file /home/airflow/.local/lib/python3.12/site-packages/airflow/example_dags/example_outlet_event_extra.py for tasks to queue
[2025-04-24T21:22:12.688+0000] {logging_mixin.py:190} INFO - [2025-04-24T21:22:12.687+0000] {dagbag.py:588} INFO - Filling up the DagBag from /home/airflow/.local/lib/python3.12/site-packages/airflow/example_dags/example_outlet_event_extra.py
[2025-04-24T21:22:31.918+0000] {processor.py:925} INFO - DAG(s) 'dataset_with_extra_by_yield', 'dataset_with_extra_by_context', 'dataset_with_extra_from_classic_operator' retrieved from /home/airflow/.local/lib/python3.12/site-packages/airflow/example_dags/example_outlet_event_extra.py
[2025-04-24T21:22:32.890+0000] {logging_mixin.py:190} INFO - [2025-04-24T21:22:32.890+0000] {dag.py:3239} INFO - Sync 3 DAGs
[2025-04-24T21:22:33.850+0000] {logging_mixin.py:190} INFO - [2025-04-24T21:22:33.823+0000] {dag.py:4180} INFO - Setting next_dagrun for dataset_with_extra_by_context to 2025-04-23 00:00:00+00:00, run_after=2025-04-24 00:00:00+00:00
[2025-04-24T21:22:33.951+0000] {logging_mixin.py:190} INFO - [2025-04-24T21:22:33.950+0000] {dag.py:4180} INFO - Setting next_dagrun for dataset_with_extra_by_yield to 2025-04-23 00:00:00+00:00, run_after=2025-04-24 00:00:00+00:00
[2025-04-24T21:22:33.984+0000] {logging_mixin.py:190} INFO - [2025-04-24T21:22:33.983+0000] {dag.py:4180} INFO - Setting next_dagrun for dataset_with_extra_from_classic_operator to 2025-04-23 00:00:00+00:00, run_after=2025-04-24 00:00:00+00:00
[2025-04-24T21:22:34.768+0000] {processor.py:208} INFO - Processing /home/airflow/.local/lib/python3.12/site-packages/airflow/example_dags/example_outlet_event_extra.py took 22.211 seconds
[2025-04-24T21:25:48.678+0000] {processor.py:186} INFO - Started process (PID=264) to work on /home/airflow/.local/lib/python3.12/site-packages/airflow/example_dags/example_outlet_event_extra.py
[2025-04-24T21:25:48.726+0000] {processor.py:914} INFO - Processing file /home/airflow/.local/lib/python3.12/site-packages/airflow/example_dags/example_outlet_event_extra.py for tasks to queue
[2025-04-24T21:25:48.761+0000] {logging_mixin.py:190} INFO - [2025-04-24T21:25:48.760+0000] {dagbag.py:588} INFO - Filling up the DagBag from /home/airflow/.local/lib/python3.12/site-packages/airflow/example_dags/example_outlet_event_extra.py
[2025-04-24T21:26:09.304+0000] {processor.py:925} INFO - DAG(s) 'dataset_with_extra_from_classic_operator', 'dataset_with_extra_by_context', 'dataset_with_extra_by_yield' retrieved from /home/airflow/.local/lib/python3.12/site-packages/airflow/example_dags/example_outlet_event_extra.py
[2025-04-24T21:26:09.971+0000] {logging_mixin.py:190} INFO - [2025-04-24T21:26:09.970+0000] {dag.py:3239} INFO - Sync 3 DAGs
[2025-04-24T21:26:10.642+0000] {logging_mixin.py:190} INFO - [2025-04-24T21:26:10.641+0000] {dag.py:4180} INFO - Setting next_dagrun for dataset_with_extra_by_context to 2025-04-23 00:00:00+00:00, run_after=2025-04-24 00:00:00+00:00
[2025-04-24T21:26:10.941+0000] {logging_mixin.py:190} INFO - [2025-04-24T21:26:10.940+0000] {dag.py:4180} INFO - Setting next_dagrun for dataset_with_extra_by_yield to 2025-04-23 00:00:00+00:00, run_after=2025-04-24 00:00:00+00:00
[2025-04-24T21:26:11.647+0000] {logging_mixin.py:190} INFO - [2025-04-24T21:26:11.403+0000] {dag.py:4180} INFO - Setting next_dagrun for dataset_with_extra_from_classic_operator to 2025-04-23 00:00:00+00:00, run_after=2025-04-24 00:00:00+00:00
[2025-04-24T21:26:12.009+0000] {processor.py:208} INFO - Processing /home/airflow/.local/lib/python3.12/site-packages/airflow/example_dags/example_outlet_event_extra.py took 23.483 seconds
[2025-04-24T21:29:06.691+0000] {processor.py:186} INFO - Started process (PID=387) to work on /home/airflow/.local/lib/python3.12/site-packages/airflow/example_dags/example_outlet_event_extra.py
[2025-04-24T21:29:06.823+0000] {processor.py:914} INFO - Processing file /home/airflow/.local/lib/python3.12/site-packages/airflow/example_dags/example_outlet_event_extra.py for tasks to queue
[2025-04-24T21:29:06.885+0000] {logging_mixin.py:190} INFO - [2025-04-24T21:29:06.884+0000] {dagbag.py:588} INFO - Filling up the DagBag from /home/airflow/.local/lib/python3.12/site-packages/airflow/example_dags/example_outlet_event_extra.py
[2025-04-24T21:29:28.219+0000] {processor.py:925} INFO - DAG(s) 'dataset_with_extra_from_classic_operator', 'dataset_with_extra_by_yield', 'dataset_with_extra_by_context' retrieved from /home/airflow/.local/lib/python3.12/site-packages/airflow/example_dags/example_outlet_event_extra.py
[2025-04-24T21:29:28.507+0000] {logging_mixin.py:190} INFO - [2025-04-24T21:29:28.506+0000] {dag.py:3239} INFO - Sync 3 DAGs
[2025-04-24T21:29:28.987+0000] {logging_mixin.py:190} INFO - [2025-04-24T21:29:28.987+0000] {dag.py:4180} INFO - Setting next_dagrun for dataset_with_extra_by_context to 2025-04-23 00:00:00+00:00, run_after=2025-04-24 00:00:00+00:00
[2025-04-24T21:29:29.229+0000] {logging_mixin.py:190} INFO - [2025-04-24T21:29:29.229+0000] {dag.py:4180} INFO - Setting next_dagrun for dataset_with_extra_by_yield to 2025-04-23 00:00:00+00:00, run_after=2025-04-24 00:00:00+00:00
[2025-04-24T21:29:29.413+0000] {logging_mixin.py:190} INFO - [2025-04-24T21:29:29.410+0000] {dag.py:4180} INFO - Setting next_dagrun for dataset_with_extra_from_classic_operator to 2025-04-23 00:00:00+00:00, run_after=2025-04-24 00:00:00+00:00
[2025-04-24T21:29:30.486+0000] {processor.py:208} INFO - Processing /home/airflow/.local/lib/python3.12/site-packages/airflow/example_dags/example_outlet_event_extra.py took 23.922 seconds
[2025-04-24T21:33:01.085+0000] {processor.py:186} INFO - Started process (PID=518) to work on /home/airflow/.local/lib/python3.12/site-packages/airflow/example_dags/example_outlet_event_extra.py
[2025-04-24T21:33:01.187+0000] {processor.py:914} INFO - Processing file /home/airflow/.local/lib/python3.12/site-packages/airflow/example_dags/example_outlet_event_extra.py for tasks to queue
[2025-04-24T21:33:01.194+0000] {logging_mixin.py:190} INFO - [2025-04-24T21:33:01.194+0000] {dagbag.py:588} INFO - Filling up the DagBag from /home/airflow/.local/lib/python3.12/site-packages/airflow/example_dags/example_outlet_event_extra.py
[2025-04-24T21:33:17.501+0000] {processor.py:925} INFO - DAG(s) 'dataset_with_extra_from_classic_operator', 'dataset_with_extra_by_context', 'dataset_with_extra_by_yield' retrieved from /home/airflow/.local/lib/python3.12/site-packages/airflow/example_dags/example_outlet_event_extra.py
[2025-04-24T21:33:18.493+0000] {logging_mixin.py:190} INFO - [2025-04-24T21:33:18.493+0000] {dag.py:3239} INFO - Sync 3 DAGs
[2025-04-24T21:33:19.276+0000] {logging_mixin.py:190} INFO - [2025-04-24T21:33:19.276+0000] {dag.py:4180} INFO - Setting next_dagrun for dataset_with_extra_by_context to 2025-04-23 00:00:00+00:00, run_after=2025-04-24 00:00:00+00:00
[2025-04-24T21:33:19.349+0000] {logging_mixin.py:190} INFO - [2025-04-24T21:33:19.348+0000] {dag.py:4180} INFO - Setting next_dagrun for dataset_with_extra_by_yield to 2025-04-23 00:00:00+00:00, run_after=2025-04-24 00:00:00+00:00
[2025-04-24T21:33:19.476+0000] {logging_mixin.py:190} INFO - [2025-04-24T21:33:19.432+0000] {dag.py:4180} INFO - Setting next_dagrun for dataset_with_extra_from_classic_operator to 2025-04-23 00:00:00+00:00, run_after=2025-04-24 00:00:00+00:00
[2025-04-24T21:33:19.803+0000] {processor.py:208} INFO - Processing /home/airflow/.local/lib/python3.12/site-packages/airflow/example_dags/example_outlet_event_extra.py took 18.908 seconds
[2025-04-24T21:36:24.013+0000] {processor.py:186} INFO - Started process (PID=641) to work on /home/airflow/.local/lib/python3.12/site-packages/airflow/example_dags/example_outlet_event_extra.py
[2025-04-24T21:36:24.079+0000] {processor.py:914} INFO - Processing file /home/airflow/.local/lib/python3.12/site-packages/airflow/example_dags/example_outlet_event_extra.py for tasks to queue
[2025-04-24T21:36:24.088+0000] {logging_mixin.py:190} INFO - [2025-04-24T21:36:24.087+0000] {dagbag.py:588} INFO - Filling up the DagBag from /home/airflow/.local/lib/python3.12/site-packages/airflow/example_dags/example_outlet_event_extra.py
[2025-04-24T21:36:45.440+0000] {processor.py:925} INFO - DAG(s) 'dataset_with_extra_from_classic_operator', 'dataset_with_extra_by_yield', 'dataset_with_extra_by_context' retrieved from /home/airflow/.local/lib/python3.12/site-packages/airflow/example_dags/example_outlet_event_extra.py
[2025-04-24T21:36:46.803+0000] {logging_mixin.py:190} INFO - [2025-04-24T21:36:46.802+0000] {dag.py:3239} INFO - Sync 3 DAGs
[2025-04-24T21:36:47.876+0000] {logging_mixin.py:190} INFO - [2025-04-24T21:36:47.875+0000] {dag.py:4180} INFO - Setting next_dagrun for dataset_with_extra_by_context to 2025-04-23 00:00:00+00:00, run_after=2025-04-24 00:00:00+00:00
[2025-04-24T21:36:48.354+0000] {logging_mixin.py:190} INFO - [2025-04-24T21:36:48.354+0000] {dag.py:4180} INFO - Setting next_dagrun for dataset_with_extra_by_yield to 2025-04-23 00:00:00+00:00, run_after=2025-04-24 00:00:00+00:00
[2025-04-24T21:36:48.437+0000] {logging_mixin.py:190} INFO - [2025-04-24T21:36:48.436+0000] {dag.py:4180} INFO - Setting next_dagrun for dataset_with_extra_from_classic_operator to 2025-04-23 00:00:00+00:00, run_after=2025-04-24 00:00:00+00:00
[2025-04-24T21:36:49.047+0000] {processor.py:208} INFO - Processing /home/airflow/.local/lib/python3.12/site-packages/airflow/example_dags/example_outlet_event_extra.py took 25.103 seconds
[2025-04-24T21:40:30.196+0000] {processor.py:186} INFO - Started process (PID=772) to work on /home/airflow/.local/lib/python3.12/site-packages/airflow/example_dags/example_outlet_event_extra.py
[2025-04-24T21:40:30.215+0000] {processor.py:914} INFO - Processing file /home/airflow/.local/lib/python3.12/site-packages/airflow/example_dags/example_outlet_event_extra.py for tasks to queue
[2025-04-24T21:40:30.227+0000] {logging_mixin.py:190} INFO - [2025-04-24T21:40:30.226+0000] {dagbag.py:588} INFO - Filling up the DagBag from /home/airflow/.local/lib/python3.12/site-packages/airflow/example_dags/example_outlet_event_extra.py
[2025-04-24T21:40:51.555+0000] {processor.py:925} INFO - DAG(s) 'dataset_with_extra_from_classic_operator', 'dataset_with_extra_by_context', 'dataset_with_extra_by_yield' retrieved from /home/airflow/.local/lib/python3.12/site-packages/airflow/example_dags/example_outlet_event_extra.py
[2025-04-24T21:40:52.346+0000] {logging_mixin.py:190} INFO - [2025-04-24T21:40:52.346+0000] {dag.py:3239} INFO - Sync 3 DAGs
[2025-04-24T21:40:53.128+0000] {logging_mixin.py:190} INFO - [2025-04-24T21:40:53.003+0000] {dag.py:4180} INFO - Setting next_dagrun for dataset_with_extra_by_context to 2025-04-23 00:00:00+00:00, run_after=2025-04-24 00:00:00+00:00
[2025-04-24T21:40:53.350+0000] {logging_mixin.py:190} INFO - [2025-04-24T21:40:53.349+0000] {dag.py:4180} INFO - Setting next_dagrun for dataset_with_extra_by_yield to 2025-04-23 00:00:00+00:00, run_after=2025-04-24 00:00:00+00:00
[2025-04-24T21:40:53.385+0000] {logging_mixin.py:190} INFO - [2025-04-24T21:40:53.385+0000] {dag.py:4180} INFO - Setting next_dagrun for dataset_with_extra_from_classic_operator to 2025-04-23 00:00:00+00:00, run_after=2025-04-24 00:00:00+00:00
[2025-04-24T21:40:54.416+0000] {processor.py:208} INFO - Processing /home/airflow/.local/lib/python3.12/site-packages/airflow/example_dags/example_outlet_event_extra.py took 24.265 seconds
[2025-04-24T21:44:12.871+0000] {processor.py:186} INFO - Started process (PID=896) to work on /home/airflow/.local/lib/python3.12/site-packages/airflow/example_dags/example_outlet_event_extra.py
[2025-04-24T21:44:12.904+0000] {processor.py:914} INFO - Processing file /home/airflow/.local/lib/python3.12/site-packages/airflow/example_dags/example_outlet_event_extra.py for tasks to queue
[2025-04-24T21:44:12.939+0000] {logging_mixin.py:190} INFO - [2025-04-24T21:44:12.937+0000] {dagbag.py:588} INFO - Filling up the DagBag from /home/airflow/.local/lib/python3.12/site-packages/airflow/example_dags/example_outlet_event_extra.py
[2025-04-24T21:44:35.103+0000] {processor.py:925} INFO - DAG(s) 'dataset_with_extra_by_context', 'dataset_with_extra_by_yield', 'dataset_with_extra_from_classic_operator' retrieved from /home/airflow/.local/lib/python3.12/site-packages/airflow/example_dags/example_outlet_event_extra.py
[2025-04-24T21:44:35.698+0000] {logging_mixin.py:190} INFO - [2025-04-24T21:44:35.697+0000] {dag.py:3239} INFO - Sync 3 DAGs
[2025-04-24T21:44:36.041+0000] {logging_mixin.py:190} INFO - [2025-04-24T21:44:36.041+0000] {dag.py:4180} INFO - Setting next_dagrun for dataset_with_extra_by_context to 2025-04-23 00:00:00+00:00, run_after=2025-04-24 00:00:00+00:00
[2025-04-24T21:44:36.120+0000] {logging_mixin.py:190} INFO - [2025-04-24T21:44:36.119+0000] {dag.py:4180} INFO - Setting next_dagrun for dataset_with_extra_by_yield to 2025-04-23 00:00:00+00:00, run_after=2025-04-24 00:00:00+00:00
[2025-04-24T21:44:36.269+0000] {logging_mixin.py:190} INFO - [2025-04-24T21:44:36.268+0000] {dag.py:4180} INFO - Setting next_dagrun for dataset_with_extra_from_classic_operator to 2025-04-23 00:00:00+00:00, run_after=2025-04-24 00:00:00+00:00
[2025-04-24T21:44:37.234+0000] {processor.py:208} INFO - Processing /home/airflow/.local/lib/python3.12/site-packages/airflow/example_dags/example_outlet_event_extra.py took 24.488 seconds
