[2025-04-24T21:22:05.681+0000] {processor.py:186} INFO - Started process (PID=133) to work on /home/airflow/.local/lib/python3.12/site-packages/airflow/example_dags/example_complex.py
[2025-04-24T21:22:05.825+0000] {processor.py:914} INFO - Processing file /home/airflow/.local/lib/python3.12/site-packages/airflow/example_dags/example_complex.py for tasks to queue
[2025-04-24T21:22:05.874+0000] {logging_mixin.py:190} INFO - [2025-04-24T21:22:05.873+0000] {dagbag.py:588} INFO - Filling up the DagBag from /home/airflow/.local/lib/python3.12/site-packages/airflow/example_dags/example_complex.py
[2025-04-24T21:22:06.114+0000] {processor.py:925} INFO - DAG(s) 'example_complex' retrieved from /home/airflow/.local/lib/python3.12/site-packages/airflow/example_dags/example_complex.py
[2025-04-24T21:22:06.768+0000] {logging_mixin.py:190} INFO - [2025-04-24T21:22:06.767+0000] {dag.py:3239} INFO - Sync 1 DAGs
[2025-04-24T21:22:07.067+0000] {logging_mixin.py:190} INFO - [2025-04-24T21:22:07.067+0000] {dag.py:4180} INFO - Setting next_dagrun for example_complex to None, run_after=None
[2025-04-24T21:22:07.413+0000] {processor.py:208} INFO - Processing /home/airflow/.local/lib/python3.12/site-packages/airflow/example_dags/example_complex.py took 2.164 seconds
[2025-04-24T21:24:26.431+0000] {processor.py:186} INFO - Started process (PID=218) to work on /home/airflow/.local/lib/python3.12/site-packages/airflow/example_dags/example_complex.py
[2025-04-24T21:24:26.441+0000] {processor.py:914} INFO - Processing file /home/airflow/.local/lib/python3.12/site-packages/airflow/example_dags/example_complex.py for tasks to queue
[2025-04-24T21:24:26.535+0000] {logging_mixin.py:190} INFO - [2025-04-24T21:24:26.524+0000] {dagbag.py:588} INFO - Filling up the DagBag from /home/airflow/.local/lib/python3.12/site-packages/airflow/example_dags/example_complex.py
[2025-04-24T21:24:27.030+0000] {processor.py:925} INFO - DAG(s) 'example_complex' retrieved from /home/airflow/.local/lib/python3.12/site-packages/airflow/example_dags/example_complex.py
[2025-04-24T21:24:27.912+0000] {logging_mixin.py:190} INFO - [2025-04-24T21:24:27.911+0000] {dag.py:3239} INFO - Sync 1 DAGs
[2025-04-24T21:24:28.449+0000] {logging_mixin.py:190} INFO - [2025-04-24T21:24:28.449+0000] {dag.py:4180} INFO - Setting next_dagrun for example_complex to None, run_after=None
[2025-04-24T21:24:29.082+0000] {processor.py:208} INFO - Processing /home/airflow/.local/lib/python3.12/site-packages/airflow/example_dags/example_complex.py took 2.916 seconds
[2025-04-24T21:27:40.035+0000] {processor.py:186} INFO - Started process (PID=334) to work on /home/airflow/.local/lib/python3.12/site-packages/airflow/example_dags/example_complex.py
[2025-04-24T21:27:40.117+0000] {processor.py:914} INFO - Processing file /home/airflow/.local/lib/python3.12/site-packages/airflow/example_dags/example_complex.py for tasks to queue
[2025-04-24T21:27:40.271+0000] {logging_mixin.py:190} INFO - [2025-04-24T21:27:40.269+0000] {dagbag.py:588} INFO - Filling up the DagBag from /home/airflow/.local/lib/python3.12/site-packages/airflow/example_dags/example_complex.py
[2025-04-24T21:27:40.647+0000] {processor.py:925} INFO - DAG(s) 'example_complex' retrieved from /home/airflow/.local/lib/python3.12/site-packages/airflow/example_dags/example_complex.py
[2025-04-24T21:27:41.742+0000] {logging_mixin.py:190} INFO - [2025-04-24T21:27:41.733+0000] {dag.py:3239} INFO - Sync 1 DAGs
[2025-04-24T21:27:42.160+0000] {logging_mixin.py:190} INFO - [2025-04-24T21:27:42.159+0000] {dag.py:4180} INFO - Setting next_dagrun for example_complex to None, run_after=None
[2025-04-24T21:27:42.555+0000] {processor.py:208} INFO - Processing /home/airflow/.local/lib/python3.12/site-packages/airflow/example_dags/example_complex.py took 2.610 seconds
[2025-04-24T21:31:12.968+0000] {processor.py:186} INFO - Started process (PID=455) to work on /home/airflow/.local/lib/python3.12/site-packages/airflow/example_dags/example_complex.py
[2025-04-24T21:31:13.021+0000] {processor.py:914} INFO - Processing file /home/airflow/.local/lib/python3.12/site-packages/airflow/example_dags/example_complex.py for tasks to queue
[2025-04-24T21:31:13.067+0000] {logging_mixin.py:190} INFO - [2025-04-24T21:31:13.066+0000] {dagbag.py:588} INFO - Filling up the DagBag from /home/airflow/.local/lib/python3.12/site-packages/airflow/example_dags/example_complex.py
[2025-04-24T21:31:13.402+0000] {processor.py:925} INFO - DAG(s) 'example_complex' retrieved from /home/airflow/.local/lib/python3.12/site-packages/airflow/example_dags/example_complex.py
[2025-04-24T21:31:14.839+0000] {logging_mixin.py:190} INFO - [2025-04-24T21:31:14.838+0000] {dag.py:3239} INFO - Sync 1 DAGs
[2025-04-24T21:31:16.406+0000] {logging_mixin.py:190} INFO - [2025-04-24T21:31:16.406+0000] {dag.py:4180} INFO - Setting next_dagrun for example_complex to None, run_after=None
[2025-04-24T21:31:17.387+0000] {processor.py:208} INFO - Processing /home/airflow/.local/lib/python3.12/site-packages/airflow/example_dags/example_complex.py took 4.548 seconds
[2025-04-24T21:34:41.027+0000] {processor.py:186} INFO - Started process (PID=573) to work on /home/airflow/.local/lib/python3.12/site-packages/airflow/example_dags/example_complex.py
[2025-04-24T21:34:41.050+0000] {processor.py:914} INFO - Processing file /home/airflow/.local/lib/python3.12/site-packages/airflow/example_dags/example_complex.py for tasks to queue
[2025-04-24T21:34:41.083+0000] {logging_mixin.py:190} INFO - [2025-04-24T21:34:41.055+0000] {dagbag.py:588} INFO - Filling up the DagBag from /home/airflow/.local/lib/python3.12/site-packages/airflow/example_dags/example_complex.py
[2025-04-24T21:34:41.272+0000] {processor.py:925} INFO - DAG(s) 'example_complex' retrieved from /home/airflow/.local/lib/python3.12/site-packages/airflow/example_dags/example_complex.py
[2025-04-24T21:34:42.707+0000] {logging_mixin.py:190} INFO - [2025-04-24T21:34:42.706+0000] {dag.py:3239} INFO - Sync 1 DAGs
[2025-04-24T21:34:44.091+0000] {logging_mixin.py:190} INFO - [2025-04-24T21:34:44.086+0000] {dag.py:4180} INFO - Setting next_dagrun for example_complex to None, run_after=None
[2025-04-24T21:34:44.398+0000] {processor.py:208} INFO - Processing /home/airflow/.local/lib/python3.12/site-packages/airflow/example_dags/example_complex.py took 3.553 seconds
[2025-04-24T21:38:41.563+0000] {processor.py:186} INFO - Started process (PID=705) to work on /home/airflow/.local/lib/python3.12/site-packages/airflow/example_dags/example_complex.py
[2025-04-24T21:38:41.592+0000] {processor.py:914} INFO - Processing file /home/airflow/.local/lib/python3.12/site-packages/airflow/example_dags/example_complex.py for tasks to queue
[2025-04-24T21:38:41.612+0000] {logging_mixin.py:190} INFO - [2025-04-24T21:38:41.611+0000] {dagbag.py:588} INFO - Filling up the DagBag from /home/airflow/.local/lib/python3.12/site-packages/airflow/example_dags/example_complex.py
[2025-04-24T21:38:41.978+0000] {processor.py:925} INFO - DAG(s) 'example_complex' retrieved from /home/airflow/.local/lib/python3.12/site-packages/airflow/example_dags/example_complex.py
[2025-04-24T21:38:43.168+0000] {logging_mixin.py:190} INFO - [2025-04-24T21:38:43.167+0000] {dag.py:3239} INFO - Sync 1 DAGs
[2025-04-24T21:38:43.455+0000] {logging_mixin.py:190} INFO - [2025-04-24T21:38:43.454+0000] {dag.py:4180} INFO - Setting next_dagrun for example_complex to None, run_after=None
[2025-04-24T21:38:44.315+0000] {processor.py:208} INFO - Processing /home/airflow/.local/lib/python3.12/site-packages/airflow/example_dags/example_complex.py took 2.832 seconds
[2025-04-24T21:42:42.075+0000] {processor.py:186} INFO - Started process (PID=834) to work on /home/airflow/.local/lib/python3.12/site-packages/airflow/example_dags/example_complex.py
[2025-04-24T21:42:42.212+0000] {processor.py:914} INFO - Processing file /home/airflow/.local/lib/python3.12/site-packages/airflow/example_dags/example_complex.py for tasks to queue
[2025-04-24T21:42:42.219+0000] {logging_mixin.py:190} INFO - [2025-04-24T21:42:42.219+0000] {dagbag.py:588} INFO - Filling up the DagBag from /home/airflow/.local/lib/python3.12/site-packages/airflow/example_dags/example_complex.py
[2025-04-24T21:42:42.873+0000] {processor.py:925} INFO - DAG(s) 'example_complex' retrieved from /home/airflow/.local/lib/python3.12/site-packages/airflow/example_dags/example_complex.py
[2025-04-24T21:42:43.860+0000] {logging_mixin.py:190} INFO - [2025-04-24T21:42:43.858+0000] {dag.py:3239} INFO - Sync 1 DAGs
[2025-04-24T21:42:44.387+0000] {logging_mixin.py:190} INFO - [2025-04-24T21:42:44.386+0000] {dag.py:4180} INFO - Setting next_dagrun for example_complex to None, run_after=None
[2025-04-24T21:42:44.928+0000] {processor.py:208} INFO - Processing /home/airflow/.local/lib/python3.12/site-packages/airflow/example_dags/example_complex.py took 3.050 seconds
[2025-04-24T21:45:42.752+0000] {processor.py:186} INFO - Started process (PID=953) to work on /home/airflow/.local/lib/python3.12/site-packages/airflow/example_dags/example_complex.py
[2025-04-24T21:45:42.817+0000] {processor.py:914} INFO - Processing file /home/airflow/.local/lib/python3.12/site-packages/airflow/example_dags/example_complex.py for tasks to queue
[2025-04-24T21:45:42.855+0000] {logging_mixin.py:190} INFO - [2025-04-24T21:45:42.855+0000] {dagbag.py:588} INFO - Filling up the DagBag from /home/airflow/.local/lib/python3.12/site-packages/airflow/example_dags/example_complex.py
[2025-04-24T21:45:42.983+0000] {processor.py:925} INFO - DAG(s) 'example_complex' retrieved from /home/airflow/.local/lib/python3.12/site-packages/airflow/example_dags/example_complex.py
[2025-04-24T21:45:43.815+0000] {logging_mixin.py:190} INFO - [2025-04-24T21:45:43.815+0000] {dag.py:3239} INFO - Sync 1 DAGs
[2025-04-24T21:45:44.155+0000] {logging_mixin.py:190} INFO - [2025-04-24T21:45:44.153+0000] {dag.py:4180} INFO - Setting next_dagrun for example_complex to None, run_after=None
[2025-04-24T21:45:44.490+0000] {processor.py:208} INFO - Processing /home/airflow/.local/lib/python3.12/site-packages/airflow/example_dags/example_complex.py took 1.825 seconds
