[2025-05-25T04:07:26.267+0000] {local_task_job_runner.py:123} INFO - ::group::Pre task execution logs
[2025-05-25T04:07:26.444+0000] {taskinstance.py:2614} INFO - Dependencies all met for dep_context=non-requeueable deps ti=<TaskInstance: etl_csv_pipeline_v2.extract_csv manual__2025-05-25T04:07:00.877135+00:00 [queued]>
[2025-05-25T04:07:26.540+0000] {taskinstance.py:2614} INFO - Dependencies all met for dep_context=requeueable deps ti=<TaskInstance: etl_csv_pipeline_v2.extract_csv manual__2025-05-25T04:07:00.877135+00:00 [queued]>
[2025-05-25T04:07:26.585+0000] {taskinstance.py:2867} INFO - Starting attempt 1 of 1
[2025-05-25T04:07:26.697+0000] {taskinstance.py:2890} INFO - Executing <Task(PythonOperator): extract_csv> on 2025-05-25 04:07:00.877135+00:00
[2025-05-25T04:07:26.725+0000] {warnings.py:112} WARNING - /home/***/.local/lib/python3.12/site-packages/***/task/task_runner/standard_task_runner.py:70: DeprecationWarning: This process (pid=477) is multi-threaded, use of fork() may lead to deadlocks in the child.
  pid = os.fork()

[2025-05-25T04:07:26.730+0000] {standard_task_runner.py:72} INFO - Started process 486 to run task
[2025-05-25T04:07:26.730+0000] {standard_task_runner.py:104} INFO - Running: ['***', 'tasks', 'run', 'etl_csv_pipeline_v2', 'extract_csv', 'manual__2025-05-25T04:07:00.877135+00:00', '--job-id', '209', '--raw', '--subdir', 'DAGS_FOLDER/etl_pipeline.py', '--cfg-path', '/tmp/tmpn3hn0our']
[2025-05-25T04:07:26.820+0000] {standard_task_runner.py:105} INFO - Job 209: Subtask extract_csv
[2025-05-25T04:07:27.074+0000] {task_command.py:467} INFO - Running <TaskInstance: etl_csv_pipeline_v2.extract_csv manual__2025-05-25T04:07:00.877135+00:00 [running]> on host a9ca17474c33
[2025-05-25T04:07:27.438+0000] {taskinstance.py:3134} INFO - Exporting env vars: AIRFLOW_CTX_DAG_OWNER='***' AIRFLOW_CTX_DAG_ID='etl_csv_pipeline_v2' AIRFLOW_CTX_TASK_ID='extract_csv' AIRFLOW_CTX_EXECUTION_DATE='2025-05-25T04:07:00.877135+00:00' AIRFLOW_CTX_TRY_NUMBER='1' AIRFLOW_CTX_DAG_RUN_ID='manual__2025-05-25T04:07:00.877135+00:00'
[2025-05-25T04:07:27.450+0000] {logging_mixin.py:190} INFO - Task instance is in running state
[2025-05-25T04:07:27.455+0000] {logging_mixin.py:190} INFO -  Previous state of the Task instance: queued
[2025-05-25T04:07:27.464+0000] {logging_mixin.py:190} INFO - Current task name:extract_csv state:running start_date:2025-05-25 04:07:26.464203+00:00
[2025-05-25T04:07:27.467+0000] {logging_mixin.py:190} INFO - Dag name:etl_csv_pipeline_v2 and current dag run status:running
[2025-05-25T04:07:27.469+0000] {taskinstance.py:732} INFO - ::endgroup::
[2025-05-25T04:07:28.209+0000] {extract.py:24} INFO - ✅ Datos extraídos y guardados temporalmente en /tmp/superstore_raw.csv.
[2025-05-25T04:07:28.220+0000] {python.py:240} INFO - Done. Returned value was: /tmp/superstore_raw.csv
[2025-05-25T04:07:28.356+0000] {taskinstance.py:341} INFO - ::group::Post task execution logs
[2025-05-25T04:07:28.360+0000] {taskinstance.py:353} INFO - Marking task as SUCCESS. dag_id=etl_csv_pipeline_v2, task_id=extract_csv, run_id=manual__2025-05-25T04:07:00.877135+00:00, execution_date=20250525T040700, start_date=20250525T040726, end_date=20250525T040728
[2025-05-25T04:07:28.804+0000] {logging_mixin.py:190} INFO - Task instance in success state
[2025-05-25T04:07:28.806+0000] {logging_mixin.py:190} INFO -  Previous state of the Task instance: running
[2025-05-25T04:07:28.808+0000] {logging_mixin.py:190} INFO - Dag name:etl_csv_pipeline_v2 queued_at:2025-05-25 04:07:01.282895+00:00
[2025-05-25T04:07:28.810+0000] {logging_mixin.py:190} INFO - Task hostname:a9ca17474c33 operator:PythonOperator
[2025-05-25T04:07:28.375+0000] {local_task_job_runner.py:266} INFO - Task exited with return code 0
[2025-05-25T04:07:31.202+0000] {standard_task_runner.py:217} INFO - Process not found (most likely exited), stop collecting metrics
[2025-05-25T04:07:31.241+0000] {taskinstance.py:3901} INFO - 1 downstream tasks scheduled from follow-on schedule check
[2025-05-25T04:07:31.311+0000] {local_task_job_runner.py:245} INFO - ::endgroup::
