[2025-04-26T07:29:51.192+0000] {local_task_job_runner.py:123} INFO - ::group::Pre task execution logs
[2025-04-26T07:29:51.243+0000] {taskinstance.py:2614} INFO - Dependencies all met for dep_context=non-requeueable deps ti=<TaskInstance: consume_1_and_2_with_dataset_expressions.consume_1_and_2_with_dataset_expressions manual__2025-04-26T07:29:43.981922+00:00 [queued]>
[2025-04-26T07:29:51.262+0000] {taskinstance.py:2614} INFO - Dependencies all met for dep_context=requeueable deps ti=<TaskInstance: consume_1_and_2_with_dataset_expressions.consume_1_and_2_with_dataset_expressions manual__2025-04-26T07:29:43.981922+00:00 [queued]>
[2025-04-26T07:29:51.264+0000] {taskinstance.py:2867} INFO - Starting attempt 1 of 1
[2025-04-26T07:29:51.302+0000] {taskinstance.py:2890} INFO - Executing <Task(BashOperator): consume_1_and_2_with_dataset_expressions> on 2025-04-26 07:29:43.981922+00:00
[2025-04-26T07:29:51.316+0000] {warnings.py:112} WARNING - /home/***/.local/lib/python3.12/site-packages/***/task/task_runner/standard_task_runner.py:70: DeprecationWarning: This process (pid=2190) is multi-threaded, use of fork() may lead to deadlocks in the child.
  pid = os.fork()

[2025-04-26T07:29:51.318+0000] {standard_task_runner.py:72} INFO - Started process 2192 to run task
[2025-04-26T07:29:51.318+0000] {standard_task_runner.py:104} INFO - Running: ['***', 'tasks', 'run', 'consume_1_and_2_with_dataset_expressions', 'consume_1_and_2_with_dataset_expressions', 'manual__2025-04-26T07:29:43.981922+00:00', '--job-id', '51', '--raw', '--subdir', '/home/***/.local/lib/python3.12/site-packages/***/example_dags/example_datasets.py', '--cfg-path', '/tmp/tmpde4mxdqh']
[2025-04-26T07:29:51.321+0000] {standard_task_runner.py:105} INFO - Job 51: Subtask consume_1_and_2_with_dataset_expressions
[2025-04-26T07:29:51.478+0000] {task_command.py:467} INFO - Running <TaskInstance: consume_1_and_2_with_dataset_expressions.consume_1_and_2_with_dataset_expressions manual__2025-04-26T07:29:43.981922+00:00 [running]> on host 4aaf6dd9955c
[2025-04-26T07:29:51.663+0000] {taskinstance.py:3134} INFO - Exporting env vars: AIRFLOW_CTX_DAG_OWNER='***' AIRFLOW_CTX_DAG_ID='consume_1_and_2_with_dataset_expressions' AIRFLOW_CTX_TASK_ID='consume_1_and_2_with_dataset_expressions' AIRFLOW_CTX_EXECUTION_DATE='2025-04-26T07:29:43.981922+00:00' AIRFLOW_CTX_TRY_NUMBER='1' AIRFLOW_CTX_DAG_RUN_ID='manual__2025-04-26T07:29:43.981922+00:00'
[2025-04-26T07:29:51.666+0000] {logging_mixin.py:190} INFO - Task instance is in running state
[2025-04-26T07:29:51.667+0000] {logging_mixin.py:190} INFO -  Previous state of the Task instance: queued
[2025-04-26T07:29:51.667+0000] {logging_mixin.py:190} INFO - Current task name:consume_1_and_2_with_dataset_expressions state:running start_date:2025-04-26 07:29:51.244931+00:00
[2025-04-26T07:29:51.668+0000] {logging_mixin.py:190} INFO - Dag name:consume_1_and_2_with_dataset_expressions and current dag run status:running
[2025-04-26T07:29:51.668+0000] {taskinstance.py:732} INFO - ::endgroup::
[2025-04-26T07:29:51.670+0000] {subprocess.py:78} INFO - Tmp dir root location: /tmp
[2025-04-26T07:29:51.672+0000] {subprocess.py:88} INFO - Running command: ['/usr/bin/bash', '-c', 'sleep 5']
[2025-04-26T07:29:51.696+0000] {subprocess.py:99} INFO - Output:
[2025-04-26T07:29:56.702+0000] {subprocess.py:110} INFO - Command exited with return code 0
[2025-04-26T07:29:56.774+0000] {taskinstance.py:341} INFO - ::group::Post task execution logs
[2025-04-26T07:29:56.775+0000] {taskinstance.py:353} INFO - Marking task as SUCCESS. dag_id=consume_1_and_2_with_dataset_expressions, task_id=consume_1_and_2_with_dataset_expressions, run_id=manual__2025-04-26T07:29:43.981922+00:00, execution_date=20250426T072943, start_date=20250426T072951, end_date=20250426T072956
[2025-04-26T07:29:56.834+0000] {logging_mixin.py:190} INFO - Task instance in success state
[2025-04-26T07:29:56.835+0000] {logging_mixin.py:190} INFO -  Previous state of the Task instance: running
[2025-04-26T07:29:56.836+0000] {logging_mixin.py:190} INFO - Dag name:consume_1_and_2_with_dataset_expressions queued_at:2025-04-26 07:29:44.020652+00:00
[2025-04-26T07:29:56.836+0000] {logging_mixin.py:190} INFO - Task hostname:4aaf6dd9955c operator:BashOperator
[2025-04-26T07:29:56.896+0000] {local_task_job_runner.py:266} INFO - Task exited with return code 0
[2025-04-26T07:29:56.950+0000] {taskinstance.py:3901} INFO - 0 downstream tasks scheduled from follow-on schedule check
[2025-04-26T07:29:56.952+0000] {local_task_job_runner.py:245} INFO - ::endgroup::
