[2025-04-27T05:20:11.876+0000] {local_task_job_runner.py:123} INFO - ::group::Pre task execution logs
[2025-04-27T05:20:11.912+0000] {taskinstance.py:2614} INFO - Dependencies all met for dep_context=non-requeueable deps ti=<TaskInstance: etl_csv_pipeline_v2.clean_data manual__2025-04-27T05:19:59.535201+00:00 [queued]>
[2025-04-27T05:20:11.928+0000] {taskinstance.py:2614} INFO - Dependencies all met for dep_context=requeueable deps ti=<TaskInstance: etl_csv_pipeline_v2.clean_data manual__2025-04-27T05:19:59.535201+00:00 [queued]>
[2025-04-27T05:20:11.929+0000] {taskinstance.py:2867} INFO - Starting attempt 1 of 1
[2025-04-27T05:20:11.948+0000] {taskinstance.py:2890} INFO - Executing <Task(PythonOperator): clean_data> on 2025-04-27 05:19:59.535201+00:00
[2025-04-27T05:20:11.960+0000] {warnings.py:112} WARNING - /home/***/.local/lib/python3.12/site-packages/***/task/task_runner/standard_task_runner.py:70: DeprecationWarning: This process (pid=455) is multi-threaded, use of fork() may lead to deadlocks in the child.
  pid = os.fork()

[2025-04-27T05:20:11.962+0000] {standard_task_runner.py:72} INFO - Started process 457 to run task
[2025-04-27T05:20:11.963+0000] {standard_task_runner.py:104} INFO - Running: ['***', 'tasks', 'run', 'etl_csv_pipeline_v2', 'clean_data', 'manual__2025-04-27T05:19:59.535201+00:00', '--job-id', '95', '--raw', '--subdir', 'DAGS_FOLDER/etl_pipeline.py', '--cfg-path', '/tmp/tmpbi7tbw3t']
[2025-04-27T05:20:11.965+0000] {standard_task_runner.py:105} INFO - Job 95: Subtask clean_data
[2025-04-27T05:20:12.027+0000] {task_command.py:467} INFO - Running <TaskInstance: etl_csv_pipeline_v2.clean_data manual__2025-04-27T05:19:59.535201+00:00 [running]> on host 7cdf5dfd3eba
[2025-04-27T05:20:12.136+0000] {taskinstance.py:3134} INFO - Exporting env vars: AIRFLOW_CTX_DAG_OWNER='***' AIRFLOW_CTX_DAG_ID='etl_csv_pipeline_v2' AIRFLOW_CTX_TASK_ID='clean_data' AIRFLOW_CTX_EXECUTION_DATE='2025-04-27T05:19:59.535201+00:00' AIRFLOW_CTX_TRY_NUMBER='1' AIRFLOW_CTX_DAG_RUN_ID='manual__2025-04-27T05:19:59.535201+00:00'
[2025-04-27T05:20:12.139+0000] {logging_mixin.py:190} INFO - Task instance is in running state
[2025-04-27T05:20:12.139+0000] {logging_mixin.py:190} INFO -  Previous state of the Task instance: queued
[2025-04-27T05:20:12.140+0000] {logging_mixin.py:190} INFO - Current task name:clean_data state:running start_date:2025-04-27 05:20:11.913448+00:00
[2025-04-27T05:20:12.140+0000] {logging_mixin.py:190} INFO - Dag name:etl_csv_pipeline_v2 and current dag run status:running
[2025-04-27T05:20:12.141+0000] {taskinstance.py:732} INFO - ::endgroup::
[2025-04-27T05:20:12.443+0000] {clean_data.py:39} INFO - ✅ Datos limpios guardados en /tmp/superstore_clean.csv
[2025-04-27T05:20:12.447+0000] {python.py:240} INFO - Done. Returned value was: /tmp/superstore_clean.csv
[2025-04-27T05:20:12.490+0000] {taskinstance.py:341} INFO - ::group::Post task execution logs
[2025-04-27T05:20:12.491+0000] {taskinstance.py:353} INFO - Marking task as SUCCESS. dag_id=etl_csv_pipeline_v2, task_id=clean_data, run_id=manual__2025-04-27T05:19:59.535201+00:00, execution_date=20250427T051959, start_date=20250427T052011, end_date=20250427T052012
[2025-04-27T05:20:12.540+0000] {logging_mixin.py:190} INFO - Task instance in success state
[2025-04-27T05:20:12.541+0000] {logging_mixin.py:190} INFO -  Previous state of the Task instance: running
[2025-04-27T05:20:12.542+0000] {logging_mixin.py:190} INFO - Dag name:etl_csv_pipeline_v2 queued_at:2025-04-27 05:19:59.580368+00:00
[2025-04-27T05:20:12.543+0000] {logging_mixin.py:190} INFO - Task hostname:7cdf5dfd3eba operator:PythonOperator
[2025-04-27T05:20:12.620+0000] {local_task_job_runner.py:266} INFO - Task exited with return code 0
[2025-04-27T05:20:12.665+0000] {taskinstance.py:3901} INFO - 0 downstream tasks scheduled from follow-on schedule check
[2025-04-27T05:20:12.674+0000] {local_task_job_runner.py:245} INFO - ::endgroup::
