[2025-05-20T00:00:19.281+0000] {processor.py:186} INFO - Started process (PID=6585) to work on /home/airflow/.local/lib/python3.12/site-packages/airflow/example_dags/example_python_decorator.py
[2025-05-20T00:00:19.283+0000] {processor.py:914} INFO - Processing file /home/airflow/.local/lib/python3.12/site-packages/airflow/example_dags/example_python_decorator.py for tasks to queue
[2025-05-20T00:00:19.287+0000] {logging_mixin.py:190} INFO - [2025-05-20T00:00:19.286+0000] {dagbag.py:588} INFO - Filling up the DagBag from /home/airflow/.local/lib/python3.12/site-packages/airflow/example_dags/example_python_decorator.py
[2025-05-20T00:00:19.326+0000] {processor.py:925} INFO - DAG(s) 'example_python_decorator' retrieved from /home/airflow/.local/lib/python3.12/site-packages/airflow/example_dags/example_python_decorator.py
[2025-05-20T00:00:19.369+0000] {logging_mixin.py:190} INFO - [2025-05-20T00:00:19.369+0000] {dag.py:3239} INFO - Sync 1 DAGs
[2025-05-20T00:00:19.402+0000] {logging_mixin.py:190} INFO - [2025-05-20T00:00:19.402+0000] {dag.py:4180} INFO - Setting next_dagrun for example_python_decorator to None, run_after=None
[2025-05-20T00:00:19.446+0000] {processor.py:208} INFO - Processing /home/airflow/.local/lib/python3.12/site-packages/airflow/example_dags/example_python_decorator.py took 0.192 seconds
[2025-05-20T00:00:50.957+0000] {processor.py:186} INFO - Started process (PID=6650) to work on /home/airflow/.local/lib/python3.12/site-packages/airflow/example_dags/example_python_decorator.py
[2025-05-20T00:00:50.958+0000] {processor.py:914} INFO - Processing file /home/airflow/.local/lib/python3.12/site-packages/airflow/example_dags/example_python_decorator.py for tasks to queue
[2025-05-20T00:00:50.962+0000] {logging_mixin.py:190} INFO - [2025-05-20T00:00:50.961+0000] {dagbag.py:588} INFO - Filling up the DagBag from /home/airflow/.local/lib/python3.12/site-packages/airflow/example_dags/example_python_decorator.py
[2025-05-20T00:00:51.015+0000] {processor.py:925} INFO - DAG(s) 'example_python_decorator' retrieved from /home/airflow/.local/lib/python3.12/site-packages/airflow/example_dags/example_python_decorator.py
[2025-05-20T00:00:51.052+0000] {logging_mixin.py:190} INFO - [2025-05-20T00:00:51.051+0000] {dag.py:3239} INFO - Sync 1 DAGs
[2025-05-20T00:00:51.077+0000] {logging_mixin.py:190} INFO - [2025-05-20T00:00:51.076+0000] {dag.py:4180} INFO - Setting next_dagrun for example_python_decorator to None, run_after=None
[2025-05-20T00:00:51.108+0000] {processor.py:208} INFO - Processing /home/airflow/.local/lib/python3.12/site-packages/airflow/example_dags/example_python_decorator.py took 0.162 seconds
[2025-05-20T00:01:21.450+0000] {processor.py:186} INFO - Started process (PID=6712) to work on /home/airflow/.local/lib/python3.12/site-packages/airflow/example_dags/example_python_decorator.py
[2025-05-20T00:01:21.451+0000] {processor.py:914} INFO - Processing file /home/airflow/.local/lib/python3.12/site-packages/airflow/example_dags/example_python_decorator.py for tasks to queue
[2025-05-20T00:01:21.454+0000] {logging_mixin.py:190} INFO - [2025-05-20T00:01:21.454+0000] {dagbag.py:588} INFO - Filling up the DagBag from /home/airflow/.local/lib/python3.12/site-packages/airflow/example_dags/example_python_decorator.py
[2025-05-20T00:01:21.477+0000] {processor.py:925} INFO - DAG(s) 'example_python_decorator' retrieved from /home/airflow/.local/lib/python3.12/site-packages/airflow/example_dags/example_python_decorator.py
[2025-05-20T00:01:21.516+0000] {logging_mixin.py:190} INFO - [2025-05-20T00:01:21.516+0000] {dag.py:3239} INFO - Sync 1 DAGs
[2025-05-20T00:01:21.561+0000] {logging_mixin.py:190} INFO - [2025-05-20T00:01:21.561+0000] {dag.py:4180} INFO - Setting next_dagrun for example_python_decorator to None, run_after=None
[2025-05-20T00:01:21.593+0000] {processor.py:208} INFO - Processing /home/airflow/.local/lib/python3.12/site-packages/airflow/example_dags/example_python_decorator.py took 0.150 seconds
[2025-05-20T00:01:55.008+0000] {processor.py:186} INFO - Started process (PID=6782) to work on /home/airflow/.local/lib/python3.12/site-packages/airflow/example_dags/example_python_decorator.py
[2025-05-20T00:01:55.017+0000] {processor.py:914} INFO - Processing file /home/airflow/.local/lib/python3.12/site-packages/airflow/example_dags/example_python_decorator.py for tasks to queue
[2025-05-20T00:01:55.032+0000] {logging_mixin.py:190} INFO - [2025-05-20T00:01:55.031+0000] {dagbag.py:588} INFO - Filling up the DagBag from /home/airflow/.local/lib/python3.12/site-packages/airflow/example_dags/example_python_decorator.py
[2025-05-20T00:01:55.201+0000] {processor.py:925} INFO - DAG(s) 'example_python_decorator' retrieved from /home/airflow/.local/lib/python3.12/site-packages/airflow/example_dags/example_python_decorator.py
[2025-05-20T00:01:55.463+0000] {logging_mixin.py:190} INFO - [2025-05-20T00:01:55.463+0000] {dag.py:3239} INFO - Sync 1 DAGs
[2025-05-20T00:01:55.646+0000] {logging_mixin.py:190} INFO - [2025-05-20T00:01:55.645+0000] {dag.py:4180} INFO - Setting next_dagrun for example_python_decorator to None, run_after=None
[2025-05-20T00:01:55.796+0000] {processor.py:208} INFO - Processing /home/airflow/.local/lib/python3.12/site-packages/airflow/example_dags/example_python_decorator.py took 0.822 seconds
[2025-05-20T00:02:26.680+0000] {processor.py:186} INFO - Started process (PID=6847) to work on /home/airflow/.local/lib/python3.12/site-packages/airflow/example_dags/example_python_decorator.py
[2025-05-20T00:02:26.681+0000] {processor.py:914} INFO - Processing file /home/airflow/.local/lib/python3.12/site-packages/airflow/example_dags/example_python_decorator.py for tasks to queue
[2025-05-20T00:02:26.684+0000] {logging_mixin.py:190} INFO - [2025-05-20T00:02:26.684+0000] {dagbag.py:588} INFO - Filling up the DagBag from /home/airflow/.local/lib/python3.12/site-packages/airflow/example_dags/example_python_decorator.py
[2025-05-20T00:02:26.709+0000] {processor.py:925} INFO - DAG(s) 'example_python_decorator' retrieved from /home/airflow/.local/lib/python3.12/site-packages/airflow/example_dags/example_python_decorator.py
[2025-05-20T00:02:26.743+0000] {logging_mixin.py:190} INFO - [2025-05-20T00:02:26.742+0000] {dag.py:3239} INFO - Sync 1 DAGs
[2025-05-20T00:02:26.763+0000] {logging_mixin.py:190} INFO - [2025-05-20T00:02:26.763+0000] {dag.py:4180} INFO - Setting next_dagrun for example_python_decorator to None, run_after=None
[2025-05-20T00:02:26.838+0000] {processor.py:208} INFO - Processing /home/airflow/.local/lib/python3.12/site-packages/airflow/example_dags/example_python_decorator.py took 0.165 seconds
[2025-05-20T00:02:58.122+0000] {processor.py:186} INFO - Started process (PID=6913) to work on /home/airflow/.local/lib/python3.12/site-packages/airflow/example_dags/example_python_decorator.py
[2025-05-20T00:02:58.123+0000] {processor.py:914} INFO - Processing file /home/airflow/.local/lib/python3.12/site-packages/airflow/example_dags/example_python_decorator.py for tasks to queue
[2025-05-20T00:02:58.127+0000] {logging_mixin.py:190} INFO - [2025-05-20T00:02:58.126+0000] {dagbag.py:588} INFO - Filling up the DagBag from /home/airflow/.local/lib/python3.12/site-packages/airflow/example_dags/example_python_decorator.py
[2025-05-20T00:02:58.153+0000] {processor.py:925} INFO - DAG(s) 'example_python_decorator' retrieved from /home/airflow/.local/lib/python3.12/site-packages/airflow/example_dags/example_python_decorator.py
[2025-05-20T00:02:58.191+0000] {logging_mixin.py:190} INFO - [2025-05-20T00:02:58.191+0000] {dag.py:3239} INFO - Sync 1 DAGs
[2025-05-20T00:02:58.219+0000] {logging_mixin.py:190} INFO - [2025-05-20T00:02:58.218+0000] {dag.py:4180} INFO - Setting next_dagrun for example_python_decorator to None, run_after=None
[2025-05-20T00:02:58.246+0000] {processor.py:208} INFO - Processing /home/airflow/.local/lib/python3.12/site-packages/airflow/example_dags/example_python_decorator.py took 0.132 seconds
[2025-05-20T00:03:29.392+0000] {processor.py:186} INFO - Started process (PID=6977) to work on /home/airflow/.local/lib/python3.12/site-packages/airflow/example_dags/example_python_decorator.py
[2025-05-20T00:03:29.394+0000] {processor.py:914} INFO - Processing file /home/airflow/.local/lib/python3.12/site-packages/airflow/example_dags/example_python_decorator.py for tasks to queue
[2025-05-20T00:03:29.400+0000] {logging_mixin.py:190} INFO - [2025-05-20T00:03:29.399+0000] {dagbag.py:588} INFO - Filling up the DagBag from /home/airflow/.local/lib/python3.12/site-packages/airflow/example_dags/example_python_decorator.py
[2025-05-20T00:03:29.433+0000] {processor.py:925} INFO - DAG(s) 'example_python_decorator' retrieved from /home/airflow/.local/lib/python3.12/site-packages/airflow/example_dags/example_python_decorator.py
[2025-05-20T00:03:29.499+0000] {logging_mixin.py:190} INFO - [2025-05-20T00:03:29.498+0000] {dag.py:3239} INFO - Sync 1 DAGs
[2025-05-20T00:03:29.572+0000] {logging_mixin.py:190} INFO - [2025-05-20T00:03:29.572+0000] {dag.py:4180} INFO - Setting next_dagrun for example_python_decorator to None, run_after=None
[2025-05-20T00:03:29.630+0000] {processor.py:208} INFO - Processing /home/airflow/.local/lib/python3.12/site-packages/airflow/example_dags/example_python_decorator.py took 0.260 seconds
[2025-05-20T00:04:04.110+0000] {processor.py:186} INFO - Started process (PID=7041) to work on /home/airflow/.local/lib/python3.12/site-packages/airflow/example_dags/example_python_decorator.py
[2025-05-20T00:04:04.111+0000] {processor.py:914} INFO - Processing file /home/airflow/.local/lib/python3.12/site-packages/airflow/example_dags/example_python_decorator.py for tasks to queue
[2025-05-20T00:04:04.115+0000] {logging_mixin.py:190} INFO - [2025-05-20T00:04:04.114+0000] {dagbag.py:588} INFO - Filling up the DagBag from /home/airflow/.local/lib/python3.12/site-packages/airflow/example_dags/example_python_decorator.py
[2025-05-20T00:04:04.142+0000] {processor.py:925} INFO - DAG(s) 'example_python_decorator' retrieved from /home/airflow/.local/lib/python3.12/site-packages/airflow/example_dags/example_python_decorator.py
[2025-05-20T00:04:04.185+0000] {logging_mixin.py:190} INFO - [2025-05-20T00:04:04.185+0000] {dag.py:3239} INFO - Sync 1 DAGs
[2025-05-20T00:04:04.208+0000] {logging_mixin.py:190} INFO - [2025-05-20T00:04:04.208+0000] {dag.py:4180} INFO - Setting next_dagrun for example_python_decorator to None, run_after=None
[2025-05-20T00:04:04.243+0000] {processor.py:208} INFO - Processing /home/airflow/.local/lib/python3.12/site-packages/airflow/example_dags/example_python_decorator.py took 0.145 seconds
[2025-05-20T00:04:41.824+0000] {processor.py:186} INFO - Started process (PID=7108) to work on /home/airflow/.local/lib/python3.12/site-packages/airflow/example_dags/example_python_decorator.py
[2025-05-20T00:04:41.825+0000] {processor.py:914} INFO - Processing file /home/airflow/.local/lib/python3.12/site-packages/airflow/example_dags/example_python_decorator.py for tasks to queue
[2025-05-20T00:04:41.830+0000] {logging_mixin.py:190} INFO - [2025-05-20T00:04:41.829+0000] {dagbag.py:588} INFO - Filling up the DagBag from /home/airflow/.local/lib/python3.12/site-packages/airflow/example_dags/example_python_decorator.py
[2025-05-20T00:04:41.888+0000] {processor.py:925} INFO - DAG(s) 'example_python_decorator' retrieved from /home/airflow/.local/lib/python3.12/site-packages/airflow/example_dags/example_python_decorator.py
[2025-05-20T00:04:41.998+0000] {logging_mixin.py:190} INFO - [2025-05-20T00:04:41.998+0000] {dag.py:3239} INFO - Sync 1 DAGs
[2025-05-20T00:04:42.041+0000] {logging_mixin.py:190} INFO - [2025-05-20T00:04:42.040+0000] {dag.py:4180} INFO - Setting next_dagrun for example_python_decorator to None, run_after=None
[2025-05-20T00:04:42.240+0000] {processor.py:208} INFO - Processing /home/airflow/.local/lib/python3.12/site-packages/airflow/example_dags/example_python_decorator.py took 0.436 seconds
[2025-05-20T00:05:12.977+0000] {processor.py:186} INFO - Started process (PID=7172) to work on /home/airflow/.local/lib/python3.12/site-packages/airflow/example_dags/example_python_decorator.py
[2025-05-20T00:05:12.978+0000] {processor.py:914} INFO - Processing file /home/airflow/.local/lib/python3.12/site-packages/airflow/example_dags/example_python_decorator.py for tasks to queue
[2025-05-20T00:05:12.981+0000] {logging_mixin.py:190} INFO - [2025-05-20T00:05:12.981+0000] {dagbag.py:588} INFO - Filling up the DagBag from /home/airflow/.local/lib/python3.12/site-packages/airflow/example_dags/example_python_decorator.py
[2025-05-20T00:05:13.003+0000] {processor.py:925} INFO - DAG(s) 'example_python_decorator' retrieved from /home/airflow/.local/lib/python3.12/site-packages/airflow/example_dags/example_python_decorator.py
[2025-05-20T00:05:13.037+0000] {logging_mixin.py:190} INFO - [2025-05-20T00:05:13.037+0000] {dag.py:3239} INFO - Sync 1 DAGs
[2025-05-20T00:05:13.056+0000] {logging_mixin.py:190} INFO - [2025-05-20T00:05:13.056+0000] {dag.py:4180} INFO - Setting next_dagrun for example_python_decorator to None, run_after=None
[2025-05-20T00:05:13.093+0000] {processor.py:208} INFO - Processing /home/airflow/.local/lib/python3.12/site-packages/airflow/example_dags/example_python_decorator.py took 0.127 seconds
[2025-05-20T00:05:43.973+0000] {processor.py:186} INFO - Started process (PID=7236) to work on /home/airflow/.local/lib/python3.12/site-packages/airflow/example_dags/example_python_decorator.py
[2025-05-20T00:05:43.974+0000] {processor.py:914} INFO - Processing file /home/airflow/.local/lib/python3.12/site-packages/airflow/example_dags/example_python_decorator.py for tasks to queue
[2025-05-20T00:05:43.977+0000] {logging_mixin.py:190} INFO - [2025-05-20T00:05:43.976+0000] {dagbag.py:588} INFO - Filling up the DagBag from /home/airflow/.local/lib/python3.12/site-packages/airflow/example_dags/example_python_decorator.py
[2025-05-20T00:05:43.999+0000] {processor.py:925} INFO - DAG(s) 'example_python_decorator' retrieved from /home/airflow/.local/lib/python3.12/site-packages/airflow/example_dags/example_python_decorator.py
[2025-05-20T00:05:44.042+0000] {logging_mixin.py:190} INFO - [2025-05-20T00:05:44.041+0000] {dag.py:3239} INFO - Sync 1 DAGs
[2025-05-20T00:05:44.099+0000] {logging_mixin.py:190} INFO - [2025-05-20T00:05:44.098+0000] {dag.py:4180} INFO - Setting next_dagrun for example_python_decorator to None, run_after=None
[2025-05-20T00:05:44.161+0000] {processor.py:208} INFO - Processing /home/airflow/.local/lib/python3.12/site-packages/airflow/example_dags/example_python_decorator.py took 0.196 seconds
[2025-05-20T00:06:14.964+0000] {processor.py:186} INFO - Started process (PID=7300) to work on /home/airflow/.local/lib/python3.12/site-packages/airflow/example_dags/example_python_decorator.py
[2025-05-20T00:06:14.966+0000] {processor.py:914} INFO - Processing file /home/airflow/.local/lib/python3.12/site-packages/airflow/example_dags/example_python_decorator.py for tasks to queue
[2025-05-20T00:06:14.970+0000] {logging_mixin.py:190} INFO - [2025-05-20T00:06:14.969+0000] {dagbag.py:588} INFO - Filling up the DagBag from /home/airflow/.local/lib/python3.12/site-packages/airflow/example_dags/example_python_decorator.py
[2025-05-20T00:06:14.999+0000] {processor.py:925} INFO - DAG(s) 'example_python_decorator' retrieved from /home/airflow/.local/lib/python3.12/site-packages/airflow/example_dags/example_python_decorator.py
[2025-05-20T00:06:15.108+0000] {logging_mixin.py:190} INFO - [2025-05-20T00:06:15.108+0000] {dag.py:3239} INFO - Sync 1 DAGs
[2025-05-20T00:06:15.180+0000] {logging_mixin.py:190} INFO - [2025-05-20T00:06:15.180+0000] {dag.py:4180} INFO - Setting next_dagrun for example_python_decorator to None, run_after=None
[2025-05-20T00:06:15.230+0000] {processor.py:208} INFO - Processing /home/airflow/.local/lib/python3.12/site-packages/airflow/example_dags/example_python_decorator.py took 0.274 seconds
[2025-05-20T00:06:46.804+0000] {processor.py:186} INFO - Started process (PID=7366) to work on /home/airflow/.local/lib/python3.12/site-packages/airflow/example_dags/example_python_decorator.py
[2025-05-20T00:06:46.806+0000] {processor.py:914} INFO - Processing file /home/airflow/.local/lib/python3.12/site-packages/airflow/example_dags/example_python_decorator.py for tasks to queue
[2025-05-20T00:06:46.818+0000] {logging_mixin.py:190} INFO - [2025-05-20T00:06:46.818+0000] {dagbag.py:588} INFO - Filling up the DagBag from /home/airflow/.local/lib/python3.12/site-packages/airflow/example_dags/example_python_decorator.py
[2025-05-20T00:06:46.847+0000] {processor.py:925} INFO - DAG(s) 'example_python_decorator' retrieved from /home/airflow/.local/lib/python3.12/site-packages/airflow/example_dags/example_python_decorator.py
[2025-05-20T00:06:46.882+0000] {logging_mixin.py:190} INFO - [2025-05-20T00:06:46.881+0000] {dag.py:3239} INFO - Sync 1 DAGs
[2025-05-20T00:06:46.911+0000] {logging_mixin.py:190} INFO - [2025-05-20T00:06:46.910+0000] {dag.py:4180} INFO - Setting next_dagrun for example_python_decorator to None, run_after=None
[2025-05-20T00:06:46.945+0000] {processor.py:208} INFO - Processing /home/airflow/.local/lib/python3.12/site-packages/airflow/example_dags/example_python_decorator.py took 0.150 seconds
[2025-05-20T00:07:18.635+0000] {processor.py:186} INFO - Started process (PID=7432) to work on /home/airflow/.local/lib/python3.12/site-packages/airflow/example_dags/example_python_decorator.py
[2025-05-20T00:07:18.639+0000] {processor.py:914} INFO - Processing file /home/airflow/.local/lib/python3.12/site-packages/airflow/example_dags/example_python_decorator.py for tasks to queue
[2025-05-20T00:07:18.643+0000] {logging_mixin.py:190} INFO - [2025-05-20T00:07:18.643+0000] {dagbag.py:588} INFO - Filling up the DagBag from /home/airflow/.local/lib/python3.12/site-packages/airflow/example_dags/example_python_decorator.py
[2025-05-20T00:07:18.678+0000] {processor.py:925} INFO - DAG(s) 'example_python_decorator' retrieved from /home/airflow/.local/lib/python3.12/site-packages/airflow/example_dags/example_python_decorator.py
[2025-05-20T00:07:18.760+0000] {logging_mixin.py:190} INFO - [2025-05-20T00:07:18.760+0000] {dag.py:3239} INFO - Sync 1 DAGs
[2025-05-20T00:07:18.805+0000] {logging_mixin.py:190} INFO - [2025-05-20T00:07:18.804+0000] {dag.py:4180} INFO - Setting next_dagrun for example_python_decorator to None, run_after=None
[2025-05-20T00:07:18.848+0000] {processor.py:208} INFO - Processing /home/airflow/.local/lib/python3.12/site-packages/airflow/example_dags/example_python_decorator.py took 0.229 seconds
[2025-05-20T00:07:50.871+0000] {processor.py:186} INFO - Started process (PID=7496) to work on /home/airflow/.local/lib/python3.12/site-packages/airflow/example_dags/example_python_decorator.py
[2025-05-20T00:07:50.874+0000] {processor.py:914} INFO - Processing file /home/airflow/.local/lib/python3.12/site-packages/airflow/example_dags/example_python_decorator.py for tasks to queue
[2025-05-20T00:07:50.880+0000] {logging_mixin.py:190} INFO - [2025-05-20T00:07:50.879+0000] {dagbag.py:588} INFO - Filling up the DagBag from /home/airflow/.local/lib/python3.12/site-packages/airflow/example_dags/example_python_decorator.py
[2025-05-20T00:07:50.926+0000] {processor.py:925} INFO - DAG(s) 'example_python_decorator' retrieved from /home/airflow/.local/lib/python3.12/site-packages/airflow/example_dags/example_python_decorator.py
[2025-05-20T00:07:50.997+0000] {logging_mixin.py:190} INFO - [2025-05-20T00:07:50.996+0000] {dag.py:3239} INFO - Sync 1 DAGs
[2025-05-20T00:07:51.046+0000] {logging_mixin.py:190} INFO - [2025-05-20T00:07:51.046+0000] {dag.py:4180} INFO - Setting next_dagrun for example_python_decorator to None, run_after=None
[2025-05-20T00:07:51.106+0000] {processor.py:208} INFO - Processing /home/airflow/.local/lib/python3.12/site-packages/airflow/example_dags/example_python_decorator.py took 0.273 seconds
[2025-05-20T00:08:22.730+0000] {processor.py:186} INFO - Started process (PID=7563) to work on /home/airflow/.local/lib/python3.12/site-packages/airflow/example_dags/example_python_decorator.py
[2025-05-20T00:08:22.732+0000] {processor.py:914} INFO - Processing file /home/airflow/.local/lib/python3.12/site-packages/airflow/example_dags/example_python_decorator.py for tasks to queue
[2025-05-20T00:08:22.737+0000] {logging_mixin.py:190} INFO - [2025-05-20T00:08:22.736+0000] {dagbag.py:588} INFO - Filling up the DagBag from /home/airflow/.local/lib/python3.12/site-packages/airflow/example_dags/example_python_decorator.py
[2025-05-20T00:08:22.774+0000] {processor.py:925} INFO - DAG(s) 'example_python_decorator' retrieved from /home/airflow/.local/lib/python3.12/site-packages/airflow/example_dags/example_python_decorator.py
[2025-05-20T00:08:22.821+0000] {logging_mixin.py:190} INFO - [2025-05-20T00:08:22.821+0000] {dag.py:3239} INFO - Sync 1 DAGs
[2025-05-20T00:08:22.882+0000] {logging_mixin.py:190} INFO - [2025-05-20T00:08:22.882+0000] {dag.py:4180} INFO - Setting next_dagrun for example_python_decorator to None, run_after=None
[2025-05-20T00:08:22.929+0000] {processor.py:208} INFO - Processing /home/airflow/.local/lib/python3.12/site-packages/airflow/example_dags/example_python_decorator.py took 0.208 seconds
[2025-05-20T00:08:53.451+0000] {processor.py:186} INFO - Started process (PID=7625) to work on /home/airflow/.local/lib/python3.12/site-packages/airflow/example_dags/example_python_decorator.py
[2025-05-20T00:08:53.453+0000] {processor.py:914} INFO - Processing file /home/airflow/.local/lib/python3.12/site-packages/airflow/example_dags/example_python_decorator.py for tasks to queue
[2025-05-20T00:08:53.456+0000] {logging_mixin.py:190} INFO - [2025-05-20T00:08:53.456+0000] {dagbag.py:588} INFO - Filling up the DagBag from /home/airflow/.local/lib/python3.12/site-packages/airflow/example_dags/example_python_decorator.py
[2025-05-20T00:08:53.477+0000] {processor.py:925} INFO - DAG(s) 'example_python_decorator' retrieved from /home/airflow/.local/lib/python3.12/site-packages/airflow/example_dags/example_python_decorator.py
[2025-05-20T00:08:53.509+0000] {logging_mixin.py:190} INFO - [2025-05-20T00:08:53.509+0000] {dag.py:3239} INFO - Sync 1 DAGs
[2025-05-20T00:08:53.532+0000] {logging_mixin.py:190} INFO - [2025-05-20T00:08:53.531+0000] {dag.py:4180} INFO - Setting next_dagrun for example_python_decorator to None, run_after=None
[2025-05-20T00:08:53.566+0000] {processor.py:208} INFO - Processing /home/airflow/.local/lib/python3.12/site-packages/airflow/example_dags/example_python_decorator.py took 0.123 seconds
[2025-05-20T00:09:27.554+0000] {processor.py:186} INFO - Started process (PID=7695) to work on /home/airflow/.local/lib/python3.12/site-packages/airflow/example_dags/example_python_decorator.py
[2025-05-20T00:09:27.558+0000] {processor.py:914} INFO - Processing file /home/airflow/.local/lib/python3.12/site-packages/airflow/example_dags/example_python_decorator.py for tasks to queue
[2025-05-20T00:09:27.568+0000] {logging_mixin.py:190} INFO - [2025-05-20T00:09:27.567+0000] {dagbag.py:588} INFO - Filling up the DagBag from /home/airflow/.local/lib/python3.12/site-packages/airflow/example_dags/example_python_decorator.py
[2025-05-20T00:09:27.612+0000] {processor.py:925} INFO - DAG(s) 'example_python_decorator' retrieved from /home/airflow/.local/lib/python3.12/site-packages/airflow/example_dags/example_python_decorator.py
[2025-05-20T00:09:27.672+0000] {logging_mixin.py:190} INFO - [2025-05-20T00:09:27.671+0000] {dag.py:3239} INFO - Sync 1 DAGs
[2025-05-20T00:09:27.798+0000] {logging_mixin.py:190} INFO - [2025-05-20T00:09:27.798+0000] {dag.py:4180} INFO - Setting next_dagrun for example_python_decorator to None, run_after=None
[2025-05-20T00:09:27.862+0000] {processor.py:208} INFO - Processing /home/airflow/.local/lib/python3.12/site-packages/airflow/example_dags/example_python_decorator.py took 0.327 seconds
[2025-05-20T00:09:58.409+0000] {processor.py:186} INFO - Started process (PID=7758) to work on /home/airflow/.local/lib/python3.12/site-packages/airflow/example_dags/example_python_decorator.py
[2025-05-20T00:09:58.411+0000] {processor.py:914} INFO - Processing file /home/airflow/.local/lib/python3.12/site-packages/airflow/example_dags/example_python_decorator.py for tasks to queue
[2025-05-20T00:09:58.423+0000] {logging_mixin.py:190} INFO - [2025-05-20T00:09:58.422+0000] {dagbag.py:588} INFO - Filling up the DagBag from /home/airflow/.local/lib/python3.12/site-packages/airflow/example_dags/example_python_decorator.py
[2025-05-20T00:09:58.475+0000] {processor.py:925} INFO - DAG(s) 'example_python_decorator' retrieved from /home/airflow/.local/lib/python3.12/site-packages/airflow/example_dags/example_python_decorator.py
[2025-05-20T00:09:58.617+0000] {logging_mixin.py:190} INFO - [2025-05-20T00:09:58.617+0000] {dag.py:3239} INFO - Sync 1 DAGs
[2025-05-20T00:09:58.765+0000] {logging_mixin.py:190} INFO - [2025-05-20T00:09:58.764+0000] {dag.py:4180} INFO - Setting next_dagrun for example_python_decorator to None, run_after=None
[2025-05-20T00:09:58.932+0000] {processor.py:208} INFO - Processing /home/airflow/.local/lib/python3.12/site-packages/airflow/example_dags/example_python_decorator.py took 0.537 seconds
[2025-05-20T00:10:29.929+0000] {processor.py:186} INFO - Started process (PID=7822) to work on /home/airflow/.local/lib/python3.12/site-packages/airflow/example_dags/example_python_decorator.py
[2025-05-20T00:10:29.930+0000] {processor.py:914} INFO - Processing file /home/airflow/.local/lib/python3.12/site-packages/airflow/example_dags/example_python_decorator.py for tasks to queue
[2025-05-20T00:10:29.933+0000] {logging_mixin.py:190} INFO - [2025-05-20T00:10:29.933+0000] {dagbag.py:588} INFO - Filling up the DagBag from /home/airflow/.local/lib/python3.12/site-packages/airflow/example_dags/example_python_decorator.py
[2025-05-20T00:10:29.955+0000] {processor.py:925} INFO - DAG(s) 'example_python_decorator' retrieved from /home/airflow/.local/lib/python3.12/site-packages/airflow/example_dags/example_python_decorator.py
[2025-05-20T00:10:29.990+0000] {logging_mixin.py:190} INFO - [2025-05-20T00:10:29.990+0000] {dag.py:3239} INFO - Sync 1 DAGs
[2025-05-20T00:10:30.014+0000] {logging_mixin.py:190} INFO - [2025-05-20T00:10:30.013+0000] {dag.py:4180} INFO - Setting next_dagrun for example_python_decorator to None, run_after=None
[2025-05-20T00:10:30.061+0000] {processor.py:208} INFO - Processing /home/airflow/.local/lib/python3.12/site-packages/airflow/example_dags/example_python_decorator.py took 0.139 seconds
[2025-05-20T00:11:00.548+0000] {processor.py:186} INFO - Started process (PID=7886) to work on /home/airflow/.local/lib/python3.12/site-packages/airflow/example_dags/example_python_decorator.py
[2025-05-20T00:11:00.552+0000] {processor.py:914} INFO - Processing file /home/airflow/.local/lib/python3.12/site-packages/airflow/example_dags/example_python_decorator.py for tasks to queue
[2025-05-20T00:11:00.556+0000] {logging_mixin.py:190} INFO - [2025-05-20T00:11:00.555+0000] {dagbag.py:588} INFO - Filling up the DagBag from /home/airflow/.local/lib/python3.12/site-packages/airflow/example_dags/example_python_decorator.py
[2025-05-20T00:11:00.593+0000] {processor.py:925} INFO - DAG(s) 'example_python_decorator' retrieved from /home/airflow/.local/lib/python3.12/site-packages/airflow/example_dags/example_python_decorator.py
[2025-05-20T00:11:00.661+0000] {logging_mixin.py:190} INFO - [2025-05-20T00:11:00.661+0000] {dag.py:3239} INFO - Sync 1 DAGs
[2025-05-20T00:11:00.696+0000] {logging_mixin.py:190} INFO - [2025-05-20T00:11:00.695+0000] {dag.py:4180} INFO - Setting next_dagrun for example_python_decorator to None, run_after=None
[2025-05-20T00:11:00.745+0000] {processor.py:208} INFO - Processing /home/airflow/.local/lib/python3.12/site-packages/airflow/example_dags/example_python_decorator.py took 0.206 seconds
[2025-05-20T00:11:32.269+0000] {processor.py:186} INFO - Started process (PID=7951) to work on /home/airflow/.local/lib/python3.12/site-packages/airflow/example_dags/example_python_decorator.py
[2025-05-20T00:11:32.278+0000] {processor.py:914} INFO - Processing file /home/airflow/.local/lib/python3.12/site-packages/airflow/example_dags/example_python_decorator.py for tasks to queue
[2025-05-20T00:11:32.289+0000] {logging_mixin.py:190} INFO - [2025-05-20T00:11:32.288+0000] {dagbag.py:588} INFO - Filling up the DagBag from /home/airflow/.local/lib/python3.12/site-packages/airflow/example_dags/example_python_decorator.py
[2025-05-20T00:11:32.353+0000] {processor.py:925} INFO - DAG(s) 'example_python_decorator' retrieved from /home/airflow/.local/lib/python3.12/site-packages/airflow/example_dags/example_python_decorator.py
[2025-05-20T00:11:32.470+0000] {logging_mixin.py:190} INFO - [2025-05-20T00:11:32.460+0000] {dag.py:3239} INFO - Sync 1 DAGs
[2025-05-20T00:11:32.549+0000] {logging_mixin.py:190} INFO - [2025-05-20T00:11:32.548+0000] {dag.py:4180} INFO - Setting next_dagrun for example_python_decorator to None, run_after=None
[2025-05-20T00:11:32.646+0000] {processor.py:208} INFO - Processing /home/airflow/.local/lib/python3.12/site-packages/airflow/example_dags/example_python_decorator.py took 0.389 seconds
[2025-05-20T00:12:03.613+0000] {processor.py:186} INFO - Started process (PID=8015) to work on /home/airflow/.local/lib/python3.12/site-packages/airflow/example_dags/example_python_decorator.py
[2025-05-20T00:12:03.628+0000] {processor.py:914} INFO - Processing file /home/airflow/.local/lib/python3.12/site-packages/airflow/example_dags/example_python_decorator.py for tasks to queue
[2025-05-20T00:12:03.660+0000] {logging_mixin.py:190} INFO - [2025-05-20T00:12:03.659+0000] {dagbag.py:588} INFO - Filling up the DagBag from /home/airflow/.local/lib/python3.12/site-packages/airflow/example_dags/example_python_decorator.py
[2025-05-20T00:12:03.737+0000] {processor.py:925} INFO - DAG(s) 'example_python_decorator' retrieved from /home/airflow/.local/lib/python3.12/site-packages/airflow/example_dags/example_python_decorator.py
[2025-05-20T00:12:03.833+0000] {logging_mixin.py:190} INFO - [2025-05-20T00:12:03.833+0000] {dag.py:3239} INFO - Sync 1 DAGs
[2025-05-20T00:12:03.927+0000] {logging_mixin.py:190} INFO - [2025-05-20T00:12:03.927+0000] {dag.py:4180} INFO - Setting next_dagrun for example_python_decorator to None, run_after=None
[2025-05-20T00:12:04.028+0000] {processor.py:208} INFO - Processing /home/airflow/.local/lib/python3.12/site-packages/airflow/example_dags/example_python_decorator.py took 0.435 seconds
[2025-05-20T00:12:37.592+0000] {processor.py:186} INFO - Started process (PID=8079) to work on /home/airflow/.local/lib/python3.12/site-packages/airflow/example_dags/example_python_decorator.py
[2025-05-20T00:12:37.594+0000] {processor.py:914} INFO - Processing file /home/airflow/.local/lib/python3.12/site-packages/airflow/example_dags/example_python_decorator.py for tasks to queue
[2025-05-20T00:12:37.608+0000] {logging_mixin.py:190} INFO - [2025-05-20T00:12:37.608+0000] {dagbag.py:588} INFO - Filling up the DagBag from /home/airflow/.local/lib/python3.12/site-packages/airflow/example_dags/example_python_decorator.py
[2025-05-20T00:12:37.722+0000] {processor.py:925} INFO - DAG(s) 'example_python_decorator' retrieved from /home/airflow/.local/lib/python3.12/site-packages/airflow/example_dags/example_python_decorator.py
[2025-05-20T00:12:37.807+0000] {logging_mixin.py:190} INFO - [2025-05-20T00:12:37.806+0000] {dag.py:3239} INFO - Sync 1 DAGs
[2025-05-20T00:12:37.848+0000] {logging_mixin.py:190} INFO - [2025-05-20T00:12:37.847+0000] {dag.py:4180} INFO - Setting next_dagrun for example_python_decorator to None, run_after=None
[2025-05-20T00:12:37.971+0000] {processor.py:208} INFO - Processing /home/airflow/.local/lib/python3.12/site-packages/airflow/example_dags/example_python_decorator.py took 0.402 seconds
[2025-05-20T00:13:08.769+0000] {processor.py:186} INFO - Started process (PID=8144) to work on /home/airflow/.local/lib/python3.12/site-packages/airflow/example_dags/example_python_decorator.py
[2025-05-20T00:13:08.770+0000] {processor.py:914} INFO - Processing file /home/airflow/.local/lib/python3.12/site-packages/airflow/example_dags/example_python_decorator.py for tasks to queue
[2025-05-20T00:13:08.774+0000] {logging_mixin.py:190} INFO - [2025-05-20T00:13:08.773+0000] {dagbag.py:588} INFO - Filling up the DagBag from /home/airflow/.local/lib/python3.12/site-packages/airflow/example_dags/example_python_decorator.py
[2025-05-20T00:13:08.792+0000] {processor.py:925} INFO - DAG(s) 'example_python_decorator' retrieved from /home/airflow/.local/lib/python3.12/site-packages/airflow/example_dags/example_python_decorator.py
[2025-05-20T00:13:08.824+0000] {logging_mixin.py:190} INFO - [2025-05-20T00:13:08.823+0000] {dag.py:3239} INFO - Sync 1 DAGs
[2025-05-20T00:13:08.848+0000] {logging_mixin.py:190} INFO - [2025-05-20T00:13:08.847+0000] {dag.py:4180} INFO - Setting next_dagrun for example_python_decorator to None, run_after=None
[2025-05-20T00:13:08.887+0000] {processor.py:208} INFO - Processing /home/airflow/.local/lib/python3.12/site-packages/airflow/example_dags/example_python_decorator.py took 0.125 seconds
[2025-05-20T00:13:39.191+0000] {processor.py:186} INFO - Started process (PID=8209) to work on /home/airflow/.local/lib/python3.12/site-packages/airflow/example_dags/example_python_decorator.py
[2025-05-20T00:13:39.194+0000] {processor.py:914} INFO - Processing file /home/airflow/.local/lib/python3.12/site-packages/airflow/example_dags/example_python_decorator.py for tasks to queue
[2025-05-20T00:13:39.200+0000] {logging_mixin.py:190} INFO - [2025-05-20T00:13:39.199+0000] {dagbag.py:588} INFO - Filling up the DagBag from /home/airflow/.local/lib/python3.12/site-packages/airflow/example_dags/example_python_decorator.py
[2025-05-20T00:13:39.288+0000] {processor.py:925} INFO - DAG(s) 'example_python_decorator' retrieved from /home/airflow/.local/lib/python3.12/site-packages/airflow/example_dags/example_python_decorator.py
[2025-05-20T00:13:39.359+0000] {logging_mixin.py:190} INFO - [2025-05-20T00:13:39.358+0000] {dag.py:3239} INFO - Sync 1 DAGs
[2025-05-20T00:13:39.389+0000] {logging_mixin.py:190} INFO - [2025-05-20T00:13:39.388+0000] {dag.py:4180} INFO - Setting next_dagrun for example_python_decorator to None, run_after=None
[2025-05-20T00:13:39.507+0000] {processor.py:208} INFO - Processing /home/airflow/.local/lib/python3.12/site-packages/airflow/example_dags/example_python_decorator.py took 0.332 seconds
[2025-05-20T00:14:10.500+0000] {processor.py:186} INFO - Started process (PID=8274) to work on /home/airflow/.local/lib/python3.12/site-packages/airflow/example_dags/example_python_decorator.py
[2025-05-20T00:14:10.508+0000] {processor.py:914} INFO - Processing file /home/airflow/.local/lib/python3.12/site-packages/airflow/example_dags/example_python_decorator.py for tasks to queue
[2025-05-20T00:14:10.535+0000] {logging_mixin.py:190} INFO - [2025-05-20T00:14:10.534+0000] {dagbag.py:588} INFO - Filling up the DagBag from /home/airflow/.local/lib/python3.12/site-packages/airflow/example_dags/example_python_decorator.py
[2025-05-20T00:14:10.729+0000] {processor.py:925} INFO - DAG(s) 'example_python_decorator' retrieved from /home/airflow/.local/lib/python3.12/site-packages/airflow/example_dags/example_python_decorator.py
[2025-05-20T00:14:10.830+0000] {logging_mixin.py:190} INFO - [2025-05-20T00:14:10.829+0000] {dag.py:3239} INFO - Sync 1 DAGs
[2025-05-20T00:14:10.895+0000] {logging_mixin.py:190} INFO - [2025-05-20T00:14:10.894+0000] {dag.py:4180} INFO - Setting next_dagrun for example_python_decorator to None, run_after=None
[2025-05-20T00:14:10.927+0000] {processor.py:208} INFO - Processing /home/airflow/.local/lib/python3.12/site-packages/airflow/example_dags/example_python_decorator.py took 0.464 seconds
[2025-05-20T00:14:41.055+0000] {processor.py:186} INFO - Started process (PID=8338) to work on /home/airflow/.local/lib/python3.12/site-packages/airflow/example_dags/example_python_decorator.py
[2025-05-20T00:14:41.057+0000] {processor.py:914} INFO - Processing file /home/airflow/.local/lib/python3.12/site-packages/airflow/example_dags/example_python_decorator.py for tasks to queue
[2025-05-20T00:14:41.062+0000] {logging_mixin.py:190} INFO - [2025-05-20T00:14:41.061+0000] {dagbag.py:588} INFO - Filling up the DagBag from /home/airflow/.local/lib/python3.12/site-packages/airflow/example_dags/example_python_decorator.py
[2025-05-20T00:14:41.092+0000] {processor.py:925} INFO - DAG(s) 'example_python_decorator' retrieved from /home/airflow/.local/lib/python3.12/site-packages/airflow/example_dags/example_python_decorator.py
[2025-05-20T00:14:41.144+0000] {logging_mixin.py:190} INFO - [2025-05-20T00:14:41.144+0000] {dag.py:3239} INFO - Sync 1 DAGs
[2025-05-20T00:14:41.174+0000] {logging_mixin.py:190} INFO - [2025-05-20T00:14:41.174+0000] {dag.py:4180} INFO - Setting next_dagrun for example_python_decorator to None, run_after=None
[2025-05-20T00:14:41.236+0000] {processor.py:208} INFO - Processing /home/airflow/.local/lib/python3.12/site-packages/airflow/example_dags/example_python_decorator.py took 0.196 seconds
[2025-05-20T00:15:11.380+0000] {processor.py:186} INFO - Started process (PID=8401) to work on /home/airflow/.local/lib/python3.12/site-packages/airflow/example_dags/example_python_decorator.py
[2025-05-20T00:15:11.381+0000] {processor.py:914} INFO - Processing file /home/airflow/.local/lib/python3.12/site-packages/airflow/example_dags/example_python_decorator.py for tasks to queue
[2025-05-20T00:15:11.385+0000] {logging_mixin.py:190} INFO - [2025-05-20T00:15:11.384+0000] {dagbag.py:588} INFO - Filling up the DagBag from /home/airflow/.local/lib/python3.12/site-packages/airflow/example_dags/example_python_decorator.py
[2025-05-20T00:15:11.409+0000] {processor.py:925} INFO - DAG(s) 'example_python_decorator' retrieved from /home/airflow/.local/lib/python3.12/site-packages/airflow/example_dags/example_python_decorator.py
[2025-05-20T00:15:11.443+0000] {logging_mixin.py:190} INFO - [2025-05-20T00:15:11.443+0000] {dag.py:3239} INFO - Sync 1 DAGs
[2025-05-20T00:15:11.464+0000] {logging_mixin.py:190} INFO - [2025-05-20T00:15:11.463+0000] {dag.py:4180} INFO - Setting next_dagrun for example_python_decorator to None, run_after=None
[2025-05-20T00:15:11.495+0000] {processor.py:208} INFO - Processing /home/airflow/.local/lib/python3.12/site-packages/airflow/example_dags/example_python_decorator.py took 0.122 seconds
[2025-05-20T00:15:41.660+0000] {processor.py:186} INFO - Started process (PID=8466) to work on /home/airflow/.local/lib/python3.12/site-packages/airflow/example_dags/example_python_decorator.py
[2025-05-20T00:15:41.661+0000] {processor.py:914} INFO - Processing file /home/airflow/.local/lib/python3.12/site-packages/airflow/example_dags/example_python_decorator.py for tasks to queue
[2025-05-20T00:15:41.673+0000] {logging_mixin.py:190} INFO - [2025-05-20T00:15:41.673+0000] {dagbag.py:588} INFO - Filling up the DagBag from /home/airflow/.local/lib/python3.12/site-packages/airflow/example_dags/example_python_decorator.py
[2025-05-20T00:15:41.723+0000] {processor.py:925} INFO - DAG(s) 'example_python_decorator' retrieved from /home/airflow/.local/lib/python3.12/site-packages/airflow/example_dags/example_python_decorator.py
[2025-05-20T00:15:41.784+0000] {logging_mixin.py:190} INFO - [2025-05-20T00:15:41.784+0000] {dag.py:3239} INFO - Sync 1 DAGs
[2025-05-20T00:15:41.853+0000] {logging_mixin.py:190} INFO - [2025-05-20T00:15:41.853+0000] {dag.py:4180} INFO - Setting next_dagrun for example_python_decorator to None, run_after=None
[2025-05-20T00:15:41.985+0000] {processor.py:208} INFO - Processing /home/airflow/.local/lib/python3.12/site-packages/airflow/example_dags/example_python_decorator.py took 0.333 seconds
[2025-05-20T00:16:14.185+0000] {processor.py:186} INFO - Started process (PID=8527) to work on /home/airflow/.local/lib/python3.12/site-packages/airflow/example_dags/example_python_decorator.py
[2025-05-20T00:16:14.187+0000] {processor.py:914} INFO - Processing file /home/airflow/.local/lib/python3.12/site-packages/airflow/example_dags/example_python_decorator.py for tasks to queue
[2025-05-20T00:16:14.190+0000] {logging_mixin.py:190} INFO - [2025-05-20T00:16:14.189+0000] {dagbag.py:588} INFO - Filling up the DagBag from /home/airflow/.local/lib/python3.12/site-packages/airflow/example_dags/example_python_decorator.py
[2025-05-20T00:16:14.208+0000] {processor.py:925} INFO - DAG(s) 'example_python_decorator' retrieved from /home/airflow/.local/lib/python3.12/site-packages/airflow/example_dags/example_python_decorator.py
[2025-05-20T00:16:14.249+0000] {logging_mixin.py:190} INFO - [2025-05-20T00:16:14.249+0000] {dag.py:3239} INFO - Sync 1 DAGs
[2025-05-20T00:16:14.276+0000] {logging_mixin.py:190} INFO - [2025-05-20T00:16:14.275+0000] {dag.py:4180} INFO - Setting next_dagrun for example_python_decorator to None, run_after=None
[2025-05-20T00:16:14.310+0000] {processor.py:208} INFO - Processing /home/airflow/.local/lib/python3.12/site-packages/airflow/example_dags/example_python_decorator.py took 0.132 seconds
[2025-05-20T00:16:44.801+0000] {processor.py:186} INFO - Started process (PID=8591) to work on /home/airflow/.local/lib/python3.12/site-packages/airflow/example_dags/example_python_decorator.py
[2025-05-20T00:16:44.803+0000] {processor.py:914} INFO - Processing file /home/airflow/.local/lib/python3.12/site-packages/airflow/example_dags/example_python_decorator.py for tasks to queue
[2025-05-20T00:16:44.806+0000] {logging_mixin.py:190} INFO - [2025-05-20T00:16:44.806+0000] {dagbag.py:588} INFO - Filling up the DagBag from /home/airflow/.local/lib/python3.12/site-packages/airflow/example_dags/example_python_decorator.py
[2025-05-20T00:16:44.831+0000] {processor.py:925} INFO - DAG(s) 'example_python_decorator' retrieved from /home/airflow/.local/lib/python3.12/site-packages/airflow/example_dags/example_python_decorator.py
[2025-05-20T00:16:44.870+0000] {logging_mixin.py:190} INFO - [2025-05-20T00:16:44.869+0000] {dag.py:3239} INFO - Sync 1 DAGs
[2025-05-20T00:16:44.897+0000] {logging_mixin.py:190} INFO - [2025-05-20T00:16:44.896+0000] {dag.py:4180} INFO - Setting next_dagrun for example_python_decorator to None, run_after=None
[2025-05-20T00:16:44.930+0000] {processor.py:208} INFO - Processing /home/airflow/.local/lib/python3.12/site-packages/airflow/example_dags/example_python_decorator.py took 0.136 seconds
[2025-05-20T00:17:16.399+0000] {processor.py:186} INFO - Started process (PID=8654) to work on /home/airflow/.local/lib/python3.12/site-packages/airflow/example_dags/example_python_decorator.py
[2025-05-20T00:17:16.402+0000] {processor.py:914} INFO - Processing file /home/airflow/.local/lib/python3.12/site-packages/airflow/example_dags/example_python_decorator.py for tasks to queue
[2025-05-20T00:17:16.406+0000] {logging_mixin.py:190} INFO - [2025-05-20T00:17:16.405+0000] {dagbag.py:588} INFO - Filling up the DagBag from /home/airflow/.local/lib/python3.12/site-packages/airflow/example_dags/example_python_decorator.py
[2025-05-20T00:17:16.437+0000] {processor.py:925} INFO - DAG(s) 'example_python_decorator' retrieved from /home/airflow/.local/lib/python3.12/site-packages/airflow/example_dags/example_python_decorator.py
[2025-05-20T00:17:16.488+0000] {logging_mixin.py:190} INFO - [2025-05-20T00:17:16.487+0000] {dag.py:3239} INFO - Sync 1 DAGs
[2025-05-20T00:17:16.524+0000] {logging_mixin.py:190} INFO - [2025-05-20T00:17:16.524+0000] {dag.py:4180} INFO - Setting next_dagrun for example_python_decorator to None, run_after=None
[2025-05-20T00:17:16.574+0000] {processor.py:208} INFO - Processing /home/airflow/.local/lib/python3.12/site-packages/airflow/example_dags/example_python_decorator.py took 0.185 seconds
[2025-05-20T00:17:50.081+0000] {processor.py:186} INFO - Started process (PID=8718) to work on /home/airflow/.local/lib/python3.12/site-packages/airflow/example_dags/example_python_decorator.py
[2025-05-20T00:17:50.083+0000] {processor.py:914} INFO - Processing file /home/airflow/.local/lib/python3.12/site-packages/airflow/example_dags/example_python_decorator.py for tasks to queue
[2025-05-20T00:17:50.087+0000] {logging_mixin.py:190} INFO - [2025-05-20T00:17:50.086+0000] {dagbag.py:588} INFO - Filling up the DagBag from /home/airflow/.local/lib/python3.12/site-packages/airflow/example_dags/example_python_decorator.py
[2025-05-20T00:17:50.121+0000] {processor.py:925} INFO - DAG(s) 'example_python_decorator' retrieved from /home/airflow/.local/lib/python3.12/site-packages/airflow/example_dags/example_python_decorator.py
[2025-05-20T00:17:50.183+0000] {logging_mixin.py:190} INFO - [2025-05-20T00:17:50.183+0000] {dag.py:3239} INFO - Sync 1 DAGs
[2025-05-20T00:17:50.212+0000] {logging_mixin.py:190} INFO - [2025-05-20T00:17:50.211+0000] {dag.py:4180} INFO - Setting next_dagrun for example_python_decorator to None, run_after=None
[2025-05-20T00:17:50.244+0000] {processor.py:208} INFO - Processing /home/airflow/.local/lib/python3.12/site-packages/airflow/example_dags/example_python_decorator.py took 0.173 seconds
[2025-05-20T00:18:22.061+0000] {processor.py:186} INFO - Started process (PID=8782) to work on /home/airflow/.local/lib/python3.12/site-packages/airflow/example_dags/example_python_decorator.py
[2025-05-20T00:18:22.063+0000] {processor.py:914} INFO - Processing file /home/airflow/.local/lib/python3.12/site-packages/airflow/example_dags/example_python_decorator.py for tasks to queue
[2025-05-20T00:18:22.070+0000] {logging_mixin.py:190} INFO - [2025-05-20T00:18:22.069+0000] {dagbag.py:588} INFO - Filling up the DagBag from /home/airflow/.local/lib/python3.12/site-packages/airflow/example_dags/example_python_decorator.py
[2025-05-20T00:18:22.102+0000] {processor.py:925} INFO - DAG(s) 'example_python_decorator' retrieved from /home/airflow/.local/lib/python3.12/site-packages/airflow/example_dags/example_python_decorator.py
[2025-05-20T00:18:22.160+0000] {logging_mixin.py:190} INFO - [2025-05-20T00:18:22.159+0000] {dag.py:3239} INFO - Sync 1 DAGs
[2025-05-20T00:18:22.187+0000] {logging_mixin.py:190} INFO - [2025-05-20T00:18:22.187+0000] {dag.py:4180} INFO - Setting next_dagrun for example_python_decorator to None, run_after=None
[2025-05-20T00:18:22.238+0000] {processor.py:208} INFO - Processing /home/airflow/.local/lib/python3.12/site-packages/airflow/example_dags/example_python_decorator.py took 0.186 seconds
[2025-05-20T00:18:54.027+0000] {processor.py:186} INFO - Started process (PID=8846) to work on /home/airflow/.local/lib/python3.12/site-packages/airflow/example_dags/example_python_decorator.py
[2025-05-20T00:18:54.028+0000] {processor.py:914} INFO - Processing file /home/airflow/.local/lib/python3.12/site-packages/airflow/example_dags/example_python_decorator.py for tasks to queue
[2025-05-20T00:18:54.035+0000] {logging_mixin.py:190} INFO - [2025-05-20T00:18:54.035+0000] {dagbag.py:588} INFO - Filling up the DagBag from /home/airflow/.local/lib/python3.12/site-packages/airflow/example_dags/example_python_decorator.py
[2025-05-20T00:18:54.069+0000] {processor.py:925} INFO - DAG(s) 'example_python_decorator' retrieved from /home/airflow/.local/lib/python3.12/site-packages/airflow/example_dags/example_python_decorator.py
[2025-05-20T00:18:54.120+0000] {logging_mixin.py:190} INFO - [2025-05-20T00:18:54.120+0000] {dag.py:3239} INFO - Sync 1 DAGs
[2025-05-20T00:18:54.148+0000] {logging_mixin.py:190} INFO - [2025-05-20T00:18:54.148+0000] {dag.py:4180} INFO - Setting next_dagrun for example_python_decorator to None, run_after=None
[2025-05-20T00:18:54.181+0000] {processor.py:208} INFO - Processing /home/airflow/.local/lib/python3.12/site-packages/airflow/example_dags/example_python_decorator.py took 0.168 seconds
[2025-05-20T00:19:24.593+0000] {processor.py:186} INFO - Started process (PID=8910) to work on /home/airflow/.local/lib/python3.12/site-packages/airflow/example_dags/example_python_decorator.py
[2025-05-20T00:19:24.599+0000] {processor.py:914} INFO - Processing file /home/airflow/.local/lib/python3.12/site-packages/airflow/example_dags/example_python_decorator.py for tasks to queue
[2025-05-20T00:19:24.603+0000] {logging_mixin.py:190} INFO - [2025-05-20T00:19:24.602+0000] {dagbag.py:588} INFO - Filling up the DagBag from /home/airflow/.local/lib/python3.12/site-packages/airflow/example_dags/example_python_decorator.py
[2025-05-20T00:19:24.649+0000] {processor.py:925} INFO - DAG(s) 'example_python_decorator' retrieved from /home/airflow/.local/lib/python3.12/site-packages/airflow/example_dags/example_python_decorator.py
[2025-05-20T00:19:24.721+0000] {logging_mixin.py:190} INFO - [2025-05-20T00:19:24.721+0000] {dag.py:3239} INFO - Sync 1 DAGs
[2025-05-20T00:19:24.789+0000] {logging_mixin.py:190} INFO - [2025-05-20T00:19:24.788+0000] {dag.py:4180} INFO - Setting next_dagrun for example_python_decorator to None, run_after=None
[2025-05-20T00:19:24.838+0000] {processor.py:208} INFO - Processing /home/airflow/.local/lib/python3.12/site-packages/airflow/example_dags/example_python_decorator.py took 0.254 seconds
[2025-05-20T00:19:55.713+0000] {processor.py:186} INFO - Started process (PID=8975) to work on /home/airflow/.local/lib/python3.12/site-packages/airflow/example_dags/example_python_decorator.py
[2025-05-20T00:19:55.716+0000] {processor.py:914} INFO - Processing file /home/airflow/.local/lib/python3.12/site-packages/airflow/example_dags/example_python_decorator.py for tasks to queue
[2025-05-20T00:19:55.720+0000] {logging_mixin.py:190} INFO - [2025-05-20T00:19:55.719+0000] {dagbag.py:588} INFO - Filling up the DagBag from /home/airflow/.local/lib/python3.12/site-packages/airflow/example_dags/example_python_decorator.py
[2025-05-20T00:19:55.764+0000] {processor.py:925} INFO - DAG(s) 'example_python_decorator' retrieved from /home/airflow/.local/lib/python3.12/site-packages/airflow/example_dags/example_python_decorator.py
[2025-05-20T00:19:55.873+0000] {logging_mixin.py:190} INFO - [2025-05-20T00:19:55.873+0000] {dag.py:3239} INFO - Sync 1 DAGs
[2025-05-20T00:19:56.111+0000] {logging_mixin.py:190} INFO - [2025-05-20T00:19:56.110+0000] {dag.py:4180} INFO - Setting next_dagrun for example_python_decorator to None, run_after=None
[2025-05-20T00:19:56.241+0000] {processor.py:208} INFO - Processing /home/airflow/.local/lib/python3.12/site-packages/airflow/example_dags/example_python_decorator.py took 0.543 seconds
[2025-05-20T00:20:27.009+0000] {processor.py:186} INFO - Started process (PID=9040) to work on /home/airflow/.local/lib/python3.12/site-packages/airflow/example_dags/example_python_decorator.py
[2025-05-20T00:20:27.010+0000] {processor.py:914} INFO - Processing file /home/airflow/.local/lib/python3.12/site-packages/airflow/example_dags/example_python_decorator.py for tasks to queue
[2025-05-20T00:20:27.014+0000] {logging_mixin.py:190} INFO - [2025-05-20T00:20:27.014+0000] {dagbag.py:588} INFO - Filling up the DagBag from /home/airflow/.local/lib/python3.12/site-packages/airflow/example_dags/example_python_decorator.py
[2025-05-20T00:20:27.039+0000] {processor.py:925} INFO - DAG(s) 'example_python_decorator' retrieved from /home/airflow/.local/lib/python3.12/site-packages/airflow/example_dags/example_python_decorator.py
[2025-05-20T00:20:27.077+0000] {logging_mixin.py:190} INFO - [2025-05-20T00:20:27.077+0000] {dag.py:3239} INFO - Sync 1 DAGs
[2025-05-20T00:20:27.101+0000] {logging_mixin.py:190} INFO - [2025-05-20T00:20:27.100+0000] {dag.py:4180} INFO - Setting next_dagrun for example_python_decorator to None, run_after=None
[2025-05-20T00:20:27.140+0000] {processor.py:208} INFO - Processing /home/airflow/.local/lib/python3.12/site-packages/airflow/example_dags/example_python_decorator.py took 0.140 seconds
[2025-05-20T00:20:58.904+0000] {processor.py:186} INFO - Started process (PID=9106) to work on /home/airflow/.local/lib/python3.12/site-packages/airflow/example_dags/example_python_decorator.py
[2025-05-20T00:20:58.908+0000] {processor.py:914} INFO - Processing file /home/airflow/.local/lib/python3.12/site-packages/airflow/example_dags/example_python_decorator.py for tasks to queue
[2025-05-20T00:20:58.918+0000] {logging_mixin.py:190} INFO - [2025-05-20T00:20:58.917+0000] {dagbag.py:588} INFO - Filling up the DagBag from /home/airflow/.local/lib/python3.12/site-packages/airflow/example_dags/example_python_decorator.py
[2025-05-20T00:20:58.985+0000] {processor.py:925} INFO - DAG(s) 'example_python_decorator' retrieved from /home/airflow/.local/lib/python3.12/site-packages/airflow/example_dags/example_python_decorator.py
[2025-05-20T00:20:59.086+0000] {logging_mixin.py:190} INFO - [2025-05-20T00:20:59.085+0000] {dag.py:3239} INFO - Sync 1 DAGs
[2025-05-20T00:20:59.134+0000] {logging_mixin.py:190} INFO - [2025-05-20T00:20:59.134+0000] {dag.py:4180} INFO - Setting next_dagrun for example_python_decorator to None, run_after=None
[2025-05-20T00:20:59.871+0000] {processor.py:208} INFO - Processing /home/airflow/.local/lib/python3.12/site-packages/airflow/example_dags/example_python_decorator.py took 0.978 seconds
[2025-05-20T00:21:30.666+0000] {processor.py:186} INFO - Started process (PID=9170) to work on /home/airflow/.local/lib/python3.12/site-packages/airflow/example_dags/example_python_decorator.py
[2025-05-20T00:21:30.668+0000] {processor.py:914} INFO - Processing file /home/airflow/.local/lib/python3.12/site-packages/airflow/example_dags/example_python_decorator.py for tasks to queue
[2025-05-20T00:21:30.671+0000] {logging_mixin.py:190} INFO - [2025-05-20T00:21:30.671+0000] {dagbag.py:588} INFO - Filling up the DagBag from /home/airflow/.local/lib/python3.12/site-packages/airflow/example_dags/example_python_decorator.py
[2025-05-20T00:21:30.691+0000] {processor.py:925} INFO - DAG(s) 'example_python_decorator' retrieved from /home/airflow/.local/lib/python3.12/site-packages/airflow/example_dags/example_python_decorator.py
[2025-05-20T00:21:30.725+0000] {logging_mixin.py:190} INFO - [2025-05-20T00:21:30.725+0000] {dag.py:3239} INFO - Sync 1 DAGs
[2025-05-20T00:21:30.750+0000] {logging_mixin.py:190} INFO - [2025-05-20T00:21:30.749+0000] {dag.py:4180} INFO - Setting next_dagrun for example_python_decorator to None, run_after=None
[2025-05-20T00:21:30.800+0000] {processor.py:208} INFO - Processing /home/airflow/.local/lib/python3.12/site-packages/airflow/example_dags/example_python_decorator.py took 0.143 seconds
