[2025-05-20T00:00:19.539+0000] {processor.py:186} INFO - Started process (PID=6587) to work on /home/airflow/.local/lib/python3.12/site-packages/airflow/example_dags/example_complex.py
[2025-05-20T00:00:19.541+0000] {processor.py:914} INFO - Processing file /home/airflow/.local/lib/python3.12/site-packages/airflow/example_dags/example_complex.py for tasks to queue
[2025-05-20T00:00:19.544+0000] {logging_mixin.py:190} INFO - [2025-05-20T00:00:19.543+0000] {dagbag.py:588} INFO - Filling up the DagBag from /home/airflow/.local/lib/python3.12/site-packages/airflow/example_dags/example_complex.py
[2025-05-20T00:00:19.572+0000] {processor.py:925} INFO - DAG(s) 'example_complex' retrieved from /home/airflow/.local/lib/python3.12/site-packages/airflow/example_dags/example_complex.py
[2025-05-20T00:00:19.665+0000] {logging_mixin.py:190} INFO - [2025-05-20T00:00:19.664+0000] {dag.py:3239} INFO - Sync 1 DAGs
[2025-05-20T00:00:19.697+0000] {logging_mixin.py:190} INFO - [2025-05-20T00:00:19.696+0000] {dag.py:4180} INFO - Setting next_dagrun for example_complex to None, run_after=None
[2025-05-20T00:00:19.744+0000] {processor.py:208} INFO - Processing /home/airflow/.local/lib/python3.12/site-packages/airflow/example_dags/example_complex.py took 0.218 seconds
[2025-05-20T00:00:51.175+0000] {processor.py:186} INFO - Started process (PID=6652) to work on /home/airflow/.local/lib/python3.12/site-packages/airflow/example_dags/example_complex.py
[2025-05-20T00:00:51.176+0000] {processor.py:914} INFO - Processing file /home/airflow/.local/lib/python3.12/site-packages/airflow/example_dags/example_complex.py for tasks to queue
[2025-05-20T00:00:51.179+0000] {logging_mixin.py:190} INFO - [2025-05-20T00:00:51.179+0000] {dagbag.py:588} INFO - Filling up the DagBag from /home/airflow/.local/lib/python3.12/site-packages/airflow/example_dags/example_complex.py
[2025-05-20T00:00:51.197+0000] {processor.py:925} INFO - DAG(s) 'example_complex' retrieved from /home/airflow/.local/lib/python3.12/site-packages/airflow/example_dags/example_complex.py
[2025-05-20T00:00:51.255+0000] {logging_mixin.py:190} INFO - [2025-05-20T00:00:51.255+0000] {dag.py:3239} INFO - Sync 1 DAGs
[2025-05-20T00:00:51.294+0000] {logging_mixin.py:190} INFO - [2025-05-20T00:00:51.293+0000] {dag.py:4180} INFO - Setting next_dagrun for example_complex to None, run_after=None
[2025-05-20T00:00:51.382+0000] {processor.py:208} INFO - Processing /home/airflow/.local/lib/python3.12/site-packages/airflow/example_dags/example_complex.py took 0.216 seconds
[2025-05-20T00:01:23.397+0000] {processor.py:186} INFO - Started process (PID=6725) to work on /home/airflow/.local/lib/python3.12/site-packages/airflow/example_dags/example_complex.py
[2025-05-20T00:01:23.399+0000] {processor.py:914} INFO - Processing file /home/airflow/.local/lib/python3.12/site-packages/airflow/example_dags/example_complex.py for tasks to queue
[2025-05-20T00:01:23.408+0000] {logging_mixin.py:190} INFO - [2025-05-20T00:01:23.407+0000] {dagbag.py:588} INFO - Filling up the DagBag from /home/airflow/.local/lib/python3.12/site-packages/airflow/example_dags/example_complex.py
[2025-05-20T00:01:23.428+0000] {processor.py:925} INFO - DAG(s) 'example_complex' retrieved from /home/airflow/.local/lib/python3.12/site-packages/airflow/example_dags/example_complex.py
[2025-05-20T00:01:23.486+0000] {logging_mixin.py:190} INFO - [2025-05-20T00:01:23.485+0000] {dag.py:3239} INFO - Sync 1 DAGs
[2025-05-20T00:01:23.511+0000] {logging_mixin.py:190} INFO - [2025-05-20T00:01:23.511+0000] {dag.py:4180} INFO - Setting next_dagrun for example_complex to None, run_after=None
[2025-05-20T00:01:23.541+0000] {processor.py:208} INFO - Processing /home/airflow/.local/lib/python3.12/site-packages/airflow/example_dags/example_complex.py took 0.156 seconds
[2025-05-20T00:01:57.098+0000] {processor.py:186} INFO - Started process (PID=6787) to work on /home/airflow/.local/lib/python3.12/site-packages/airflow/example_dags/example_complex.py
[2025-05-20T00:01:57.100+0000] {processor.py:914} INFO - Processing file /home/airflow/.local/lib/python3.12/site-packages/airflow/example_dags/example_complex.py for tasks to queue
[2025-05-20T00:01:57.111+0000] {logging_mixin.py:190} INFO - [2025-05-20T00:01:57.110+0000] {dagbag.py:588} INFO - Filling up the DagBag from /home/airflow/.local/lib/python3.12/site-packages/airflow/example_dags/example_complex.py
[2025-05-20T00:01:57.198+0000] {processor.py:925} INFO - DAG(s) 'example_complex' retrieved from /home/airflow/.local/lib/python3.12/site-packages/airflow/example_dags/example_complex.py
[2025-05-20T00:01:57.298+0000] {logging_mixin.py:190} INFO - [2025-05-20T00:01:57.298+0000] {dag.py:3239} INFO - Sync 1 DAGs
[2025-05-20T00:01:57.332+0000] {logging_mixin.py:190} INFO - [2025-05-20T00:01:57.332+0000] {dag.py:4180} INFO - Setting next_dagrun for example_complex to None, run_after=None
[2025-05-20T00:01:57.383+0000] {processor.py:208} INFO - Processing /home/airflow/.local/lib/python3.12/site-packages/airflow/example_dags/example_complex.py took 0.305 seconds
[2025-05-20T00:02:28.208+0000] {processor.py:186} INFO - Started process (PID=6851) to work on /home/airflow/.local/lib/python3.12/site-packages/airflow/example_dags/example_complex.py
[2025-05-20T00:02:28.209+0000] {processor.py:914} INFO - Processing file /home/airflow/.local/lib/python3.12/site-packages/airflow/example_dags/example_complex.py for tasks to queue
[2025-05-20T00:02:28.211+0000] {logging_mixin.py:190} INFO - [2025-05-20T00:02:28.211+0000] {dagbag.py:588} INFO - Filling up the DagBag from /home/airflow/.local/lib/python3.12/site-packages/airflow/example_dags/example_complex.py
[2025-05-20T00:02:28.233+0000] {processor.py:925} INFO - DAG(s) 'example_complex' retrieved from /home/airflow/.local/lib/python3.12/site-packages/airflow/example_dags/example_complex.py
[2025-05-20T00:02:28.306+0000] {logging_mixin.py:190} INFO - [2025-05-20T00:02:28.306+0000] {dag.py:3239} INFO - Sync 1 DAGs
[2025-05-20T00:02:28.339+0000] {logging_mixin.py:190} INFO - [2025-05-20T00:02:28.339+0000] {dag.py:4180} INFO - Setting next_dagrun for example_complex to None, run_after=None
[2025-05-20T00:02:28.493+0000] {processor.py:208} INFO - Processing /home/airflow/.local/lib/python3.12/site-packages/airflow/example_dags/example_complex.py took 0.294 seconds
[2025-05-20T00:02:59.290+0000] {processor.py:186} INFO - Started process (PID=6915) to work on /home/airflow/.local/lib/python3.12/site-packages/airflow/example_dags/example_complex.py
[2025-05-20T00:02:59.291+0000] {processor.py:914} INFO - Processing file /home/airflow/.local/lib/python3.12/site-packages/airflow/example_dags/example_complex.py for tasks to queue
[2025-05-20T00:02:59.296+0000] {logging_mixin.py:190} INFO - [2025-05-20T00:02:59.295+0000] {dagbag.py:588} INFO - Filling up the DagBag from /home/airflow/.local/lib/python3.12/site-packages/airflow/example_dags/example_complex.py
[2025-05-20T00:02:59.329+0000] {processor.py:925} INFO - DAG(s) 'example_complex' retrieved from /home/airflow/.local/lib/python3.12/site-packages/airflow/example_dags/example_complex.py
[2025-05-20T00:02:59.390+0000] {logging_mixin.py:190} INFO - [2025-05-20T00:02:59.390+0000] {dag.py:3239} INFO - Sync 1 DAGs
[2025-05-20T00:02:59.416+0000] {logging_mixin.py:190} INFO - [2025-05-20T00:02:59.416+0000] {dag.py:4180} INFO - Setting next_dagrun for example_complex to None, run_after=None
[2025-05-20T00:02:59.447+0000] {processor.py:208} INFO - Processing /home/airflow/.local/lib/python3.12/site-packages/airflow/example_dags/example_complex.py took 0.168 seconds
[2025-05-20T00:03:30.367+0000] {processor.py:186} INFO - Started process (PID=6979) to work on /home/airflow/.local/lib/python3.12/site-packages/airflow/example_dags/example_complex.py
[2025-05-20T00:03:30.369+0000] {processor.py:914} INFO - Processing file /home/airflow/.local/lib/python3.12/site-packages/airflow/example_dags/example_complex.py for tasks to queue
[2025-05-20T00:03:30.379+0000] {logging_mixin.py:190} INFO - [2025-05-20T00:03:30.378+0000] {dagbag.py:588} INFO - Filling up the DagBag from /home/airflow/.local/lib/python3.12/site-packages/airflow/example_dags/example_complex.py
[2025-05-20T00:03:30.413+0000] {processor.py:925} INFO - DAG(s) 'example_complex' retrieved from /home/airflow/.local/lib/python3.12/site-packages/airflow/example_dags/example_complex.py
[2025-05-20T00:03:30.505+0000] {logging_mixin.py:190} INFO - [2025-05-20T00:03:30.504+0000] {dag.py:3239} INFO - Sync 1 DAGs
[2025-05-20T00:03:30.620+0000] {logging_mixin.py:190} INFO - [2025-05-20T00:03:30.620+0000] {dag.py:4180} INFO - Setting next_dagrun for example_complex to None, run_after=None
[2025-05-20T00:03:30.670+0000] {processor.py:208} INFO - Processing /home/airflow/.local/lib/python3.12/site-packages/airflow/example_dags/example_complex.py took 0.319 seconds
[2025-05-20T00:04:04.439+0000] {processor.py:186} INFO - Started process (PID=7043) to work on /home/airflow/.local/lib/python3.12/site-packages/airflow/example_dags/example_complex.py
[2025-05-20T00:04:04.440+0000] {processor.py:914} INFO - Processing file /home/airflow/.local/lib/python3.12/site-packages/airflow/example_dags/example_complex.py for tasks to queue
[2025-05-20T00:04:04.448+0000] {logging_mixin.py:190} INFO - [2025-05-20T00:04:04.447+0000] {dagbag.py:588} INFO - Filling up the DagBag from /home/airflow/.local/lib/python3.12/site-packages/airflow/example_dags/example_complex.py
[2025-05-20T00:04:04.489+0000] {processor.py:925} INFO - DAG(s) 'example_complex' retrieved from /home/airflow/.local/lib/python3.12/site-packages/airflow/example_dags/example_complex.py
[2025-05-20T00:04:04.610+0000] {logging_mixin.py:190} INFO - [2025-05-20T00:04:04.609+0000] {dag.py:3239} INFO - Sync 1 DAGs
[2025-05-20T00:04:04.689+0000] {logging_mixin.py:190} INFO - [2025-05-20T00:04:04.689+0000] {dag.py:4180} INFO - Setting next_dagrun for example_complex to None, run_after=None
[2025-05-20T00:04:04.754+0000] {processor.py:208} INFO - Processing /home/airflow/.local/lib/python3.12/site-packages/airflow/example_dags/example_complex.py took 0.341 seconds
[2025-05-20T00:04:42.609+0000] {processor.py:186} INFO - Started process (PID=7110) to work on /home/airflow/.local/lib/python3.12/site-packages/airflow/example_dags/example_complex.py
[2025-05-20T00:04:42.611+0000] {processor.py:914} INFO - Processing file /home/airflow/.local/lib/python3.12/site-packages/airflow/example_dags/example_complex.py for tasks to queue
[2025-05-20T00:04:42.618+0000] {logging_mixin.py:190} INFO - [2025-05-20T00:04:42.617+0000] {dagbag.py:588} INFO - Filling up the DagBag from /home/airflow/.local/lib/python3.12/site-packages/airflow/example_dags/example_complex.py
[2025-05-20T00:04:42.651+0000] {processor.py:925} INFO - DAG(s) 'example_complex' retrieved from /home/airflow/.local/lib/python3.12/site-packages/airflow/example_dags/example_complex.py
[2025-05-20T00:04:42.724+0000] {logging_mixin.py:190} INFO - [2025-05-20T00:04:42.723+0000] {dag.py:3239} INFO - Sync 1 DAGs
[2025-05-20T00:04:42.761+0000] {logging_mixin.py:190} INFO - [2025-05-20T00:04:42.761+0000] {dag.py:4180} INFO - Setting next_dagrun for example_complex to None, run_after=None
[2025-05-20T00:04:42.815+0000] {processor.py:208} INFO - Processing /home/airflow/.local/lib/python3.12/site-packages/airflow/example_dags/example_complex.py took 0.217 seconds
[2025-05-20T00:05:13.408+0000] {processor.py:186} INFO - Started process (PID=7174) to work on /home/airflow/.local/lib/python3.12/site-packages/airflow/example_dags/example_complex.py
[2025-05-20T00:05:13.410+0000] {processor.py:914} INFO - Processing file /home/airflow/.local/lib/python3.12/site-packages/airflow/example_dags/example_complex.py for tasks to queue
[2025-05-20T00:05:13.416+0000] {logging_mixin.py:190} INFO - [2025-05-20T00:05:13.414+0000] {dagbag.py:588} INFO - Filling up the DagBag from /home/airflow/.local/lib/python3.12/site-packages/airflow/example_dags/example_complex.py
[2025-05-20T00:05:13.440+0000] {processor.py:925} INFO - DAG(s) 'example_complex' retrieved from /home/airflow/.local/lib/python3.12/site-packages/airflow/example_dags/example_complex.py
[2025-05-20T00:05:13.497+0000] {logging_mixin.py:190} INFO - [2025-05-20T00:05:13.496+0000] {dag.py:3239} INFO - Sync 1 DAGs
[2025-05-20T00:05:13.533+0000] {logging_mixin.py:190} INFO - [2025-05-20T00:05:13.533+0000] {dag.py:4180} INFO - Setting next_dagrun for example_complex to None, run_after=None
[2025-05-20T00:05:13.581+0000] {processor.py:208} INFO - Processing /home/airflow/.local/lib/python3.12/site-packages/airflow/example_dags/example_complex.py took 0.183 seconds
[2025-05-20T00:05:44.216+0000] {processor.py:186} INFO - Started process (PID=7238) to work on /home/airflow/.local/lib/python3.12/site-packages/airflow/example_dags/example_complex.py
[2025-05-20T00:05:44.218+0000] {processor.py:914} INFO - Processing file /home/airflow/.local/lib/python3.12/site-packages/airflow/example_dags/example_complex.py for tasks to queue
[2025-05-20T00:05:44.220+0000] {logging_mixin.py:190} INFO - [2025-05-20T00:05:44.220+0000] {dagbag.py:588} INFO - Filling up the DagBag from /home/airflow/.local/lib/python3.12/site-packages/airflow/example_dags/example_complex.py
[2025-05-20T00:05:44.240+0000] {processor.py:925} INFO - DAG(s) 'example_complex' retrieved from /home/airflow/.local/lib/python3.12/site-packages/airflow/example_dags/example_complex.py
[2025-05-20T00:05:44.298+0000] {logging_mixin.py:190} INFO - [2025-05-20T00:05:44.297+0000] {dag.py:3239} INFO - Sync 1 DAGs
[2025-05-20T00:05:44.325+0000] {logging_mixin.py:190} INFO - [2025-05-20T00:05:44.325+0000] {dag.py:4180} INFO - Setting next_dagrun for example_complex to None, run_after=None
[2025-05-20T00:05:44.352+0000] {processor.py:208} INFO - Processing /home/airflow/.local/lib/python3.12/site-packages/airflow/example_dags/example_complex.py took 0.143 seconds
[2025-05-20T00:06:15.327+0000] {processor.py:186} INFO - Started process (PID=7302) to work on /home/airflow/.local/lib/python3.12/site-packages/airflow/example_dags/example_complex.py
[2025-05-20T00:06:15.333+0000] {processor.py:914} INFO - Processing file /home/airflow/.local/lib/python3.12/site-packages/airflow/example_dags/example_complex.py for tasks to queue
[2025-05-20T00:06:15.340+0000] {logging_mixin.py:190} INFO - [2025-05-20T00:06:15.339+0000] {dagbag.py:588} INFO - Filling up the DagBag from /home/airflow/.local/lib/python3.12/site-packages/airflow/example_dags/example_complex.py
[2025-05-20T00:06:15.379+0000] {processor.py:925} INFO - DAG(s) 'example_complex' retrieved from /home/airflow/.local/lib/python3.12/site-packages/airflow/example_dags/example_complex.py
[2025-05-20T00:06:15.460+0000] {logging_mixin.py:190} INFO - [2025-05-20T00:06:15.460+0000] {dag.py:3239} INFO - Sync 1 DAGs
[2025-05-20T00:06:15.499+0000] {logging_mixin.py:190} INFO - [2025-05-20T00:06:15.498+0000] {dag.py:4180} INFO - Setting next_dagrun for example_complex to None, run_after=None
[2025-05-20T00:06:15.557+0000] {processor.py:208} INFO - Processing /home/airflow/.local/lib/python3.12/site-packages/airflow/example_dags/example_complex.py took 0.240 seconds
[2025-05-20T00:06:47.006+0000] {processor.py:186} INFO - Started process (PID=7368) to work on /home/airflow/.local/lib/python3.12/site-packages/airflow/example_dags/example_complex.py
[2025-05-20T00:06:47.007+0000] {processor.py:914} INFO - Processing file /home/airflow/.local/lib/python3.12/site-packages/airflow/example_dags/example_complex.py for tasks to queue
[2025-05-20T00:06:47.011+0000] {logging_mixin.py:190} INFO - [2025-05-20T00:06:47.010+0000] {dagbag.py:588} INFO - Filling up the DagBag from /home/airflow/.local/lib/python3.12/site-packages/airflow/example_dags/example_complex.py
[2025-05-20T00:06:47.035+0000] {processor.py:925} INFO - DAG(s) 'example_complex' retrieved from /home/airflow/.local/lib/python3.12/site-packages/airflow/example_dags/example_complex.py
[2025-05-20T00:06:47.097+0000] {logging_mixin.py:190} INFO - [2025-05-20T00:06:47.097+0000] {dag.py:3239} INFO - Sync 1 DAGs
[2025-05-20T00:06:47.126+0000] {logging_mixin.py:190} INFO - [2025-05-20T00:06:47.126+0000] {dag.py:4180} INFO - Setting next_dagrun for example_complex to None, run_after=None
[2025-05-20T00:06:47.159+0000] {processor.py:208} INFO - Processing /home/airflow/.local/lib/python3.12/site-packages/airflow/example_dags/example_complex.py took 0.161 seconds
[2025-05-20T00:07:18.924+0000] {processor.py:186} INFO - Started process (PID=7434) to work on /home/airflow/.local/lib/python3.12/site-packages/airflow/example_dags/example_complex.py
[2025-05-20T00:07:18.926+0000] {processor.py:914} INFO - Processing file /home/airflow/.local/lib/python3.12/site-packages/airflow/example_dags/example_complex.py for tasks to queue
[2025-05-20T00:07:18.930+0000] {logging_mixin.py:190} INFO - [2025-05-20T00:07:18.929+0000] {dagbag.py:588} INFO - Filling up the DagBag from /home/airflow/.local/lib/python3.12/site-packages/airflow/example_dags/example_complex.py
[2025-05-20T00:07:18.955+0000] {processor.py:925} INFO - DAG(s) 'example_complex' retrieved from /home/airflow/.local/lib/python3.12/site-packages/airflow/example_dags/example_complex.py
[2025-05-20T00:07:19.033+0000] {logging_mixin.py:190} INFO - [2025-05-20T00:07:19.032+0000] {dag.py:3239} INFO - Sync 1 DAGs
[2025-05-20T00:07:19.056+0000] {logging_mixin.py:190} INFO - [2025-05-20T00:07:19.055+0000] {dag.py:4180} INFO - Setting next_dagrun for example_complex to None, run_after=None
[2025-05-20T00:07:19.098+0000] {processor.py:208} INFO - Processing /home/airflow/.local/lib/python3.12/site-packages/airflow/example_dags/example_complex.py took 0.183 seconds
[2025-05-20T00:07:51.833+0000] {processor.py:186} INFO - Started process (PID=7501) to work on /home/airflow/.local/lib/python3.12/site-packages/airflow/example_dags/example_complex.py
[2025-05-20T00:07:51.834+0000] {processor.py:914} INFO - Processing file /home/airflow/.local/lib/python3.12/site-packages/airflow/example_dags/example_complex.py for tasks to queue
[2025-05-20T00:07:51.839+0000] {logging_mixin.py:190} INFO - [2025-05-20T00:07:51.838+0000] {dagbag.py:588} INFO - Filling up the DagBag from /home/airflow/.local/lib/python3.12/site-packages/airflow/example_dags/example_complex.py
[2025-05-20T00:07:51.866+0000] {processor.py:925} INFO - DAG(s) 'example_complex' retrieved from /home/airflow/.local/lib/python3.12/site-packages/airflow/example_dags/example_complex.py
[2025-05-20T00:07:51.948+0000] {logging_mixin.py:190} INFO - [2025-05-20T00:07:51.948+0000] {dag.py:3239} INFO - Sync 1 DAGs
[2025-05-20T00:07:51.985+0000] {logging_mixin.py:190} INFO - [2025-05-20T00:07:51.984+0000] {dag.py:4180} INFO - Setting next_dagrun for example_complex to None, run_after=None
[2025-05-20T00:07:52.032+0000] {processor.py:208} INFO - Processing /home/airflow/.local/lib/python3.12/site-packages/airflow/example_dags/example_complex.py took 0.208 seconds
[2025-05-20T00:08:23.317+0000] {processor.py:186} INFO - Started process (PID=7565) to work on /home/airflow/.local/lib/python3.12/site-packages/airflow/example_dags/example_complex.py
[2025-05-20T00:08:23.318+0000] {processor.py:914} INFO - Processing file /home/airflow/.local/lib/python3.12/site-packages/airflow/example_dags/example_complex.py for tasks to queue
[2025-05-20T00:08:23.322+0000] {logging_mixin.py:190} INFO - [2025-05-20T00:08:23.322+0000] {dagbag.py:588} INFO - Filling up the DagBag from /home/airflow/.local/lib/python3.12/site-packages/airflow/example_dags/example_complex.py
[2025-05-20T00:08:23.347+0000] {processor.py:925} INFO - DAG(s) 'example_complex' retrieved from /home/airflow/.local/lib/python3.12/site-packages/airflow/example_dags/example_complex.py
[2025-05-20T00:08:23.456+0000] {logging_mixin.py:190} INFO - [2025-05-20T00:08:23.455+0000] {dag.py:3239} INFO - Sync 1 DAGs
[2025-05-20T00:08:23.486+0000] {logging_mixin.py:190} INFO - [2025-05-20T00:08:23.486+0000] {dag.py:4180} INFO - Setting next_dagrun for example_complex to None, run_after=None
[2025-05-20T00:08:23.539+0000] {processor.py:208} INFO - Processing /home/airflow/.local/lib/python3.12/site-packages/airflow/example_dags/example_complex.py took 0.229 seconds
[2025-05-20T00:08:53.649+0000] {processor.py:186} INFO - Started process (PID=7627) to work on /home/airflow/.local/lib/python3.12/site-packages/airflow/example_dags/example_complex.py
[2025-05-20T00:08:53.651+0000] {processor.py:914} INFO - Processing file /home/airflow/.local/lib/python3.12/site-packages/airflow/example_dags/example_complex.py for tasks to queue
[2025-05-20T00:08:53.656+0000] {logging_mixin.py:190} INFO - [2025-05-20T00:08:53.654+0000] {dagbag.py:588} INFO - Filling up the DagBag from /home/airflow/.local/lib/python3.12/site-packages/airflow/example_dags/example_complex.py
[2025-05-20T00:08:53.682+0000] {processor.py:925} INFO - DAG(s) 'example_complex' retrieved from /home/airflow/.local/lib/python3.12/site-packages/airflow/example_dags/example_complex.py
[2025-05-20T00:08:53.753+0000] {logging_mixin.py:190} INFO - [2025-05-20T00:08:53.752+0000] {dag.py:3239} INFO - Sync 1 DAGs
[2025-05-20T00:08:53.781+0000] {logging_mixin.py:190} INFO - [2025-05-20T00:08:53.780+0000] {dag.py:4180} INFO - Setting next_dagrun for example_complex to None, run_after=None
[2025-05-20T00:08:53.816+0000] {processor.py:208} INFO - Processing /home/airflow/.local/lib/python3.12/site-packages/airflow/example_dags/example_complex.py took 0.176 seconds
[2025-05-20T00:09:28.710+0000] {processor.py:186} INFO - Started process (PID=7697) to work on /home/airflow/.local/lib/python3.12/site-packages/airflow/example_dags/example_complex.py
[2025-05-20T00:09:28.712+0000] {processor.py:914} INFO - Processing file /home/airflow/.local/lib/python3.12/site-packages/airflow/example_dags/example_complex.py for tasks to queue
[2025-05-20T00:09:28.716+0000] {logging_mixin.py:190} INFO - [2025-05-20T00:09:28.716+0000] {dagbag.py:588} INFO - Filling up the DagBag from /home/airflow/.local/lib/python3.12/site-packages/airflow/example_dags/example_complex.py
[2025-05-20T00:09:28.773+0000] {processor.py:925} INFO - DAG(s) 'example_complex' retrieved from /home/airflow/.local/lib/python3.12/site-packages/airflow/example_dags/example_complex.py
[2025-05-20T00:09:28.839+0000] {logging_mixin.py:190} INFO - [2025-05-20T00:09:28.839+0000] {dag.py:3239} INFO - Sync 1 DAGs
[2025-05-20T00:09:28.868+0000] {logging_mixin.py:190} INFO - [2025-05-20T00:09:28.867+0000] {dag.py:4180} INFO - Setting next_dagrun for example_complex to None, run_after=None
[2025-05-20T00:09:28.906+0000] {processor.py:208} INFO - Processing /home/airflow/.local/lib/python3.12/site-packages/airflow/example_dags/example_complex.py took 0.208 seconds
[2025-05-20T00:09:59.303+0000] {processor.py:186} INFO - Started process (PID=7760) to work on /home/airflow/.local/lib/python3.12/site-packages/airflow/example_dags/example_complex.py
[2025-05-20T00:09:59.306+0000] {processor.py:914} INFO - Processing file /home/airflow/.local/lib/python3.12/site-packages/airflow/example_dags/example_complex.py for tasks to queue
[2025-05-20T00:09:59.314+0000] {logging_mixin.py:190} INFO - [2025-05-20T00:09:59.314+0000] {dagbag.py:588} INFO - Filling up the DagBag from /home/airflow/.local/lib/python3.12/site-packages/airflow/example_dags/example_complex.py
[2025-05-20T00:09:59.358+0000] {processor.py:925} INFO - DAG(s) 'example_complex' retrieved from /home/airflow/.local/lib/python3.12/site-packages/airflow/example_dags/example_complex.py
[2025-05-20T00:09:59.479+0000] {logging_mixin.py:190} INFO - [2025-05-20T00:09:59.478+0000] {dag.py:3239} INFO - Sync 1 DAGs
[2025-05-20T00:09:59.508+0000] {logging_mixin.py:190} INFO - [2025-05-20T00:09:59.508+0000] {dag.py:4180} INFO - Setting next_dagrun for example_complex to None, run_after=None
[2025-05-20T00:09:59.573+0000] {processor.py:208} INFO - Processing /home/airflow/.local/lib/python3.12/site-packages/airflow/example_dags/example_complex.py took 0.280 seconds
[2025-05-20T00:10:30.377+0000] {processor.py:186} INFO - Started process (PID=7824) to work on /home/airflow/.local/lib/python3.12/site-packages/airflow/example_dags/example_complex.py
[2025-05-20T00:10:30.378+0000] {processor.py:914} INFO - Processing file /home/airflow/.local/lib/python3.12/site-packages/airflow/example_dags/example_complex.py for tasks to queue
[2025-05-20T00:10:30.386+0000] {logging_mixin.py:190} INFO - [2025-05-20T00:10:30.384+0000] {dagbag.py:588} INFO - Filling up the DagBag from /home/airflow/.local/lib/python3.12/site-packages/airflow/example_dags/example_complex.py
[2025-05-20T00:10:30.433+0000] {processor.py:925} INFO - DAG(s) 'example_complex' retrieved from /home/airflow/.local/lib/python3.12/site-packages/airflow/example_dags/example_complex.py
[2025-05-20T00:10:30.537+0000] {logging_mixin.py:190} INFO - [2025-05-20T00:10:30.536+0000] {dag.py:3239} INFO - Sync 1 DAGs
[2025-05-20T00:10:30.570+0000] {logging_mixin.py:190} INFO - [2025-05-20T00:10:30.570+0000] {dag.py:4180} INFO - Setting next_dagrun for example_complex to None, run_after=None
[2025-05-20T00:10:30.622+0000] {processor.py:208} INFO - Processing /home/airflow/.local/lib/python3.12/site-packages/airflow/example_dags/example_complex.py took 0.258 seconds
[2025-05-20T00:11:00.824+0000] {processor.py:186} INFO - Started process (PID=7888) to work on /home/airflow/.local/lib/python3.12/site-packages/airflow/example_dags/example_complex.py
[2025-05-20T00:11:00.826+0000] {processor.py:914} INFO - Processing file /home/airflow/.local/lib/python3.12/site-packages/airflow/example_dags/example_complex.py for tasks to queue
[2025-05-20T00:11:00.842+0000] {logging_mixin.py:190} INFO - [2025-05-20T00:11:00.841+0000] {dagbag.py:588} INFO - Filling up the DagBag from /home/airflow/.local/lib/python3.12/site-packages/airflow/example_dags/example_complex.py
[2025-05-20T00:11:00.871+0000] {processor.py:925} INFO - DAG(s) 'example_complex' retrieved from /home/airflow/.local/lib/python3.12/site-packages/airflow/example_dags/example_complex.py
[2025-05-20T00:11:01.004+0000] {logging_mixin.py:190} INFO - [2025-05-20T00:11:01.003+0000] {dag.py:3239} INFO - Sync 1 DAGs
[2025-05-20T00:11:01.031+0000] {logging_mixin.py:190} INFO - [2025-05-20T00:11:01.031+0000] {dag.py:4180} INFO - Setting next_dagrun for example_complex to None, run_after=None
[2025-05-20T00:11:01.090+0000] {processor.py:208} INFO - Processing /home/airflow/.local/lib/python3.12/site-packages/airflow/example_dags/example_complex.py took 0.277 seconds
[2025-05-20T00:11:32.792+0000] {processor.py:186} INFO - Started process (PID=7953) to work on /home/airflow/.local/lib/python3.12/site-packages/airflow/example_dags/example_complex.py
[2025-05-20T00:11:32.794+0000] {processor.py:914} INFO - Processing file /home/airflow/.local/lib/python3.12/site-packages/airflow/example_dags/example_complex.py for tasks to queue
[2025-05-20T00:11:32.798+0000] {logging_mixin.py:190} INFO - [2025-05-20T00:11:32.797+0000] {dagbag.py:588} INFO - Filling up the DagBag from /home/airflow/.local/lib/python3.12/site-packages/airflow/example_dags/example_complex.py
[2025-05-20T00:11:32.846+0000] {processor.py:925} INFO - DAG(s) 'example_complex' retrieved from /home/airflow/.local/lib/python3.12/site-packages/airflow/example_dags/example_complex.py
[2025-05-20T00:11:32.995+0000] {logging_mixin.py:190} INFO - [2025-05-20T00:11:32.994+0000] {dag.py:3239} INFO - Sync 1 DAGs
[2025-05-20T00:11:33.056+0000] {logging_mixin.py:190} INFO - [2025-05-20T00:11:33.056+0000] {dag.py:4180} INFO - Setting next_dagrun for example_complex to None, run_after=None
[2025-05-20T00:11:33.129+0000] {processor.py:208} INFO - Processing /home/airflow/.local/lib/python3.12/site-packages/airflow/example_dags/example_complex.py took 0.354 seconds
[2025-05-20T00:12:04.215+0000] {processor.py:186} INFO - Started process (PID=8017) to work on /home/airflow/.local/lib/python3.12/site-packages/airflow/example_dags/example_complex.py
[2025-05-20T00:12:04.229+0000] {processor.py:914} INFO - Processing file /home/airflow/.local/lib/python3.12/site-packages/airflow/example_dags/example_complex.py for tasks to queue
[2025-05-20T00:12:04.234+0000] {logging_mixin.py:190} INFO - [2025-05-20T00:12:04.234+0000] {dagbag.py:588} INFO - Filling up the DagBag from /home/airflow/.local/lib/python3.12/site-packages/airflow/example_dags/example_complex.py
[2025-05-20T00:12:04.295+0000] {processor.py:925} INFO - DAG(s) 'example_complex' retrieved from /home/airflow/.local/lib/python3.12/site-packages/airflow/example_dags/example_complex.py
[2025-05-20T00:12:04.434+0000] {logging_mixin.py:190} INFO - [2025-05-20T00:12:04.433+0000] {dag.py:3239} INFO - Sync 1 DAGs
[2025-05-20T00:12:04.492+0000] {logging_mixin.py:190} INFO - [2025-05-20T00:12:04.492+0000] {dag.py:4180} INFO - Setting next_dagrun for example_complex to None, run_after=None
[2025-05-20T00:12:04.567+0000] {processor.py:208} INFO - Processing /home/airflow/.local/lib/python3.12/site-packages/airflow/example_dags/example_complex.py took 0.372 seconds
[2025-05-20T00:12:38.260+0000] {processor.py:186} INFO - Started process (PID=8082) to work on /home/airflow/.local/lib/python3.12/site-packages/airflow/example_dags/example_complex.py
[2025-05-20T00:12:38.263+0000] {processor.py:914} INFO - Processing file /home/airflow/.local/lib/python3.12/site-packages/airflow/example_dags/example_complex.py for tasks to queue
[2025-05-20T00:12:38.268+0000] {logging_mixin.py:190} INFO - [2025-05-20T00:12:38.267+0000] {dagbag.py:588} INFO - Filling up the DagBag from /home/airflow/.local/lib/python3.12/site-packages/airflow/example_dags/example_complex.py
[2025-05-20T00:12:38.300+0000] {processor.py:925} INFO - DAG(s) 'example_complex' retrieved from /home/airflow/.local/lib/python3.12/site-packages/airflow/example_dags/example_complex.py
[2025-05-20T00:12:38.365+0000] {logging_mixin.py:190} INFO - [2025-05-20T00:12:38.364+0000] {dag.py:3239} INFO - Sync 1 DAGs
[2025-05-20T00:12:38.395+0000] {logging_mixin.py:190} INFO - [2025-05-20T00:12:38.394+0000] {dag.py:4180} INFO - Setting next_dagrun for example_complex to None, run_after=None
[2025-05-20T00:12:38.441+0000] {processor.py:208} INFO - Processing /home/airflow/.local/lib/python3.12/site-packages/airflow/example_dags/example_complex.py took 0.196 seconds
[2025-05-20T00:13:09.358+0000] {processor.py:186} INFO - Started process (PID=8146) to work on /home/airflow/.local/lib/python3.12/site-packages/airflow/example_dags/example_complex.py
[2025-05-20T00:13:09.359+0000] {processor.py:914} INFO - Processing file /home/airflow/.local/lib/python3.12/site-packages/airflow/example_dags/example_complex.py for tasks to queue
[2025-05-20T00:13:09.363+0000] {logging_mixin.py:190} INFO - [2025-05-20T00:13:09.362+0000] {dagbag.py:588} INFO - Filling up the DagBag from /home/airflow/.local/lib/python3.12/site-packages/airflow/example_dags/example_complex.py
[2025-05-20T00:13:09.380+0000] {processor.py:925} INFO - DAG(s) 'example_complex' retrieved from /home/airflow/.local/lib/python3.12/site-packages/airflow/example_dags/example_complex.py
[2025-05-20T00:13:09.439+0000] {logging_mixin.py:190} INFO - [2025-05-20T00:13:09.439+0000] {dag.py:3239} INFO - Sync 1 DAGs
[2025-05-20T00:13:09.467+0000] {logging_mixin.py:190} INFO - [2025-05-20T00:13:09.466+0000] {dag.py:4180} INFO - Setting next_dagrun for example_complex to None, run_after=None
[2025-05-20T00:13:09.506+0000] {processor.py:208} INFO - Processing /home/airflow/.local/lib/python3.12/site-packages/airflow/example_dags/example_complex.py took 0.156 seconds
[2025-05-20T00:13:39.804+0000] {processor.py:186} INFO - Started process (PID=8211) to work on /home/airflow/.local/lib/python3.12/site-packages/airflow/example_dags/example_complex.py
[2025-05-20T00:13:39.806+0000] {processor.py:914} INFO - Processing file /home/airflow/.local/lib/python3.12/site-packages/airflow/example_dags/example_complex.py for tasks to queue
[2025-05-20T00:13:39.810+0000] {logging_mixin.py:190} INFO - [2025-05-20T00:13:39.809+0000] {dagbag.py:588} INFO - Filling up the DagBag from /home/airflow/.local/lib/python3.12/site-packages/airflow/example_dags/example_complex.py
[2025-05-20T00:13:39.848+0000] {processor.py:925} INFO - DAG(s) 'example_complex' retrieved from /home/airflow/.local/lib/python3.12/site-packages/airflow/example_dags/example_complex.py
[2025-05-20T00:13:39.951+0000] {logging_mixin.py:190} INFO - [2025-05-20T00:13:39.949+0000] {dag.py:3239} INFO - Sync 1 DAGs
[2025-05-20T00:13:39.990+0000] {logging_mixin.py:190} INFO - [2025-05-20T00:13:39.990+0000] {dag.py:4180} INFO - Setting next_dagrun for example_complex to None, run_after=None
[2025-05-20T00:13:40.082+0000] {processor.py:208} INFO - Processing /home/airflow/.local/lib/python3.12/site-packages/airflow/example_dags/example_complex.py took 0.293 seconds
[2025-05-20T00:14:11.025+0000] {processor.py:186} INFO - Started process (PID=8276) to work on /home/airflow/.local/lib/python3.12/site-packages/airflow/example_dags/example_complex.py
[2025-05-20T00:14:11.029+0000] {processor.py:914} INFO - Processing file /home/airflow/.local/lib/python3.12/site-packages/airflow/example_dags/example_complex.py for tasks to queue
[2025-05-20T00:14:11.036+0000] {logging_mixin.py:190} INFO - [2025-05-20T00:14:11.036+0000] {dagbag.py:588} INFO - Filling up the DagBag from /home/airflow/.local/lib/python3.12/site-packages/airflow/example_dags/example_complex.py
[2025-05-20T00:14:11.071+0000] {processor.py:925} INFO - DAG(s) 'example_complex' retrieved from /home/airflow/.local/lib/python3.12/site-packages/airflow/example_dags/example_complex.py
[2025-05-20T00:14:11.152+0000] {logging_mixin.py:190} INFO - [2025-05-20T00:14:11.152+0000] {dag.py:3239} INFO - Sync 1 DAGs
[2025-05-20T00:14:11.177+0000] {logging_mixin.py:190} INFO - [2025-05-20T00:14:11.177+0000] {dag.py:4180} INFO - Setting next_dagrun for example_complex to None, run_after=None
[2025-05-20T00:14:11.215+0000] {processor.py:208} INFO - Processing /home/airflow/.local/lib/python3.12/site-packages/airflow/example_dags/example_complex.py took 0.214 seconds
[2025-05-20T00:14:41.900+0000] {processor.py:186} INFO - Started process (PID=8340) to work on /home/airflow/.local/lib/python3.12/site-packages/airflow/example_dags/example_complex.py
[2025-05-20T00:14:41.902+0000] {processor.py:914} INFO - Processing file /home/airflow/.local/lib/python3.12/site-packages/airflow/example_dags/example_complex.py for tasks to queue
[2025-05-20T00:14:41.909+0000] {logging_mixin.py:190} INFO - [2025-05-20T00:14:41.909+0000] {dagbag.py:588} INFO - Filling up the DagBag from /home/airflow/.local/lib/python3.12/site-packages/airflow/example_dags/example_complex.py
[2025-05-20T00:14:41.942+0000] {processor.py:925} INFO - DAG(s) 'example_complex' retrieved from /home/airflow/.local/lib/python3.12/site-packages/airflow/example_dags/example_complex.py
[2025-05-20T00:14:42.084+0000] {logging_mixin.py:190} INFO - [2025-05-20T00:14:42.084+0000] {dag.py:3239} INFO - Sync 1 DAGs
[2025-05-20T00:14:42.132+0000] {logging_mixin.py:190} INFO - [2025-05-20T00:14:42.131+0000] {dag.py:4180} INFO - Setting next_dagrun for example_complex to None, run_after=None
[2025-05-20T00:14:42.198+0000] {processor.py:208} INFO - Processing /home/airflow/.local/lib/python3.12/site-packages/airflow/example_dags/example_complex.py took 0.313 seconds
[2025-05-20T00:15:12.724+0000] {processor.py:186} INFO - Started process (PID=8404) to work on /home/airflow/.local/lib/python3.12/site-packages/airflow/example_dags/example_complex.py
[2025-05-20T00:15:12.725+0000] {processor.py:914} INFO - Processing file /home/airflow/.local/lib/python3.12/site-packages/airflow/example_dags/example_complex.py for tasks to queue
[2025-05-20T00:15:12.729+0000] {logging_mixin.py:190} INFO - [2025-05-20T00:15:12.729+0000] {dagbag.py:588} INFO - Filling up the DagBag from /home/airflow/.local/lib/python3.12/site-packages/airflow/example_dags/example_complex.py
[2025-05-20T00:15:12.751+0000] {processor.py:925} INFO - DAG(s) 'example_complex' retrieved from /home/airflow/.local/lib/python3.12/site-packages/airflow/example_dags/example_complex.py
[2025-05-20T00:15:12.802+0000] {logging_mixin.py:190} INFO - [2025-05-20T00:15:12.802+0000] {dag.py:3239} INFO - Sync 1 DAGs
[2025-05-20T00:15:12.836+0000] {logging_mixin.py:190} INFO - [2025-05-20T00:15:12.835+0000] {dag.py:4180} INFO - Setting next_dagrun for example_complex to None, run_after=None
[2025-05-20T00:15:12.870+0000] {processor.py:208} INFO - Processing /home/airflow/.local/lib/python3.12/site-packages/airflow/example_dags/example_complex.py took 0.154 seconds
[2025-05-20T00:15:43.139+0000] {processor.py:186} INFO - Started process (PID=8468) to work on /home/airflow/.local/lib/python3.12/site-packages/airflow/example_dags/example_complex.py
[2025-05-20T00:15:43.141+0000] {processor.py:914} INFO - Processing file /home/airflow/.local/lib/python3.12/site-packages/airflow/example_dags/example_complex.py for tasks to queue
[2025-05-20T00:15:43.144+0000] {logging_mixin.py:190} INFO - [2025-05-20T00:15:43.143+0000] {dagbag.py:588} INFO - Filling up the DagBag from /home/airflow/.local/lib/python3.12/site-packages/airflow/example_dags/example_complex.py
[2025-05-20T00:15:43.163+0000] {processor.py:925} INFO - DAG(s) 'example_complex' retrieved from /home/airflow/.local/lib/python3.12/site-packages/airflow/example_dags/example_complex.py
[2025-05-20T00:15:43.217+0000] {logging_mixin.py:190} INFO - [2025-05-20T00:15:43.216+0000] {dag.py:3239} INFO - Sync 1 DAGs
[2025-05-20T00:15:43.238+0000] {logging_mixin.py:190} INFO - [2025-05-20T00:15:43.237+0000] {dag.py:4180} INFO - Setting next_dagrun for example_complex to None, run_after=None
[2025-05-20T00:15:43.269+0000] {processor.py:208} INFO - Processing /home/airflow/.local/lib/python3.12/site-packages/airflow/example_dags/example_complex.py took 0.139 seconds
[2025-05-20T00:16:15.643+0000] {processor.py:186} INFO - Started process (PID=8532) to work on /home/airflow/.local/lib/python3.12/site-packages/airflow/example_dags/example_complex.py
[2025-05-20T00:16:15.644+0000] {processor.py:914} INFO - Processing file /home/airflow/.local/lib/python3.12/site-packages/airflow/example_dags/example_complex.py for tasks to queue
[2025-05-20T00:16:15.648+0000] {logging_mixin.py:190} INFO - [2025-05-20T00:16:15.648+0000] {dagbag.py:588} INFO - Filling up the DagBag from /home/airflow/.local/lib/python3.12/site-packages/airflow/example_dags/example_complex.py
[2025-05-20T00:16:15.673+0000] {processor.py:925} INFO - DAG(s) 'example_complex' retrieved from /home/airflow/.local/lib/python3.12/site-packages/airflow/example_dags/example_complex.py
[2025-05-20T00:16:15.745+0000] {logging_mixin.py:190} INFO - [2025-05-20T00:16:15.745+0000] {dag.py:3239} INFO - Sync 1 DAGs
[2025-05-20T00:16:15.772+0000] {logging_mixin.py:190} INFO - [2025-05-20T00:16:15.772+0000] {dag.py:4180} INFO - Setting next_dagrun for example_complex to None, run_after=None
[2025-05-20T00:16:15.804+0000] {processor.py:208} INFO - Processing /home/airflow/.local/lib/python3.12/site-packages/airflow/example_dags/example_complex.py took 0.170 seconds
[2025-05-20T00:16:46.491+0000] {processor.py:186} INFO - Started process (PID=8596) to work on /home/airflow/.local/lib/python3.12/site-packages/airflow/example_dags/example_complex.py
[2025-05-20T00:16:46.493+0000] {processor.py:914} INFO - Processing file /home/airflow/.local/lib/python3.12/site-packages/airflow/example_dags/example_complex.py for tasks to queue
[2025-05-20T00:16:46.497+0000] {logging_mixin.py:190} INFO - [2025-05-20T00:16:46.496+0000] {dagbag.py:588} INFO - Filling up the DagBag from /home/airflow/.local/lib/python3.12/site-packages/airflow/example_dags/example_complex.py
[2025-05-20T00:16:46.519+0000] {processor.py:925} INFO - DAG(s) 'example_complex' retrieved from /home/airflow/.local/lib/python3.12/site-packages/airflow/example_dags/example_complex.py
[2025-05-20T00:16:46.641+0000] {logging_mixin.py:190} INFO - [2025-05-20T00:16:46.641+0000] {dag.py:3239} INFO - Sync 1 DAGs
[2025-05-20T00:16:46.768+0000] {logging_mixin.py:190} INFO - [2025-05-20T00:16:46.768+0000] {dag.py:4180} INFO - Setting next_dagrun for example_complex to None, run_after=None
[2025-05-20T00:16:46.915+0000] {processor.py:208} INFO - Processing /home/airflow/.local/lib/python3.12/site-packages/airflow/example_dags/example_complex.py took 0.434 seconds
[2025-05-20T00:17:18.608+0000] {processor.py:186} INFO - Started process (PID=8660) to work on /home/airflow/.local/lib/python3.12/site-packages/airflow/example_dags/example_complex.py
[2025-05-20T00:17:18.615+0000] {processor.py:914} INFO - Processing file /home/airflow/.local/lib/python3.12/site-packages/airflow/example_dags/example_complex.py for tasks to queue
[2025-05-20T00:17:18.623+0000] {logging_mixin.py:190} INFO - [2025-05-20T00:17:18.622+0000] {dagbag.py:588} INFO - Filling up the DagBag from /home/airflow/.local/lib/python3.12/site-packages/airflow/example_dags/example_complex.py
[2025-05-20T00:17:18.668+0000] {processor.py:925} INFO - DAG(s) 'example_complex' retrieved from /home/airflow/.local/lib/python3.12/site-packages/airflow/example_dags/example_complex.py
[2025-05-20T00:17:18.744+0000] {logging_mixin.py:190} INFO - [2025-05-20T00:17:18.744+0000] {dag.py:3239} INFO - Sync 1 DAGs
[2025-05-20T00:17:18.785+0000] {logging_mixin.py:190} INFO - [2025-05-20T00:17:18.784+0000] {dag.py:4180} INFO - Setting next_dagrun for example_complex to None, run_after=None
[2025-05-20T00:17:18.840+0000] {processor.py:208} INFO - Processing /home/airflow/.local/lib/python3.12/site-packages/airflow/example_dags/example_complex.py took 0.249 seconds
[2025-05-20T00:17:50.602+0000] {processor.py:186} INFO - Started process (PID=8720) to work on /home/airflow/.local/lib/python3.12/site-packages/airflow/example_dags/example_complex.py
[2025-05-20T00:17:50.603+0000] {processor.py:914} INFO - Processing file /home/airflow/.local/lib/python3.12/site-packages/airflow/example_dags/example_complex.py for tasks to queue
[2025-05-20T00:17:50.607+0000] {logging_mixin.py:190} INFO - [2025-05-20T00:17:50.606+0000] {dagbag.py:588} INFO - Filling up the DagBag from /home/airflow/.local/lib/python3.12/site-packages/airflow/example_dags/example_complex.py
[2025-05-20T00:17:50.626+0000] {processor.py:925} INFO - DAG(s) 'example_complex' retrieved from /home/airflow/.local/lib/python3.12/site-packages/airflow/example_dags/example_complex.py
[2025-05-20T00:17:50.670+0000] {logging_mixin.py:190} INFO - [2025-05-20T00:17:50.669+0000] {dag.py:3239} INFO - Sync 1 DAGs
[2025-05-20T00:17:50.700+0000] {logging_mixin.py:190} INFO - [2025-05-20T00:17:50.700+0000] {dag.py:4180} INFO - Setting next_dagrun for example_complex to None, run_after=None
[2025-05-20T00:17:50.731+0000] {processor.py:208} INFO - Processing /home/airflow/.local/lib/python3.12/site-packages/airflow/example_dags/example_complex.py took 0.136 seconds
[2025-05-20T00:18:22.308+0000] {processor.py:186} INFO - Started process (PID=8784) to work on /home/airflow/.local/lib/python3.12/site-packages/airflow/example_dags/example_complex.py
[2025-05-20T00:18:22.313+0000] {processor.py:914} INFO - Processing file /home/airflow/.local/lib/python3.12/site-packages/airflow/example_dags/example_complex.py for tasks to queue
[2025-05-20T00:18:22.317+0000] {logging_mixin.py:190} INFO - [2025-05-20T00:18:22.317+0000] {dagbag.py:588} INFO - Filling up the DagBag from /home/airflow/.local/lib/python3.12/site-packages/airflow/example_dags/example_complex.py
[2025-05-20T00:18:22.358+0000] {processor.py:925} INFO - DAG(s) 'example_complex' retrieved from /home/airflow/.local/lib/python3.12/site-packages/airflow/example_dags/example_complex.py
[2025-05-20T00:18:22.454+0000] {logging_mixin.py:190} INFO - [2025-05-20T00:18:22.454+0000] {dag.py:3239} INFO - Sync 1 DAGs
[2025-05-20T00:18:22.578+0000] {logging_mixin.py:190} INFO - [2025-05-20T00:18:22.578+0000] {dag.py:4180} INFO - Setting next_dagrun for example_complex to None, run_after=None
[2025-05-20T00:18:22.636+0000] {processor.py:208} INFO - Processing /home/airflow/.local/lib/python3.12/site-packages/airflow/example_dags/example_complex.py took 0.340 seconds
[2025-05-20T00:18:55.071+0000] {processor.py:186} INFO - Started process (PID=8851) to work on /home/airflow/.local/lib/python3.12/site-packages/airflow/example_dags/example_complex.py
[2025-05-20T00:18:55.073+0000] {processor.py:914} INFO - Processing file /home/airflow/.local/lib/python3.12/site-packages/airflow/example_dags/example_complex.py for tasks to queue
[2025-05-20T00:18:55.077+0000] {logging_mixin.py:190} INFO - [2025-05-20T00:18:55.077+0000] {dagbag.py:588} INFO - Filling up the DagBag from /home/airflow/.local/lib/python3.12/site-packages/airflow/example_dags/example_complex.py
[2025-05-20T00:18:55.103+0000] {processor.py:925} INFO - DAG(s) 'example_complex' retrieved from /home/airflow/.local/lib/python3.12/site-packages/airflow/example_dags/example_complex.py
[2025-05-20T00:18:55.175+0000] {logging_mixin.py:190} INFO - [2025-05-20T00:18:55.174+0000] {dag.py:3239} INFO - Sync 1 DAGs
[2025-05-20T00:18:55.201+0000] {logging_mixin.py:190} INFO - [2025-05-20T00:18:55.200+0000] {dag.py:4180} INFO - Setting next_dagrun for example_complex to None, run_after=None
[2025-05-20T00:18:55.234+0000] {processor.py:208} INFO - Processing /home/airflow/.local/lib/python3.12/site-packages/airflow/example_dags/example_complex.py took 0.171 seconds
[2025-05-20T00:19:26.442+0000] {processor.py:186} INFO - Started process (PID=8916) to work on /home/airflow/.local/lib/python3.12/site-packages/airflow/example_dags/example_complex.py
[2025-05-20T00:19:26.445+0000] {processor.py:914} INFO - Processing file /home/airflow/.local/lib/python3.12/site-packages/airflow/example_dags/example_complex.py for tasks to queue
[2025-05-20T00:19:26.451+0000] {logging_mixin.py:190} INFO - [2025-05-20T00:19:26.450+0000] {dagbag.py:588} INFO - Filling up the DagBag from /home/airflow/.local/lib/python3.12/site-packages/airflow/example_dags/example_complex.py
[2025-05-20T00:19:26.473+0000] {processor.py:925} INFO - DAG(s) 'example_complex' retrieved from /home/airflow/.local/lib/python3.12/site-packages/airflow/example_dags/example_complex.py
[2025-05-20T00:19:26.537+0000] {logging_mixin.py:190} INFO - [2025-05-20T00:19:26.536+0000] {dag.py:3239} INFO - Sync 1 DAGs
[2025-05-20T00:19:26.600+0000] {logging_mixin.py:190} INFO - [2025-05-20T00:19:26.600+0000] {dag.py:4180} INFO - Setting next_dagrun for example_complex to None, run_after=None
[2025-05-20T00:19:26.662+0000] {processor.py:208} INFO - Processing /home/airflow/.local/lib/python3.12/site-packages/airflow/example_dags/example_complex.py took 0.233 seconds
[2025-05-20T00:19:58.767+0000] {processor.py:186} INFO - Started process (PID=8982) to work on /home/airflow/.local/lib/python3.12/site-packages/airflow/example_dags/example_complex.py
[2025-05-20T00:19:58.769+0000] {processor.py:914} INFO - Processing file /home/airflow/.local/lib/python3.12/site-packages/airflow/example_dags/example_complex.py for tasks to queue
[2025-05-20T00:19:58.775+0000] {logging_mixin.py:190} INFO - [2025-05-20T00:19:58.775+0000] {dagbag.py:588} INFO - Filling up the DagBag from /home/airflow/.local/lib/python3.12/site-packages/airflow/example_dags/example_complex.py
[2025-05-20T00:19:58.806+0000] {processor.py:925} INFO - DAG(s) 'example_complex' retrieved from /home/airflow/.local/lib/python3.12/site-packages/airflow/example_dags/example_complex.py
[2025-05-20T00:19:58.902+0000] {logging_mixin.py:190} INFO - [2025-05-20T00:19:58.902+0000] {dag.py:3239} INFO - Sync 1 DAGs
[2025-05-20T00:19:58.968+0000] {logging_mixin.py:190} INFO - [2025-05-20T00:19:58.967+0000] {dag.py:4180} INFO - Setting next_dagrun for example_complex to None, run_after=None
[2025-05-20T00:19:59.035+0000] {processor.py:208} INFO - Processing /home/airflow/.local/lib/python3.12/site-packages/airflow/example_dags/example_complex.py took 0.279 seconds
[2025-05-20T00:20:29.247+0000] {processor.py:186} INFO - Started process (PID=9046) to work on /home/airflow/.local/lib/python3.12/site-packages/airflow/example_dags/example_complex.py
[2025-05-20T00:20:29.248+0000] {processor.py:914} INFO - Processing file /home/airflow/.local/lib/python3.12/site-packages/airflow/example_dags/example_complex.py for tasks to queue
[2025-05-20T00:20:29.252+0000] {logging_mixin.py:190} INFO - [2025-05-20T00:20:29.251+0000] {dagbag.py:588} INFO - Filling up the DagBag from /home/airflow/.local/lib/python3.12/site-packages/airflow/example_dags/example_complex.py
[2025-05-20T00:20:29.272+0000] {processor.py:925} INFO - DAG(s) 'example_complex' retrieved from /home/airflow/.local/lib/python3.12/site-packages/airflow/example_dags/example_complex.py
[2025-05-20T00:20:29.381+0000] {logging_mixin.py:190} INFO - [2025-05-20T00:20:29.377+0000] {dag.py:3239} INFO - Sync 1 DAGs
[2025-05-20T00:20:29.427+0000] {logging_mixin.py:190} INFO - [2025-05-20T00:20:29.426+0000] {dag.py:4180} INFO - Setting next_dagrun for example_complex to None, run_after=None
[2025-05-20T00:20:29.467+0000] {processor.py:208} INFO - Processing /home/airflow/.local/lib/python3.12/site-packages/airflow/example_dags/example_complex.py took 0.229 seconds
[2025-05-20T00:21:02.519+0000] {processor.py:186} INFO - Started process (PID=9116) to work on /home/airflow/.local/lib/python3.12/site-packages/airflow/example_dags/example_complex.py
[2025-05-20T00:21:02.521+0000] {processor.py:914} INFO - Processing file /home/airflow/.local/lib/python3.12/site-packages/airflow/example_dags/example_complex.py for tasks to queue
[2025-05-20T00:21:02.526+0000] {logging_mixin.py:190} INFO - [2025-05-20T00:21:02.525+0000] {dagbag.py:588} INFO - Filling up the DagBag from /home/airflow/.local/lib/python3.12/site-packages/airflow/example_dags/example_complex.py
[2025-05-20T00:21:02.553+0000] {processor.py:925} INFO - DAG(s) 'example_complex' retrieved from /home/airflow/.local/lib/python3.12/site-packages/airflow/example_dags/example_complex.py
[2025-05-20T00:21:02.631+0000] {logging_mixin.py:190} INFO - [2025-05-20T00:21:02.630+0000] {dag.py:3239} INFO - Sync 1 DAGs
[2025-05-20T00:21:03.015+0000] {logging_mixin.py:190} INFO - [2025-05-20T00:21:03.014+0000] {dag.py:4180} INFO - Setting next_dagrun for example_complex to None, run_after=None
[2025-05-20T00:21:03.077+0000] {processor.py:208} INFO - Processing /home/airflow/.local/lib/python3.12/site-packages/airflow/example_dags/example_complex.py took 0.569 seconds
[2025-05-20T00:21:34.039+0000] {processor.py:186} INFO - Started process (PID=9179) to work on /home/airflow/.local/lib/python3.12/site-packages/airflow/example_dags/example_complex.py
[2025-05-20T00:21:34.050+0000] {processor.py:914} INFO - Processing file /home/airflow/.local/lib/python3.12/site-packages/airflow/example_dags/example_complex.py for tasks to queue
[2025-05-20T00:21:34.075+0000] {logging_mixin.py:190} INFO - [2025-05-20T00:21:34.074+0000] {dagbag.py:588} INFO - Filling up the DagBag from /home/airflow/.local/lib/python3.12/site-packages/airflow/example_dags/example_complex.py
[2025-05-20T00:21:34.192+0000] {processor.py:925} INFO - DAG(s) 'example_complex' retrieved from /home/airflow/.local/lib/python3.12/site-packages/airflow/example_dags/example_complex.py
[2025-05-20T00:21:34.390+0000] {logging_mixin.py:190} INFO - [2025-05-20T00:21:34.390+0000] {dag.py:3239} INFO - Sync 1 DAGs
[2025-05-20T00:21:34.419+0000] {logging_mixin.py:190} INFO - [2025-05-20T00:21:34.419+0000] {dag.py:4180} INFO - Setting next_dagrun for example_complex to None, run_after=None
[2025-05-20T00:21:34.453+0000] {processor.py:208} INFO - Processing /home/airflow/.local/lib/python3.12/site-packages/airflow/example_dags/example_complex.py took 0.428 seconds
