[2025-05-20T00:00:01.248+0000] {processor.py:186} INFO - Started process (PID=6552) to work on /home/airflow/.local/lib/python3.12/site-packages/airflow/example_dags/example_nested_branch_dag.py
[2025-05-20T00:00:01.249+0000] {processor.py:914} INFO - Processing file /home/airflow/.local/lib/python3.12/site-packages/airflow/example_dags/example_nested_branch_dag.py for tasks to queue
[2025-05-20T00:00:01.252+0000] {logging_mixin.py:190} INFO - [2025-05-20T00:00:01.252+0000] {dagbag.py:588} INFO - Filling up the DagBag from /home/airflow/.local/lib/python3.12/site-packages/airflow/example_dags/example_nested_branch_dag.py
[2025-05-20T00:00:01.286+0000] {processor.py:925} INFO - DAG(s) 'example_nested_branch_dag' retrieved from /home/airflow/.local/lib/python3.12/site-packages/airflow/example_dags/example_nested_branch_dag.py
[2025-05-20T00:00:01.349+0000] {logging_mixin.py:190} INFO - [2025-05-20T00:00:01.348+0000] {dag.py:3239} INFO - Sync 1 DAGs
[2025-05-20T00:00:01.403+0000] {logging_mixin.py:190} INFO - [2025-05-20T00:00:01.402+0000] {dag.py:4180} INFO - Setting next_dagrun for example_nested_branch_dag to 2025-05-19 00:00:00+00:00, run_after=2025-05-20 00:00:00+00:00
[2025-05-20T00:00:01.481+0000] {processor.py:208} INFO - Processing /home/airflow/.local/lib/python3.12/site-packages/airflow/example_dags/example_nested_branch_dag.py took 0.247 seconds
[2025-05-20T00:00:31.755+0000] {processor.py:186} INFO - Started process (PID=6617) to work on /home/airflow/.local/lib/python3.12/site-packages/airflow/example_dags/example_nested_branch_dag.py
[2025-05-20T00:00:31.756+0000] {processor.py:914} INFO - Processing file /home/airflow/.local/lib/python3.12/site-packages/airflow/example_dags/example_nested_branch_dag.py for tasks to queue
[2025-05-20T00:00:31.760+0000] {logging_mixin.py:190} INFO - [2025-05-20T00:00:31.759+0000] {dagbag.py:588} INFO - Filling up the DagBag from /home/airflow/.local/lib/python3.12/site-packages/airflow/example_dags/example_nested_branch_dag.py
[2025-05-20T00:00:31.778+0000] {processor.py:925} INFO - DAG(s) 'example_nested_branch_dag' retrieved from /home/airflow/.local/lib/python3.12/site-packages/airflow/example_dags/example_nested_branch_dag.py
[2025-05-20T00:00:31.818+0000] {logging_mixin.py:190} INFO - [2025-05-20T00:00:31.817+0000] {dag.py:3239} INFO - Sync 1 DAGs
[2025-05-20T00:00:31.864+0000] {logging_mixin.py:190} INFO - [2025-05-20T00:00:31.864+0000] {dag.py:4180} INFO - Setting next_dagrun for example_nested_branch_dag to 2025-05-19 00:00:00+00:00, run_after=2025-05-20 00:00:00+00:00
[2025-05-20T00:00:31.912+0000] {processor.py:208} INFO - Processing /home/airflow/.local/lib/python3.12/site-packages/airflow/example_dags/example_nested_branch_dag.py took 0.167 seconds
[2025-05-20T00:01:02.390+0000] {processor.py:186} INFO - Started process (PID=6680) to work on /home/airflow/.local/lib/python3.12/site-packages/airflow/example_dags/example_nested_branch_dag.py
[2025-05-20T00:01:02.391+0000] {processor.py:914} INFO - Processing file /home/airflow/.local/lib/python3.12/site-packages/airflow/example_dags/example_nested_branch_dag.py for tasks to queue
[2025-05-20T00:01:02.395+0000] {logging_mixin.py:190} INFO - [2025-05-20T00:01:02.394+0000] {dagbag.py:588} INFO - Filling up the DagBag from /home/airflow/.local/lib/python3.12/site-packages/airflow/example_dags/example_nested_branch_dag.py
[2025-05-20T00:01:02.413+0000] {processor.py:925} INFO - DAG(s) 'example_nested_branch_dag' retrieved from /home/airflow/.local/lib/python3.12/site-packages/airflow/example_dags/example_nested_branch_dag.py
[2025-05-20T00:01:02.446+0000] {logging_mixin.py:190} INFO - [2025-05-20T00:01:02.446+0000] {dag.py:3239} INFO - Sync 1 DAGs
[2025-05-20T00:01:02.487+0000] {logging_mixin.py:190} INFO - [2025-05-20T00:01:02.487+0000] {dag.py:4180} INFO - Setting next_dagrun for example_nested_branch_dag to 2025-05-19 00:00:00+00:00, run_after=2025-05-20 00:00:00+00:00
[2025-05-20T00:01:02.521+0000] {processor.py:208} INFO - Processing /home/airflow/.local/lib/python3.12/site-packages/airflow/example_dags/example_nested_branch_dag.py took 0.140 seconds
[2025-05-20T00:01:33.376+0000] {processor.py:186} INFO - Started process (PID=6744) to work on /home/airflow/.local/lib/python3.12/site-packages/airflow/example_dags/example_nested_branch_dag.py
[2025-05-20T00:01:33.378+0000] {processor.py:914} INFO - Processing file /home/airflow/.local/lib/python3.12/site-packages/airflow/example_dags/example_nested_branch_dag.py for tasks to queue
[2025-05-20T00:01:33.391+0000] {logging_mixin.py:190} INFO - [2025-05-20T00:01:33.383+0000] {dagbag.py:588} INFO - Filling up the DagBag from /home/airflow/.local/lib/python3.12/site-packages/airflow/example_dags/example_nested_branch_dag.py
[2025-05-20T00:01:33.432+0000] {processor.py:925} INFO - DAG(s) 'example_nested_branch_dag' retrieved from /home/airflow/.local/lib/python3.12/site-packages/airflow/example_dags/example_nested_branch_dag.py
[2025-05-20T00:01:33.487+0000] {logging_mixin.py:190} INFO - [2025-05-20T00:01:33.487+0000] {dag.py:3239} INFO - Sync 1 DAGs
[2025-05-20T00:01:33.591+0000] {logging_mixin.py:190} INFO - [2025-05-20T00:01:33.590+0000] {dag.py:4180} INFO - Setting next_dagrun for example_nested_branch_dag to 2025-05-19 00:00:00+00:00, run_after=2025-05-20 00:00:00+00:00
[2025-05-20T00:01:33.795+0000] {processor.py:208} INFO - Processing /home/airflow/.local/lib/python3.12/site-packages/airflow/example_dags/example_nested_branch_dag.py took 0.435 seconds
[2025-05-20T00:02:04.140+0000] {processor.py:186} INFO - Started process (PID=6808) to work on /home/airflow/.local/lib/python3.12/site-packages/airflow/example_dags/example_nested_branch_dag.py
[2025-05-20T00:02:04.142+0000] {processor.py:914} INFO - Processing file /home/airflow/.local/lib/python3.12/site-packages/airflow/example_dags/example_nested_branch_dag.py for tasks to queue
[2025-05-20T00:02:04.146+0000] {logging_mixin.py:190} INFO - [2025-05-20T00:02:04.146+0000] {dagbag.py:588} INFO - Filling up the DagBag from /home/airflow/.local/lib/python3.12/site-packages/airflow/example_dags/example_nested_branch_dag.py
[2025-05-20T00:02:04.169+0000] {processor.py:925} INFO - DAG(s) 'example_nested_branch_dag' retrieved from /home/airflow/.local/lib/python3.12/site-packages/airflow/example_dags/example_nested_branch_dag.py
[2025-05-20T00:02:04.207+0000] {logging_mixin.py:190} INFO - [2025-05-20T00:02:04.207+0000] {dag.py:3239} INFO - Sync 1 DAGs
[2025-05-20T00:02:04.250+0000] {logging_mixin.py:190} INFO - [2025-05-20T00:02:04.249+0000] {dag.py:4180} INFO - Setting next_dagrun for example_nested_branch_dag to 2025-05-19 00:00:00+00:00, run_after=2025-05-20 00:00:00+00:00
[2025-05-20T00:02:04.291+0000] {processor.py:208} INFO - Processing /home/airflow/.local/lib/python3.12/site-packages/airflow/example_dags/example_nested_branch_dag.py took 0.161 seconds
[2025-05-20T00:02:34.662+0000] {processor.py:186} INFO - Started process (PID=6871) to work on /home/airflow/.local/lib/python3.12/site-packages/airflow/example_dags/example_nested_branch_dag.py
[2025-05-20T00:02:34.664+0000] {processor.py:914} INFO - Processing file /home/airflow/.local/lib/python3.12/site-packages/airflow/example_dags/example_nested_branch_dag.py for tasks to queue
[2025-05-20T00:02:34.668+0000] {logging_mixin.py:190} INFO - [2025-05-20T00:02:34.668+0000] {dagbag.py:588} INFO - Filling up the DagBag from /home/airflow/.local/lib/python3.12/site-packages/airflow/example_dags/example_nested_branch_dag.py
[2025-05-20T00:02:34.686+0000] {processor.py:925} INFO - DAG(s) 'example_nested_branch_dag' retrieved from /home/airflow/.local/lib/python3.12/site-packages/airflow/example_dags/example_nested_branch_dag.py
[2025-05-20T00:02:34.721+0000] {logging_mixin.py:190} INFO - [2025-05-20T00:02:34.721+0000] {dag.py:3239} INFO - Sync 1 DAGs
[2025-05-20T00:02:34.768+0000] {logging_mixin.py:190} INFO - [2025-05-20T00:02:34.767+0000] {dag.py:4180} INFO - Setting next_dagrun for example_nested_branch_dag to 2025-05-19 00:00:00+00:00, run_after=2025-05-20 00:00:00+00:00
[2025-05-20T00:02:34.812+0000] {processor.py:208} INFO - Processing /home/airflow/.local/lib/python3.12/site-packages/airflow/example_dags/example_nested_branch_dag.py took 0.157 seconds
[2025-05-20T00:03:05.854+0000] {processor.py:186} INFO - Started process (PID=6933) to work on /home/airflow/.local/lib/python3.12/site-packages/airflow/example_dags/example_nested_branch_dag.py
[2025-05-20T00:03:05.856+0000] {processor.py:914} INFO - Processing file /home/airflow/.local/lib/python3.12/site-packages/airflow/example_dags/example_nested_branch_dag.py for tasks to queue
[2025-05-20T00:03:05.859+0000] {logging_mixin.py:190} INFO - [2025-05-20T00:03:05.858+0000] {dagbag.py:588} INFO - Filling up the DagBag from /home/airflow/.local/lib/python3.12/site-packages/airflow/example_dags/example_nested_branch_dag.py
[2025-05-20T00:03:05.876+0000] {processor.py:925} INFO - DAG(s) 'example_nested_branch_dag' retrieved from /home/airflow/.local/lib/python3.12/site-packages/airflow/example_dags/example_nested_branch_dag.py
[2025-05-20T00:03:05.912+0000] {logging_mixin.py:190} INFO - [2025-05-20T00:03:05.912+0000] {dag.py:3239} INFO - Sync 1 DAGs
[2025-05-20T00:03:05.961+0000] {logging_mixin.py:190} INFO - [2025-05-20T00:03:05.961+0000] {dag.py:4180} INFO - Setting next_dagrun for example_nested_branch_dag to 2025-05-19 00:00:00+00:00, run_after=2025-05-20 00:00:00+00:00
[2025-05-20T00:03:05.994+0000] {processor.py:208} INFO - Processing /home/airflow/.local/lib/python3.12/site-packages/airflow/example_dags/example_nested_branch_dag.py took 0.149 seconds
[2025-05-20T00:03:37.231+0000] {processor.py:186} INFO - Started process (PID=6996) to work on /home/airflow/.local/lib/python3.12/site-packages/airflow/example_dags/example_nested_branch_dag.py
[2025-05-20T00:03:37.233+0000] {processor.py:914} INFO - Processing file /home/airflow/.local/lib/python3.12/site-packages/airflow/example_dags/example_nested_branch_dag.py for tasks to queue
[2025-05-20T00:03:37.239+0000] {logging_mixin.py:190} INFO - [2025-05-20T00:03:37.238+0000] {dagbag.py:588} INFO - Filling up the DagBag from /home/airflow/.local/lib/python3.12/site-packages/airflow/example_dags/example_nested_branch_dag.py
[2025-05-20T00:03:37.261+0000] {processor.py:925} INFO - DAG(s) 'example_nested_branch_dag' retrieved from /home/airflow/.local/lib/python3.12/site-packages/airflow/example_dags/example_nested_branch_dag.py
[2025-05-20T00:03:37.297+0000] {logging_mixin.py:190} INFO - [2025-05-20T00:03:37.296+0000] {dag.py:3239} INFO - Sync 1 DAGs
[2025-05-20T00:03:37.343+0000] {logging_mixin.py:190} INFO - [2025-05-20T00:03:37.343+0000] {dag.py:4180} INFO - Setting next_dagrun for example_nested_branch_dag to 2025-05-19 00:00:00+00:00, run_after=2025-05-20 00:00:00+00:00
[2025-05-20T00:03:37.388+0000] {processor.py:208} INFO - Processing /home/airflow/.local/lib/python3.12/site-packages/airflow/example_dags/example_nested_branch_dag.py took 0.165 seconds
[2025-05-20T00:04:07.612+0000] {processor.py:186} INFO - Started process (PID=7059) to work on /home/airflow/.local/lib/python3.12/site-packages/airflow/example_dags/example_nested_branch_dag.py
[2025-05-20T00:04:07.613+0000] {processor.py:914} INFO - Processing file /home/airflow/.local/lib/python3.12/site-packages/airflow/example_dags/example_nested_branch_dag.py for tasks to queue
[2025-05-20T00:04:07.619+0000] {logging_mixin.py:190} INFO - [2025-05-20T00:04:07.618+0000] {dagbag.py:588} INFO - Filling up the DagBag from /home/airflow/.local/lib/python3.12/site-packages/airflow/example_dags/example_nested_branch_dag.py
[2025-05-20T00:04:07.646+0000] {processor.py:925} INFO - DAG(s) 'example_nested_branch_dag' retrieved from /home/airflow/.local/lib/python3.12/site-packages/airflow/example_dags/example_nested_branch_dag.py
[2025-05-20T00:04:07.689+0000] {logging_mixin.py:190} INFO - [2025-05-20T00:04:07.688+0000] {dag.py:3239} INFO - Sync 1 DAGs
[2025-05-20T00:04:07.736+0000] {logging_mixin.py:190} INFO - [2025-05-20T00:04:07.736+0000] {dag.py:4180} INFO - Setting next_dagrun for example_nested_branch_dag to 2025-05-19 00:00:00+00:00, run_after=2025-05-20 00:00:00+00:00
[2025-05-20T00:04:07.778+0000] {processor.py:208} INFO - Processing /home/airflow/.local/lib/python3.12/site-packages/airflow/example_dags/example_nested_branch_dag.py took 0.176 seconds
[2025-05-20T00:04:44.290+0000] {processor.py:186} INFO - Started process (PID=7123) to work on /home/airflow/.local/lib/python3.12/site-packages/airflow/example_dags/example_nested_branch_dag.py
[2025-05-20T00:04:44.292+0000] {processor.py:914} INFO - Processing file /home/airflow/.local/lib/python3.12/site-packages/airflow/example_dags/example_nested_branch_dag.py for tasks to queue
[2025-05-20T00:04:44.295+0000] {logging_mixin.py:190} INFO - [2025-05-20T00:04:44.295+0000] {dagbag.py:588} INFO - Filling up the DagBag from /home/airflow/.local/lib/python3.12/site-packages/airflow/example_dags/example_nested_branch_dag.py
[2025-05-20T00:04:44.317+0000] {processor.py:925} INFO - DAG(s) 'example_nested_branch_dag' retrieved from /home/airflow/.local/lib/python3.12/site-packages/airflow/example_dags/example_nested_branch_dag.py
[2025-05-20T00:04:44.356+0000] {logging_mixin.py:190} INFO - [2025-05-20T00:04:44.356+0000] {dag.py:3239} INFO - Sync 1 DAGs
[2025-05-20T00:04:44.406+0000] {logging_mixin.py:190} INFO - [2025-05-20T00:04:44.406+0000] {dag.py:4180} INFO - Setting next_dagrun for example_nested_branch_dag to 2025-05-19 00:00:00+00:00, run_after=2025-05-20 00:00:00+00:00
[2025-05-20T00:04:44.436+0000] {processor.py:208} INFO - Processing /home/airflow/.local/lib/python3.12/site-packages/airflow/example_dags/example_nested_branch_dag.py took 0.154 seconds
[2025-05-20T00:05:14.841+0000] {processor.py:186} INFO - Started process (PID=7182) to work on /home/airflow/.local/lib/python3.12/site-packages/airflow/example_dags/example_nested_branch_dag.py
[2025-05-20T00:05:14.842+0000] {processor.py:914} INFO - Processing file /home/airflow/.local/lib/python3.12/site-packages/airflow/example_dags/example_nested_branch_dag.py for tasks to queue
[2025-05-20T00:05:14.845+0000] {logging_mixin.py:190} INFO - [2025-05-20T00:05:14.845+0000] {dagbag.py:588} INFO - Filling up the DagBag from /home/airflow/.local/lib/python3.12/site-packages/airflow/example_dags/example_nested_branch_dag.py
[2025-05-20T00:05:14.861+0000] {processor.py:925} INFO - DAG(s) 'example_nested_branch_dag' retrieved from /home/airflow/.local/lib/python3.12/site-packages/airflow/example_dags/example_nested_branch_dag.py
[2025-05-20T00:05:14.901+0000] {logging_mixin.py:190} INFO - [2025-05-20T00:05:14.901+0000] {dag.py:3239} INFO - Sync 1 DAGs
[2025-05-20T00:05:14.934+0000] {logging_mixin.py:190} INFO - [2025-05-20T00:05:14.934+0000] {dag.py:4180} INFO - Setting next_dagrun for example_nested_branch_dag to 2025-05-19 00:00:00+00:00, run_after=2025-05-20 00:00:00+00:00
[2025-05-20T00:05:14.967+0000] {processor.py:208} INFO - Processing /home/airflow/.local/lib/python3.12/site-packages/airflow/example_dags/example_nested_branch_dag.py took 0.134 seconds
[2025-05-20T00:05:45.607+0000] {processor.py:186} INFO - Started process (PID=7247) to work on /home/airflow/.local/lib/python3.12/site-packages/airflow/example_dags/example_nested_branch_dag.py
[2025-05-20T00:05:45.609+0000] {processor.py:914} INFO - Processing file /home/airflow/.local/lib/python3.12/site-packages/airflow/example_dags/example_nested_branch_dag.py for tasks to queue
[2025-05-20T00:05:45.617+0000] {logging_mixin.py:190} INFO - [2025-05-20T00:05:45.613+0000] {dagbag.py:588} INFO - Filling up the DagBag from /home/airflow/.local/lib/python3.12/site-packages/airflow/example_dags/example_nested_branch_dag.py
[2025-05-20T00:05:45.649+0000] {processor.py:925} INFO - DAG(s) 'example_nested_branch_dag' retrieved from /home/airflow/.local/lib/python3.12/site-packages/airflow/example_dags/example_nested_branch_dag.py
[2025-05-20T00:05:45.707+0000] {logging_mixin.py:190} INFO - [2025-05-20T00:05:45.705+0000] {dag.py:3239} INFO - Sync 1 DAGs
[2025-05-20T00:05:45.785+0000] {logging_mixin.py:190} INFO - [2025-05-20T00:05:45.785+0000] {dag.py:4180} INFO - Setting next_dagrun for example_nested_branch_dag to 2025-05-19 00:00:00+00:00, run_after=2025-05-20 00:00:00+00:00
[2025-05-20T00:05:45.826+0000] {processor.py:208} INFO - Processing /home/airflow/.local/lib/python3.12/site-packages/airflow/example_dags/example_nested_branch_dag.py took 0.229 seconds
[2025-05-20T00:06:16.249+0000] {processor.py:186} INFO - Started process (PID=7308) to work on /home/airflow/.local/lib/python3.12/site-packages/airflow/example_dags/example_nested_branch_dag.py
[2025-05-20T00:06:16.251+0000] {processor.py:914} INFO - Processing file /home/airflow/.local/lib/python3.12/site-packages/airflow/example_dags/example_nested_branch_dag.py for tasks to queue
[2025-05-20T00:06:16.256+0000] {logging_mixin.py:190} INFO - [2025-05-20T00:06:16.256+0000] {dagbag.py:588} INFO - Filling up the DagBag from /home/airflow/.local/lib/python3.12/site-packages/airflow/example_dags/example_nested_branch_dag.py
[2025-05-20T00:06:16.312+0000] {processor.py:925} INFO - DAG(s) 'example_nested_branch_dag' retrieved from /home/airflow/.local/lib/python3.12/site-packages/airflow/example_dags/example_nested_branch_dag.py
[2025-05-20T00:06:16.386+0000] {logging_mixin.py:190} INFO - [2025-05-20T00:06:16.385+0000] {dag.py:3239} INFO - Sync 1 DAGs
[2025-05-20T00:06:16.436+0000] {logging_mixin.py:190} INFO - [2025-05-20T00:06:16.436+0000] {dag.py:4180} INFO - Setting next_dagrun for example_nested_branch_dag to 2025-05-19 00:00:00+00:00, run_after=2025-05-20 00:00:00+00:00
[2025-05-20T00:06:16.468+0000] {processor.py:208} INFO - Processing /home/airflow/.local/lib/python3.12/site-packages/airflow/example_dags/example_nested_branch_dag.py took 0.228 seconds
[2025-05-20T00:06:47.410+0000] {processor.py:186} INFO - Started process (PID=7372) to work on /home/airflow/.local/lib/python3.12/site-packages/airflow/example_dags/example_nested_branch_dag.py
[2025-05-20T00:06:47.412+0000] {processor.py:914} INFO - Processing file /home/airflow/.local/lib/python3.12/site-packages/airflow/example_dags/example_nested_branch_dag.py for tasks to queue
[2025-05-20T00:06:47.416+0000] {logging_mixin.py:190} INFO - [2025-05-20T00:06:47.416+0000] {dagbag.py:588} INFO - Filling up the DagBag from /home/airflow/.local/lib/python3.12/site-packages/airflow/example_dags/example_nested_branch_dag.py
[2025-05-20T00:06:47.435+0000] {processor.py:925} INFO - DAG(s) 'example_nested_branch_dag' retrieved from /home/airflow/.local/lib/python3.12/site-packages/airflow/example_dags/example_nested_branch_dag.py
[2025-05-20T00:06:47.480+0000] {logging_mixin.py:190} INFO - [2025-05-20T00:06:47.479+0000] {dag.py:3239} INFO - Sync 1 DAGs
[2025-05-20T00:06:47.521+0000] {logging_mixin.py:190} INFO - [2025-05-20T00:06:47.520+0000] {dag.py:4180} INFO - Setting next_dagrun for example_nested_branch_dag to 2025-05-19 00:00:00+00:00, run_after=2025-05-20 00:00:00+00:00
[2025-05-20T00:06:47.553+0000] {processor.py:208} INFO - Processing /home/airflow/.local/lib/python3.12/site-packages/airflow/example_dags/example_nested_branch_dag.py took 0.152 seconds
[2025-05-20T00:07:18.266+0000] {processor.py:186} INFO - Started process (PID=7429) to work on /home/airflow/.local/lib/python3.12/site-packages/airflow/example_dags/example_nested_branch_dag.py
[2025-05-20T00:07:18.268+0000] {processor.py:914} INFO - Processing file /home/airflow/.local/lib/python3.12/site-packages/airflow/example_dags/example_nested_branch_dag.py for tasks to queue
[2025-05-20T00:07:18.273+0000] {logging_mixin.py:190} INFO - [2025-05-20T00:07:18.272+0000] {dagbag.py:588} INFO - Filling up the DagBag from /home/airflow/.local/lib/python3.12/site-packages/airflow/example_dags/example_nested_branch_dag.py
[2025-05-20T00:07:18.295+0000] {processor.py:925} INFO - DAG(s) 'example_nested_branch_dag' retrieved from /home/airflow/.local/lib/python3.12/site-packages/airflow/example_dags/example_nested_branch_dag.py
[2025-05-20T00:07:18.331+0000] {logging_mixin.py:190} INFO - [2025-05-20T00:07:18.331+0000] {dag.py:3239} INFO - Sync 1 DAGs
[2025-05-20T00:07:18.380+0000] {logging_mixin.py:190} INFO - [2025-05-20T00:07:18.380+0000] {dag.py:4180} INFO - Setting next_dagrun for example_nested_branch_dag to 2025-05-19 00:00:00+00:00, run_after=2025-05-20 00:00:00+00:00
[2025-05-20T00:07:18.451+0000] {processor.py:208} INFO - Processing /home/airflow/.local/lib/python3.12/site-packages/airflow/example_dags/example_nested_branch_dag.py took 0.193 seconds
[2025-05-20T00:07:49.545+0000] {processor.py:186} INFO - Started process (PID=7492) to work on /home/airflow/.local/lib/python3.12/site-packages/airflow/example_dags/example_nested_branch_dag.py
[2025-05-20T00:07:49.547+0000] {processor.py:914} INFO - Processing file /home/airflow/.local/lib/python3.12/site-packages/airflow/example_dags/example_nested_branch_dag.py for tasks to queue
[2025-05-20T00:07:49.555+0000] {logging_mixin.py:190} INFO - [2025-05-20T00:07:49.555+0000] {dagbag.py:588} INFO - Filling up the DagBag from /home/airflow/.local/lib/python3.12/site-packages/airflow/example_dags/example_nested_branch_dag.py
[2025-05-20T00:07:49.588+0000] {processor.py:925} INFO - DAG(s) 'example_nested_branch_dag' retrieved from /home/airflow/.local/lib/python3.12/site-packages/airflow/example_dags/example_nested_branch_dag.py
[2025-05-20T00:07:49.635+0000] {logging_mixin.py:190} INFO - [2025-05-20T00:07:49.635+0000] {dag.py:3239} INFO - Sync 1 DAGs
[2025-05-20T00:07:49.671+0000] {logging_mixin.py:190} INFO - [2025-05-20T00:07:49.671+0000] {dag.py:4180} INFO - Setting next_dagrun for example_nested_branch_dag to 2025-05-19 00:00:00+00:00, run_after=2025-05-20 00:00:00+00:00
[2025-05-20T00:07:49.700+0000] {processor.py:208} INFO - Processing /home/airflow/.local/lib/python3.12/site-packages/airflow/example_dags/example_nested_branch_dag.py took 0.171 seconds
[2025-05-20T00:08:19.806+0000] {processor.py:186} INFO - Started process (PID=7556) to work on /home/airflow/.local/lib/python3.12/site-packages/airflow/example_dags/example_nested_branch_dag.py
[2025-05-20T00:08:19.808+0000] {processor.py:914} INFO - Processing file /home/airflow/.local/lib/python3.12/site-packages/airflow/example_dags/example_nested_branch_dag.py for tasks to queue
[2025-05-20T00:08:19.811+0000] {logging_mixin.py:190} INFO - [2025-05-20T00:08:19.811+0000] {dagbag.py:588} INFO - Filling up the DagBag from /home/airflow/.local/lib/python3.12/site-packages/airflow/example_dags/example_nested_branch_dag.py
[2025-05-20T00:08:19.834+0000] {processor.py:925} INFO - DAG(s) 'example_nested_branch_dag' retrieved from /home/airflow/.local/lib/python3.12/site-packages/airflow/example_dags/example_nested_branch_dag.py
[2025-05-20T00:08:19.868+0000] {logging_mixin.py:190} INFO - [2025-05-20T00:08:19.868+0000] {dag.py:3239} INFO - Sync 1 DAGs
[2025-05-20T00:08:19.914+0000] {logging_mixin.py:190} INFO - [2025-05-20T00:08:19.914+0000] {dag.py:4180} INFO - Setting next_dagrun for example_nested_branch_dag to 2025-05-19 00:00:00+00:00, run_after=2025-05-20 00:00:00+00:00
[2025-05-20T00:08:19.947+0000] {processor.py:208} INFO - Processing /home/airflow/.local/lib/python3.12/site-packages/airflow/example_dags/example_nested_branch_dag.py took 0.148 seconds
[2025-05-20T00:08:51.814+0000] {processor.py:186} INFO - Started process (PID=7619) to work on /home/airflow/.local/lib/python3.12/site-packages/airflow/example_dags/example_nested_branch_dag.py
[2025-05-20T00:08:51.816+0000] {processor.py:914} INFO - Processing file /home/airflow/.local/lib/python3.12/site-packages/airflow/example_dags/example_nested_branch_dag.py for tasks to queue
[2025-05-20T00:08:51.820+0000] {logging_mixin.py:190} INFO - [2025-05-20T00:08:51.819+0000] {dagbag.py:588} INFO - Filling up the DagBag from /home/airflow/.local/lib/python3.12/site-packages/airflow/example_dags/example_nested_branch_dag.py
[2025-05-20T00:08:51.842+0000] {processor.py:925} INFO - DAG(s) 'example_nested_branch_dag' retrieved from /home/airflow/.local/lib/python3.12/site-packages/airflow/example_dags/example_nested_branch_dag.py
[2025-05-20T00:08:51.879+0000] {logging_mixin.py:190} INFO - [2025-05-20T00:08:51.879+0000] {dag.py:3239} INFO - Sync 1 DAGs
[2025-05-20T00:08:51.942+0000] {logging_mixin.py:190} INFO - [2025-05-20T00:08:51.941+0000] {dag.py:4180} INFO - Setting next_dagrun for example_nested_branch_dag to 2025-05-19 00:00:00+00:00, run_after=2025-05-20 00:00:00+00:00
[2025-05-20T00:08:51.979+0000] {processor.py:208} INFO - Processing /home/airflow/.local/lib/python3.12/site-packages/airflow/example_dags/example_nested_branch_dag.py took 0.173 seconds
[2025-05-20T00:09:23.586+0000] {processor.py:186} INFO - Started process (PID=7680) to work on /home/airflow/.local/lib/python3.12/site-packages/airflow/example_dags/example_nested_branch_dag.py
[2025-05-20T00:09:23.589+0000] {processor.py:914} INFO - Processing file /home/airflow/.local/lib/python3.12/site-packages/airflow/example_dags/example_nested_branch_dag.py for tasks to queue
[2025-05-20T00:09:23.602+0000] {logging_mixin.py:190} INFO - [2025-05-20T00:09:23.592+0000] {dagbag.py:588} INFO - Filling up the DagBag from /home/airflow/.local/lib/python3.12/site-packages/airflow/example_dags/example_nested_branch_dag.py
[2025-05-20T00:09:23.642+0000] {processor.py:925} INFO - DAG(s) 'example_nested_branch_dag' retrieved from /home/airflow/.local/lib/python3.12/site-packages/airflow/example_dags/example_nested_branch_dag.py
[2025-05-20T00:09:23.708+0000] {logging_mixin.py:190} INFO - [2025-05-20T00:09:23.708+0000] {dag.py:3239} INFO - Sync 1 DAGs
[2025-05-20T00:09:23.814+0000] {logging_mixin.py:190} INFO - [2025-05-20T00:09:23.813+0000] {dag.py:4180} INFO - Setting next_dagrun for example_nested_branch_dag to 2025-05-19 00:00:00+00:00, run_after=2025-05-20 00:00:00+00:00
[2025-05-20T00:09:23.962+0000] {processor.py:208} INFO - Processing /home/airflow/.local/lib/python3.12/site-packages/airflow/example_dags/example_nested_branch_dag.py took 0.397 seconds
[2025-05-20T00:09:54.782+0000] {processor.py:186} INFO - Started process (PID=7744) to work on /home/airflow/.local/lib/python3.12/site-packages/airflow/example_dags/example_nested_branch_dag.py
[2025-05-20T00:09:54.784+0000] {processor.py:914} INFO - Processing file /home/airflow/.local/lib/python3.12/site-packages/airflow/example_dags/example_nested_branch_dag.py for tasks to queue
[2025-05-20T00:09:54.788+0000] {logging_mixin.py:190} INFO - [2025-05-20T00:09:54.787+0000] {dagbag.py:588} INFO - Filling up the DagBag from /home/airflow/.local/lib/python3.12/site-packages/airflow/example_dags/example_nested_branch_dag.py
[2025-05-20T00:09:54.812+0000] {processor.py:925} INFO - DAG(s) 'example_nested_branch_dag' retrieved from /home/airflow/.local/lib/python3.12/site-packages/airflow/example_dags/example_nested_branch_dag.py
[2025-05-20T00:09:54.860+0000] {logging_mixin.py:190} INFO - [2025-05-20T00:09:54.860+0000] {dag.py:3239} INFO - Sync 1 DAGs
[2025-05-20T00:09:54.932+0000] {logging_mixin.py:190} INFO - [2025-05-20T00:09:54.931+0000] {dag.py:4180} INFO - Setting next_dagrun for example_nested_branch_dag to 2025-05-19 00:00:00+00:00, run_after=2025-05-20 00:00:00+00:00
[2025-05-20T00:09:54.991+0000] {processor.py:208} INFO - Processing /home/airflow/.local/lib/python3.12/site-packages/airflow/example_dags/example_nested_branch_dag.py took 0.223 seconds
[2025-05-20T00:10:25.115+0000] {processor.py:186} INFO - Started process (PID=7807) to work on /home/airflow/.local/lib/python3.12/site-packages/airflow/example_dags/example_nested_branch_dag.py
[2025-05-20T00:10:25.117+0000] {processor.py:914} INFO - Processing file /home/airflow/.local/lib/python3.12/site-packages/airflow/example_dags/example_nested_branch_dag.py for tasks to queue
[2025-05-20T00:10:25.122+0000] {logging_mixin.py:190} INFO - [2025-05-20T00:10:25.121+0000] {dagbag.py:588} INFO - Filling up the DagBag from /home/airflow/.local/lib/python3.12/site-packages/airflow/example_dags/example_nested_branch_dag.py
[2025-05-20T00:10:25.172+0000] {processor.py:925} INFO - DAG(s) 'example_nested_branch_dag' retrieved from /home/airflow/.local/lib/python3.12/site-packages/airflow/example_dags/example_nested_branch_dag.py
[2025-05-20T00:10:25.251+0000] {logging_mixin.py:190} INFO - [2025-05-20T00:10:25.250+0000] {dag.py:3239} INFO - Sync 1 DAGs
[2025-05-20T00:10:25.345+0000] {logging_mixin.py:190} INFO - [2025-05-20T00:10:25.344+0000] {dag.py:4180} INFO - Setting next_dagrun for example_nested_branch_dag to 2025-05-19 00:00:00+00:00, run_after=2025-05-20 00:00:00+00:00
[2025-05-20T00:10:25.384+0000] {processor.py:208} INFO - Processing /home/airflow/.local/lib/python3.12/site-packages/airflow/example_dags/example_nested_branch_dag.py took 0.279 seconds
[2025-05-20T00:10:55.654+0000] {processor.py:186} INFO - Started process (PID=7871) to work on /home/airflow/.local/lib/python3.12/site-packages/airflow/example_dags/example_nested_branch_dag.py
[2025-05-20T00:10:55.655+0000] {processor.py:914} INFO - Processing file /home/airflow/.local/lib/python3.12/site-packages/airflow/example_dags/example_nested_branch_dag.py for tasks to queue
[2025-05-20T00:10:55.659+0000] {logging_mixin.py:190} INFO - [2025-05-20T00:10:55.658+0000] {dagbag.py:588} INFO - Filling up the DagBag from /home/airflow/.local/lib/python3.12/site-packages/airflow/example_dags/example_nested_branch_dag.py
[2025-05-20T00:10:55.699+0000] {processor.py:925} INFO - DAG(s) 'example_nested_branch_dag' retrieved from /home/airflow/.local/lib/python3.12/site-packages/airflow/example_dags/example_nested_branch_dag.py
[2025-05-20T00:10:55.742+0000] {logging_mixin.py:190} INFO - [2025-05-20T00:10:55.742+0000] {dag.py:3239} INFO - Sync 1 DAGs
[2025-05-20T00:10:55.819+0000] {logging_mixin.py:190} INFO - [2025-05-20T00:10:55.819+0000] {dag.py:4180} INFO - Setting next_dagrun for example_nested_branch_dag to 2025-05-19 00:00:00+00:00, run_after=2025-05-20 00:00:00+00:00
[2025-05-20T00:10:55.854+0000] {processor.py:208} INFO - Processing /home/airflow/.local/lib/python3.12/site-packages/airflow/example_dags/example_nested_branch_dag.py took 0.208 seconds
[2025-05-20T00:11:27.461+0000] {processor.py:186} INFO - Started process (PID=7936) to work on /home/airflow/.local/lib/python3.12/site-packages/airflow/example_dags/example_nested_branch_dag.py
[2025-05-20T00:11:27.523+0000] {processor.py:914} INFO - Processing file /home/airflow/.local/lib/python3.12/site-packages/airflow/example_dags/example_nested_branch_dag.py for tasks to queue
[2025-05-20T00:11:27.542+0000] {logging_mixin.py:190} INFO - [2025-05-20T00:11:27.541+0000] {dagbag.py:588} INFO - Filling up the DagBag from /home/airflow/.local/lib/python3.12/site-packages/airflow/example_dags/example_nested_branch_dag.py
[2025-05-20T00:11:27.648+0000] {processor.py:925} INFO - DAG(s) 'example_nested_branch_dag' retrieved from /home/airflow/.local/lib/python3.12/site-packages/airflow/example_dags/example_nested_branch_dag.py
[2025-05-20T00:11:28.037+0000] {logging_mixin.py:190} INFO - [2025-05-20T00:11:28.036+0000] {dag.py:3239} INFO - Sync 1 DAGs
[2025-05-20T00:11:28.267+0000] {logging_mixin.py:190} INFO - [2025-05-20T00:11:28.255+0000] {dag.py:4180} INFO - Setting next_dagrun for example_nested_branch_dag to 2025-05-19 00:00:00+00:00, run_after=2025-05-20 00:00:00+00:00
[2025-05-20T00:11:28.404+0000] {processor.py:208} INFO - Processing /home/airflow/.local/lib/python3.12/site-packages/airflow/example_dags/example_nested_branch_dag.py took 1.041 seconds
[2025-05-20T00:11:58.550+0000] {processor.py:186} INFO - Started process (PID=8007) to work on /home/airflow/.local/lib/python3.12/site-packages/airflow/example_dags/example_nested_branch_dag.py
[2025-05-20T00:11:58.553+0000] {processor.py:914} INFO - Processing file /home/airflow/.local/lib/python3.12/site-packages/airflow/example_dags/example_nested_branch_dag.py for tasks to queue
[2025-05-20T00:11:58.559+0000] {logging_mixin.py:190} INFO - [2025-05-20T00:11:58.558+0000] {dagbag.py:588} INFO - Filling up the DagBag from /home/airflow/.local/lib/python3.12/site-packages/airflow/example_dags/example_nested_branch_dag.py
[2025-05-20T00:11:58.593+0000] {processor.py:925} INFO - DAG(s) 'example_nested_branch_dag' retrieved from /home/airflow/.local/lib/python3.12/site-packages/airflow/example_dags/example_nested_branch_dag.py
[2025-05-20T00:11:58.655+0000] {logging_mixin.py:190} INFO - [2025-05-20T00:11:58.654+0000] {dag.py:3239} INFO - Sync 1 DAGs
[2025-05-20T00:11:58.757+0000] {logging_mixin.py:190} INFO - [2025-05-20T00:11:58.756+0000] {dag.py:4180} INFO - Setting next_dagrun for example_nested_branch_dag to 2025-05-19 00:00:00+00:00, run_after=2025-05-20 00:00:00+00:00
[2025-05-20T00:11:58.822+0000] {processor.py:208} INFO - Processing /home/airflow/.local/lib/python3.12/site-packages/airflow/example_dags/example_nested_branch_dag.py took 0.285 seconds
[2025-05-20T00:12:29.377+0000] {processor.py:186} INFO - Started process (PID=8071) to work on /home/airflow/.local/lib/python3.12/site-packages/airflow/example_dags/example_nested_branch_dag.py
[2025-05-20T00:12:29.385+0000] {processor.py:914} INFO - Processing file /home/airflow/.local/lib/python3.12/site-packages/airflow/example_dags/example_nested_branch_dag.py for tasks to queue
[2025-05-20T00:12:29.404+0000] {logging_mixin.py:190} INFO - [2025-05-20T00:12:29.403+0000] {dagbag.py:588} INFO - Filling up the DagBag from /home/airflow/.local/lib/python3.12/site-packages/airflow/example_dags/example_nested_branch_dag.py
[2025-05-20T00:12:29.463+0000] {processor.py:925} INFO - DAG(s) 'example_nested_branch_dag' retrieved from /home/airflow/.local/lib/python3.12/site-packages/airflow/example_dags/example_nested_branch_dag.py
[2025-05-20T00:12:29.603+0000] {logging_mixin.py:190} INFO - [2025-05-20T00:12:29.603+0000] {dag.py:3239} INFO - Sync 1 DAGs
[2025-05-20T00:12:29.776+0000] {logging_mixin.py:190} INFO - [2025-05-20T00:12:29.775+0000] {dag.py:4180} INFO - Setting next_dagrun for example_nested_branch_dag to 2025-05-19 00:00:00+00:00, run_after=2025-05-20 00:00:00+00:00
[2025-05-20T00:12:29.953+0000] {processor.py:208} INFO - Processing /home/airflow/.local/lib/python3.12/site-packages/airflow/example_dags/example_nested_branch_dag.py took 0.598 seconds
[2025-05-20T00:13:00.461+0000] {processor.py:186} INFO - Started process (PID=8135) to work on /home/airflow/.local/lib/python3.12/site-packages/airflow/example_dags/example_nested_branch_dag.py
[2025-05-20T00:13:00.479+0000] {processor.py:914} INFO - Processing file /home/airflow/.local/lib/python3.12/site-packages/airflow/example_dags/example_nested_branch_dag.py for tasks to queue
[2025-05-20T00:13:00.514+0000] {logging_mixin.py:190} INFO - [2025-05-20T00:13:00.483+0000] {dagbag.py:588} INFO - Filling up the DagBag from /home/airflow/.local/lib/python3.12/site-packages/airflow/example_dags/example_nested_branch_dag.py
[2025-05-20T00:13:00.716+0000] {processor.py:925} INFO - DAG(s) 'example_nested_branch_dag' retrieved from /home/airflow/.local/lib/python3.12/site-packages/airflow/example_dags/example_nested_branch_dag.py
[2025-05-20T00:13:00.827+0000] {logging_mixin.py:190} INFO - [2025-05-20T00:13:00.826+0000] {dag.py:3239} INFO - Sync 1 DAGs
[2025-05-20T00:13:00.893+0000] {logging_mixin.py:190} INFO - [2025-05-20T00:13:00.893+0000] {dag.py:4180} INFO - Setting next_dagrun for example_nested_branch_dag to 2025-05-19 00:00:00+00:00, run_after=2025-05-20 00:00:00+00:00
[2025-05-20T00:13:00.934+0000] {processor.py:208} INFO - Processing /home/airflow/.local/lib/python3.12/site-packages/airflow/example_dags/example_nested_branch_dag.py took 0.508 seconds
[2025-05-20T00:13:31.128+0000] {processor.py:186} INFO - Started process (PID=8200) to work on /home/airflow/.local/lib/python3.12/site-packages/airflow/example_dags/example_nested_branch_dag.py
[2025-05-20T00:13:31.130+0000] {processor.py:914} INFO - Processing file /home/airflow/.local/lib/python3.12/site-packages/airflow/example_dags/example_nested_branch_dag.py for tasks to queue
[2025-05-20T00:13:31.134+0000] {logging_mixin.py:190} INFO - [2025-05-20T00:13:31.133+0000] {dagbag.py:588} INFO - Filling up the DagBag from /home/airflow/.local/lib/python3.12/site-packages/airflow/example_dags/example_nested_branch_dag.py
[2025-05-20T00:13:31.151+0000] {processor.py:925} INFO - DAG(s) 'example_nested_branch_dag' retrieved from /home/airflow/.local/lib/python3.12/site-packages/airflow/example_dags/example_nested_branch_dag.py
[2025-05-20T00:13:31.191+0000] {logging_mixin.py:190} INFO - [2025-05-20T00:13:31.190+0000] {dag.py:3239} INFO - Sync 1 DAGs
[2025-05-20T00:13:31.238+0000] {logging_mixin.py:190} INFO - [2025-05-20T00:13:31.238+0000] {dag.py:4180} INFO - Setting next_dagrun for example_nested_branch_dag to 2025-05-19 00:00:00+00:00, run_after=2025-05-20 00:00:00+00:00
[2025-05-20T00:13:31.273+0000] {processor.py:208} INFO - Processing /home/airflow/.local/lib/python3.12/site-packages/airflow/example_dags/example_nested_branch_dag.py took 0.156 seconds
[2025-05-20T00:14:01.987+0000] {processor.py:186} INFO - Started process (PID=8262) to work on /home/airflow/.local/lib/python3.12/site-packages/airflow/example_dags/example_nested_branch_dag.py
[2025-05-20T00:14:01.988+0000] {processor.py:914} INFO - Processing file /home/airflow/.local/lib/python3.12/site-packages/airflow/example_dags/example_nested_branch_dag.py for tasks to queue
[2025-05-20T00:14:01.993+0000] {logging_mixin.py:190} INFO - [2025-05-20T00:14:01.993+0000] {dagbag.py:588} INFO - Filling up the DagBag from /home/airflow/.local/lib/python3.12/site-packages/airflow/example_dags/example_nested_branch_dag.py
[2025-05-20T00:14:02.024+0000] {processor.py:925} INFO - DAG(s) 'example_nested_branch_dag' retrieved from /home/airflow/.local/lib/python3.12/site-packages/airflow/example_dags/example_nested_branch_dag.py
[2025-05-20T00:14:02.092+0000] {logging_mixin.py:190} INFO - [2025-05-20T00:14:02.092+0000] {dag.py:3239} INFO - Sync 1 DAGs
[2025-05-20T00:14:02.155+0000] {logging_mixin.py:190} INFO - [2025-05-20T00:14:02.154+0000] {dag.py:4180} INFO - Setting next_dagrun for example_nested_branch_dag to 2025-05-19 00:00:00+00:00, run_after=2025-05-20 00:00:00+00:00
[2025-05-20T00:14:02.211+0000] {processor.py:208} INFO - Processing /home/airflow/.local/lib/python3.12/site-packages/airflow/example_dags/example_nested_branch_dag.py took 0.239 seconds
[2025-05-20T00:14:33.681+0000] {processor.py:186} INFO - Started process (PID=8320) to work on /home/airflow/.local/lib/python3.12/site-packages/airflow/example_dags/example_nested_branch_dag.py
[2025-05-20T00:14:33.684+0000] {processor.py:914} INFO - Processing file /home/airflow/.local/lib/python3.12/site-packages/airflow/example_dags/example_nested_branch_dag.py for tasks to queue
[2025-05-20T00:14:33.689+0000] {logging_mixin.py:190} INFO - [2025-05-20T00:14:33.688+0000] {dagbag.py:588} INFO - Filling up the DagBag from /home/airflow/.local/lib/python3.12/site-packages/airflow/example_dags/example_nested_branch_dag.py
[2025-05-20T00:14:33.716+0000] {processor.py:925} INFO - DAG(s) 'example_nested_branch_dag' retrieved from /home/airflow/.local/lib/python3.12/site-packages/airflow/example_dags/example_nested_branch_dag.py
[2025-05-20T00:14:33.752+0000] {logging_mixin.py:190} INFO - [2025-05-20T00:14:33.752+0000] {dag.py:3239} INFO - Sync 1 DAGs
[2025-05-20T00:14:33.802+0000] {logging_mixin.py:190} INFO - [2025-05-20T00:14:33.801+0000] {dag.py:4180} INFO - Setting next_dagrun for example_nested_branch_dag to 2025-05-19 00:00:00+00:00, run_after=2025-05-20 00:00:00+00:00
[2025-05-20T00:14:33.844+0000] {processor.py:208} INFO - Processing /home/airflow/.local/lib/python3.12/site-packages/airflow/example_dags/example_nested_branch_dag.py took 0.174 seconds
[2025-05-20T00:15:04.289+0000] {processor.py:186} INFO - Started process (PID=8381) to work on /home/airflow/.local/lib/python3.12/site-packages/airflow/example_dags/example_nested_branch_dag.py
[2025-05-20T00:15:04.292+0000] {processor.py:914} INFO - Processing file /home/airflow/.local/lib/python3.12/site-packages/airflow/example_dags/example_nested_branch_dag.py for tasks to queue
[2025-05-20T00:15:04.298+0000] {logging_mixin.py:190} INFO - [2025-05-20T00:15:04.298+0000] {dagbag.py:588} INFO - Filling up the DagBag from /home/airflow/.local/lib/python3.12/site-packages/airflow/example_dags/example_nested_branch_dag.py
[2025-05-20T00:15:04.325+0000] {processor.py:925} INFO - DAG(s) 'example_nested_branch_dag' retrieved from /home/airflow/.local/lib/python3.12/site-packages/airflow/example_dags/example_nested_branch_dag.py
[2025-05-20T00:15:04.387+0000] {logging_mixin.py:190} INFO - [2025-05-20T00:15:04.387+0000] {dag.py:3239} INFO - Sync 1 DAGs
[2025-05-20T00:15:04.443+0000] {logging_mixin.py:190} INFO - [2025-05-20T00:15:04.442+0000] {dag.py:4180} INFO - Setting next_dagrun for example_nested_branch_dag to 2025-05-19 00:00:00+00:00, run_after=2025-05-20 00:00:00+00:00
[2025-05-20T00:15:04.563+0000] {processor.py:208} INFO - Processing /home/airflow/.local/lib/python3.12/site-packages/airflow/example_dags/example_nested_branch_dag.py took 0.284 seconds
[2025-05-20T00:15:34.744+0000] {processor.py:186} INFO - Started process (PID=8446) to work on /home/airflow/.local/lib/python3.12/site-packages/airflow/example_dags/example_nested_branch_dag.py
[2025-05-20T00:15:34.745+0000] {processor.py:914} INFO - Processing file /home/airflow/.local/lib/python3.12/site-packages/airflow/example_dags/example_nested_branch_dag.py for tasks to queue
[2025-05-20T00:15:34.747+0000] {logging_mixin.py:190} INFO - [2025-05-20T00:15:34.747+0000] {dagbag.py:588} INFO - Filling up the DagBag from /home/airflow/.local/lib/python3.12/site-packages/airflow/example_dags/example_nested_branch_dag.py
[2025-05-20T00:15:34.765+0000] {processor.py:925} INFO - DAG(s) 'example_nested_branch_dag' retrieved from /home/airflow/.local/lib/python3.12/site-packages/airflow/example_dags/example_nested_branch_dag.py
[2025-05-20T00:15:34.798+0000] {logging_mixin.py:190} INFO - [2025-05-20T00:15:34.798+0000] {dag.py:3239} INFO - Sync 1 DAGs
[2025-05-20T00:15:34.842+0000] {logging_mixin.py:190} INFO - [2025-05-20T00:15:34.842+0000] {dag.py:4180} INFO - Setting next_dagrun for example_nested_branch_dag to 2025-05-19 00:00:00+00:00, run_after=2025-05-20 00:00:00+00:00
[2025-05-20T00:15:34.879+0000] {processor.py:208} INFO - Processing /home/airflow/.local/lib/python3.12/site-packages/airflow/example_dags/example_nested_branch_dag.py took 0.143 seconds
[2025-05-20T00:16:04.985+0000] {processor.py:186} INFO - Started process (PID=8510) to work on /home/airflow/.local/lib/python3.12/site-packages/airflow/example_dags/example_nested_branch_dag.py
[2025-05-20T00:16:04.987+0000] {processor.py:914} INFO - Processing file /home/airflow/.local/lib/python3.12/site-packages/airflow/example_dags/example_nested_branch_dag.py for tasks to queue
[2025-05-20T00:16:04.991+0000] {logging_mixin.py:190} INFO - [2025-05-20T00:16:04.990+0000] {dagbag.py:588} INFO - Filling up the DagBag from /home/airflow/.local/lib/python3.12/site-packages/airflow/example_dags/example_nested_branch_dag.py
[2025-05-20T00:16:05.010+0000] {processor.py:925} INFO - DAG(s) 'example_nested_branch_dag' retrieved from /home/airflow/.local/lib/python3.12/site-packages/airflow/example_dags/example_nested_branch_dag.py
[2025-05-20T00:16:05.048+0000] {logging_mixin.py:190} INFO - [2025-05-20T00:16:05.048+0000] {dag.py:3239} INFO - Sync 1 DAGs
[2025-05-20T00:16:05.090+0000] {logging_mixin.py:190} INFO - [2025-05-20T00:16:05.089+0000] {dag.py:4180} INFO - Setting next_dagrun for example_nested_branch_dag to 2025-05-19 00:00:00+00:00, run_after=2025-05-20 00:00:00+00:00
[2025-05-20T00:16:05.125+0000] {processor.py:208} INFO - Processing /home/airflow/.local/lib/python3.12/site-packages/airflow/example_dags/example_nested_branch_dag.py took 0.148 seconds
[2025-05-20T00:16:36.767+0000] {processor.py:186} INFO - Started process (PID=8574) to work on /home/airflow/.local/lib/python3.12/site-packages/airflow/example_dags/example_nested_branch_dag.py
[2025-05-20T00:16:36.773+0000] {processor.py:914} INFO - Processing file /home/airflow/.local/lib/python3.12/site-packages/airflow/example_dags/example_nested_branch_dag.py for tasks to queue
[2025-05-20T00:16:36.778+0000] {logging_mixin.py:190} INFO - [2025-05-20T00:16:36.777+0000] {dagbag.py:588} INFO - Filling up the DagBag from /home/airflow/.local/lib/python3.12/site-packages/airflow/example_dags/example_nested_branch_dag.py
[2025-05-20T00:16:36.802+0000] {processor.py:925} INFO - DAG(s) 'example_nested_branch_dag' retrieved from /home/airflow/.local/lib/python3.12/site-packages/airflow/example_dags/example_nested_branch_dag.py
[2025-05-20T00:16:36.884+0000] {logging_mixin.py:190} INFO - [2025-05-20T00:16:36.880+0000] {dag.py:3239} INFO - Sync 1 DAGs
[2025-05-20T00:16:36.964+0000] {logging_mixin.py:190} INFO - [2025-05-20T00:16:36.963+0000] {dag.py:4180} INFO - Setting next_dagrun for example_nested_branch_dag to 2025-05-19 00:00:00+00:00, run_after=2025-05-20 00:00:00+00:00
[2025-05-20T00:16:37.004+0000] {processor.py:208} INFO - Processing /home/airflow/.local/lib/python3.12/site-packages/airflow/example_dags/example_nested_branch_dag.py took 0.246 seconds
[2025-05-20T00:17:07.566+0000] {processor.py:186} INFO - Started process (PID=8638) to work on /home/airflow/.local/lib/python3.12/site-packages/airflow/example_dags/example_nested_branch_dag.py
[2025-05-20T00:17:07.568+0000] {processor.py:914} INFO - Processing file /home/airflow/.local/lib/python3.12/site-packages/airflow/example_dags/example_nested_branch_dag.py for tasks to queue
[2025-05-20T00:17:07.572+0000] {logging_mixin.py:190} INFO - [2025-05-20T00:17:07.572+0000] {dagbag.py:588} INFO - Filling up the DagBag from /home/airflow/.local/lib/python3.12/site-packages/airflow/example_dags/example_nested_branch_dag.py
[2025-05-20T00:17:07.592+0000] {processor.py:925} INFO - DAG(s) 'example_nested_branch_dag' retrieved from /home/airflow/.local/lib/python3.12/site-packages/airflow/example_dags/example_nested_branch_dag.py
[2025-05-20T00:17:07.630+0000] {logging_mixin.py:190} INFO - [2025-05-20T00:17:07.630+0000] {dag.py:3239} INFO - Sync 1 DAGs
[2025-05-20T00:17:07.679+0000] {logging_mixin.py:190} INFO - [2025-05-20T00:17:07.678+0000] {dag.py:4180} INFO - Setting next_dagrun for example_nested_branch_dag to 2025-05-19 00:00:00+00:00, run_after=2025-05-20 00:00:00+00:00
[2025-05-20T00:17:07.705+0000] {processor.py:208} INFO - Processing /home/airflow/.local/lib/python3.12/site-packages/airflow/example_dags/example_nested_branch_dag.py took 0.146 seconds
[2025-05-20T00:17:38.985+0000] {processor.py:186} INFO - Started process (PID=8701) to work on /home/airflow/.local/lib/python3.12/site-packages/airflow/example_dags/example_nested_branch_dag.py
[2025-05-20T00:17:38.991+0000] {processor.py:914} INFO - Processing file /home/airflow/.local/lib/python3.12/site-packages/airflow/example_dags/example_nested_branch_dag.py for tasks to queue
[2025-05-20T00:17:38.996+0000] {logging_mixin.py:190} INFO - [2025-05-20T00:17:38.995+0000] {dagbag.py:588} INFO - Filling up the DagBag from /home/airflow/.local/lib/python3.12/site-packages/airflow/example_dags/example_nested_branch_dag.py
[2025-05-20T00:17:39.065+0000] {processor.py:925} INFO - DAG(s) 'example_nested_branch_dag' retrieved from /home/airflow/.local/lib/python3.12/site-packages/airflow/example_dags/example_nested_branch_dag.py
[2025-05-20T00:17:39.124+0000] {logging_mixin.py:190} INFO - [2025-05-20T00:17:39.124+0000] {dag.py:3239} INFO - Sync 1 DAGs
[2025-05-20T00:17:39.204+0000] {logging_mixin.py:190} INFO - [2025-05-20T00:17:39.204+0000] {dag.py:4180} INFO - Setting next_dagrun for example_nested_branch_dag to 2025-05-19 00:00:00+00:00, run_after=2025-05-20 00:00:00+00:00
[2025-05-20T00:17:39.253+0000] {processor.py:208} INFO - Processing /home/airflow/.local/lib/python3.12/site-packages/airflow/example_dags/example_nested_branch_dag.py took 0.291 seconds
[2025-05-20T00:18:09.361+0000] {processor.py:186} INFO - Started process (PID=8764) to work on /home/airflow/.local/lib/python3.12/site-packages/airflow/example_dags/example_nested_branch_dag.py
[2025-05-20T00:18:09.363+0000] {processor.py:914} INFO - Processing file /home/airflow/.local/lib/python3.12/site-packages/airflow/example_dags/example_nested_branch_dag.py for tasks to queue
[2025-05-20T00:18:09.366+0000] {logging_mixin.py:190} INFO - [2025-05-20T00:18:09.366+0000] {dagbag.py:588} INFO - Filling up the DagBag from /home/airflow/.local/lib/python3.12/site-packages/airflow/example_dags/example_nested_branch_dag.py
[2025-05-20T00:18:09.381+0000] {processor.py:925} INFO - DAG(s) 'example_nested_branch_dag' retrieved from /home/airflow/.local/lib/python3.12/site-packages/airflow/example_dags/example_nested_branch_dag.py
[2025-05-20T00:18:09.417+0000] {logging_mixin.py:190} INFO - [2025-05-20T00:18:09.416+0000] {dag.py:3239} INFO - Sync 1 DAGs
[2025-05-20T00:18:09.467+0000] {logging_mixin.py:190} INFO - [2025-05-20T00:18:09.467+0000] {dag.py:4180} INFO - Setting next_dagrun for example_nested_branch_dag to 2025-05-19 00:00:00+00:00, run_after=2025-05-20 00:00:00+00:00
[2025-05-20T00:18:09.502+0000] {processor.py:208} INFO - Processing /home/airflow/.local/lib/python3.12/site-packages/airflow/example_dags/example_nested_branch_dag.py took 0.147 seconds
[2025-05-20T00:18:40.460+0000] {processor.py:186} INFO - Started process (PID=8827) to work on /home/airflow/.local/lib/python3.12/site-packages/airflow/example_dags/example_nested_branch_dag.py
[2025-05-20T00:18:40.462+0000] {processor.py:914} INFO - Processing file /home/airflow/.local/lib/python3.12/site-packages/airflow/example_dags/example_nested_branch_dag.py for tasks to queue
[2025-05-20T00:18:40.467+0000] {logging_mixin.py:190} INFO - [2025-05-20T00:18:40.466+0000] {dagbag.py:588} INFO - Filling up the DagBag from /home/airflow/.local/lib/python3.12/site-packages/airflow/example_dags/example_nested_branch_dag.py
[2025-05-20T00:18:40.508+0000] {processor.py:925} INFO - DAG(s) 'example_nested_branch_dag' retrieved from /home/airflow/.local/lib/python3.12/site-packages/airflow/example_dags/example_nested_branch_dag.py
[2025-05-20T00:18:40.756+0000] {logging_mixin.py:190} INFO - [2025-05-20T00:18:40.755+0000] {dag.py:3239} INFO - Sync 1 DAGs
[2025-05-20T00:18:41.014+0000] {logging_mixin.py:190} INFO - [2025-05-20T00:18:41.013+0000] {dag.py:4180} INFO - Setting next_dagrun for example_nested_branch_dag to 2025-05-19 00:00:00+00:00, run_after=2025-05-20 00:00:00+00:00
[2025-05-20T00:18:41.188+0000] {processor.py:208} INFO - Processing /home/airflow/.local/lib/python3.12/site-packages/airflow/example_dags/example_nested_branch_dag.py took 0.747 seconds
[2025-05-20T00:19:11.498+0000] {processor.py:186} INFO - Started process (PID=8892) to work on /home/airflow/.local/lib/python3.12/site-packages/airflow/example_dags/example_nested_branch_dag.py
[2025-05-20T00:19:11.499+0000] {processor.py:914} INFO - Processing file /home/airflow/.local/lib/python3.12/site-packages/airflow/example_dags/example_nested_branch_dag.py for tasks to queue
[2025-05-20T00:19:11.503+0000] {logging_mixin.py:190} INFO - [2025-05-20T00:19:11.503+0000] {dagbag.py:588} INFO - Filling up the DagBag from /home/airflow/.local/lib/python3.12/site-packages/airflow/example_dags/example_nested_branch_dag.py
[2025-05-20T00:19:11.572+0000] {processor.py:925} INFO - DAG(s) 'example_nested_branch_dag' retrieved from /home/airflow/.local/lib/python3.12/site-packages/airflow/example_dags/example_nested_branch_dag.py
[2025-05-20T00:19:11.690+0000] {logging_mixin.py:190} INFO - [2025-05-20T00:19:11.690+0000] {dag.py:3239} INFO - Sync 1 DAGs
[2025-05-20T00:19:11.774+0000] {logging_mixin.py:190} INFO - [2025-05-20T00:19:11.773+0000] {dag.py:4180} INFO - Setting next_dagrun for example_nested_branch_dag to 2025-05-19 00:00:00+00:00, run_after=2025-05-20 00:00:00+00:00
[2025-05-20T00:19:11.829+0000] {processor.py:208} INFO - Processing /home/airflow/.local/lib/python3.12/site-packages/airflow/example_dags/example_nested_branch_dag.py took 0.342 seconds
[2025-05-20T00:19:42.541+0000] {processor.py:186} INFO - Started process (PID=8957) to work on /home/airflow/.local/lib/python3.12/site-packages/airflow/example_dags/example_nested_branch_dag.py
[2025-05-20T00:19:42.543+0000] {processor.py:914} INFO - Processing file /home/airflow/.local/lib/python3.12/site-packages/airflow/example_dags/example_nested_branch_dag.py for tasks to queue
[2025-05-20T00:19:42.547+0000] {logging_mixin.py:190} INFO - [2025-05-20T00:19:42.546+0000] {dagbag.py:588} INFO - Filling up the DagBag from /home/airflow/.local/lib/python3.12/site-packages/airflow/example_dags/example_nested_branch_dag.py
[2025-05-20T00:19:42.572+0000] {processor.py:925} INFO - DAG(s) 'example_nested_branch_dag' retrieved from /home/airflow/.local/lib/python3.12/site-packages/airflow/example_dags/example_nested_branch_dag.py
[2025-05-20T00:19:42.608+0000] {logging_mixin.py:190} INFO - [2025-05-20T00:19:42.606+0000] {dag.py:3239} INFO - Sync 1 DAGs
[2025-05-20T00:19:42.653+0000] {logging_mixin.py:190} INFO - [2025-05-20T00:19:42.652+0000] {dag.py:4180} INFO - Setting next_dagrun for example_nested_branch_dag to 2025-05-19 00:00:00+00:00, run_after=2025-05-20 00:00:00+00:00
[2025-05-20T00:19:42.689+0000] {processor.py:208} INFO - Processing /home/airflow/.local/lib/python3.12/site-packages/airflow/example_dags/example_nested_branch_dag.py took 0.156 seconds
[2025-05-20T00:20:13.636+0000] {processor.py:186} INFO - Started process (PID=9022) to work on /home/airflow/.local/lib/python3.12/site-packages/airflow/example_dags/example_nested_branch_dag.py
[2025-05-20T00:20:13.638+0000] {processor.py:914} INFO - Processing file /home/airflow/.local/lib/python3.12/site-packages/airflow/example_dags/example_nested_branch_dag.py for tasks to queue
[2025-05-20T00:20:13.642+0000] {logging_mixin.py:190} INFO - [2025-05-20T00:20:13.641+0000] {dagbag.py:588} INFO - Filling up the DagBag from /home/airflow/.local/lib/python3.12/site-packages/airflow/example_dags/example_nested_branch_dag.py
[2025-05-20T00:20:13.664+0000] {processor.py:925} INFO - DAG(s) 'example_nested_branch_dag' retrieved from /home/airflow/.local/lib/python3.12/site-packages/airflow/example_dags/example_nested_branch_dag.py
[2025-05-20T00:20:13.710+0000] {logging_mixin.py:190} INFO - [2025-05-20T00:20:13.709+0000] {dag.py:3239} INFO - Sync 1 DAGs
[2025-05-20T00:20:13.800+0000] {logging_mixin.py:190} INFO - [2025-05-20T00:20:13.799+0000] {dag.py:4180} INFO - Setting next_dagrun for example_nested_branch_dag to 2025-05-19 00:00:00+00:00, run_after=2025-05-20 00:00:00+00:00
[2025-05-20T00:20:14.168+0000] {processor.py:208} INFO - Processing /home/airflow/.local/lib/python3.12/site-packages/airflow/example_dags/example_nested_branch_dag.py took 0.571 seconds
[2025-05-20T00:20:45.072+0000] {processor.py:186} INFO - Started process (PID=9086) to work on /home/airflow/.local/lib/python3.12/site-packages/airflow/example_dags/example_nested_branch_dag.py
[2025-05-20T00:20:45.074+0000] {processor.py:914} INFO - Processing file /home/airflow/.local/lib/python3.12/site-packages/airflow/example_dags/example_nested_branch_dag.py for tasks to queue
[2025-05-20T00:20:45.080+0000] {logging_mixin.py:190} INFO - [2025-05-20T00:20:45.079+0000] {dagbag.py:588} INFO - Filling up the DagBag from /home/airflow/.local/lib/python3.12/site-packages/airflow/example_dags/example_nested_branch_dag.py
[2025-05-20T00:20:45.102+0000] {processor.py:925} INFO - DAG(s) 'example_nested_branch_dag' retrieved from /home/airflow/.local/lib/python3.12/site-packages/airflow/example_dags/example_nested_branch_dag.py
[2025-05-20T00:20:45.176+0000] {logging_mixin.py:190} INFO - [2025-05-20T00:20:45.176+0000] {dag.py:3239} INFO - Sync 1 DAGs
[2025-05-20T00:20:45.231+0000] {logging_mixin.py:190} INFO - [2025-05-20T00:20:45.230+0000] {dag.py:4180} INFO - Setting next_dagrun for example_nested_branch_dag to 2025-05-19 00:00:00+00:00, run_after=2025-05-20 00:00:00+00:00
[2025-05-20T00:20:45.313+0000] {processor.py:208} INFO - Processing /home/airflow/.local/lib/python3.12/site-packages/airflow/example_dags/example_nested_branch_dag.py took 0.250 seconds
[2025-05-20T00:21:18.724+0000] {processor.py:186} INFO - Started process (PID=9149) to work on /home/airflow/.local/lib/python3.12/site-packages/airflow/example_dags/example_nested_branch_dag.py
[2025-05-20T00:21:18.729+0000] {processor.py:914} INFO - Processing file /home/airflow/.local/lib/python3.12/site-packages/airflow/example_dags/example_nested_branch_dag.py for tasks to queue
[2025-05-20T00:21:18.759+0000] {logging_mixin.py:190} INFO - [2025-05-20T00:21:18.758+0000] {dagbag.py:588} INFO - Filling up the DagBag from /home/airflow/.local/lib/python3.12/site-packages/airflow/example_dags/example_nested_branch_dag.py
[2025-05-20T00:21:18.934+0000] {processor.py:925} INFO - DAG(s) 'example_nested_branch_dag' retrieved from /home/airflow/.local/lib/python3.12/site-packages/airflow/example_dags/example_nested_branch_dag.py
[2025-05-20T00:21:19.060+0000] {logging_mixin.py:190} INFO - [2025-05-20T00:21:19.059+0000] {dag.py:3239} INFO - Sync 1 DAGs
[2025-05-20T00:21:19.207+0000] {logging_mixin.py:190} INFO - [2025-05-20T00:21:19.207+0000] {dag.py:4180} INFO - Setting next_dagrun for example_nested_branch_dag to 2025-05-19 00:00:00+00:00, run_after=2025-05-20 00:00:00+00:00
[2025-05-20T00:21:19.335+0000] {processor.py:208} INFO - Processing /home/airflow/.local/lib/python3.12/site-packages/airflow/example_dags/example_nested_branch_dag.py took 0.632 seconds
