[2025-05-20T00:00:10.148+0000] {processor.py:186} INFO - Started process (PID=6574) to work on /home/airflow/.local/lib/python3.12/site-packages/airflow/example_dags/example_dag_decorator.py
[2025-05-20T00:00:10.150+0000] {processor.py:914} INFO - Processing file /home/airflow/.local/lib/python3.12/site-packages/airflow/example_dags/example_dag_decorator.py for tasks to queue
[2025-05-20T00:00:10.158+0000] {logging_mixin.py:190} INFO - [2025-05-20T00:00:10.157+0000] {dagbag.py:588} INFO - Filling up the DagBag from /home/airflow/.local/lib/python3.12/site-packages/airflow/example_dags/example_dag_decorator.py
[2025-05-20T00:00:10.408+0000] {processor.py:925} INFO - DAG(s) 'example_dag_decorator' retrieved from /home/airflow/.local/lib/python3.12/site-packages/airflow/example_dags/example_dag_decorator.py
[2025-05-20T00:00:10.662+0000] {logging_mixin.py:190} INFO - [2025-05-20T00:00:10.662+0000] {dag.py:3239} INFO - Sync 1 DAGs
[2025-05-20T00:00:10.688+0000] {logging_mixin.py:190} INFO - [2025-05-20T00:00:10.688+0000] {dag.py:4180} INFO - Setting next_dagrun for example_dag_decorator to None, run_after=None
[2025-05-20T00:00:10.747+0000] {processor.py:208} INFO - Processing /home/airflow/.local/lib/python3.12/site-packages/airflow/example_dags/example_dag_decorator.py took 0.611 seconds
[2025-05-20T00:00:43.084+0000] {processor.py:186} INFO - Started process (PID=6639) to work on /home/airflow/.local/lib/python3.12/site-packages/airflow/example_dags/example_dag_decorator.py
[2025-05-20T00:00:43.086+0000] {processor.py:914} INFO - Processing file /home/airflow/.local/lib/python3.12/site-packages/airflow/example_dags/example_dag_decorator.py for tasks to queue
[2025-05-20T00:00:43.090+0000] {logging_mixin.py:190} INFO - [2025-05-20T00:00:43.090+0000] {dagbag.py:588} INFO - Filling up the DagBag from /home/airflow/.local/lib/python3.12/site-packages/airflow/example_dags/example_dag_decorator.py
[2025-05-20T00:00:43.355+0000] {processor.py:925} INFO - DAG(s) 'example_dag_decorator' retrieved from /home/airflow/.local/lib/python3.12/site-packages/airflow/example_dags/example_dag_decorator.py
[2025-05-20T00:00:43.561+0000] {logging_mixin.py:190} INFO - [2025-05-20T00:00:43.560+0000] {dag.py:3239} INFO - Sync 1 DAGs
[2025-05-20T00:00:43.586+0000] {logging_mixin.py:190} INFO - [2025-05-20T00:00:43.585+0000] {dag.py:4180} INFO - Setting next_dagrun for example_dag_decorator to None, run_after=None
[2025-05-20T00:00:43.621+0000] {processor.py:208} INFO - Processing /home/airflow/.local/lib/python3.12/site-packages/airflow/example_dags/example_dag_decorator.py took 0.548 seconds
[2025-05-20T00:01:15.333+0000] {processor.py:186} INFO - Started process (PID=6704) to work on /home/airflow/.local/lib/python3.12/site-packages/airflow/example_dags/example_dag_decorator.py
[2025-05-20T00:01:15.336+0000] {processor.py:914} INFO - Processing file /home/airflow/.local/lib/python3.12/site-packages/airflow/example_dags/example_dag_decorator.py for tasks to queue
[2025-05-20T00:01:15.340+0000] {logging_mixin.py:190} INFO - [2025-05-20T00:01:15.339+0000] {dagbag.py:588} INFO - Filling up the DagBag from /home/airflow/.local/lib/python3.12/site-packages/airflow/example_dags/example_dag_decorator.py
[2025-05-20T00:01:15.637+0000] {processor.py:925} INFO - DAG(s) 'example_dag_decorator' retrieved from /home/airflow/.local/lib/python3.12/site-packages/airflow/example_dags/example_dag_decorator.py
[2025-05-20T00:01:15.951+0000] {logging_mixin.py:190} INFO - [2025-05-20T00:01:15.950+0000] {dag.py:3239} INFO - Sync 1 DAGs
[2025-05-20T00:01:15.981+0000] {logging_mixin.py:190} INFO - [2025-05-20T00:01:15.981+0000] {dag.py:4180} INFO - Setting next_dagrun for example_dag_decorator to None, run_after=None
[2025-05-20T00:01:16.019+0000] {processor.py:208} INFO - Processing /home/airflow/.local/lib/python3.12/site-packages/airflow/example_dags/example_dag_decorator.py took 0.696 seconds
[2025-05-20T00:01:51.166+0000] {processor.py:186} INFO - Started process (PID=6769) to work on /home/airflow/.local/lib/python3.12/site-packages/airflow/example_dags/example_dag_decorator.py
[2025-05-20T00:01:51.185+0000] {processor.py:914} INFO - Processing file /home/airflow/.local/lib/python3.12/site-packages/airflow/example_dags/example_dag_decorator.py for tasks to queue
[2025-05-20T00:01:51.192+0000] {logging_mixin.py:190} INFO - [2025-05-20T00:01:51.191+0000] {dagbag.py:588} INFO - Filling up the DagBag from /home/airflow/.local/lib/python3.12/site-packages/airflow/example_dags/example_dag_decorator.py
[2025-05-20T00:01:51.722+0000] {processor.py:925} INFO - DAG(s) 'example_dag_decorator' retrieved from /home/airflow/.local/lib/python3.12/site-packages/airflow/example_dags/example_dag_decorator.py
[2025-05-20T00:01:52.077+0000] {logging_mixin.py:190} INFO - [2025-05-20T00:01:52.070+0000] {dag.py:3239} INFO - Sync 1 DAGs
[2025-05-20T00:01:52.146+0000] {logging_mixin.py:190} INFO - [2025-05-20T00:01:52.146+0000] {dag.py:4180} INFO - Setting next_dagrun for example_dag_decorator to None, run_after=None
[2025-05-20T00:01:52.197+0000] {processor.py:208} INFO - Processing /home/airflow/.local/lib/python3.12/site-packages/airflow/example_dags/example_dag_decorator.py took 1.051 seconds
[2025-05-20T00:02:22.527+0000] {processor.py:186} INFO - Started process (PID=6833) to work on /home/airflow/.local/lib/python3.12/site-packages/airflow/example_dags/example_dag_decorator.py
[2025-05-20T00:02:22.528+0000] {processor.py:914} INFO - Processing file /home/airflow/.local/lib/python3.12/site-packages/airflow/example_dags/example_dag_decorator.py for tasks to queue
[2025-05-20T00:02:22.531+0000] {logging_mixin.py:190} INFO - [2025-05-20T00:02:22.531+0000] {dagbag.py:588} INFO - Filling up the DagBag from /home/airflow/.local/lib/python3.12/site-packages/airflow/example_dags/example_dag_decorator.py
[2025-05-20T00:02:22.694+0000] {processor.py:925} INFO - DAG(s) 'example_dag_decorator' retrieved from /home/airflow/.local/lib/python3.12/site-packages/airflow/example_dags/example_dag_decorator.py
[2025-05-20T00:02:22.875+0000] {logging_mixin.py:190} INFO - [2025-05-20T00:02:22.874+0000] {dag.py:3239} INFO - Sync 1 DAGs
[2025-05-20T00:02:22.895+0000] {logging_mixin.py:190} INFO - [2025-05-20T00:02:22.894+0000] {dag.py:4180} INFO - Setting next_dagrun for example_dag_decorator to None, run_after=None
[2025-05-20T00:02:22.936+0000] {processor.py:208} INFO - Processing /home/airflow/.local/lib/python3.12/site-packages/airflow/example_dags/example_dag_decorator.py took 0.416 seconds
[2025-05-20T00:02:55.483+0000] {processor.py:186} INFO - Started process (PID=6905) to work on /home/airflow/.local/lib/python3.12/site-packages/airflow/example_dags/example_dag_decorator.py
[2025-05-20T00:02:55.491+0000] {processor.py:914} INFO - Processing file /home/airflow/.local/lib/python3.12/site-packages/airflow/example_dags/example_dag_decorator.py for tasks to queue
[2025-05-20T00:02:55.495+0000] {logging_mixin.py:190} INFO - [2025-05-20T00:02:55.494+0000] {dagbag.py:588} INFO - Filling up the DagBag from /home/airflow/.local/lib/python3.12/site-packages/airflow/example_dags/example_dag_decorator.py
[2025-05-20T00:02:56.030+0000] {processor.py:925} INFO - DAG(s) 'example_dag_decorator' retrieved from /home/airflow/.local/lib/python3.12/site-packages/airflow/example_dags/example_dag_decorator.py
[2025-05-20T00:02:56.294+0000] {logging_mixin.py:190} INFO - [2025-05-20T00:02:56.293+0000] {dag.py:3239} INFO - Sync 1 DAGs
[2025-05-20T00:02:56.318+0000] {logging_mixin.py:190} INFO - [2025-05-20T00:02:56.318+0000] {dag.py:4180} INFO - Setting next_dagrun for example_dag_decorator to None, run_after=None
[2025-05-20T00:02:56.359+0000] {processor.py:208} INFO - Processing /home/airflow/.local/lib/python3.12/site-packages/airflow/example_dags/example_dag_decorator.py took 0.888 seconds
[2025-05-20T00:03:26.971+0000] {processor.py:186} INFO - Started process (PID=6968) to work on /home/airflow/.local/lib/python3.12/site-packages/airflow/example_dags/example_dag_decorator.py
[2025-05-20T00:03:26.972+0000] {processor.py:914} INFO - Processing file /home/airflow/.local/lib/python3.12/site-packages/airflow/example_dags/example_dag_decorator.py for tasks to queue
[2025-05-20T00:03:26.976+0000] {logging_mixin.py:190} INFO - [2025-05-20T00:03:26.975+0000] {dagbag.py:588} INFO - Filling up the DagBag from /home/airflow/.local/lib/python3.12/site-packages/airflow/example_dags/example_dag_decorator.py
[2025-05-20T00:03:27.174+0000] {processor.py:925} INFO - DAG(s) 'example_dag_decorator' retrieved from /home/airflow/.local/lib/python3.12/site-packages/airflow/example_dags/example_dag_decorator.py
[2025-05-20T00:03:27.516+0000] {logging_mixin.py:190} INFO - [2025-05-20T00:03:27.515+0000] {dag.py:3239} INFO - Sync 1 DAGs
[2025-05-20T00:03:27.539+0000] {logging_mixin.py:190} INFO - [2025-05-20T00:03:27.538+0000] {dag.py:4180} INFO - Setting next_dagrun for example_dag_decorator to None, run_after=None
[2025-05-20T00:03:27.576+0000] {processor.py:208} INFO - Processing /home/airflow/.local/lib/python3.12/site-packages/airflow/example_dags/example_dag_decorator.py took 0.616 seconds
[2025-05-20T00:04:02.286+0000] {processor.py:186} INFO - Started process (PID=7035) to work on /home/airflow/.local/lib/python3.12/site-packages/airflow/example_dags/example_dag_decorator.py
[2025-05-20T00:04:02.287+0000] {processor.py:914} INFO - Processing file /home/airflow/.local/lib/python3.12/site-packages/airflow/example_dags/example_dag_decorator.py for tasks to queue
[2025-05-20T00:04:02.292+0000] {logging_mixin.py:190} INFO - [2025-05-20T00:04:02.291+0000] {dagbag.py:588} INFO - Filling up the DagBag from /home/airflow/.local/lib/python3.12/site-packages/airflow/example_dags/example_dag_decorator.py
[2025-05-20T00:04:02.642+0000] {processor.py:925} INFO - DAG(s) 'example_dag_decorator' retrieved from /home/airflow/.local/lib/python3.12/site-packages/airflow/example_dags/example_dag_decorator.py
[2025-05-20T00:04:02.867+0000] {logging_mixin.py:190} INFO - [2025-05-20T00:04:02.866+0000] {dag.py:3239} INFO - Sync 1 DAGs
[2025-05-20T00:04:02.894+0000] {logging_mixin.py:190} INFO - [2025-05-20T00:04:02.894+0000] {dag.py:4180} INFO - Setting next_dagrun for example_dag_decorator to None, run_after=None
[2025-05-20T00:04:02.961+0000] {processor.py:208} INFO - Processing /home/airflow/.local/lib/python3.12/site-packages/airflow/example_dags/example_dag_decorator.py took 0.690 seconds
[2025-05-20T00:04:38.451+0000] {processor.py:186} INFO - Started process (PID=7102) to work on /home/airflow/.local/lib/python3.12/site-packages/airflow/example_dags/example_dag_decorator.py
[2025-05-20T00:04:38.453+0000] {processor.py:914} INFO - Processing file /home/airflow/.local/lib/python3.12/site-packages/airflow/example_dags/example_dag_decorator.py for tasks to queue
[2025-05-20T00:04:38.456+0000] {logging_mixin.py:190} INFO - [2025-05-20T00:04:38.455+0000] {dagbag.py:588} INFO - Filling up the DagBag from /home/airflow/.local/lib/python3.12/site-packages/airflow/example_dags/example_dag_decorator.py
[2025-05-20T00:04:38.677+0000] {processor.py:925} INFO - DAG(s) 'example_dag_decorator' retrieved from /home/airflow/.local/lib/python3.12/site-packages/airflow/example_dags/example_dag_decorator.py
[2025-05-20T00:04:39.124+0000] {logging_mixin.py:190} INFO - [2025-05-20T00:04:39.123+0000] {dag.py:3239} INFO - Sync 1 DAGs
[2025-05-20T00:04:39.184+0000] {logging_mixin.py:190} INFO - [2025-05-20T00:04:39.183+0000] {dag.py:4180} INFO - Setting next_dagrun for example_dag_decorator to None, run_after=None
[2025-05-20T00:04:39.233+0000] {processor.py:208} INFO - Processing /home/airflow/.local/lib/python3.12/site-packages/airflow/example_dags/example_dag_decorator.py took 0.792 seconds
[2025-05-20T00:05:09.881+0000] {processor.py:186} INFO - Started process (PID=7166) to work on /home/airflow/.local/lib/python3.12/site-packages/airflow/example_dags/example_dag_decorator.py
[2025-05-20T00:05:09.889+0000] {processor.py:914} INFO - Processing file /home/airflow/.local/lib/python3.12/site-packages/airflow/example_dags/example_dag_decorator.py for tasks to queue
[2025-05-20T00:05:09.910+0000] {logging_mixin.py:190} INFO - [2025-05-20T00:05:09.909+0000] {dagbag.py:588} INFO - Filling up the DagBag from /home/airflow/.local/lib/python3.12/site-packages/airflow/example_dags/example_dag_decorator.py
[2025-05-20T00:05:10.176+0000] {processor.py:925} INFO - DAG(s) 'example_dag_decorator' retrieved from /home/airflow/.local/lib/python3.12/site-packages/airflow/example_dags/example_dag_decorator.py
[2025-05-20T00:05:10.364+0000] {logging_mixin.py:190} INFO - [2025-05-20T00:05:10.363+0000] {dag.py:3239} INFO - Sync 1 DAGs
[2025-05-20T00:05:10.394+0000] {logging_mixin.py:190} INFO - [2025-05-20T00:05:10.393+0000] {dag.py:4180} INFO - Setting next_dagrun for example_dag_decorator to None, run_after=None
[2025-05-20T00:05:10.445+0000] {processor.py:208} INFO - Processing /home/airflow/.local/lib/python3.12/site-packages/airflow/example_dags/example_dag_decorator.py took 0.574 seconds
[2025-05-20T00:05:41.561+0000] {processor.py:186} INFO - Started process (PID=7231) to work on /home/airflow/.local/lib/python3.12/site-packages/airflow/example_dags/example_dag_decorator.py
[2025-05-20T00:05:41.563+0000] {processor.py:914} INFO - Processing file /home/airflow/.local/lib/python3.12/site-packages/airflow/example_dags/example_dag_decorator.py for tasks to queue
[2025-05-20T00:05:41.568+0000] {logging_mixin.py:190} INFO - [2025-05-20T00:05:41.567+0000] {dagbag.py:588} INFO - Filling up the DagBag from /home/airflow/.local/lib/python3.12/site-packages/airflow/example_dags/example_dag_decorator.py
[2025-05-20T00:05:41.788+0000] {processor.py:925} INFO - DAG(s) 'example_dag_decorator' retrieved from /home/airflow/.local/lib/python3.12/site-packages/airflow/example_dags/example_dag_decorator.py
[2025-05-20T00:05:42.214+0000] {logging_mixin.py:190} INFO - [2025-05-20T00:05:42.213+0000] {dag.py:3239} INFO - Sync 1 DAGs
[2025-05-20T00:05:42.464+0000] {logging_mixin.py:190} INFO - [2025-05-20T00:05:42.437+0000] {dag.py:4180} INFO - Setting next_dagrun for example_dag_decorator to None, run_after=None
[2025-05-20T00:05:42.638+0000] {processor.py:208} INFO - Processing /home/airflow/.local/lib/python3.12/site-packages/airflow/example_dags/example_dag_decorator.py took 1.093 seconds
[2025-05-20T00:06:12.952+0000] {processor.py:186} INFO - Started process (PID=7295) to work on /home/airflow/.local/lib/python3.12/site-packages/airflow/example_dags/example_dag_decorator.py
[2025-05-20T00:06:12.955+0000] {processor.py:914} INFO - Processing file /home/airflow/.local/lib/python3.12/site-packages/airflow/example_dags/example_dag_decorator.py for tasks to queue
[2025-05-20T00:06:12.958+0000] {logging_mixin.py:190} INFO - [2025-05-20T00:06:12.958+0000] {dagbag.py:588} INFO - Filling up the DagBag from /home/airflow/.local/lib/python3.12/site-packages/airflow/example_dags/example_dag_decorator.py
[2025-05-20T00:06:13.259+0000] {processor.py:925} INFO - DAG(s) 'example_dag_decorator' retrieved from /home/airflow/.local/lib/python3.12/site-packages/airflow/example_dags/example_dag_decorator.py
[2025-05-20T00:06:13.547+0000] {logging_mixin.py:190} INFO - [2025-05-20T00:06:13.546+0000] {dag.py:3239} INFO - Sync 1 DAGs
[2025-05-20T00:06:13.576+0000] {logging_mixin.py:190} INFO - [2025-05-20T00:06:13.575+0000] {dag.py:4180} INFO - Setting next_dagrun for example_dag_decorator to None, run_after=None
[2025-05-20T00:06:13.636+0000] {processor.py:208} INFO - Processing /home/airflow/.local/lib/python3.12/site-packages/airflow/example_dags/example_dag_decorator.py took 0.699 seconds
[2025-05-20T00:06:45.317+0000] {processor.py:186} INFO - Started process (PID=7359) to work on /home/airflow/.local/lib/python3.12/site-packages/airflow/example_dags/example_dag_decorator.py
[2025-05-20T00:06:45.319+0000] {processor.py:914} INFO - Processing file /home/airflow/.local/lib/python3.12/site-packages/airflow/example_dags/example_dag_decorator.py for tasks to queue
[2025-05-20T00:06:45.322+0000] {logging_mixin.py:190} INFO - [2025-05-20T00:06:45.322+0000] {dagbag.py:588} INFO - Filling up the DagBag from /home/airflow/.local/lib/python3.12/site-packages/airflow/example_dags/example_dag_decorator.py
[2025-05-20T00:06:45.571+0000] {processor.py:925} INFO - DAG(s) 'example_dag_decorator' retrieved from /home/airflow/.local/lib/python3.12/site-packages/airflow/example_dags/example_dag_decorator.py
[2025-05-20T00:06:45.912+0000] {logging_mixin.py:190} INFO - [2025-05-20T00:06:45.911+0000] {dag.py:3239} INFO - Sync 1 DAGs
[2025-05-20T00:06:45.937+0000] {logging_mixin.py:190} INFO - [2025-05-20T00:06:45.936+0000] {dag.py:4180} INFO - Setting next_dagrun for example_dag_decorator to None, run_after=None
[2025-05-20T00:06:45.971+0000] {processor.py:208} INFO - Processing /home/airflow/.local/lib/python3.12/site-packages/airflow/example_dags/example_dag_decorator.py took 0.665 seconds
[2025-05-20T00:07:16.504+0000] {processor.py:186} INFO - Started process (PID=7423) to work on /home/airflow/.local/lib/python3.12/site-packages/airflow/example_dags/example_dag_decorator.py
[2025-05-20T00:07:16.506+0000] {processor.py:914} INFO - Processing file /home/airflow/.local/lib/python3.12/site-packages/airflow/example_dags/example_dag_decorator.py for tasks to queue
[2025-05-20T00:07:16.512+0000] {logging_mixin.py:190} INFO - [2025-05-20T00:07:16.511+0000] {dagbag.py:588} INFO - Filling up the DagBag from /home/airflow/.local/lib/python3.12/site-packages/airflow/example_dags/example_dag_decorator.py
[2025-05-20T00:07:16.714+0000] {processor.py:925} INFO - DAG(s) 'example_dag_decorator' retrieved from /home/airflow/.local/lib/python3.12/site-packages/airflow/example_dags/example_dag_decorator.py
[2025-05-20T00:07:16.957+0000] {logging_mixin.py:190} INFO - [2025-05-20T00:07:16.956+0000] {dag.py:3239} INFO - Sync 1 DAGs
[2025-05-20T00:07:16.985+0000] {logging_mixin.py:190} INFO - [2025-05-20T00:07:16.984+0000] {dag.py:4180} INFO - Setting next_dagrun for example_dag_decorator to None, run_after=None
[2025-05-20T00:07:17.023+0000] {processor.py:208} INFO - Processing /home/airflow/.local/lib/python3.12/site-packages/airflow/example_dags/example_dag_decorator.py took 0.530 seconds
[2025-05-20T00:07:47.276+0000] {processor.py:186} INFO - Started process (PID=7486) to work on /home/airflow/.local/lib/python3.12/site-packages/airflow/example_dags/example_dag_decorator.py
[2025-05-20T00:07:47.277+0000] {processor.py:914} INFO - Processing file /home/airflow/.local/lib/python3.12/site-packages/airflow/example_dags/example_dag_decorator.py for tasks to queue
[2025-05-20T00:07:47.281+0000] {logging_mixin.py:190} INFO - [2025-05-20T00:07:47.280+0000] {dagbag.py:588} INFO - Filling up the DagBag from /home/airflow/.local/lib/python3.12/site-packages/airflow/example_dags/example_dag_decorator.py
[2025-05-20T00:07:47.456+0000] {processor.py:925} INFO - DAG(s) 'example_dag_decorator' retrieved from /home/airflow/.local/lib/python3.12/site-packages/airflow/example_dags/example_dag_decorator.py
[2025-05-20T00:07:47.692+0000] {logging_mixin.py:190} INFO - [2025-05-20T00:07:47.691+0000] {dag.py:3239} INFO - Sync 1 DAGs
[2025-05-20T00:07:47.725+0000] {logging_mixin.py:190} INFO - [2025-05-20T00:07:47.724+0000] {dag.py:4180} INFO - Setting next_dagrun for example_dag_decorator to None, run_after=None
[2025-05-20T00:07:47.763+0000] {processor.py:208} INFO - Processing /home/airflow/.local/lib/python3.12/site-packages/airflow/example_dags/example_dag_decorator.py took 0.496 seconds
[2025-05-20T00:08:17.899+0000] {processor.py:186} INFO - Started process (PID=7551) to work on /home/airflow/.local/lib/python3.12/site-packages/airflow/example_dags/example_dag_decorator.py
[2025-05-20T00:08:17.902+0000] {processor.py:914} INFO - Processing file /home/airflow/.local/lib/python3.12/site-packages/airflow/example_dags/example_dag_decorator.py for tasks to queue
[2025-05-20T00:08:17.905+0000] {logging_mixin.py:190} INFO - [2025-05-20T00:08:17.905+0000] {dagbag.py:588} INFO - Filling up the DagBag from /home/airflow/.local/lib/python3.12/site-packages/airflow/example_dags/example_dag_decorator.py
[2025-05-20T00:08:18.189+0000] {processor.py:925} INFO - DAG(s) 'example_dag_decorator' retrieved from /home/airflow/.local/lib/python3.12/site-packages/airflow/example_dags/example_dag_decorator.py
[2025-05-20T00:08:18.725+0000] {logging_mixin.py:190} INFO - [2025-05-20T00:08:18.724+0000] {dag.py:3239} INFO - Sync 1 DAGs
[2025-05-20T00:08:18.817+0000] {logging_mixin.py:190} INFO - [2025-05-20T00:08:18.817+0000] {dag.py:4180} INFO - Setting next_dagrun for example_dag_decorator to None, run_after=None
[2025-05-20T00:08:18.850+0000] {processor.py:208} INFO - Processing /home/airflow/.local/lib/python3.12/site-packages/airflow/example_dags/example_dag_decorator.py took 0.961 seconds
[2025-05-20T00:08:48.958+0000] {processor.py:186} INFO - Started process (PID=7613) to work on /home/airflow/.local/lib/python3.12/site-packages/airflow/example_dags/example_dag_decorator.py
[2025-05-20T00:08:48.960+0000] {processor.py:914} INFO - Processing file /home/airflow/.local/lib/python3.12/site-packages/airflow/example_dags/example_dag_decorator.py for tasks to queue
[2025-05-20T00:08:48.970+0000] {logging_mixin.py:190} INFO - [2025-05-20T00:08:48.970+0000] {dagbag.py:588} INFO - Filling up the DagBag from /home/airflow/.local/lib/python3.12/site-packages/airflow/example_dags/example_dag_decorator.py
[2025-05-20T00:08:49.258+0000] {processor.py:925} INFO - DAG(s) 'example_dag_decorator' retrieved from /home/airflow/.local/lib/python3.12/site-packages/airflow/example_dags/example_dag_decorator.py
[2025-05-20T00:08:49.619+0000] {logging_mixin.py:190} INFO - [2025-05-20T00:08:49.619+0000] {dag.py:3239} INFO - Sync 1 DAGs
[2025-05-20T00:08:49.659+0000] {logging_mixin.py:190} INFO - [2025-05-20T00:08:49.658+0000] {dag.py:4180} INFO - Setting next_dagrun for example_dag_decorator to None, run_after=None
[2025-05-20T00:08:49.706+0000] {processor.py:208} INFO - Processing /home/airflow/.local/lib/python3.12/site-packages/airflow/example_dags/example_dag_decorator.py took 0.765 seconds
[2025-05-20T00:09:22.027+0000] {processor.py:186} INFO - Started process (PID=7675) to work on /home/airflow/.local/lib/python3.12/site-packages/airflow/example_dags/example_dag_decorator.py
[2025-05-20T00:09:22.052+0000] {processor.py:914} INFO - Processing file /home/airflow/.local/lib/python3.12/site-packages/airflow/example_dags/example_dag_decorator.py for tasks to queue
[2025-05-20T00:09:22.106+0000] {logging_mixin.py:190} INFO - [2025-05-20T00:09:22.104+0000] {dagbag.py:588} INFO - Filling up the DagBag from /home/airflow/.local/lib/python3.12/site-packages/airflow/example_dags/example_dag_decorator.py
[2025-05-20T00:09:22.846+0000] {processor.py:925} INFO - DAG(s) 'example_dag_decorator' retrieved from /home/airflow/.local/lib/python3.12/site-packages/airflow/example_dags/example_dag_decorator.py
[2025-05-20T00:09:23.257+0000] {logging_mixin.py:190} INFO - [2025-05-20T00:09:23.257+0000] {dag.py:3239} INFO - Sync 1 DAGs
[2025-05-20T00:09:23.299+0000] {logging_mixin.py:190} INFO - [2025-05-20T00:09:23.298+0000] {dag.py:4180} INFO - Setting next_dagrun for example_dag_decorator to None, run_after=None
[2025-05-20T00:09:23.352+0000] {processor.py:208} INFO - Processing /home/airflow/.local/lib/python3.12/site-packages/airflow/example_dags/example_dag_decorator.py took 1.356 seconds
[2025-05-20T00:09:54.053+0000] {processor.py:186} INFO - Started process (PID=7741) to work on /home/airflow/.local/lib/python3.12/site-packages/airflow/example_dags/example_dag_decorator.py
[2025-05-20T00:09:54.055+0000] {processor.py:914} INFO - Processing file /home/airflow/.local/lib/python3.12/site-packages/airflow/example_dags/example_dag_decorator.py for tasks to queue
[2025-05-20T00:09:54.059+0000] {logging_mixin.py:190} INFO - [2025-05-20T00:09:54.058+0000] {dagbag.py:588} INFO - Filling up the DagBag from /home/airflow/.local/lib/python3.12/site-packages/airflow/example_dags/example_dag_decorator.py
[2025-05-20T00:09:54.527+0000] {processor.py:925} INFO - DAG(s) 'example_dag_decorator' retrieved from /home/airflow/.local/lib/python3.12/site-packages/airflow/example_dags/example_dag_decorator.py
[2025-05-20T00:09:54.813+0000] {logging_mixin.py:190} INFO - [2025-05-20T00:09:54.813+0000] {dag.py:3239} INFO - Sync 1 DAGs
[2025-05-20T00:09:54.846+0000] {logging_mixin.py:190} INFO - [2025-05-20T00:09:54.845+0000] {dag.py:4180} INFO - Setting next_dagrun for example_dag_decorator to None, run_after=None
[2025-05-20T00:09:54.917+0000] {processor.py:208} INFO - Processing /home/airflow/.local/lib/python3.12/site-packages/airflow/example_dags/example_dag_decorator.py took 0.875 seconds
[2025-05-20T00:10:25.122+0000] {processor.py:186} INFO - Started process (PID=7808) to work on /home/airflow/.local/lib/python3.12/site-packages/airflow/example_dags/example_dag_decorator.py
[2025-05-20T00:10:25.124+0000] {processor.py:914} INFO - Processing file /home/airflow/.local/lib/python3.12/site-packages/airflow/example_dags/example_dag_decorator.py for tasks to queue
[2025-05-20T00:10:25.129+0000] {logging_mixin.py:190} INFO - [2025-05-20T00:10:25.128+0000] {dagbag.py:588} INFO - Filling up the DagBag from /home/airflow/.local/lib/python3.12/site-packages/airflow/example_dags/example_dag_decorator.py
[2025-05-20T00:10:25.507+0000] {processor.py:925} INFO - DAG(s) 'example_dag_decorator' retrieved from /home/airflow/.local/lib/python3.12/site-packages/airflow/example_dags/example_dag_decorator.py
[2025-05-20T00:10:25.947+0000] {logging_mixin.py:190} INFO - [2025-05-20T00:10:25.947+0000] {dag.py:3239} INFO - Sync 1 DAGs
[2025-05-20T00:10:26.309+0000] {logging_mixin.py:190} INFO - [2025-05-20T00:10:26.309+0000] {dag.py:4180} INFO - Setting next_dagrun for example_dag_decorator to None, run_after=None
[2025-05-20T00:10:26.437+0000] {processor.py:208} INFO - Processing /home/airflow/.local/lib/python3.12/site-packages/airflow/example_dags/example_dag_decorator.py took 1.329 seconds
[2025-05-20T00:10:57.147+0000] {processor.py:186} INFO - Started process (PID=7880) to work on /home/airflow/.local/lib/python3.12/site-packages/airflow/example_dags/example_dag_decorator.py
[2025-05-20T00:10:57.153+0000] {processor.py:914} INFO - Processing file /home/airflow/.local/lib/python3.12/site-packages/airflow/example_dags/example_dag_decorator.py for tasks to queue
[2025-05-20T00:10:57.169+0000] {logging_mixin.py:190} INFO - [2025-05-20T00:10:57.158+0000] {dagbag.py:588} INFO - Filling up the DagBag from /home/airflow/.local/lib/python3.12/site-packages/airflow/example_dags/example_dag_decorator.py
[2025-05-20T00:10:57.446+0000] {processor.py:925} INFO - DAG(s) 'example_dag_decorator' retrieved from /home/airflow/.local/lib/python3.12/site-packages/airflow/example_dags/example_dag_decorator.py
[2025-05-20T00:10:57.858+0000] {logging_mixin.py:190} INFO - [2025-05-20T00:10:57.857+0000] {dag.py:3239} INFO - Sync 1 DAGs
[2025-05-20T00:10:57.881+0000] {logging_mixin.py:190} INFO - [2025-05-20T00:10:57.880+0000] {dag.py:4180} INFO - Setting next_dagrun for example_dag_decorator to None, run_after=None
[2025-05-20T00:10:57.914+0000] {processor.py:208} INFO - Processing /home/airflow/.local/lib/python3.12/site-packages/airflow/example_dags/example_dag_decorator.py took 0.823 seconds
[2025-05-20T00:11:29.378+0000] {processor.py:186} INFO - Started process (PID=7946) to work on /home/airflow/.local/lib/python3.12/site-packages/airflow/example_dags/example_dag_decorator.py
[2025-05-20T00:11:29.443+0000] {processor.py:914} INFO - Processing file /home/airflow/.local/lib/python3.12/site-packages/airflow/example_dags/example_dag_decorator.py for tasks to queue
[2025-05-20T00:11:29.461+0000] {logging_mixin.py:190} INFO - [2025-05-20T00:11:29.460+0000] {dagbag.py:588} INFO - Filling up the DagBag from /home/airflow/.local/lib/python3.12/site-packages/airflow/example_dags/example_dag_decorator.py
[2025-05-20T00:11:30.858+0000] {processor.py:925} INFO - DAG(s) 'example_dag_decorator' retrieved from /home/airflow/.local/lib/python3.12/site-packages/airflow/example_dags/example_dag_decorator.py
[2025-05-20T00:11:31.650+0000] {logging_mixin.py:190} INFO - [2025-05-20T00:11:31.649+0000] {dag.py:3239} INFO - Sync 1 DAGs
[2025-05-20T00:11:31.745+0000] {logging_mixin.py:190} INFO - [2025-05-20T00:11:31.745+0000] {dag.py:4180} INFO - Setting next_dagrun for example_dag_decorator to None, run_after=None
[2025-05-20T00:11:31.923+0000] {processor.py:208} INFO - Processing /home/airflow/.local/lib/python3.12/site-packages/airflow/example_dags/example_dag_decorator.py took 2.673 seconds
[2025-05-20T00:12:02.325+0000] {processor.py:186} INFO - Started process (PID=8012) to work on /home/airflow/.local/lib/python3.12/site-packages/airflow/example_dags/example_dag_decorator.py
[2025-05-20T00:12:02.328+0000] {processor.py:914} INFO - Processing file /home/airflow/.local/lib/python3.12/site-packages/airflow/example_dags/example_dag_decorator.py for tasks to queue
[2025-05-20T00:12:02.338+0000] {logging_mixin.py:190} INFO - [2025-05-20T00:12:02.338+0000] {dagbag.py:588} INFO - Filling up the DagBag from /home/airflow/.local/lib/python3.12/site-packages/airflow/example_dags/example_dag_decorator.py
[2025-05-20T00:12:03.034+0000] {processor.py:925} INFO - DAG(s) 'example_dag_decorator' retrieved from /home/airflow/.local/lib/python3.12/site-packages/airflow/example_dags/example_dag_decorator.py
[2025-05-20T00:12:03.128+0000] {logging_mixin.py:190} INFO - [2025-05-20T00:12:03.127+0000] {dag.py:3239} INFO - Sync 1 DAGs
[2025-05-20T00:12:03.207+0000] {logging_mixin.py:190} INFO - [2025-05-20T00:12:03.206+0000] {dag.py:4180} INFO - Setting next_dagrun for example_dag_decorator to None, run_after=None
[2025-05-20T00:12:03.287+0000] {processor.py:208} INFO - Processing /home/airflow/.local/lib/python3.12/site-packages/airflow/example_dags/example_dag_decorator.py took 0.997 seconds
[2025-05-20T00:12:34.622+0000] {processor.py:186} INFO - Started process (PID=8076) to work on /home/airflow/.local/lib/python3.12/site-packages/airflow/example_dags/example_dag_decorator.py
[2025-05-20T00:12:34.624+0000] {processor.py:914} INFO - Processing file /home/airflow/.local/lib/python3.12/site-packages/airflow/example_dags/example_dag_decorator.py for tasks to queue
[2025-05-20T00:12:34.640+0000] {logging_mixin.py:190} INFO - [2025-05-20T00:12:34.639+0000] {dagbag.py:588} INFO - Filling up the DagBag from /home/airflow/.local/lib/python3.12/site-packages/airflow/example_dags/example_dag_decorator.py
[2025-05-20T00:12:35.689+0000] {processor.py:925} INFO - DAG(s) 'example_dag_decorator' retrieved from /home/airflow/.local/lib/python3.12/site-packages/airflow/example_dags/example_dag_decorator.py
[2025-05-20T00:12:36.467+0000] {logging_mixin.py:190} INFO - [2025-05-20T00:12:36.466+0000] {dag.py:3239} INFO - Sync 1 DAGs
[2025-05-20T00:12:36.565+0000] {logging_mixin.py:190} INFO - [2025-05-20T00:12:36.564+0000] {dag.py:4180} INFO - Setting next_dagrun for example_dag_decorator to None, run_after=None
[2025-05-20T00:12:36.739+0000] {processor.py:208} INFO - Processing /home/airflow/.local/lib/python3.12/site-packages/airflow/example_dags/example_dag_decorator.py took 2.146 seconds
[2025-05-20T00:13:07.564+0000] {processor.py:186} INFO - Started process (PID=8141) to work on /home/airflow/.local/lib/python3.12/site-packages/airflow/example_dags/example_dag_decorator.py
[2025-05-20T00:13:07.565+0000] {processor.py:914} INFO - Processing file /home/airflow/.local/lib/python3.12/site-packages/airflow/example_dags/example_dag_decorator.py for tasks to queue
[2025-05-20T00:13:07.568+0000] {logging_mixin.py:190} INFO - [2025-05-20T00:13:07.567+0000] {dagbag.py:588} INFO - Filling up the DagBag from /home/airflow/.local/lib/python3.12/site-packages/airflow/example_dags/example_dag_decorator.py
[2025-05-20T00:13:07.734+0000] {processor.py:925} INFO - DAG(s) 'example_dag_decorator' retrieved from /home/airflow/.local/lib/python3.12/site-packages/airflow/example_dags/example_dag_decorator.py
[2025-05-20T00:13:07.926+0000] {logging_mixin.py:190} INFO - [2025-05-20T00:13:07.926+0000] {dag.py:3239} INFO - Sync 1 DAGs
[2025-05-20T00:13:07.942+0000] {logging_mixin.py:190} INFO - [2025-05-20T00:13:07.941+0000] {dag.py:4180} INFO - Setting next_dagrun for example_dag_decorator to None, run_after=None
[2025-05-20T00:13:07.967+0000] {processor.py:208} INFO - Processing /home/airflow/.local/lib/python3.12/site-packages/airflow/example_dags/example_dag_decorator.py took 0.410 seconds
[2025-05-20T00:13:38.835+0000] {processor.py:186} INFO - Started process (PID=8207) to work on /home/airflow/.local/lib/python3.12/site-packages/airflow/example_dags/example_dag_decorator.py
[2025-05-20T00:13:38.836+0000] {processor.py:914} INFO - Processing file /home/airflow/.local/lib/python3.12/site-packages/airflow/example_dags/example_dag_decorator.py for tasks to queue
[2025-05-20T00:13:38.839+0000] {logging_mixin.py:190} INFO - [2025-05-20T00:13:38.839+0000] {dagbag.py:588} INFO - Filling up the DagBag from /home/airflow/.local/lib/python3.12/site-packages/airflow/example_dags/example_dag_decorator.py
[2025-05-20T00:13:38.995+0000] {processor.py:925} INFO - DAG(s) 'example_dag_decorator' retrieved from /home/airflow/.local/lib/python3.12/site-packages/airflow/example_dags/example_dag_decorator.py
[2025-05-20T00:13:39.030+0000] {logging_mixin.py:190} INFO - [2025-05-20T00:13:39.030+0000] {dag.py:3239} INFO - Sync 1 DAGs
[2025-05-20T00:13:39.055+0000] {logging_mixin.py:190} INFO - [2025-05-20T00:13:39.055+0000] {dag.py:4180} INFO - Setting next_dagrun for example_dag_decorator to None, run_after=None
[2025-05-20T00:13:39.084+0000] {processor.py:208} INFO - Processing /home/airflow/.local/lib/python3.12/site-packages/airflow/example_dags/example_dag_decorator.py took 0.257 seconds
[2025-05-20T00:14:09.317+0000] {processor.py:186} INFO - Started process (PID=8273) to work on /home/airflow/.local/lib/python3.12/site-packages/airflow/example_dags/example_dag_decorator.py
[2025-05-20T00:14:09.318+0000] {processor.py:914} INFO - Processing file /home/airflow/.local/lib/python3.12/site-packages/airflow/example_dags/example_dag_decorator.py for tasks to queue
[2025-05-20T00:14:09.321+0000] {logging_mixin.py:190} INFO - [2025-05-20T00:14:09.320+0000] {dagbag.py:588} INFO - Filling up the DagBag from /home/airflow/.local/lib/python3.12/site-packages/airflow/example_dags/example_dag_decorator.py
[2025-05-20T00:14:09.502+0000] {processor.py:925} INFO - DAG(s) 'example_dag_decorator' retrieved from /home/airflow/.local/lib/python3.12/site-packages/airflow/example_dags/example_dag_decorator.py
[2025-05-20T00:14:10.205+0000] {logging_mixin.py:190} INFO - [2025-05-20T00:14:10.204+0000] {dag.py:3239} INFO - Sync 1 DAGs
[2025-05-20T00:14:10.241+0000] {logging_mixin.py:190} INFO - [2025-05-20T00:14:10.240+0000] {dag.py:4180} INFO - Setting next_dagrun for example_dag_decorator to None, run_after=None
[2025-05-20T00:14:10.297+0000] {processor.py:208} INFO - Processing /home/airflow/.local/lib/python3.12/site-packages/airflow/example_dags/example_dag_decorator.py took 0.988 seconds
[2025-05-20T00:14:40.727+0000] {processor.py:186} INFO - Started process (PID=8337) to work on /home/airflow/.local/lib/python3.12/site-packages/airflow/example_dags/example_dag_decorator.py
[2025-05-20T00:14:40.728+0000] {processor.py:914} INFO - Processing file /home/airflow/.local/lib/python3.12/site-packages/airflow/example_dags/example_dag_decorator.py for tasks to queue
[2025-05-20T00:14:40.732+0000] {logging_mixin.py:190} INFO - [2025-05-20T00:14:40.732+0000] {dagbag.py:588} INFO - Filling up the DagBag from /home/airflow/.local/lib/python3.12/site-packages/airflow/example_dags/example_dag_decorator.py
[2025-05-20T00:14:41.082+0000] {processor.py:925} INFO - DAG(s) 'example_dag_decorator' retrieved from /home/airflow/.local/lib/python3.12/site-packages/airflow/example_dags/example_dag_decorator.py
[2025-05-20T00:14:41.869+0000] {logging_mixin.py:190} INFO - [2025-05-20T00:14:41.868+0000] {dag.py:3239} INFO - Sync 1 DAGs
[2025-05-20T00:14:41.906+0000] {logging_mixin.py:190} INFO - [2025-05-20T00:14:41.906+0000] {dag.py:4180} INFO - Setting next_dagrun for example_dag_decorator to None, run_after=None
[2025-05-20T00:14:41.965+0000] {processor.py:208} INFO - Processing /home/airflow/.local/lib/python3.12/site-packages/airflow/example_dags/example_dag_decorator.py took 1.245 seconds
[2025-05-20T00:15:12.424+0000] {processor.py:186} INFO - Started process (PID=8402) to work on /home/airflow/.local/lib/python3.12/site-packages/airflow/example_dags/example_dag_decorator.py
[2025-05-20T00:15:12.426+0000] {processor.py:914} INFO - Processing file /home/airflow/.local/lib/python3.12/site-packages/airflow/example_dags/example_dag_decorator.py for tasks to queue
[2025-05-20T00:15:12.430+0000] {logging_mixin.py:190} INFO - [2025-05-20T00:15:12.429+0000] {dagbag.py:588} INFO - Filling up the DagBag from /home/airflow/.local/lib/python3.12/site-packages/airflow/example_dags/example_dag_decorator.py
[2025-05-20T00:15:12.627+0000] {processor.py:925} INFO - DAG(s) 'example_dag_decorator' retrieved from /home/airflow/.local/lib/python3.12/site-packages/airflow/example_dags/example_dag_decorator.py
[2025-05-20T00:15:13.173+0000] {logging_mixin.py:190} INFO - [2025-05-20T00:15:13.173+0000] {dag.py:3239} INFO - Sync 1 DAGs
[2025-05-20T00:15:13.201+0000] {logging_mixin.py:190} INFO - [2025-05-20T00:15:13.200+0000] {dag.py:4180} INFO - Setting next_dagrun for example_dag_decorator to None, run_after=None
[2025-05-20T00:15:13.238+0000] {processor.py:208} INFO - Processing /home/airflow/.local/lib/python3.12/site-packages/airflow/example_dags/example_dag_decorator.py took 0.824 seconds
[2025-05-20T00:15:43.343+0000] {processor.py:186} INFO - Started process (PID=8469) to work on /home/airflow/.local/lib/python3.12/site-packages/airflow/example_dags/example_dag_decorator.py
[2025-05-20T00:15:43.344+0000] {processor.py:914} INFO - Processing file /home/airflow/.local/lib/python3.12/site-packages/airflow/example_dags/example_dag_decorator.py for tasks to queue
[2025-05-20T00:15:43.350+0000] {logging_mixin.py:190} INFO - [2025-05-20T00:15:43.349+0000] {dagbag.py:588} INFO - Filling up the DagBag from /home/airflow/.local/lib/python3.12/site-packages/airflow/example_dags/example_dag_decorator.py
[2025-05-20T00:15:43.528+0000] {processor.py:925} INFO - DAG(s) 'example_dag_decorator' retrieved from /home/airflow/.local/lib/python3.12/site-packages/airflow/example_dags/example_dag_decorator.py
[2025-05-20T00:15:44.231+0000] {logging_mixin.py:190} INFO - [2025-05-20T00:15:44.231+0000] {dag.py:3239} INFO - Sync 1 DAGs
[2025-05-20T00:15:44.261+0000] {logging_mixin.py:190} INFO - [2025-05-20T00:15:44.260+0000] {dag.py:4180} INFO - Setting next_dagrun for example_dag_decorator to None, run_after=None
[2025-05-20T00:15:44.293+0000] {processor.py:208} INFO - Processing /home/airflow/.local/lib/python3.12/site-packages/airflow/example_dags/example_dag_decorator.py took 0.959 seconds
[2025-05-20T00:16:14.561+0000] {processor.py:186} INFO - Started process (PID=8530) to work on /home/airflow/.local/lib/python3.12/site-packages/airflow/example_dags/example_dag_decorator.py
[2025-05-20T00:16:14.563+0000] {processor.py:914} INFO - Processing file /home/airflow/.local/lib/python3.12/site-packages/airflow/example_dags/example_dag_decorator.py for tasks to queue
[2025-05-20T00:16:14.566+0000] {logging_mixin.py:190} INFO - [2025-05-20T00:16:14.565+0000] {dagbag.py:588} INFO - Filling up the DagBag from /home/airflow/.local/lib/python3.12/site-packages/airflow/example_dags/example_dag_decorator.py
[2025-05-20T00:16:14.777+0000] {processor.py:925} INFO - DAG(s) 'example_dag_decorator' retrieved from /home/airflow/.local/lib/python3.12/site-packages/airflow/example_dags/example_dag_decorator.py
[2025-05-20T00:16:15.464+0000] {logging_mixin.py:190} INFO - [2025-05-20T00:16:15.464+0000] {dag.py:3239} INFO - Sync 1 DAGs
[2025-05-20T00:16:15.484+0000] {logging_mixin.py:190} INFO - [2025-05-20T00:16:15.484+0000] {dag.py:4180} INFO - Setting next_dagrun for example_dag_decorator to None, run_after=None
[2025-05-20T00:16:15.541+0000] {processor.py:208} INFO - Processing /home/airflow/.local/lib/python3.12/site-packages/airflow/example_dags/example_dag_decorator.py took 0.997 seconds
[2025-05-20T00:16:46.196+0000] {processor.py:186} INFO - Started process (PID=8594) to work on /home/airflow/.local/lib/python3.12/site-packages/airflow/example_dags/example_dag_decorator.py
[2025-05-20T00:16:46.198+0000] {processor.py:914} INFO - Processing file /home/airflow/.local/lib/python3.12/site-packages/airflow/example_dags/example_dag_decorator.py for tasks to queue
[2025-05-20T00:16:46.204+0000] {logging_mixin.py:190} INFO - [2025-05-20T00:16:46.203+0000] {dagbag.py:588} INFO - Filling up the DagBag from /home/airflow/.local/lib/python3.12/site-packages/airflow/example_dags/example_dag_decorator.py
[2025-05-20T00:16:46.400+0000] {processor.py:925} INFO - DAG(s) 'example_dag_decorator' retrieved from /home/airflow/.local/lib/python3.12/site-packages/airflow/example_dags/example_dag_decorator.py
[2025-05-20T00:16:46.967+0000] {logging_mixin.py:190} INFO - [2025-05-20T00:16:46.965+0000] {dag.py:3239} INFO - Sync 1 DAGs
[2025-05-20T00:16:47.005+0000] {logging_mixin.py:190} INFO - [2025-05-20T00:16:47.005+0000] {dag.py:4180} INFO - Setting next_dagrun for example_dag_decorator to None, run_after=None
[2025-05-20T00:16:47.046+0000] {processor.py:208} INFO - Processing /home/airflow/.local/lib/python3.12/site-packages/airflow/example_dags/example_dag_decorator.py took 0.868 seconds
[2025-05-20T00:17:17.382+0000] {processor.py:186} INFO - Started process (PID=8659) to work on /home/airflow/.local/lib/python3.12/site-packages/airflow/example_dags/example_dag_decorator.py
[2025-05-20T00:17:17.384+0000] {processor.py:914} INFO - Processing file /home/airflow/.local/lib/python3.12/site-packages/airflow/example_dags/example_dag_decorator.py for tasks to queue
[2025-05-20T00:17:17.388+0000] {logging_mixin.py:190} INFO - [2025-05-20T00:17:17.388+0000] {dagbag.py:588} INFO - Filling up the DagBag from /home/airflow/.local/lib/python3.12/site-packages/airflow/example_dags/example_dag_decorator.py
[2025-05-20T00:17:17.613+0000] {processor.py:925} INFO - DAG(s) 'example_dag_decorator' retrieved from /home/airflow/.local/lib/python3.12/site-packages/airflow/example_dags/example_dag_decorator.py
[2025-05-20T00:17:18.379+0000] {logging_mixin.py:190} INFO - [2025-05-20T00:17:18.379+0000] {dag.py:3239} INFO - Sync 1 DAGs
[2025-05-20T00:17:18.405+0000] {logging_mixin.py:190} INFO - [2025-05-20T00:17:18.405+0000] {dag.py:4180} INFO - Setting next_dagrun for example_dag_decorator to None, run_after=None
[2025-05-20T00:17:18.484+0000] {processor.py:208} INFO - Processing /home/airflow/.local/lib/python3.12/site-packages/airflow/example_dags/example_dag_decorator.py took 1.097 seconds
[2025-05-20T00:17:49.623+0000] {processor.py:186} INFO - Started process (PID=8717) to work on /home/airflow/.local/lib/python3.12/site-packages/airflow/example_dags/example_dag_decorator.py
[2025-05-20T00:17:49.625+0000] {processor.py:914} INFO - Processing file /home/airflow/.local/lib/python3.12/site-packages/airflow/example_dags/example_dag_decorator.py for tasks to queue
[2025-05-20T00:17:49.628+0000] {logging_mixin.py:190} INFO - [2025-05-20T00:17:49.628+0000] {dagbag.py:588} INFO - Filling up the DagBag from /home/airflow/.local/lib/python3.12/site-packages/airflow/example_dags/example_dag_decorator.py
[2025-05-20T00:17:49.946+0000] {processor.py:925} INFO - DAG(s) 'example_dag_decorator' retrieved from /home/airflow/.local/lib/python3.12/site-packages/airflow/example_dags/example_dag_decorator.py
[2025-05-20T00:17:50.487+0000] {logging_mixin.py:190} INFO - [2025-05-20T00:17:50.486+0000] {dag.py:3239} INFO - Sync 1 DAGs
[2025-05-20T00:17:50.506+0000] {logging_mixin.py:190} INFO - [2025-05-20T00:17:50.505+0000] {dag.py:4180} INFO - Setting next_dagrun for example_dag_decorator to None, run_after=None
[2025-05-20T00:17:50.537+0000] {processor.py:208} INFO - Processing /home/airflow/.local/lib/python3.12/site-packages/airflow/example_dags/example_dag_decorator.py took 0.924 seconds
[2025-05-20T00:18:21.009+0000] {processor.py:186} INFO - Started process (PID=8781) to work on /home/airflow/.local/lib/python3.12/site-packages/airflow/example_dags/example_dag_decorator.py
[2025-05-20T00:18:21.010+0000] {processor.py:914} INFO - Processing file /home/airflow/.local/lib/python3.12/site-packages/airflow/example_dags/example_dag_decorator.py for tasks to queue
[2025-05-20T00:18:21.014+0000] {logging_mixin.py:190} INFO - [2025-05-20T00:18:21.014+0000] {dagbag.py:588} INFO - Filling up the DagBag from /home/airflow/.local/lib/python3.12/site-packages/airflow/example_dags/example_dag_decorator.py
[2025-05-20T00:18:21.510+0000] {processor.py:925} INFO - DAG(s) 'example_dag_decorator' retrieved from /home/airflow/.local/lib/python3.12/site-packages/airflow/example_dags/example_dag_decorator.py
[2025-05-20T00:18:21.551+0000] {logging_mixin.py:190} INFO - [2025-05-20T00:18:21.550+0000] {dag.py:3239} INFO - Sync 1 DAGs
[2025-05-20T00:18:21.929+0000] {logging_mixin.py:190} INFO - [2025-05-20T00:18:21.928+0000] {dag.py:4180} INFO - Setting next_dagrun for example_dag_decorator to None, run_after=None
[2025-05-20T00:18:21.984+0000] {processor.py:208} INFO - Processing /home/airflow/.local/lib/python3.12/site-packages/airflow/example_dags/example_dag_decorator.py took 0.987 seconds
[2025-05-20T00:18:52.656+0000] {processor.py:186} INFO - Started process (PID=8844) to work on /home/airflow/.local/lib/python3.12/site-packages/airflow/example_dags/example_dag_decorator.py
[2025-05-20T00:18:52.657+0000] {processor.py:914} INFO - Processing file /home/airflow/.local/lib/python3.12/site-packages/airflow/example_dags/example_dag_decorator.py for tasks to queue
[2025-05-20T00:18:52.662+0000] {logging_mixin.py:190} INFO - [2025-05-20T00:18:52.662+0000] {dagbag.py:588} INFO - Filling up the DagBag from /home/airflow/.local/lib/python3.12/site-packages/airflow/example_dags/example_dag_decorator.py
[2025-05-20T00:18:53.376+0000] {processor.py:925} INFO - DAG(s) 'example_dag_decorator' retrieved from /home/airflow/.local/lib/python3.12/site-packages/airflow/example_dags/example_dag_decorator.py
[2025-05-20T00:18:53.802+0000] {logging_mixin.py:190} INFO - [2025-05-20T00:18:53.801+0000] {dag.py:3239} INFO - Sync 1 DAGs
[2025-05-20T00:18:53.864+0000] {logging_mixin.py:190} INFO - [2025-05-20T00:18:53.863+0000] {dag.py:4180} INFO - Setting next_dagrun for example_dag_decorator to None, run_after=None
[2025-05-20T00:18:53.929+0000] {processor.py:208} INFO - Processing /home/airflow/.local/lib/python3.12/site-packages/airflow/example_dags/example_dag_decorator.py took 1.283 seconds
[2025-05-20T00:19:24.565+0000] {processor.py:186} INFO - Started process (PID=8909) to work on /home/airflow/.local/lib/python3.12/site-packages/airflow/example_dags/example_dag_decorator.py
[2025-05-20T00:19:24.567+0000] {processor.py:914} INFO - Processing file /home/airflow/.local/lib/python3.12/site-packages/airflow/example_dags/example_dag_decorator.py for tasks to queue
[2025-05-20T00:19:24.573+0000] {logging_mixin.py:190} INFO - [2025-05-20T00:19:24.572+0000] {dagbag.py:588} INFO - Filling up the DagBag from /home/airflow/.local/lib/python3.12/site-packages/airflow/example_dags/example_dag_decorator.py
[2025-05-20T00:19:25.309+0000] {processor.py:925} INFO - DAG(s) 'example_dag_decorator' retrieved from /home/airflow/.local/lib/python3.12/site-packages/airflow/example_dags/example_dag_decorator.py
[2025-05-20T00:19:25.530+0000] {logging_mixin.py:190} INFO - [2025-05-20T00:19:25.529+0000] {dag.py:3239} INFO - Sync 1 DAGs
[2025-05-20T00:19:25.559+0000] {logging_mixin.py:190} INFO - [2025-05-20T00:19:25.559+0000] {dag.py:4180} INFO - Setting next_dagrun for example_dag_decorator to None, run_after=None
[2025-05-20T00:19:25.600+0000] {processor.py:208} INFO - Processing /home/airflow/.local/lib/python3.12/site-packages/airflow/example_dags/example_dag_decorator.py took 1.048 seconds
[2025-05-20T00:19:56.271+0000] {processor.py:186} INFO - Started process (PID=8976) to work on /home/airflow/.local/lib/python3.12/site-packages/airflow/example_dags/example_dag_decorator.py
[2025-05-20T00:19:56.300+0000] {processor.py:914} INFO - Processing file /home/airflow/.local/lib/python3.12/site-packages/airflow/example_dags/example_dag_decorator.py for tasks to queue
[2025-05-20T00:19:56.328+0000] {logging_mixin.py:190} INFO - [2025-05-20T00:19:56.327+0000] {dagbag.py:588} INFO - Filling up the DagBag from /home/airflow/.local/lib/python3.12/site-packages/airflow/example_dags/example_dag_decorator.py
[2025-05-20T00:19:57.205+0000] {processor.py:925} INFO - DAG(s) 'example_dag_decorator' retrieved from /home/airflow/.local/lib/python3.12/site-packages/airflow/example_dags/example_dag_decorator.py
[2025-05-20T00:19:57.557+0000] {logging_mixin.py:190} INFO - [2025-05-20T00:19:57.557+0000] {dag.py:3239} INFO - Sync 1 DAGs
[2025-05-20T00:19:57.646+0000] {logging_mixin.py:190} INFO - [2025-05-20T00:19:57.646+0000] {dag.py:4180} INFO - Setting next_dagrun for example_dag_decorator to None, run_after=None
[2025-05-20T00:19:57.733+0000] {processor.py:208} INFO - Processing /home/airflow/.local/lib/python3.12/site-packages/airflow/example_dags/example_dag_decorator.py took 1.478 seconds
[2025-05-20T00:20:28.469+0000] {processor.py:186} INFO - Started process (PID=9043) to work on /home/airflow/.local/lib/python3.12/site-packages/airflow/example_dags/example_dag_decorator.py
[2025-05-20T00:20:28.482+0000] {processor.py:914} INFO - Processing file /home/airflow/.local/lib/python3.12/site-packages/airflow/example_dags/example_dag_decorator.py for tasks to queue
[2025-05-20T00:20:28.487+0000] {logging_mixin.py:190} INFO - [2025-05-20T00:20:28.486+0000] {dagbag.py:588} INFO - Filling up the DagBag from /home/airflow/.local/lib/python3.12/site-packages/airflow/example_dags/example_dag_decorator.py
[2025-05-20T00:20:28.914+0000] {processor.py:925} INFO - DAG(s) 'example_dag_decorator' retrieved from /home/airflow/.local/lib/python3.12/site-packages/airflow/example_dags/example_dag_decorator.py
[2025-05-20T00:20:29.107+0000] {logging_mixin.py:190} INFO - [2025-05-20T00:20:29.106+0000] {dag.py:3239} INFO - Sync 1 DAGs
[2025-05-20T00:20:29.136+0000] {logging_mixin.py:190} INFO - [2025-05-20T00:20:29.136+0000] {dag.py:4180} INFO - Setting next_dagrun for example_dag_decorator to None, run_after=None
[2025-05-20T00:20:29.164+0000] {processor.py:208} INFO - Processing /home/airflow/.local/lib/python3.12/site-packages/airflow/example_dags/example_dag_decorator.py took 0.717 seconds
[2025-05-20T00:21:00.899+0000] {processor.py:186} INFO - Started process (PID=9108) to work on /home/airflow/.local/lib/python3.12/site-packages/airflow/example_dags/example_dag_decorator.py
[2025-05-20T00:21:00.914+0000] {processor.py:914} INFO - Processing file /home/airflow/.local/lib/python3.12/site-packages/airflow/example_dags/example_dag_decorator.py for tasks to queue
[2025-05-20T00:21:00.925+0000] {logging_mixin.py:190} INFO - [2025-05-20T00:21:00.925+0000] {dagbag.py:588} INFO - Filling up the DagBag from /home/airflow/.local/lib/python3.12/site-packages/airflow/example_dags/example_dag_decorator.py
[2025-05-20T00:21:02.108+0000] {processor.py:925} INFO - DAG(s) 'example_dag_decorator' retrieved from /home/airflow/.local/lib/python3.12/site-packages/airflow/example_dags/example_dag_decorator.py
[2025-05-20T00:21:02.343+0000] {logging_mixin.py:190} INFO - [2025-05-20T00:21:02.343+0000] {dag.py:3239} INFO - Sync 1 DAGs
[2025-05-20T00:21:02.363+0000] {logging_mixin.py:190} INFO - [2025-05-20T00:21:02.363+0000] {dag.py:4180} INFO - Setting next_dagrun for example_dag_decorator to None, run_after=None
[2025-05-20T00:21:02.410+0000] {processor.py:208} INFO - Processing /home/airflow/.local/lib/python3.12/site-packages/airflow/example_dags/example_dag_decorator.py took 1.533 seconds
[2025-05-20T00:21:32.723+0000] {processor.py:186} INFO - Started process (PID=9176) to work on /home/airflow/.local/lib/python3.12/site-packages/airflow/example_dags/example_dag_decorator.py
[2025-05-20T00:21:32.739+0000] {processor.py:914} INFO - Processing file /home/airflow/.local/lib/python3.12/site-packages/airflow/example_dags/example_dag_decorator.py for tasks to queue
[2025-05-20T00:21:32.750+0000] {logging_mixin.py:190} INFO - [2025-05-20T00:21:32.749+0000] {dagbag.py:588} INFO - Filling up the DagBag from /home/airflow/.local/lib/python3.12/site-packages/airflow/example_dags/example_dag_decorator.py
[2025-05-20T00:21:33.920+0000] {processor.py:925} INFO - DAG(s) 'example_dag_decorator' retrieved from /home/airflow/.local/lib/python3.12/site-packages/airflow/example_dags/example_dag_decorator.py
[2025-05-20T00:21:34.442+0000] {logging_mixin.py:190} INFO - [2025-05-20T00:21:34.442+0000] {dag.py:3239} INFO - Sync 1 DAGs
[2025-05-20T00:21:34.467+0000] {logging_mixin.py:190} INFO - [2025-05-20T00:21:34.467+0000] {dag.py:4180} INFO - Setting next_dagrun for example_dag_decorator to None, run_after=None
[2025-05-20T00:21:34.533+0000] {processor.py:208} INFO - Processing /home/airflow/.local/lib/python3.12/site-packages/airflow/example_dags/example_dag_decorator.py took 1.828 seconds
