[2025-05-20T00:00:24.140+0000] {processor.py:186} INFO - Started process (PID=6605) to work on /home/airflow/.local/lib/python3.12/site-packages/airflow/example_dags/example_branch_operator.py
[2025-05-20T00:00:24.143+0000] {processor.py:914} INFO - Processing file /home/airflow/.local/lib/python3.12/site-packages/airflow/example_dags/example_branch_operator.py for tasks to queue
[2025-05-20T00:00:24.148+0000] {logging_mixin.py:190} INFO - [2025-05-20T00:00:24.147+0000] {dagbag.py:588} INFO - Filling up the DagBag from /home/airflow/.local/lib/python3.12/site-packages/airflow/example_dags/example_branch_operator.py
[2025-05-20T00:00:24.188+0000] {processor.py:925} INFO - DAG(s) 'example_branch_operator' retrieved from /home/airflow/.local/lib/python3.12/site-packages/airflow/example_dags/example_branch_operator.py
[2025-05-20T00:00:24.252+0000] {logging_mixin.py:190} INFO - [2025-05-20T00:00:24.251+0000] {dag.py:3239} INFO - Sync 1 DAGs
[2025-05-20T00:00:24.324+0000] {logging_mixin.py:190} INFO - [2025-05-20T00:00:24.324+0000] {dag.py:4180} INFO - Setting next_dagrun for example_branch_operator to 2025-05-19 00:00:00+00:00, run_after=2025-05-20 00:00:00+00:00
[2025-05-20T00:00:24.426+0000] {processor.py:208} INFO - Processing /home/airflow/.local/lib/python3.12/site-packages/airflow/example_dags/example_branch_operator.py took 0.299 seconds
[2025-05-20T00:00:54.662+0000] {processor.py:186} INFO - Started process (PID=6669) to work on /home/airflow/.local/lib/python3.12/site-packages/airflow/example_dags/example_branch_operator.py
[2025-05-20T00:00:54.663+0000] {processor.py:914} INFO - Processing file /home/airflow/.local/lib/python3.12/site-packages/airflow/example_dags/example_branch_operator.py for tasks to queue
[2025-05-20T00:00:54.667+0000] {logging_mixin.py:190} INFO - [2025-05-20T00:00:54.667+0000] {dagbag.py:588} INFO - Filling up the DagBag from /home/airflow/.local/lib/python3.12/site-packages/airflow/example_dags/example_branch_operator.py
[2025-05-20T00:00:54.702+0000] {processor.py:925} INFO - DAG(s) 'example_branch_operator' retrieved from /home/airflow/.local/lib/python3.12/site-packages/airflow/example_dags/example_branch_operator.py
[2025-05-20T00:00:54.893+0000] {logging_mixin.py:190} INFO - [2025-05-20T00:00:54.892+0000] {dag.py:3239} INFO - Sync 1 DAGs
[2025-05-20T00:00:55.022+0000] {logging_mixin.py:190} INFO - [2025-05-20T00:00:55.022+0000] {dag.py:4180} INFO - Setting next_dagrun for example_branch_operator to 2025-05-19 00:00:00+00:00, run_after=2025-05-20 00:00:00+00:00
[2025-05-20T00:00:55.056+0000] {processor.py:208} INFO - Processing /home/airflow/.local/lib/python3.12/site-packages/airflow/example_dags/example_branch_operator.py took 0.413 seconds
[2025-05-20T00:01:25.632+0000] {processor.py:186} INFO - Started process (PID=6734) to work on /home/airflow/.local/lib/python3.12/site-packages/airflow/example_dags/example_branch_operator.py
[2025-05-20T00:01:25.633+0000] {processor.py:914} INFO - Processing file /home/airflow/.local/lib/python3.12/site-packages/airflow/example_dags/example_branch_operator.py for tasks to queue
[2025-05-20T00:01:25.637+0000] {logging_mixin.py:190} INFO - [2025-05-20T00:01:25.636+0000] {dagbag.py:588} INFO - Filling up the DagBag from /home/airflow/.local/lib/python3.12/site-packages/airflow/example_dags/example_branch_operator.py
[2025-05-20T00:01:25.668+0000] {processor.py:925} INFO - DAG(s) 'example_branch_operator' retrieved from /home/airflow/.local/lib/python3.12/site-packages/airflow/example_dags/example_branch_operator.py
[2025-05-20T00:01:25.713+0000] {logging_mixin.py:190} INFO - [2025-05-20T00:01:25.713+0000] {dag.py:3239} INFO - Sync 1 DAGs
[2025-05-20T00:01:25.747+0000] {logging_mixin.py:190} INFO - [2025-05-20T00:01:25.747+0000] {dag.py:4180} INFO - Setting next_dagrun for example_branch_operator to 2025-05-19 00:00:00+00:00, run_after=2025-05-20 00:00:00+00:00
[2025-05-20T00:01:25.788+0000] {processor.py:208} INFO - Processing /home/airflow/.local/lib/python3.12/site-packages/airflow/example_dags/example_branch_operator.py took 0.167 seconds
[2025-05-20T00:02:01.135+0000] {processor.py:186} INFO - Started process (PID=6798) to work on /home/airflow/.local/lib/python3.12/site-packages/airflow/example_dags/example_branch_operator.py
[2025-05-20T00:02:01.137+0000] {processor.py:914} INFO - Processing file /home/airflow/.local/lib/python3.12/site-packages/airflow/example_dags/example_branch_operator.py for tasks to queue
[2025-05-20T00:02:01.143+0000] {logging_mixin.py:190} INFO - [2025-05-20T00:02:01.142+0000] {dagbag.py:588} INFO - Filling up the DagBag from /home/airflow/.local/lib/python3.12/site-packages/airflow/example_dags/example_branch_operator.py
[2025-05-20T00:02:01.193+0000] {processor.py:925} INFO - DAG(s) 'example_branch_operator' retrieved from /home/airflow/.local/lib/python3.12/site-packages/airflow/example_dags/example_branch_operator.py
[2025-05-20T00:02:01.306+0000] {logging_mixin.py:190} INFO - [2025-05-20T00:02:01.305+0000] {dag.py:3239} INFO - Sync 1 DAGs
[2025-05-20T00:02:01.409+0000] {logging_mixin.py:190} INFO - [2025-05-20T00:02:01.408+0000] {dag.py:4180} INFO - Setting next_dagrun for example_branch_operator to 2025-05-19 00:00:00+00:00, run_after=2025-05-20 00:00:00+00:00
[2025-05-20T00:02:01.559+0000] {processor.py:208} INFO - Processing /home/airflow/.local/lib/python3.12/site-packages/airflow/example_dags/example_branch_operator.py took 0.438 seconds
[2025-05-20T00:02:32.870+0000] {processor.py:186} INFO - Started process (PID=6862) to work on /home/airflow/.local/lib/python3.12/site-packages/airflow/example_dags/example_branch_operator.py
[2025-05-20T00:02:32.872+0000] {processor.py:914} INFO - Processing file /home/airflow/.local/lib/python3.12/site-packages/airflow/example_dags/example_branch_operator.py for tasks to queue
[2025-05-20T00:02:32.876+0000] {logging_mixin.py:190} INFO - [2025-05-20T00:02:32.875+0000] {dagbag.py:588} INFO - Filling up the DagBag from /home/airflow/.local/lib/python3.12/site-packages/airflow/example_dags/example_branch_operator.py
[2025-05-20T00:02:32.914+0000] {processor.py:925} INFO - DAG(s) 'example_branch_operator' retrieved from /home/airflow/.local/lib/python3.12/site-packages/airflow/example_dags/example_branch_operator.py
[2025-05-20T00:02:32.968+0000] {logging_mixin.py:190} INFO - [2025-05-20T00:02:32.968+0000] {dag.py:3239} INFO - Sync 1 DAGs
[2025-05-20T00:02:33.019+0000] {logging_mixin.py:190} INFO - [2025-05-20T00:02:33.018+0000] {dag.py:4180} INFO - Setting next_dagrun for example_branch_operator to 2025-05-19 00:00:00+00:00, run_after=2025-05-20 00:00:00+00:00
[2025-05-20T00:02:33.063+0000] {processor.py:208} INFO - Processing /home/airflow/.local/lib/python3.12/site-packages/airflow/example_dags/example_branch_operator.py took 0.204 seconds
[2025-05-20T00:03:03.754+0000] {processor.py:186} INFO - Started process (PID=6925) to work on /home/airflow/.local/lib/python3.12/site-packages/airflow/example_dags/example_branch_operator.py
[2025-05-20T00:03:03.755+0000] {processor.py:914} INFO - Processing file /home/airflow/.local/lib/python3.12/site-packages/airflow/example_dags/example_branch_operator.py for tasks to queue
[2025-05-20T00:03:03.758+0000] {logging_mixin.py:190} INFO - [2025-05-20T00:03:03.757+0000] {dagbag.py:588} INFO - Filling up the DagBag from /home/airflow/.local/lib/python3.12/site-packages/airflow/example_dags/example_branch_operator.py
[2025-05-20T00:03:03.787+0000] {processor.py:925} INFO - DAG(s) 'example_branch_operator' retrieved from /home/airflow/.local/lib/python3.12/site-packages/airflow/example_dags/example_branch_operator.py
[2025-05-20T00:03:03.827+0000] {logging_mixin.py:190} INFO - [2025-05-20T00:03:03.827+0000] {dag.py:3239} INFO - Sync 1 DAGs
[2025-05-20T00:03:03.864+0000] {logging_mixin.py:190} INFO - [2025-05-20T00:03:03.863+0000] {dag.py:4180} INFO - Setting next_dagrun for example_branch_operator to 2025-05-19 00:00:00+00:00, run_after=2025-05-20 00:00:00+00:00
[2025-05-20T00:03:03.932+0000] {processor.py:208} INFO - Processing /home/airflow/.local/lib/python3.12/site-packages/airflow/example_dags/example_branch_operator.py took 0.186 seconds
[2025-05-20T00:03:34.530+0000] {processor.py:186} INFO - Started process (PID=6988) to work on /home/airflow/.local/lib/python3.12/site-packages/airflow/example_dags/example_branch_operator.py
[2025-05-20T00:03:34.531+0000] {processor.py:914} INFO - Processing file /home/airflow/.local/lib/python3.12/site-packages/airflow/example_dags/example_branch_operator.py for tasks to queue
[2025-05-20T00:03:34.534+0000] {logging_mixin.py:190} INFO - [2025-05-20T00:03:34.534+0000] {dagbag.py:588} INFO - Filling up the DagBag from /home/airflow/.local/lib/python3.12/site-packages/airflow/example_dags/example_branch_operator.py
[2025-05-20T00:03:34.561+0000] {processor.py:925} INFO - DAG(s) 'example_branch_operator' retrieved from /home/airflow/.local/lib/python3.12/site-packages/airflow/example_dags/example_branch_operator.py
[2025-05-20T00:03:34.607+0000] {logging_mixin.py:190} INFO - [2025-05-20T00:03:34.607+0000] {dag.py:3239} INFO - Sync 1 DAGs
[2025-05-20T00:03:34.645+0000] {logging_mixin.py:190} INFO - [2025-05-20T00:03:34.645+0000] {dag.py:4180} INFO - Setting next_dagrun for example_branch_operator to 2025-05-19 00:00:00+00:00, run_after=2025-05-20 00:00:00+00:00
[2025-05-20T00:03:34.686+0000] {processor.py:208} INFO - Processing /home/airflow/.local/lib/python3.12/site-packages/airflow/example_dags/example_branch_operator.py took 0.163 seconds
[2025-05-20T00:04:06.997+0000] {processor.py:186} INFO - Started process (PID=7054) to work on /home/airflow/.local/lib/python3.12/site-packages/airflow/example_dags/example_branch_operator.py
[2025-05-20T00:04:07.001+0000] {processor.py:914} INFO - Processing file /home/airflow/.local/lib/python3.12/site-packages/airflow/example_dags/example_branch_operator.py for tasks to queue
[2025-05-20T00:04:07.006+0000] {logging_mixin.py:190} INFO - [2025-05-20T00:04:07.005+0000] {dagbag.py:588} INFO - Filling up the DagBag from /home/airflow/.local/lib/python3.12/site-packages/airflow/example_dags/example_branch_operator.py
[2025-05-20T00:04:07.052+0000] {processor.py:925} INFO - DAG(s) 'example_branch_operator' retrieved from /home/airflow/.local/lib/python3.12/site-packages/airflow/example_dags/example_branch_operator.py
[2025-05-20T00:04:07.126+0000] {logging_mixin.py:190} INFO - [2025-05-20T00:04:07.125+0000] {dag.py:3239} INFO - Sync 1 DAGs
[2025-05-20T00:04:07.191+0000] {logging_mixin.py:190} INFO - [2025-05-20T00:04:07.191+0000] {dag.py:4180} INFO - Setting next_dagrun for example_branch_operator to 2025-05-19 00:00:00+00:00, run_after=2025-05-20 00:00:00+00:00
[2025-05-20T00:04:07.238+0000] {processor.py:208} INFO - Processing /home/airflow/.local/lib/python3.12/site-packages/airflow/example_dags/example_branch_operator.py took 0.253 seconds
