[2025-05-20T00:00:01.656+0000] {processor.py:186} INFO - Started process (PID=6554) to work on /home/airflow/.local/lib/python3.12/site-packages/airflow/example_dags/example_local_kubernetes_executor.py
[2025-05-20T00:00:01.660+0000] {processor.py:914} INFO - Processing file /home/airflow/.local/lib/python3.12/site-packages/airflow/example_dags/example_local_kubernetes_executor.py for tasks to queue
[2025-05-20T00:00:01.665+0000] {logging_mixin.py:190} INFO - [2025-05-20T00:00:01.664+0000] {dagbag.py:588} INFO - Filling up the DagBag from /home/airflow/.local/lib/python3.12/site-packages/airflow/example_dags/example_local_kubernetes_executor.py
[2025-05-20T00:00:01.688+0000] {processor.py:925} INFO - DAG(s) 'example_local_kubernetes_executor' retrieved from /home/airflow/.local/lib/python3.12/site-packages/airflow/example_dags/example_local_kubernetes_executor.py
[2025-05-20T00:00:01.734+0000] {logging_mixin.py:190} INFO - [2025-05-20T00:00:01.733+0000] {dag.py:3239} INFO - Sync 1 DAGs
[2025-05-20T00:00:01.758+0000] {logging_mixin.py:190} INFO - [2025-05-20T00:00:01.757+0000] {dag.py:4180} INFO - Setting next_dagrun for example_local_kubernetes_executor to None, run_after=None
[2025-05-20T00:00:01.811+0000] {processor.py:208} INFO - Processing /home/airflow/.local/lib/python3.12/site-packages/airflow/example_dags/example_local_kubernetes_executor.py took 0.169 seconds
[2025-05-20T00:00:31.998+0000] {processor.py:186} INFO - Started process (PID=6619) to work on /home/airflow/.local/lib/python3.12/site-packages/airflow/example_dags/example_local_kubernetes_executor.py
[2025-05-20T00:00:32.000+0000] {processor.py:914} INFO - Processing file /home/airflow/.local/lib/python3.12/site-packages/airflow/example_dags/example_local_kubernetes_executor.py for tasks to queue
[2025-05-20T00:00:32.004+0000] {logging_mixin.py:190} INFO - [2025-05-20T00:00:32.003+0000] {dagbag.py:588} INFO - Filling up the DagBag from /home/airflow/.local/lib/python3.12/site-packages/airflow/example_dags/example_local_kubernetes_executor.py
[2025-05-20T00:00:32.026+0000] {processor.py:925} INFO - DAG(s) 'example_local_kubernetes_executor' retrieved from /home/airflow/.local/lib/python3.12/site-packages/airflow/example_dags/example_local_kubernetes_executor.py
[2025-05-20T00:00:32.077+0000] {logging_mixin.py:190} INFO - [2025-05-20T00:00:32.076+0000] {dag.py:3239} INFO - Sync 1 DAGs
[2025-05-20T00:00:32.121+0000] {logging_mixin.py:190} INFO - [2025-05-20T00:00:32.120+0000] {dag.py:4180} INFO - Setting next_dagrun for example_local_kubernetes_executor to None, run_after=None
[2025-05-20T00:00:32.178+0000] {processor.py:208} INFO - Processing /home/airflow/.local/lib/python3.12/site-packages/airflow/example_dags/example_local_kubernetes_executor.py took 0.188 seconds
[2025-05-20T00:01:02.780+0000] {processor.py:186} INFO - Started process (PID=6683) to work on /home/airflow/.local/lib/python3.12/site-packages/airflow/example_dags/example_local_kubernetes_executor.py
[2025-05-20T00:01:02.781+0000] {processor.py:914} INFO - Processing file /home/airflow/.local/lib/python3.12/site-packages/airflow/example_dags/example_local_kubernetes_executor.py for tasks to queue
[2025-05-20T00:01:02.784+0000] {logging_mixin.py:190} INFO - [2025-05-20T00:01:02.783+0000] {dagbag.py:588} INFO - Filling up the DagBag from /home/airflow/.local/lib/python3.12/site-packages/airflow/example_dags/example_local_kubernetes_executor.py
[2025-05-20T00:01:02.795+0000] {processor.py:925} INFO - DAG(s) 'example_local_kubernetes_executor' retrieved from /home/airflow/.local/lib/python3.12/site-packages/airflow/example_dags/example_local_kubernetes_executor.py
[2025-05-20T00:01:02.823+0000] {logging_mixin.py:190} INFO - [2025-05-20T00:01:02.822+0000] {dag.py:3239} INFO - Sync 1 DAGs
[2025-05-20T00:01:02.843+0000] {logging_mixin.py:190} INFO - [2025-05-20T00:01:02.843+0000] {dag.py:4180} INFO - Setting next_dagrun for example_local_kubernetes_executor to None, run_after=None
[2025-05-20T00:01:02.874+0000] {processor.py:208} INFO - Processing /home/airflow/.local/lib/python3.12/site-packages/airflow/example_dags/example_local_kubernetes_executor.py took 0.101 seconds
[2025-05-20T00:01:34.875+0000] {processor.py:186} INFO - Started process (PID=6749) to work on /home/airflow/.local/lib/python3.12/site-packages/airflow/example_dags/example_local_kubernetes_executor.py
[2025-05-20T00:01:34.897+0000] {processor.py:914} INFO - Processing file /home/airflow/.local/lib/python3.12/site-packages/airflow/example_dags/example_local_kubernetes_executor.py for tasks to queue
[2025-05-20T00:01:34.912+0000] {logging_mixin.py:190} INFO - [2025-05-20T00:01:34.912+0000] {dagbag.py:588} INFO - Filling up the DagBag from /home/airflow/.local/lib/python3.12/site-packages/airflow/example_dags/example_local_kubernetes_executor.py
[2025-05-20T00:01:34.949+0000] {processor.py:925} INFO - DAG(s) 'example_local_kubernetes_executor' retrieved from /home/airflow/.local/lib/python3.12/site-packages/airflow/example_dags/example_local_kubernetes_executor.py
[2025-05-20T00:01:35.006+0000] {logging_mixin.py:190} INFO - [2025-05-20T00:01:35.005+0000] {dag.py:3239} INFO - Sync 1 DAGs
[2025-05-20T00:01:35.052+0000] {logging_mixin.py:190} INFO - [2025-05-20T00:01:35.052+0000] {dag.py:4180} INFO - Setting next_dagrun for example_local_kubernetes_executor to None, run_after=None
[2025-05-20T00:01:35.120+0000] {processor.py:208} INFO - Processing /home/airflow/.local/lib/python3.12/site-packages/airflow/example_dags/example_local_kubernetes_executor.py took 0.257 seconds
[2025-05-20T00:02:05.668+0000] {processor.py:186} INFO - Started process (PID=6813) to work on /home/airflow/.local/lib/python3.12/site-packages/airflow/example_dags/example_local_kubernetes_executor.py
[2025-05-20T00:02:05.669+0000] {processor.py:914} INFO - Processing file /home/airflow/.local/lib/python3.12/site-packages/airflow/example_dags/example_local_kubernetes_executor.py for tasks to queue
[2025-05-20T00:02:05.675+0000] {logging_mixin.py:190} INFO - [2025-05-20T00:02:05.674+0000] {dagbag.py:588} INFO - Filling up the DagBag from /home/airflow/.local/lib/python3.12/site-packages/airflow/example_dags/example_local_kubernetes_executor.py
[2025-05-20T00:02:05.689+0000] {processor.py:925} INFO - DAG(s) 'example_local_kubernetes_executor' retrieved from /home/airflow/.local/lib/python3.12/site-packages/airflow/example_dags/example_local_kubernetes_executor.py
[2025-05-20T00:02:05.716+0000] {logging_mixin.py:190} INFO - [2025-05-20T00:02:05.715+0000] {dag.py:3239} INFO - Sync 1 DAGs
[2025-05-20T00:02:05.739+0000] {logging_mixin.py:190} INFO - [2025-05-20T00:02:05.739+0000] {dag.py:4180} INFO - Setting next_dagrun for example_local_kubernetes_executor to None, run_after=None
[2025-05-20T00:02:05.773+0000] {processor.py:208} INFO - Processing /home/airflow/.local/lib/python3.12/site-packages/airflow/example_dags/example_local_kubernetes_executor.py took 0.117 seconds
[2025-05-20T00:02:36.613+0000] {processor.py:186} INFO - Started process (PID=6877) to work on /home/airflow/.local/lib/python3.12/site-packages/airflow/example_dags/example_local_kubernetes_executor.py
[2025-05-20T00:02:36.614+0000] {processor.py:914} INFO - Processing file /home/airflow/.local/lib/python3.12/site-packages/airflow/example_dags/example_local_kubernetes_executor.py for tasks to queue
[2025-05-20T00:02:36.618+0000] {logging_mixin.py:190} INFO - [2025-05-20T00:02:36.617+0000] {dagbag.py:588} INFO - Filling up the DagBag from /home/airflow/.local/lib/python3.12/site-packages/airflow/example_dags/example_local_kubernetes_executor.py
[2025-05-20T00:02:36.631+0000] {processor.py:925} INFO - DAG(s) 'example_local_kubernetes_executor' retrieved from /home/airflow/.local/lib/python3.12/site-packages/airflow/example_dags/example_local_kubernetes_executor.py
[2025-05-20T00:02:36.671+0000] {logging_mixin.py:190} INFO - [2025-05-20T00:02:36.670+0000] {dag.py:3239} INFO - Sync 1 DAGs
[2025-05-20T00:02:36.691+0000] {logging_mixin.py:190} INFO - [2025-05-20T00:02:36.691+0000] {dag.py:4180} INFO - Setting next_dagrun for example_local_kubernetes_executor to None, run_after=None
[2025-05-20T00:02:36.725+0000] {processor.py:208} INFO - Processing /home/airflow/.local/lib/python3.12/site-packages/airflow/example_dags/example_local_kubernetes_executor.py took 0.121 seconds
[2025-05-20T00:03:07.125+0000] {processor.py:186} INFO - Started process (PID=6941) to work on /home/airflow/.local/lib/python3.12/site-packages/airflow/example_dags/example_local_kubernetes_executor.py
[2025-05-20T00:03:07.127+0000] {processor.py:914} INFO - Processing file /home/airflow/.local/lib/python3.12/site-packages/airflow/example_dags/example_local_kubernetes_executor.py for tasks to queue
[2025-05-20T00:03:07.131+0000] {logging_mixin.py:190} INFO - [2025-05-20T00:03:07.130+0000] {dagbag.py:588} INFO - Filling up the DagBag from /home/airflow/.local/lib/python3.12/site-packages/airflow/example_dags/example_local_kubernetes_executor.py
[2025-05-20T00:03:07.144+0000] {processor.py:925} INFO - DAG(s) 'example_local_kubernetes_executor' retrieved from /home/airflow/.local/lib/python3.12/site-packages/airflow/example_dags/example_local_kubernetes_executor.py
[2025-05-20T00:03:07.180+0000] {logging_mixin.py:190} INFO - [2025-05-20T00:03:07.179+0000] {dag.py:3239} INFO - Sync 1 DAGs
[2025-05-20T00:03:07.204+0000] {logging_mixin.py:190} INFO - [2025-05-20T00:03:07.204+0000] {dag.py:4180} INFO - Setting next_dagrun for example_local_kubernetes_executor to None, run_after=None
[2025-05-20T00:03:07.247+0000] {processor.py:208} INFO - Processing /home/airflow/.local/lib/python3.12/site-packages/airflow/example_dags/example_local_kubernetes_executor.py took 0.129 seconds
[2025-05-20T00:03:38.686+0000] {processor.py:186} INFO - Started process (PID=7005) to work on /home/airflow/.local/lib/python3.12/site-packages/airflow/example_dags/example_local_kubernetes_executor.py
[2025-05-20T00:03:38.687+0000] {processor.py:914} INFO - Processing file /home/airflow/.local/lib/python3.12/site-packages/airflow/example_dags/example_local_kubernetes_executor.py for tasks to queue
[2025-05-20T00:03:38.691+0000] {logging_mixin.py:190} INFO - [2025-05-20T00:03:38.690+0000] {dagbag.py:588} INFO - Filling up the DagBag from /home/airflow/.local/lib/python3.12/site-packages/airflow/example_dags/example_local_kubernetes_executor.py
[2025-05-20T00:03:38.708+0000] {processor.py:925} INFO - DAG(s) 'example_local_kubernetes_executor' retrieved from /home/airflow/.local/lib/python3.12/site-packages/airflow/example_dags/example_local_kubernetes_executor.py
[2025-05-20T00:03:38.749+0000] {logging_mixin.py:190} INFO - [2025-05-20T00:03:38.749+0000] {dag.py:3239} INFO - Sync 1 DAGs
[2025-05-20T00:03:38.772+0000] {logging_mixin.py:190} INFO - [2025-05-20T00:03:38.771+0000] {dag.py:4180} INFO - Setting next_dagrun for example_local_kubernetes_executor to None, run_after=None
[2025-05-20T00:03:38.807+0000] {processor.py:208} INFO - Processing /home/airflow/.local/lib/python3.12/site-packages/airflow/example_dags/example_local_kubernetes_executor.py took 0.131 seconds
