[2025-05-20T00:00:25.142+0000] {processor.py:186} INFO - Started process (PID=6609) to work on /home/airflow/.local/lib/python3.12/site-packages/airflow/example_dags/example_skip_dag.py
[2025-05-20T00:00:25.144+0000] {processor.py:914} INFO - Processing file /home/airflow/.local/lib/python3.12/site-packages/airflow/example_dags/example_skip_dag.py for tasks to queue
[2025-05-20T00:00:25.153+0000] {logging_mixin.py:190} INFO - [2025-05-20T00:00:25.152+0000] {dagbag.py:588} INFO - Filling up the DagBag from /home/airflow/.local/lib/python3.12/site-packages/airflow/example_dags/example_skip_dag.py
[2025-05-20T00:00:25.179+0000] {processor.py:925} INFO - DAG(s) 'example_skip_dag' retrieved from /home/airflow/.local/lib/python3.12/site-packages/airflow/example_dags/example_skip_dag.py
[2025-05-20T00:00:25.269+0000] {logging_mixin.py:190} INFO - [2025-05-20T00:00:25.268+0000] {dag.py:3239} INFO - Sync 1 DAGs
[2025-05-20T00:00:25.367+0000] {logging_mixin.py:190} INFO - [2025-05-20T00:00:25.367+0000] {dag.py:4180} INFO - Setting next_dagrun for example_skip_dag to 2025-05-19 00:00:00+00:00, run_after=2025-05-20 00:00:00+00:00
[2025-05-20T00:00:25.441+0000] {processor.py:208} INFO - Processing /home/airflow/.local/lib/python3.12/site-packages/airflow/example_dags/example_skip_dag.py took 0.310 seconds
[2025-05-20T00:00:55.716+0000] {processor.py:186} INFO - Started process (PID=6673) to work on /home/airflow/.local/lib/python3.12/site-packages/airflow/example_dags/example_skip_dag.py
[2025-05-20T00:00:55.718+0000] {processor.py:914} INFO - Processing file /home/airflow/.local/lib/python3.12/site-packages/airflow/example_dags/example_skip_dag.py for tasks to queue
[2025-05-20T00:00:55.723+0000] {logging_mixin.py:190} INFO - [2025-05-20T00:00:55.723+0000] {dagbag.py:588} INFO - Filling up the DagBag from /home/airflow/.local/lib/python3.12/site-packages/airflow/example_dags/example_skip_dag.py
[2025-05-20T00:00:55.735+0000] {processor.py:925} INFO - DAG(s) 'example_skip_dag' retrieved from /home/airflow/.local/lib/python3.12/site-packages/airflow/example_dags/example_skip_dag.py
[2025-05-20T00:00:55.771+0000] {logging_mixin.py:190} INFO - [2025-05-20T00:00:55.771+0000] {dag.py:3239} INFO - Sync 1 DAGs
[2025-05-20T00:00:55.817+0000] {logging_mixin.py:190} INFO - [2025-05-20T00:00:55.816+0000] {dag.py:4180} INFO - Setting next_dagrun for example_skip_dag to 2025-05-19 00:00:00+00:00, run_after=2025-05-20 00:00:00+00:00
[2025-05-20T00:00:55.900+0000] {processor.py:208} INFO - Processing /home/airflow/.local/lib/python3.12/site-packages/airflow/example_dags/example_skip_dag.py took 0.192 seconds
[2025-05-20T00:01:26.016+0000] {processor.py:186} INFO - Started process (PID=6737) to work on /home/airflow/.local/lib/python3.12/site-packages/airflow/example_dags/example_skip_dag.py
[2025-05-20T00:01:26.018+0000] {processor.py:914} INFO - Processing file /home/airflow/.local/lib/python3.12/site-packages/airflow/example_dags/example_skip_dag.py for tasks to queue
[2025-05-20T00:01:26.022+0000] {logging_mixin.py:190} INFO - [2025-05-20T00:01:26.021+0000] {dagbag.py:588} INFO - Filling up the DagBag from /home/airflow/.local/lib/python3.12/site-packages/airflow/example_dags/example_skip_dag.py
[2025-05-20T00:01:26.033+0000] {processor.py:925} INFO - DAG(s) 'example_skip_dag' retrieved from /home/airflow/.local/lib/python3.12/site-packages/airflow/example_dags/example_skip_dag.py
[2025-05-20T00:01:26.065+0000] {logging_mixin.py:190} INFO - [2025-05-20T00:01:26.065+0000] {dag.py:3239} INFO - Sync 1 DAGs
[2025-05-20T00:01:26.109+0000] {logging_mixin.py:190} INFO - [2025-05-20T00:01:26.109+0000] {dag.py:4180} INFO - Setting next_dagrun for example_skip_dag to 2025-05-19 00:00:00+00:00, run_after=2025-05-20 00:00:00+00:00
[2025-05-20T00:01:26.142+0000] {processor.py:208} INFO - Processing /home/airflow/.local/lib/python3.12/site-packages/airflow/example_dags/example_skip_dag.py took 0.133 seconds
[2025-05-20T00:02:02.282+0000] {processor.py:186} INFO - Started process (PID=6802) to work on /home/airflow/.local/lib/python3.12/site-packages/airflow/example_dags/example_skip_dag.py
[2025-05-20T00:02:02.283+0000] {processor.py:914} INFO - Processing file /home/airflow/.local/lib/python3.12/site-packages/airflow/example_dags/example_skip_dag.py for tasks to queue
[2025-05-20T00:02:02.290+0000] {logging_mixin.py:190} INFO - [2025-05-20T00:02:02.289+0000] {dagbag.py:588} INFO - Filling up the DagBag from /home/airflow/.local/lib/python3.12/site-packages/airflow/example_dags/example_skip_dag.py
[2025-05-20T00:02:02.316+0000] {processor.py:925} INFO - DAG(s) 'example_skip_dag' retrieved from /home/airflow/.local/lib/python3.12/site-packages/airflow/example_dags/example_skip_dag.py
[2025-05-20T00:02:02.377+0000] {logging_mixin.py:190} INFO - [2025-05-20T00:02:02.377+0000] {dag.py:3239} INFO - Sync 1 DAGs
[2025-05-20T00:02:02.427+0000] {logging_mixin.py:190} INFO - [2025-05-20T00:02:02.427+0000] {dag.py:4180} INFO - Setting next_dagrun for example_skip_dag to 2025-05-19 00:00:00+00:00, run_after=2025-05-20 00:00:00+00:00
[2025-05-20T00:02:02.465+0000] {processor.py:208} INFO - Processing /home/airflow/.local/lib/python3.12/site-packages/airflow/example_dags/example_skip_dag.py took 0.198 seconds
[2025-05-20T00:02:33.557+0000] {processor.py:186} INFO - Started process (PID=6866) to work on /home/airflow/.local/lib/python3.12/site-packages/airflow/example_dags/example_skip_dag.py
[2025-05-20T00:02:33.558+0000] {processor.py:914} INFO - Processing file /home/airflow/.local/lib/python3.12/site-packages/airflow/example_dags/example_skip_dag.py for tasks to queue
[2025-05-20T00:02:33.562+0000] {logging_mixin.py:190} INFO - [2025-05-20T00:02:33.562+0000] {dagbag.py:588} INFO - Filling up the DagBag from /home/airflow/.local/lib/python3.12/site-packages/airflow/example_dags/example_skip_dag.py
[2025-05-20T00:02:33.577+0000] {processor.py:925} INFO - DAG(s) 'example_skip_dag' retrieved from /home/airflow/.local/lib/python3.12/site-packages/airflow/example_dags/example_skip_dag.py
[2025-05-20T00:02:33.621+0000] {logging_mixin.py:190} INFO - [2025-05-20T00:02:33.620+0000] {dag.py:3239} INFO - Sync 1 DAGs
[2025-05-20T00:02:33.669+0000] {logging_mixin.py:190} INFO - [2025-05-20T00:02:33.669+0000] {dag.py:4180} INFO - Setting next_dagrun for example_skip_dag to 2025-05-19 00:00:00+00:00, run_after=2025-05-20 00:00:00+00:00
[2025-05-20T00:02:33.728+0000] {processor.py:208} INFO - Processing /home/airflow/.local/lib/python3.12/site-packages/airflow/example_dags/example_skip_dag.py took 0.181 seconds
[2025-05-20T00:03:06.216+0000] {processor.py:186} INFO - Started process (PID=6936) to work on /home/airflow/.local/lib/python3.12/site-packages/airflow/example_dags/example_skip_dag.py
[2025-05-20T00:03:06.218+0000] {processor.py:914} INFO - Processing file /home/airflow/.local/lib/python3.12/site-packages/airflow/example_dags/example_skip_dag.py for tasks to queue
[2025-05-20T00:03:06.221+0000] {logging_mixin.py:190} INFO - [2025-05-20T00:03:06.220+0000] {dagbag.py:588} INFO - Filling up the DagBag from /home/airflow/.local/lib/python3.12/site-packages/airflow/example_dags/example_skip_dag.py
[2025-05-20T00:03:06.232+0000] {processor.py:925} INFO - DAG(s) 'example_skip_dag' retrieved from /home/airflow/.local/lib/python3.12/site-packages/airflow/example_dags/example_skip_dag.py
[2025-05-20T00:03:06.272+0000] {logging_mixin.py:190} INFO - [2025-05-20T00:03:06.272+0000] {dag.py:3239} INFO - Sync 1 DAGs
[2025-05-20T00:03:06.314+0000] {logging_mixin.py:190} INFO - [2025-05-20T00:03:06.314+0000] {dag.py:4180} INFO - Setting next_dagrun for example_skip_dag to 2025-05-19 00:00:00+00:00, run_after=2025-05-20 00:00:00+00:00
[2025-05-20T00:03:06.348+0000] {processor.py:208} INFO - Processing /home/airflow/.local/lib/python3.12/site-packages/airflow/example_dags/example_skip_dag.py took 0.139 seconds
[2025-05-20T00:03:37.772+0000] {processor.py:186} INFO - Started process (PID=7001) to work on /home/airflow/.local/lib/python3.12/site-packages/airflow/example_dags/example_skip_dag.py
[2025-05-20T00:03:37.773+0000] {processor.py:914} INFO - Processing file /home/airflow/.local/lib/python3.12/site-packages/airflow/example_dags/example_skip_dag.py for tasks to queue
[2025-05-20T00:03:37.778+0000] {logging_mixin.py:190} INFO - [2025-05-20T00:03:37.777+0000] {dagbag.py:588} INFO - Filling up the DagBag from /home/airflow/.local/lib/python3.12/site-packages/airflow/example_dags/example_skip_dag.py
[2025-05-20T00:03:37.791+0000] {processor.py:925} INFO - DAG(s) 'example_skip_dag' retrieved from /home/airflow/.local/lib/python3.12/site-packages/airflow/example_dags/example_skip_dag.py
[2025-05-20T00:03:37.824+0000] {logging_mixin.py:190} INFO - [2025-05-20T00:03:37.824+0000] {dag.py:3239} INFO - Sync 1 DAGs
[2025-05-20T00:03:37.869+0000] {logging_mixin.py:190} INFO - [2025-05-20T00:03:37.868+0000] {dag.py:4180} INFO - Setting next_dagrun for example_skip_dag to 2025-05-19 00:00:00+00:00, run_after=2025-05-20 00:00:00+00:00
[2025-05-20T00:03:37.899+0000] {processor.py:208} INFO - Processing /home/airflow/.local/lib/python3.12/site-packages/airflow/example_dags/example_skip_dag.py took 0.139 seconds
[2025-05-20T00:04:12.008+0000] {processor.py:186} INFO - Started process (PID=7066) to work on /home/airflow/.local/lib/python3.12/site-packages/airflow/example_dags/example_skip_dag.py
[2025-05-20T00:04:12.010+0000] {processor.py:914} INFO - Processing file /home/airflow/.local/lib/python3.12/site-packages/airflow/example_dags/example_skip_dag.py for tasks to queue
[2025-05-20T00:04:12.014+0000] {logging_mixin.py:190} INFO - [2025-05-20T00:04:12.014+0000] {dagbag.py:588} INFO - Filling up the DagBag from /home/airflow/.local/lib/python3.12/site-packages/airflow/example_dags/example_skip_dag.py
[2025-05-20T00:04:12.046+0000] {processor.py:925} INFO - DAG(s) 'example_skip_dag' retrieved from /home/airflow/.local/lib/python3.12/site-packages/airflow/example_dags/example_skip_dag.py
[2025-05-20T00:04:12.108+0000] {logging_mixin.py:190} INFO - [2025-05-20T00:04:12.107+0000] {dag.py:3239} INFO - Sync 1 DAGs
[2025-05-20T00:04:12.174+0000] {logging_mixin.py:190} INFO - [2025-05-20T00:04:12.174+0000] {dag.py:4180} INFO - Setting next_dagrun for example_skip_dag to 2025-05-19 00:00:00+00:00, run_after=2025-05-20 00:00:00+00:00
[2025-05-20T00:04:12.277+0000] {processor.py:208} INFO - Processing /home/airflow/.local/lib/python3.12/site-packages/airflow/example_dags/example_skip_dag.py took 0.284 seconds
[2025-05-20T00:04:46.672+0000] {processor.py:186} INFO - Started process (PID=7135) to work on /home/airflow/.local/lib/python3.12/site-packages/airflow/example_dags/example_skip_dag.py
[2025-05-20T00:04:46.674+0000] {processor.py:914} INFO - Processing file /home/airflow/.local/lib/python3.12/site-packages/airflow/example_dags/example_skip_dag.py for tasks to queue
[2025-05-20T00:04:46.681+0000] {logging_mixin.py:190} INFO - [2025-05-20T00:04:46.680+0000] {dagbag.py:588} INFO - Filling up the DagBag from /home/airflow/.local/lib/python3.12/site-packages/airflow/example_dags/example_skip_dag.py
[2025-05-20T00:04:46.703+0000] {processor.py:925} INFO - DAG(s) 'example_skip_dag' retrieved from /home/airflow/.local/lib/python3.12/site-packages/airflow/example_dags/example_skip_dag.py
[2025-05-20T00:04:46.848+0000] {logging_mixin.py:190} INFO - [2025-05-20T00:04:46.847+0000] {dag.py:3239} INFO - Sync 1 DAGs
[2025-05-20T00:04:46.926+0000] {logging_mixin.py:190} INFO - [2025-05-20T00:04:46.925+0000] {dag.py:4180} INFO - Setting next_dagrun for example_skip_dag to 2025-05-19 00:00:00+00:00, run_after=2025-05-20 00:00:00+00:00
[2025-05-20T00:04:46.986+0000] {processor.py:208} INFO - Processing /home/airflow/.local/lib/python3.12/site-packages/airflow/example_dags/example_skip_dag.py took 0.332 seconds
[2025-05-20T00:05:17.184+0000] {processor.py:186} INFO - Started process (PID=7198) to work on /home/airflow/.local/lib/python3.12/site-packages/airflow/example_dags/example_skip_dag.py
[2025-05-20T00:05:17.186+0000] {processor.py:914} INFO - Processing file /home/airflow/.local/lib/python3.12/site-packages/airflow/example_dags/example_skip_dag.py for tasks to queue
[2025-05-20T00:05:17.190+0000] {logging_mixin.py:190} INFO - [2025-05-20T00:05:17.189+0000] {dagbag.py:588} INFO - Filling up the DagBag from /home/airflow/.local/lib/python3.12/site-packages/airflow/example_dags/example_skip_dag.py
[2025-05-20T00:05:17.201+0000] {processor.py:925} INFO - DAG(s) 'example_skip_dag' retrieved from /home/airflow/.local/lib/python3.12/site-packages/airflow/example_dags/example_skip_dag.py
[2025-05-20T00:05:17.233+0000] {logging_mixin.py:190} INFO - [2025-05-20T00:05:17.232+0000] {dag.py:3239} INFO - Sync 1 DAGs
[2025-05-20T00:05:17.266+0000] {logging_mixin.py:190} INFO - [2025-05-20T00:05:17.266+0000] {dag.py:4180} INFO - Setting next_dagrun for example_skip_dag to 2025-05-19 00:00:00+00:00, run_after=2025-05-20 00:00:00+00:00
[2025-05-20T00:05:17.297+0000] {processor.py:208} INFO - Processing /home/airflow/.local/lib/python3.12/site-packages/airflow/example_dags/example_skip_dag.py took 0.121 seconds
[2025-05-20T00:05:47.427+0000] {processor.py:186} INFO - Started process (PID=7263) to work on /home/airflow/.local/lib/python3.12/site-packages/airflow/example_dags/example_skip_dag.py
[2025-05-20T00:05:47.428+0000] {processor.py:914} INFO - Processing file /home/airflow/.local/lib/python3.12/site-packages/airflow/example_dags/example_skip_dag.py for tasks to queue
[2025-05-20T00:05:47.432+0000] {logging_mixin.py:190} INFO - [2025-05-20T00:05:47.431+0000] {dagbag.py:588} INFO - Filling up the DagBag from /home/airflow/.local/lib/python3.12/site-packages/airflow/example_dags/example_skip_dag.py
[2025-05-20T00:05:47.446+0000] {processor.py:925} INFO - DAG(s) 'example_skip_dag' retrieved from /home/airflow/.local/lib/python3.12/site-packages/airflow/example_dags/example_skip_dag.py
[2025-05-20T00:05:47.487+0000] {logging_mixin.py:190} INFO - [2025-05-20T00:05:47.487+0000] {dag.py:3239} INFO - Sync 1 DAGs
[2025-05-20T00:05:47.537+0000] {logging_mixin.py:190} INFO - [2025-05-20T00:05:47.537+0000] {dag.py:4180} INFO - Setting next_dagrun for example_skip_dag to 2025-05-19 00:00:00+00:00, run_after=2025-05-20 00:00:00+00:00
[2025-05-20T00:05:47.562+0000] {processor.py:208} INFO - Processing /home/airflow/.local/lib/python3.12/site-packages/airflow/example_dags/example_skip_dag.py took 0.142 seconds
[2025-05-20T00:06:20.166+0000] {processor.py:186} INFO - Started process (PID=7328) to work on /home/airflow/.local/lib/python3.12/site-packages/airflow/example_dags/example_skip_dag.py
[2025-05-20T00:06:20.167+0000] {processor.py:914} INFO - Processing file /home/airflow/.local/lib/python3.12/site-packages/airflow/example_dags/example_skip_dag.py for tasks to queue
[2025-05-20T00:06:20.172+0000] {logging_mixin.py:190} INFO - [2025-05-20T00:06:20.171+0000] {dagbag.py:588} INFO - Filling up the DagBag from /home/airflow/.local/lib/python3.12/site-packages/airflow/example_dags/example_skip_dag.py
[2025-05-20T00:06:20.184+0000] {processor.py:925} INFO - DAG(s) 'example_skip_dag' retrieved from /home/airflow/.local/lib/python3.12/site-packages/airflow/example_dags/example_skip_dag.py
[2025-05-20T00:06:20.234+0000] {logging_mixin.py:190} INFO - [2025-05-20T00:06:20.234+0000] {dag.py:3239} INFO - Sync 1 DAGs
[2025-05-20T00:06:20.279+0000] {logging_mixin.py:190} INFO - [2025-05-20T00:06:20.278+0000] {dag.py:4180} INFO - Setting next_dagrun for example_skip_dag to 2025-05-19 00:00:00+00:00, run_after=2025-05-20 00:00:00+00:00
[2025-05-20T00:06:20.319+0000] {processor.py:208} INFO - Processing /home/airflow/.local/lib/python3.12/site-packages/airflow/example_dags/example_skip_dag.py took 0.162 seconds
[2025-05-20T00:06:50.902+0000] {processor.py:186} INFO - Started process (PID=7392) to work on /home/airflow/.local/lib/python3.12/site-packages/airflow/example_dags/example_skip_dag.py
[2025-05-20T00:06:50.904+0000] {processor.py:914} INFO - Processing file /home/airflow/.local/lib/python3.12/site-packages/airflow/example_dags/example_skip_dag.py for tasks to queue
[2025-05-20T00:06:50.908+0000] {logging_mixin.py:190} INFO - [2025-05-20T00:06:50.907+0000] {dagbag.py:588} INFO - Filling up the DagBag from /home/airflow/.local/lib/python3.12/site-packages/airflow/example_dags/example_skip_dag.py
[2025-05-20T00:06:50.920+0000] {processor.py:925} INFO - DAG(s) 'example_skip_dag' retrieved from /home/airflow/.local/lib/python3.12/site-packages/airflow/example_dags/example_skip_dag.py
[2025-05-20T00:06:50.959+0000] {logging_mixin.py:190} INFO - [2025-05-20T00:06:50.959+0000] {dag.py:3239} INFO - Sync 1 DAGs
[2025-05-20T00:06:51.006+0000] {logging_mixin.py:190} INFO - [2025-05-20T00:06:51.006+0000] {dag.py:4180} INFO - Setting next_dagrun for example_skip_dag to 2025-05-19 00:00:00+00:00, run_after=2025-05-20 00:00:00+00:00
[2025-05-20T00:06:51.035+0000] {processor.py:208} INFO - Processing /home/airflow/.local/lib/python3.12/site-packages/airflow/example_dags/example_skip_dag.py took 0.140 seconds
[2025-05-20T00:07:23.232+0000] {processor.py:186} INFO - Started process (PID=7456) to work on /home/airflow/.local/lib/python3.12/site-packages/airflow/example_dags/example_skip_dag.py
[2025-05-20T00:07:23.234+0000] {processor.py:914} INFO - Processing file /home/airflow/.local/lib/python3.12/site-packages/airflow/example_dags/example_skip_dag.py for tasks to queue
[2025-05-20T00:07:23.239+0000] {logging_mixin.py:190} INFO - [2025-05-20T00:07:23.238+0000] {dagbag.py:588} INFO - Filling up the DagBag from /home/airflow/.local/lib/python3.12/site-packages/airflow/example_dags/example_skip_dag.py
[2025-05-20T00:07:23.255+0000] {processor.py:925} INFO - DAG(s) 'example_skip_dag' retrieved from /home/airflow/.local/lib/python3.12/site-packages/airflow/example_dags/example_skip_dag.py
[2025-05-20T00:07:23.323+0000] {logging_mixin.py:190} INFO - [2025-05-20T00:07:23.323+0000] {dag.py:3239} INFO - Sync 1 DAGs
[2025-05-20T00:07:23.374+0000] {logging_mixin.py:190} INFO - [2025-05-20T00:07:23.374+0000] {dag.py:4180} INFO - Setting next_dagrun for example_skip_dag to 2025-05-19 00:00:00+00:00, run_after=2025-05-20 00:00:00+00:00
[2025-05-20T00:07:23.421+0000] {processor.py:208} INFO - Processing /home/airflow/.local/lib/python3.12/site-packages/airflow/example_dags/example_skip_dag.py took 0.198 seconds
[2025-05-20T00:07:54.414+0000] {processor.py:186} INFO - Started process (PID=7520) to work on /home/airflow/.local/lib/python3.12/site-packages/airflow/example_dags/example_skip_dag.py
[2025-05-20T00:07:54.416+0000] {processor.py:914} INFO - Processing file /home/airflow/.local/lib/python3.12/site-packages/airflow/example_dags/example_skip_dag.py for tasks to queue
[2025-05-20T00:07:54.422+0000] {logging_mixin.py:190} INFO - [2025-05-20T00:07:54.421+0000] {dagbag.py:588} INFO - Filling up the DagBag from /home/airflow/.local/lib/python3.12/site-packages/airflow/example_dags/example_skip_dag.py
[2025-05-20T00:07:54.438+0000] {processor.py:925} INFO - DAG(s) 'example_skip_dag' retrieved from /home/airflow/.local/lib/python3.12/site-packages/airflow/example_dags/example_skip_dag.py
[2025-05-20T00:07:54.487+0000] {logging_mixin.py:190} INFO - [2025-05-20T00:07:54.487+0000] {dag.py:3239} INFO - Sync 1 DAGs
[2025-05-20T00:07:54.636+0000] {logging_mixin.py:190} INFO - [2025-05-20T00:07:54.635+0000] {dag.py:4180} INFO - Setting next_dagrun for example_skip_dag to 2025-05-19 00:00:00+00:00, run_after=2025-05-20 00:00:00+00:00
[2025-05-20T00:07:54.761+0000] {processor.py:208} INFO - Processing /home/airflow/.local/lib/python3.12/site-packages/airflow/example_dags/example_skip_dag.py took 0.359 seconds
[2025-05-20T00:08:25.746+0000] {processor.py:186} INFO - Started process (PID=7583) to work on /home/airflow/.local/lib/python3.12/site-packages/airflow/example_dags/example_skip_dag.py
[2025-05-20T00:08:25.748+0000] {processor.py:914} INFO - Processing file /home/airflow/.local/lib/python3.12/site-packages/airflow/example_dags/example_skip_dag.py for tasks to queue
[2025-05-20T00:08:25.769+0000] {logging_mixin.py:190} INFO - [2025-05-20T00:08:25.768+0000] {dagbag.py:588} INFO - Filling up the DagBag from /home/airflow/.local/lib/python3.12/site-packages/airflow/example_dags/example_skip_dag.py
[2025-05-20T00:08:25.806+0000] {processor.py:925} INFO - DAG(s) 'example_skip_dag' retrieved from /home/airflow/.local/lib/python3.12/site-packages/airflow/example_dags/example_skip_dag.py
[2025-05-20T00:08:25.855+0000] {logging_mixin.py:190} INFO - [2025-05-20T00:08:25.855+0000] {dag.py:3239} INFO - Sync 1 DAGs
[2025-05-20T00:08:25.941+0000] {logging_mixin.py:190} INFO - [2025-05-20T00:08:25.941+0000] {dag.py:4180} INFO - Setting next_dagrun for example_skip_dag to 2025-05-19 00:00:00+00:00, run_after=2025-05-20 00:00:00+00:00
[2025-05-20T00:08:25.978+0000] {processor.py:208} INFO - Processing /home/airflow/.local/lib/python3.12/site-packages/airflow/example_dags/example_skip_dag.py took 0.277 seconds
[2025-05-20T00:08:57.945+0000] {processor.py:186} INFO - Started process (PID=7651) to work on /home/airflow/.local/lib/python3.12/site-packages/airflow/example_dags/example_skip_dag.py
[2025-05-20T00:08:57.947+0000] {processor.py:914} INFO - Processing file /home/airflow/.local/lib/python3.12/site-packages/airflow/example_dags/example_skip_dag.py for tasks to queue
[2025-05-20T00:08:57.951+0000] {logging_mixin.py:190} INFO - [2025-05-20T00:08:57.950+0000] {dagbag.py:588} INFO - Filling up the DagBag from /home/airflow/.local/lib/python3.12/site-packages/airflow/example_dags/example_skip_dag.py
[2025-05-20T00:08:57.968+0000] {processor.py:925} INFO - DAG(s) 'example_skip_dag' retrieved from /home/airflow/.local/lib/python3.12/site-packages/airflow/example_dags/example_skip_dag.py
[2025-05-20T00:08:58.048+0000] {logging_mixin.py:190} INFO - [2025-05-20T00:08:58.048+0000] {dag.py:3239} INFO - Sync 1 DAGs
[2025-05-20T00:08:58.260+0000] {logging_mixin.py:190} INFO - [2025-05-20T00:08:58.260+0000] {dag.py:4180} INFO - Setting next_dagrun for example_skip_dag to 2025-05-19 00:00:00+00:00, run_after=2025-05-20 00:00:00+00:00
[2025-05-20T00:08:58.394+0000] {processor.py:208} INFO - Processing /home/airflow/.local/lib/python3.12/site-packages/airflow/example_dags/example_skip_dag.py took 0.459 seconds
[2025-05-20T00:09:31.833+0000] {processor.py:186} INFO - Started process (PID=7715) to work on /home/airflow/.local/lib/python3.12/site-packages/airflow/example_dags/example_skip_dag.py
[2025-05-20T00:09:31.838+0000] {processor.py:914} INFO - Processing file /home/airflow/.local/lib/python3.12/site-packages/airflow/example_dags/example_skip_dag.py for tasks to queue
[2025-05-20T00:09:31.842+0000] {logging_mixin.py:190} INFO - [2025-05-20T00:09:31.842+0000] {dagbag.py:588} INFO - Filling up the DagBag from /home/airflow/.local/lib/python3.12/site-packages/airflow/example_dags/example_skip_dag.py
[2025-05-20T00:09:31.859+0000] {processor.py:925} INFO - DAG(s) 'example_skip_dag' retrieved from /home/airflow/.local/lib/python3.12/site-packages/airflow/example_dags/example_skip_dag.py
[2025-05-20T00:09:31.910+0000] {logging_mixin.py:190} INFO - [2025-05-20T00:09:31.910+0000] {dag.py:3239} INFO - Sync 1 DAGs
[2025-05-20T00:09:31.982+0000] {logging_mixin.py:190} INFO - [2025-05-20T00:09:31.982+0000] {dag.py:4180} INFO - Setting next_dagrun for example_skip_dag to 2025-05-19 00:00:00+00:00, run_after=2025-05-20 00:00:00+00:00
[2025-05-20T00:09:32.067+0000] {processor.py:208} INFO - Processing /home/airflow/.local/lib/python3.12/site-packages/airflow/example_dags/example_skip_dag.py took 0.243 seconds
[2025-05-20T00:10:05.996+0000] {processor.py:186} INFO - Started process (PID=7779) to work on /home/airflow/.local/lib/python3.12/site-packages/airflow/example_dags/example_skip_dag.py
[2025-05-20T00:10:06.048+0000] {processor.py:914} INFO - Processing file /home/airflow/.local/lib/python3.12/site-packages/airflow/example_dags/example_skip_dag.py for tasks to queue
[2025-05-20T00:10:06.066+0000] {logging_mixin.py:190} INFO - [2025-05-20T00:10:06.065+0000] {dagbag.py:588} INFO - Filling up the DagBag from /home/airflow/.local/lib/python3.12/site-packages/airflow/example_dags/example_skip_dag.py
[2025-05-20T00:10:06.120+0000] {processor.py:925} INFO - DAG(s) 'example_skip_dag' retrieved from /home/airflow/.local/lib/python3.12/site-packages/airflow/example_dags/example_skip_dag.py
[2025-05-20T00:10:06.335+0000] {logging_mixin.py:190} INFO - [2025-05-20T00:10:06.335+0000] {dag.py:3239} INFO - Sync 1 DAGs
[2025-05-20T00:10:06.441+0000] {logging_mixin.py:190} INFO - [2025-05-20T00:10:06.440+0000] {dag.py:4180} INFO - Setting next_dagrun for example_skip_dag to 2025-05-19 00:00:00+00:00, run_after=2025-05-20 00:00:00+00:00
[2025-05-20T00:10:06.523+0000] {processor.py:208} INFO - Processing /home/airflow/.local/lib/python3.12/site-packages/airflow/example_dags/example_skip_dag.py took 0.560 seconds
[2025-05-20T00:10:36.882+0000] {processor.py:186} INFO - Started process (PID=7843) to work on /home/airflow/.local/lib/python3.12/site-packages/airflow/example_dags/example_skip_dag.py
[2025-05-20T00:10:36.885+0000] {processor.py:914} INFO - Processing file /home/airflow/.local/lib/python3.12/site-packages/airflow/example_dags/example_skip_dag.py for tasks to queue
[2025-05-20T00:10:36.891+0000] {logging_mixin.py:190} INFO - [2025-05-20T00:10:36.890+0000] {dagbag.py:588} INFO - Filling up the DagBag from /home/airflow/.local/lib/python3.12/site-packages/airflow/example_dags/example_skip_dag.py
[2025-05-20T00:10:36.912+0000] {processor.py:925} INFO - DAG(s) 'example_skip_dag' retrieved from /home/airflow/.local/lib/python3.12/site-packages/airflow/example_dags/example_skip_dag.py
[2025-05-20T00:10:36.975+0000] {logging_mixin.py:190} INFO - [2025-05-20T00:10:36.974+0000] {dag.py:3239} INFO - Sync 1 DAGs
[2025-05-20T00:10:37.055+0000] {logging_mixin.py:190} INFO - [2025-05-20T00:10:37.054+0000] {dag.py:4180} INFO - Setting next_dagrun for example_skip_dag to 2025-05-19 00:00:00+00:00, run_after=2025-05-20 00:00:00+00:00
[2025-05-20T00:10:37.091+0000] {processor.py:208} INFO - Processing /home/airflow/.local/lib/python3.12/site-packages/airflow/example_dags/example_skip_dag.py took 0.221 seconds
[2025-05-20T00:11:11.996+0000] {processor.py:186} INFO - Started process (PID=7908) to work on /home/airflow/.local/lib/python3.12/site-packages/airflow/example_dags/example_skip_dag.py
[2025-05-20T00:11:12.007+0000] {processor.py:914} INFO - Processing file /home/airflow/.local/lib/python3.12/site-packages/airflow/example_dags/example_skip_dag.py for tasks to queue
[2025-05-20T00:11:12.016+0000] {logging_mixin.py:190} INFO - [2025-05-20T00:11:12.016+0000] {dagbag.py:588} INFO - Filling up the DagBag from /home/airflow/.local/lib/python3.12/site-packages/airflow/example_dags/example_skip_dag.py
[2025-05-20T00:11:12.108+0000] {processor.py:925} INFO - DAG(s) 'example_skip_dag' retrieved from /home/airflow/.local/lib/python3.12/site-packages/airflow/example_dags/example_skip_dag.py
[2025-05-20T00:11:12.278+0000] {logging_mixin.py:190} INFO - [2025-05-20T00:11:12.277+0000] {dag.py:3239} INFO - Sync 1 DAGs
[2025-05-20T00:11:12.422+0000] {logging_mixin.py:190} INFO - [2025-05-20T00:11:12.421+0000] {dag.py:4180} INFO - Setting next_dagrun for example_skip_dag to 2025-05-19 00:00:00+00:00, run_after=2025-05-20 00:00:00+00:00
[2025-05-20T00:11:12.622+0000] {processor.py:208} INFO - Processing /home/airflow/.local/lib/python3.12/site-packages/airflow/example_dags/example_skip_dag.py took 0.650 seconds
[2025-05-20T00:11:42.799+0000] {processor.py:186} INFO - Started process (PID=7973) to work on /home/airflow/.local/lib/python3.12/site-packages/airflow/example_dags/example_skip_dag.py
[2025-05-20T00:11:42.801+0000] {processor.py:914} INFO - Processing file /home/airflow/.local/lib/python3.12/site-packages/airflow/example_dags/example_skip_dag.py for tasks to queue
[2025-05-20T00:11:42.805+0000] {logging_mixin.py:190} INFO - [2025-05-20T00:11:42.805+0000] {dagbag.py:588} INFO - Filling up the DagBag from /home/airflow/.local/lib/python3.12/site-packages/airflow/example_dags/example_skip_dag.py
[2025-05-20T00:11:42.823+0000] {processor.py:925} INFO - DAG(s) 'example_skip_dag' retrieved from /home/airflow/.local/lib/python3.12/site-packages/airflow/example_dags/example_skip_dag.py
[2025-05-20T00:11:42.861+0000] {logging_mixin.py:190} INFO - [2025-05-20T00:11:42.861+0000] {dag.py:3239} INFO - Sync 1 DAGs
[2025-05-20T00:11:42.909+0000] {logging_mixin.py:190} INFO - [2025-05-20T00:11:42.908+0000] {dag.py:4180} INFO - Setting next_dagrun for example_skip_dag to 2025-05-19 00:00:00+00:00, run_after=2025-05-20 00:00:00+00:00
[2025-05-20T00:11:42.946+0000] {processor.py:208} INFO - Processing /home/airflow/.local/lib/python3.12/site-packages/airflow/example_dags/example_skip_dag.py took 0.159 seconds
[2025-05-20T00:12:13.253+0000] {processor.py:186} INFO - Started process (PID=8036) to work on /home/airflow/.local/lib/python3.12/site-packages/airflow/example_dags/example_skip_dag.py
[2025-05-20T00:12:13.254+0000] {processor.py:914} INFO - Processing file /home/airflow/.local/lib/python3.12/site-packages/airflow/example_dags/example_skip_dag.py for tasks to queue
[2025-05-20T00:12:13.257+0000] {logging_mixin.py:190} INFO - [2025-05-20T00:12:13.257+0000] {dagbag.py:588} INFO - Filling up the DagBag from /home/airflow/.local/lib/python3.12/site-packages/airflow/example_dags/example_skip_dag.py
[2025-05-20T00:12:13.271+0000] {processor.py:925} INFO - DAG(s) 'example_skip_dag' retrieved from /home/airflow/.local/lib/python3.12/site-packages/airflow/example_dags/example_skip_dag.py
[2025-05-20T00:12:13.311+0000] {logging_mixin.py:190} INFO - [2025-05-20T00:12:13.311+0000] {dag.py:3239} INFO - Sync 1 DAGs
[2025-05-20T00:12:13.359+0000] {logging_mixin.py:190} INFO - [2025-05-20T00:12:13.359+0000] {dag.py:4180} INFO - Setting next_dagrun for example_skip_dag to 2025-05-19 00:00:00+00:00, run_after=2025-05-20 00:00:00+00:00
[2025-05-20T00:12:13.400+0000] {processor.py:208} INFO - Processing /home/airflow/.local/lib/python3.12/site-packages/airflow/example_dags/example_skip_dag.py took 0.161 seconds
[2025-05-20T00:12:44.980+0000] {processor.py:186} INFO - Started process (PID=8100) to work on /home/airflow/.local/lib/python3.12/site-packages/airflow/example_dags/example_skip_dag.py
[2025-05-20T00:12:44.986+0000] {processor.py:914} INFO - Processing file /home/airflow/.local/lib/python3.12/site-packages/airflow/example_dags/example_skip_dag.py for tasks to queue
[2025-05-20T00:12:44.995+0000] {logging_mixin.py:190} INFO - [2025-05-20T00:12:44.993+0000] {dagbag.py:588} INFO - Filling up the DagBag from /home/airflow/.local/lib/python3.12/site-packages/airflow/example_dags/example_skip_dag.py
[2025-05-20T00:12:45.020+0000] {processor.py:925} INFO - DAG(s) 'example_skip_dag' retrieved from /home/airflow/.local/lib/python3.12/site-packages/airflow/example_dags/example_skip_dag.py
[2025-05-20T00:12:45.088+0000] {logging_mixin.py:190} INFO - [2025-05-20T00:12:45.087+0000] {dag.py:3239} INFO - Sync 1 DAGs
[2025-05-20T00:12:45.170+0000] {logging_mixin.py:190} INFO - [2025-05-20T00:12:45.167+0000] {dag.py:4180} INFO - Setting next_dagrun for example_skip_dag to 2025-05-19 00:00:00+00:00, run_after=2025-05-20 00:00:00+00:00
[2025-05-20T00:12:45.272+0000] {processor.py:208} INFO - Processing /home/airflow/.local/lib/python3.12/site-packages/airflow/example_dags/example_skip_dag.py took 0.304 seconds
[2025-05-20T00:13:15.854+0000] {processor.py:186} INFO - Started process (PID=8164) to work on /home/airflow/.local/lib/python3.12/site-packages/airflow/example_dags/example_skip_dag.py
[2025-05-20T00:13:15.856+0000] {processor.py:914} INFO - Processing file /home/airflow/.local/lib/python3.12/site-packages/airflow/example_dags/example_skip_dag.py for tasks to queue
[2025-05-20T00:13:15.860+0000] {logging_mixin.py:190} INFO - [2025-05-20T00:13:15.859+0000] {dagbag.py:588} INFO - Filling up the DagBag from /home/airflow/.local/lib/python3.12/site-packages/airflow/example_dags/example_skip_dag.py
[2025-05-20T00:13:15.886+0000] {processor.py:925} INFO - DAG(s) 'example_skip_dag' retrieved from /home/airflow/.local/lib/python3.12/site-packages/airflow/example_dags/example_skip_dag.py
[2025-05-20T00:13:16.004+0000] {logging_mixin.py:190} INFO - [2025-05-20T00:13:16.003+0000] {dag.py:3239} INFO - Sync 1 DAGs
[2025-05-20T00:13:16.113+0000] {logging_mixin.py:190} INFO - [2025-05-20T00:13:16.112+0000] {dag.py:4180} INFO - Setting next_dagrun for example_skip_dag to 2025-05-19 00:00:00+00:00, run_after=2025-05-20 00:00:00+00:00
[2025-05-20T00:13:16.164+0000] {processor.py:208} INFO - Processing /home/airflow/.local/lib/python3.12/site-packages/airflow/example_dags/example_skip_dag.py took 0.317 seconds
[2025-05-20T00:13:47.043+0000] {processor.py:186} INFO - Started process (PID=8229) to work on /home/airflow/.local/lib/python3.12/site-packages/airflow/example_dags/example_skip_dag.py
[2025-05-20T00:13:47.044+0000] {processor.py:914} INFO - Processing file /home/airflow/.local/lib/python3.12/site-packages/airflow/example_dags/example_skip_dag.py for tasks to queue
[2025-05-20T00:13:47.049+0000] {logging_mixin.py:190} INFO - [2025-05-20T00:13:47.048+0000] {dagbag.py:588} INFO - Filling up the DagBag from /home/airflow/.local/lib/python3.12/site-packages/airflow/example_dags/example_skip_dag.py
[2025-05-20T00:13:47.063+0000] {processor.py:925} INFO - DAG(s) 'example_skip_dag' retrieved from /home/airflow/.local/lib/python3.12/site-packages/airflow/example_dags/example_skip_dag.py
[2025-05-20T00:13:47.097+0000] {logging_mixin.py:190} INFO - [2025-05-20T00:13:47.096+0000] {dag.py:3239} INFO - Sync 1 DAGs
[2025-05-20T00:13:47.135+0000] {logging_mixin.py:190} INFO - [2025-05-20T00:13:47.134+0000] {dag.py:4180} INFO - Setting next_dagrun for example_skip_dag to 2025-05-19 00:00:00+00:00, run_after=2025-05-20 00:00:00+00:00
[2025-05-20T00:13:47.167+0000] {processor.py:208} INFO - Processing /home/airflow/.local/lib/python3.12/site-packages/airflow/example_dags/example_skip_dag.py took 0.134 seconds
[2025-05-20T00:14:17.906+0000] {processor.py:186} INFO - Started process (PID=8294) to work on /home/airflow/.local/lib/python3.12/site-packages/airflow/example_dags/example_skip_dag.py
[2025-05-20T00:14:17.908+0000] {processor.py:914} INFO - Processing file /home/airflow/.local/lib/python3.12/site-packages/airflow/example_dags/example_skip_dag.py for tasks to queue
[2025-05-20T00:14:17.912+0000] {logging_mixin.py:190} INFO - [2025-05-20T00:14:17.911+0000] {dagbag.py:588} INFO - Filling up the DagBag from /home/airflow/.local/lib/python3.12/site-packages/airflow/example_dags/example_skip_dag.py
[2025-05-20T00:14:17.928+0000] {processor.py:925} INFO - DAG(s) 'example_skip_dag' retrieved from /home/airflow/.local/lib/python3.12/site-packages/airflow/example_dags/example_skip_dag.py
[2025-05-20T00:14:17.971+0000] {logging_mixin.py:190} INFO - [2025-05-20T00:14:17.970+0000] {dag.py:3239} INFO - Sync 1 DAGs
[2025-05-20T00:14:18.017+0000] {logging_mixin.py:190} INFO - [2025-05-20T00:14:18.016+0000] {dag.py:4180} INFO - Setting next_dagrun for example_skip_dag to 2025-05-19 00:00:00+00:00, run_after=2025-05-20 00:00:00+00:00
[2025-05-20T00:14:18.046+0000] {processor.py:208} INFO - Processing /home/airflow/.local/lib/python3.12/site-packages/airflow/example_dags/example_skip_dag.py took 0.148 seconds
[2025-05-20T00:14:48.486+0000] {processor.py:186} INFO - Started process (PID=8357) to work on /home/airflow/.local/lib/python3.12/site-packages/airflow/example_dags/example_skip_dag.py
[2025-05-20T00:14:48.488+0000] {processor.py:914} INFO - Processing file /home/airflow/.local/lib/python3.12/site-packages/airflow/example_dags/example_skip_dag.py for tasks to queue
[2025-05-20T00:14:48.492+0000] {logging_mixin.py:190} INFO - [2025-05-20T00:14:48.491+0000] {dagbag.py:588} INFO - Filling up the DagBag from /home/airflow/.local/lib/python3.12/site-packages/airflow/example_dags/example_skip_dag.py
[2025-05-20T00:14:48.506+0000] {processor.py:925} INFO - DAG(s) 'example_skip_dag' retrieved from /home/airflow/.local/lib/python3.12/site-packages/airflow/example_dags/example_skip_dag.py
[2025-05-20T00:14:48.539+0000] {logging_mixin.py:190} INFO - [2025-05-20T00:14:48.538+0000] {dag.py:3239} INFO - Sync 1 DAGs
[2025-05-20T00:14:48.578+0000] {logging_mixin.py:190} INFO - [2025-05-20T00:14:48.578+0000] {dag.py:4180} INFO - Setting next_dagrun for example_skip_dag to 2025-05-19 00:00:00+00:00, run_after=2025-05-20 00:00:00+00:00
[2025-05-20T00:14:48.617+0000] {processor.py:208} INFO - Processing /home/airflow/.local/lib/python3.12/site-packages/airflow/example_dags/example_skip_dag.py took 0.139 seconds
[2025-05-20T00:15:19.183+0000] {processor.py:186} INFO - Started process (PID=8421) to work on /home/airflow/.local/lib/python3.12/site-packages/airflow/example_dags/example_skip_dag.py
[2025-05-20T00:15:19.185+0000] {processor.py:914} INFO - Processing file /home/airflow/.local/lib/python3.12/site-packages/airflow/example_dags/example_skip_dag.py for tasks to queue
[2025-05-20T00:15:19.191+0000] {logging_mixin.py:190} INFO - [2025-05-20T00:15:19.190+0000] {dagbag.py:588} INFO - Filling up the DagBag from /home/airflow/.local/lib/python3.12/site-packages/airflow/example_dags/example_skip_dag.py
[2025-05-20T00:15:19.209+0000] {processor.py:925} INFO - DAG(s) 'example_skip_dag' retrieved from /home/airflow/.local/lib/python3.12/site-packages/airflow/example_dags/example_skip_dag.py
[2025-05-20T00:15:19.256+0000] {logging_mixin.py:190} INFO - [2025-05-20T00:15:19.255+0000] {dag.py:3239} INFO - Sync 1 DAGs
[2025-05-20T00:15:19.339+0000] {logging_mixin.py:190} INFO - [2025-05-20T00:15:19.338+0000] {dag.py:4180} INFO - Setting next_dagrun for example_skip_dag to 2025-05-19 00:00:00+00:00, run_after=2025-05-20 00:00:00+00:00
[2025-05-20T00:15:19.434+0000] {processor.py:208} INFO - Processing /home/airflow/.local/lib/python3.12/site-packages/airflow/example_dags/example_skip_dag.py took 0.260 seconds
[2025-05-20T00:15:50.815+0000] {processor.py:186} INFO - Started process (PID=8486) to work on /home/airflow/.local/lib/python3.12/site-packages/airflow/example_dags/example_skip_dag.py
[2025-05-20T00:15:50.816+0000] {processor.py:914} INFO - Processing file /home/airflow/.local/lib/python3.12/site-packages/airflow/example_dags/example_skip_dag.py for tasks to queue
[2025-05-20T00:15:50.820+0000] {logging_mixin.py:190} INFO - [2025-05-20T00:15:50.820+0000] {dagbag.py:588} INFO - Filling up the DagBag from /home/airflow/.local/lib/python3.12/site-packages/airflow/example_dags/example_skip_dag.py
[2025-05-20T00:15:50.835+0000] {processor.py:925} INFO - DAG(s) 'example_skip_dag' retrieved from /home/airflow/.local/lib/python3.12/site-packages/airflow/example_dags/example_skip_dag.py
[2025-05-20T00:15:50.883+0000] {logging_mixin.py:190} INFO - [2025-05-20T00:15:50.883+0000] {dag.py:3239} INFO - Sync 1 DAGs
[2025-05-20T00:15:50.937+0000] {logging_mixin.py:190} INFO - [2025-05-20T00:15:50.936+0000] {dag.py:4180} INFO - Setting next_dagrun for example_skip_dag to 2025-05-19 00:00:00+00:00, run_after=2025-05-20 00:00:00+00:00
[2025-05-20T00:15:50.980+0000] {processor.py:208} INFO - Processing /home/airflow/.local/lib/python3.12/site-packages/airflow/example_dags/example_skip_dag.py took 0.174 seconds
[2025-05-20T00:16:21.117+0000] {processor.py:186} INFO - Started process (PID=8550) to work on /home/airflow/.local/lib/python3.12/site-packages/airflow/example_dags/example_skip_dag.py
[2025-05-20T00:16:21.118+0000] {processor.py:914} INFO - Processing file /home/airflow/.local/lib/python3.12/site-packages/airflow/example_dags/example_skip_dag.py for tasks to queue
[2025-05-20T00:16:21.125+0000] {logging_mixin.py:190} INFO - [2025-05-20T00:16:21.125+0000] {dagbag.py:588} INFO - Filling up the DagBag from /home/airflow/.local/lib/python3.12/site-packages/airflow/example_dags/example_skip_dag.py
[2025-05-20T00:16:21.173+0000] {processor.py:925} INFO - DAG(s) 'example_skip_dag' retrieved from /home/airflow/.local/lib/python3.12/site-packages/airflow/example_dags/example_skip_dag.py
[2025-05-20T00:16:21.235+0000] {logging_mixin.py:190} INFO - [2025-05-20T00:16:21.235+0000] {dag.py:3239} INFO - Sync 1 DAGs
[2025-05-20T00:16:21.299+0000] {logging_mixin.py:190} INFO - [2025-05-20T00:16:21.299+0000] {dag.py:4180} INFO - Setting next_dagrun for example_skip_dag to 2025-05-19 00:00:00+00:00, run_after=2025-05-20 00:00:00+00:00
[2025-05-20T00:16:21.330+0000] {processor.py:208} INFO - Processing /home/airflow/.local/lib/python3.12/site-packages/airflow/example_dags/example_skip_dag.py took 0.242 seconds
[2025-05-20T00:16:51.516+0000] {processor.py:186} INFO - Started process (PID=8614) to work on /home/airflow/.local/lib/python3.12/site-packages/airflow/example_dags/example_skip_dag.py
[2025-05-20T00:16:51.524+0000] {processor.py:914} INFO - Processing file /home/airflow/.local/lib/python3.12/site-packages/airflow/example_dags/example_skip_dag.py for tasks to queue
[2025-05-20T00:16:51.534+0000] {logging_mixin.py:190} INFO - [2025-05-20T00:16:51.534+0000] {dagbag.py:588} INFO - Filling up the DagBag from /home/airflow/.local/lib/python3.12/site-packages/airflow/example_dags/example_skip_dag.py
[2025-05-20T00:16:51.586+0000] {processor.py:925} INFO - DAG(s) 'example_skip_dag' retrieved from /home/airflow/.local/lib/python3.12/site-packages/airflow/example_dags/example_skip_dag.py
[2025-05-20T00:16:51.722+0000] {logging_mixin.py:190} INFO - [2025-05-20T00:16:51.712+0000] {dag.py:3239} INFO - Sync 1 DAGs
[2025-05-20T00:16:51.912+0000] {logging_mixin.py:190} INFO - [2025-05-20T00:16:51.911+0000] {dag.py:4180} INFO - Setting next_dagrun for example_skip_dag to 2025-05-19 00:00:00+00:00, run_after=2025-05-20 00:00:00+00:00
[2025-05-20T00:16:51.979+0000] {processor.py:208} INFO - Processing /home/airflow/.local/lib/python3.12/site-packages/airflow/example_dags/example_skip_dag.py took 0.483 seconds
[2025-05-20T00:17:23.069+0000] {processor.py:186} INFO - Started process (PID=8678) to work on /home/airflow/.local/lib/python3.12/site-packages/airflow/example_dags/example_skip_dag.py
[2025-05-20T00:17:23.071+0000] {processor.py:914} INFO - Processing file /home/airflow/.local/lib/python3.12/site-packages/airflow/example_dags/example_skip_dag.py for tasks to queue
[2025-05-20T00:17:23.074+0000] {logging_mixin.py:190} INFO - [2025-05-20T00:17:23.074+0000] {dagbag.py:588} INFO - Filling up the DagBag from /home/airflow/.local/lib/python3.12/site-packages/airflow/example_dags/example_skip_dag.py
[2025-05-20T00:17:23.088+0000] {processor.py:925} INFO - DAG(s) 'example_skip_dag' retrieved from /home/airflow/.local/lib/python3.12/site-packages/airflow/example_dags/example_skip_dag.py
[2025-05-20T00:17:23.166+0000] {logging_mixin.py:190} INFO - [2025-05-20T00:17:23.165+0000] {dag.py:3239} INFO - Sync 1 DAGs
[2025-05-20T00:17:23.260+0000] {logging_mixin.py:190} INFO - [2025-05-20T00:17:23.259+0000] {dag.py:4180} INFO - Setting next_dagrun for example_skip_dag to 2025-05-19 00:00:00+00:00, run_after=2025-05-20 00:00:00+00:00
[2025-05-20T00:17:23.300+0000] {processor.py:208} INFO - Processing /home/airflow/.local/lib/python3.12/site-packages/airflow/example_dags/example_skip_dag.py took 0.240 seconds
[2025-05-20T00:17:55.481+0000] {processor.py:186} INFO - Started process (PID=8740) to work on /home/airflow/.local/lib/python3.12/site-packages/airflow/example_dags/example_skip_dag.py
[2025-05-20T00:17:55.497+0000] {processor.py:914} INFO - Processing file /home/airflow/.local/lib/python3.12/site-packages/airflow/example_dags/example_skip_dag.py for tasks to queue
[2025-05-20T00:17:55.518+0000] {logging_mixin.py:190} INFO - [2025-05-20T00:17:55.518+0000] {dagbag.py:588} INFO - Filling up the DagBag from /home/airflow/.local/lib/python3.12/site-packages/airflow/example_dags/example_skip_dag.py
[2025-05-20T00:17:55.543+0000] {processor.py:925} INFO - DAG(s) 'example_skip_dag' retrieved from /home/airflow/.local/lib/python3.12/site-packages/airflow/example_dags/example_skip_dag.py
[2025-05-20T00:17:55.639+0000] {logging_mixin.py:190} INFO - [2025-05-20T00:17:55.638+0000] {dag.py:3239} INFO - Sync 1 DAGs
[2025-05-20T00:17:55.690+0000] {logging_mixin.py:190} INFO - [2025-05-20T00:17:55.689+0000] {dag.py:4180} INFO - Setting next_dagrun for example_skip_dag to 2025-05-19 00:00:00+00:00, run_after=2025-05-20 00:00:00+00:00
[2025-05-20T00:17:55.740+0000] {processor.py:208} INFO - Processing /home/airflow/.local/lib/python3.12/site-packages/airflow/example_dags/example_skip_dag.py took 0.275 seconds
[2025-05-20T00:18:27.118+0000] {processor.py:186} INFO - Started process (PID=8804) to work on /home/airflow/.local/lib/python3.12/site-packages/airflow/example_dags/example_skip_dag.py
[2025-05-20T00:18:27.120+0000] {processor.py:914} INFO - Processing file /home/airflow/.local/lib/python3.12/site-packages/airflow/example_dags/example_skip_dag.py for tasks to queue
[2025-05-20T00:18:27.123+0000] {logging_mixin.py:190} INFO - [2025-05-20T00:18:27.122+0000] {dagbag.py:588} INFO - Filling up the DagBag from /home/airflow/.local/lib/python3.12/site-packages/airflow/example_dags/example_skip_dag.py
[2025-05-20T00:18:27.135+0000] {processor.py:925} INFO - DAG(s) 'example_skip_dag' retrieved from /home/airflow/.local/lib/python3.12/site-packages/airflow/example_dags/example_skip_dag.py
[2025-05-20T00:18:27.168+0000] {logging_mixin.py:190} INFO - [2025-05-20T00:18:27.168+0000] {dag.py:3239} INFO - Sync 1 DAGs
[2025-05-20T00:18:27.217+0000] {logging_mixin.py:190} INFO - [2025-05-20T00:18:27.217+0000] {dag.py:4180} INFO - Setting next_dagrun for example_skip_dag to 2025-05-19 00:00:00+00:00, run_after=2025-05-20 00:00:00+00:00
[2025-05-20T00:18:27.268+0000] {processor.py:208} INFO - Processing /home/airflow/.local/lib/python3.12/site-packages/airflow/example_dags/example_skip_dag.py took 0.159 seconds
[2025-05-20T00:18:59.605+0000] {processor.py:186} INFO - Started process (PID=8868) to work on /home/airflow/.local/lib/python3.12/site-packages/airflow/example_dags/example_skip_dag.py
[2025-05-20T00:18:59.609+0000] {processor.py:914} INFO - Processing file /home/airflow/.local/lib/python3.12/site-packages/airflow/example_dags/example_skip_dag.py for tasks to queue
[2025-05-20T00:18:59.613+0000] {logging_mixin.py:190} INFO - [2025-05-20T00:18:59.612+0000] {dagbag.py:588} INFO - Filling up the DagBag from /home/airflow/.local/lib/python3.12/site-packages/airflow/example_dags/example_skip_dag.py
[2025-05-20T00:18:59.628+0000] {processor.py:925} INFO - DAG(s) 'example_skip_dag' retrieved from /home/airflow/.local/lib/python3.12/site-packages/airflow/example_dags/example_skip_dag.py
[2025-05-20T00:18:59.696+0000] {logging_mixin.py:190} INFO - [2025-05-20T00:18:59.694+0000] {dag.py:3239} INFO - Sync 1 DAGs
[2025-05-20T00:18:59.809+0000] {logging_mixin.py:190} INFO - [2025-05-20T00:18:59.808+0000] {dag.py:4180} INFO - Setting next_dagrun for example_skip_dag to 2025-05-19 00:00:00+00:00, run_after=2025-05-20 00:00:00+00:00
[2025-05-20T00:18:59.913+0000] {processor.py:208} INFO - Processing /home/airflow/.local/lib/python3.12/site-packages/airflow/example_dags/example_skip_dag.py took 0.316 seconds
[2025-05-20T00:19:30.895+0000] {processor.py:186} INFO - Started process (PID=8940) to work on /home/airflow/.local/lib/python3.12/site-packages/airflow/example_dags/example_skip_dag.py
[2025-05-20T00:19:30.897+0000] {processor.py:914} INFO - Processing file /home/airflow/.local/lib/python3.12/site-packages/airflow/example_dags/example_skip_dag.py for tasks to queue
[2025-05-20T00:19:30.902+0000] {logging_mixin.py:190} INFO - [2025-05-20T00:19:30.901+0000] {dagbag.py:588} INFO - Filling up the DagBag from /home/airflow/.local/lib/python3.12/site-packages/airflow/example_dags/example_skip_dag.py
[2025-05-20T00:19:30.918+0000] {processor.py:925} INFO - DAG(s) 'example_skip_dag' retrieved from /home/airflow/.local/lib/python3.12/site-packages/airflow/example_dags/example_skip_dag.py
[2025-05-20T00:19:30.954+0000] {logging_mixin.py:190} INFO - [2025-05-20T00:19:30.954+0000] {dag.py:3239} INFO - Sync 1 DAGs
[2025-05-20T00:19:30.990+0000] {logging_mixin.py:190} INFO - [2025-05-20T00:19:30.990+0000] {dag.py:4180} INFO - Setting next_dagrun for example_skip_dag to 2025-05-19 00:00:00+00:00, run_after=2025-05-20 00:00:00+00:00
[2025-05-20T00:19:31.021+0000] {processor.py:208} INFO - Processing /home/airflow/.local/lib/python3.12/site-packages/airflow/example_dags/example_skip_dag.py took 0.139 seconds
[2025-05-20T00:20:05.873+0000] {processor.py:186} INFO - Started process (PID=9006) to work on /home/airflow/.local/lib/python3.12/site-packages/airflow/example_dags/example_skip_dag.py
[2025-05-20T00:20:05.874+0000] {processor.py:914} INFO - Processing file /home/airflow/.local/lib/python3.12/site-packages/airflow/example_dags/example_skip_dag.py for tasks to queue
[2025-05-20T00:20:05.878+0000] {logging_mixin.py:190} INFO - [2025-05-20T00:20:05.877+0000] {dagbag.py:588} INFO - Filling up the DagBag from /home/airflow/.local/lib/python3.12/site-packages/airflow/example_dags/example_skip_dag.py
[2025-05-20T00:20:05.892+0000] {processor.py:925} INFO - DAG(s) 'example_skip_dag' retrieved from /home/airflow/.local/lib/python3.12/site-packages/airflow/example_dags/example_skip_dag.py
[2025-05-20T00:20:05.929+0000] {logging_mixin.py:190} INFO - [2025-05-20T00:20:05.928+0000] {dag.py:3239} INFO - Sync 1 DAGs
[2025-05-20T00:20:05.973+0000] {logging_mixin.py:190} INFO - [2025-05-20T00:20:05.972+0000] {dag.py:4180} INFO - Setting next_dagrun for example_skip_dag to 2025-05-19 00:00:00+00:00, run_after=2025-05-20 00:00:00+00:00
[2025-05-20T00:20:06.003+0000] {processor.py:208} INFO - Processing /home/airflow/.local/lib/python3.12/site-packages/airflow/example_dags/example_skip_dag.py took 0.139 seconds
[2025-05-20T00:20:38.526+0000] {processor.py:186} INFO - Started process (PID=9069) to work on /home/airflow/.local/lib/python3.12/site-packages/airflow/example_dags/example_skip_dag.py
[2025-05-20T00:20:38.537+0000] {processor.py:914} INFO - Processing file /home/airflow/.local/lib/python3.12/site-packages/airflow/example_dags/example_skip_dag.py for tasks to queue
[2025-05-20T00:20:38.559+0000] {logging_mixin.py:190} INFO - [2025-05-20T00:20:38.558+0000] {dagbag.py:588} INFO - Filling up the DagBag from /home/airflow/.local/lib/python3.12/site-packages/airflow/example_dags/example_skip_dag.py
[2025-05-20T00:20:38.601+0000] {processor.py:925} INFO - DAG(s) 'example_skip_dag' retrieved from /home/airflow/.local/lib/python3.12/site-packages/airflow/example_dags/example_skip_dag.py
[2025-05-20T00:20:38.725+0000] {logging_mixin.py:190} INFO - [2025-05-20T00:20:38.724+0000] {dag.py:3239} INFO - Sync 1 DAGs
[2025-05-20T00:20:38.798+0000] {logging_mixin.py:190} INFO - [2025-05-20T00:20:38.797+0000] {dag.py:4180} INFO - Setting next_dagrun for example_skip_dag to 2025-05-19 00:00:00+00:00, run_after=2025-05-20 00:00:00+00:00
[2025-05-20T00:20:38.858+0000] {processor.py:208} INFO - Processing /home/airflow/.local/lib/python3.12/site-packages/airflow/example_dags/example_skip_dag.py took 0.352 seconds
[2025-05-20T00:21:09.112+0000] {processor.py:186} INFO - Started process (PID=9132) to work on /home/airflow/.local/lib/python3.12/site-packages/airflow/example_dags/example_skip_dag.py
[2025-05-20T00:21:09.115+0000] {processor.py:914} INFO - Processing file /home/airflow/.local/lib/python3.12/site-packages/airflow/example_dags/example_skip_dag.py for tasks to queue
[2025-05-20T00:21:09.118+0000] {logging_mixin.py:190} INFO - [2025-05-20T00:21:09.118+0000] {dagbag.py:588} INFO - Filling up the DagBag from /home/airflow/.local/lib/python3.12/site-packages/airflow/example_dags/example_skip_dag.py
[2025-05-20T00:21:09.128+0000] {processor.py:925} INFO - DAG(s) 'example_skip_dag' retrieved from /home/airflow/.local/lib/python3.12/site-packages/airflow/example_dags/example_skip_dag.py
[2025-05-20T00:21:09.166+0000] {logging_mixin.py:190} INFO - [2025-05-20T00:21:09.166+0000] {dag.py:3239} INFO - Sync 1 DAGs
[2025-05-20T00:21:09.216+0000] {logging_mixin.py:190} INFO - [2025-05-20T00:21:09.215+0000] {dag.py:4180} INFO - Setting next_dagrun for example_skip_dag to 2025-05-19 00:00:00+00:00, run_after=2025-05-20 00:00:00+00:00
[2025-05-20T00:21:09.247+0000] {processor.py:208} INFO - Processing /home/airflow/.local/lib/python3.12/site-packages/airflow/example_dags/example_skip_dag.py took 0.142 seconds
