[2025-05-20T00:00:19.827+0000] {processor.py:186} INFO - Started process (PID=6589) to work on /home/airflow/.local/lib/python3.12/site-packages/airflow/example_dags/example_branch_python_dop_operator_3.py
[2025-05-20T00:00:19.828+0000] {processor.py:914} INFO - Processing file /home/airflow/.local/lib/python3.12/site-packages/airflow/example_dags/example_branch_python_dop_operator_3.py for tasks to queue
[2025-05-20T00:00:19.832+0000] {logging_mixin.py:190} INFO - [2025-05-20T00:00:19.831+0000] {dagbag.py:588} INFO - Filling up the DagBag from /home/airflow/.local/lib/python3.12/site-packages/airflow/example_dags/example_branch_python_dop_operator_3.py
[2025-05-20T00:00:19.852+0000] {processor.py:925} INFO - DAG(s) 'example_branch_dop_operator_v3' retrieved from /home/airflow/.local/lib/python3.12/site-packages/airflow/example_dags/example_branch_python_dop_operator_3.py
[2025-05-20T00:00:19.895+0000] {logging_mixin.py:190} INFO - [2025-05-20T00:00:19.895+0000] {dag.py:3239} INFO - Sync 1 DAGs
[2025-05-20T00:00:19.960+0000] {logging_mixin.py:190} INFO - [2025-05-20T00:00:19.960+0000] {dag.py:4180} INFO - Setting next_dagrun for example_branch_dop_operator_v3 to 2025-05-19 23:59:00+00:00, run_after=2025-05-20 00:00:00+00:00
[2025-05-20T00:00:20.042+0000] {processor.py:208} INFO - Processing /home/airflow/.local/lib/python3.12/site-packages/airflow/example_dags/example_branch_python_dop_operator_3.py took 0.226 seconds
[2025-05-20T00:00:51.781+0000] {processor.py:186} INFO - Started process (PID=6657) to work on /home/airflow/.local/lib/python3.12/site-packages/airflow/example_dags/example_branch_python_dop_operator_3.py
[2025-05-20T00:00:51.782+0000] {processor.py:914} INFO - Processing file /home/airflow/.local/lib/python3.12/site-packages/airflow/example_dags/example_branch_python_dop_operator_3.py for tasks to queue
[2025-05-20T00:00:51.787+0000] {logging_mixin.py:190} INFO - [2025-05-20T00:00:51.787+0000] {dagbag.py:588} INFO - Filling up the DagBag from /home/airflow/.local/lib/python3.12/site-packages/airflow/example_dags/example_branch_python_dop_operator_3.py
[2025-05-20T00:00:51.806+0000] {processor.py:925} INFO - DAG(s) 'example_branch_dop_operator_v3' retrieved from /home/airflow/.local/lib/python3.12/site-packages/airflow/example_dags/example_branch_python_dop_operator_3.py
[2025-05-20T00:00:51.837+0000] {logging_mixin.py:190} INFO - [2025-05-20T00:00:51.837+0000] {dag.py:3239} INFO - Sync 1 DAGs
[2025-05-20T00:00:51.902+0000] {logging_mixin.py:190} INFO - [2025-05-20T00:00:51.901+0000] {dag.py:4180} INFO - Setting next_dagrun for example_branch_dop_operator_v3 to 2025-05-19 23:59:00+00:00, run_after=2025-05-20 00:00:00+00:00
[2025-05-20T00:00:51.937+0000] {processor.py:208} INFO - Processing /home/airflow/.local/lib/python3.12/site-packages/airflow/example_dags/example_branch_python_dop_operator_3.py took 0.169 seconds
[2025-05-20T00:01:23.949+0000] {processor.py:186} INFO - Started process (PID=6727) to work on /home/airflow/.local/lib/python3.12/site-packages/airflow/example_dags/example_branch_python_dop_operator_3.py
[2025-05-20T00:01:23.951+0000] {processor.py:914} INFO - Processing file /home/airflow/.local/lib/python3.12/site-packages/airflow/example_dags/example_branch_python_dop_operator_3.py for tasks to queue
[2025-05-20T00:01:23.956+0000] {logging_mixin.py:190} INFO - [2025-05-20T00:01:23.955+0000] {dagbag.py:588} INFO - Filling up the DagBag from /home/airflow/.local/lib/python3.12/site-packages/airflow/example_dags/example_branch_python_dop_operator_3.py
[2025-05-20T00:01:23.980+0000] {processor.py:925} INFO - DAG(s) 'example_branch_dop_operator_v3' retrieved from /home/airflow/.local/lib/python3.12/site-packages/airflow/example_dags/example_branch_python_dop_operator_3.py
[2025-05-20T00:01:24.017+0000] {logging_mixin.py:190} INFO - [2025-05-20T00:01:24.016+0000] {dag.py:3239} INFO - Sync 1 DAGs
[2025-05-20T00:01:24.106+0000] {logging_mixin.py:190} INFO - [2025-05-20T00:01:24.105+0000] {dag.py:4180} INFO - Setting next_dagrun for example_branch_dop_operator_v3 to 2025-05-20 00:00:00+00:00, run_after=2025-05-20 00:01:00+00:00
[2025-05-20T00:01:24.137+0000] {processor.py:208} INFO - Processing /home/airflow/.local/lib/python3.12/site-packages/airflow/example_dags/example_branch_python_dop_operator_3.py took 0.197 seconds
[2025-05-20T00:01:57.519+0000] {processor.py:186} INFO - Started process (PID=6789) to work on /home/airflow/.local/lib/python3.12/site-packages/airflow/example_dags/example_branch_python_dop_operator_3.py
[2025-05-20T00:01:57.523+0000] {processor.py:914} INFO - Processing file /home/airflow/.local/lib/python3.12/site-packages/airflow/example_dags/example_branch_python_dop_operator_3.py for tasks to queue
[2025-05-20T00:01:57.529+0000] {logging_mixin.py:190} INFO - [2025-05-20T00:01:57.527+0000] {dagbag.py:588} INFO - Filling up the DagBag from /home/airflow/.local/lib/python3.12/site-packages/airflow/example_dags/example_branch_python_dop_operator_3.py
[2025-05-20T00:01:57.552+0000] {processor.py:925} INFO - DAG(s) 'example_branch_dop_operator_v3' retrieved from /home/airflow/.local/lib/python3.12/site-packages/airflow/example_dags/example_branch_python_dop_operator_3.py
[2025-05-20T00:01:57.588+0000] {logging_mixin.py:190} INFO - [2025-05-20T00:01:57.587+0000] {dag.py:3239} INFO - Sync 1 DAGs
[2025-05-20T00:01:57.649+0000] {logging_mixin.py:190} INFO - [2025-05-20T00:01:57.649+0000] {dag.py:4180} INFO - Setting next_dagrun for example_branch_dop_operator_v3 to 2025-05-20 00:00:00+00:00, run_after=2025-05-20 00:01:00+00:00
[2025-05-20T00:01:57.701+0000] {processor.py:208} INFO - Processing /home/airflow/.local/lib/python3.12/site-packages/airflow/example_dags/example_branch_python_dop_operator_3.py took 0.198 seconds
[2025-05-20T00:02:28.691+0000] {processor.py:186} INFO - Started process (PID=6853) to work on /home/airflow/.local/lib/python3.12/site-packages/airflow/example_dags/example_branch_python_dop_operator_3.py
[2025-05-20T00:02:28.692+0000] {processor.py:914} INFO - Processing file /home/airflow/.local/lib/python3.12/site-packages/airflow/example_dags/example_branch_python_dop_operator_3.py for tasks to queue
[2025-05-20T00:02:28.697+0000] {logging_mixin.py:190} INFO - [2025-05-20T00:02:28.696+0000] {dagbag.py:588} INFO - Filling up the DagBag from /home/airflow/.local/lib/python3.12/site-packages/airflow/example_dags/example_branch_python_dop_operator_3.py
[2025-05-20T00:02:28.713+0000] {processor.py:925} INFO - DAG(s) 'example_branch_dop_operator_v3' retrieved from /home/airflow/.local/lib/python3.12/site-packages/airflow/example_dags/example_branch_python_dop_operator_3.py
[2025-05-20T00:02:28.748+0000] {logging_mixin.py:190} INFO - [2025-05-20T00:02:28.747+0000] {dag.py:3239} INFO - Sync 1 DAGs
[2025-05-20T00:02:28.800+0000] {logging_mixin.py:190} INFO - [2025-05-20T00:02:28.800+0000] {dag.py:4180} INFO - Setting next_dagrun for example_branch_dop_operator_v3 to 2025-05-20 00:01:00+00:00, run_after=2025-05-20 00:02:00+00:00
[2025-05-20T00:02:28.840+0000] {processor.py:208} INFO - Processing /home/airflow/.local/lib/python3.12/site-packages/airflow/example_dags/example_branch_python_dop_operator_3.py took 0.159 seconds
[2025-05-20T00:02:59.555+0000] {processor.py:186} INFO - Started process (PID=6917) to work on /home/airflow/.local/lib/python3.12/site-packages/airflow/example_dags/example_branch_python_dop_operator_3.py
[2025-05-20T00:02:59.557+0000] {processor.py:914} INFO - Processing file /home/airflow/.local/lib/python3.12/site-packages/airflow/example_dags/example_branch_python_dop_operator_3.py for tasks to queue
[2025-05-20T00:02:59.560+0000] {logging_mixin.py:190} INFO - [2025-05-20T00:02:59.560+0000] {dagbag.py:588} INFO - Filling up the DagBag from /home/airflow/.local/lib/python3.12/site-packages/airflow/example_dags/example_branch_python_dop_operator_3.py
[2025-05-20T00:02:59.579+0000] {processor.py:925} INFO - DAG(s) 'example_branch_dop_operator_v3' retrieved from /home/airflow/.local/lib/python3.12/site-packages/airflow/example_dags/example_branch_python_dop_operator_3.py
[2025-05-20T00:02:59.646+0000] {logging_mixin.py:190} INFO - [2025-05-20T00:02:59.645+0000] {dag.py:3239} INFO - Sync 1 DAGs
[2025-05-20T00:02:59.742+0000] {logging_mixin.py:190} INFO - [2025-05-20T00:02:59.742+0000] {dag.py:4180} INFO - Setting next_dagrun for example_branch_dop_operator_v3 to 2025-05-20 00:01:00+00:00, run_after=2025-05-20 00:02:00+00:00
[2025-05-20T00:02:59.800+0000] {processor.py:208} INFO - Processing /home/airflow/.local/lib/python3.12/site-packages/airflow/example_dags/example_branch_python_dop_operator_3.py took 0.255 seconds
[2025-05-20T00:03:31.324+0000] {processor.py:186} INFO - Started process (PID=6981) to work on /home/airflow/.local/lib/python3.12/site-packages/airflow/example_dags/example_branch_python_dop_operator_3.py
[2025-05-20T00:03:31.326+0000] {processor.py:914} INFO - Processing file /home/airflow/.local/lib/python3.12/site-packages/airflow/example_dags/example_branch_python_dop_operator_3.py for tasks to queue
[2025-05-20T00:03:31.329+0000] {logging_mixin.py:190} INFO - [2025-05-20T00:03:31.329+0000] {dagbag.py:588} INFO - Filling up the DagBag from /home/airflow/.local/lib/python3.12/site-packages/airflow/example_dags/example_branch_python_dop_operator_3.py
[2025-05-20T00:03:31.351+0000] {processor.py:925} INFO - DAG(s) 'example_branch_dop_operator_v3' retrieved from /home/airflow/.local/lib/python3.12/site-packages/airflow/example_dags/example_branch_python_dop_operator_3.py
[2025-05-20T00:03:31.386+0000] {logging_mixin.py:190} INFO - [2025-05-20T00:03:31.385+0000] {dag.py:3239} INFO - Sync 1 DAGs
[2025-05-20T00:03:31.443+0000] {logging_mixin.py:190} INFO - [2025-05-20T00:03:31.442+0000] {dag.py:4180} INFO - Setting next_dagrun for example_branch_dop_operator_v3 to 2025-05-20 00:02:00+00:00, run_after=2025-05-20 00:03:00+00:00
[2025-05-20T00:03:31.491+0000] {processor.py:208} INFO - Processing /home/airflow/.local/lib/python3.12/site-packages/airflow/example_dags/example_branch_python_dop_operator_3.py took 0.174 seconds
[2025-05-20T00:04:04.862+0000] {processor.py:186} INFO - Started process (PID=7045) to work on /home/airflow/.local/lib/python3.12/site-packages/airflow/example_dags/example_branch_python_dop_operator_3.py
[2025-05-20T00:04:04.863+0000] {processor.py:914} INFO - Processing file /home/airflow/.local/lib/python3.12/site-packages/airflow/example_dags/example_branch_python_dop_operator_3.py for tasks to queue
[2025-05-20T00:04:04.873+0000] {logging_mixin.py:190} INFO - [2025-05-20T00:04:04.873+0000] {dagbag.py:588} INFO - Filling up the DagBag from /home/airflow/.local/lib/python3.12/site-packages/airflow/example_dags/example_branch_python_dop_operator_3.py
[2025-05-20T00:04:04.905+0000] {processor.py:925} INFO - DAG(s) 'example_branch_dop_operator_v3' retrieved from /home/airflow/.local/lib/python3.12/site-packages/airflow/example_dags/example_branch_python_dop_operator_3.py
[2025-05-20T00:04:04.957+0000] {logging_mixin.py:190} INFO - [2025-05-20T00:04:04.956+0000] {dag.py:3239} INFO - Sync 1 DAGs
[2025-05-20T00:04:05.039+0000] {logging_mixin.py:190} INFO - [2025-05-20T00:04:05.038+0000] {dag.py:4180} INFO - Setting next_dagrun for example_branch_dop_operator_v3 to 2025-05-20 00:03:00+00:00, run_after=2025-05-20 00:04:00+00:00
[2025-05-20T00:04:05.083+0000] {processor.py:208} INFO - Processing /home/airflow/.local/lib/python3.12/site-packages/airflow/example_dags/example_branch_python_dop_operator_3.py took 0.229 seconds
[2025-05-20T00:04:43.097+0000] {processor.py:186} INFO - Started process (PID=7112) to work on /home/airflow/.local/lib/python3.12/site-packages/airflow/example_dags/example_branch_python_dop_operator_3.py
[2025-05-20T00:04:43.099+0000] {processor.py:914} INFO - Processing file /home/airflow/.local/lib/python3.12/site-packages/airflow/example_dags/example_branch_python_dop_operator_3.py for tasks to queue
[2025-05-20T00:04:43.102+0000] {logging_mixin.py:190} INFO - [2025-05-20T00:04:43.101+0000] {dagbag.py:588} INFO - Filling up the DagBag from /home/airflow/.local/lib/python3.12/site-packages/airflow/example_dags/example_branch_python_dop_operator_3.py
[2025-05-20T00:04:43.123+0000] {processor.py:925} INFO - DAG(s) 'example_branch_dop_operator_v3' retrieved from /home/airflow/.local/lib/python3.12/site-packages/airflow/example_dags/example_branch_python_dop_operator_3.py
[2025-05-20T00:04:43.154+0000] {logging_mixin.py:190} INFO - [2025-05-20T00:04:43.153+0000] {dag.py:3239} INFO - Sync 1 DAGs
[2025-05-20T00:04:43.207+0000] {logging_mixin.py:190} INFO - [2025-05-20T00:04:43.207+0000] {dag.py:4180} INFO - Setting next_dagrun for example_branch_dop_operator_v3 to 2025-05-20 00:03:00+00:00, run_after=2025-05-20 00:04:00+00:00
[2025-05-20T00:04:43.247+0000] {processor.py:208} INFO - Processing /home/airflow/.local/lib/python3.12/site-packages/airflow/example_dags/example_branch_python_dop_operator_3.py took 0.157 seconds
[2025-05-20T00:05:13.844+0000] {processor.py:186} INFO - Started process (PID=7176) to work on /home/airflow/.local/lib/python3.12/site-packages/airflow/example_dags/example_branch_python_dop_operator_3.py
[2025-05-20T00:05:13.845+0000] {processor.py:914} INFO - Processing file /home/airflow/.local/lib/python3.12/site-packages/airflow/example_dags/example_branch_python_dop_operator_3.py for tasks to queue
[2025-05-20T00:05:13.848+0000] {logging_mixin.py:190} INFO - [2025-05-20T00:05:13.847+0000] {dagbag.py:588} INFO - Filling up the DagBag from /home/airflow/.local/lib/python3.12/site-packages/airflow/example_dags/example_branch_python_dop_operator_3.py
[2025-05-20T00:05:13.863+0000] {processor.py:925} INFO - DAG(s) 'example_branch_dop_operator_v3' retrieved from /home/airflow/.local/lib/python3.12/site-packages/airflow/example_dags/example_branch_python_dop_operator_3.py
[2025-05-20T00:05:13.893+0000] {logging_mixin.py:190} INFO - [2025-05-20T00:05:13.892+0000] {dag.py:3239} INFO - Sync 1 DAGs
[2025-05-20T00:05:13.942+0000] {logging_mixin.py:190} INFO - [2025-05-20T00:05:13.942+0000] {dag.py:4180} INFO - Setting next_dagrun for example_branch_dop_operator_v3 to 2025-05-20 00:04:00+00:00, run_after=2025-05-20 00:05:00+00:00
[2025-05-20T00:05:13.972+0000] {processor.py:208} INFO - Processing /home/airflow/.local/lib/python3.12/site-packages/airflow/example_dags/example_branch_python_dop_operator_3.py took 0.138 seconds
[2025-05-20T00:05:44.485+0000] {processor.py:186} INFO - Started process (PID=7241) to work on /home/airflow/.local/lib/python3.12/site-packages/airflow/example_dags/example_branch_python_dop_operator_3.py
[2025-05-20T00:05:44.487+0000] {processor.py:914} INFO - Processing file /home/airflow/.local/lib/python3.12/site-packages/airflow/example_dags/example_branch_python_dop_operator_3.py for tasks to queue
[2025-05-20T00:05:44.490+0000] {logging_mixin.py:190} INFO - [2025-05-20T00:05:44.490+0000] {dagbag.py:588} INFO - Filling up the DagBag from /home/airflow/.local/lib/python3.12/site-packages/airflow/example_dags/example_branch_python_dop_operator_3.py
[2025-05-20T00:05:44.505+0000] {processor.py:925} INFO - DAG(s) 'example_branch_dop_operator_v3' retrieved from /home/airflow/.local/lib/python3.12/site-packages/airflow/example_dags/example_branch_python_dop_operator_3.py
[2025-05-20T00:05:44.535+0000] {logging_mixin.py:190} INFO - [2025-05-20T00:05:44.535+0000] {dag.py:3239} INFO - Sync 1 DAGs
[2025-05-20T00:05:44.582+0000] {logging_mixin.py:190} INFO - [2025-05-20T00:05:44.581+0000] {dag.py:4180} INFO - Setting next_dagrun for example_branch_dop_operator_v3 to 2025-05-20 00:04:00+00:00, run_after=2025-05-20 00:05:00+00:00
[2025-05-20T00:05:44.613+0000] {processor.py:208} INFO - Processing /home/airflow/.local/lib/python3.12/site-packages/airflow/example_dags/example_branch_python_dop_operator_3.py took 0.137 seconds
[2025-05-20T00:06:15.724+0000] {processor.py:186} INFO - Started process (PID=7304) to work on /home/airflow/.local/lib/python3.12/site-packages/airflow/example_dags/example_branch_python_dop_operator_3.py
[2025-05-20T00:06:15.727+0000] {processor.py:914} INFO - Processing file /home/airflow/.local/lib/python3.12/site-packages/airflow/example_dags/example_branch_python_dop_operator_3.py for tasks to queue
[2025-05-20T00:06:15.734+0000] {logging_mixin.py:190} INFO - [2025-05-20T00:06:15.733+0000] {dagbag.py:588} INFO - Filling up the DagBag from /home/airflow/.local/lib/python3.12/site-packages/airflow/example_dags/example_branch_python_dop_operator_3.py
[2025-05-20T00:06:15.768+0000] {processor.py:925} INFO - DAG(s) 'example_branch_dop_operator_v3' retrieved from /home/airflow/.local/lib/python3.12/site-packages/airflow/example_dags/example_branch_python_dop_operator_3.py
[2025-05-20T00:06:15.821+0000] {logging_mixin.py:190} INFO - [2025-05-20T00:06:15.820+0000] {dag.py:3239} INFO - Sync 1 DAGs
[2025-05-20T00:06:15.875+0000] {logging_mixin.py:190} INFO - [2025-05-20T00:06:15.875+0000] {dag.py:4180} INFO - Setting next_dagrun for example_branch_dop_operator_v3 to 2025-05-20 00:05:00+00:00, run_after=2025-05-20 00:06:00+00:00
[2025-05-20T00:06:15.916+0000] {processor.py:208} INFO - Processing /home/airflow/.local/lib/python3.12/site-packages/airflow/example_dags/example_branch_python_dop_operator_3.py took 0.202 seconds
[2025-05-20T00:06:47.212+0000] {processor.py:186} INFO - Started process (PID=7370) to work on /home/airflow/.local/lib/python3.12/site-packages/airflow/example_dags/example_branch_python_dop_operator_3.py
[2025-05-20T00:06:47.214+0000] {processor.py:914} INFO - Processing file /home/airflow/.local/lib/python3.12/site-packages/airflow/example_dags/example_branch_python_dop_operator_3.py for tasks to queue
[2025-05-20T00:06:47.217+0000] {logging_mixin.py:190} INFO - [2025-05-20T00:06:47.216+0000] {dagbag.py:588} INFO - Filling up the DagBag from /home/airflow/.local/lib/python3.12/site-packages/airflow/example_dags/example_branch_python_dop_operator_3.py
[2025-05-20T00:06:47.233+0000] {processor.py:925} INFO - DAG(s) 'example_branch_dop_operator_v3' retrieved from /home/airflow/.local/lib/python3.12/site-packages/airflow/example_dags/example_branch_python_dop_operator_3.py
[2025-05-20T00:06:47.263+0000] {logging_mixin.py:190} INFO - [2025-05-20T00:06:47.262+0000] {dag.py:3239} INFO - Sync 1 DAGs
[2025-05-20T00:06:47.313+0000] {logging_mixin.py:190} INFO - [2025-05-20T00:06:47.312+0000] {dag.py:4180} INFO - Setting next_dagrun for example_branch_dop_operator_v3 to 2025-05-20 00:05:00+00:00, run_after=2025-05-20 00:06:00+00:00
[2025-05-20T00:06:47.343+0000] {processor.py:208} INFO - Processing /home/airflow/.local/lib/python3.12/site-packages/airflow/example_dags/example_branch_python_dop_operator_3.py took 0.138 seconds
[2025-05-20T00:07:19.458+0000] {processor.py:186} INFO - Started process (PID=7436) to work on /home/airflow/.local/lib/python3.12/site-packages/airflow/example_dags/example_branch_python_dop_operator_3.py
[2025-05-20T00:07:19.461+0000] {processor.py:914} INFO - Processing file /home/airflow/.local/lib/python3.12/site-packages/airflow/example_dags/example_branch_python_dop_operator_3.py for tasks to queue
[2025-05-20T00:07:19.465+0000] {logging_mixin.py:190} INFO - [2025-05-20T00:07:19.464+0000] {dagbag.py:588} INFO - Filling up the DagBag from /home/airflow/.local/lib/python3.12/site-packages/airflow/example_dags/example_branch_python_dop_operator_3.py
[2025-05-20T00:07:19.490+0000] {processor.py:925} INFO - DAG(s) 'example_branch_dop_operator_v3' retrieved from /home/airflow/.local/lib/python3.12/site-packages/airflow/example_dags/example_branch_python_dop_operator_3.py
[2025-05-20T00:07:19.571+0000] {logging_mixin.py:190} INFO - [2025-05-20T00:07:19.570+0000] {dag.py:3239} INFO - Sync 1 DAGs
[2025-05-20T00:07:19.634+0000] {logging_mixin.py:190} INFO - [2025-05-20T00:07:19.634+0000] {dag.py:4180} INFO - Setting next_dagrun for example_branch_dop_operator_v3 to 2025-05-20 00:06:00+00:00, run_after=2025-05-20 00:07:00+00:00
[2025-05-20T00:07:19.669+0000] {processor.py:208} INFO - Processing /home/airflow/.local/lib/python3.12/site-packages/airflow/example_dags/example_branch_python_dop_operator_3.py took 0.227 seconds
[2025-05-20T00:07:52.165+0000] {processor.py:186} INFO - Started process (PID=7503) to work on /home/airflow/.local/lib/python3.12/site-packages/airflow/example_dags/example_branch_python_dop_operator_3.py
[2025-05-20T00:07:52.168+0000] {processor.py:914} INFO - Processing file /home/airflow/.local/lib/python3.12/site-packages/airflow/example_dags/example_branch_python_dop_operator_3.py for tasks to queue
[2025-05-20T00:07:52.174+0000] {logging_mixin.py:190} INFO - [2025-05-20T00:07:52.173+0000] {dagbag.py:588} INFO - Filling up the DagBag from /home/airflow/.local/lib/python3.12/site-packages/airflow/example_dags/example_branch_python_dop_operator_3.py
[2025-05-20T00:07:52.209+0000] {processor.py:925} INFO - DAG(s) 'example_branch_dop_operator_v3' retrieved from /home/airflow/.local/lib/python3.12/site-packages/airflow/example_dags/example_branch_python_dop_operator_3.py
[2025-05-20T00:07:52.261+0000] {logging_mixin.py:190} INFO - [2025-05-20T00:07:52.260+0000] {dag.py:3239} INFO - Sync 1 DAGs
[2025-05-20T00:07:52.318+0000] {logging_mixin.py:190} INFO - [2025-05-20T00:07:52.318+0000] {dag.py:4180} INFO - Setting next_dagrun for example_branch_dop_operator_v3 to 2025-05-20 00:06:00+00:00, run_after=2025-05-20 00:07:00+00:00
[2025-05-20T00:07:52.354+0000] {processor.py:208} INFO - Processing /home/airflow/.local/lib/python3.12/site-packages/airflow/example_dags/example_branch_python_dop_operator_3.py took 0.203 seconds
[2025-05-20T00:08:23.715+0000] {processor.py:186} INFO - Started process (PID=7567) to work on /home/airflow/.local/lib/python3.12/site-packages/airflow/example_dags/example_branch_python_dop_operator_3.py
[2025-05-20T00:08:23.717+0000] {processor.py:914} INFO - Processing file /home/airflow/.local/lib/python3.12/site-packages/airflow/example_dags/example_branch_python_dop_operator_3.py for tasks to queue
[2025-05-20T00:08:23.719+0000] {logging_mixin.py:190} INFO - [2025-05-20T00:08:23.719+0000] {dagbag.py:588} INFO - Filling up the DagBag from /home/airflow/.local/lib/python3.12/site-packages/airflow/example_dags/example_branch_python_dop_operator_3.py
[2025-05-20T00:08:23.738+0000] {processor.py:925} INFO - DAG(s) 'example_branch_dop_operator_v3' retrieved from /home/airflow/.local/lib/python3.12/site-packages/airflow/example_dags/example_branch_python_dop_operator_3.py
[2025-05-20T00:08:23.768+0000] {logging_mixin.py:190} INFO - [2025-05-20T00:08:23.767+0000] {dag.py:3239} INFO - Sync 1 DAGs
[2025-05-20T00:08:23.818+0000] {logging_mixin.py:190} INFO - [2025-05-20T00:08:23.817+0000] {dag.py:4180} INFO - Setting next_dagrun for example_branch_dop_operator_v3 to 2025-05-20 00:07:00+00:00, run_after=2025-05-20 00:08:00+00:00
[2025-05-20T00:08:23.862+0000] {processor.py:208} INFO - Processing /home/airflow/.local/lib/python3.12/site-packages/airflow/example_dags/example_branch_python_dop_operator_3.py took 0.154 seconds
[2025-05-20T00:08:54.120+0000] {processor.py:186} INFO - Started process (PID=7630) to work on /home/airflow/.local/lib/python3.12/site-packages/airflow/example_dags/example_branch_python_dop_operator_3.py
[2025-05-20T00:08:54.122+0000] {processor.py:914} INFO - Processing file /home/airflow/.local/lib/python3.12/site-packages/airflow/example_dags/example_branch_python_dop_operator_3.py for tasks to queue
[2025-05-20T00:08:54.125+0000] {logging_mixin.py:190} INFO - [2025-05-20T00:08:54.125+0000] {dagbag.py:588} INFO - Filling up the DagBag from /home/airflow/.local/lib/python3.12/site-packages/airflow/example_dags/example_branch_python_dop_operator_3.py
[2025-05-20T00:08:54.143+0000] {processor.py:925} INFO - DAG(s) 'example_branch_dop_operator_v3' retrieved from /home/airflow/.local/lib/python3.12/site-packages/airflow/example_dags/example_branch_python_dop_operator_3.py
[2025-05-20T00:08:54.176+0000] {logging_mixin.py:190} INFO - [2025-05-20T00:08:54.175+0000] {dag.py:3239} INFO - Sync 1 DAGs
[2025-05-20T00:08:54.239+0000] {logging_mixin.py:190} INFO - [2025-05-20T00:08:54.238+0000] {dag.py:4180} INFO - Setting next_dagrun for example_branch_dop_operator_v3 to 2025-05-20 00:07:00+00:00, run_after=2025-05-20 00:08:00+00:00
[2025-05-20T00:08:54.286+0000] {processor.py:208} INFO - Processing /home/airflow/.local/lib/python3.12/site-packages/airflow/example_dags/example_branch_python_dop_operator_3.py took 0.175 seconds
[2025-05-20T00:09:29.242+0000] {processor.py:186} INFO - Started process (PID=7699) to work on /home/airflow/.local/lib/python3.12/site-packages/airflow/example_dags/example_branch_python_dop_operator_3.py
[2025-05-20T00:09:29.244+0000] {processor.py:914} INFO - Processing file /home/airflow/.local/lib/python3.12/site-packages/airflow/example_dags/example_branch_python_dop_operator_3.py for tasks to queue
[2025-05-20T00:09:29.255+0000] {logging_mixin.py:190} INFO - [2025-05-20T00:09:29.255+0000] {dagbag.py:588} INFO - Filling up the DagBag from /home/airflow/.local/lib/python3.12/site-packages/airflow/example_dags/example_branch_python_dop_operator_3.py
[2025-05-20T00:09:29.280+0000] {processor.py:925} INFO - DAG(s) 'example_branch_dop_operator_v3' retrieved from /home/airflow/.local/lib/python3.12/site-packages/airflow/example_dags/example_branch_python_dop_operator_3.py
[2025-05-20T00:09:29.352+0000] {logging_mixin.py:190} INFO - [2025-05-20T00:09:29.350+0000] {dag.py:3239} INFO - Sync 1 DAGs
[2025-05-20T00:09:29.463+0000] {logging_mixin.py:190} INFO - [2025-05-20T00:09:29.463+0000] {dag.py:4180} INFO - Setting next_dagrun for example_branch_dop_operator_v3 to 2025-05-20 00:08:00+00:00, run_after=2025-05-20 00:09:00+00:00
[2025-05-20T00:09:29.500+0000] {processor.py:208} INFO - Processing /home/airflow/.local/lib/python3.12/site-packages/airflow/example_dags/example_branch_python_dop_operator_3.py took 0.269 seconds
[2025-05-20T00:09:59.992+0000] {processor.py:186} INFO - Started process (PID=7763) to work on /home/airflow/.local/lib/python3.12/site-packages/airflow/example_dags/example_branch_python_dop_operator_3.py
[2025-05-20T00:09:59.994+0000] {processor.py:914} INFO - Processing file /home/airflow/.local/lib/python3.12/site-packages/airflow/example_dags/example_branch_python_dop_operator_3.py for tasks to queue
[2025-05-20T00:09:59.998+0000] {logging_mixin.py:190} INFO - [2025-05-20T00:09:59.997+0000] {dagbag.py:588} INFO - Filling up the DagBag from /home/airflow/.local/lib/python3.12/site-packages/airflow/example_dags/example_branch_python_dop_operator_3.py
[2025-05-20T00:10:00.035+0000] {processor.py:925} INFO - DAG(s) 'example_branch_dop_operator_v3' retrieved from /home/airflow/.local/lib/python3.12/site-packages/airflow/example_dags/example_branch_python_dop_operator_3.py
[2025-05-20T00:10:00.089+0000] {logging_mixin.py:190} INFO - [2025-05-20T00:10:00.088+0000] {dag.py:3239} INFO - Sync 1 DAGs
[2025-05-20T00:10:00.175+0000] {logging_mixin.py:190} INFO - [2025-05-20T00:10:00.166+0000] {dag.py:4180} INFO - Setting next_dagrun for example_branch_dop_operator_v3 to 2025-05-20 00:09:00+00:00, run_after=2025-05-20 00:10:00+00:00
[2025-05-20T00:10:00.226+0000] {processor.py:208} INFO - Processing /home/airflow/.local/lib/python3.12/site-packages/airflow/example_dags/example_branch_python_dop_operator_3.py took 0.248 seconds
[2025-05-20T00:10:30.997+0000] {processor.py:186} INFO - Started process (PID=7826) to work on /home/airflow/.local/lib/python3.12/site-packages/airflow/example_dags/example_branch_python_dop_operator_3.py
[2025-05-20T00:10:31.002+0000] {processor.py:914} INFO - Processing file /home/airflow/.local/lib/python3.12/site-packages/airflow/example_dags/example_branch_python_dop_operator_3.py for tasks to queue
[2025-05-20T00:10:31.007+0000] {logging_mixin.py:190} INFO - [2025-05-20T00:10:31.006+0000] {dagbag.py:588} INFO - Filling up the DagBag from /home/airflow/.local/lib/python3.12/site-packages/airflow/example_dags/example_branch_python_dop_operator_3.py
[2025-05-20T00:10:31.035+0000] {processor.py:925} INFO - DAG(s) 'example_branch_dop_operator_v3' retrieved from /home/airflow/.local/lib/python3.12/site-packages/airflow/example_dags/example_branch_python_dop_operator_3.py
[2025-05-20T00:10:31.081+0000] {logging_mixin.py:190} INFO - [2025-05-20T00:10:31.080+0000] {dag.py:3239} INFO - Sync 1 DAGs
[2025-05-20T00:10:31.246+0000] {logging_mixin.py:190} INFO - [2025-05-20T00:10:31.246+0000] {dag.py:4180} INFO - Setting next_dagrun for example_branch_dop_operator_v3 to 2025-05-20 00:09:00+00:00, run_after=2025-05-20 00:10:00+00:00
[2025-05-20T00:10:31.380+0000] {processor.py:208} INFO - Processing /home/airflow/.local/lib/python3.12/site-packages/airflow/example_dags/example_branch_python_dop_operator_3.py took 0.393 seconds
[2025-05-20T00:11:02.252+0000] {processor.py:186} INFO - Started process (PID=7891) to work on /home/airflow/.local/lib/python3.12/site-packages/airflow/example_dags/example_branch_python_dop_operator_3.py
[2025-05-20T00:11:02.253+0000] {processor.py:914} INFO - Processing file /home/airflow/.local/lib/python3.12/site-packages/airflow/example_dags/example_branch_python_dop_operator_3.py for tasks to queue
[2025-05-20T00:11:02.257+0000] {logging_mixin.py:190} INFO - [2025-05-20T00:11:02.257+0000] {dagbag.py:588} INFO - Filling up the DagBag from /home/airflow/.local/lib/python3.12/site-packages/airflow/example_dags/example_branch_python_dop_operator_3.py
[2025-05-20T00:11:02.277+0000] {processor.py:925} INFO - DAG(s) 'example_branch_dop_operator_v3' retrieved from /home/airflow/.local/lib/python3.12/site-packages/airflow/example_dags/example_branch_python_dop_operator_3.py
[2025-05-20T00:11:02.313+0000] {logging_mixin.py:190} INFO - [2025-05-20T00:11:02.312+0000] {dag.py:3239} INFO - Sync 1 DAGs
[2025-05-20T00:11:02.384+0000] {logging_mixin.py:190} INFO - [2025-05-20T00:11:02.384+0000] {dag.py:4180} INFO - Setting next_dagrun for example_branch_dop_operator_v3 to 2025-05-20 00:10:00+00:00, run_after=2025-05-20 00:11:00+00:00
[2025-05-20T00:11:02.443+0000] {processor.py:208} INFO - Processing /home/airflow/.local/lib/python3.12/site-packages/airflow/example_dags/example_branch_python_dop_operator_3.py took 0.201 seconds
[2025-05-20T00:11:33.534+0000] {processor.py:186} INFO - Started process (PID=7955) to work on /home/airflow/.local/lib/python3.12/site-packages/airflow/example_dags/example_branch_python_dop_operator_3.py
[2025-05-20T00:11:33.543+0000] {processor.py:914} INFO - Processing file /home/airflow/.local/lib/python3.12/site-packages/airflow/example_dags/example_branch_python_dop_operator_3.py for tasks to queue
[2025-05-20T00:11:33.561+0000] {logging_mixin.py:190} INFO - [2025-05-20T00:11:33.560+0000] {dagbag.py:588} INFO - Filling up the DagBag from /home/airflow/.local/lib/python3.12/site-packages/airflow/example_dags/example_branch_python_dop_operator_3.py
[2025-05-20T00:11:33.595+0000] {processor.py:925} INFO - DAG(s) 'example_branch_dop_operator_v3' retrieved from /home/airflow/.local/lib/python3.12/site-packages/airflow/example_dags/example_branch_python_dop_operator_3.py
[2025-05-20T00:11:33.669+0000] {logging_mixin.py:190} INFO - [2025-05-20T00:11:33.668+0000] {dag.py:3239} INFO - Sync 1 DAGs
[2025-05-20T00:11:33.808+0000] {logging_mixin.py:190} INFO - [2025-05-20T00:11:33.808+0000] {dag.py:4180} INFO - Setting next_dagrun for example_branch_dop_operator_v3 to 2025-05-20 00:10:00+00:00, run_after=2025-05-20 00:11:00+00:00
[2025-05-20T00:11:33.917+0000] {processor.py:208} INFO - Processing /home/airflow/.local/lib/python3.12/site-packages/airflow/example_dags/example_branch_python_dop_operator_3.py took 0.403 seconds
[2025-05-20T00:12:05.337+0000] {processor.py:186} INFO - Started process (PID=8019) to work on /home/airflow/.local/lib/python3.12/site-packages/airflow/example_dags/example_branch_python_dop_operator_3.py
[2025-05-20T00:12:05.341+0000] {processor.py:914} INFO - Processing file /home/airflow/.local/lib/python3.12/site-packages/airflow/example_dags/example_branch_python_dop_operator_3.py for tasks to queue
[2025-05-20T00:12:05.355+0000] {logging_mixin.py:190} INFO - [2025-05-20T00:12:05.354+0000] {dagbag.py:588} INFO - Filling up the DagBag from /home/airflow/.local/lib/python3.12/site-packages/airflow/example_dags/example_branch_python_dop_operator_3.py
[2025-05-20T00:12:05.413+0000] {processor.py:925} INFO - DAG(s) 'example_branch_dop_operator_v3' retrieved from /home/airflow/.local/lib/python3.12/site-packages/airflow/example_dags/example_branch_python_dop_operator_3.py
[2025-05-20T00:12:05.484+0000] {logging_mixin.py:190} INFO - [2025-05-20T00:12:05.484+0000] {dag.py:3239} INFO - Sync 1 DAGs
[2025-05-20T00:12:05.586+0000] {logging_mixin.py:190} INFO - [2025-05-20T00:12:05.586+0000] {dag.py:4180} INFO - Setting next_dagrun for example_branch_dop_operator_v3 to 2025-05-20 00:11:00+00:00, run_after=2025-05-20 00:12:00+00:00
[2025-05-20T00:12:05.659+0000] {processor.py:208} INFO - Processing /home/airflow/.local/lib/python3.12/site-packages/airflow/example_dags/example_branch_python_dop_operator_3.py took 0.351 seconds
[2025-05-20T00:12:39.256+0000] {processor.py:186} INFO - Started process (PID=8084) to work on /home/airflow/.local/lib/python3.12/site-packages/airflow/example_dags/example_branch_python_dop_operator_3.py
[2025-05-20T00:12:39.258+0000] {processor.py:914} INFO - Processing file /home/airflow/.local/lib/python3.12/site-packages/airflow/example_dags/example_branch_python_dop_operator_3.py for tasks to queue
[2025-05-20T00:12:39.271+0000] {logging_mixin.py:190} INFO - [2025-05-20T00:12:39.271+0000] {dagbag.py:588} INFO - Filling up the DagBag from /home/airflow/.local/lib/python3.12/site-packages/airflow/example_dags/example_branch_python_dop_operator_3.py
[2025-05-20T00:12:39.323+0000] {processor.py:925} INFO - DAG(s) 'example_branch_dop_operator_v3' retrieved from /home/airflow/.local/lib/python3.12/site-packages/airflow/example_dags/example_branch_python_dop_operator_3.py
[2025-05-20T00:12:39.422+0000] {logging_mixin.py:190} INFO - [2025-05-20T00:12:39.422+0000] {dag.py:3239} INFO - Sync 1 DAGs
[2025-05-20T00:12:39.605+0000] {logging_mixin.py:190} INFO - [2025-05-20T00:12:39.605+0000] {dag.py:4180} INFO - Setting next_dagrun for example_branch_dop_operator_v3 to 2025-05-20 00:11:00+00:00, run_after=2025-05-20 00:12:00+00:00
[2025-05-20T00:12:39.766+0000] {processor.py:208} INFO - Processing /home/airflow/.local/lib/python3.12/site-packages/airflow/example_dags/example_branch_python_dop_operator_3.py took 0.519 seconds
[2025-05-20T00:13:10.601+0000] {processor.py:186} INFO - Started process (PID=8148) to work on /home/airflow/.local/lib/python3.12/site-packages/airflow/example_dags/example_branch_python_dop_operator_3.py
[2025-05-20T00:13:10.603+0000] {processor.py:914} INFO - Processing file /home/airflow/.local/lib/python3.12/site-packages/airflow/example_dags/example_branch_python_dop_operator_3.py for tasks to queue
[2025-05-20T00:13:10.607+0000] {logging_mixin.py:190} INFO - [2025-05-20T00:13:10.606+0000] {dagbag.py:588} INFO - Filling up the DagBag from /home/airflow/.local/lib/python3.12/site-packages/airflow/example_dags/example_branch_python_dop_operator_3.py
[2025-05-20T00:13:10.623+0000] {processor.py:925} INFO - DAG(s) 'example_branch_dop_operator_v3' retrieved from /home/airflow/.local/lib/python3.12/site-packages/airflow/example_dags/example_branch_python_dop_operator_3.py
[2025-05-20T00:13:10.650+0000] {logging_mixin.py:190} INFO - [2025-05-20T00:13:10.650+0000] {dag.py:3239} INFO - Sync 1 DAGs
[2025-05-20T00:13:10.693+0000] {logging_mixin.py:190} INFO - [2025-05-20T00:13:10.693+0000] {dag.py:4180} INFO - Setting next_dagrun for example_branch_dop_operator_v3 to 2025-05-20 00:12:00+00:00, run_after=2025-05-20 00:13:00+00:00
[2025-05-20T00:13:10.730+0000] {processor.py:208} INFO - Processing /home/airflow/.local/lib/python3.12/site-packages/airflow/example_dags/example_branch_python_dop_operator_3.py took 0.138 seconds
[2025-05-20T00:13:41.211+0000] {processor.py:186} INFO - Started process (PID=8213) to work on /home/airflow/.local/lib/python3.12/site-packages/airflow/example_dags/example_branch_python_dop_operator_3.py
[2025-05-20T00:13:41.213+0000] {processor.py:914} INFO - Processing file /home/airflow/.local/lib/python3.12/site-packages/airflow/example_dags/example_branch_python_dop_operator_3.py for tasks to queue
[2025-05-20T00:13:41.216+0000] {logging_mixin.py:190} INFO - [2025-05-20T00:13:41.216+0000] {dagbag.py:588} INFO - Filling up the DagBag from /home/airflow/.local/lib/python3.12/site-packages/airflow/example_dags/example_branch_python_dop_operator_3.py
[2025-05-20T00:13:41.232+0000] {processor.py:925} INFO - DAG(s) 'example_branch_dop_operator_v3' retrieved from /home/airflow/.local/lib/python3.12/site-packages/airflow/example_dags/example_branch_python_dop_operator_3.py
[2025-05-20T00:13:41.264+0000] {logging_mixin.py:190} INFO - [2025-05-20T00:13:41.264+0000] {dag.py:3239} INFO - Sync 1 DAGs
[2025-05-20T00:13:41.361+0000] {logging_mixin.py:190} INFO - [2025-05-20T00:13:41.361+0000] {dag.py:4180} INFO - Setting next_dagrun for example_branch_dop_operator_v3 to 2025-05-20 00:12:00+00:00, run_after=2025-05-20 00:13:00+00:00
[2025-05-20T00:13:41.391+0000] {processor.py:208} INFO - Processing /home/airflow/.local/lib/python3.12/site-packages/airflow/example_dags/example_branch_python_dop_operator_3.py took 0.188 seconds
[2025-05-20T00:14:12.302+0000] {processor.py:186} INFO - Started process (PID=8278) to work on /home/airflow/.local/lib/python3.12/site-packages/airflow/example_dags/example_branch_python_dop_operator_3.py
[2025-05-20T00:14:12.304+0000] {processor.py:914} INFO - Processing file /home/airflow/.local/lib/python3.12/site-packages/airflow/example_dags/example_branch_python_dop_operator_3.py for tasks to queue
[2025-05-20T00:14:12.308+0000] {logging_mixin.py:190} INFO - [2025-05-20T00:14:12.307+0000] {dagbag.py:588} INFO - Filling up the DagBag from /home/airflow/.local/lib/python3.12/site-packages/airflow/example_dags/example_branch_python_dop_operator_3.py
[2025-05-20T00:14:12.324+0000] {processor.py:925} INFO - DAG(s) 'example_branch_dop_operator_v3' retrieved from /home/airflow/.local/lib/python3.12/site-packages/airflow/example_dags/example_branch_python_dop_operator_3.py
[2025-05-20T00:14:12.353+0000] {logging_mixin.py:190} INFO - [2025-05-20T00:14:12.352+0000] {dag.py:3239} INFO - Sync 1 DAGs
[2025-05-20T00:14:12.394+0000] {logging_mixin.py:190} INFO - [2025-05-20T00:14:12.394+0000] {dag.py:4180} INFO - Setting next_dagrun for example_branch_dop_operator_v3 to 2025-05-20 00:13:00+00:00, run_after=2025-05-20 00:14:00+00:00
[2025-05-20T00:14:12.434+0000] {processor.py:208} INFO - Processing /home/airflow/.local/lib/python3.12/site-packages/airflow/example_dags/example_branch_python_dop_operator_3.py took 0.143 seconds
[2025-05-20T00:14:42.821+0000] {processor.py:186} INFO - Started process (PID=8342) to work on /home/airflow/.local/lib/python3.12/site-packages/airflow/example_dags/example_branch_python_dop_operator_3.py
[2025-05-20T00:14:42.833+0000] {processor.py:914} INFO - Processing file /home/airflow/.local/lib/python3.12/site-packages/airflow/example_dags/example_branch_python_dop_operator_3.py for tasks to queue
[2025-05-20T00:14:42.837+0000] {logging_mixin.py:190} INFO - [2025-05-20T00:14:42.836+0000] {dagbag.py:588} INFO - Filling up the DagBag from /home/airflow/.local/lib/python3.12/site-packages/airflow/example_dags/example_branch_python_dop_operator_3.py
[2025-05-20T00:14:42.868+0000] {processor.py:925} INFO - DAG(s) 'example_branch_dop_operator_v3' retrieved from /home/airflow/.local/lib/python3.12/site-packages/airflow/example_dags/example_branch_python_dop_operator_3.py
[2025-05-20T00:14:42.913+0000] {logging_mixin.py:190} INFO - [2025-05-20T00:14:42.913+0000] {dag.py:3239} INFO - Sync 1 DAGs
[2025-05-20T00:14:42.970+0000] {logging_mixin.py:190} INFO - [2025-05-20T00:14:42.970+0000] {dag.py:4180} INFO - Setting next_dagrun for example_branch_dop_operator_v3 to 2025-05-20 00:13:00+00:00, run_after=2025-05-20 00:14:00+00:00
[2025-05-20T00:14:43.052+0000] {processor.py:208} INFO - Processing /home/airflow/.local/lib/python3.12/site-packages/airflow/example_dags/example_branch_python_dop_operator_3.py took 0.250 seconds
[2025-05-20T00:15:13.221+0000] {processor.py:186} INFO - Started process (PID=8406) to work on /home/airflow/.local/lib/python3.12/site-packages/airflow/example_dags/example_branch_python_dop_operator_3.py
[2025-05-20T00:15:13.223+0000] {processor.py:914} INFO - Processing file /home/airflow/.local/lib/python3.12/site-packages/airflow/example_dags/example_branch_python_dop_operator_3.py for tasks to queue
[2025-05-20T00:15:13.227+0000] {logging_mixin.py:190} INFO - [2025-05-20T00:15:13.227+0000] {dagbag.py:588} INFO - Filling up the DagBag from /home/airflow/.local/lib/python3.12/site-packages/airflow/example_dags/example_branch_python_dop_operator_3.py
[2025-05-20T00:15:13.247+0000] {processor.py:925} INFO - DAG(s) 'example_branch_dop_operator_v3' retrieved from /home/airflow/.local/lib/python3.12/site-packages/airflow/example_dags/example_branch_python_dop_operator_3.py
[2025-05-20T00:15:13.302+0000] {logging_mixin.py:190} INFO - [2025-05-20T00:15:13.301+0000] {dag.py:3239} INFO - Sync 1 DAGs
[2025-05-20T00:15:13.417+0000] {logging_mixin.py:190} INFO - [2025-05-20T00:15:13.417+0000] {dag.py:4180} INFO - Setting next_dagrun for example_branch_dop_operator_v3 to 2025-05-20 00:14:00+00:00, run_after=2025-05-20 00:15:00+00:00
[2025-05-20T00:15:13.525+0000] {processor.py:208} INFO - Processing /home/airflow/.local/lib/python3.12/site-packages/airflow/example_dags/example_branch_python_dop_operator_3.py took 0.317 seconds
[2025-05-20T00:15:44.386+0000] {processor.py:186} INFO - Started process (PID=8471) to work on /home/airflow/.local/lib/python3.12/site-packages/airflow/example_dags/example_branch_python_dop_operator_3.py
[2025-05-20T00:15:44.388+0000] {processor.py:914} INFO - Processing file /home/airflow/.local/lib/python3.12/site-packages/airflow/example_dags/example_branch_python_dop_operator_3.py for tasks to queue
[2025-05-20T00:15:44.392+0000] {logging_mixin.py:190} INFO - [2025-05-20T00:15:44.391+0000] {dagbag.py:588} INFO - Filling up the DagBag from /home/airflow/.local/lib/python3.12/site-packages/airflow/example_dags/example_branch_python_dop_operator_3.py
[2025-05-20T00:15:44.412+0000] {processor.py:925} INFO - DAG(s) 'example_branch_dop_operator_v3' retrieved from /home/airflow/.local/lib/python3.12/site-packages/airflow/example_dags/example_branch_python_dop_operator_3.py
[2025-05-20T00:15:44.450+0000] {logging_mixin.py:190} INFO - [2025-05-20T00:15:44.450+0000] {dag.py:3239} INFO - Sync 1 DAGs
[2025-05-20T00:15:44.509+0000] {logging_mixin.py:190} INFO - [2025-05-20T00:15:44.508+0000] {dag.py:4180} INFO - Setting next_dagrun for example_branch_dop_operator_v3 to 2025-05-20 00:14:00+00:00, run_after=2025-05-20 00:15:00+00:00
[2025-05-20T00:15:44.554+0000] {processor.py:208} INFO - Processing /home/airflow/.local/lib/python3.12/site-packages/airflow/example_dags/example_branch_python_dop_operator_3.py took 0.178 seconds
[2025-05-20T00:16:15.996+0000] {processor.py:186} INFO - Started process (PID=8535) to work on /home/airflow/.local/lib/python3.12/site-packages/airflow/example_dags/example_branch_python_dop_operator_3.py
[2025-05-20T00:16:15.998+0000] {processor.py:914} INFO - Processing file /home/airflow/.local/lib/python3.12/site-packages/airflow/example_dags/example_branch_python_dop_operator_3.py for tasks to queue
[2025-05-20T00:16:16.002+0000] {logging_mixin.py:190} INFO - [2025-05-20T00:16:16.002+0000] {dagbag.py:588} INFO - Filling up the DagBag from /home/airflow/.local/lib/python3.12/site-packages/airflow/example_dags/example_branch_python_dop_operator_3.py
[2025-05-20T00:16:16.016+0000] {processor.py:925} INFO - DAG(s) 'example_branch_dop_operator_v3' retrieved from /home/airflow/.local/lib/python3.12/site-packages/airflow/example_dags/example_branch_python_dop_operator_3.py
[2025-05-20T00:16:16.047+0000] {logging_mixin.py:190} INFO - [2025-05-20T00:16:16.047+0000] {dag.py:3239} INFO - Sync 1 DAGs
[2025-05-20T00:16:16.109+0000] {logging_mixin.py:190} INFO - [2025-05-20T00:16:16.108+0000] {dag.py:4180} INFO - Setting next_dagrun for example_branch_dop_operator_v3 to 2025-05-20 00:15:00+00:00, run_after=2025-05-20 00:16:00+00:00
[2025-05-20T00:16:16.152+0000] {processor.py:208} INFO - Processing /home/airflow/.local/lib/python3.12/site-packages/airflow/example_dags/example_branch_python_dop_operator_3.py took 0.164 seconds
[2025-05-20T00:16:47.143+0000] {processor.py:186} INFO - Started process (PID=8598) to work on /home/airflow/.local/lib/python3.12/site-packages/airflow/example_dags/example_branch_python_dop_operator_3.py
[2025-05-20T00:16:47.145+0000] {processor.py:914} INFO - Processing file /home/airflow/.local/lib/python3.12/site-packages/airflow/example_dags/example_branch_python_dop_operator_3.py for tasks to queue
[2025-05-20T00:16:47.149+0000] {logging_mixin.py:190} INFO - [2025-05-20T00:16:47.149+0000] {dagbag.py:588} INFO - Filling up the DagBag from /home/airflow/.local/lib/python3.12/site-packages/airflow/example_dags/example_branch_python_dop_operator_3.py
[2025-05-20T00:16:47.167+0000] {processor.py:925} INFO - DAG(s) 'example_branch_dop_operator_v3' retrieved from /home/airflow/.local/lib/python3.12/site-packages/airflow/example_dags/example_branch_python_dop_operator_3.py
[2025-05-20T00:16:47.205+0000] {logging_mixin.py:190} INFO - [2025-05-20T00:16:47.204+0000] {dag.py:3239} INFO - Sync 1 DAGs
[2025-05-20T00:16:47.343+0000] {logging_mixin.py:190} INFO - [2025-05-20T00:16:47.342+0000] {dag.py:4180} INFO - Setting next_dagrun for example_branch_dop_operator_v3 to 2025-05-20 00:15:00+00:00, run_after=2025-05-20 00:16:00+00:00
[2025-05-20T00:16:47.416+0000] {processor.py:208} INFO - Processing /home/airflow/.local/lib/python3.12/site-packages/airflow/example_dags/example_branch_python_dop_operator_3.py took 0.282 seconds
[2025-05-20T00:17:19.682+0000] {processor.py:186} INFO - Started process (PID=8666) to work on /home/airflow/.local/lib/python3.12/site-packages/airflow/example_dags/example_branch_python_dop_operator_3.py
[2025-05-20T00:17:19.684+0000] {processor.py:914} INFO - Processing file /home/airflow/.local/lib/python3.12/site-packages/airflow/example_dags/example_branch_python_dop_operator_3.py for tasks to queue
[2025-05-20T00:17:19.689+0000] {logging_mixin.py:190} INFO - [2025-05-20T00:17:19.689+0000] {dagbag.py:588} INFO - Filling up the DagBag from /home/airflow/.local/lib/python3.12/site-packages/airflow/example_dags/example_branch_python_dop_operator_3.py
[2025-05-20T00:17:19.790+0000] {processor.py:925} INFO - DAG(s) 'example_branch_dop_operator_v3' retrieved from /home/airflow/.local/lib/python3.12/site-packages/airflow/example_dags/example_branch_python_dop_operator_3.py
[2025-05-20T00:17:19.846+0000] {logging_mixin.py:190} INFO - [2025-05-20T00:17:19.845+0000] {dag.py:3239} INFO - Sync 1 DAGs
[2025-05-20T00:17:20.011+0000] {logging_mixin.py:190} INFO - [2025-05-20T00:17:20.010+0000] {dag.py:4180} INFO - Setting next_dagrun for example_branch_dop_operator_v3 to 2025-05-20 00:16:00+00:00, run_after=2025-05-20 00:17:00+00:00
[2025-05-20T00:17:20.114+0000] {processor.py:208} INFO - Processing /home/airflow/.local/lib/python3.12/site-packages/airflow/example_dags/example_branch_python_dop_operator_3.py took 0.454 seconds
[2025-05-20T00:17:52.924+0000] {processor.py:186} INFO - Started process (PID=8729) to work on /home/airflow/.local/lib/python3.12/site-packages/airflow/example_dags/example_branch_python_dop_operator_3.py
[2025-05-20T00:17:52.925+0000] {processor.py:914} INFO - Processing file /home/airflow/.local/lib/python3.12/site-packages/airflow/example_dags/example_branch_python_dop_operator_3.py for tasks to queue
[2025-05-20T00:17:52.930+0000] {logging_mixin.py:190} INFO - [2025-05-20T00:17:52.929+0000] {dagbag.py:588} INFO - Filling up the DagBag from /home/airflow/.local/lib/python3.12/site-packages/airflow/example_dags/example_branch_python_dop_operator_3.py
[2025-05-20T00:17:52.947+0000] {processor.py:925} INFO - DAG(s) 'example_branch_dop_operator_v3' retrieved from /home/airflow/.local/lib/python3.12/site-packages/airflow/example_dags/example_branch_python_dop_operator_3.py
[2025-05-20T00:17:52.985+0000] {logging_mixin.py:190} INFO - [2025-05-20T00:17:52.984+0000] {dag.py:3239} INFO - Sync 1 DAGs
[2025-05-20T00:17:53.038+0000] {logging_mixin.py:190} INFO - [2025-05-20T00:17:53.038+0000] {dag.py:4180} INFO - Setting next_dagrun for example_branch_dop_operator_v3 to 2025-05-20 00:16:00+00:00, run_after=2025-05-20 00:17:00+00:00
[2025-05-20T00:17:53.077+0000] {processor.py:208} INFO - Processing /home/airflow/.local/lib/python3.12/site-packages/airflow/example_dags/example_branch_python_dop_operator_3.py took 0.163 seconds
[2025-05-20T00:18:24.506+0000] {processor.py:186} INFO - Started process (PID=8792) to work on /home/airflow/.local/lib/python3.12/site-packages/airflow/example_dags/example_branch_python_dop_operator_3.py
[2025-05-20T00:18:24.508+0000] {processor.py:914} INFO - Processing file /home/airflow/.local/lib/python3.12/site-packages/airflow/example_dags/example_branch_python_dop_operator_3.py for tasks to queue
[2025-05-20T00:18:24.512+0000] {logging_mixin.py:190} INFO - [2025-05-20T00:18:24.511+0000] {dagbag.py:588} INFO - Filling up the DagBag from /home/airflow/.local/lib/python3.12/site-packages/airflow/example_dags/example_branch_python_dop_operator_3.py
[2025-05-20T00:18:24.541+0000] {processor.py:925} INFO - DAG(s) 'example_branch_dop_operator_v3' retrieved from /home/airflow/.local/lib/python3.12/site-packages/airflow/example_dags/example_branch_python_dop_operator_3.py
[2025-05-20T00:18:24.573+0000] {logging_mixin.py:190} INFO - [2025-05-20T00:18:24.573+0000] {dag.py:3239} INFO - Sync 1 DAGs
[2025-05-20T00:18:24.624+0000] {logging_mixin.py:190} INFO - [2025-05-20T00:18:24.623+0000] {dag.py:4180} INFO - Setting next_dagrun for example_branch_dop_operator_v3 to 2025-05-20 00:17:00+00:00, run_after=2025-05-20 00:18:00+00:00
[2025-05-20T00:18:24.679+0000] {processor.py:208} INFO - Processing /home/airflow/.local/lib/python3.12/site-packages/airflow/example_dags/example_branch_python_dop_operator_3.py took 0.186 seconds
[2025-05-20T00:18:55.579+0000] {processor.py:186} INFO - Started process (PID=8855) to work on /home/airflow/.local/lib/python3.12/site-packages/airflow/example_dags/example_branch_python_dop_operator_3.py
[2025-05-20T00:18:55.581+0000] {processor.py:914} INFO - Processing file /home/airflow/.local/lib/python3.12/site-packages/airflow/example_dags/example_branch_python_dop_operator_3.py for tasks to queue
[2025-05-20T00:18:55.584+0000] {logging_mixin.py:190} INFO - [2025-05-20T00:18:55.583+0000] {dagbag.py:588} INFO - Filling up the DagBag from /home/airflow/.local/lib/python3.12/site-packages/airflow/example_dags/example_branch_python_dop_operator_3.py
[2025-05-20T00:18:55.608+0000] {processor.py:925} INFO - DAG(s) 'example_branch_dop_operator_v3' retrieved from /home/airflow/.local/lib/python3.12/site-packages/airflow/example_dags/example_branch_python_dop_operator_3.py
[2025-05-20T00:18:55.657+0000] {logging_mixin.py:190} INFO - [2025-05-20T00:18:55.656+0000] {dag.py:3239} INFO - Sync 1 DAGs
[2025-05-20T00:18:55.761+0000] {logging_mixin.py:190} INFO - [2025-05-20T00:18:55.761+0000] {dag.py:4180} INFO - Setting next_dagrun for example_branch_dop_operator_v3 to 2025-05-20 00:17:00+00:00, run_after=2025-05-20 00:18:00+00:00
[2025-05-20T00:18:55.816+0000] {processor.py:208} INFO - Processing /home/airflow/.local/lib/python3.12/site-packages/airflow/example_dags/example_branch_python_dop_operator_3.py took 0.246 seconds
[2025-05-20T00:19:26.945+0000] {processor.py:186} INFO - Started process (PID=8919) to work on /home/airflow/.local/lib/python3.12/site-packages/airflow/example_dags/example_branch_python_dop_operator_3.py
[2025-05-20T00:19:26.947+0000] {processor.py:914} INFO - Processing file /home/airflow/.local/lib/python3.12/site-packages/airflow/example_dags/example_branch_python_dop_operator_3.py for tasks to queue
[2025-05-20T00:19:26.952+0000] {logging_mixin.py:190} INFO - [2025-05-20T00:19:26.951+0000] {dagbag.py:588} INFO - Filling up the DagBag from /home/airflow/.local/lib/python3.12/site-packages/airflow/example_dags/example_branch_python_dop_operator_3.py
[2025-05-20T00:19:26.971+0000] {processor.py:925} INFO - DAG(s) 'example_branch_dop_operator_v3' retrieved from /home/airflow/.local/lib/python3.12/site-packages/airflow/example_dags/example_branch_python_dop_operator_3.py
[2025-05-20T00:19:27.005+0000] {logging_mixin.py:190} INFO - [2025-05-20T00:19:27.005+0000] {dag.py:3239} INFO - Sync 1 DAGs
[2025-05-20T00:19:27.056+0000] {logging_mixin.py:190} INFO - [2025-05-20T00:19:27.055+0000] {dag.py:4180} INFO - Setting next_dagrun for example_branch_dop_operator_v3 to 2025-05-20 00:18:00+00:00, run_after=2025-05-20 00:19:00+00:00
[2025-05-20T00:19:27.088+0000] {processor.py:208} INFO - Processing /home/airflow/.local/lib/python3.12/site-packages/airflow/example_dags/example_branch_python_dop_operator_3.py took 0.153 seconds
[2025-05-20T00:19:59.672+0000] {processor.py:186} INFO - Started process (PID=8984) to work on /home/airflow/.local/lib/python3.12/site-packages/airflow/example_dags/example_branch_python_dop_operator_3.py
[2025-05-20T00:19:59.675+0000] {processor.py:914} INFO - Processing file /home/airflow/.local/lib/python3.12/site-packages/airflow/example_dags/example_branch_python_dop_operator_3.py for tasks to queue
[2025-05-20T00:19:59.691+0000] {logging_mixin.py:190} INFO - [2025-05-20T00:19:59.690+0000] {dagbag.py:588} INFO - Filling up the DagBag from /home/airflow/.local/lib/python3.12/site-packages/airflow/example_dags/example_branch_python_dop_operator_3.py
[2025-05-20T00:19:59.774+0000] {processor.py:925} INFO - DAG(s) 'example_branch_dop_operator_v3' retrieved from /home/airflow/.local/lib/python3.12/site-packages/airflow/example_dags/example_branch_python_dop_operator_3.py
[2025-05-20T00:19:59.936+0000] {logging_mixin.py:190} INFO - [2025-05-20T00:19:59.936+0000] {dag.py:3239} INFO - Sync 1 DAGs
[2025-05-20T00:20:00.081+0000] {logging_mixin.py:190} INFO - [2025-05-20T00:20:00.080+0000] {dag.py:4180} INFO - Setting next_dagrun for example_branch_dop_operator_v3 to 2025-05-20 00:19:00+00:00, run_after=2025-05-20 00:20:00+00:00
[2025-05-20T00:20:00.207+0000] {processor.py:208} INFO - Processing /home/airflow/.local/lib/python3.12/site-packages/airflow/example_dags/example_branch_python_dop_operator_3.py took 0.553 seconds
[2025-05-20T00:20:30.608+0000] {processor.py:186} INFO - Started process (PID=9049) to work on /home/airflow/.local/lib/python3.12/site-packages/airflow/example_dags/example_branch_python_dop_operator_3.py
[2025-05-20T00:20:30.609+0000] {processor.py:914} INFO - Processing file /home/airflow/.local/lib/python3.12/site-packages/airflow/example_dags/example_branch_python_dop_operator_3.py for tasks to queue
[2025-05-20T00:20:30.612+0000] {logging_mixin.py:190} INFO - [2025-05-20T00:20:30.611+0000] {dagbag.py:588} INFO - Filling up the DagBag from /home/airflow/.local/lib/python3.12/site-packages/airflow/example_dags/example_branch_python_dop_operator_3.py
[2025-05-20T00:20:30.630+0000] {processor.py:925} INFO - DAG(s) 'example_branch_dop_operator_v3' retrieved from /home/airflow/.local/lib/python3.12/site-packages/airflow/example_dags/example_branch_python_dop_operator_3.py
[2025-05-20T00:20:30.661+0000] {logging_mixin.py:190} INFO - [2025-05-20T00:20:30.660+0000] {dag.py:3239} INFO - Sync 1 DAGs
[2025-05-20T00:20:30.706+0000] {logging_mixin.py:190} INFO - [2025-05-20T00:20:30.705+0000] {dag.py:4180} INFO - Setting next_dagrun for example_branch_dop_operator_v3 to 2025-05-20 00:19:00+00:00, run_after=2025-05-20 00:20:00+00:00
[2025-05-20T00:20:30.750+0000] {processor.py:208} INFO - Processing /home/airflow/.local/lib/python3.12/site-packages/airflow/example_dags/example_branch_python_dop_operator_3.py took 0.151 seconds
[2025-05-20T00:21:02.879+0000] {processor.py:186} INFO - Started process (PID=9118) to work on /home/airflow/.local/lib/python3.12/site-packages/airflow/example_dags/example_branch_python_dop_operator_3.py
[2025-05-20T00:21:02.881+0000] {processor.py:914} INFO - Processing file /home/airflow/.local/lib/python3.12/site-packages/airflow/example_dags/example_branch_python_dop_operator_3.py for tasks to queue
[2025-05-20T00:21:02.886+0000] {logging_mixin.py:190} INFO - [2025-05-20T00:21:02.885+0000] {dagbag.py:588} INFO - Filling up the DagBag from /home/airflow/.local/lib/python3.12/site-packages/airflow/example_dags/example_branch_python_dop_operator_3.py
[2025-05-20T00:21:02.905+0000] {processor.py:925} INFO - DAG(s) 'example_branch_dop_operator_v3' retrieved from /home/airflow/.local/lib/python3.12/site-packages/airflow/example_dags/example_branch_python_dop_operator_3.py
[2025-05-20T00:21:02.939+0000] {logging_mixin.py:190} INFO - [2025-05-20T00:21:02.938+0000] {dag.py:3239} INFO - Sync 1 DAGs
[2025-05-20T00:21:03.335+0000] {logging_mixin.py:190} INFO - [2025-05-20T00:21:03.335+0000] {dag.py:4180} INFO - Setting next_dagrun for example_branch_dop_operator_v3 to 2025-05-20 00:20:00+00:00, run_after=2025-05-20 00:21:00+00:00
[2025-05-20T00:21:03.374+0000] {processor.py:208} INFO - Processing /home/airflow/.local/lib/python3.12/site-packages/airflow/example_dags/example_branch_python_dop_operator_3.py took 0.506 seconds
[2025-05-20T00:21:34.659+0000] {processor.py:186} INFO - Started process (PID=9181) to work on /home/airflow/.local/lib/python3.12/site-packages/airflow/example_dags/example_branch_python_dop_operator_3.py
[2025-05-20T00:21:34.663+0000] {processor.py:914} INFO - Processing file /home/airflow/.local/lib/python3.12/site-packages/airflow/example_dags/example_branch_python_dop_operator_3.py for tasks to queue
[2025-05-20T00:21:34.666+0000] {logging_mixin.py:190} INFO - [2025-05-20T00:21:34.666+0000] {dagbag.py:588} INFO - Filling up the DagBag from /home/airflow/.local/lib/python3.12/site-packages/airflow/example_dags/example_branch_python_dop_operator_3.py
[2025-05-20T00:21:34.685+0000] {processor.py:925} INFO - DAG(s) 'example_branch_dop_operator_v3' retrieved from /home/airflow/.local/lib/python3.12/site-packages/airflow/example_dags/example_branch_python_dop_operator_3.py
[2025-05-20T00:21:34.721+0000] {logging_mixin.py:190} INFO - [2025-05-20T00:21:34.721+0000] {dag.py:3239} INFO - Sync 1 DAGs
[2025-05-20T00:21:34.805+0000] {logging_mixin.py:190} INFO - [2025-05-20T00:21:34.804+0000] {dag.py:4180} INFO - Setting next_dagrun for example_branch_dop_operator_v3 to 2025-05-20 00:20:00+00:00, run_after=2025-05-20 00:21:00+00:00
[2025-05-20T00:21:35.176+0000] {processor.py:208} INFO - Processing /home/airflow/.local/lib/python3.12/site-packages/airflow/example_dags/example_branch_python_dop_operator_3.py took 0.526 seconds
