[2025-05-20T00:00:13.102+0000] {processor.py:186} INFO - Started process (PID=6577) to work on /home/airflow/.local/lib/python3.12/site-packages/airflow/example_dags/example_bash_operator.py
[2025-05-20T00:00:13.119+0000] {processor.py:914} INFO - Processing file /home/airflow/.local/lib/python3.12/site-packages/airflow/example_dags/example_bash_operator.py for tasks to queue
[2025-05-20T00:00:13.219+0000] {logging_mixin.py:190} INFO - [2025-05-20T00:00:13.218+0000] {dagbag.py:588} INFO - Filling up the DagBag from /home/airflow/.local/lib/python3.12/site-packages/airflow/example_dags/example_bash_operator.py
[2025-05-20T00:00:13.367+0000] {processor.py:925} INFO - DAG(s) 'example_bash_operator' retrieved from /home/airflow/.local/lib/python3.12/site-packages/airflow/example_dags/example_bash_operator.py
[2025-05-20T00:00:13.868+0000] {logging_mixin.py:190} INFO - [2025-05-20T00:00:13.867+0000] {dag.py:3239} INFO - Sync 1 DAGs
[2025-05-20T00:00:14.009+0000] {logging_mixin.py:190} INFO - [2025-05-20T00:00:14.009+0000] {dag.py:4180} INFO - Setting next_dagrun for example_bash_operator to 2025-05-19 00:00:00+00:00, run_after=2025-05-20 00:00:00+00:00
[2025-05-20T00:00:14.134+0000] {processor.py:208} INFO - Processing /home/airflow/.local/lib/python3.12/site-packages/airflow/example_dags/example_bash_operator.py took 1.054 seconds
[2025-05-20T00:00:44.462+0000] {processor.py:186} INFO - Started process (PID=6641) to work on /home/airflow/.local/lib/python3.12/site-packages/airflow/example_dags/example_bash_operator.py
[2025-05-20T00:00:44.463+0000] {processor.py:914} INFO - Processing file /home/airflow/.local/lib/python3.12/site-packages/airflow/example_dags/example_bash_operator.py for tasks to queue
[2025-05-20T00:00:44.466+0000] {logging_mixin.py:190} INFO - [2025-05-20T00:00:44.466+0000] {dagbag.py:588} INFO - Filling up the DagBag from /home/airflow/.local/lib/python3.12/site-packages/airflow/example_dags/example_bash_operator.py
[2025-05-20T00:00:44.487+0000] {processor.py:925} INFO - DAG(s) 'example_bash_operator' retrieved from /home/airflow/.local/lib/python3.12/site-packages/airflow/example_dags/example_bash_operator.py
[2025-05-20T00:00:44.536+0000] {logging_mixin.py:190} INFO - [2025-05-20T00:00:44.535+0000] {dag.py:3239} INFO - Sync 1 DAGs
[2025-05-20T00:00:44.577+0000] {logging_mixin.py:190} INFO - [2025-05-20T00:00:44.577+0000] {dag.py:4180} INFO - Setting next_dagrun for example_bash_operator to 2025-05-19 00:00:00+00:00, run_after=2025-05-20 00:00:00+00:00
[2025-05-20T00:00:44.606+0000] {processor.py:208} INFO - Processing /home/airflow/.local/lib/python3.12/site-packages/airflow/example_dags/example_bash_operator.py took 0.150 seconds
[2025-05-20T00:01:15.424+0000] {processor.py:186} INFO - Started process (PID=6705) to work on /home/airflow/.local/lib/python3.12/site-packages/airflow/example_dags/example_bash_operator.py
[2025-05-20T00:01:15.428+0000] {processor.py:914} INFO - Processing file /home/airflow/.local/lib/python3.12/site-packages/airflow/example_dags/example_bash_operator.py for tasks to queue
[2025-05-20T00:01:15.432+0000] {logging_mixin.py:190} INFO - [2025-05-20T00:01:15.431+0000] {dagbag.py:588} INFO - Filling up the DagBag from /home/airflow/.local/lib/python3.12/site-packages/airflow/example_dags/example_bash_operator.py
[2025-05-20T00:01:15.475+0000] {processor.py:925} INFO - DAG(s) 'example_bash_operator' retrieved from /home/airflow/.local/lib/python3.12/site-packages/airflow/example_dags/example_bash_operator.py
[2025-05-20T00:01:15.587+0000] {logging_mixin.py:190} INFO - [2025-05-20T00:01:15.587+0000] {dag.py:3239} INFO - Sync 1 DAGs
[2025-05-20T00:01:15.660+0000] {logging_mixin.py:190} INFO - [2025-05-20T00:01:15.659+0000] {dag.py:4180} INFO - Setting next_dagrun for example_bash_operator to 2025-05-19 00:00:00+00:00, run_after=2025-05-20 00:00:00+00:00
[2025-05-20T00:01:15.707+0000] {processor.py:208} INFO - Processing /home/airflow/.local/lib/python3.12/site-packages/airflow/example_dags/example_bash_operator.py took 0.304 seconds
[2025-05-20T00:01:52.281+0000] {processor.py:186} INFO - Started process (PID=6771) to work on /home/airflow/.local/lib/python3.12/site-packages/airflow/example_dags/example_bash_operator.py
[2025-05-20T00:01:52.283+0000] {processor.py:914} INFO - Processing file /home/airflow/.local/lib/python3.12/site-packages/airflow/example_dags/example_bash_operator.py for tasks to queue
[2025-05-20T00:01:52.289+0000] {logging_mixin.py:190} INFO - [2025-05-20T00:01:52.288+0000] {dagbag.py:588} INFO - Filling up the DagBag from /home/airflow/.local/lib/python3.12/site-packages/airflow/example_dags/example_bash_operator.py
[2025-05-20T00:01:52.327+0000] {processor.py:925} INFO - DAG(s) 'example_bash_operator' retrieved from /home/airflow/.local/lib/python3.12/site-packages/airflow/example_dags/example_bash_operator.py
[2025-05-20T00:01:52.405+0000] {logging_mixin.py:190} INFO - [2025-05-20T00:01:52.405+0000] {dag.py:3239} INFO - Sync 1 DAGs
[2025-05-20T00:01:52.475+0000] {logging_mixin.py:190} INFO - [2025-05-20T00:01:52.474+0000] {dag.py:4180} INFO - Setting next_dagrun for example_bash_operator to 2025-05-19 00:00:00+00:00, run_after=2025-05-20 00:00:00+00:00
[2025-05-20T00:01:52.516+0000] {processor.py:208} INFO - Processing /home/airflow/.local/lib/python3.12/site-packages/airflow/example_dags/example_bash_operator.py took 0.247 seconds
[2025-05-20T00:02:23.114+0000] {processor.py:186} INFO - Started process (PID=6834) to work on /home/airflow/.local/lib/python3.12/site-packages/airflow/example_dags/example_bash_operator.py
[2025-05-20T00:02:23.126+0000] {processor.py:914} INFO - Processing file /home/airflow/.local/lib/python3.12/site-packages/airflow/example_dags/example_bash_operator.py for tasks to queue
[2025-05-20T00:02:23.130+0000] {logging_mixin.py:190} INFO - [2025-05-20T00:02:23.130+0000] {dagbag.py:588} INFO - Filling up the DagBag from /home/airflow/.local/lib/python3.12/site-packages/airflow/example_dags/example_bash_operator.py
[2025-05-20T00:02:23.166+0000] {processor.py:925} INFO - DAG(s) 'example_bash_operator' retrieved from /home/airflow/.local/lib/python3.12/site-packages/airflow/example_dags/example_bash_operator.py
[2025-05-20T00:02:23.224+0000] {logging_mixin.py:190} INFO - [2025-05-20T00:02:23.223+0000] {dag.py:3239} INFO - Sync 1 DAGs
[2025-05-20T00:02:23.272+0000] {logging_mixin.py:190} INFO - [2025-05-20T00:02:23.271+0000] {dag.py:4180} INFO - Setting next_dagrun for example_bash_operator to 2025-05-19 00:00:00+00:00, run_after=2025-05-20 00:00:00+00:00
[2025-05-20T00:02:23.305+0000] {processor.py:208} INFO - Processing /home/airflow/.local/lib/python3.12/site-packages/airflow/example_dags/example_bash_operator.py took 0.204 seconds
[2025-05-20T00:02:55.616+0000] {processor.py:186} INFO - Started process (PID=6906) to work on /home/airflow/.local/lib/python3.12/site-packages/airflow/example_dags/example_bash_operator.py
[2025-05-20T00:02:55.623+0000] {processor.py:914} INFO - Processing file /home/airflow/.local/lib/python3.12/site-packages/airflow/example_dags/example_bash_operator.py for tasks to queue
[2025-05-20T00:02:55.632+0000] {logging_mixin.py:190} INFO - [2025-05-20T00:02:55.631+0000] {dagbag.py:588} INFO - Filling up the DagBag from /home/airflow/.local/lib/python3.12/site-packages/airflow/example_dags/example_bash_operator.py
[2025-05-20T00:02:55.697+0000] {processor.py:925} INFO - DAG(s) 'example_bash_operator' retrieved from /home/airflow/.local/lib/python3.12/site-packages/airflow/example_dags/example_bash_operator.py
[2025-05-20T00:02:55.860+0000] {logging_mixin.py:190} INFO - [2025-05-20T00:02:55.859+0000] {dag.py:3239} INFO - Sync 1 DAGs
[2025-05-20T00:02:55.940+0000] {logging_mixin.py:190} INFO - [2025-05-20T00:02:55.940+0000] {dag.py:4180} INFO - Setting next_dagrun for example_bash_operator to 2025-05-19 00:00:00+00:00, run_after=2025-05-20 00:00:00+00:00
[2025-05-20T00:02:56.033+0000] {processor.py:208} INFO - Processing /home/airflow/.local/lib/python3.12/site-packages/airflow/example_dags/example_bash_operator.py took 0.432 seconds
[2025-05-20T00:03:27.231+0000] {processor.py:186} INFO - Started process (PID=6970) to work on /home/airflow/.local/lib/python3.12/site-packages/airflow/example_dags/example_bash_operator.py
[2025-05-20T00:03:27.232+0000] {processor.py:914} INFO - Processing file /home/airflow/.local/lib/python3.12/site-packages/airflow/example_dags/example_bash_operator.py for tasks to queue
[2025-05-20T00:03:27.237+0000] {logging_mixin.py:190} INFO - [2025-05-20T00:03:27.236+0000] {dagbag.py:588} INFO - Filling up the DagBag from /home/airflow/.local/lib/python3.12/site-packages/airflow/example_dags/example_bash_operator.py
[2025-05-20T00:03:27.256+0000] {processor.py:925} INFO - DAG(s) 'example_bash_operator' retrieved from /home/airflow/.local/lib/python3.12/site-packages/airflow/example_dags/example_bash_operator.py
[2025-05-20T00:03:27.305+0000] {logging_mixin.py:190} INFO - [2025-05-20T00:03:27.305+0000] {dag.py:3239} INFO - Sync 1 DAGs
[2025-05-20T00:03:27.408+0000] {logging_mixin.py:190} INFO - [2025-05-20T00:03:27.407+0000] {dag.py:4180} INFO - Setting next_dagrun for example_bash_operator to 2025-05-19 00:00:00+00:00, run_after=2025-05-20 00:00:00+00:00
[2025-05-20T00:03:27.483+0000] {processor.py:208} INFO - Processing /home/airflow/.local/lib/python3.12/site-packages/airflow/example_dags/example_bash_operator.py took 0.261 seconds
[2025-05-20T00:04:03.293+0000] {processor.py:186} INFO - Started process (PID=7038) to work on /home/airflow/.local/lib/python3.12/site-packages/airflow/example_dags/example_bash_operator.py
[2025-05-20T00:04:03.294+0000] {processor.py:914} INFO - Processing file /home/airflow/.local/lib/python3.12/site-packages/airflow/example_dags/example_bash_operator.py for tasks to queue
[2025-05-20T00:04:03.299+0000] {logging_mixin.py:190} INFO - [2025-05-20T00:04:03.298+0000] {dagbag.py:588} INFO - Filling up the DagBag from /home/airflow/.local/lib/python3.12/site-packages/airflow/example_dags/example_bash_operator.py
[2025-05-20T00:04:03.323+0000] {processor.py:925} INFO - DAG(s) 'example_bash_operator' retrieved from /home/airflow/.local/lib/python3.12/site-packages/airflow/example_dags/example_bash_operator.py
[2025-05-20T00:04:03.376+0000] {logging_mixin.py:190} INFO - [2025-05-20T00:04:03.375+0000] {dag.py:3239} INFO - Sync 1 DAGs
[2025-05-20T00:04:03.424+0000] {logging_mixin.py:190} INFO - [2025-05-20T00:04:03.424+0000] {dag.py:4180} INFO - Setting next_dagrun for example_bash_operator to 2025-05-19 00:00:00+00:00, run_after=2025-05-20 00:00:00+00:00
[2025-05-20T00:04:03.477+0000] {processor.py:208} INFO - Processing /home/airflow/.local/lib/python3.12/site-packages/airflow/example_dags/example_bash_operator.py took 0.195 seconds
[2025-05-20T00:04:39.994+0000] {processor.py:186} INFO - Started process (PID=7105) to work on /home/airflow/.local/lib/python3.12/site-packages/airflow/example_dags/example_bash_operator.py
[2025-05-20T00:04:39.996+0000] {processor.py:914} INFO - Processing file /home/airflow/.local/lib/python3.12/site-packages/airflow/example_dags/example_bash_operator.py for tasks to queue
[2025-05-20T00:04:40.000+0000] {logging_mixin.py:190} INFO - [2025-05-20T00:04:39.999+0000] {dagbag.py:588} INFO - Filling up the DagBag from /home/airflow/.local/lib/python3.12/site-packages/airflow/example_dags/example_bash_operator.py
[2025-05-20T00:04:40.032+0000] {processor.py:925} INFO - DAG(s) 'example_bash_operator' retrieved from /home/airflow/.local/lib/python3.12/site-packages/airflow/example_dags/example_bash_operator.py
[2025-05-20T00:04:40.113+0000] {logging_mixin.py:190} INFO - [2025-05-20T00:04:40.113+0000] {dag.py:3239} INFO - Sync 1 DAGs
[2025-05-20T00:04:40.187+0000] {logging_mixin.py:190} INFO - [2025-05-20T00:04:40.187+0000] {dag.py:4180} INFO - Setting next_dagrun for example_bash_operator to 2025-05-19 00:00:00+00:00, run_after=2025-05-20 00:00:00+00:00
[2025-05-20T00:04:40.257+0000] {processor.py:208} INFO - Processing /home/airflow/.local/lib/python3.12/site-packages/airflow/example_dags/example_bash_operator.py took 0.284 seconds
[2025-05-20T00:05:10.521+0000] {processor.py:186} INFO - Started process (PID=7168) to work on /home/airflow/.local/lib/python3.12/site-packages/airflow/example_dags/example_bash_operator.py
[2025-05-20T00:05:10.522+0000] {processor.py:914} INFO - Processing file /home/airflow/.local/lib/python3.12/site-packages/airflow/example_dags/example_bash_operator.py for tasks to queue
[2025-05-20T00:05:10.525+0000] {logging_mixin.py:190} INFO - [2025-05-20T00:05:10.525+0000] {dagbag.py:588} INFO - Filling up the DagBag from /home/airflow/.local/lib/python3.12/site-packages/airflow/example_dags/example_bash_operator.py
[2025-05-20T00:05:10.542+0000] {processor.py:925} INFO - DAG(s) 'example_bash_operator' retrieved from /home/airflow/.local/lib/python3.12/site-packages/airflow/example_dags/example_bash_operator.py
[2025-05-20T00:05:10.586+0000] {logging_mixin.py:190} INFO - [2025-05-20T00:05:10.586+0000] {dag.py:3239} INFO - Sync 1 DAGs
[2025-05-20T00:05:10.625+0000] {logging_mixin.py:190} INFO - [2025-05-20T00:05:10.625+0000] {dag.py:4180} INFO - Setting next_dagrun for example_bash_operator to 2025-05-19 00:00:00+00:00, run_after=2025-05-20 00:00:00+00:00
[2025-05-20T00:05:10.663+0000] {processor.py:208} INFO - Processing /home/airflow/.local/lib/python3.12/site-packages/airflow/example_dags/example_bash_operator.py took 0.150 seconds
[2025-05-20T00:05:41.860+0000] {processor.py:186} INFO - Started process (PID=7233) to work on /home/airflow/.local/lib/python3.12/site-packages/airflow/example_dags/example_bash_operator.py
[2025-05-20T00:05:41.861+0000] {processor.py:914} INFO - Processing file /home/airflow/.local/lib/python3.12/site-packages/airflow/example_dags/example_bash_operator.py for tasks to queue
[2025-05-20T00:05:41.866+0000] {logging_mixin.py:190} INFO - [2025-05-20T00:05:41.865+0000] {dagbag.py:588} INFO - Filling up the DagBag from /home/airflow/.local/lib/python3.12/site-packages/airflow/example_dags/example_bash_operator.py
[2025-05-20T00:05:41.939+0000] {processor.py:925} INFO - DAG(s) 'example_bash_operator' retrieved from /home/airflow/.local/lib/python3.12/site-packages/airflow/example_dags/example_bash_operator.py
[2025-05-20T00:05:42.048+0000] {logging_mixin.py:190} INFO - [2025-05-20T00:05:42.048+0000] {dag.py:3239} INFO - Sync 1 DAGs
[2025-05-20T00:05:42.102+0000] {logging_mixin.py:190} INFO - [2025-05-20T00:05:42.101+0000] {dag.py:4180} INFO - Setting next_dagrun for example_bash_operator to 2025-05-19 00:00:00+00:00, run_after=2025-05-20 00:00:00+00:00
[2025-05-20T00:05:42.205+0000] {processor.py:208} INFO - Processing /home/airflow/.local/lib/python3.12/site-packages/airflow/example_dags/example_bash_operator.py took 0.355 seconds
[2025-05-20T00:06:13.408+0000] {processor.py:186} INFO - Started process (PID=7297) to work on /home/airflow/.local/lib/python3.12/site-packages/airflow/example_dags/example_bash_operator.py
[2025-05-20T00:06:13.409+0000] {processor.py:914} INFO - Processing file /home/airflow/.local/lib/python3.12/site-packages/airflow/example_dags/example_bash_operator.py for tasks to queue
[2025-05-20T00:06:13.413+0000] {logging_mixin.py:190} INFO - [2025-05-20T00:06:13.412+0000] {dagbag.py:588} INFO - Filling up the DagBag from /home/airflow/.local/lib/python3.12/site-packages/airflow/example_dags/example_bash_operator.py
[2025-05-20T00:06:13.439+0000] {processor.py:925} INFO - DAG(s) 'example_bash_operator' retrieved from /home/airflow/.local/lib/python3.12/site-packages/airflow/example_dags/example_bash_operator.py
[2025-05-20T00:06:13.586+0000] {logging_mixin.py:190} INFO - [2025-05-20T00:06:13.585+0000] {dag.py:3239} INFO - Sync 1 DAGs
[2025-05-20T00:06:13.640+0000] {logging_mixin.py:190} INFO - [2025-05-20T00:06:13.638+0000] {dag.py:4180} INFO - Setting next_dagrun for example_bash_operator to 2025-05-19 00:00:00+00:00, run_after=2025-05-20 00:00:00+00:00
[2025-05-20T00:06:13.684+0000] {processor.py:208} INFO - Processing /home/airflow/.local/lib/python3.12/site-packages/airflow/example_dags/example_bash_operator.py took 0.284 seconds
[2025-05-20T00:06:46.032+0000] {processor.py:186} INFO - Started process (PID=7361) to work on /home/airflow/.local/lib/python3.12/site-packages/airflow/example_dags/example_bash_operator.py
[2025-05-20T00:06:46.033+0000] {processor.py:914} INFO - Processing file /home/airflow/.local/lib/python3.12/site-packages/airflow/example_dags/example_bash_operator.py for tasks to queue
[2025-05-20T00:06:46.036+0000] {logging_mixin.py:190} INFO - [2025-05-20T00:06:46.036+0000] {dagbag.py:588} INFO - Filling up the DagBag from /home/airflow/.local/lib/python3.12/site-packages/airflow/example_dags/example_bash_operator.py
[2025-05-20T00:06:46.056+0000] {processor.py:925} INFO - DAG(s) 'example_bash_operator' retrieved from /home/airflow/.local/lib/python3.12/site-packages/airflow/example_dags/example_bash_operator.py
[2025-05-20T00:06:46.101+0000] {logging_mixin.py:190} INFO - [2025-05-20T00:06:46.101+0000] {dag.py:3239} INFO - Sync 1 DAGs
[2025-05-20T00:06:46.146+0000] {logging_mixin.py:190} INFO - [2025-05-20T00:06:46.146+0000] {dag.py:4180} INFO - Setting next_dagrun for example_bash_operator to 2025-05-19 00:00:00+00:00, run_after=2025-05-20 00:00:00+00:00
[2025-05-20T00:06:46.175+0000] {processor.py:208} INFO - Processing /home/airflow/.local/lib/python3.12/site-packages/airflow/example_dags/example_bash_operator.py took 0.151 seconds
[2025-05-20T00:07:17.305+0000] {processor.py:186} INFO - Started process (PID=7425) to work on /home/airflow/.local/lib/python3.12/site-packages/airflow/example_dags/example_bash_operator.py
[2025-05-20T00:07:17.306+0000] {processor.py:914} INFO - Processing file /home/airflow/.local/lib/python3.12/site-packages/airflow/example_dags/example_bash_operator.py for tasks to queue
[2025-05-20T00:07:17.310+0000] {logging_mixin.py:190} INFO - [2025-05-20T00:07:17.309+0000] {dagbag.py:588} INFO - Filling up the DagBag from /home/airflow/.local/lib/python3.12/site-packages/airflow/example_dags/example_bash_operator.py
[2025-05-20T00:07:17.330+0000] {processor.py:925} INFO - DAG(s) 'example_bash_operator' retrieved from /home/airflow/.local/lib/python3.12/site-packages/airflow/example_dags/example_bash_operator.py
[2025-05-20T00:07:17.383+0000] {logging_mixin.py:190} INFO - [2025-05-20T00:07:17.382+0000] {dag.py:3239} INFO - Sync 1 DAGs
[2025-05-20T00:07:17.433+0000] {logging_mixin.py:190} INFO - [2025-05-20T00:07:17.433+0000] {dag.py:4180} INFO - Setting next_dagrun for example_bash_operator to 2025-05-19 00:00:00+00:00, run_after=2025-05-20 00:00:00+00:00
[2025-05-20T00:07:17.477+0000] {processor.py:208} INFO - Processing /home/airflow/.local/lib/python3.12/site-packages/airflow/example_dags/example_bash_operator.py took 0.181 seconds
[2025-05-20T00:07:47.630+0000] {processor.py:186} INFO - Started process (PID=7488) to work on /home/airflow/.local/lib/python3.12/site-packages/airflow/example_dags/example_bash_operator.py
[2025-05-20T00:07:47.632+0000] {processor.py:914} INFO - Processing file /home/airflow/.local/lib/python3.12/site-packages/airflow/example_dags/example_bash_operator.py for tasks to queue
[2025-05-20T00:07:47.637+0000] {logging_mixin.py:190} INFO - [2025-05-20T00:07:47.636+0000] {dagbag.py:588} INFO - Filling up the DagBag from /home/airflow/.local/lib/python3.12/site-packages/airflow/example_dags/example_bash_operator.py
[2025-05-20T00:07:47.663+0000] {processor.py:925} INFO - DAG(s) 'example_bash_operator' retrieved from /home/airflow/.local/lib/python3.12/site-packages/airflow/example_dags/example_bash_operator.py
[2025-05-20T00:07:47.737+0000] {logging_mixin.py:190} INFO - [2025-05-20T00:07:47.737+0000] {dag.py:3239} INFO - Sync 1 DAGs
[2025-05-20T00:07:47.786+0000] {logging_mixin.py:190} INFO - [2025-05-20T00:07:47.786+0000] {dag.py:4180} INFO - Setting next_dagrun for example_bash_operator to 2025-05-19 00:00:00+00:00, run_after=2025-05-20 00:00:00+00:00
[2025-05-20T00:07:47.824+0000] {processor.py:208} INFO - Processing /home/airflow/.local/lib/python3.12/site-packages/airflow/example_dags/example_bash_operator.py took 0.207 seconds
[2025-05-20T00:08:18.955+0000] {processor.py:186} INFO - Started process (PID=7552) to work on /home/airflow/.local/lib/python3.12/site-packages/airflow/example_dags/example_bash_operator.py
[2025-05-20T00:08:18.957+0000] {processor.py:914} INFO - Processing file /home/airflow/.local/lib/python3.12/site-packages/airflow/example_dags/example_bash_operator.py for tasks to queue
[2025-05-20T00:08:18.960+0000] {logging_mixin.py:190} INFO - [2025-05-20T00:08:18.960+0000] {dagbag.py:588} INFO - Filling up the DagBag from /home/airflow/.local/lib/python3.12/site-packages/airflow/example_dags/example_bash_operator.py
[2025-05-20T00:08:18.983+0000] {processor.py:925} INFO - DAG(s) 'example_bash_operator' retrieved from /home/airflow/.local/lib/python3.12/site-packages/airflow/example_dags/example_bash_operator.py
[2025-05-20T00:08:19.028+0000] {logging_mixin.py:190} INFO - [2025-05-20T00:08:19.028+0000] {dag.py:3239} INFO - Sync 1 DAGs
[2025-05-20T00:08:19.071+0000] {logging_mixin.py:190} INFO - [2025-05-20T00:08:19.071+0000] {dag.py:4180} INFO - Setting next_dagrun for example_bash_operator to 2025-05-19 00:00:00+00:00, run_after=2025-05-20 00:00:00+00:00
[2025-05-20T00:08:19.117+0000] {processor.py:208} INFO - Processing /home/airflow/.local/lib/python3.12/site-packages/airflow/example_dags/example_bash_operator.py took 0.178 seconds
[2025-05-20T00:08:49.802+0000] {processor.py:186} INFO - Started process (PID=7615) to work on /home/airflow/.local/lib/python3.12/site-packages/airflow/example_dags/example_bash_operator.py
[2025-05-20T00:08:49.805+0000] {processor.py:914} INFO - Processing file /home/airflow/.local/lib/python3.12/site-packages/airflow/example_dags/example_bash_operator.py for tasks to queue
[2025-05-20T00:08:49.809+0000] {logging_mixin.py:190} INFO - [2025-05-20T00:08:49.808+0000] {dagbag.py:588} INFO - Filling up the DagBag from /home/airflow/.local/lib/python3.12/site-packages/airflow/example_dags/example_bash_operator.py
[2025-05-20T00:08:49.843+0000] {processor.py:925} INFO - DAG(s) 'example_bash_operator' retrieved from /home/airflow/.local/lib/python3.12/site-packages/airflow/example_dags/example_bash_operator.py
[2025-05-20T00:08:49.987+0000] {logging_mixin.py:190} INFO - [2025-05-20T00:08:49.986+0000] {dag.py:3239} INFO - Sync 1 DAGs
[2025-05-20T00:08:50.161+0000] {logging_mixin.py:190} INFO - [2025-05-20T00:08:50.160+0000] {dag.py:4180} INFO - Setting next_dagrun for example_bash_operator to 2025-05-19 00:00:00+00:00, run_after=2025-05-20 00:00:00+00:00
[2025-05-20T00:08:50.268+0000] {processor.py:208} INFO - Processing /home/airflow/.local/lib/python3.12/site-packages/airflow/example_dags/example_bash_operator.py took 0.477 seconds
[2025-05-20T00:09:22.860+0000] {processor.py:186} INFO - Started process (PID=7677) to work on /home/airflow/.local/lib/python3.12/site-packages/airflow/example_dags/example_bash_operator.py
[2025-05-20T00:09:22.863+0000] {processor.py:914} INFO - Processing file /home/airflow/.local/lib/python3.12/site-packages/airflow/example_dags/example_bash_operator.py for tasks to queue
[2025-05-20T00:09:22.875+0000] {logging_mixin.py:190} INFO - [2025-05-20T00:09:22.874+0000] {dagbag.py:588} INFO - Filling up the DagBag from /home/airflow/.local/lib/python3.12/site-packages/airflow/example_dags/example_bash_operator.py
[2025-05-20T00:09:22.938+0000] {processor.py:925} INFO - DAG(s) 'example_bash_operator' retrieved from /home/airflow/.local/lib/python3.12/site-packages/airflow/example_dags/example_bash_operator.py
[2025-05-20T00:09:23.056+0000] {logging_mixin.py:190} INFO - [2025-05-20T00:09:23.055+0000] {dag.py:3239} INFO - Sync 1 DAGs
[2025-05-20T00:09:23.122+0000] {logging_mixin.py:190} INFO - [2025-05-20T00:09:23.122+0000] {dag.py:4180} INFO - Setting next_dagrun for example_bash_operator to 2025-05-19 00:00:00+00:00, run_after=2025-05-20 00:00:00+00:00
[2025-05-20T00:09:23.192+0000] {processor.py:208} INFO - Processing /home/airflow/.local/lib/python3.12/site-packages/airflow/example_dags/example_bash_operator.py took 0.346 seconds
[2025-05-20T00:09:54.056+0000] {processor.py:186} INFO - Started process (PID=7742) to work on /home/airflow/.local/lib/python3.12/site-packages/airflow/example_dags/example_bash_operator.py
[2025-05-20T00:09:54.058+0000] {processor.py:914} INFO - Processing file /home/airflow/.local/lib/python3.12/site-packages/airflow/example_dags/example_bash_operator.py for tasks to queue
[2025-05-20T00:09:54.062+0000] {logging_mixin.py:190} INFO - [2025-05-20T00:09:54.062+0000] {dagbag.py:588} INFO - Filling up the DagBag from /home/airflow/.local/lib/python3.12/site-packages/airflow/example_dags/example_bash_operator.py
[2025-05-20T00:09:54.092+0000] {processor.py:925} INFO - DAG(s) 'example_bash_operator' retrieved from /home/airflow/.local/lib/python3.12/site-packages/airflow/example_dags/example_bash_operator.py
[2025-05-20T00:09:54.171+0000] {logging_mixin.py:190} INFO - [2025-05-20T00:09:54.171+0000] {dag.py:3239} INFO - Sync 1 DAGs
[2025-05-20T00:09:54.320+0000] {logging_mixin.py:190} INFO - [2025-05-20T00:09:54.319+0000] {dag.py:4180} INFO - Setting next_dagrun for example_bash_operator to 2025-05-19 00:00:00+00:00, run_after=2025-05-20 00:00:00+00:00
[2025-05-20T00:09:54.403+0000] {processor.py:208} INFO - Processing /home/airflow/.local/lib/python3.12/site-packages/airflow/example_dags/example_bash_operator.py took 0.357 seconds
[2025-05-20T00:10:24.681+0000] {processor.py:186} INFO - Started process (PID=7805) to work on /home/airflow/.local/lib/python3.12/site-packages/airflow/example_dags/example_bash_operator.py
[2025-05-20T00:10:24.682+0000] {processor.py:914} INFO - Processing file /home/airflow/.local/lib/python3.12/site-packages/airflow/example_dags/example_bash_operator.py for tasks to queue
[2025-05-20T00:10:24.686+0000] {logging_mixin.py:190} INFO - [2025-05-20T00:10:24.686+0000] {dagbag.py:588} INFO - Filling up the DagBag from /home/airflow/.local/lib/python3.12/site-packages/airflow/example_dags/example_bash_operator.py
[2025-05-20T00:10:24.707+0000] {processor.py:925} INFO - DAG(s) 'example_bash_operator' retrieved from /home/airflow/.local/lib/python3.12/site-packages/airflow/example_dags/example_bash_operator.py
[2025-05-20T00:10:24.763+0000] {logging_mixin.py:190} INFO - [2025-05-20T00:10:24.763+0000] {dag.py:3239} INFO - Sync 1 DAGs
[2025-05-20T00:10:24.807+0000] {logging_mixin.py:190} INFO - [2025-05-20T00:10:24.807+0000] {dag.py:4180} INFO - Setting next_dagrun for example_bash_operator to 2025-05-19 00:00:00+00:00, run_after=2025-05-20 00:00:00+00:00
[2025-05-20T00:10:24.834+0000] {processor.py:208} INFO - Processing /home/airflow/.local/lib/python3.12/site-packages/airflow/example_dags/example_bash_operator.py took 0.162 seconds
[2025-05-20T00:10:55.008+0000] {processor.py:186} INFO - Started process (PID=7869) to work on /home/airflow/.local/lib/python3.12/site-packages/airflow/example_dags/example_bash_operator.py
[2025-05-20T00:10:55.009+0000] {processor.py:914} INFO - Processing file /home/airflow/.local/lib/python3.12/site-packages/airflow/example_dags/example_bash_operator.py for tasks to queue
[2025-05-20T00:10:55.014+0000] {logging_mixin.py:190} INFO - [2025-05-20T00:10:55.013+0000] {dagbag.py:588} INFO - Filling up the DagBag from /home/airflow/.local/lib/python3.12/site-packages/airflow/example_dags/example_bash_operator.py
[2025-05-20T00:10:55.035+0000] {processor.py:925} INFO - DAG(s) 'example_bash_operator' retrieved from /home/airflow/.local/lib/python3.12/site-packages/airflow/example_dags/example_bash_operator.py
[2025-05-20T00:10:55.077+0000] {logging_mixin.py:190} INFO - [2025-05-20T00:10:55.076+0000] {dag.py:3239} INFO - Sync 1 DAGs
[2025-05-20T00:10:55.156+0000] {logging_mixin.py:190} INFO - [2025-05-20T00:10:55.156+0000] {dag.py:4180} INFO - Setting next_dagrun for example_bash_operator to 2025-05-19 00:00:00+00:00, run_after=2025-05-20 00:00:00+00:00
[2025-05-20T00:10:55.212+0000] {processor.py:208} INFO - Processing /home/airflow/.local/lib/python3.12/site-packages/airflow/example_dags/example_bash_operator.py took 0.222 seconds
[2025-05-20T00:11:25.813+0000] {processor.py:186} INFO - Started process (PID=7934) to work on /home/airflow/.local/lib/python3.12/site-packages/airflow/example_dags/example_bash_operator.py
[2025-05-20T00:11:25.815+0000] {processor.py:914} INFO - Processing file /home/airflow/.local/lib/python3.12/site-packages/airflow/example_dags/example_bash_operator.py for tasks to queue
[2025-05-20T00:11:25.820+0000] {logging_mixin.py:190} INFO - [2025-05-20T00:11:25.819+0000] {dagbag.py:588} INFO - Filling up the DagBag from /home/airflow/.local/lib/python3.12/site-packages/airflow/example_dags/example_bash_operator.py
[2025-05-20T00:11:25.851+0000] {processor.py:925} INFO - DAG(s) 'example_bash_operator' retrieved from /home/airflow/.local/lib/python3.12/site-packages/airflow/example_dags/example_bash_operator.py
[2025-05-20T00:11:26.039+0000] {logging_mixin.py:190} INFO - [2025-05-20T00:11:26.028+0000] {dag.py:3239} INFO - Sync 1 DAGs
[2025-05-20T00:11:26.226+0000] {logging_mixin.py:190} INFO - [2025-05-20T00:11:26.225+0000] {dag.py:4180} INFO - Setting next_dagrun for example_bash_operator to 2025-05-19 00:00:00+00:00, run_after=2025-05-20 00:00:00+00:00
[2025-05-20T00:11:26.474+0000] {processor.py:208} INFO - Processing /home/airflow/.local/lib/python3.12/site-packages/airflow/example_dags/example_bash_operator.py took 0.671 seconds
[2025-05-20T00:11:57.124+0000] {processor.py:186} INFO - Started process (PID=7999) to work on /home/airflow/.local/lib/python3.12/site-packages/airflow/example_dags/example_bash_operator.py
[2025-05-20T00:11:57.126+0000] {processor.py:914} INFO - Processing file /home/airflow/.local/lib/python3.12/site-packages/airflow/example_dags/example_bash_operator.py for tasks to queue
[2025-05-20T00:11:57.131+0000] {logging_mixin.py:190} INFO - [2025-05-20T00:11:57.129+0000] {dagbag.py:588} INFO - Filling up the DagBag from /home/airflow/.local/lib/python3.12/site-packages/airflow/example_dags/example_bash_operator.py
[2025-05-20T00:11:57.160+0000] {processor.py:925} INFO - DAG(s) 'example_bash_operator' retrieved from /home/airflow/.local/lib/python3.12/site-packages/airflow/example_dags/example_bash_operator.py
[2025-05-20T00:11:57.255+0000] {logging_mixin.py:190} INFO - [2025-05-20T00:11:57.252+0000] {dag.py:3239} INFO - Sync 1 DAGs
[2025-05-20T00:11:57.340+0000] {logging_mixin.py:190} INFO - [2025-05-20T00:11:57.339+0000] {dag.py:4180} INFO - Setting next_dagrun for example_bash_operator to 2025-05-19 00:00:00+00:00, run_after=2025-05-20 00:00:00+00:00
[2025-05-20T00:11:57.406+0000] {processor.py:208} INFO - Processing /home/airflow/.local/lib/python3.12/site-packages/airflow/example_dags/example_bash_operator.py took 0.307 seconds
[2025-05-20T00:12:28.201+0000] {processor.py:186} INFO - Started process (PID=8069) to work on /home/airflow/.local/lib/python3.12/site-packages/airflow/example_dags/example_bash_operator.py
[2025-05-20T00:12:28.204+0000] {processor.py:914} INFO - Processing file /home/airflow/.local/lib/python3.12/site-packages/airflow/example_dags/example_bash_operator.py for tasks to queue
[2025-05-20T00:12:28.232+0000] {logging_mixin.py:190} INFO - [2025-05-20T00:12:28.231+0000] {dagbag.py:588} INFO - Filling up the DagBag from /home/airflow/.local/lib/python3.12/site-packages/airflow/example_dags/example_bash_operator.py
[2025-05-20T00:12:28.344+0000] {processor.py:925} INFO - DAG(s) 'example_bash_operator' retrieved from /home/airflow/.local/lib/python3.12/site-packages/airflow/example_dags/example_bash_operator.py
[2025-05-20T00:12:28.670+0000] {logging_mixin.py:190} INFO - [2025-05-20T00:12:28.658+0000] {dag.py:3239} INFO - Sync 1 DAGs
[2025-05-20T00:12:28.857+0000] {logging_mixin.py:190} INFO - [2025-05-20T00:12:28.856+0000] {dag.py:4180} INFO - Setting next_dagrun for example_bash_operator to 2025-05-19 00:00:00+00:00, run_after=2025-05-20 00:00:00+00:00
[2025-05-20T00:12:29.049+0000] {processor.py:208} INFO - Processing /home/airflow/.local/lib/python3.12/site-packages/airflow/example_dags/example_bash_operator.py took 0.867 seconds
[2025-05-20T00:12:59.300+0000] {processor.py:186} INFO - Started process (PID=8133) to work on /home/airflow/.local/lib/python3.12/site-packages/airflow/example_dags/example_bash_operator.py
[2025-05-20T00:12:59.301+0000] {processor.py:914} INFO - Processing file /home/airflow/.local/lib/python3.12/site-packages/airflow/example_dags/example_bash_operator.py for tasks to queue
[2025-05-20T00:12:59.305+0000] {logging_mixin.py:190} INFO - [2025-05-20T00:12:59.305+0000] {dagbag.py:588} INFO - Filling up the DagBag from /home/airflow/.local/lib/python3.12/site-packages/airflow/example_dags/example_bash_operator.py
[2025-05-20T00:12:59.324+0000] {processor.py:925} INFO - DAG(s) 'example_bash_operator' retrieved from /home/airflow/.local/lib/python3.12/site-packages/airflow/example_dags/example_bash_operator.py
[2025-05-20T00:12:59.360+0000] {logging_mixin.py:190} INFO - [2025-05-20T00:12:59.360+0000] {dag.py:3239} INFO - Sync 1 DAGs
[2025-05-20T00:12:59.394+0000] {logging_mixin.py:190} INFO - [2025-05-20T00:12:59.394+0000] {dag.py:4180} INFO - Setting next_dagrun for example_bash_operator to 2025-05-19 00:00:00+00:00, run_after=2025-05-20 00:00:00+00:00
[2025-05-20T00:12:59.433+0000] {processor.py:208} INFO - Processing /home/airflow/.local/lib/python3.12/site-packages/airflow/example_dags/example_bash_operator.py took 0.143 seconds
[2025-05-20T00:13:30.745+0000] {processor.py:186} INFO - Started process (PID=8198) to work on /home/airflow/.local/lib/python3.12/site-packages/airflow/example_dags/example_bash_operator.py
[2025-05-20T00:13:30.747+0000] {processor.py:914} INFO - Processing file /home/airflow/.local/lib/python3.12/site-packages/airflow/example_dags/example_bash_operator.py for tasks to queue
[2025-05-20T00:13:30.766+0000] {logging_mixin.py:190} INFO - [2025-05-20T00:13:30.765+0000] {dagbag.py:588} INFO - Filling up the DagBag from /home/airflow/.local/lib/python3.12/site-packages/airflow/example_dags/example_bash_operator.py
[2025-05-20T00:13:30.804+0000] {processor.py:925} INFO - DAG(s) 'example_bash_operator' retrieved from /home/airflow/.local/lib/python3.12/site-packages/airflow/example_dags/example_bash_operator.py
[2025-05-20T00:13:30.862+0000] {logging_mixin.py:190} INFO - [2025-05-20T00:13:30.862+0000] {dag.py:3239} INFO - Sync 1 DAGs
[2025-05-20T00:13:30.915+0000] {logging_mixin.py:190} INFO - [2025-05-20T00:13:30.914+0000] {dag.py:4180} INFO - Setting next_dagrun for example_bash_operator to 2025-05-19 00:00:00+00:00, run_after=2025-05-20 00:00:00+00:00
[2025-05-20T00:13:30.956+0000] {processor.py:208} INFO - Processing /home/airflow/.local/lib/python3.12/site-packages/airflow/example_dags/example_bash_operator.py took 0.234 seconds
[2025-05-20T00:14:02.363+0000] {processor.py:186} INFO - Started process (PID=8264) to work on /home/airflow/.local/lib/python3.12/site-packages/airflow/example_dags/example_bash_operator.py
[2025-05-20T00:14:02.365+0000] {processor.py:914} INFO - Processing file /home/airflow/.local/lib/python3.12/site-packages/airflow/example_dags/example_bash_operator.py for tasks to queue
[2025-05-20T00:14:02.368+0000] {logging_mixin.py:190} INFO - [2025-05-20T00:14:02.368+0000] {dagbag.py:588} INFO - Filling up the DagBag from /home/airflow/.local/lib/python3.12/site-packages/airflow/example_dags/example_bash_operator.py
[2025-05-20T00:14:02.393+0000] {processor.py:925} INFO - DAG(s) 'example_bash_operator' retrieved from /home/airflow/.local/lib/python3.12/site-packages/airflow/example_dags/example_bash_operator.py
[2025-05-20T00:14:02.448+0000] {logging_mixin.py:190} INFO - [2025-05-20T00:14:02.448+0000] {dag.py:3239} INFO - Sync 1 DAGs
[2025-05-20T00:14:02.510+0000] {logging_mixin.py:190} INFO - [2025-05-20T00:14:02.509+0000] {dag.py:4180} INFO - Setting next_dagrun for example_bash_operator to 2025-05-19 00:00:00+00:00, run_after=2025-05-20 00:00:00+00:00
[2025-05-20T00:14:02.551+0000] {processor.py:208} INFO - Processing /home/airflow/.local/lib/python3.12/site-packages/airflow/example_dags/example_bash_operator.py took 0.227 seconds
[2025-05-20T00:14:34.656+0000] {processor.py:186} INFO - Started process (PID=8328) to work on /home/airflow/.local/lib/python3.12/site-packages/airflow/example_dags/example_bash_operator.py
[2025-05-20T00:14:34.659+0000] {processor.py:914} INFO - Processing file /home/airflow/.local/lib/python3.12/site-packages/airflow/example_dags/example_bash_operator.py for tasks to queue
[2025-05-20T00:14:34.663+0000] {logging_mixin.py:190} INFO - [2025-05-20T00:14:34.663+0000] {dagbag.py:588} INFO - Filling up the DagBag from /home/airflow/.local/lib/python3.12/site-packages/airflow/example_dags/example_bash_operator.py
[2025-05-20T00:14:34.686+0000] {processor.py:925} INFO - DAG(s) 'example_bash_operator' retrieved from /home/airflow/.local/lib/python3.12/site-packages/airflow/example_dags/example_bash_operator.py
[2025-05-20T00:14:34.740+0000] {logging_mixin.py:190} INFO - [2025-05-20T00:14:34.740+0000] {dag.py:3239} INFO - Sync 1 DAGs
[2025-05-20T00:14:34.786+0000] {logging_mixin.py:190} INFO - [2025-05-20T00:14:34.785+0000] {dag.py:4180} INFO - Setting next_dagrun for example_bash_operator to 2025-05-19 00:00:00+00:00, run_after=2025-05-20 00:00:00+00:00
[2025-05-20T00:14:34.822+0000] {processor.py:208} INFO - Processing /home/airflow/.local/lib/python3.12/site-packages/airflow/example_dags/example_bash_operator.py took 0.176 seconds
[2025-05-20T00:15:07.687+0000] {processor.py:186} INFO - Started process (PID=8392) to work on /home/airflow/.local/lib/python3.12/site-packages/airflow/example_dags/example_bash_operator.py
[2025-05-20T00:15:07.689+0000] {processor.py:914} INFO - Processing file /home/airflow/.local/lib/python3.12/site-packages/airflow/example_dags/example_bash_operator.py for tasks to queue
[2025-05-20T00:15:07.694+0000] {logging_mixin.py:190} INFO - [2025-05-20T00:15:07.693+0000] {dagbag.py:588} INFO - Filling up the DagBag from /home/airflow/.local/lib/python3.12/site-packages/airflow/example_dags/example_bash_operator.py
[2025-05-20T00:15:07.716+0000] {processor.py:925} INFO - DAG(s) 'example_bash_operator' retrieved from /home/airflow/.local/lib/python3.12/site-packages/airflow/example_dags/example_bash_operator.py
[2025-05-20T00:15:07.762+0000] {logging_mixin.py:190} INFO - [2025-05-20T00:15:07.762+0000] {dag.py:3239} INFO - Sync 1 DAGs
[2025-05-20T00:15:07.805+0000] {logging_mixin.py:190} INFO - [2025-05-20T00:15:07.805+0000] {dag.py:4180} INFO - Setting next_dagrun for example_bash_operator to 2025-05-19 00:00:00+00:00, run_after=2025-05-20 00:00:00+00:00
[2025-05-20T00:15:07.843+0000] {processor.py:208} INFO - Processing /home/airflow/.local/lib/python3.12/site-packages/airflow/example_dags/example_bash_operator.py took 0.163 seconds
[2025-05-20T00:15:39.862+0000] {processor.py:186} INFO - Started process (PID=8458) to work on /home/airflow/.local/lib/python3.12/site-packages/airflow/example_dags/example_bash_operator.py
[2025-05-20T00:15:39.875+0000] {processor.py:914} INFO - Processing file /home/airflow/.local/lib/python3.12/site-packages/airflow/example_dags/example_bash_operator.py for tasks to queue
[2025-05-20T00:15:39.879+0000] {logging_mixin.py:190} INFO - [2025-05-20T00:15:39.879+0000] {dagbag.py:588} INFO - Filling up the DagBag from /home/airflow/.local/lib/python3.12/site-packages/airflow/example_dags/example_bash_operator.py
[2025-05-20T00:15:39.921+0000] {processor.py:925} INFO - DAG(s) 'example_bash_operator' retrieved from /home/airflow/.local/lib/python3.12/site-packages/airflow/example_dags/example_bash_operator.py
[2025-05-20T00:15:40.031+0000] {logging_mixin.py:190} INFO - [2025-05-20T00:15:40.030+0000] {dag.py:3239} INFO - Sync 1 DAGs
[2025-05-20T00:15:40.073+0000] {logging_mixin.py:190} INFO - [2025-05-20T00:15:40.072+0000] {dag.py:4180} INFO - Setting next_dagrun for example_bash_operator to 2025-05-19 00:00:00+00:00, run_after=2025-05-20 00:00:00+00:00
[2025-05-20T00:15:40.106+0000] {processor.py:208} INFO - Processing /home/airflow/.local/lib/python3.12/site-packages/airflow/example_dags/example_bash_operator.py took 0.262 seconds
[2025-05-20T00:16:13.383+0000] {processor.py:186} INFO - Started process (PID=8524) to work on /home/airflow/.local/lib/python3.12/site-packages/airflow/example_dags/example_bash_operator.py
[2025-05-20T00:16:13.399+0000] {processor.py:914} INFO - Processing file /home/airflow/.local/lib/python3.12/site-packages/airflow/example_dags/example_bash_operator.py for tasks to queue
[2025-05-20T00:16:13.409+0000] {logging_mixin.py:190} INFO - [2025-05-20T00:16:13.409+0000] {dagbag.py:588} INFO - Filling up the DagBag from /home/airflow/.local/lib/python3.12/site-packages/airflow/example_dags/example_bash_operator.py
[2025-05-20T00:16:13.460+0000] {processor.py:925} INFO - DAG(s) 'example_bash_operator' retrieved from /home/airflow/.local/lib/python3.12/site-packages/airflow/example_dags/example_bash_operator.py
[2025-05-20T00:16:13.662+0000] {logging_mixin.py:190} INFO - [2025-05-20T00:16:13.662+0000] {dag.py:3239} INFO - Sync 1 DAGs
[2025-05-20T00:16:13.814+0000] {logging_mixin.py:190} INFO - [2025-05-20T00:16:13.814+0000] {dag.py:4180} INFO - Setting next_dagrun for example_bash_operator to 2025-05-19 00:00:00+00:00, run_after=2025-05-20 00:00:00+00:00
[2025-05-20T00:16:13.891+0000] {processor.py:208} INFO - Processing /home/airflow/.local/lib/python3.12/site-packages/airflow/example_dags/example_bash_operator.py took 0.525 seconds
[2025-05-20T00:16:44.161+0000] {processor.py:186} INFO - Started process (PID=8588) to work on /home/airflow/.local/lib/python3.12/site-packages/airflow/example_dags/example_bash_operator.py
[2025-05-20T00:16:44.162+0000] {processor.py:914} INFO - Processing file /home/airflow/.local/lib/python3.12/site-packages/airflow/example_dags/example_bash_operator.py for tasks to queue
[2025-05-20T00:16:44.166+0000] {logging_mixin.py:190} INFO - [2025-05-20T00:16:44.165+0000] {dagbag.py:588} INFO - Filling up the DagBag from /home/airflow/.local/lib/python3.12/site-packages/airflow/example_dags/example_bash_operator.py
[2025-05-20T00:16:44.190+0000] {processor.py:925} INFO - DAG(s) 'example_bash_operator' retrieved from /home/airflow/.local/lib/python3.12/site-packages/airflow/example_dags/example_bash_operator.py
[2025-05-20T00:16:44.246+0000] {logging_mixin.py:190} INFO - [2025-05-20T00:16:44.246+0000] {dag.py:3239} INFO - Sync 1 DAGs
[2025-05-20T00:16:44.305+0000] {logging_mixin.py:190} INFO - [2025-05-20T00:16:44.305+0000] {dag.py:4180} INFO - Setting next_dagrun for example_bash_operator to 2025-05-19 00:00:00+00:00, run_after=2025-05-20 00:00:00+00:00
[2025-05-20T00:16:44.352+0000] {processor.py:208} INFO - Processing /home/airflow/.local/lib/python3.12/site-packages/airflow/example_dags/example_bash_operator.py took 0.204 seconds
[2025-05-20T00:17:15.879+0000] {processor.py:186} INFO - Started process (PID=8651) to work on /home/airflow/.local/lib/python3.12/site-packages/airflow/example_dags/example_bash_operator.py
[2025-05-20T00:17:15.881+0000] {processor.py:914} INFO - Processing file /home/airflow/.local/lib/python3.12/site-packages/airflow/example_dags/example_bash_operator.py for tasks to queue
[2025-05-20T00:17:15.891+0000] {logging_mixin.py:190} INFO - [2025-05-20T00:17:15.890+0000] {dagbag.py:588} INFO - Filling up the DagBag from /home/airflow/.local/lib/python3.12/site-packages/airflow/example_dags/example_bash_operator.py
[2025-05-20T00:17:15.922+0000] {processor.py:925} INFO - DAG(s) 'example_bash_operator' retrieved from /home/airflow/.local/lib/python3.12/site-packages/airflow/example_dags/example_bash_operator.py
[2025-05-20T00:17:16.002+0000] {logging_mixin.py:190} INFO - [2025-05-20T00:17:16.001+0000] {dag.py:3239} INFO - Sync 1 DAGs
[2025-05-20T00:17:16.069+0000] {logging_mixin.py:190} INFO - [2025-05-20T00:17:16.069+0000] {dag.py:4180} INFO - Setting next_dagrun for example_bash_operator to 2025-05-19 00:00:00+00:00, run_after=2025-05-20 00:00:00+00:00
[2025-05-20T00:17:16.116+0000] {processor.py:208} INFO - Processing /home/airflow/.local/lib/python3.12/site-packages/airflow/example_dags/example_bash_operator.py took 0.250 seconds
[2025-05-20T00:17:46.938+0000] {processor.py:186} INFO - Started process (PID=8714) to work on /home/airflow/.local/lib/python3.12/site-packages/airflow/example_dags/example_bash_operator.py
[2025-05-20T00:17:46.940+0000] {processor.py:914} INFO - Processing file /home/airflow/.local/lib/python3.12/site-packages/airflow/example_dags/example_bash_operator.py for tasks to queue
[2025-05-20T00:17:46.945+0000] {logging_mixin.py:190} INFO - [2025-05-20T00:17:46.944+0000] {dagbag.py:588} INFO - Filling up the DagBag from /home/airflow/.local/lib/python3.12/site-packages/airflow/example_dags/example_bash_operator.py
[2025-05-20T00:17:46.983+0000] {processor.py:925} INFO - DAG(s) 'example_bash_operator' retrieved from /home/airflow/.local/lib/python3.12/site-packages/airflow/example_dags/example_bash_operator.py
[2025-05-20T00:17:47.069+0000] {logging_mixin.py:190} INFO - [2025-05-20T00:17:47.064+0000] {dag.py:3239} INFO - Sync 1 DAGs
[2025-05-20T00:17:47.153+0000] {logging_mixin.py:190} INFO - [2025-05-20T00:17:47.152+0000] {dag.py:4180} INFO - Setting next_dagrun for example_bash_operator to 2025-05-19 00:00:00+00:00, run_after=2025-05-20 00:00:00+00:00
[2025-05-20T00:17:47.327+0000] {processor.py:208} INFO - Processing /home/airflow/.local/lib/python3.12/site-packages/airflow/example_dags/example_bash_operator.py took 0.402 seconds
[2025-05-20T00:18:17.683+0000] {processor.py:186} INFO - Started process (PID=8777) to work on /home/airflow/.local/lib/python3.12/site-packages/airflow/example_dags/example_bash_operator.py
[2025-05-20T00:18:17.691+0000] {processor.py:914} INFO - Processing file /home/airflow/.local/lib/python3.12/site-packages/airflow/example_dags/example_bash_operator.py for tasks to queue
[2025-05-20T00:18:17.695+0000] {logging_mixin.py:190} INFO - [2025-05-20T00:18:17.695+0000] {dagbag.py:588} INFO - Filling up the DagBag from /home/airflow/.local/lib/python3.12/site-packages/airflow/example_dags/example_bash_operator.py
[2025-05-20T00:18:17.719+0000] {processor.py:925} INFO - DAG(s) 'example_bash_operator' retrieved from /home/airflow/.local/lib/python3.12/site-packages/airflow/example_dags/example_bash_operator.py
[2025-05-20T00:18:17.755+0000] {logging_mixin.py:190} INFO - [2025-05-20T00:18:17.755+0000] {dag.py:3239} INFO - Sync 1 DAGs
[2025-05-20T00:18:17.802+0000] {logging_mixin.py:190} INFO - [2025-05-20T00:18:17.802+0000] {dag.py:4180} INFO - Setting next_dagrun for example_bash_operator to 2025-05-19 00:00:00+00:00, run_after=2025-05-20 00:00:00+00:00
[2025-05-20T00:18:17.830+0000] {processor.py:208} INFO - Processing /home/airflow/.local/lib/python3.12/site-packages/airflow/example_dags/example_bash_operator.py took 0.157 seconds
[2025-05-20T00:18:48.354+0000] {processor.py:186} INFO - Started process (PID=8841) to work on /home/airflow/.local/lib/python3.12/site-packages/airflow/example_dags/example_bash_operator.py
[2025-05-20T00:18:48.362+0000] {processor.py:914} INFO - Processing file /home/airflow/.local/lib/python3.12/site-packages/airflow/example_dags/example_bash_operator.py for tasks to queue
[2025-05-20T00:18:48.369+0000] {logging_mixin.py:190} INFO - [2025-05-20T00:18:48.369+0000] {dagbag.py:588} INFO - Filling up the DagBag from /home/airflow/.local/lib/python3.12/site-packages/airflow/example_dags/example_bash_operator.py
[2025-05-20T00:18:48.416+0000] {processor.py:925} INFO - DAG(s) 'example_bash_operator' retrieved from /home/airflow/.local/lib/python3.12/site-packages/airflow/example_dags/example_bash_operator.py
[2025-05-20T00:18:48.499+0000] {logging_mixin.py:190} INFO - [2025-05-20T00:18:48.499+0000] {dag.py:3239} INFO - Sync 1 DAGs
[2025-05-20T00:18:48.549+0000] {logging_mixin.py:190} INFO - [2025-05-20T00:18:48.548+0000] {dag.py:4180} INFO - Setting next_dagrun for example_bash_operator to 2025-05-19 00:00:00+00:00, run_after=2025-05-20 00:00:00+00:00
[2025-05-20T00:18:48.585+0000] {processor.py:208} INFO - Processing /home/airflow/.local/lib/python3.12/site-packages/airflow/example_dags/example_bash_operator.py took 0.241 seconds
[2025-05-20T00:19:19.014+0000] {processor.py:186} INFO - Started process (PID=8906) to work on /home/airflow/.local/lib/python3.12/site-packages/airflow/example_dags/example_bash_operator.py
[2025-05-20T00:19:19.016+0000] {processor.py:914} INFO - Processing file /home/airflow/.local/lib/python3.12/site-packages/airflow/example_dags/example_bash_operator.py for tasks to queue
[2025-05-20T00:19:19.020+0000] {logging_mixin.py:190} INFO - [2025-05-20T00:19:19.019+0000] {dagbag.py:588} INFO - Filling up the DagBag from /home/airflow/.local/lib/python3.12/site-packages/airflow/example_dags/example_bash_operator.py
[2025-05-20T00:19:19.091+0000] {processor.py:925} INFO - DAG(s) 'example_bash_operator' retrieved from /home/airflow/.local/lib/python3.12/site-packages/airflow/example_dags/example_bash_operator.py
[2025-05-20T00:19:19.236+0000] {logging_mixin.py:190} INFO - [2025-05-20T00:19:19.235+0000] {dag.py:3239} INFO - Sync 1 DAGs
[2025-05-20T00:19:19.376+0000] {logging_mixin.py:190} INFO - [2025-05-20T00:19:19.376+0000] {dag.py:4180} INFO - Setting next_dagrun for example_bash_operator to 2025-05-19 00:00:00+00:00, run_after=2025-05-20 00:00:00+00:00
[2025-05-20T00:19:19.503+0000] {processor.py:208} INFO - Processing /home/airflow/.local/lib/python3.12/site-packages/airflow/example_dags/example_bash_operator.py took 0.514 seconds
[2025-05-20T00:19:50.539+0000] {processor.py:186} INFO - Started process (PID=8971) to work on /home/airflow/.local/lib/python3.12/site-packages/airflow/example_dags/example_bash_operator.py
[2025-05-20T00:19:50.541+0000] {processor.py:914} INFO - Processing file /home/airflow/.local/lib/python3.12/site-packages/airflow/example_dags/example_bash_operator.py for tasks to queue
[2025-05-20T00:19:50.548+0000] {logging_mixin.py:190} INFO - [2025-05-20T00:19:50.546+0000] {dagbag.py:588} INFO - Filling up the DagBag from /home/airflow/.local/lib/python3.12/site-packages/airflow/example_dags/example_bash_operator.py
[2025-05-20T00:19:50.593+0000] {processor.py:925} INFO - DAG(s) 'example_bash_operator' retrieved from /home/airflow/.local/lib/python3.12/site-packages/airflow/example_dags/example_bash_operator.py
[2025-05-20T00:19:50.781+0000] {logging_mixin.py:190} INFO - [2025-05-20T00:19:50.781+0000] {dag.py:3239} INFO - Sync 1 DAGs
[2025-05-20T00:19:50.926+0000] {logging_mixin.py:190} INFO - [2025-05-20T00:19:50.926+0000] {dag.py:4180} INFO - Setting next_dagrun for example_bash_operator to 2025-05-19 00:00:00+00:00, run_after=2025-05-20 00:00:00+00:00
[2025-05-20T00:19:50.985+0000] {processor.py:208} INFO - Processing /home/airflow/.local/lib/python3.12/site-packages/airflow/example_dags/example_bash_operator.py took 0.459 seconds
[2025-05-20T00:20:21.111+0000] {processor.py:186} INFO - Started process (PID=9035) to work on /home/airflow/.local/lib/python3.12/site-packages/airflow/example_dags/example_bash_operator.py
[2025-05-20T00:20:21.113+0000] {processor.py:914} INFO - Processing file /home/airflow/.local/lib/python3.12/site-packages/airflow/example_dags/example_bash_operator.py for tasks to queue
[2025-05-20T00:20:21.116+0000] {logging_mixin.py:190} INFO - [2025-05-20T00:20:21.115+0000] {dagbag.py:588} INFO - Filling up the DagBag from /home/airflow/.local/lib/python3.12/site-packages/airflow/example_dags/example_bash_operator.py
[2025-05-20T00:20:21.135+0000] {processor.py:925} INFO - DAG(s) 'example_bash_operator' retrieved from /home/airflow/.local/lib/python3.12/site-packages/airflow/example_dags/example_bash_operator.py
[2025-05-20T00:20:21.178+0000] {logging_mixin.py:190} INFO - [2025-05-20T00:20:21.177+0000] {dag.py:3239} INFO - Sync 1 DAGs
[2025-05-20T00:20:21.219+0000] {logging_mixin.py:190} INFO - [2025-05-20T00:20:21.218+0000] {dag.py:4180} INFO - Setting next_dagrun for example_bash_operator to 2025-05-19 00:00:00+00:00, run_after=2025-05-20 00:00:00+00:00
[2025-05-20T00:20:21.253+0000] {processor.py:208} INFO - Processing /home/airflow/.local/lib/python3.12/site-packages/airflow/example_dags/example_bash_operator.py took 0.149 seconds
[2025-05-20T00:20:51.367+0000] {processor.py:186} INFO - Started process (PID=9099) to work on /home/airflow/.local/lib/python3.12/site-packages/airflow/example_dags/example_bash_operator.py
[2025-05-20T00:20:51.369+0000] {processor.py:914} INFO - Processing file /home/airflow/.local/lib/python3.12/site-packages/airflow/example_dags/example_bash_operator.py for tasks to queue
[2025-05-20T00:20:51.386+0000] {logging_mixin.py:190} INFO - [2025-05-20T00:20:51.385+0000] {dagbag.py:588} INFO - Filling up the DagBag from /home/airflow/.local/lib/python3.12/site-packages/airflow/example_dags/example_bash_operator.py
[2025-05-20T00:20:51.421+0000] {processor.py:925} INFO - DAG(s) 'example_bash_operator' retrieved from /home/airflow/.local/lib/python3.12/site-packages/airflow/example_dags/example_bash_operator.py
[2025-05-20T00:20:51.478+0000] {logging_mixin.py:190} INFO - [2025-05-20T00:20:51.478+0000] {dag.py:3239} INFO - Sync 1 DAGs
[2025-05-20T00:20:51.525+0000] {logging_mixin.py:190} INFO - [2025-05-20T00:20:51.525+0000] {dag.py:4180} INFO - Setting next_dagrun for example_bash_operator to 2025-05-19 00:00:00+00:00, run_after=2025-05-20 00:00:00+00:00
[2025-05-20T00:20:51.803+0000] {processor.py:208} INFO - Processing /home/airflow/.local/lib/python3.12/site-packages/airflow/example_dags/example_bash_operator.py took 0.447 seconds
[2025-05-20T00:21:24.588+0000] {processor.py:186} INFO - Started process (PID=9162) to work on /home/airflow/.local/lib/python3.12/site-packages/airflow/example_dags/example_bash_operator.py
[2025-05-20T00:21:24.591+0000] {processor.py:914} INFO - Processing file /home/airflow/.local/lib/python3.12/site-packages/airflow/example_dags/example_bash_operator.py for tasks to queue
[2025-05-20T00:21:24.601+0000] {logging_mixin.py:190} INFO - [2025-05-20T00:21:24.600+0000] {dagbag.py:588} INFO - Filling up the DagBag from /home/airflow/.local/lib/python3.12/site-packages/airflow/example_dags/example_bash_operator.py
[2025-05-20T00:21:24.637+0000] {processor.py:925} INFO - DAG(s) 'example_bash_operator' retrieved from /home/airflow/.local/lib/python3.12/site-packages/airflow/example_dags/example_bash_operator.py
[2025-05-20T00:21:24.723+0000] {logging_mixin.py:190} INFO - [2025-05-20T00:21:24.723+0000] {dag.py:3239} INFO - Sync 1 DAGs
[2025-05-20T00:21:24.819+0000] {logging_mixin.py:190} INFO - [2025-05-20T00:21:24.818+0000] {dag.py:4180} INFO - Setting next_dagrun for example_bash_operator to 2025-05-19 00:00:00+00:00, run_after=2025-05-20 00:00:00+00:00
[2025-05-20T00:21:24.883+0000] {processor.py:208} INFO - Processing /home/airflow/.local/lib/python3.12/site-packages/airflow/example_dags/example_bash_operator.py took 0.309 seconds
