[2025-05-20T00:00:09.880+0000] {processor.py:186} INFO - Started process (PID=6573) to work on /home/airflow/.local/lib/python3.12/site-packages/airflow/example_dags/example_latest_only_with_trigger.py
[2025-05-20T00:00:09.881+0000] {processor.py:914} INFO - Processing file /home/airflow/.local/lib/python3.12/site-packages/airflow/example_dags/example_latest_only_with_trigger.py for tasks to queue
[2025-05-20T00:00:09.884+0000] {logging_mixin.py:190} INFO - [2025-05-20T00:00:09.883+0000] {dagbag.py:588} INFO - Filling up the DagBag from /home/airflow/.local/lib/python3.12/site-packages/airflow/example_dags/example_latest_only_with_trigger.py
[2025-05-20T00:00:09.896+0000] {processor.py:925} INFO - DAG(s) 'latest_only_with_trigger' retrieved from /home/airflow/.local/lib/python3.12/site-packages/airflow/example_dags/example_latest_only_with_trigger.py
[2025-05-20T00:00:09.933+0000] {logging_mixin.py:190} INFO - [2025-05-20T00:00:09.932+0000] {dag.py:3239} INFO - Sync 1 DAGs
[2025-05-20T00:00:09.975+0000] {logging_mixin.py:190} INFO - [2025-05-20T00:00:09.974+0000] {dag.py:4180} INFO - Setting next_dagrun for latest_only_with_trigger to 2025-05-19 20:00:00+00:00, run_after=2025-05-20 00:00:00+00:00
[2025-05-20T00:00:10.018+0000] {processor.py:208} INFO - Processing /home/airflow/.local/lib/python3.12/site-packages/airflow/example_dags/example_latest_only_with_trigger.py took 0.148 seconds
[2025-05-20T00:00:40.721+0000] {processor.py:186} INFO - Started process (PID=6637) to work on /home/airflow/.local/lib/python3.12/site-packages/airflow/example_dags/example_latest_only_with_trigger.py
[2025-05-20T00:00:40.727+0000] {processor.py:914} INFO - Processing file /home/airflow/.local/lib/python3.12/site-packages/airflow/example_dags/example_latest_only_with_trigger.py for tasks to queue
[2025-05-20T00:00:40.738+0000] {logging_mixin.py:190} INFO - [2025-05-20T00:00:40.731+0000] {dagbag.py:588} INFO - Filling up the DagBag from /home/airflow/.local/lib/python3.12/site-packages/airflow/example_dags/example_latest_only_with_trigger.py
[2025-05-20T00:00:40.774+0000] {processor.py:925} INFO - DAG(s) 'latest_only_with_trigger' retrieved from /home/airflow/.local/lib/python3.12/site-packages/airflow/example_dags/example_latest_only_with_trigger.py
[2025-05-20T00:00:40.953+0000] {logging_mixin.py:190} INFO - [2025-05-20T00:00:40.952+0000] {dag.py:3239} INFO - Sync 1 DAGs
[2025-05-20T00:00:41.068+0000] {logging_mixin.py:190} INFO - [2025-05-20T00:00:41.068+0000] {dag.py:4180} INFO - Setting next_dagrun for latest_only_with_trigger to 2025-05-19 20:00:00+00:00, run_after=2025-05-20 00:00:00+00:00
[2025-05-20T00:00:41.132+0000] {processor.py:208} INFO - Processing /home/airflow/.local/lib/python3.12/site-packages/airflow/example_dags/example_latest_only_with_trigger.py took 0.430 seconds
[2025-05-20T00:01:11.437+0000] {processor.py:186} INFO - Started process (PID=6700) to work on /home/airflow/.local/lib/python3.12/site-packages/airflow/example_dags/example_latest_only_with_trigger.py
[2025-05-20T00:01:11.439+0000] {processor.py:914} INFO - Processing file /home/airflow/.local/lib/python3.12/site-packages/airflow/example_dags/example_latest_only_with_trigger.py for tasks to queue
[2025-05-20T00:01:11.443+0000] {logging_mixin.py:190} INFO - [2025-05-20T00:01:11.442+0000] {dagbag.py:588} INFO - Filling up the DagBag from /home/airflow/.local/lib/python3.12/site-packages/airflow/example_dags/example_latest_only_with_trigger.py
[2025-05-20T00:01:11.453+0000] {processor.py:925} INFO - DAG(s) 'latest_only_with_trigger' retrieved from /home/airflow/.local/lib/python3.12/site-packages/airflow/example_dags/example_latest_only_with_trigger.py
[2025-05-20T00:01:11.486+0000] {logging_mixin.py:190} INFO - [2025-05-20T00:01:11.486+0000] {dag.py:3239} INFO - Sync 1 DAGs
[2025-05-20T00:01:11.524+0000] {logging_mixin.py:190} INFO - [2025-05-20T00:01:11.524+0000] {dag.py:4180} INFO - Setting next_dagrun for latest_only_with_trigger to 2025-05-19 20:00:00+00:00, run_after=2025-05-20 00:00:00+00:00
[2025-05-20T00:01:11.583+0000] {processor.py:208} INFO - Processing /home/airflow/.local/lib/python3.12/site-packages/airflow/example_dags/example_latest_only_with_trigger.py took 0.154 seconds
[2025-05-20T00:01:42.689+0000] {processor.py:186} INFO - Started process (PID=6764) to work on /home/airflow/.local/lib/python3.12/site-packages/airflow/example_dags/example_latest_only_with_trigger.py
[2025-05-20T00:01:42.697+0000] {processor.py:914} INFO - Processing file /home/airflow/.local/lib/python3.12/site-packages/airflow/example_dags/example_latest_only_with_trigger.py for tasks to queue
[2025-05-20T00:01:42.707+0000] {logging_mixin.py:190} INFO - [2025-05-20T00:01:42.706+0000] {dagbag.py:588} INFO - Filling up the DagBag from /home/airflow/.local/lib/python3.12/site-packages/airflow/example_dags/example_latest_only_with_trigger.py
[2025-05-20T00:01:42.743+0000] {processor.py:925} INFO - DAG(s) 'latest_only_with_trigger' retrieved from /home/airflow/.local/lib/python3.12/site-packages/airflow/example_dags/example_latest_only_with_trigger.py
[2025-05-20T00:01:42.821+0000] {logging_mixin.py:190} INFO - [2025-05-20T00:01:42.820+0000] {dag.py:3239} INFO - Sync 1 DAGs
[2025-05-20T00:01:42.965+0000] {logging_mixin.py:190} INFO - [2025-05-20T00:01:42.964+0000] {dag.py:4180} INFO - Setting next_dagrun for latest_only_with_trigger to 2025-05-19 20:00:00+00:00, run_after=2025-05-20 00:00:00+00:00
[2025-05-20T00:01:43.036+0000] {processor.py:208} INFO - Processing /home/airflow/.local/lib/python3.12/site-packages/airflow/example_dags/example_latest_only_with_trigger.py took 0.394 seconds
[2025-05-20T00:02:13.697+0000] {processor.py:186} INFO - Started process (PID=6828) to work on /home/airflow/.local/lib/python3.12/site-packages/airflow/example_dags/example_latest_only_with_trigger.py
[2025-05-20T00:02:13.699+0000] {processor.py:914} INFO - Processing file /home/airflow/.local/lib/python3.12/site-packages/airflow/example_dags/example_latest_only_with_trigger.py for tasks to queue
[2025-05-20T00:02:13.703+0000] {logging_mixin.py:190} INFO - [2025-05-20T00:02:13.702+0000] {dagbag.py:588} INFO - Filling up the DagBag from /home/airflow/.local/lib/python3.12/site-packages/airflow/example_dags/example_latest_only_with_trigger.py
[2025-05-20T00:02:13.716+0000] {processor.py:925} INFO - DAG(s) 'latest_only_with_trigger' retrieved from /home/airflow/.local/lib/python3.12/site-packages/airflow/example_dags/example_latest_only_with_trigger.py
[2025-05-20T00:02:13.748+0000] {logging_mixin.py:190} INFO - [2025-05-20T00:02:13.748+0000] {dag.py:3239} INFO - Sync 1 DAGs
[2025-05-20T00:02:13.789+0000] {logging_mixin.py:190} INFO - [2025-05-20T00:02:13.789+0000] {dag.py:4180} INFO - Setting next_dagrun for latest_only_with_trigger to 2025-05-19 20:00:00+00:00, run_after=2025-05-20 00:00:00+00:00
[2025-05-20T00:02:13.836+0000] {processor.py:208} INFO - Processing /home/airflow/.local/lib/python3.12/site-packages/airflow/example_dags/example_latest_only_with_trigger.py took 0.146 seconds
[2025-05-20T00:02:44.845+0000] {processor.py:186} INFO - Started process (PID=6892) to work on /home/airflow/.local/lib/python3.12/site-packages/airflow/example_dags/example_latest_only_with_trigger.py
[2025-05-20T00:02:44.846+0000] {processor.py:914} INFO - Processing file /home/airflow/.local/lib/python3.12/site-packages/airflow/example_dags/example_latest_only_with_trigger.py for tasks to queue
[2025-05-20T00:02:44.849+0000] {logging_mixin.py:190} INFO - [2025-05-20T00:02:44.848+0000] {dagbag.py:588} INFO - Filling up the DagBag from /home/airflow/.local/lib/python3.12/site-packages/airflow/example_dags/example_latest_only_with_trigger.py
[2025-05-20T00:02:44.858+0000] {processor.py:925} INFO - DAG(s) 'latest_only_with_trigger' retrieved from /home/airflow/.local/lib/python3.12/site-packages/airflow/example_dags/example_latest_only_with_trigger.py
[2025-05-20T00:02:44.889+0000] {logging_mixin.py:190} INFO - [2025-05-20T00:02:44.888+0000] {dag.py:3239} INFO - Sync 1 DAGs
[2025-05-20T00:02:44.926+0000] {logging_mixin.py:190} INFO - [2025-05-20T00:02:44.925+0000] {dag.py:4180} INFO - Setting next_dagrun for latest_only_with_trigger to 2025-05-19 20:00:00+00:00, run_after=2025-05-20 00:00:00+00:00
[2025-05-20T00:02:44.950+0000] {processor.py:208} INFO - Processing /home/airflow/.local/lib/python3.12/site-packages/airflow/example_dags/example_latest_only_with_trigger.py took 0.111 seconds
[2025-05-20T00:03:15.756+0000] {processor.py:186} INFO - Started process (PID=6956) to work on /home/airflow/.local/lib/python3.12/site-packages/airflow/example_dags/example_latest_only_with_trigger.py
[2025-05-20T00:03:15.757+0000] {processor.py:914} INFO - Processing file /home/airflow/.local/lib/python3.12/site-packages/airflow/example_dags/example_latest_only_with_trigger.py for tasks to queue
[2025-05-20T00:03:15.761+0000] {logging_mixin.py:190} INFO - [2025-05-20T00:03:15.760+0000] {dagbag.py:588} INFO - Filling up the DagBag from /home/airflow/.local/lib/python3.12/site-packages/airflow/example_dags/example_latest_only_with_trigger.py
[2025-05-20T00:03:15.772+0000] {processor.py:925} INFO - DAG(s) 'latest_only_with_trigger' retrieved from /home/airflow/.local/lib/python3.12/site-packages/airflow/example_dags/example_latest_only_with_trigger.py
[2025-05-20T00:03:15.800+0000] {logging_mixin.py:190} INFO - [2025-05-20T00:03:15.799+0000] {dag.py:3239} INFO - Sync 1 DAGs
[2025-05-20T00:03:15.841+0000] {logging_mixin.py:190} INFO - [2025-05-20T00:03:15.841+0000] {dag.py:4180} INFO - Setting next_dagrun for latest_only_with_trigger to 2025-05-19 20:00:00+00:00, run_after=2025-05-20 00:00:00+00:00
[2025-05-20T00:03:15.882+0000] {processor.py:208} INFO - Processing /home/airflow/.local/lib/python3.12/site-packages/airflow/example_dags/example_latest_only_with_trigger.py took 0.133 seconds
[2025-05-20T00:03:46.007+0000] {processor.py:186} INFO - Started process (PID=7020) to work on /home/airflow/.local/lib/python3.12/site-packages/airflow/example_dags/example_latest_only_with_trigger.py
[2025-05-20T00:03:46.009+0000] {processor.py:914} INFO - Processing file /home/airflow/.local/lib/python3.12/site-packages/airflow/example_dags/example_latest_only_with_trigger.py for tasks to queue
[2025-05-20T00:03:46.011+0000] {logging_mixin.py:190} INFO - [2025-05-20T00:03:46.011+0000] {dagbag.py:588} INFO - Filling up the DagBag from /home/airflow/.local/lib/python3.12/site-packages/airflow/example_dags/example_latest_only_with_trigger.py
[2025-05-20T00:03:46.020+0000] {processor.py:925} INFO - DAG(s) 'latest_only_with_trigger' retrieved from /home/airflow/.local/lib/python3.12/site-packages/airflow/example_dags/example_latest_only_with_trigger.py
[2025-05-20T00:03:46.050+0000] {logging_mixin.py:190} INFO - [2025-05-20T00:03:46.049+0000] {dag.py:3239} INFO - Sync 1 DAGs
[2025-05-20T00:03:46.088+0000] {logging_mixin.py:190} INFO - [2025-05-20T00:03:46.088+0000] {dag.py:4180} INFO - Setting next_dagrun for latest_only_with_trigger to 2025-05-19 20:00:00+00:00, run_after=2025-05-20 00:00:00+00:00
[2025-05-20T00:03:46.128+0000] {processor.py:208} INFO - Processing /home/airflow/.local/lib/python3.12/site-packages/airflow/example_dags/example_latest_only_with_trigger.py took 0.127 seconds
