[2025-05-20T00:00:06.486+0000] {processor.py:186} INFO - Started process (PID=6565) to work on /home/airflow/.local/lib/python3.12/site-packages/airflow/example_dags/example_display_name.py
[2025-05-20T00:00:06.487+0000] {processor.py:914} INFO - Processing file /home/airflow/.local/lib/python3.12/site-packages/airflow/example_dags/example_display_name.py for tasks to queue
[2025-05-20T00:00:06.491+0000] {logging_mixin.py:190} INFO - [2025-05-20T00:00:06.491+0000] {dagbag.py:588} INFO - Filling up the DagBag from /home/airflow/.local/lib/python3.12/site-packages/airflow/example_dags/example_display_name.py
[2025-05-20T00:00:06.515+0000] {processor.py:925} INFO - DAG(s) 'example_display_name' retrieved from /home/airflow/.local/lib/python3.12/site-packages/airflow/example_dags/example_display_name.py
[2025-05-20T00:00:06.558+0000] {logging_mixin.py:190} INFO - [2025-05-20T00:00:06.557+0000] {dag.py:3239} INFO - Sync 1 DAGs
[2025-05-20T00:00:06.592+0000] {logging_mixin.py:190} INFO - [2025-05-20T00:00:06.592+0000] {dag.py:4180} INFO - Setting next_dagrun for example_display_name to None, run_after=None
[2025-05-20T00:00:06.636+0000] {processor.py:208} INFO - Processing /home/airflow/.local/lib/python3.12/site-packages/airflow/example_dags/example_display_name.py took 0.160 seconds
[2025-05-20T00:00:37.649+0000] {processor.py:186} INFO - Started process (PID=6630) to work on /home/airflow/.local/lib/python3.12/site-packages/airflow/example_dags/example_display_name.py
[2025-05-20T00:00:37.664+0000] {processor.py:914} INFO - Processing file /home/airflow/.local/lib/python3.12/site-packages/airflow/example_dags/example_display_name.py for tasks to queue
[2025-05-20T00:00:37.685+0000] {logging_mixin.py:190} INFO - [2025-05-20T00:00:37.685+0000] {dagbag.py:588} INFO - Filling up the DagBag from /home/airflow/.local/lib/python3.12/site-packages/airflow/example_dags/example_display_name.py
[2025-05-20T00:00:37.721+0000] {processor.py:925} INFO - DAG(s) 'example_display_name' retrieved from /home/airflow/.local/lib/python3.12/site-packages/airflow/example_dags/example_display_name.py
[2025-05-20T00:00:37.865+0000] {logging_mixin.py:190} INFO - [2025-05-20T00:00:37.864+0000] {dag.py:3239} INFO - Sync 1 DAGs
[2025-05-20T00:00:38.003+0000] {logging_mixin.py:190} INFO - [2025-05-20T00:00:38.002+0000] {dag.py:4180} INFO - Setting next_dagrun for example_display_name to None, run_after=None
[2025-05-20T00:00:38.109+0000] {processor.py:208} INFO - Processing /home/airflow/.local/lib/python3.12/site-packages/airflow/example_dags/example_display_name.py took 0.512 seconds
[2025-05-20T00:01:08.672+0000] {processor.py:186} INFO - Started process (PID=6694) to work on /home/airflow/.local/lib/python3.12/site-packages/airflow/example_dags/example_display_name.py
[2025-05-20T00:01:08.673+0000] {processor.py:914} INFO - Processing file /home/airflow/.local/lib/python3.12/site-packages/airflow/example_dags/example_display_name.py for tasks to queue
[2025-05-20T00:01:08.677+0000] {logging_mixin.py:190} INFO - [2025-05-20T00:01:08.677+0000] {dagbag.py:588} INFO - Filling up the DagBag from /home/airflow/.local/lib/python3.12/site-packages/airflow/example_dags/example_display_name.py
[2025-05-20T00:01:08.691+0000] {processor.py:925} INFO - DAG(s) 'example_display_name' retrieved from /home/airflow/.local/lib/python3.12/site-packages/airflow/example_dags/example_display_name.py
[2025-05-20T00:01:08.723+0000] {logging_mixin.py:190} INFO - [2025-05-20T00:01:08.723+0000] {dag.py:3239} INFO - Sync 1 DAGs
[2025-05-20T00:01:08.754+0000] {logging_mixin.py:190} INFO - [2025-05-20T00:01:08.754+0000] {dag.py:4180} INFO - Setting next_dagrun for example_display_name to None, run_after=None
[2025-05-20T00:01:08.801+0000] {processor.py:208} INFO - Processing /home/airflow/.local/lib/python3.12/site-packages/airflow/example_dags/example_display_name.py took 0.139 seconds
[2025-05-20T00:01:39.806+0000] {processor.py:186} INFO - Started process (PID=6758) to work on /home/airflow/.local/lib/python3.12/site-packages/airflow/example_dags/example_display_name.py
[2025-05-20T00:01:39.811+0000] {processor.py:914} INFO - Processing file /home/airflow/.local/lib/python3.12/site-packages/airflow/example_dags/example_display_name.py for tasks to queue
[2025-05-20T00:01:39.818+0000] {logging_mixin.py:190} INFO - [2025-05-20T00:01:39.818+0000] {dagbag.py:588} INFO - Filling up the DagBag from /home/airflow/.local/lib/python3.12/site-packages/airflow/example_dags/example_display_name.py
[2025-05-20T00:01:39.864+0000] {processor.py:925} INFO - DAG(s) 'example_display_name' retrieved from /home/airflow/.local/lib/python3.12/site-packages/airflow/example_dags/example_display_name.py
[2025-05-20T00:01:40.028+0000] {logging_mixin.py:190} INFO - [2025-05-20T00:01:40.015+0000] {dag.py:3239} INFO - Sync 1 DAGs
[2025-05-20T00:01:40.109+0000] {logging_mixin.py:190} INFO - [2025-05-20T00:01:40.100+0000] {dag.py:4180} INFO - Setting next_dagrun for example_display_name to None, run_after=None
[2025-05-20T00:01:40.161+0000] {processor.py:208} INFO - Processing /home/airflow/.local/lib/python3.12/site-packages/airflow/example_dags/example_display_name.py took 0.386 seconds
[2025-05-20T00:02:10.258+0000] {processor.py:186} INFO - Started process (PID=6822) to work on /home/airflow/.local/lib/python3.12/site-packages/airflow/example_dags/example_display_name.py
[2025-05-20T00:02:10.259+0000] {processor.py:914} INFO - Processing file /home/airflow/.local/lib/python3.12/site-packages/airflow/example_dags/example_display_name.py for tasks to queue
[2025-05-20T00:02:10.262+0000] {logging_mixin.py:190} INFO - [2025-05-20T00:02:10.262+0000] {dagbag.py:588} INFO - Filling up the DagBag from /home/airflow/.local/lib/python3.12/site-packages/airflow/example_dags/example_display_name.py
[2025-05-20T00:02:10.274+0000] {processor.py:925} INFO - DAG(s) 'example_display_name' retrieved from /home/airflow/.local/lib/python3.12/site-packages/airflow/example_dags/example_display_name.py
[2025-05-20T00:02:10.304+0000] {logging_mixin.py:190} INFO - [2025-05-20T00:02:10.303+0000] {dag.py:3239} INFO - Sync 1 DAGs
[2025-05-20T00:02:10.335+0000] {logging_mixin.py:190} INFO - [2025-05-20T00:02:10.334+0000] {dag.py:4180} INFO - Setting next_dagrun for example_display_name to None, run_after=None
[2025-05-20T00:02:10.361+0000] {processor.py:208} INFO - Processing /home/airflow/.local/lib/python3.12/site-packages/airflow/example_dags/example_display_name.py took 0.112 seconds
[2025-05-20T00:02:41.377+0000] {processor.py:186} INFO - Started process (PID=6886) to work on /home/airflow/.local/lib/python3.12/site-packages/airflow/example_dags/example_display_name.py
[2025-05-20T00:02:41.378+0000] {processor.py:914} INFO - Processing file /home/airflow/.local/lib/python3.12/site-packages/airflow/example_dags/example_display_name.py for tasks to queue
[2025-05-20T00:02:41.382+0000] {logging_mixin.py:190} INFO - [2025-05-20T00:02:41.381+0000] {dagbag.py:588} INFO - Filling up the DagBag from /home/airflow/.local/lib/python3.12/site-packages/airflow/example_dags/example_display_name.py
[2025-05-20T00:02:41.395+0000] {processor.py:925} INFO - DAG(s) 'example_display_name' retrieved from /home/airflow/.local/lib/python3.12/site-packages/airflow/example_dags/example_display_name.py
[2025-05-20T00:02:41.427+0000] {logging_mixin.py:190} INFO - [2025-05-20T00:02:41.426+0000] {dag.py:3239} INFO - Sync 1 DAGs
[2025-05-20T00:02:41.461+0000] {logging_mixin.py:190} INFO - [2025-05-20T00:02:41.460+0000] {dag.py:4180} INFO - Setting next_dagrun for example_display_name to None, run_after=None
[2025-05-20T00:02:41.495+0000] {processor.py:208} INFO - Processing /home/airflow/.local/lib/python3.12/site-packages/airflow/example_dags/example_display_name.py took 0.129 seconds
[2025-05-20T00:03:12.248+0000] {processor.py:186} INFO - Started process (PID=6950) to work on /home/airflow/.local/lib/python3.12/site-packages/airflow/example_dags/example_display_name.py
[2025-05-20T00:03:12.250+0000] {processor.py:914} INFO - Processing file /home/airflow/.local/lib/python3.12/site-packages/airflow/example_dags/example_display_name.py for tasks to queue
[2025-05-20T00:03:12.255+0000] {logging_mixin.py:190} INFO - [2025-05-20T00:03:12.254+0000] {dagbag.py:588} INFO - Filling up the DagBag from /home/airflow/.local/lib/python3.12/site-packages/airflow/example_dags/example_display_name.py
[2025-05-20T00:03:12.271+0000] {processor.py:925} INFO - DAG(s) 'example_display_name' retrieved from /home/airflow/.local/lib/python3.12/site-packages/airflow/example_dags/example_display_name.py
[2025-05-20T00:03:12.313+0000] {logging_mixin.py:190} INFO - [2025-05-20T00:03:12.313+0000] {dag.py:3239} INFO - Sync 1 DAGs
[2025-05-20T00:03:12.366+0000] {logging_mixin.py:190} INFO - [2025-05-20T00:03:12.365+0000] {dag.py:4180} INFO - Setting next_dagrun for example_display_name to None, run_after=None
[2025-05-20T00:03:12.404+0000] {processor.py:208} INFO - Processing /home/airflow/.local/lib/python3.12/site-packages/airflow/example_dags/example_display_name.py took 0.175 seconds
[2025-05-20T00:03:42.536+0000] {processor.py:186} INFO - Started process (PID=7014) to work on /home/airflow/.local/lib/python3.12/site-packages/airflow/example_dags/example_display_name.py
[2025-05-20T00:03:42.537+0000] {processor.py:914} INFO - Processing file /home/airflow/.local/lib/python3.12/site-packages/airflow/example_dags/example_display_name.py for tasks to queue
[2025-05-20T00:03:42.543+0000] {logging_mixin.py:190} INFO - [2025-05-20T00:03:42.542+0000] {dagbag.py:588} INFO - Filling up the DagBag from /home/airflow/.local/lib/python3.12/site-packages/airflow/example_dags/example_display_name.py
[2025-05-20T00:03:42.556+0000] {processor.py:925} INFO - DAG(s) 'example_display_name' retrieved from /home/airflow/.local/lib/python3.12/site-packages/airflow/example_dags/example_display_name.py
[2025-05-20T00:03:42.587+0000] {logging_mixin.py:190} INFO - [2025-05-20T00:03:42.587+0000] {dag.py:3239} INFO - Sync 1 DAGs
[2025-05-20T00:03:42.616+0000] {logging_mixin.py:190} INFO - [2025-05-20T00:03:42.616+0000] {dag.py:4180} INFO - Setting next_dagrun for example_display_name to None, run_after=None
[2025-05-20T00:03:42.649+0000] {processor.py:208} INFO - Processing /home/airflow/.local/lib/python3.12/site-packages/airflow/example_dags/example_display_name.py took 0.123 seconds
[2025-05-20T00:04:16.129+0000] {processor.py:186} INFO - Started process (PID=7078) to work on /home/airflow/.local/lib/python3.12/site-packages/airflow/example_dags/example_display_name.py
[2025-05-20T00:04:16.131+0000] {processor.py:914} INFO - Processing file /home/airflow/.local/lib/python3.12/site-packages/airflow/example_dags/example_display_name.py for tasks to queue
[2025-05-20T00:04:16.135+0000] {logging_mixin.py:190} INFO - [2025-05-20T00:04:16.134+0000] {dagbag.py:588} INFO - Filling up the DagBag from /home/airflow/.local/lib/python3.12/site-packages/airflow/example_dags/example_display_name.py
[2025-05-20T00:04:16.153+0000] {processor.py:925} INFO - DAG(s) 'example_display_name' retrieved from /home/airflow/.local/lib/python3.12/site-packages/airflow/example_dags/example_display_name.py
[2025-05-20T00:04:16.197+0000] {logging_mixin.py:190} INFO - [2025-05-20T00:04:16.197+0000] {dag.py:3239} INFO - Sync 1 DAGs
[2025-05-20T00:04:16.233+0000] {logging_mixin.py:190} INFO - [2025-05-20T00:04:16.233+0000] {dag.py:4180} INFO - Setting next_dagrun for example_display_name to None, run_after=None
[2025-05-20T00:04:16.286+0000] {processor.py:208} INFO - Processing /home/airflow/.local/lib/python3.12/site-packages/airflow/example_dags/example_display_name.py took 0.167 seconds
[2025-05-20T00:04:49.186+0000] {processor.py:186} INFO - Started process (PID=7144) to work on /home/airflow/.local/lib/python3.12/site-packages/airflow/example_dags/example_display_name.py
[2025-05-20T00:04:49.190+0000] {processor.py:914} INFO - Processing file /home/airflow/.local/lib/python3.12/site-packages/airflow/example_dags/example_display_name.py for tasks to queue
[2025-05-20T00:04:49.197+0000] {logging_mixin.py:190} INFO - [2025-05-20T00:04:49.197+0000] {dagbag.py:588} INFO - Filling up the DagBag from /home/airflow/.local/lib/python3.12/site-packages/airflow/example_dags/example_display_name.py
[2025-05-20T00:04:49.221+0000] {processor.py:925} INFO - DAG(s) 'example_display_name' retrieved from /home/airflow/.local/lib/python3.12/site-packages/airflow/example_dags/example_display_name.py
[2025-05-20T00:04:49.268+0000] {logging_mixin.py:190} INFO - [2025-05-20T00:04:49.267+0000] {dag.py:3239} INFO - Sync 1 DAGs
[2025-05-20T00:04:49.300+0000] {logging_mixin.py:190} INFO - [2025-05-20T00:04:49.299+0000] {dag.py:4180} INFO - Setting next_dagrun for example_display_name to None, run_after=None
[2025-05-20T00:04:49.362+0000] {processor.py:208} INFO - Processing /home/airflow/.local/lib/python3.12/site-packages/airflow/example_dags/example_display_name.py took 0.187 seconds
[2025-05-20T00:05:19.864+0000] {processor.py:186} INFO - Started process (PID=7207) to work on /home/airflow/.local/lib/python3.12/site-packages/airflow/example_dags/example_display_name.py
[2025-05-20T00:05:19.865+0000] {processor.py:914} INFO - Processing file /home/airflow/.local/lib/python3.12/site-packages/airflow/example_dags/example_display_name.py for tasks to queue
[2025-05-20T00:05:19.868+0000] {logging_mixin.py:190} INFO - [2025-05-20T00:05:19.868+0000] {dagbag.py:588} INFO - Filling up the DagBag from /home/airflow/.local/lib/python3.12/site-packages/airflow/example_dags/example_display_name.py
[2025-05-20T00:05:19.879+0000] {processor.py:925} INFO - DAG(s) 'example_display_name' retrieved from /home/airflow/.local/lib/python3.12/site-packages/airflow/example_dags/example_display_name.py
[2025-05-20T00:05:19.904+0000] {logging_mixin.py:190} INFO - [2025-05-20T00:05:19.904+0000] {dag.py:3239} INFO - Sync 1 DAGs
[2025-05-20T00:05:19.926+0000] {logging_mixin.py:190} INFO - [2025-05-20T00:05:19.926+0000] {dag.py:4180} INFO - Setting next_dagrun for example_display_name to None, run_after=None
[2025-05-20T00:05:19.958+0000] {processor.py:208} INFO - Processing /home/airflow/.local/lib/python3.12/site-packages/airflow/example_dags/example_display_name.py took 0.101 seconds
[2025-05-20T00:05:50.205+0000] {processor.py:186} INFO - Started process (PID=7272) to work on /home/airflow/.local/lib/python3.12/site-packages/airflow/example_dags/example_display_name.py
[2025-05-20T00:05:50.209+0000] {processor.py:914} INFO - Processing file /home/airflow/.local/lib/python3.12/site-packages/airflow/example_dags/example_display_name.py for tasks to queue
[2025-05-20T00:05:50.215+0000] {logging_mixin.py:190} INFO - [2025-05-20T00:05:50.215+0000] {dagbag.py:588} INFO - Filling up the DagBag from /home/airflow/.local/lib/python3.12/site-packages/airflow/example_dags/example_display_name.py
[2025-05-20T00:05:50.226+0000] {processor.py:925} INFO - DAG(s) 'example_display_name' retrieved from /home/airflow/.local/lib/python3.12/site-packages/airflow/example_dags/example_display_name.py
[2025-05-20T00:05:50.258+0000] {logging_mixin.py:190} INFO - [2025-05-20T00:05:50.258+0000] {dag.py:3239} INFO - Sync 1 DAGs
[2025-05-20T00:05:50.286+0000] {logging_mixin.py:190} INFO - [2025-05-20T00:05:50.285+0000] {dag.py:4180} INFO - Setting next_dagrun for example_display_name to None, run_after=None
[2025-05-20T00:05:50.317+0000] {processor.py:208} INFO - Processing /home/airflow/.local/lib/python3.12/site-packages/airflow/example_dags/example_display_name.py took 0.120 seconds
[2025-05-20T00:06:21.555+0000] {processor.py:186} INFO - Started process (PID=7335) to work on /home/airflow/.local/lib/python3.12/site-packages/airflow/example_dags/example_display_name.py
[2025-05-20T00:06:21.557+0000] {processor.py:914} INFO - Processing file /home/airflow/.local/lib/python3.12/site-packages/airflow/example_dags/example_display_name.py for tasks to queue
[2025-05-20T00:06:21.560+0000] {logging_mixin.py:190} INFO - [2025-05-20T00:06:21.560+0000] {dagbag.py:588} INFO - Filling up the DagBag from /home/airflow/.local/lib/python3.12/site-packages/airflow/example_dags/example_display_name.py
[2025-05-20T00:06:21.614+0000] {processor.py:925} INFO - DAG(s) 'example_display_name' retrieved from /home/airflow/.local/lib/python3.12/site-packages/airflow/example_dags/example_display_name.py
[2025-05-20T00:06:21.651+0000] {logging_mixin.py:190} INFO - [2025-05-20T00:06:21.651+0000] {dag.py:3239} INFO - Sync 1 DAGs
[2025-05-20T00:06:21.674+0000] {logging_mixin.py:190} INFO - [2025-05-20T00:06:21.673+0000] {dag.py:4180} INFO - Setting next_dagrun for example_display_name to None, run_after=None
[2025-05-20T00:06:21.718+0000] {processor.py:208} INFO - Processing /home/airflow/.local/lib/python3.12/site-packages/airflow/example_dags/example_display_name.py took 0.170 seconds
[2025-05-20T00:06:52.869+0000] {processor.py:186} INFO - Started process (PID=7399) to work on /home/airflow/.local/lib/python3.12/site-packages/airflow/example_dags/example_display_name.py
[2025-05-20T00:06:52.884+0000] {processor.py:914} INFO - Processing file /home/airflow/.local/lib/python3.12/site-packages/airflow/example_dags/example_display_name.py for tasks to queue
[2025-05-20T00:06:52.896+0000] {logging_mixin.py:190} INFO - [2025-05-20T00:06:52.896+0000] {dagbag.py:588} INFO - Filling up the DagBag from /home/airflow/.local/lib/python3.12/site-packages/airflow/example_dags/example_display_name.py
[2025-05-20T00:06:52.922+0000] {processor.py:925} INFO - DAG(s) 'example_display_name' retrieved from /home/airflow/.local/lib/python3.12/site-packages/airflow/example_dags/example_display_name.py
[2025-05-20T00:06:52.971+0000] {logging_mixin.py:190} INFO - [2025-05-20T00:06:52.970+0000] {dag.py:3239} INFO - Sync 1 DAGs
[2025-05-20T00:06:53.001+0000] {logging_mixin.py:190} INFO - [2025-05-20T00:06:53.001+0000] {dag.py:4180} INFO - Setting next_dagrun for example_display_name to None, run_after=None
[2025-05-20T00:06:53.053+0000] {processor.py:208} INFO - Processing /home/airflow/.local/lib/python3.12/site-packages/airflow/example_dags/example_display_name.py took 0.213 seconds
[2025-05-20T00:07:24.500+0000] {processor.py:186} INFO - Started process (PID=7463) to work on /home/airflow/.local/lib/python3.12/site-packages/airflow/example_dags/example_display_name.py
[2025-05-20T00:07:24.508+0000] {processor.py:914} INFO - Processing file /home/airflow/.local/lib/python3.12/site-packages/airflow/example_dags/example_display_name.py for tasks to queue
[2025-05-20T00:07:24.519+0000] {logging_mixin.py:190} INFO - [2025-05-20T00:07:24.518+0000] {dagbag.py:588} INFO - Filling up the DagBag from /home/airflow/.local/lib/python3.12/site-packages/airflow/example_dags/example_display_name.py
[2025-05-20T00:07:24.561+0000] {processor.py:925} INFO - DAG(s) 'example_display_name' retrieved from /home/airflow/.local/lib/python3.12/site-packages/airflow/example_dags/example_display_name.py
[2025-05-20T00:07:24.594+0000] {logging_mixin.py:190} INFO - [2025-05-20T00:07:24.593+0000] {dag.py:3239} INFO - Sync 1 DAGs
[2025-05-20T00:07:24.624+0000] {logging_mixin.py:190} INFO - [2025-05-20T00:07:24.624+0000] {dag.py:4180} INFO - Setting next_dagrun for example_display_name to None, run_after=None
[2025-05-20T00:07:24.658+0000] {processor.py:208} INFO - Processing /home/airflow/.local/lib/python3.12/site-packages/airflow/example_dags/example_display_name.py took 0.167 seconds
[2025-05-20T00:07:56.227+0000] {processor.py:186} INFO - Started process (PID=7533) to work on /home/airflow/.local/lib/python3.12/site-packages/airflow/example_dags/example_display_name.py
[2025-05-20T00:07:56.229+0000] {processor.py:914} INFO - Processing file /home/airflow/.local/lib/python3.12/site-packages/airflow/example_dags/example_display_name.py for tasks to queue
[2025-05-20T00:07:56.233+0000] {logging_mixin.py:190} INFO - [2025-05-20T00:07:56.232+0000] {dagbag.py:588} INFO - Filling up the DagBag from /home/airflow/.local/lib/python3.12/site-packages/airflow/example_dags/example_display_name.py
[2025-05-20T00:07:56.245+0000] {processor.py:925} INFO - DAG(s) 'example_display_name' retrieved from /home/airflow/.local/lib/python3.12/site-packages/airflow/example_dags/example_display_name.py
[2025-05-20T00:07:56.285+0000] {logging_mixin.py:190} INFO - [2025-05-20T00:07:56.284+0000] {dag.py:3239} INFO - Sync 1 DAGs
[2025-05-20T00:07:56.314+0000] {logging_mixin.py:190} INFO - [2025-05-20T00:07:56.314+0000] {dag.py:4180} INFO - Setting next_dagrun for example_display_name to None, run_after=None
[2025-05-20T00:07:56.364+0000] {processor.py:208} INFO - Processing /home/airflow/.local/lib/python3.12/site-packages/airflow/example_dags/example_display_name.py took 0.146 seconds
[2025-05-20T00:08:26.982+0000] {processor.py:186} INFO - Started process (PID=7596) to work on /home/airflow/.local/lib/python3.12/site-packages/airflow/example_dags/example_display_name.py
[2025-05-20T00:08:26.983+0000] {processor.py:914} INFO - Processing file /home/airflow/.local/lib/python3.12/site-packages/airflow/example_dags/example_display_name.py for tasks to queue
[2025-05-20T00:08:26.987+0000] {logging_mixin.py:190} INFO - [2025-05-20T00:08:26.987+0000] {dagbag.py:588} INFO - Filling up the DagBag from /home/airflow/.local/lib/python3.12/site-packages/airflow/example_dags/example_display_name.py
[2025-05-20T00:08:26.999+0000] {processor.py:925} INFO - DAG(s) 'example_display_name' retrieved from /home/airflow/.local/lib/python3.12/site-packages/airflow/example_dags/example_display_name.py
[2025-05-20T00:08:27.029+0000] {logging_mixin.py:190} INFO - [2025-05-20T00:08:27.029+0000] {dag.py:3239} INFO - Sync 1 DAGs
[2025-05-20T00:08:27.055+0000] {logging_mixin.py:190} INFO - [2025-05-20T00:08:27.054+0000] {dag.py:4180} INFO - Setting next_dagrun for example_display_name to None, run_after=None
[2025-05-20T00:08:27.087+0000] {processor.py:208} INFO - Processing /home/airflow/.local/lib/python3.12/site-packages/airflow/example_dags/example_display_name.py took 0.113 seconds
[2025-05-20T00:09:00.546+0000] {processor.py:186} INFO - Started process (PID=7659) to work on /home/airflow/.local/lib/python3.12/site-packages/airflow/example_dags/example_display_name.py
[2025-05-20T00:09:00.551+0000] {processor.py:914} INFO - Processing file /home/airflow/.local/lib/python3.12/site-packages/airflow/example_dags/example_display_name.py for tasks to queue
[2025-05-20T00:09:00.562+0000] {logging_mixin.py:190} INFO - [2025-05-20T00:09:00.561+0000] {dagbag.py:588} INFO - Filling up the DagBag from /home/airflow/.local/lib/python3.12/site-packages/airflow/example_dags/example_display_name.py
[2025-05-20T00:09:00.580+0000] {processor.py:925} INFO - DAG(s) 'example_display_name' retrieved from /home/airflow/.local/lib/python3.12/site-packages/airflow/example_dags/example_display_name.py
[2025-05-20T00:09:00.627+0000] {logging_mixin.py:190} INFO - [2025-05-20T00:09:00.627+0000] {dag.py:3239} INFO - Sync 1 DAGs
[2025-05-20T00:09:00.677+0000] {logging_mixin.py:190} INFO - [2025-05-20T00:09:00.676+0000] {dag.py:4180} INFO - Setting next_dagrun for example_display_name to None, run_after=None
[2025-05-20T00:09:00.718+0000] {processor.py:208} INFO - Processing /home/airflow/.local/lib/python3.12/site-packages/airflow/example_dags/example_display_name.py took 0.190 seconds
[2025-05-20T00:09:33.232+0000] {processor.py:186} INFO - Started process (PID=7723) to work on /home/airflow/.local/lib/python3.12/site-packages/airflow/example_dags/example_display_name.py
[2025-05-20T00:09:33.233+0000] {processor.py:914} INFO - Processing file /home/airflow/.local/lib/python3.12/site-packages/airflow/example_dags/example_display_name.py for tasks to queue
[2025-05-20T00:09:33.238+0000] {logging_mixin.py:190} INFO - [2025-05-20T00:09:33.238+0000] {dagbag.py:588} INFO - Filling up the DagBag from /home/airflow/.local/lib/python3.12/site-packages/airflow/example_dags/example_display_name.py
[2025-05-20T00:09:33.248+0000] {processor.py:925} INFO - DAG(s) 'example_display_name' retrieved from /home/airflow/.local/lib/python3.12/site-packages/airflow/example_dags/example_display_name.py
[2025-05-20T00:09:33.281+0000] {logging_mixin.py:190} INFO - [2025-05-20T00:09:33.281+0000] {dag.py:3239} INFO - Sync 1 DAGs
[2025-05-20T00:09:33.320+0000] {logging_mixin.py:190} INFO - [2025-05-20T00:09:33.320+0000] {dag.py:4180} INFO - Setting next_dagrun for example_display_name to None, run_after=None
[2025-05-20T00:09:33.372+0000] {processor.py:208} INFO - Processing /home/airflow/.local/lib/python3.12/site-packages/airflow/example_dags/example_display_name.py took 0.149 seconds
[2025-05-20T00:10:08.825+0000] {processor.py:186} INFO - Started process (PID=7786) to work on /home/airflow/.local/lib/python3.12/site-packages/airflow/example_dags/example_display_name.py
[2025-05-20T00:10:08.829+0000] {processor.py:914} INFO - Processing file /home/airflow/.local/lib/python3.12/site-packages/airflow/example_dags/example_display_name.py for tasks to queue
[2025-05-20T00:10:08.834+0000] {logging_mixin.py:190} INFO - [2025-05-20T00:10:08.834+0000] {dagbag.py:588} INFO - Filling up the DagBag from /home/airflow/.local/lib/python3.12/site-packages/airflow/example_dags/example_display_name.py
[2025-05-20T00:10:08.874+0000] {processor.py:925} INFO - DAG(s) 'example_display_name' retrieved from /home/airflow/.local/lib/python3.12/site-packages/airflow/example_dags/example_display_name.py
[2025-05-20T00:10:08.983+0000] {logging_mixin.py:190} INFO - [2025-05-20T00:10:08.982+0000] {dag.py:3239} INFO - Sync 1 DAGs
[2025-05-20T00:10:09.039+0000] {logging_mixin.py:190} INFO - [2025-05-20T00:10:09.038+0000] {dag.py:4180} INFO - Setting next_dagrun for example_display_name to None, run_after=None
[2025-05-20T00:10:09.130+0000] {processor.py:208} INFO - Processing /home/airflow/.local/lib/python3.12/site-packages/airflow/example_dags/example_display_name.py took 0.321 seconds
[2025-05-20T00:10:39.416+0000] {processor.py:186} INFO - Started process (PID=7850) to work on /home/airflow/.local/lib/python3.12/site-packages/airflow/example_dags/example_display_name.py
[2025-05-20T00:10:39.420+0000] {processor.py:914} INFO - Processing file /home/airflow/.local/lib/python3.12/site-packages/airflow/example_dags/example_display_name.py for tasks to queue
[2025-05-20T00:10:39.430+0000] {logging_mixin.py:190} INFO - [2025-05-20T00:10:39.429+0000] {dagbag.py:588} INFO - Filling up the DagBag from /home/airflow/.local/lib/python3.12/site-packages/airflow/example_dags/example_display_name.py
[2025-05-20T00:10:39.446+0000] {processor.py:925} INFO - DAG(s) 'example_display_name' retrieved from /home/airflow/.local/lib/python3.12/site-packages/airflow/example_dags/example_display_name.py
[2025-05-20T00:10:39.502+0000] {logging_mixin.py:190} INFO - [2025-05-20T00:10:39.502+0000] {dag.py:3239} INFO - Sync 1 DAGs
[2025-05-20T00:10:39.544+0000] {logging_mixin.py:190} INFO - [2025-05-20T00:10:39.544+0000] {dag.py:4180} INFO - Setting next_dagrun for example_display_name to None, run_after=None
[2025-05-20T00:10:39.583+0000] {processor.py:208} INFO - Processing /home/airflow/.local/lib/python3.12/site-packages/airflow/example_dags/example_display_name.py took 0.191 seconds
[2025-05-20T00:11:13.917+0000] {processor.py:186} INFO - Started process (PID=7915) to work on /home/airflow/.local/lib/python3.12/site-packages/airflow/example_dags/example_display_name.py
[2025-05-20T00:11:13.919+0000] {processor.py:914} INFO - Processing file /home/airflow/.local/lib/python3.12/site-packages/airflow/example_dags/example_display_name.py for tasks to queue
[2025-05-20T00:11:13.923+0000] {logging_mixin.py:190} INFO - [2025-05-20T00:11:13.922+0000] {dagbag.py:588} INFO - Filling up the DagBag from /home/airflow/.local/lib/python3.12/site-packages/airflow/example_dags/example_display_name.py
[2025-05-20T00:11:13.946+0000] {processor.py:925} INFO - DAG(s) 'example_display_name' retrieved from /home/airflow/.local/lib/python3.12/site-packages/airflow/example_dags/example_display_name.py
[2025-05-20T00:11:14.005+0000] {logging_mixin.py:190} INFO - [2025-05-20T00:11:14.004+0000] {dag.py:3239} INFO - Sync 1 DAGs
[2025-05-20T00:11:14.083+0000] {logging_mixin.py:190} INFO - [2025-05-20T00:11:14.082+0000] {dag.py:4180} INFO - Setting next_dagrun for example_display_name to None, run_after=None
[2025-05-20T00:11:14.155+0000] {processor.py:208} INFO - Processing /home/airflow/.local/lib/python3.12/site-packages/airflow/example_dags/example_display_name.py took 0.253 seconds
[2025-05-20T00:11:44.491+0000] {processor.py:186} INFO - Started process (PID=7980) to work on /home/airflow/.local/lib/python3.12/site-packages/airflow/example_dags/example_display_name.py
[2025-05-20T00:11:44.493+0000] {processor.py:914} INFO - Processing file /home/airflow/.local/lib/python3.12/site-packages/airflow/example_dags/example_display_name.py for tasks to queue
[2025-05-20T00:11:44.500+0000] {logging_mixin.py:190} INFO - [2025-05-20T00:11:44.499+0000] {dagbag.py:588} INFO - Filling up the DagBag from /home/airflow/.local/lib/python3.12/site-packages/airflow/example_dags/example_display_name.py
[2025-05-20T00:11:44.515+0000] {processor.py:925} INFO - DAG(s) 'example_display_name' retrieved from /home/airflow/.local/lib/python3.12/site-packages/airflow/example_dags/example_display_name.py
[2025-05-20T00:11:44.555+0000] {logging_mixin.py:190} INFO - [2025-05-20T00:11:44.554+0000] {dag.py:3239} INFO - Sync 1 DAGs
[2025-05-20T00:11:44.582+0000] {logging_mixin.py:190} INFO - [2025-05-20T00:11:44.581+0000] {dag.py:4180} INFO - Setting next_dagrun for example_display_name to None, run_after=None
[2025-05-20T00:11:44.623+0000] {processor.py:208} INFO - Processing /home/airflow/.local/lib/python3.12/site-packages/airflow/example_dags/example_display_name.py took 0.141 seconds
[2025-05-20T00:12:16.446+0000] {processor.py:186} INFO - Started process (PID=8044) to work on /home/airflow/.local/lib/python3.12/site-packages/airflow/example_dags/example_display_name.py
[2025-05-20T00:12:16.449+0000] {processor.py:914} INFO - Processing file /home/airflow/.local/lib/python3.12/site-packages/airflow/example_dags/example_display_name.py for tasks to queue
[2025-05-20T00:12:16.454+0000] {logging_mixin.py:190} INFO - [2025-05-20T00:12:16.453+0000] {dagbag.py:588} INFO - Filling up the DagBag from /home/airflow/.local/lib/python3.12/site-packages/airflow/example_dags/example_display_name.py
[2025-05-20T00:12:16.473+0000] {processor.py:925} INFO - DAG(s) 'example_display_name' retrieved from /home/airflow/.local/lib/python3.12/site-packages/airflow/example_dags/example_display_name.py
[2025-05-20T00:12:16.536+0000] {logging_mixin.py:190} INFO - [2025-05-20T00:12:16.535+0000] {dag.py:3239} INFO - Sync 1 DAGs
[2025-05-20T00:12:16.572+0000] {logging_mixin.py:190} INFO - [2025-05-20T00:12:16.572+0000] {dag.py:4180} INFO - Setting next_dagrun for example_display_name to None, run_after=None
[2025-05-20T00:12:16.623+0000] {processor.py:208} INFO - Processing /home/airflow/.local/lib/python3.12/site-packages/airflow/example_dags/example_display_name.py took 0.188 seconds
[2025-05-20T00:12:48.008+0000] {processor.py:186} INFO - Started process (PID=8108) to work on /home/airflow/.local/lib/python3.12/site-packages/airflow/example_dags/example_display_name.py
[2025-05-20T00:12:48.010+0000] {processor.py:914} INFO - Processing file /home/airflow/.local/lib/python3.12/site-packages/airflow/example_dags/example_display_name.py for tasks to queue
[2025-05-20T00:12:48.015+0000] {logging_mixin.py:190} INFO - [2025-05-20T00:12:48.014+0000] {dagbag.py:588} INFO - Filling up the DagBag from /home/airflow/.local/lib/python3.12/site-packages/airflow/example_dags/example_display_name.py
[2025-05-20T00:12:48.030+0000] {processor.py:925} INFO - DAG(s) 'example_display_name' retrieved from /home/airflow/.local/lib/python3.12/site-packages/airflow/example_dags/example_display_name.py
[2025-05-20T00:12:48.067+0000] {logging_mixin.py:190} INFO - [2025-05-20T00:12:48.066+0000] {dag.py:3239} INFO - Sync 1 DAGs
[2025-05-20T00:12:48.095+0000] {logging_mixin.py:190} INFO - [2025-05-20T00:12:48.094+0000] {dag.py:4180} INFO - Setting next_dagrun for example_display_name to None, run_after=None
[2025-05-20T00:12:48.134+0000] {processor.py:208} INFO - Processing /home/airflow/.local/lib/python3.12/site-packages/airflow/example_dags/example_display_name.py took 0.139 seconds
[2025-05-20T00:13:19.545+0000] {processor.py:186} INFO - Started process (PID=8172) to work on /home/airflow/.local/lib/python3.12/site-packages/airflow/example_dags/example_display_name.py
[2025-05-20T00:13:19.546+0000] {processor.py:914} INFO - Processing file /home/airflow/.local/lib/python3.12/site-packages/airflow/example_dags/example_display_name.py for tasks to queue
[2025-05-20T00:13:19.560+0000] {logging_mixin.py:190} INFO - [2025-05-20T00:13:19.560+0000] {dagbag.py:588} INFO - Filling up the DagBag from /home/airflow/.local/lib/python3.12/site-packages/airflow/example_dags/example_display_name.py
[2025-05-20T00:13:19.589+0000] {processor.py:925} INFO - DAG(s) 'example_display_name' retrieved from /home/airflow/.local/lib/python3.12/site-packages/airflow/example_dags/example_display_name.py
[2025-05-20T00:13:19.644+0000] {logging_mixin.py:190} INFO - [2025-05-20T00:13:19.643+0000] {dag.py:3239} INFO - Sync 1 DAGs
[2025-05-20T00:13:19.677+0000] {logging_mixin.py:190} INFO - [2025-05-20T00:13:19.676+0000] {dag.py:4180} INFO - Setting next_dagrun for example_display_name to None, run_after=None
[2025-05-20T00:13:19.733+0000] {processor.py:208} INFO - Processing /home/airflow/.local/lib/python3.12/site-packages/airflow/example_dags/example_display_name.py took 0.214 seconds
[2025-05-20T00:13:49.880+0000] {processor.py:186} INFO - Started process (PID=8236) to work on /home/airflow/.local/lib/python3.12/site-packages/airflow/example_dags/example_display_name.py
[2025-05-20T00:13:49.881+0000] {processor.py:914} INFO - Processing file /home/airflow/.local/lib/python3.12/site-packages/airflow/example_dags/example_display_name.py for tasks to queue
[2025-05-20T00:13:49.886+0000] {logging_mixin.py:190} INFO - [2025-05-20T00:13:49.885+0000] {dagbag.py:588} INFO - Filling up the DagBag from /home/airflow/.local/lib/python3.12/site-packages/airflow/example_dags/example_display_name.py
[2025-05-20T00:13:49.900+0000] {processor.py:925} INFO - DAG(s) 'example_display_name' retrieved from /home/airflow/.local/lib/python3.12/site-packages/airflow/example_dags/example_display_name.py
[2025-05-20T00:13:49.931+0000] {logging_mixin.py:190} INFO - [2025-05-20T00:13:49.930+0000] {dag.py:3239} INFO - Sync 1 DAGs
[2025-05-20T00:13:49.953+0000] {logging_mixin.py:190} INFO - [2025-05-20T00:13:49.953+0000] {dag.py:4180} INFO - Setting next_dagrun for example_display_name to None, run_after=None
[2025-05-20T00:13:49.992+0000] {processor.py:208} INFO - Processing /home/airflow/.local/lib/python3.12/site-packages/airflow/example_dags/example_display_name.py took 0.121 seconds
[2025-05-20T00:14:20.480+0000] {processor.py:186} INFO - Started process (PID=8301) to work on /home/airflow/.local/lib/python3.12/site-packages/airflow/example_dags/example_display_name.py
[2025-05-20T00:14:20.481+0000] {processor.py:914} INFO - Processing file /home/airflow/.local/lib/python3.12/site-packages/airflow/example_dags/example_display_name.py for tasks to queue
[2025-05-20T00:14:20.485+0000] {logging_mixin.py:190} INFO - [2025-05-20T00:14:20.484+0000] {dagbag.py:588} INFO - Filling up the DagBag from /home/airflow/.local/lib/python3.12/site-packages/airflow/example_dags/example_display_name.py
[2025-05-20T00:14:20.494+0000] {processor.py:925} INFO - DAG(s) 'example_display_name' retrieved from /home/airflow/.local/lib/python3.12/site-packages/airflow/example_dags/example_display_name.py
[2025-05-20T00:14:20.521+0000] {logging_mixin.py:190} INFO - [2025-05-20T00:14:20.521+0000] {dag.py:3239} INFO - Sync 1 DAGs
[2025-05-20T00:14:20.543+0000] {logging_mixin.py:190} INFO - [2025-05-20T00:14:20.542+0000] {dag.py:4180} INFO - Setting next_dagrun for example_display_name to None, run_after=None
[2025-05-20T00:14:20.591+0000] {processor.py:208} INFO - Processing /home/airflow/.local/lib/python3.12/site-packages/airflow/example_dags/example_display_name.py took 0.120 seconds
[2025-05-20T00:14:51.057+0000] {processor.py:186} INFO - Started process (PID=8365) to work on /home/airflow/.local/lib/python3.12/site-packages/airflow/example_dags/example_display_name.py
[2025-05-20T00:14:51.059+0000] {processor.py:914} INFO - Processing file /home/airflow/.local/lib/python3.12/site-packages/airflow/example_dags/example_display_name.py for tasks to queue
[2025-05-20T00:14:51.062+0000] {logging_mixin.py:190} INFO - [2025-05-20T00:14:51.062+0000] {dagbag.py:588} INFO - Filling up the DagBag from /home/airflow/.local/lib/python3.12/site-packages/airflow/example_dags/example_display_name.py
[2025-05-20T00:14:51.075+0000] {processor.py:925} INFO - DAG(s) 'example_display_name' retrieved from /home/airflow/.local/lib/python3.12/site-packages/airflow/example_dags/example_display_name.py
[2025-05-20T00:14:51.106+0000] {logging_mixin.py:190} INFO - [2025-05-20T00:14:51.105+0000] {dag.py:3239} INFO - Sync 1 DAGs
[2025-05-20T00:14:51.129+0000] {logging_mixin.py:190} INFO - [2025-05-20T00:14:51.128+0000] {dag.py:4180} INFO - Setting next_dagrun for example_display_name to None, run_after=None
[2025-05-20T00:14:51.161+0000] {processor.py:208} INFO - Processing /home/airflow/.local/lib/python3.12/site-packages/airflow/example_dags/example_display_name.py took 0.113 seconds
[2025-05-20T00:15:21.807+0000] {processor.py:186} INFO - Started process (PID=8429) to work on /home/airflow/.local/lib/python3.12/site-packages/airflow/example_dags/example_display_name.py
[2025-05-20T00:15:21.809+0000] {processor.py:914} INFO - Processing file /home/airflow/.local/lib/python3.12/site-packages/airflow/example_dags/example_display_name.py for tasks to queue
[2025-05-20T00:15:21.814+0000] {logging_mixin.py:190} INFO - [2025-05-20T00:15:21.813+0000] {dagbag.py:588} INFO - Filling up the DagBag from /home/airflow/.local/lib/python3.12/site-packages/airflow/example_dags/example_display_name.py
[2025-05-20T00:15:21.828+0000] {processor.py:925} INFO - DAG(s) 'example_display_name' retrieved from /home/airflow/.local/lib/python3.12/site-packages/airflow/example_dags/example_display_name.py
[2025-05-20T00:15:21.877+0000] {logging_mixin.py:190} INFO - [2025-05-20T00:15:21.877+0000] {dag.py:3239} INFO - Sync 1 DAGs
[2025-05-20T00:15:21.913+0000] {logging_mixin.py:190} INFO - [2025-05-20T00:15:21.912+0000] {dag.py:4180} INFO - Setting next_dagrun for example_display_name to None, run_after=None
[2025-05-20T00:15:21.965+0000] {processor.py:208} INFO - Processing /home/airflow/.local/lib/python3.12/site-packages/airflow/example_dags/example_display_name.py took 0.168 seconds
[2025-05-20T00:15:52.054+0000] {processor.py:186} INFO - Started process (PID=8493) to work on /home/airflow/.local/lib/python3.12/site-packages/airflow/example_dags/example_display_name.py
[2025-05-20T00:15:52.056+0000] {processor.py:914} INFO - Processing file /home/airflow/.local/lib/python3.12/site-packages/airflow/example_dags/example_display_name.py for tasks to queue
[2025-05-20T00:15:52.059+0000] {logging_mixin.py:190} INFO - [2025-05-20T00:15:52.059+0000] {dagbag.py:588} INFO - Filling up the DagBag from /home/airflow/.local/lib/python3.12/site-packages/airflow/example_dags/example_display_name.py
[2025-05-20T00:15:52.072+0000] {processor.py:925} INFO - DAG(s) 'example_display_name' retrieved from /home/airflow/.local/lib/python3.12/site-packages/airflow/example_dags/example_display_name.py
[2025-05-20T00:15:52.100+0000] {logging_mixin.py:190} INFO - [2025-05-20T00:15:52.100+0000] {dag.py:3239} INFO - Sync 1 DAGs
[2025-05-20T00:15:52.125+0000] {logging_mixin.py:190} INFO - [2025-05-20T00:15:52.125+0000] {dag.py:4180} INFO - Setting next_dagrun for example_display_name to None, run_after=None
[2025-05-20T00:15:52.157+0000] {processor.py:208} INFO - Processing /home/airflow/.local/lib/python3.12/site-packages/airflow/example_dags/example_display_name.py took 0.110 seconds
[2025-05-20T00:16:22.443+0000] {processor.py:186} INFO - Started process (PID=8557) to work on /home/airflow/.local/lib/python3.12/site-packages/airflow/example_dags/example_display_name.py
[2025-05-20T00:16:22.445+0000] {processor.py:914} INFO - Processing file /home/airflow/.local/lib/python3.12/site-packages/airflow/example_dags/example_display_name.py for tasks to queue
[2025-05-20T00:16:22.449+0000] {logging_mixin.py:190} INFO - [2025-05-20T00:16:22.448+0000] {dagbag.py:588} INFO - Filling up the DagBag from /home/airflow/.local/lib/python3.12/site-packages/airflow/example_dags/example_display_name.py
[2025-05-20T00:16:22.462+0000] {processor.py:925} INFO - DAG(s) 'example_display_name' retrieved from /home/airflow/.local/lib/python3.12/site-packages/airflow/example_dags/example_display_name.py
[2025-05-20T00:16:22.490+0000] {logging_mixin.py:190} INFO - [2025-05-20T00:16:22.490+0000] {dag.py:3239} INFO - Sync 1 DAGs
[2025-05-20T00:16:22.514+0000] {logging_mixin.py:190} INFO - [2025-05-20T00:16:22.514+0000] {dag.py:4180} INFO - Setting next_dagrun for example_display_name to None, run_after=None
[2025-05-20T00:16:22.566+0000] {processor.py:208} INFO - Processing /home/airflow/.local/lib/python3.12/site-packages/airflow/example_dags/example_display_name.py took 0.131 seconds
[2025-05-20T00:16:53.093+0000] {processor.py:186} INFO - Started process (PID=8621) to work on /home/airflow/.local/lib/python3.12/site-packages/airflow/example_dags/example_display_name.py
[2025-05-20T00:16:53.096+0000] {processor.py:914} INFO - Processing file /home/airflow/.local/lib/python3.12/site-packages/airflow/example_dags/example_display_name.py for tasks to queue
[2025-05-20T00:16:53.105+0000] {logging_mixin.py:190} INFO - [2025-05-20T00:16:53.101+0000] {dagbag.py:588} INFO - Filling up the DagBag from /home/airflow/.local/lib/python3.12/site-packages/airflow/example_dags/example_display_name.py
[2025-05-20T00:16:53.122+0000] {processor.py:925} INFO - DAG(s) 'example_display_name' retrieved from /home/airflow/.local/lib/python3.12/site-packages/airflow/example_dags/example_display_name.py
[2025-05-20T00:16:53.150+0000] {logging_mixin.py:190} INFO - [2025-05-20T00:16:53.150+0000] {dag.py:3239} INFO - Sync 1 DAGs
[2025-05-20T00:16:53.180+0000] {logging_mixin.py:190} INFO - [2025-05-20T00:16:53.180+0000] {dag.py:4180} INFO - Setting next_dagrun for example_display_name to None, run_after=None
[2025-05-20T00:16:53.241+0000] {processor.py:208} INFO - Processing /home/airflow/.local/lib/python3.12/site-packages/airflow/example_dags/example_display_name.py took 0.157 seconds
[2025-05-20T00:17:23.964+0000] {processor.py:186} INFO - Started process (PID=8685) to work on /home/airflow/.local/lib/python3.12/site-packages/airflow/example_dags/example_display_name.py
[2025-05-20T00:17:23.966+0000] {processor.py:914} INFO - Processing file /home/airflow/.local/lib/python3.12/site-packages/airflow/example_dags/example_display_name.py for tasks to queue
[2025-05-20T00:17:23.971+0000] {logging_mixin.py:190} INFO - [2025-05-20T00:17:23.970+0000] {dagbag.py:588} INFO - Filling up the DagBag from /home/airflow/.local/lib/python3.12/site-packages/airflow/example_dags/example_display_name.py
[2025-05-20T00:17:23.987+0000] {processor.py:925} INFO - DAG(s) 'example_display_name' retrieved from /home/airflow/.local/lib/python3.12/site-packages/airflow/example_dags/example_display_name.py
[2025-05-20T00:17:24.011+0000] {logging_mixin.py:190} INFO - [2025-05-20T00:17:24.011+0000] {dag.py:3239} INFO - Sync 1 DAGs
[2025-05-20T00:17:24.033+0000] {logging_mixin.py:190} INFO - [2025-05-20T00:17:24.033+0000] {dag.py:4180} INFO - Setting next_dagrun for example_display_name to None, run_after=None
[2025-05-20T00:17:24.068+0000] {processor.py:208} INFO - Processing /home/airflow/.local/lib/python3.12/site-packages/airflow/example_dags/example_display_name.py took 0.111 seconds
[2025-05-20T00:17:57.524+0000] {processor.py:186} INFO - Started process (PID=8748) to work on /home/airflow/.local/lib/python3.12/site-packages/airflow/example_dags/example_display_name.py
[2025-05-20T00:17:57.527+0000] {processor.py:914} INFO - Processing file /home/airflow/.local/lib/python3.12/site-packages/airflow/example_dags/example_display_name.py for tasks to queue
[2025-05-20T00:17:57.542+0000] {logging_mixin.py:190} INFO - [2025-05-20T00:17:57.541+0000] {dagbag.py:588} INFO - Filling up the DagBag from /home/airflow/.local/lib/python3.12/site-packages/airflow/example_dags/example_display_name.py
[2025-05-20T00:17:57.567+0000] {processor.py:925} INFO - DAG(s) 'example_display_name' retrieved from /home/airflow/.local/lib/python3.12/site-packages/airflow/example_dags/example_display_name.py
[2025-05-20T00:17:57.603+0000] {logging_mixin.py:190} INFO - [2025-05-20T00:17:57.603+0000] {dag.py:3239} INFO - Sync 1 DAGs
[2025-05-20T00:17:57.634+0000] {logging_mixin.py:190} INFO - [2025-05-20T00:17:57.634+0000] {dag.py:4180} INFO - Setting next_dagrun for example_display_name to None, run_after=None
[2025-05-20T00:17:57.675+0000] {processor.py:208} INFO - Processing /home/airflow/.local/lib/python3.12/site-packages/airflow/example_dags/example_display_name.py took 0.170 seconds
[2025-05-20T00:18:28.641+0000] {processor.py:186} INFO - Started process (PID=8812) to work on /home/airflow/.local/lib/python3.12/site-packages/airflow/example_dags/example_display_name.py
[2025-05-20T00:18:28.642+0000] {processor.py:914} INFO - Processing file /home/airflow/.local/lib/python3.12/site-packages/airflow/example_dags/example_display_name.py for tasks to queue
[2025-05-20T00:18:28.645+0000] {logging_mixin.py:190} INFO - [2025-05-20T00:18:28.645+0000] {dagbag.py:588} INFO - Filling up the DagBag from /home/airflow/.local/lib/python3.12/site-packages/airflow/example_dags/example_display_name.py
[2025-05-20T00:18:28.655+0000] {processor.py:925} INFO - DAG(s) 'example_display_name' retrieved from /home/airflow/.local/lib/python3.12/site-packages/airflow/example_dags/example_display_name.py
[2025-05-20T00:18:28.680+0000] {logging_mixin.py:190} INFO - [2025-05-20T00:18:28.680+0000] {dag.py:3239} INFO - Sync 1 DAGs
[2025-05-20T00:18:28.706+0000] {logging_mixin.py:190} INFO - [2025-05-20T00:18:28.706+0000] {dag.py:4180} INFO - Setting next_dagrun for example_display_name to None, run_after=None
[2025-05-20T00:18:28.739+0000] {processor.py:208} INFO - Processing /home/airflow/.local/lib/python3.12/site-packages/airflow/example_dags/example_display_name.py took 0.108 seconds
[2025-05-20T00:19:00.992+0000] {processor.py:186} INFO - Started process (PID=8882) to work on /home/airflow/.local/lib/python3.12/site-packages/airflow/example_dags/example_display_name.py
[2025-05-20T00:19:00.994+0000] {processor.py:914} INFO - Processing file /home/airflow/.local/lib/python3.12/site-packages/airflow/example_dags/example_display_name.py for tasks to queue
[2025-05-20T00:19:00.998+0000] {logging_mixin.py:190} INFO - [2025-05-20T00:19:00.998+0000] {dagbag.py:588} INFO - Filling up the DagBag from /home/airflow/.local/lib/python3.12/site-packages/airflow/example_dags/example_display_name.py
[2025-05-20T00:19:01.013+0000] {processor.py:925} INFO - DAG(s) 'example_display_name' retrieved from /home/airflow/.local/lib/python3.12/site-packages/airflow/example_dags/example_display_name.py
[2025-05-20T00:19:01.067+0000] {logging_mixin.py:190} INFO - [2025-05-20T00:19:01.066+0000] {dag.py:3239} INFO - Sync 1 DAGs
[2025-05-20T00:19:01.105+0000] {logging_mixin.py:190} INFO - [2025-05-20T00:19:01.104+0000] {dag.py:4180} INFO - Setting next_dagrun for example_display_name to None, run_after=None
[2025-05-20T00:19:01.154+0000] {processor.py:208} INFO - Processing /home/airflow/.local/lib/python3.12/site-packages/airflow/example_dags/example_display_name.py took 0.170 seconds
[2025-05-20T00:19:31.902+0000] {processor.py:186} INFO - Started process (PID=8947) to work on /home/airflow/.local/lib/python3.12/site-packages/airflow/example_dags/example_display_name.py
[2025-05-20T00:19:31.903+0000] {processor.py:914} INFO - Processing file /home/airflow/.local/lib/python3.12/site-packages/airflow/example_dags/example_display_name.py for tasks to queue
[2025-05-20T00:19:31.910+0000] {logging_mixin.py:190} INFO - [2025-05-20T00:19:31.909+0000] {dagbag.py:588} INFO - Filling up the DagBag from /home/airflow/.local/lib/python3.12/site-packages/airflow/example_dags/example_display_name.py
[2025-05-20T00:19:31.947+0000] {processor.py:925} INFO - DAG(s) 'example_display_name' retrieved from /home/airflow/.local/lib/python3.12/site-packages/airflow/example_dags/example_display_name.py
[2025-05-20T00:19:31.982+0000] {logging_mixin.py:190} INFO - [2025-05-20T00:19:31.981+0000] {dag.py:3239} INFO - Sync 1 DAGs
[2025-05-20T00:19:32.009+0000] {logging_mixin.py:190} INFO - [2025-05-20T00:19:32.009+0000] {dag.py:4180} INFO - Setting next_dagrun for example_display_name to None, run_after=None
[2025-05-20T00:19:32.048+0000] {processor.py:208} INFO - Processing /home/airflow/.local/lib/python3.12/site-packages/airflow/example_dags/example_display_name.py took 0.156 seconds
[2025-05-20T00:20:07.219+0000] {processor.py:186} INFO - Started process (PID=9013) to work on /home/airflow/.local/lib/python3.12/site-packages/airflow/example_dags/example_display_name.py
[2025-05-20T00:20:07.221+0000] {processor.py:914} INFO - Processing file /home/airflow/.local/lib/python3.12/site-packages/airflow/example_dags/example_display_name.py for tasks to queue
[2025-05-20T00:20:07.231+0000] {logging_mixin.py:190} INFO - [2025-05-20T00:20:07.230+0000] {dagbag.py:588} INFO - Filling up the DagBag from /home/airflow/.local/lib/python3.12/site-packages/airflow/example_dags/example_display_name.py
[2025-05-20T00:20:07.252+0000] {processor.py:925} INFO - DAG(s) 'example_display_name' retrieved from /home/airflow/.local/lib/python3.12/site-packages/airflow/example_dags/example_display_name.py
[2025-05-20T00:20:07.285+0000] {logging_mixin.py:190} INFO - [2025-05-20T00:20:07.285+0000] {dag.py:3239} INFO - Sync 1 DAGs
[2025-05-20T00:20:07.311+0000] {logging_mixin.py:190} INFO - [2025-05-20T00:20:07.310+0000] {dag.py:4180} INFO - Setting next_dagrun for example_display_name to None, run_after=None
[2025-05-20T00:20:07.347+0000] {processor.py:208} INFO - Processing /home/airflow/.local/lib/python3.12/site-packages/airflow/example_dags/example_display_name.py took 0.138 seconds
[2025-05-20T00:20:43.227+0000] {processor.py:186} INFO - Started process (PID=9079) to work on /home/airflow/.local/lib/python3.12/site-packages/airflow/example_dags/example_display_name.py
[2025-05-20T00:20:43.229+0000] {processor.py:914} INFO - Processing file /home/airflow/.local/lib/python3.12/site-packages/airflow/example_dags/example_display_name.py for tasks to queue
[2025-05-20T00:20:43.241+0000] {logging_mixin.py:190} INFO - [2025-05-20T00:20:43.238+0000] {dagbag.py:588} INFO - Filling up the DagBag from /home/airflow/.local/lib/python3.12/site-packages/airflow/example_dags/example_display_name.py
[2025-05-20T00:20:43.257+0000] {processor.py:925} INFO - DAG(s) 'example_display_name' retrieved from /home/airflow/.local/lib/python3.12/site-packages/airflow/example_dags/example_display_name.py
[2025-05-20T00:20:43.301+0000] {logging_mixin.py:190} INFO - [2025-05-20T00:20:43.300+0000] {dag.py:3239} INFO - Sync 1 DAGs
[2025-05-20T00:20:43.351+0000] {logging_mixin.py:190} INFO - [2025-05-20T00:20:43.350+0000] {dag.py:4180} INFO - Setting next_dagrun for example_display_name to None, run_after=None
[2025-05-20T00:20:43.399+0000] {processor.py:208} INFO - Processing /home/airflow/.local/lib/python3.12/site-packages/airflow/example_dags/example_display_name.py took 0.191 seconds
[2025-05-20T00:21:14.166+0000] {processor.py:186} INFO - Started process (PID=9142) to work on /home/airflow/.local/lib/python3.12/site-packages/airflow/example_dags/example_display_name.py
[2025-05-20T00:21:14.175+0000] {processor.py:914} INFO - Processing file /home/airflow/.local/lib/python3.12/site-packages/airflow/example_dags/example_display_name.py for tasks to queue
[2025-05-20T00:21:14.194+0000] {logging_mixin.py:190} INFO - [2025-05-20T00:21:14.194+0000] {dagbag.py:588} INFO - Filling up the DagBag from /home/airflow/.local/lib/python3.12/site-packages/airflow/example_dags/example_display_name.py
[2025-05-20T00:21:14.281+0000] {processor.py:925} INFO - DAG(s) 'example_display_name' retrieved from /home/airflow/.local/lib/python3.12/site-packages/airflow/example_dags/example_display_name.py
[2025-05-20T00:21:14.387+0000] {logging_mixin.py:190} INFO - [2025-05-20T00:21:14.387+0000] {dag.py:3239} INFO - Sync 1 DAGs
[2025-05-20T00:21:14.457+0000] {logging_mixin.py:190} INFO - [2025-05-20T00:21:14.457+0000] {dag.py:4180} INFO - Setting next_dagrun for example_display_name to None, run_after=None
[2025-05-20T00:21:14.541+0000] {processor.py:208} INFO - Processing /home/airflow/.local/lib/python3.12/site-packages/airflow/example_dags/example_display_name.py took 0.389 seconds
