[2025-05-20T00:00:20.907+0000] {processor.py:186} INFO - Started process (PID=6596) to work on /home/airflow/.local/lib/python3.12/site-packages/airflow/example_dags/tutorial.py
[2025-05-20T00:00:20.909+0000] {processor.py:914} INFO - Processing file /home/airflow/.local/lib/python3.12/site-packages/airflow/example_dags/tutorial.py for tasks to queue
[2025-05-20T00:00:20.913+0000] {logging_mixin.py:190} INFO - [2025-05-20T00:00:20.912+0000] {dagbag.py:588} INFO - Filling up the DagBag from /home/airflow/.local/lib/python3.12/site-packages/airflow/example_dags/tutorial.py
[2025-05-20T00:00:20.933+0000] {processor.py:925} INFO - DAG(s) 'tutorial' retrieved from /home/airflow/.local/lib/python3.12/site-packages/airflow/example_dags/tutorial.py
[2025-05-20T00:00:20.972+0000] {logging_mixin.py:190} INFO - [2025-05-20T00:00:20.971+0000] {dag.py:3239} INFO - Sync 1 DAGs
[2025-05-20T00:00:21.064+0000] {logging_mixin.py:190} INFO - [2025-05-20T00:00:21.064+0000] {dag.py:4180} INFO - Setting next_dagrun for tutorial to 2025-05-19 00:00:00+00:00, run_after=2025-05-20 00:00:00+00:00
[2025-05-20T00:00:21.154+0000] {processor.py:208} INFO - Processing /home/airflow/.local/lib/python3.12/site-packages/airflow/example_dags/tutorial.py took 0.260 seconds
[2025-05-20T00:00:52.192+0000] {processor.py:186} INFO - Started process (PID=6661) to work on /home/airflow/.local/lib/python3.12/site-packages/airflow/example_dags/tutorial.py
[2025-05-20T00:00:52.193+0000] {processor.py:914} INFO - Processing file /home/airflow/.local/lib/python3.12/site-packages/airflow/example_dags/tutorial.py for tasks to queue
[2025-05-20T00:00:52.197+0000] {logging_mixin.py:190} INFO - [2025-05-20T00:00:52.197+0000] {dagbag.py:588} INFO - Filling up the DagBag from /home/airflow/.local/lib/python3.12/site-packages/airflow/example_dags/tutorial.py
[2025-05-20T00:00:52.212+0000] {processor.py:925} INFO - DAG(s) 'tutorial' retrieved from /home/airflow/.local/lib/python3.12/site-packages/airflow/example_dags/tutorial.py
[2025-05-20T00:00:52.250+0000] {logging_mixin.py:190} INFO - [2025-05-20T00:00:52.250+0000] {dag.py:3239} INFO - Sync 1 DAGs
[2025-05-20T00:00:52.288+0000] {logging_mixin.py:190} INFO - [2025-05-20T00:00:52.288+0000] {dag.py:4180} INFO - Setting next_dagrun for tutorial to 2025-05-19 00:00:00+00:00, run_after=2025-05-20 00:00:00+00:00
[2025-05-20T00:00:52.314+0000] {processor.py:208} INFO - Processing /home/airflow/.local/lib/python3.12/site-packages/airflow/example_dags/tutorial.py took 0.131 seconds
[2025-05-20T00:01:24.358+0000] {processor.py:186} INFO - Started process (PID=6731) to work on /home/airflow/.local/lib/python3.12/site-packages/airflow/example_dags/tutorial.py
[2025-05-20T00:01:24.360+0000] {processor.py:914} INFO - Processing file /home/airflow/.local/lib/python3.12/site-packages/airflow/example_dags/tutorial.py for tasks to queue
[2025-05-20T00:01:24.363+0000] {logging_mixin.py:190} INFO - [2025-05-20T00:01:24.363+0000] {dagbag.py:588} INFO - Filling up the DagBag from /home/airflow/.local/lib/python3.12/site-packages/airflow/example_dags/tutorial.py
[2025-05-20T00:01:24.379+0000] {processor.py:925} INFO - DAG(s) 'tutorial' retrieved from /home/airflow/.local/lib/python3.12/site-packages/airflow/example_dags/tutorial.py
[2025-05-20T00:01:24.421+0000] {logging_mixin.py:190} INFO - [2025-05-20T00:01:24.421+0000] {dag.py:3239} INFO - Sync 1 DAGs
[2025-05-20T00:01:24.496+0000] {logging_mixin.py:190} INFO - [2025-05-20T00:01:24.496+0000] {dag.py:4180} INFO - Setting next_dagrun for tutorial to 2025-05-19 00:00:00+00:00, run_after=2025-05-20 00:00:00+00:00
[2025-05-20T00:01:24.539+0000] {processor.py:208} INFO - Processing /home/airflow/.local/lib/python3.12/site-packages/airflow/example_dags/tutorial.py took 0.189 seconds
[2025-05-20T00:01:58.053+0000] {processor.py:186} INFO - Started process (PID=6793) to work on /home/airflow/.local/lib/python3.12/site-packages/airflow/example_dags/tutorial.py
[2025-05-20T00:01:58.055+0000] {processor.py:914} INFO - Processing file /home/airflow/.local/lib/python3.12/site-packages/airflow/example_dags/tutorial.py for tasks to queue
[2025-05-20T00:01:58.063+0000] {logging_mixin.py:190} INFO - [2025-05-20T00:01:58.063+0000] {dagbag.py:588} INFO - Filling up the DagBag from /home/airflow/.local/lib/python3.12/site-packages/airflow/example_dags/tutorial.py
[2025-05-20T00:01:58.082+0000] {processor.py:925} INFO - DAG(s) 'tutorial' retrieved from /home/airflow/.local/lib/python3.12/site-packages/airflow/example_dags/tutorial.py
[2025-05-20T00:01:58.182+0000] {logging_mixin.py:190} INFO - [2025-05-20T00:01:58.171+0000] {dag.py:3239} INFO - Sync 1 DAGs
[2025-05-20T00:01:58.280+0000] {logging_mixin.py:190} INFO - [2025-05-20T00:01:58.280+0000] {dag.py:4180} INFO - Setting next_dagrun for tutorial to 2025-05-19 00:00:00+00:00, run_after=2025-05-20 00:00:00+00:00
[2025-05-20T00:01:58.327+0000] {processor.py:208} INFO - Processing /home/airflow/.local/lib/python3.12/site-packages/airflow/example_dags/tutorial.py took 0.288 seconds
[2025-05-20T00:02:29.362+0000] {processor.py:186} INFO - Started process (PID=6857) to work on /home/airflow/.local/lib/python3.12/site-packages/airflow/example_dags/tutorial.py
[2025-05-20T00:02:29.472+0000] {processor.py:914} INFO - Processing file /home/airflow/.local/lib/python3.12/site-packages/airflow/example_dags/tutorial.py for tasks to queue
[2025-05-20T00:02:29.576+0000] {logging_mixin.py:190} INFO - [2025-05-20T00:02:29.576+0000] {dagbag.py:588} INFO - Filling up the DagBag from /home/airflow/.local/lib/python3.12/site-packages/airflow/example_dags/tutorial.py
[2025-05-20T00:02:29.671+0000] {processor.py:925} INFO - DAG(s) 'tutorial' retrieved from /home/airflow/.local/lib/python3.12/site-packages/airflow/example_dags/tutorial.py
[2025-05-20T00:02:29.863+0000] {logging_mixin.py:190} INFO - [2025-05-20T00:02:29.861+0000] {dag.py:3239} INFO - Sync 1 DAGs
[2025-05-20T00:02:29.958+0000] {logging_mixin.py:190} INFO - [2025-05-20T00:02:29.958+0000] {dag.py:4180} INFO - Setting next_dagrun for tutorial to 2025-05-19 00:00:00+00:00, run_after=2025-05-20 00:00:00+00:00
[2025-05-20T00:02:30.002+0000] {processor.py:208} INFO - Processing /home/airflow/.local/lib/python3.12/site-packages/airflow/example_dags/tutorial.py took 0.714 seconds
[2025-05-20T00:03:00.315+0000] {processor.py:186} INFO - Started process (PID=6921) to work on /home/airflow/.local/lib/python3.12/site-packages/airflow/example_dags/tutorial.py
[2025-05-20T00:03:00.317+0000] {processor.py:914} INFO - Processing file /home/airflow/.local/lib/python3.12/site-packages/airflow/example_dags/tutorial.py for tasks to queue
[2025-05-20T00:03:00.321+0000] {logging_mixin.py:190} INFO - [2025-05-20T00:03:00.321+0000] {dagbag.py:588} INFO - Filling up the DagBag from /home/airflow/.local/lib/python3.12/site-packages/airflow/example_dags/tutorial.py
[2025-05-20T00:03:00.343+0000] {processor.py:925} INFO - DAG(s) 'tutorial' retrieved from /home/airflow/.local/lib/python3.12/site-packages/airflow/example_dags/tutorial.py
[2025-05-20T00:03:00.377+0000] {logging_mixin.py:190} INFO - [2025-05-20T00:03:00.376+0000] {dag.py:3239} INFO - Sync 1 DAGs
[2025-05-20T00:03:00.428+0000] {logging_mixin.py:190} INFO - [2025-05-20T00:03:00.427+0000] {dag.py:4180} INFO - Setting next_dagrun for tutorial to 2025-05-19 00:00:00+00:00, run_after=2025-05-20 00:00:00+00:00
[2025-05-20T00:03:00.477+0000] {processor.py:208} INFO - Processing /home/airflow/.local/lib/python3.12/site-packages/airflow/example_dags/tutorial.py took 0.171 seconds
[2025-05-20T00:03:32.086+0000] {processor.py:186} INFO - Started process (PID=6985) to work on /home/airflow/.local/lib/python3.12/site-packages/airflow/example_dags/tutorial.py
[2025-05-20T00:03:32.087+0000] {processor.py:914} INFO - Processing file /home/airflow/.local/lib/python3.12/site-packages/airflow/example_dags/tutorial.py for tasks to queue
[2025-05-20T00:03:32.091+0000] {logging_mixin.py:190} INFO - [2025-05-20T00:03:32.090+0000] {dagbag.py:588} INFO - Filling up the DagBag from /home/airflow/.local/lib/python3.12/site-packages/airflow/example_dags/tutorial.py
[2025-05-20T00:03:32.103+0000] {processor.py:925} INFO - DAG(s) 'tutorial' retrieved from /home/airflow/.local/lib/python3.12/site-packages/airflow/example_dags/tutorial.py
[2025-05-20T00:03:32.145+0000] {logging_mixin.py:190} INFO - [2025-05-20T00:03:32.145+0000] {dag.py:3239} INFO - Sync 1 DAGs
[2025-05-20T00:03:32.189+0000] {logging_mixin.py:190} INFO - [2025-05-20T00:03:32.189+0000] {dag.py:4180} INFO - Setting next_dagrun for tutorial to 2025-05-19 00:00:00+00:00, run_after=2025-05-20 00:00:00+00:00
[2025-05-20T00:03:32.221+0000] {processor.py:208} INFO - Processing /home/airflow/.local/lib/python3.12/site-packages/airflow/example_dags/tutorial.py took 0.144 seconds
[2025-05-20T00:04:05.520+0000] {processor.py:186} INFO - Started process (PID=7049) to work on /home/airflow/.local/lib/python3.12/site-packages/airflow/example_dags/tutorial.py
[2025-05-20T00:04:05.522+0000] {processor.py:914} INFO - Processing file /home/airflow/.local/lib/python3.12/site-packages/airflow/example_dags/tutorial.py for tasks to queue
[2025-05-20T00:04:05.526+0000] {logging_mixin.py:190} INFO - [2025-05-20T00:04:05.526+0000] {dagbag.py:588} INFO - Filling up the DagBag from /home/airflow/.local/lib/python3.12/site-packages/airflow/example_dags/tutorial.py
[2025-05-20T00:04:05.563+0000] {processor.py:925} INFO - DAG(s) 'tutorial' retrieved from /home/airflow/.local/lib/python3.12/site-packages/airflow/example_dags/tutorial.py
[2025-05-20T00:04:05.691+0000] {logging_mixin.py:190} INFO - [2025-05-20T00:04:05.691+0000] {dag.py:3239} INFO - Sync 1 DAGs
[2025-05-20T00:04:05.865+0000] {logging_mixin.py:190} INFO - [2025-05-20T00:04:05.855+0000] {dag.py:4180} INFO - Setting next_dagrun for tutorial to 2025-05-19 00:00:00+00:00, run_after=2025-05-20 00:00:00+00:00
[2025-05-20T00:04:06.004+0000] {processor.py:208} INFO - Processing /home/airflow/.local/lib/python3.12/site-packages/airflow/example_dags/tutorial.py took 0.501 seconds
[2025-05-20T00:04:43.453+0000] {processor.py:186} INFO - Started process (PID=7116) to work on /home/airflow/.local/lib/python3.12/site-packages/airflow/example_dags/tutorial.py
[2025-05-20T00:04:43.455+0000] {processor.py:914} INFO - Processing file /home/airflow/.local/lib/python3.12/site-packages/airflow/example_dags/tutorial.py for tasks to queue
[2025-05-20T00:04:43.458+0000] {logging_mixin.py:190} INFO - [2025-05-20T00:04:43.458+0000] {dagbag.py:588} INFO - Filling up the DagBag from /home/airflow/.local/lib/python3.12/site-packages/airflow/example_dags/tutorial.py
[2025-05-20T00:04:43.475+0000] {processor.py:925} INFO - DAG(s) 'tutorial' retrieved from /home/airflow/.local/lib/python3.12/site-packages/airflow/example_dags/tutorial.py
[2025-05-20T00:04:43.511+0000] {logging_mixin.py:190} INFO - [2025-05-20T00:04:43.510+0000] {dag.py:3239} INFO - Sync 1 DAGs
[2025-05-20T00:04:43.556+0000] {logging_mixin.py:190} INFO - [2025-05-20T00:04:43.555+0000] {dag.py:4180} INFO - Setting next_dagrun for tutorial to 2025-05-19 00:00:00+00:00, run_after=2025-05-20 00:00:00+00:00
[2025-05-20T00:04:43.592+0000] {processor.py:208} INFO - Processing /home/airflow/.local/lib/python3.12/site-packages/airflow/example_dags/tutorial.py took 0.148 seconds
[2025-05-20T00:05:15.035+0000] {processor.py:186} INFO - Started process (PID=7183) to work on /home/airflow/.local/lib/python3.12/site-packages/airflow/example_dags/tutorial.py
[2025-05-20T00:05:15.036+0000] {processor.py:914} INFO - Processing file /home/airflow/.local/lib/python3.12/site-packages/airflow/example_dags/tutorial.py for tasks to queue
[2025-05-20T00:05:15.040+0000] {logging_mixin.py:190} INFO - [2025-05-20T00:05:15.039+0000] {dagbag.py:588} INFO - Filling up the DagBag from /home/airflow/.local/lib/python3.12/site-packages/airflow/example_dags/tutorial.py
[2025-05-20T00:05:15.052+0000] {processor.py:925} INFO - DAG(s) 'tutorial' retrieved from /home/airflow/.local/lib/python3.12/site-packages/airflow/example_dags/tutorial.py
[2025-05-20T00:05:15.080+0000] {logging_mixin.py:190} INFO - [2025-05-20T00:05:15.079+0000] {dag.py:3239} INFO - Sync 1 DAGs
[2025-05-20T00:05:15.215+0000] {logging_mixin.py:190} INFO - [2025-05-20T00:05:15.215+0000] {dag.py:4180} INFO - Setting next_dagrun for tutorial to 2025-05-19 00:00:00+00:00, run_after=2025-05-20 00:00:00+00:00
[2025-05-20T00:05:15.278+0000] {processor.py:208} INFO - Processing /home/airflow/.local/lib/python3.12/site-packages/airflow/example_dags/tutorial.py took 0.250 seconds
[2025-05-20T00:05:45.799+0000] {processor.py:186} INFO - Started process (PID=7248) to work on /home/airflow/.local/lib/python3.12/site-packages/airflow/example_dags/tutorial.py
[2025-05-20T00:05:45.801+0000] {processor.py:914} INFO - Processing file /home/airflow/.local/lib/python3.12/site-packages/airflow/example_dags/tutorial.py for tasks to queue
[2025-05-20T00:05:45.805+0000] {logging_mixin.py:190} INFO - [2025-05-20T00:05:45.805+0000] {dagbag.py:588} INFO - Filling up the DagBag from /home/airflow/.local/lib/python3.12/site-packages/airflow/example_dags/tutorial.py
[2025-05-20T00:05:45.818+0000] {processor.py:925} INFO - DAG(s) 'tutorial' retrieved from /home/airflow/.local/lib/python3.12/site-packages/airflow/example_dags/tutorial.py
[2025-05-20T00:05:45.851+0000] {logging_mixin.py:190} INFO - [2025-05-20T00:05:45.851+0000] {dag.py:3239} INFO - Sync 1 DAGs
[2025-05-20T00:05:45.898+0000] {logging_mixin.py:190} INFO - [2025-05-20T00:05:45.898+0000] {dag.py:4180} INFO - Setting next_dagrun for tutorial to 2025-05-19 00:00:00+00:00, run_after=2025-05-20 00:00:00+00:00
[2025-05-20T00:05:45.932+0000] {processor.py:208} INFO - Processing /home/airflow/.local/lib/python3.12/site-packages/airflow/example_dags/tutorial.py took 0.141 seconds
[2025-05-20T00:06:17.855+0000] {processor.py:186} INFO - Started process (PID=7316) to work on /home/airflow/.local/lib/python3.12/site-packages/airflow/example_dags/tutorial.py
[2025-05-20T00:06:17.871+0000] {processor.py:914} INFO - Processing file /home/airflow/.local/lib/python3.12/site-packages/airflow/example_dags/tutorial.py for tasks to queue
[2025-05-20T00:06:17.875+0000] {logging_mixin.py:190} INFO - [2025-05-20T00:06:17.874+0000] {dagbag.py:588} INFO - Filling up the DagBag from /home/airflow/.local/lib/python3.12/site-packages/airflow/example_dags/tutorial.py
[2025-05-20T00:06:17.890+0000] {processor.py:925} INFO - DAG(s) 'tutorial' retrieved from /home/airflow/.local/lib/python3.12/site-packages/airflow/example_dags/tutorial.py
[2025-05-20T00:06:17.934+0000] {logging_mixin.py:190} INFO - [2025-05-20T00:06:17.933+0000] {dag.py:3239} INFO - Sync 1 DAGs
[2025-05-20T00:06:17.993+0000] {logging_mixin.py:190} INFO - [2025-05-20T00:06:17.993+0000] {dag.py:4180} INFO - Setting next_dagrun for tutorial to 2025-05-19 00:00:00+00:00, run_after=2025-05-20 00:00:00+00:00
[2025-05-20T00:06:18.034+0000] {processor.py:208} INFO - Processing /home/airflow/.local/lib/python3.12/site-packages/airflow/example_dags/tutorial.py took 0.207 seconds
[2025-05-20T00:06:48.187+0000] {processor.py:186} INFO - Started process (PID=7380) to work on /home/airflow/.local/lib/python3.12/site-packages/airflow/example_dags/tutorial.py
[2025-05-20T00:06:48.189+0000] {processor.py:914} INFO - Processing file /home/airflow/.local/lib/python3.12/site-packages/airflow/example_dags/tutorial.py for tasks to queue
[2025-05-20T00:06:48.192+0000] {logging_mixin.py:190} INFO - [2025-05-20T00:06:48.191+0000] {dagbag.py:588} INFO - Filling up the DagBag from /home/airflow/.local/lib/python3.12/site-packages/airflow/example_dags/tutorial.py
[2025-05-20T00:06:48.204+0000] {processor.py:925} INFO - DAG(s) 'tutorial' retrieved from /home/airflow/.local/lib/python3.12/site-packages/airflow/example_dags/tutorial.py
[2025-05-20T00:06:48.233+0000] {logging_mixin.py:190} INFO - [2025-05-20T00:06:48.232+0000] {dag.py:3239} INFO - Sync 1 DAGs
[2025-05-20T00:06:48.270+0000] {logging_mixin.py:190} INFO - [2025-05-20T00:06:48.270+0000] {dag.py:4180} INFO - Setting next_dagrun for tutorial to 2025-05-19 00:00:00+00:00, run_after=2025-05-20 00:00:00+00:00
[2025-05-20T00:06:48.304+0000] {processor.py:208} INFO - Processing /home/airflow/.local/lib/python3.12/site-packages/airflow/example_dags/tutorial.py took 0.123 seconds
[2025-05-20T00:07:20.351+0000] {processor.py:186} INFO - Started process (PID=7443) to work on /home/airflow/.local/lib/python3.12/site-packages/airflow/example_dags/tutorial.py
[2025-05-20T00:07:20.353+0000] {processor.py:914} INFO - Processing file /home/airflow/.local/lib/python3.12/site-packages/airflow/example_dags/tutorial.py for tasks to queue
[2025-05-20T00:07:20.357+0000] {logging_mixin.py:190} INFO - [2025-05-20T00:07:20.356+0000] {dagbag.py:588} INFO - Filling up the DagBag from /home/airflow/.local/lib/python3.12/site-packages/airflow/example_dags/tutorial.py
[2025-05-20T00:07:20.371+0000] {processor.py:925} INFO - DAG(s) 'tutorial' retrieved from /home/airflow/.local/lib/python3.12/site-packages/airflow/example_dags/tutorial.py
[2025-05-20T00:07:20.403+0000] {logging_mixin.py:190} INFO - [2025-05-20T00:07:20.402+0000] {dag.py:3239} INFO - Sync 1 DAGs
[2025-05-20T00:07:20.451+0000] {logging_mixin.py:190} INFO - [2025-05-20T00:07:20.451+0000] {dag.py:4180} INFO - Setting next_dagrun for tutorial to 2025-05-19 00:00:00+00:00, run_after=2025-05-20 00:00:00+00:00
[2025-05-20T00:07:20.499+0000] {processor.py:208} INFO - Processing /home/airflow/.local/lib/python3.12/site-packages/airflow/example_dags/tutorial.py took 0.157 seconds
[2025-05-20T00:07:52.732+0000] {processor.py:186} INFO - Started process (PID=7507) to work on /home/airflow/.local/lib/python3.12/site-packages/airflow/example_dags/tutorial.py
[2025-05-20T00:07:52.737+0000] {processor.py:914} INFO - Processing file /home/airflow/.local/lib/python3.12/site-packages/airflow/example_dags/tutorial.py for tasks to queue
[2025-05-20T00:07:52.741+0000] {logging_mixin.py:190} INFO - [2025-05-20T00:07:52.740+0000] {dagbag.py:588} INFO - Filling up the DagBag from /home/airflow/.local/lib/python3.12/site-packages/airflow/example_dags/tutorial.py
[2025-05-20T00:07:52.754+0000] {processor.py:925} INFO - DAG(s) 'tutorial' retrieved from /home/airflow/.local/lib/python3.12/site-packages/airflow/example_dags/tutorial.py
[2025-05-20T00:07:52.785+0000] {logging_mixin.py:190} INFO - [2025-05-20T00:07:52.785+0000] {dag.py:3239} INFO - Sync 1 DAGs
[2025-05-20T00:07:52.823+0000] {logging_mixin.py:190} INFO - [2025-05-20T00:07:52.823+0000] {dag.py:4180} INFO - Setting next_dagrun for tutorial to 2025-05-19 00:00:00+00:00, run_after=2025-05-20 00:00:00+00:00
[2025-05-20T00:07:52.850+0000] {processor.py:208} INFO - Processing /home/airflow/.local/lib/python3.12/site-packages/airflow/example_dags/tutorial.py took 0.140 seconds
[2025-05-20T00:08:24.083+0000] {processor.py:186} INFO - Started process (PID=7571) to work on /home/airflow/.local/lib/python3.12/site-packages/airflow/example_dags/tutorial.py
[2025-05-20T00:08:24.085+0000] {processor.py:914} INFO - Processing file /home/airflow/.local/lib/python3.12/site-packages/airflow/example_dags/tutorial.py for tasks to queue
[2025-05-20T00:08:24.088+0000] {logging_mixin.py:190} INFO - [2025-05-20T00:08:24.088+0000] {dagbag.py:588} INFO - Filling up the DagBag from /home/airflow/.local/lib/python3.12/site-packages/airflow/example_dags/tutorial.py
[2025-05-20T00:08:24.100+0000] {processor.py:925} INFO - DAG(s) 'tutorial' retrieved from /home/airflow/.local/lib/python3.12/site-packages/airflow/example_dags/tutorial.py
[2025-05-20T00:08:24.133+0000] {logging_mixin.py:190} INFO - [2025-05-20T00:08:24.133+0000] {dag.py:3239} INFO - Sync 1 DAGs
[2025-05-20T00:08:24.171+0000] {logging_mixin.py:190} INFO - [2025-05-20T00:08:24.170+0000] {dag.py:4180} INFO - Setting next_dagrun for tutorial to 2025-05-19 00:00:00+00:00, run_after=2025-05-20 00:00:00+00:00
[2025-05-20T00:08:24.202+0000] {processor.py:208} INFO - Processing /home/airflow/.local/lib/python3.12/site-packages/airflow/example_dags/tutorial.py took 0.125 seconds
[2025-05-20T00:08:55.164+0000] {processor.py:186} INFO - Started process (PID=7634) to work on /home/airflow/.local/lib/python3.12/site-packages/airflow/example_dags/tutorial.py
[2025-05-20T00:08:55.166+0000] {processor.py:914} INFO - Processing file /home/airflow/.local/lib/python3.12/site-packages/airflow/example_dags/tutorial.py for tasks to queue
[2025-05-20T00:08:55.169+0000] {logging_mixin.py:190} INFO - [2025-05-20T00:08:55.169+0000] {dagbag.py:588} INFO - Filling up the DagBag from /home/airflow/.local/lib/python3.12/site-packages/airflow/example_dags/tutorial.py
[2025-05-20T00:08:55.183+0000] {processor.py:925} INFO - DAG(s) 'tutorial' retrieved from /home/airflow/.local/lib/python3.12/site-packages/airflow/example_dags/tutorial.py
[2025-05-20T00:08:55.217+0000] {logging_mixin.py:190} INFO - [2025-05-20T00:08:55.217+0000] {dag.py:3239} INFO - Sync 1 DAGs
[2025-05-20T00:08:55.263+0000] {logging_mixin.py:190} INFO - [2025-05-20T00:08:55.262+0000] {dag.py:4180} INFO - Setting next_dagrun for tutorial to 2025-05-19 00:00:00+00:00, run_after=2025-05-20 00:00:00+00:00
[2025-05-20T00:08:55.306+0000] {processor.py:208} INFO - Processing /home/airflow/.local/lib/python3.12/site-packages/airflow/example_dags/tutorial.py took 0.151 seconds
[2025-05-20T00:09:29.877+0000] {processor.py:186} INFO - Started process (PID=7703) to work on /home/airflow/.local/lib/python3.12/site-packages/airflow/example_dags/tutorial.py
[2025-05-20T00:09:29.878+0000] {processor.py:914} INFO - Processing file /home/airflow/.local/lib/python3.12/site-packages/airflow/example_dags/tutorial.py for tasks to queue
[2025-05-20T00:09:29.881+0000] {logging_mixin.py:190} INFO - [2025-05-20T00:09:29.881+0000] {dagbag.py:588} INFO - Filling up the DagBag from /home/airflow/.local/lib/python3.12/site-packages/airflow/example_dags/tutorial.py
[2025-05-20T00:09:29.897+0000] {processor.py:925} INFO - DAG(s) 'tutorial' retrieved from /home/airflow/.local/lib/python3.12/site-packages/airflow/example_dags/tutorial.py
[2025-05-20T00:09:29.931+0000] {logging_mixin.py:190} INFO - [2025-05-20T00:09:29.930+0000] {dag.py:3239} INFO - Sync 1 DAGs
[2025-05-20T00:09:29.996+0000] {logging_mixin.py:190} INFO - [2025-05-20T00:09:29.995+0000] {dag.py:4180} INFO - Setting next_dagrun for tutorial to 2025-05-19 00:00:00+00:00, run_after=2025-05-20 00:00:00+00:00
[2025-05-20T00:09:30.038+0000] {processor.py:208} INFO - Processing /home/airflow/.local/lib/python3.12/site-packages/airflow/example_dags/tutorial.py took 0.171 seconds
[2025-05-20T00:10:02.908+0000] {processor.py:186} INFO - Started process (PID=7767) to work on /home/airflow/.local/lib/python3.12/site-packages/airflow/example_dags/tutorial.py
[2025-05-20T00:10:02.912+0000] {processor.py:914} INFO - Processing file /home/airflow/.local/lib/python3.12/site-packages/airflow/example_dags/tutorial.py for tasks to queue
[2025-05-20T00:10:02.934+0000] {logging_mixin.py:190} INFO - [2025-05-20T00:10:02.933+0000] {dagbag.py:588} INFO - Filling up the DagBag from /home/airflow/.local/lib/python3.12/site-packages/airflow/example_dags/tutorial.py
[2025-05-20T00:10:02.964+0000] {processor.py:925} INFO - DAG(s) 'tutorial' retrieved from /home/airflow/.local/lib/python3.12/site-packages/airflow/example_dags/tutorial.py
[2025-05-20T00:10:03.050+0000] {logging_mixin.py:190} INFO - [2025-05-20T00:10:03.050+0000] {dag.py:3239} INFO - Sync 1 DAGs
[2025-05-20T00:10:03.265+0000] {logging_mixin.py:190} INFO - [2025-05-20T00:10:03.264+0000] {dag.py:4180} INFO - Setting next_dagrun for tutorial to 2025-05-19 00:00:00+00:00, run_after=2025-05-20 00:00:00+00:00
[2025-05-20T00:10:03.349+0000] {processor.py:208} INFO - Processing /home/airflow/.local/lib/python3.12/site-packages/airflow/example_dags/tutorial.py took 0.466 seconds
[2025-05-20T00:10:34.068+0000] {processor.py:186} INFO - Started process (PID=7831) to work on /home/airflow/.local/lib/python3.12/site-packages/airflow/example_dags/tutorial.py
[2025-05-20T00:10:34.071+0000] {processor.py:914} INFO - Processing file /home/airflow/.local/lib/python3.12/site-packages/airflow/example_dags/tutorial.py for tasks to queue
[2025-05-20T00:10:34.076+0000] {logging_mixin.py:190} INFO - [2025-05-20T00:10:34.075+0000] {dagbag.py:588} INFO - Filling up the DagBag from /home/airflow/.local/lib/python3.12/site-packages/airflow/example_dags/tutorial.py
[2025-05-20T00:10:34.092+0000] {processor.py:925} INFO - DAG(s) 'tutorial' retrieved from /home/airflow/.local/lib/python3.12/site-packages/airflow/example_dags/tutorial.py
[2025-05-20T00:10:34.143+0000] {logging_mixin.py:190} INFO - [2025-05-20T00:10:34.143+0000] {dag.py:3239} INFO - Sync 1 DAGs
[2025-05-20T00:10:34.195+0000] {logging_mixin.py:190} INFO - [2025-05-20T00:10:34.195+0000] {dag.py:4180} INFO - Setting next_dagrun for tutorial to 2025-05-19 00:00:00+00:00, run_after=2025-05-20 00:00:00+00:00
[2025-05-20T00:10:34.244+0000] {processor.py:208} INFO - Processing /home/airflow/.local/lib/python3.12/site-packages/airflow/example_dags/tutorial.py took 0.187 seconds
[2025-05-20T00:11:04.521+0000] {processor.py:186} INFO - Started process (PID=7895) to work on /home/airflow/.local/lib/python3.12/site-packages/airflow/example_dags/tutorial.py
[2025-05-20T00:11:04.522+0000] {processor.py:914} INFO - Processing file /home/airflow/.local/lib/python3.12/site-packages/airflow/example_dags/tutorial.py for tasks to queue
[2025-05-20T00:11:04.539+0000] {logging_mixin.py:190} INFO - [2025-05-20T00:11:04.538+0000] {dagbag.py:588} INFO - Filling up the DagBag from /home/airflow/.local/lib/python3.12/site-packages/airflow/example_dags/tutorial.py
[2025-05-20T00:11:04.583+0000] {processor.py:925} INFO - DAG(s) 'tutorial' retrieved from /home/airflow/.local/lib/python3.12/site-packages/airflow/example_dags/tutorial.py
[2025-05-20T00:11:04.665+0000] {logging_mixin.py:190} INFO - [2025-05-20T00:11:04.664+0000] {dag.py:3239} INFO - Sync 1 DAGs
[2025-05-20T00:11:04.768+0000] {logging_mixin.py:190} INFO - [2025-05-20T00:11:04.768+0000] {dag.py:4180} INFO - Setting next_dagrun for tutorial to 2025-05-19 00:00:00+00:00, run_after=2025-05-20 00:00:00+00:00
[2025-05-20T00:11:04.825+0000] {processor.py:208} INFO - Processing /home/airflow/.local/lib/python3.12/site-packages/airflow/example_dags/tutorial.py took 0.321 seconds
[2025-05-20T00:11:35.428+0000] {processor.py:186} INFO - Started process (PID=7960) to work on /home/airflow/.local/lib/python3.12/site-packages/airflow/example_dags/tutorial.py
[2025-05-20T00:11:35.430+0000] {processor.py:914} INFO - Processing file /home/airflow/.local/lib/python3.12/site-packages/airflow/example_dags/tutorial.py for tasks to queue
[2025-05-20T00:11:35.435+0000] {logging_mixin.py:190} INFO - [2025-05-20T00:11:35.435+0000] {dagbag.py:588} INFO - Filling up the DagBag from /home/airflow/.local/lib/python3.12/site-packages/airflow/example_dags/tutorial.py
[2025-05-20T00:11:35.448+0000] {processor.py:925} INFO - DAG(s) 'tutorial' retrieved from /home/airflow/.local/lib/python3.12/site-packages/airflow/example_dags/tutorial.py
[2025-05-20T00:11:35.492+0000] {logging_mixin.py:190} INFO - [2025-05-20T00:11:35.491+0000] {dag.py:3239} INFO - Sync 1 DAGs
[2025-05-20T00:11:35.542+0000] {logging_mixin.py:190} INFO - [2025-05-20T00:11:35.542+0000] {dag.py:4180} INFO - Setting next_dagrun for tutorial to 2025-05-19 00:00:00+00:00, run_after=2025-05-20 00:00:00+00:00
[2025-05-20T00:11:35.618+0000] {processor.py:208} INFO - Processing /home/airflow/.local/lib/python3.12/site-packages/airflow/example_dags/tutorial.py took 0.199 seconds
[2025-05-20T00:12:06.324+0000] {processor.py:186} INFO - Started process (PID=8023) to work on /home/airflow/.local/lib/python3.12/site-packages/airflow/example_dags/tutorial.py
[2025-05-20T00:12:06.326+0000] {processor.py:914} INFO - Processing file /home/airflow/.local/lib/python3.12/site-packages/airflow/example_dags/tutorial.py for tasks to queue
[2025-05-20T00:12:06.333+0000] {logging_mixin.py:190} INFO - [2025-05-20T00:12:06.332+0000] {dagbag.py:588} INFO - Filling up the DagBag from /home/airflow/.local/lib/python3.12/site-packages/airflow/example_dags/tutorial.py
[2025-05-20T00:12:06.345+0000] {processor.py:925} INFO - DAG(s) 'tutorial' retrieved from /home/airflow/.local/lib/python3.12/site-packages/airflow/example_dags/tutorial.py
[2025-05-20T00:12:06.385+0000] {logging_mixin.py:190} INFO - [2025-05-20T00:12:06.385+0000] {dag.py:3239} INFO - Sync 1 DAGs
[2025-05-20T00:12:06.428+0000] {logging_mixin.py:190} INFO - [2025-05-20T00:12:06.428+0000] {dag.py:4180} INFO - Setting next_dagrun for tutorial to 2025-05-19 00:00:00+00:00, run_after=2025-05-20 00:00:00+00:00
[2025-05-20T00:12:06.485+0000] {processor.py:208} INFO - Processing /home/airflow/.local/lib/python3.12/site-packages/airflow/example_dags/tutorial.py took 0.178 seconds
[2025-05-20T00:12:40.424+0000] {processor.py:186} INFO - Started process (PID=8088) to work on /home/airflow/.local/lib/python3.12/site-packages/airflow/example_dags/tutorial.py
[2025-05-20T00:12:40.440+0000] {processor.py:914} INFO - Processing file /home/airflow/.local/lib/python3.12/site-packages/airflow/example_dags/tutorial.py for tasks to queue
[2025-05-20T00:12:40.452+0000] {logging_mixin.py:190} INFO - [2025-05-20T00:12:40.451+0000] {dagbag.py:588} INFO - Filling up the DagBag from /home/airflow/.local/lib/python3.12/site-packages/airflow/example_dags/tutorial.py
[2025-05-20T00:12:40.477+0000] {processor.py:925} INFO - DAG(s) 'tutorial' retrieved from /home/airflow/.local/lib/python3.12/site-packages/airflow/example_dags/tutorial.py
[2025-05-20T00:12:40.607+0000] {logging_mixin.py:190} INFO - [2025-05-20T00:12:40.607+0000] {dag.py:3239} INFO - Sync 1 DAGs
[2025-05-20T00:12:40.661+0000] {logging_mixin.py:190} INFO - [2025-05-20T00:12:40.660+0000] {dag.py:4180} INFO - Setting next_dagrun for tutorial to 2025-05-19 00:00:00+00:00, run_after=2025-05-20 00:00:00+00:00
[2025-05-20T00:12:40.718+0000] {processor.py:208} INFO - Processing /home/airflow/.local/lib/python3.12/site-packages/airflow/example_dags/tutorial.py took 0.306 seconds
[2025-05-20T00:13:10.798+0000] {processor.py:186} INFO - Started process (PID=8151) to work on /home/airflow/.local/lib/python3.12/site-packages/airflow/example_dags/tutorial.py
[2025-05-20T00:13:10.799+0000] {processor.py:914} INFO - Processing file /home/airflow/.local/lib/python3.12/site-packages/airflow/example_dags/tutorial.py for tasks to queue
[2025-05-20T00:13:10.803+0000] {logging_mixin.py:190} INFO - [2025-05-20T00:13:10.802+0000] {dagbag.py:588} INFO - Filling up the DagBag from /home/airflow/.local/lib/python3.12/site-packages/airflow/example_dags/tutorial.py
[2025-05-20T00:13:10.816+0000] {processor.py:925} INFO - DAG(s) 'tutorial' retrieved from /home/airflow/.local/lib/python3.12/site-packages/airflow/example_dags/tutorial.py
[2025-05-20T00:13:10.847+0000] {logging_mixin.py:190} INFO - [2025-05-20T00:13:10.846+0000] {dag.py:3239} INFO - Sync 1 DAGs
[2025-05-20T00:13:10.885+0000] {logging_mixin.py:190} INFO - [2025-05-20T00:13:10.885+0000] {dag.py:4180} INFO - Setting next_dagrun for tutorial to 2025-05-19 00:00:00+00:00, run_after=2025-05-20 00:00:00+00:00
[2025-05-20T00:13:10.924+0000] {processor.py:208} INFO - Processing /home/airflow/.local/lib/python3.12/site-packages/airflow/example_dags/tutorial.py took 0.136 seconds
[2025-05-20T00:13:41.630+0000] {processor.py:186} INFO - Started process (PID=8217) to work on /home/airflow/.local/lib/python3.12/site-packages/airflow/example_dags/tutorial.py
[2025-05-20T00:13:41.631+0000] {processor.py:914} INFO - Processing file /home/airflow/.local/lib/python3.12/site-packages/airflow/example_dags/tutorial.py for tasks to queue
[2025-05-20T00:13:41.635+0000] {logging_mixin.py:190} INFO - [2025-05-20T00:13:41.634+0000] {dagbag.py:588} INFO - Filling up the DagBag from /home/airflow/.local/lib/python3.12/site-packages/airflow/example_dags/tutorial.py
[2025-05-20T00:13:41.648+0000] {processor.py:925} INFO - DAG(s) 'tutorial' retrieved from /home/airflow/.local/lib/python3.12/site-packages/airflow/example_dags/tutorial.py
[2025-05-20T00:13:41.679+0000] {logging_mixin.py:190} INFO - [2025-05-20T00:13:41.678+0000] {dag.py:3239} INFO - Sync 1 DAGs
[2025-05-20T00:13:41.783+0000] {logging_mixin.py:190} INFO - [2025-05-20T00:13:41.782+0000] {dag.py:4180} INFO - Setting next_dagrun for tutorial to 2025-05-19 00:00:00+00:00, run_after=2025-05-20 00:00:00+00:00
[2025-05-20T00:13:41.929+0000] {processor.py:208} INFO - Processing /home/airflow/.local/lib/python3.12/site-packages/airflow/example_dags/tutorial.py took 0.309 seconds
[2025-05-20T00:14:12.633+0000] {processor.py:186} INFO - Started process (PID=8282) to work on /home/airflow/.local/lib/python3.12/site-packages/airflow/example_dags/tutorial.py
[2025-05-20T00:14:12.634+0000] {processor.py:914} INFO - Processing file /home/airflow/.local/lib/python3.12/site-packages/airflow/example_dags/tutorial.py for tasks to queue
[2025-05-20T00:14:12.637+0000] {logging_mixin.py:190} INFO - [2025-05-20T00:14:12.636+0000] {dagbag.py:588} INFO - Filling up the DagBag from /home/airflow/.local/lib/python3.12/site-packages/airflow/example_dags/tutorial.py
[2025-05-20T00:14:12.651+0000] {processor.py:925} INFO - DAG(s) 'tutorial' retrieved from /home/airflow/.local/lib/python3.12/site-packages/airflow/example_dags/tutorial.py
[2025-05-20T00:14:12.764+0000] {logging_mixin.py:190} INFO - [2025-05-20T00:14:12.763+0000] {dag.py:3239} INFO - Sync 1 DAGs
[2025-05-20T00:14:12.916+0000] {logging_mixin.py:190} INFO - [2025-05-20T00:14:12.915+0000] {dag.py:4180} INFO - Setting next_dagrun for tutorial to 2025-05-19 00:00:00+00:00, run_after=2025-05-20 00:00:00+00:00
[2025-05-20T00:14:12.964+0000] {processor.py:208} INFO - Processing /home/airflow/.local/lib/python3.12/site-packages/airflow/example_dags/tutorial.py took 0.339 seconds
[2025-05-20T00:14:43.407+0000] {processor.py:186} INFO - Started process (PID=8346) to work on /home/airflow/.local/lib/python3.12/site-packages/airflow/example_dags/tutorial.py
[2025-05-20T00:14:43.409+0000] {processor.py:914} INFO - Processing file /home/airflow/.local/lib/python3.12/site-packages/airflow/example_dags/tutorial.py for tasks to queue
[2025-05-20T00:14:43.412+0000] {logging_mixin.py:190} INFO - [2025-05-20T00:14:43.412+0000] {dagbag.py:588} INFO - Filling up the DagBag from /home/airflow/.local/lib/python3.12/site-packages/airflow/example_dags/tutorial.py
[2025-05-20T00:14:43.424+0000] {processor.py:925} INFO - DAG(s) 'tutorial' retrieved from /home/airflow/.local/lib/python3.12/site-packages/airflow/example_dags/tutorial.py
[2025-05-20T00:14:43.454+0000] {logging_mixin.py:190} INFO - [2025-05-20T00:14:43.454+0000] {dag.py:3239} INFO - Sync 1 DAGs
[2025-05-20T00:14:43.493+0000] {logging_mixin.py:190} INFO - [2025-05-20T00:14:43.493+0000] {dag.py:4180} INFO - Setting next_dagrun for tutorial to 2025-05-19 00:00:00+00:00, run_after=2025-05-20 00:00:00+00:00
[2025-05-20T00:14:43.539+0000] {processor.py:208} INFO - Processing /home/airflow/.local/lib/python3.12/site-packages/airflow/example_dags/tutorial.py took 0.140 seconds
[2025-05-20T00:15:13.875+0000] {processor.py:186} INFO - Started process (PID=8410) to work on /home/airflow/.local/lib/python3.12/site-packages/airflow/example_dags/tutorial.py
[2025-05-20T00:15:13.877+0000] {processor.py:914} INFO - Processing file /home/airflow/.local/lib/python3.12/site-packages/airflow/example_dags/tutorial.py for tasks to queue
[2025-05-20T00:15:13.881+0000] {logging_mixin.py:190} INFO - [2025-05-20T00:15:13.880+0000] {dagbag.py:588} INFO - Filling up the DagBag from /home/airflow/.local/lib/python3.12/site-packages/airflow/example_dags/tutorial.py
[2025-05-20T00:15:13.901+0000] {processor.py:925} INFO - DAG(s) 'tutorial' retrieved from /home/airflow/.local/lib/python3.12/site-packages/airflow/example_dags/tutorial.py
[2025-05-20T00:15:13.939+0000] {logging_mixin.py:190} INFO - [2025-05-20T00:15:13.939+0000] {dag.py:3239} INFO - Sync 1 DAGs
[2025-05-20T00:15:13.982+0000] {logging_mixin.py:190} INFO - [2025-05-20T00:15:13.981+0000] {dag.py:4180} INFO - Setting next_dagrun for tutorial to 2025-05-19 00:00:00+00:00, run_after=2025-05-20 00:00:00+00:00
[2025-05-20T00:15:14.023+0000] {processor.py:208} INFO - Processing /home/airflow/.local/lib/python3.12/site-packages/airflow/example_dags/tutorial.py took 0.159 seconds
[2025-05-20T00:15:44.832+0000] {processor.py:186} INFO - Started process (PID=8475) to work on /home/airflow/.local/lib/python3.12/site-packages/airflow/example_dags/tutorial.py
[2025-05-20T00:15:44.833+0000] {processor.py:914} INFO - Processing file /home/airflow/.local/lib/python3.12/site-packages/airflow/example_dags/tutorial.py for tasks to queue
[2025-05-20T00:15:44.836+0000] {logging_mixin.py:190} INFO - [2025-05-20T00:15:44.836+0000] {dagbag.py:588} INFO - Filling up the DagBag from /home/airflow/.local/lib/python3.12/site-packages/airflow/example_dags/tutorial.py
[2025-05-20T00:15:44.847+0000] {processor.py:925} INFO - DAG(s) 'tutorial' retrieved from /home/airflow/.local/lib/python3.12/site-packages/airflow/example_dags/tutorial.py
[2025-05-20T00:15:44.874+0000] {logging_mixin.py:190} INFO - [2025-05-20T00:15:44.874+0000] {dag.py:3239} INFO - Sync 1 DAGs
[2025-05-20T00:15:44.918+0000] {logging_mixin.py:190} INFO - [2025-05-20T00:15:44.918+0000] {dag.py:4180} INFO - Setting next_dagrun for tutorial to 2025-05-19 00:00:00+00:00, run_after=2025-05-20 00:00:00+00:00
[2025-05-20T00:15:44.950+0000] {processor.py:208} INFO - Processing /home/airflow/.local/lib/python3.12/site-packages/airflow/example_dags/tutorial.py took 0.127 seconds
[2025-05-20T00:16:16.999+0000] {processor.py:186} INFO - Started process (PID=8539) to work on /home/airflow/.local/lib/python3.12/site-packages/airflow/example_dags/tutorial.py
[2025-05-20T00:16:17.010+0000] {processor.py:914} INFO - Processing file /home/airflow/.local/lib/python3.12/site-packages/airflow/example_dags/tutorial.py for tasks to queue
[2025-05-20T00:16:17.027+0000] {logging_mixin.py:190} INFO - [2025-05-20T00:16:17.025+0000] {dagbag.py:588} INFO - Filling up the DagBag from /home/airflow/.local/lib/python3.12/site-packages/airflow/example_dags/tutorial.py
[2025-05-20T00:16:17.077+0000] {processor.py:925} INFO - DAG(s) 'tutorial' retrieved from /home/airflow/.local/lib/python3.12/site-packages/airflow/example_dags/tutorial.py
[2025-05-20T00:16:17.147+0000] {logging_mixin.py:190} INFO - [2025-05-20T00:16:17.146+0000] {dag.py:3239} INFO - Sync 1 DAGs
[2025-05-20T00:16:17.224+0000] {logging_mixin.py:190} INFO - [2025-05-20T00:16:17.224+0000] {dag.py:4180} INFO - Setting next_dagrun for tutorial to 2025-05-19 00:00:00+00:00, run_after=2025-05-20 00:00:00+00:00
[2025-05-20T00:16:17.308+0000] {processor.py:208} INFO - Processing /home/airflow/.local/lib/python3.12/site-packages/airflow/example_dags/tutorial.py took 0.327 seconds
[2025-05-20T00:16:47.915+0000] {processor.py:186} INFO - Started process (PID=8603) to work on /home/airflow/.local/lib/python3.12/site-packages/airflow/example_dags/tutorial.py
[2025-05-20T00:16:47.916+0000] {processor.py:914} INFO - Processing file /home/airflow/.local/lib/python3.12/site-packages/airflow/example_dags/tutorial.py for tasks to queue
[2025-05-20T00:16:47.920+0000] {logging_mixin.py:190} INFO - [2025-05-20T00:16:47.920+0000] {dagbag.py:588} INFO - Filling up the DagBag from /home/airflow/.local/lib/python3.12/site-packages/airflow/example_dags/tutorial.py
[2025-05-20T00:16:47.933+0000] {processor.py:925} INFO - DAG(s) 'tutorial' retrieved from /home/airflow/.local/lib/python3.12/site-packages/airflow/example_dags/tutorial.py
[2025-05-20T00:16:47.995+0000] {logging_mixin.py:190} INFO - [2025-05-20T00:16:47.991+0000] {dag.py:3239} INFO - Sync 1 DAGs
[2025-05-20T00:16:48.094+0000] {logging_mixin.py:190} INFO - [2025-05-20T00:16:48.094+0000] {dag.py:4180} INFO - Setting next_dagrun for tutorial to 2025-05-19 00:00:00+00:00, run_after=2025-05-20 00:00:00+00:00
[2025-05-20T00:16:48.141+0000] {processor.py:208} INFO - Processing /home/airflow/.local/lib/python3.12/site-packages/airflow/example_dags/tutorial.py took 0.236 seconds
[2025-05-20T00:17:20.600+0000] {processor.py:186} INFO - Started process (PID=8670) to work on /home/airflow/.local/lib/python3.12/site-packages/airflow/example_dags/tutorial.py
[2025-05-20T00:17:20.607+0000] {processor.py:914} INFO - Processing file /home/airflow/.local/lib/python3.12/site-packages/airflow/example_dags/tutorial.py for tasks to queue
[2025-05-20T00:17:20.635+0000] {logging_mixin.py:190} INFO - [2025-05-20T00:17:20.633+0000] {dagbag.py:588} INFO - Filling up the DagBag from /home/airflow/.local/lib/python3.12/site-packages/airflow/example_dags/tutorial.py
[2025-05-20T00:17:20.815+0000] {processor.py:925} INFO - DAG(s) 'tutorial' retrieved from /home/airflow/.local/lib/python3.12/site-packages/airflow/example_dags/tutorial.py
[2025-05-20T00:17:21.117+0000] {logging_mixin.py:190} INFO - [2025-05-20T00:17:21.116+0000] {dag.py:3239} INFO - Sync 1 DAGs
[2025-05-20T00:17:21.212+0000] {logging_mixin.py:190} INFO - [2025-05-20T00:17:21.211+0000] {dag.py:4180} INFO - Setting next_dagrun for tutorial to 2025-05-19 00:00:00+00:00, run_after=2025-05-20 00:00:00+00:00
[2025-05-20T00:17:21.306+0000] {processor.py:208} INFO - Processing /home/airflow/.local/lib/python3.12/site-packages/airflow/example_dags/tutorial.py took 0.731 seconds
[2025-05-20T00:17:53.859+0000] {processor.py:186} INFO - Started process (PID=8733) to work on /home/airflow/.local/lib/python3.12/site-packages/airflow/example_dags/tutorial.py
[2025-05-20T00:17:53.860+0000] {processor.py:914} INFO - Processing file /home/airflow/.local/lib/python3.12/site-packages/airflow/example_dags/tutorial.py for tasks to queue
[2025-05-20T00:17:53.864+0000] {logging_mixin.py:190} INFO - [2025-05-20T00:17:53.864+0000] {dagbag.py:588} INFO - Filling up the DagBag from /home/airflow/.local/lib/python3.12/site-packages/airflow/example_dags/tutorial.py
[2025-05-20T00:17:53.912+0000] {processor.py:925} INFO - DAG(s) 'tutorial' retrieved from /home/airflow/.local/lib/python3.12/site-packages/airflow/example_dags/tutorial.py
[2025-05-20T00:17:54.015+0000] {logging_mixin.py:190} INFO - [2025-05-20T00:17:54.014+0000] {dag.py:3239} INFO - Sync 1 DAGs
[2025-05-20T00:17:54.187+0000] {logging_mixin.py:190} INFO - [2025-05-20T00:17:54.187+0000] {dag.py:4180} INFO - Setting next_dagrun for tutorial to 2025-05-19 00:00:00+00:00, run_after=2025-05-20 00:00:00+00:00
[2025-05-20T00:17:54.246+0000] {processor.py:208} INFO - Processing /home/airflow/.local/lib/python3.12/site-packages/airflow/example_dags/tutorial.py took 0.398 seconds
[2025-05-20T00:18:25.062+0000] {processor.py:186} INFO - Started process (PID=8797) to work on /home/airflow/.local/lib/python3.12/site-packages/airflow/example_dags/tutorial.py
[2025-05-20T00:18:25.063+0000] {processor.py:914} INFO - Processing file /home/airflow/.local/lib/python3.12/site-packages/airflow/example_dags/tutorial.py for tasks to queue
[2025-05-20T00:18:25.070+0000] {logging_mixin.py:190} INFO - [2025-05-20T00:18:25.069+0000] {dagbag.py:588} INFO - Filling up the DagBag from /home/airflow/.local/lib/python3.12/site-packages/airflow/example_dags/tutorial.py
[2025-05-20T00:18:25.081+0000] {processor.py:925} INFO - DAG(s) 'tutorial' retrieved from /home/airflow/.local/lib/python3.12/site-packages/airflow/example_dags/tutorial.py
[2025-05-20T00:18:25.114+0000] {logging_mixin.py:190} INFO - [2025-05-20T00:18:25.114+0000] {dag.py:3239} INFO - Sync 1 DAGs
[2025-05-20T00:18:25.157+0000] {logging_mixin.py:190} INFO - [2025-05-20T00:18:25.157+0000] {dag.py:4180} INFO - Setting next_dagrun for tutorial to 2025-05-19 00:00:00+00:00, run_after=2025-05-20 00:00:00+00:00
[2025-05-20T00:18:25.207+0000] {processor.py:208} INFO - Processing /home/airflow/.local/lib/python3.12/site-packages/airflow/example_dags/tutorial.py took 0.160 seconds
[2025-05-20T00:18:56.417+0000] {processor.py:186} INFO - Started process (PID=8859) to work on /home/airflow/.local/lib/python3.12/site-packages/airflow/example_dags/tutorial.py
[2025-05-20T00:18:56.432+0000] {processor.py:914} INFO - Processing file /home/airflow/.local/lib/python3.12/site-packages/airflow/example_dags/tutorial.py for tasks to queue
[2025-05-20T00:18:56.459+0000] {logging_mixin.py:190} INFO - [2025-05-20T00:18:56.459+0000] {dagbag.py:588} INFO - Filling up the DagBag from /home/airflow/.local/lib/python3.12/site-packages/airflow/example_dags/tutorial.py
[2025-05-20T00:18:56.514+0000] {processor.py:925} INFO - DAG(s) 'tutorial' retrieved from /home/airflow/.local/lib/python3.12/site-packages/airflow/example_dags/tutorial.py
[2025-05-20T00:18:56.603+0000] {logging_mixin.py:190} INFO - [2025-05-20T00:18:56.603+0000] {dag.py:3239} INFO - Sync 1 DAGs
[2025-05-20T00:18:56.729+0000] {logging_mixin.py:190} INFO - [2025-05-20T00:18:56.728+0000] {dag.py:4180} INFO - Setting next_dagrun for tutorial to 2025-05-19 00:00:00+00:00, run_after=2025-05-20 00:00:00+00:00
[2025-05-20T00:18:56.832+0000] {processor.py:208} INFO - Processing /home/airflow/.local/lib/python3.12/site-packages/airflow/example_dags/tutorial.py took 0.435 seconds
[2025-05-20T00:19:27.576+0000] {processor.py:186} INFO - Started process (PID=8924) to work on /home/airflow/.local/lib/python3.12/site-packages/airflow/example_dags/tutorial.py
[2025-05-20T00:19:27.577+0000] {processor.py:914} INFO - Processing file /home/airflow/.local/lib/python3.12/site-packages/airflow/example_dags/tutorial.py for tasks to queue
[2025-05-20T00:19:27.583+0000] {logging_mixin.py:190} INFO - [2025-05-20T00:19:27.583+0000] {dagbag.py:588} INFO - Filling up the DagBag from /home/airflow/.local/lib/python3.12/site-packages/airflow/example_dags/tutorial.py
[2025-05-20T00:19:27.598+0000] {processor.py:925} INFO - DAG(s) 'tutorial' retrieved from /home/airflow/.local/lib/python3.12/site-packages/airflow/example_dags/tutorial.py
[2025-05-20T00:19:27.638+0000] {logging_mixin.py:190} INFO - [2025-05-20T00:19:27.637+0000] {dag.py:3239} INFO - Sync 1 DAGs
[2025-05-20T00:19:27.698+0000] {logging_mixin.py:190} INFO - [2025-05-20T00:19:27.698+0000] {dag.py:4180} INFO - Setting next_dagrun for tutorial to 2025-05-19 00:00:00+00:00, run_after=2025-05-20 00:00:00+00:00
[2025-05-20T00:19:27.738+0000] {processor.py:208} INFO - Processing /home/airflow/.local/lib/python3.12/site-packages/airflow/example_dags/tutorial.py took 0.171 seconds
[2025-05-20T00:20:01.216+0000] {processor.py:186} INFO - Started process (PID=8995) to work on /home/airflow/.local/lib/python3.12/site-packages/airflow/example_dags/tutorial.py
[2025-05-20T00:20:01.223+0000] {processor.py:914} INFO - Processing file /home/airflow/.local/lib/python3.12/site-packages/airflow/example_dags/tutorial.py for tasks to queue
[2025-05-20T00:20:01.228+0000] {logging_mixin.py:190} INFO - [2025-05-20T00:20:01.228+0000] {dagbag.py:588} INFO - Filling up the DagBag from /home/airflow/.local/lib/python3.12/site-packages/airflow/example_dags/tutorial.py
[2025-05-20T00:20:01.253+0000] {processor.py:925} INFO - DAG(s) 'tutorial' retrieved from /home/airflow/.local/lib/python3.12/site-packages/airflow/example_dags/tutorial.py
[2025-05-20T00:20:01.341+0000] {logging_mixin.py:190} INFO - [2025-05-20T00:20:01.340+0000] {dag.py:3239} INFO - Sync 1 DAGs
[2025-05-20T00:20:01.459+0000] {logging_mixin.py:190} INFO - [2025-05-20T00:20:01.458+0000] {dag.py:4180} INFO - Setting next_dagrun for tutorial to 2025-05-19 00:00:00+00:00, run_after=2025-05-20 00:00:00+00:00
[2025-05-20T00:20:01.536+0000] {processor.py:208} INFO - Processing /home/airflow/.local/lib/python3.12/site-packages/airflow/example_dags/tutorial.py took 0.334 seconds
[2025-05-20T00:20:32.136+0000] {processor.py:186} INFO - Started process (PID=9059) to work on /home/airflow/.local/lib/python3.12/site-packages/airflow/example_dags/tutorial.py
[2025-05-20T00:20:32.168+0000] {processor.py:914} INFO - Processing file /home/airflow/.local/lib/python3.12/site-packages/airflow/example_dags/tutorial.py for tasks to queue
[2025-05-20T00:20:32.199+0000] {logging_mixin.py:190} INFO - [2025-05-20T00:20:32.198+0000] {dagbag.py:588} INFO - Filling up the DagBag from /home/airflow/.local/lib/python3.12/site-packages/airflow/example_dags/tutorial.py
[2025-05-20T00:20:32.254+0000] {processor.py:925} INFO - DAG(s) 'tutorial' retrieved from /home/airflow/.local/lib/python3.12/site-packages/airflow/example_dags/tutorial.py
[2025-05-20T00:20:32.389+0000] {logging_mixin.py:190} INFO - [2025-05-20T00:20:32.389+0000] {dag.py:3239} INFO - Sync 1 DAGs
[2025-05-20T00:20:32.853+0000] {logging_mixin.py:190} INFO - [2025-05-20T00:20:32.852+0000] {dag.py:4180} INFO - Setting next_dagrun for tutorial to 2025-05-19 00:00:00+00:00, run_after=2025-05-20 00:00:00+00:00
[2025-05-20T00:20:33.083+0000] {processor.py:208} INFO - Processing /home/airflow/.local/lib/python3.12/site-packages/airflow/example_dags/tutorial.py took 0.980 seconds
[2025-05-20T00:21:04.472+0000] {processor.py:186} INFO - Started process (PID=9122) to work on /home/airflow/.local/lib/python3.12/site-packages/airflow/example_dags/tutorial.py
[2025-05-20T00:21:04.474+0000] {processor.py:914} INFO - Processing file /home/airflow/.local/lib/python3.12/site-packages/airflow/example_dags/tutorial.py for tasks to queue
[2025-05-20T00:21:04.483+0000] {logging_mixin.py:190} INFO - [2025-05-20T00:21:04.482+0000] {dagbag.py:588} INFO - Filling up the DagBag from /home/airflow/.local/lib/python3.12/site-packages/airflow/example_dags/tutorial.py
[2025-05-20T00:21:04.507+0000] {processor.py:925} INFO - DAG(s) 'tutorial' retrieved from /home/airflow/.local/lib/python3.12/site-packages/airflow/example_dags/tutorial.py
[2025-05-20T00:21:04.575+0000] {logging_mixin.py:190} INFO - [2025-05-20T00:21:04.575+0000] {dag.py:3239} INFO - Sync 1 DAGs
[2025-05-20T00:21:04.635+0000] {logging_mixin.py:190} INFO - [2025-05-20T00:21:04.635+0000] {dag.py:4180} INFO - Setting next_dagrun for tutorial to 2025-05-19 00:00:00+00:00, run_after=2025-05-20 00:00:00+00:00
[2025-05-20T00:21:04.677+0000] {processor.py:208} INFO - Processing /home/airflow/.local/lib/python3.12/site-packages/airflow/example_dags/tutorial.py took 0.233 seconds
[2025-05-20T00:21:35.334+0000] {processor.py:186} INFO - Started process (PID=9185) to work on /home/airflow/.local/lib/python3.12/site-packages/airflow/example_dags/tutorial.py
[2025-05-20T00:21:35.336+0000] {processor.py:914} INFO - Processing file /home/airflow/.local/lib/python3.12/site-packages/airflow/example_dags/tutorial.py for tasks to queue
[2025-05-20T00:21:35.340+0000] {logging_mixin.py:190} INFO - [2025-05-20T00:21:35.339+0000] {dagbag.py:588} INFO - Filling up the DagBag from /home/airflow/.local/lib/python3.12/site-packages/airflow/example_dags/tutorial.py
[2025-05-20T00:21:35.355+0000] {processor.py:925} INFO - DAG(s) 'tutorial' retrieved from /home/airflow/.local/lib/python3.12/site-packages/airflow/example_dags/tutorial.py
[2025-05-20T00:21:35.394+0000] {logging_mixin.py:190} INFO - [2025-05-20T00:21:35.394+0000] {dag.py:3239} INFO - Sync 1 DAGs
[2025-05-20T00:21:35.442+0000] {logging_mixin.py:190} INFO - [2025-05-20T00:21:35.441+0000] {dag.py:4180} INFO - Setting next_dagrun for tutorial to 2025-05-19 00:00:00+00:00, run_after=2025-05-20 00:00:00+00:00
[2025-05-20T00:21:35.730+0000] {processor.py:208} INFO - Processing /home/airflow/.local/lib/python3.12/site-packages/airflow/example_dags/tutorial.py took 0.406 seconds
