[2025-04-27T04:24:36.809+0000] {local_task_job_runner.py:123} INFO - ::group::Pre task execution logs
[2025-04-27T04:24:36.838+0000] {taskinstance.py:2614} INFO - Dependencies all met for dep_context=non-requeueable deps ti=<TaskInstance: etl_csv_pipeline_v2.extract_csv manual__2025-04-27T04:24:29.410212+00:00 [queued]>
[2025-04-27T04:24:36.853+0000] {taskinstance.py:2614} INFO - Dependencies all met for dep_context=requeueable deps ti=<TaskInstance: etl_csv_pipeline_v2.extract_csv manual__2025-04-27T04:24:29.410212+00:00 [queued]>
[2025-04-27T04:24:36.855+0000] {taskinstance.py:2867} INFO - Starting attempt 1 of 1
[2025-04-27T04:24:36.878+0000] {taskinstance.py:2890} INFO - Executing <Task(PythonOperator): extract_csv> on 2025-04-27 04:24:29.410212+00:00
[2025-04-27T04:24:36.890+0000] {warnings.py:112} WARNING - /home/***/.local/lib/python3.12/site-packages/***/task/task_runner/standard_task_runner.py:70: DeprecationWarning: This process (pid=634) is multi-threaded, use of fork() may lead to deadlocks in the child.
  pid = os.fork()

[2025-04-27T04:24:36.893+0000] {standard_task_runner.py:72} INFO - Started process 643 to run task
[2025-04-27T04:24:36.893+0000] {standard_task_runner.py:104} INFO - Running: ['***', 'tasks', 'run', 'etl_csv_pipeline_v2', 'extract_csv', 'manual__2025-04-27T04:24:29.410212+00:00', '--job-id', '89', '--raw', '--subdir', 'DAGS_FOLDER/etl_pipeline.py', '--cfg-path', '/tmp/tmpqfhx0rxq']
[2025-04-27T04:24:36.896+0000] {standard_task_runner.py:105} INFO - Job 89: Subtask extract_csv
[2025-04-27T04:24:36.994+0000] {task_command.py:467} INFO - Running <TaskInstance: etl_csv_pipeline_v2.extract_csv manual__2025-04-27T04:24:29.410212+00:00 [running]> on host fca375a5cfc2
[2025-04-27T04:24:37.597+0000] {taskinstance.py:3134} INFO - Exporting env vars: AIRFLOW_CTX_DAG_OWNER='***' AIRFLOW_CTX_DAG_ID='etl_csv_pipeline_v2' AIRFLOW_CTX_TASK_ID='extract_csv' AIRFLOW_CTX_EXECUTION_DATE='2025-04-27T04:24:29.410212+00:00' AIRFLOW_CTX_TRY_NUMBER='1' AIRFLOW_CTX_DAG_RUN_ID='manual__2025-04-27T04:24:29.410212+00:00'
[2025-04-27T04:24:37.600+0000] {logging_mixin.py:190} INFO - Task instance is in running state
[2025-04-27T04:24:37.603+0000] {logging_mixin.py:190} INFO -  Previous state of the Task instance: queued
[2025-04-27T04:24:37.606+0000] {logging_mixin.py:190} INFO - Current task name:extract_csv state:running start_date:2025-04-27 04:24:36.839123+00:00
[2025-04-27T04:24:37.608+0000] {logging_mixin.py:190} INFO - Dag name:etl_csv_pipeline_v2 and current dag run status:running
[2025-04-27T04:24:37.611+0000] {taskinstance.py:732} INFO - ::endgroup::
[2025-04-27T04:24:38.088+0000] {extract.py:20} INFO - ✅ Datos extraídos y guardados temporalmente en /tmp/superstore_raw.csv.
[2025-04-27T04:24:38.092+0000] {python.py:240} INFO - Done. Returned value was: /tmp/superstore_raw.csv
[2025-04-27T04:24:38.180+0000] {taskinstance.py:341} INFO - ::group::Post task execution logs
[2025-04-27T04:24:38.192+0000] {taskinstance.py:353} INFO - Marking task as SUCCESS. dag_id=etl_csv_pipeline_v2, task_id=extract_csv, run_id=manual__2025-04-27T04:24:29.410212+00:00, execution_date=20250427T042429, start_date=20250427T042436, end_date=20250427T042438
[2025-04-27T04:24:38.299+0000] {logging_mixin.py:190} INFO - Task instance in success state
[2025-04-27T04:24:38.300+0000] {logging_mixin.py:190} INFO -  Previous state of the Task instance: running
[2025-04-27T04:24:38.318+0000] {logging_mixin.py:190} INFO - Dag name:etl_csv_pipeline_v2 queued_at:2025-04-27 04:24:29.444627+00:00
[2025-04-27T04:24:38.323+0000] {logging_mixin.py:190} INFO - Task hostname:fca375a5cfc2 operator:PythonOperator
[2025-04-27T04:24:38.506+0000] {local_task_job_runner.py:266} INFO - Task exited with return code 0
[2025-04-27T04:24:38.648+0000] {taskinstance.py:3901} INFO - 1 downstream tasks scheduled from follow-on schedule check
[2025-04-27T04:24:38.666+0000] {local_task_job_runner.py:245} INFO - ::endgroup::
