[2025-04-26T21:20:46.909+0000] {local_task_job_runner.py:123} INFO - ::group::Pre task execution logs
[2025-04-26T21:20:46.947+0000] {taskinstance.py:2614} INFO - Dependencies all met for dep_context=non-requeueable deps ti=<TaskInstance: etl_csv_pipeline.load_data manual__2025-04-26T21:20:20.602731+00:00 [queued]>
[2025-04-26T21:20:46.964+0000] {taskinstance.py:2614} INFO - Dependencies all met for dep_context=requeueable deps ti=<TaskInstance: etl_csv_pipeline.load_data manual__2025-04-26T21:20:20.602731+00:00 [queued]>
[2025-04-26T21:20:46.965+0000] {taskinstance.py:2867} INFO - Starting attempt 1 of 1
[2025-04-26T21:20:46.988+0000] {taskinstance.py:2890} INFO - Executing <Task(PythonOperator): load_data> on 2025-04-26 21:20:20.602731+00:00
[2025-04-26T21:20:46.999+0000] {warnings.py:112} WARNING - /home/***/.local/lib/python3.12/site-packages/***/task/task_runner/standard_task_runner.py:70: DeprecationWarning: This process (pid=153) is multi-threaded, use of fork() may lead to deadlocks in the child.
  pid = os.fork()

[2025-04-26T21:20:47.001+0000] {standard_task_runner.py:72} INFO - Started process 155 to run task
[2025-04-26T21:20:47.003+0000] {standard_task_runner.py:104} INFO - Running: ['***', 'tasks', 'run', 'etl_csv_pipeline', 'load_data', 'manual__2025-04-26T21:20:20.602731+00:00', '--job-id', '69', '--raw', '--subdir', 'DAGS_FOLDER/etl_pipeline.py', '--cfg-path', '/tmp/tmpno63ki6j']
[2025-04-26T21:20:47.006+0000] {standard_task_runner.py:105} INFO - Job 69: Subtask load_data
[2025-04-26T21:20:47.079+0000] {task_command.py:467} INFO - Running <TaskInstance: etl_csv_pipeline.load_data manual__2025-04-26T21:20:20.602731+00:00 [running]> on host 29755bc47be7
[2025-04-26T21:20:47.403+0000] {taskinstance.py:3134} INFO - Exporting env vars: AIRFLOW_CTX_DAG_OWNER='***' AIRFLOW_CTX_DAG_ID='etl_csv_pipeline' AIRFLOW_CTX_TASK_ID='load_data' AIRFLOW_CTX_EXECUTION_DATE='2025-04-26T21:20:20.602731+00:00' AIRFLOW_CTX_TRY_NUMBER='1' AIRFLOW_CTX_DAG_RUN_ID='manual__2025-04-26T21:20:20.602731+00:00'
[2025-04-26T21:20:47.433+0000] {logging_mixin.py:190} INFO - Task instance is in running state
[2025-04-26T21:20:47.463+0000] {logging_mixin.py:190} INFO -  Previous state of the Task instance: queued
[2025-04-26T21:20:47.464+0000] {logging_mixin.py:190} INFO - Current task name:load_data state:running start_date:2025-04-26 21:20:46.948780+00:00
[2025-04-26T21:20:47.466+0000] {logging_mixin.py:190} INFO - Dag name:etl_csv_pipeline and current dag run status:running
[2025-04-26T21:20:47.467+0000] {taskinstance.py:732} INFO - ::endgroup::
[2025-04-26T21:20:47.892+0000] {load.py:34} INFO - ✅ Datos guardados en: data/output/superstore_clean.csv
[2025-04-26T21:20:47.894+0000] {load.py:35} INFO - 📊 Resumen: 9994 filas y 20 columnas
[2025-04-26T21:20:47.896+0000] {python.py:240} INFO - Done. Returned value was: None
[2025-04-26T21:20:47.913+0000] {taskinstance.py:341} INFO - ::group::Post task execution logs
[2025-04-26T21:20:47.914+0000] {taskinstance.py:353} INFO - Marking task as SUCCESS. dag_id=etl_csv_pipeline, task_id=load_data, run_id=manual__2025-04-26T21:20:20.602731+00:00, execution_date=20250426T212020, start_date=20250426T212046, end_date=20250426T212047
[2025-04-26T21:20:47.955+0000] {logging_mixin.py:190} INFO - Task instance in success state
[2025-04-26T21:20:47.957+0000] {logging_mixin.py:190} INFO -  Previous state of the Task instance: running
[2025-04-26T21:20:47.957+0000] {logging_mixin.py:190} INFO - Dag name:etl_csv_pipeline queued_at:2025-04-26 21:20:20.725021+00:00
[2025-04-26T21:20:47.958+0000] {logging_mixin.py:190} INFO - Task hostname:29755bc47be7 operator:PythonOperator
[2025-04-26T21:20:48.026+0000] {local_task_job_runner.py:266} INFO - Task exited with return code 0
[2025-04-26T21:20:48.068+0000] {taskinstance.py:3901} INFO - 0 downstream tasks scheduled from follow-on schedule check
[2025-04-26T21:20:48.073+0000] {local_task_job_runner.py:245} INFO - ::endgroup::
