[2025-05-25T03:38:07.410+0000] {local_task_job_runner.py:123} INFO - ::group::Pre task execution logs
[2025-05-25T03:38:07.532+0000] {taskinstance.py:2614} INFO - Dependencies all met for dep_context=non-requeueable deps ti=<TaskInstance: etl_csv_pipeline_v2.load_data manual__2025-05-25T03:36:28.541626+00:00 [queued]>
[2025-05-25T03:38:07.652+0000] {taskinstance.py:2614} INFO - Dependencies all met for dep_context=requeueable deps ti=<TaskInstance: etl_csv_pipeline_v2.load_data manual__2025-05-25T03:36:28.541626+00:00 [queued]>
[2025-05-25T03:38:07.694+0000] {taskinstance.py:2867} INFO - Starting attempt 1 of 1
[2025-05-25T03:38:07.940+0000] {taskinstance.py:2890} INFO - Executing <Task(PythonOperator): load_data> on 2025-05-25 03:36:28.541626+00:00
[2025-05-25T03:38:08.200+0000] {warnings.py:112} WARNING - /home/***/.local/lib/python3.12/site-packages/***/task/task_runner/standard_task_runner.py:70: DeprecationWarning: This process (pid=196) is multi-threaded, use of fork() may lead to deadlocks in the child.
  pid = os.fork()

[2025-05-25T03:38:08.209+0000] {standard_task_runner.py:72} INFO - Started process 204 to run task
[2025-05-25T03:38:08.234+0000] {standard_task_runner.py:104} INFO - Running: ['***', 'tasks', 'run', 'etl_csv_pipeline_v2', 'load_data', 'manual__2025-05-25T03:36:28.541626+00:00', '--job-id', '208', '--raw', '--subdir', 'DAGS_FOLDER/etl_pipeline.py', '--cfg-path', '/tmp/tmprql28h5e']
[2025-05-25T03:38:08.272+0000] {standard_task_runner.py:105} INFO - Job 208: Subtask load_data
[2025-05-25T03:38:09.242+0000] {task_command.py:467} INFO - Running <TaskInstance: etl_csv_pipeline_v2.load_data manual__2025-05-25T03:36:28.541626+00:00 [running]> on host a9ca17474c33
[2025-05-25T03:38:09.860+0000] {taskinstance.py:3134} INFO - Exporting env vars: AIRFLOW_CTX_DAG_OWNER='***' AIRFLOW_CTX_DAG_ID='etl_csv_pipeline_v2' AIRFLOW_CTX_TASK_ID='load_data' AIRFLOW_CTX_EXECUTION_DATE='2025-05-25T03:36:28.541626+00:00' AIRFLOW_CTX_TRY_NUMBER='1' AIRFLOW_CTX_DAG_RUN_ID='manual__2025-05-25T03:36:28.541626+00:00'
[2025-05-25T03:38:09.864+0000] {logging_mixin.py:190} INFO - Task instance is in running state
[2025-05-25T03:38:09.866+0000] {logging_mixin.py:190} INFO -  Previous state of the Task instance: queued
[2025-05-25T03:38:09.868+0000] {logging_mixin.py:190} INFO - Current task name:load_data state:running start_date:2025-05-25 03:38:07.556715+00:00
[2025-05-25T03:38:09.870+0000] {logging_mixin.py:190} INFO - Dag name:etl_csv_pipeline_v2 and current dag run status:running
[2025-05-25T03:38:09.872+0000] {taskinstance.py:732} INFO - ::endgroup::
[2025-05-25T03:38:09.922+0000] {load.py:26} WARNING - ⚠️ El archivo de salida ya existía y fue sobrescrito: data/output/superstore_clean.csv
[2025-05-25T03:38:09.988+0000] {load.py:30} INFO - ✅ Archivo final guardado en data/output/superstore_clean.csv
[2025-05-25T03:38:09.990+0000] {python.py:240} INFO - Done. Returned value was: None
[2025-05-25T03:38:10.035+0000] {taskinstance.py:341} INFO - ::group::Post task execution logs
[2025-05-25T03:38:10.038+0000] {taskinstance.py:353} INFO - Marking task as SUCCESS. dag_id=etl_csv_pipeline_v2, task_id=load_data, run_id=manual__2025-05-25T03:36:28.541626+00:00, execution_date=20250525T033628, start_date=20250525T033807, end_date=20250525T033810
[2025-05-25T03:38:11.241+0000] {logging_mixin.py:190} INFO - Task instance in success state
[2025-05-25T03:38:11.248+0000] {logging_mixin.py:190} INFO -  Previous state of the Task instance: running
[2025-05-25T03:38:11.261+0000] {logging_mixin.py:190} INFO - Dag name:etl_csv_pipeline_v2 queued_at:2025-05-25 03:36:28.609273+00:00
[2025-05-25T03:38:11.270+0000] {logging_mixin.py:190} INFO - Task hostname:a9ca17474c33 operator:PythonOperator
[2025-05-25T03:38:11.592+0000] {local_task_job_runner.py:266} INFO - Task exited with return code 0
[2025-05-25T03:38:11.777+0000] {taskinstance.py:3901} INFO - 0 downstream tasks scheduled from follow-on schedule check
[2025-05-25T03:38:11.838+0000] {local_task_job_runner.py:245} INFO - ::endgroup::
