[2025-04-30T04:22:39.850+0000] {local_task_job_runner.py:123} INFO - ::group::Pre task execution logs
[2025-04-30T04:22:39.885+0000] {taskinstance.py:2614} INFO - Dependencies all met for dep_context=non-requeueable deps ti=<TaskInstance: etl_csv_pipeline_v2.extract_csv manual__2025-04-30T04:22:36.373407+00:00 [queued]>
[2025-04-30T04:22:39.898+0000] {taskinstance.py:2614} INFO - Dependencies all met for dep_context=requeueable deps ti=<TaskInstance: etl_csv_pipeline_v2.extract_csv manual__2025-04-30T04:22:36.373407+00:00 [queued]>
[2025-04-30T04:22:39.899+0000] {taskinstance.py:2867} INFO - Starting attempt 1 of 1
[2025-04-30T04:22:39.922+0000] {taskinstance.py:2890} INFO - Executing <Task(PythonOperator): extract_csv> on 2025-04-30 04:22:36.373407+00:00
[2025-04-30T04:22:39.933+0000] {warnings.py:112} WARNING - /home/***/.local/lib/python3.12/site-packages/***/task/task_runner/standard_task_runner.py:70: DeprecationWarning: This process (pid=134) is multi-threaded, use of fork() may lead to deadlocks in the child.
  pid = os.fork()

[2025-04-30T04:22:39.935+0000] {standard_task_runner.py:72} INFO - Started process 136 to run task
[2025-04-30T04:22:39.936+0000] {standard_task_runner.py:104} INFO - Running: ['***', 'tasks', 'run', 'etl_csv_pipeline_v2', 'extract_csv', 'manual__2025-04-30T04:22:36.373407+00:00', '--job-id', '117', '--raw', '--subdir', 'DAGS_FOLDER/etl_pipeline.py', '--cfg-path', '/tmp/tmp3emkib2z']
[2025-04-30T04:22:39.938+0000] {standard_task_runner.py:105} INFO - Job 117: Subtask extract_csv
[2025-04-30T04:22:40.017+0000] {task_command.py:467} INFO - Running <TaskInstance: etl_csv_pipeline_v2.extract_csv manual__2025-04-30T04:22:36.373407+00:00 [running]> on host 5d323234f92c
[2025-04-30T04:22:40.162+0000] {taskinstance.py:3134} INFO - Exporting env vars: AIRFLOW_CTX_DAG_OWNER='***' AIRFLOW_CTX_DAG_ID='etl_csv_pipeline_v2' AIRFLOW_CTX_TASK_ID='extract_csv' AIRFLOW_CTX_EXECUTION_DATE='2025-04-30T04:22:36.373407+00:00' AIRFLOW_CTX_TRY_NUMBER='1' AIRFLOW_CTX_DAG_RUN_ID='manual__2025-04-30T04:22:36.373407+00:00'
[2025-04-30T04:22:40.164+0000] {logging_mixin.py:190} INFO - Task instance is in running state
[2025-04-30T04:22:40.165+0000] {logging_mixin.py:190} INFO -  Previous state of the Task instance: queued
[2025-04-30T04:22:40.165+0000] {logging_mixin.py:190} INFO - Current task name:extract_csv state:running start_date:2025-04-30 04:22:39.886580+00:00
[2025-04-30T04:22:40.166+0000] {logging_mixin.py:190} INFO - Dag name:etl_csv_pipeline_v2 and current dag run status:running
[2025-04-30T04:22:40.167+0000] {taskinstance.py:732} INFO - ::endgroup::
[2025-04-30T04:22:40.397+0000] {extract.py:24} INFO - ✅ Datos extraídos y guardados temporalmente en /tmp/superstore_raw.csv.
[2025-04-30T04:22:40.402+0000] {python.py:240} INFO - Done. Returned value was: /tmp/superstore_raw.csv
[2025-04-30T04:22:40.440+0000] {taskinstance.py:341} INFO - ::group::Post task execution logs
[2025-04-30T04:22:40.441+0000] {taskinstance.py:353} INFO - Marking task as SUCCESS. dag_id=etl_csv_pipeline_v2, task_id=extract_csv, run_id=manual__2025-04-30T04:22:36.373407+00:00, execution_date=20250430T042236, start_date=20250430T042239, end_date=20250430T042240
[2025-04-30T04:22:40.479+0000] {logging_mixin.py:190} INFO - Task instance in success state
[2025-04-30T04:22:40.480+0000] {logging_mixin.py:190} INFO -  Previous state of the Task instance: running
[2025-04-30T04:22:40.481+0000] {logging_mixin.py:190} INFO - Dag name:etl_csv_pipeline_v2 queued_at:2025-04-30 04:22:36.388039+00:00
[2025-04-30T04:22:40.482+0000] {logging_mixin.py:190} INFO - Task hostname:5d323234f92c operator:PythonOperator
[2025-04-30T04:22:40.512+0000] {local_task_job_runner.py:266} INFO - Task exited with return code 0
[2025-04-30T04:22:40.568+0000] {taskinstance.py:3901} INFO - 1 downstream tasks scheduled from follow-on schedule check
[2025-04-30T04:22:40.571+0000] {local_task_job_runner.py:245} INFO - ::endgroup::
